   Timestamp    Elapsed     Delta  Thread    Description
========================
    Date: 2025.01.06
========================
13:15:47.435     0,001s       1ms  20836    Log is up and running. Game version: KaM Expansion: Co-op & World Update
13:15:47.440     0,006s       5ms  20836    Game Load started
13:15:47.453     0,019s      12ms  20836    Start loading 'GameApp settings' from 'C:\Users\szyby\OneDrive\Dokumenty\My Games\Knights and Merchants Remake\KaM Remake Settings KingDyronMod.xml'
13:15:47.457     0,023s       4ms  20836    'GameApp settings' was successfully loaded from 'C:\Users\szyby\OneDrive\Dokumenty\My Games\Knights and Merchants Remake\KaM Remake Settings KingDyronMod.xml'
13:15:47.475     0,041s       6ms  20836    Start saving 'GameApp settings' to 'C:\Users\szyby\OneDrive\Dokumenty\My Games\Knights and Merchants Remake\KaM Remake Settings KingDyronMod.xml'
00838b84 KaM_Expansion.exe KM_Settings        106 TKMSettings.SaveToDefaultFile
00838c57 KaM_Expansion.exe KM_Settings        113 TKMSettings.SaveToDefaultFile
00838855 KaM_Expansion.exe KM_Settings         59 TKMSettings.Create
00838f92 KaM_Expansion.exe KM_SettingsXML      38 TKMSettingsXML.Create
008392d3 KaM_Expansion.exe KM_GameAppSettings  51 TKMGameAppSettings.Create
00a4fcf8 KaM_Expansion.exe KM_Main            258 TKMMain.Start
00a4ff67 KaM_Expansion.exe KM_Main            305 TKMMain.Start
00cd9b2b KaM_Expansion.exe KaM_Expansion      480 initialization
00cd9b5a KaM_Expansion.exe KaM_Expansion      483 initialization
76c97ba7 KERNEL32.DLL                             BaseThreadInitThunk

13:15:47.512     0,078s      37ms  20836    'GameApp settings' was successfully saved to 'C:\Users\szyby\OneDrive\Dokumenty\My Games\Knights and Merchants Remake\KaM Remake Settings KingDyronMod.xml'
13:15:47.544     0,110s      32ms  20836    Start loading 'Server settings' from 'C:\Users\szyby\OneDrive\Dokumenty\My Games\Knights and Merchants Remake\KaM Remake Server Settings.ini'
13:15:47.550     0,116s       6ms  20836    'Server settings' was successfully loaded from 'C:\Users\szyby\OneDrive\Dokumenty\My Games\Knights and Merchants Remake\KaM Remake Server Settings.ini'
13:15:47.558     0,124s       8ms  20836    Start saving 'Server settings' to 'C:\Users\szyby\OneDrive\Dokumenty\My Games\Knights and Merchants Remake\KaM Remake Server Settings.ini'
00838b84 KaM_Expansion.exe KM_Settings       106 TKMSettings.SaveToDefaultFile
00838c57 KaM_Expansion.exe KM_Settings       113 TKMSettings.SaveToDefaultFile
00838855 KaM_Expansion.exe KM_Settings        59 TKMSettings.Create
00979100 KaM_Expansion.exe KM_ServerSettings 109 TKMServerSettings.Create
00a45203 KaM_Expansion.exe KM_GameApp        213 TKMGameApp.Create
00a4552e KaM_Expansion.exe KM_GameApp        298 TKMGameApp.Create
00a50f6e KaM_Expansion.exe KM_Main           635 TKMMain.ReinitRender
00a5117a KaM_Expansion.exe KM_Main           689 TKMMain.ReinitRender
00a4fe0e KaM_Expansion.exe KM_Main           281 TKMMain.Start
00a4ff67 KaM_Expansion.exe KM_Main           305 TKMMain.Start
00cd9b2b KaM_Expansion.exe KaM_Expansion     480 initialization
00cd9b5a KaM_Expansion.exe KaM_Expansion     483 initialization
76c97ba7 KERNEL32.DLL                            BaseThreadInitThunk

13:15:47.570     0,137s      13ms  20836    'Server settings' was successfully saved to 'C:\Users\szyby\OneDrive\Dokumenty\My Games\Knights and Merchants Remake\KaM Remake Server Settings.ini'
13:15:47.576     0,142s       5ms  20836    Init Render started
13:15:47.709     0,275s     133ms  20836    GL_MAX_TEXTURE_SIZE = 32768
13:15:47.716     0,282s       7ms  20836    GL_MAX_VIEWPORT_DIM = 32768
                                      OpenGL Vendor: NVIDIA Corporation
                                      OpenGL Renderer: NVIDIA GeForce RTX 3060 Ti/PCIe/SSE2
                                      OpenGL Version: 4.6.0 NVIDIA 560.94
13:15:47.742     0,308s      26ms  20836    Init Render Done
13:15:47.748     0,314s       6ms  20836    Resource loading state - None
13:15:47.756     0,322s       8ms  20836    Reading palettes ... done
13:15:47.764     0,330s       8ms  20836    Reading GUI.rx
13:15:47.772     0,338s       8ms  20836    Load Sprites started
13:15:47.778     0,344s       6ms  20836    GUI - 971
13:15:47.796     0,362s      18ms  20836    Load Sprites Done
13:15:47.832     0,398s      36ms  20836    Reading GUIMain.rx
13:15:47.838     0,404s       6ms  20836    Load Sprites started
13:15:47.844     0,410s       6ms  20836    GUIMain - 105
13:15:47.895     0,461s      51ms  20836    Load Sprites Done
13:15:47.948     0,514s      53ms  20836    Reading Tileset.rx
13:15:47.956     0,522s       7ms  20836    Load Sprites started
13:15:47.963     0,529s       7ms  20836    Tileset - 5449
13:15:47.977     0,543s      14ms  20836    Load Sprites Done
13:15:47.983     0,550s       7ms  20836    GenerateTerrainTransitions started. Legacy = False
13:15:47.991     0,557s       7ms  20836    TexId = 5451 GenTilesCnt = 2100
13:15:47.998     0,564s       7ms  20836    TexId = 6051; TexId - fGenTexIdStartI = 600; uniqueTex = 600; totalTex = 1350
13:15:48.004     0,570s       6ms  20836    GeneratedMasks cnt = 20
13:15:48.010     0,576s       6ms  20836    GenerateTerrainTransitions Done
13:15:48.016     0,582s       6ms  20836    GenerateTerrainTransitions started. Legacy = True
13:15:48.023     0,589s       7ms  20836    Legacy: TexId = 4999 GenTilesCntTemp = 2030
13:15:48.028     0,594s       5ms  20836    TexId = 5463; TexId - fGenTexIdStartILegacy = 464; uniqueTex = 464; totalTex = 1044
13:15:48.034     0,600s       6ms  20836    GeneratedMasks cnt = 16
13:15:48.042     0,608s       8ms  20836    GenerateTerrainTransitions Done
13:15:48.153     0,719s     111ms  20836    Load font started
13:15:48.190     0,756s      37ms  20836    Font load took 37ms
13:15:48.196     0,762s       6ms  20836    Read fonts is done
13:15:48.214     0,780s      18ms  20836    ReadGFX is done
13:15:48.222     0,788s       8ms  20836    Resource loading state - Menu
13:15:48.228     0,794s       6ms  16456    OpenAL init started
13:15:48.864     1,430s     636ms  20836    Music init done, 24 tracks found
                                      Loading campaign images.rxx for HKS
13:15:48.889     1,455s      25ms  12524    Custom - 1
13:15:48.896     1,462s       7ms  16456    Pre-LoadSFX init ... done
13:15:48.904     1,481s      18ms  16456    ALC_MONO_SOURCES 255
13:15:48.921     1,487s       6ms  16456    ALC_STEREO_SOURCES 1
13:15:48.927     1,493s       6ms  20836    Main menu init done
13:15:48.934     1,500s       7ms  16456    OpenAL init done
13:15:48.955     1,521s      21ms  20836    Check game folder 'E:\programowanie\projekty delphi\kam_expansion\' generic permissions: READ: granted; WRITE: granted; EXECUTE: granted; folder is writable: 
13:15:48.962     1,528s       7ms  20836    LoadGameResources ... AlphaShadows: True. Forced: True
13:15:48.968     1,534s       6ms  20836    TKMResSprites.LoadGameResources
13:15:48.974     1,540s       5ms  20836    [AsyncGameResLoader Thread] Started
13:15:48.982     1,548s       8ms  20836    Resource loading state - Game
13:15:48.989     1,555s       7ms  20836    ToggleFullscreen
13:15:48.995     1,561s       6ms  20836    Form Width/Height: 1040:759
13:15:49.000     1,566s       5ms  20836    Panel Width/Height: 1024:720
13:15:49.008     1,574s       8ms  12992    [AsyncGameResLoader Thread] RT = rxTrees Stage = lsLoad
13:15:49.014     1,580s       6ms  12992    [AsyncGameResLoader Thread] Start Load RXX 'Trees.rxx'
13:15:49.020     1,586s       5ms  12992    Load Sprites started
13:15:49.029     1,595s       8ms  12992    Trees - 1227
                                      Loading campaign images.rxx for KSN
13:15:49.048     1,615s      20ms  12524    Custom - 1
13:15:49.054     1,620s       5ms  20836    Saving dev settings to file 'kmr_dev.xml'
13:15:49.092     1,658s      38ms  20836    Saving dev settings to file 'kmr_dev.xml'
13:15:49.100     1,666s       8ms  20836    Game Load Done in 1691
                                      Loading campaign images.rxx for KSO
13:15:49.142     1,708s      42ms  12524    Custom - 1
13:15:49.158     1,724s      16ms  12992    Load Sprites Done
                                      Loading campaign images.rxx for KSU
13:15:49.199     1,765s      41ms  12524    Custom - 1
                                      Loading campaign images.rxx for OFL
13:15:49.258     1,824s      59ms  12524    Custom - 1
13:15:49.264     1,830s       6ms  12992    [AsyncGameResLoader Thread] DONE Load RXX 'Trees.rxa'
13:15:49.280     1,846s      16ms  20836    [AsyncGameResLoader MainTh] [UpdateStateIdle] GenTextures RT = rxTrees Stage = lsGenMain
13:15:49.292     1,858s      12ms  20836    [AsyncGameResLoader MainTh] [UpdateStateIdle] DONE
13:15:49.299     1,865s       7ms  12992    [AsyncGameResLoader Thread] RT = rxTrees Stage = lsOverload
13:15:49.306     1,872s       7ms  12992    [AsyncGameResLoader Thread] OverloadFromFolder RT = rxTrees
                                      Loading campaign images.rxx for OER
13:15:49.319     1,885s      13ms  12992    [AsyncGameResLoader Thread] DONE OverloadFromFolder RT = rxTrees
13:15:49.325     1,891s       6ms  12524    Custom - 1
13:15:49.331     1,897s       6ms  20836    [AsyncGameResLoader MainTh] [UpdateStateIdle] GenTextures RT = rxTrees Stage = lsGenOverload
13:15:49.338     1,904s       7ms  20836    [AsyncGameResLoader MainTh] [UpdateStateIdle] DONE
13:15:49.344     1,910s       6ms  12992    [AsyncGameResLoader Thread] RT = rxHouses Stage = lsLoad
13:15:49.351     1,917s       7ms  12992    [AsyncGameResLoader Thread] Start Load RXX 'Houses.rxx'
13:15:49.358     1,924s       7ms  12992    Load Sprites started
                                      Loading campaign images.rxx for TBK
13:15:49.371     1,937s      13ms  12992    Houses - 2710
13:15:49.378     1,944s       7ms  12524    Custom - 1
                                      Loading campaign images.rxx for TPR
13:15:49.430     1,996s      52ms  12524    Custom - 1
13:15:49.447     2,013s      17ms  12992    Load Sprites Done
                                      Loading campaign images.rxx for TSK
13:15:49.470     2,036s      23ms  12524    Custom - 1
                                      Loading campaign images.rxx for TUA
13:15:49.506     2,072s      36ms  12524    Custom - 1
13:15:49.596     2,162s      90ms  12992    [AsyncGameResLoader Thread] DONE Load RXX 'Houses.rxa'
13:15:49.603     2,169s       7ms  20836    [AsyncGameResLoader MainTh] [UpdateStateIdle] GenTextures RT = rxHouses Stage = lsGenMain
13:15:49.619     2,185s      16ms  20836    [AsyncGameResLoader MainTh] [UpdateStateIdle] DONE
13:15:49.626     2,192s       6ms  12992    [AsyncGameResLoader Thread] RT = rxHouses Stage = lsOverload
13:15:49.633     2,199s       7ms  12992    [AsyncGameResLoader Thread] OverloadFromFolder RT = rxHouses
13:15:49.640     2,206s       7ms  12992    [AsyncGameResLoader Thread] DONE OverloadFromFolder RT = rxHouses
13:15:49.657     2,223s      17ms  20836    [AsyncGameResLoader MainTh] [UpdateStateIdle] GenTextures RT = rxHouses Stage = lsGenOverload
13:15:49.663     2,229s       6ms  20836    [AsyncGameResLoader MainTh] [UpdateStateIdle] DONE
13:15:49.681     2,247s      17ms  12992    [AsyncGameResLoader Thread] RT = rxUnits Stage = lsLoad
                                      Loading campaign images.rxx for TMR
13:15:49.694     2,260s      13ms  12992    [AsyncGameResLoader Thread] Start Load RXX 'Units.rxx'
13:15:49.701     2,267s       7ms  12992    Load Sprites started
13:15:49.708     2,274s       7ms  12524    Custom - 1
13:15:49.715     2,281s       7ms  12992    Units - 15213
13:15:50.201     2,767s     486ms  12992    Load Sprites Done
13:15:51.322     3,888s    1121ms  12992    [AsyncGameResLoader Thread] DONE Load RXX 'Units.rxa'
13:15:51.336     3,902s      14ms  20836    [AsyncGameResLoader MainTh] [UpdateStateIdle] GenTextures RT = rxUnits Stage = lsGenMain
13:15:51.409     3,975s      73ms  20836    [AsyncGameResLoader MainTh] [UpdateStateIdle] DONE
13:15:51.417     3,983s       8ms  12992    [AsyncGameResLoader Thread] RT = rxUnits Stage = lsOverload
13:15:51.424     3,990s       7ms  12992    [AsyncGameResLoader Thread] OverloadFromFolder RT = rxUnits
13:15:51.429     3,995s       5ms  12992    [AsyncGameResLoader Thread] DONE OverloadFromFolder RT = rxUnits
13:15:51.436     4,002s       7ms  20836    [AsyncGameResLoader MainTh] [UpdateStateIdle] GenTextures RT = rxUnits Stage = lsGenOverload
13:15:51.443     4,009s       7ms  20836    [AsyncGameResLoader Thread] Stopped
13:15:51.448     4,014s       5ms  20836    [AsyncGameResLoader MainTh] [UpdateStateIdle] DONE
13:15:51.630     4,196s     182ms   2096    Error while loading game info from save of unsupported version r15833
13:15:51.637     4,203s       7ms   2096    Error while loading game info from save of unsupported version r15833
13:15:51.644     4,210s       7ms   2096    Error while loading game info from save of unsupported version r15833
13:15:51.650     4,216s       6ms   2096    Error while loading game info from save of unsupported version r15833
13:15:51.656     4,222s       6ms   2096    Error while loading game info from save of unsupported version r15833
13:15:51.662     4,228s       6ms   2096    Error while loading game info from save of unsupported version r15833
13:15:51.668     4,234s       6ms   2096    Error while loading game info from save of unsupported version r15833
13:15:51.674     4,240s       6ms   2096    Error while loading game info from save of unsupported version r15833
13:15:51.681     4,247s       7ms   2096    Error loading save 'Bridge Disaster'
13:15:51.688     4,254s       7ms   2096    Error loading save 'Bridge Disaster 2024-07-21 #1'
13:15:51.695     4,261s       7ms   2096    Error loading save 'Bridge Disaster 2024-07-22 #1'
13:15:51.701     4,267s       6ms   2096    Error loading save 'Bridge Disaster 2024-07-24 #1'
13:15:51.708     4,274s       7ms   2096    Error while loading game info from save of unsupported version r15833
13:15:51.714     4,280s       6ms   2096    Error loading save 'Nowa Misja 2024-08-11 #1'
13:15:51.722     4,288s       8ms   2096    Error loading save 'Nowa Misja 2024-08-11 #2'
13:15:51.728     4,294s       6ms   2096    Error loading save 'Nowa Misja 2024-08-11 #3'
13:15:51.735     4,301s       7ms   2096    Error loading save 'TMR09 2024-08-05 #1'
13:15:51.742     4,308s       7ms   2096    Error loading save 'TSK 1 2024-10-30 #2'
13:15:51.749     4,315s       7ms   2096    Error loading save 'TSK 18 2024-10-30 #6'
13:15:51.756     4,322s       7ms   2096    Error loading save 'TSK 2 2024-10-30 #5'
13:15:51.763     4,329s       7ms   2096    Error loading save 'TSK 20 2024-10-30 #1'
13:15:51.778     4,344s      15ms   2096    Error loading save 'TSK 3 2024-10-30 #3'
13:15:51.784     4,350s       6ms   2096    Error loading save 'TSK 6 2024-10-30 #4'
13:15:51.791     4,358s       8ms   2096    Error loading save 'TUA22'
13:15:52.551     5,117s     759ms  20836    LoadGameResources ... AlphaShadows: True. Forced: False
13:15:52.558     5,124s       7ms  20836    Resource loading state - Game
13:15:52.585     5,151s      27ms  20836    Saving dev settings to file 'kmr_dev.xml'
13:15:52.641     5,207s      56ms  20836    <== Game creation is done ==>
13:15:52.649     5,215s       7ms  20836    Loading game from: E:\programowanie\projekty delphi\kam_expansion\Saves\autosave01\autosave01.sav
13:15:52.656     5,222s       7ms  20836    Terrain loaded
13:15:52.669     5,235s      13ms  20836    Interface loaded
13:15:52.676     5,242s       7ms  20836    Set game seed: 349545995
13:15:52.682     5,248s       6ms  20836    Loading game ... done
13:15:52.688     5,254s       6ms  20836    After game loading
13:15:52.734     5,301s      47ms  20836    Game options: PT = 0; SpeedPT = 1; SpeedAfterPT = 1; Seed = 0; Difficulty = mdNone
13:15:52.741     5,307s       6ms  20836    After game loading ... done
13:16:05.439    18,005s   12698ms  20836    Warning: HouseUnoccupiedMsgId for house type ord=54 could not be determined.
13:16:52.737    65,303s   47298ms  20836    Issue gicGameAutoSave command at tick 49800
13:16:52.746    65,312s       9ms  20836    Saving game at tick 49800 to 'E:\programowanie\projekty delphi\kam_expansion\Saves\autosave\autosave.sav'
13:17:52.738   125,304s   59992ms  20836    Issue gicGameAutoSave command at tick 50400
13:17:52.747   125,313s       9ms  20836    Saving game at tick 50400 to 'E:\programowanie\projekty delphi\kam_expansion\Saves\autosave\autosave.sav'
13:18:51.815   184,381s   59068ms  20836    Saving dev settings to file 'kmr_dev.xml'
13:18:52.804   185,370s     989ms  20836    Stopping game application...
13:18:52.813   185,379s       8ms  20836    Gameplay ended - grSilent /
13:18:52.824   185,390s      10ms  20836    Start saving 'Server settings' to 'C:\Users\szyby\OneDrive\Dokumenty\My Games\Knights and Merchants Remake\KaM Remake Server Settings.ini'
00838b84 KaM_Expansion.exe KM_Settings        106 TKMSettings.SaveToDefaultFile
00838c57 KaM_Expansion.exe KM_Settings        113 TKMSettings.SaveToDefaultFile
00838890 KaM_Expansion.exe KM_Settings         65 TKMSettings.Destroy
00979146 KaM_Expansion.exe KM_ServerSettings  117 TKMServerSettings.Destroy
0029a764 KaM_Expansion.exe System              23 TObject.Free
00568fe4 KaM_Expansion.exe KromUtils          281 FreeThenNil
00a4575b KaM_Expansion.exe KM_GameApp         333 TKMGameApp.Destroy
0029a764 KaM_Expansion.exe System              23 TObject.Free
00568fe4 KaM_Expansion.exe KromUtils          281 FreeThenNil
00a50389 KaM_Expansion.exe KM_Main            376 TKMMain.Stop
00a50468 KaM_Expansion.exe KM_Main            405 TKMMain.Stop
00cc4eb1 KaM_Expansion.exe KM_FormMain       2212 TFormMain.FormClose
00512df7 KaM_Expansion.exe Vcl.Forms              TCustomForm.DoClose
005187e5 KaM_Expansion.exe Vcl.Forms              TCustomForm.Close
00517424 KaM_Expansion.exe Vcl.Forms              TCustomForm.WMClose
00462cfa KaM_Expansion.exe Vcl.Controls           TControl.WndProc
00467ec1 KaM_Expansion.exe Vcl.Controls           TWinControl.WndProc
00513a38 KaM_Expansion.exe Vcl.Forms              TCustomForm.WndProc
00513a53 KaM_Expansion.exe Vcl.Forms              TCustomForm.WndProc
00cc499d KaM_Expansion.exe KM_FormMain       2051 TFormMain.WndProc

13:18:52.851   185,417s      26ms  20836    'Server settings' was successfully saved to 'C:\Users\szyby\OneDrive\Dokumenty\My Games\Knights and Merchants Remake\KaM Remake Server Settings.ini'
13:18:53.067   185,633s     216ms  20836    Start saving 'GameApp settings' to 'C:\Users\szyby\OneDrive\Dokumenty\My Games\Knights and Merchants Remake\KaM Remake Settings KingDyronMod.xml'
00838b84 KaM_Expansion.exe KM_Settings         106 TKMSettings.SaveToDefaultFile
00838c57 KaM_Expansion.exe KM_Settings         113 TKMSettings.SaveToDefaultFile
00838890 KaM_Expansion.exe KM_Settings          65 TKMSettings.Destroy
00838fea KaM_Expansion.exe KM_SettingsXML       44 TKMSettingsXML.Destroy
00839316 KaM_Expansion.exe KM_GameAppSettings   57 TKMGameAppSettings.Destroy
0029a764 KaM_Expansion.exe System               23 TObject.Free
00568fe4 KaM_Expansion.exe KromUtils           281 FreeThenNil
00a50393 KaM_Expansion.exe KM_Main             378 TKMMain.Stop
00a50468 KaM_Expansion.exe KM_Main             405 TKMMain.Stop
00cc4eb1 KaM_Expansion.exe KM_FormMain        2212 TFormMain.FormClose
00512df7 KaM_Expansion.exe Vcl.Forms               TCustomForm.DoClose
005187e5 KaM_Expansion.exe Vcl.Forms               TCustomForm.Close
00517424 KaM_Expansion.exe Vcl.Forms               TCustomForm.WMClose
00462cfa KaM_Expansion.exe Vcl.Controls            TControl.WndProc
00467ec1 KaM_Expansion.exe Vcl.Controls            TWinControl.WndProc
00513a38 KaM_Expansion.exe Vcl.Forms               TCustomForm.WndProc
00513a53 KaM_Expansion.exe Vcl.Forms               TCustomForm.WndProc
00cc499d KaM_Expansion.exe KM_FormMain        2051 TFormMain.WndProc
004673cc KaM_Expansion.exe Vcl.Controls            TWinControl.MainWndProc
004673e7 KaM_Expansion.exe Vcl.Controls            TWinControl.MainWndProc

13:18:53.085   185,651s      18ms  20836    'GameApp settings' was successfully saved to 'C:\Users\szyby\OneDrive\Dokumenty\My Games\Knights and Merchants Remake\KaM Remake Settings KingDyronMod.xml'
