   Timestamp    Elapsed     Delta  Thread    Description
========================
    Date: 2025.01.06
========================
13:18:57.893     0,001s       1ms  12076    Log is up and running. Game version: KaM Expansion: Co-op & World Update
13:18:57.898     0,006s       5ms  12076    Game Load started
13:18:57.908     0,016s       9ms  12076    Start loading 'GameApp settings' from 'C:\Users\szyby\OneDrive\Dokumenty\My Games\Knights and Merchants Remake\KaM Remake Settings KingDyronMod.xml'
13:18:57.913     0,021s       5ms  12076    'GameApp settings' was successfully loaded from 'C:\Users\szyby\OneDrive\Dokumenty\My Games\Knights and Merchants Remake\KaM Remake Settings KingDyronMod.xml'
13:18:57.930     0,038s       5ms  12076    Start saving 'GameApp settings' to 'C:\Users\szyby\OneDrive\Dokumenty\My Games\Knights and Merchants Remake\KaM Remake Settings KingDyronMod.xml'
006d8b84 KaM_Expansion.exe KM_Settings        106 TKMSettings.SaveToDefaultFile
006d8c57 KaM_Expansion.exe KM_Settings        113 TKMSettings.SaveToDefaultFile
006d8855 KaM_Expansion.exe KM_Settings         59 TKMSettings.Create
006d8f92 KaM_Expansion.exe KM_SettingsXML      38 TKMSettingsXML.Create
006d92d3 KaM_Expansion.exe KM_GameAppSettings  51 TKMGameAppSettings.Create
008efd40 KaM_Expansion.exe KM_Main            258 TKMMain.Start
008effaf KaM_Expansion.exe KM_Main            305 TKMMain.Start
00b79b2b KaM_Expansion.exe KaM_Expansion      480 initialization
00b79b5a KaM_Expansion.exe KaM_Expansion      483 initialization
76c97ba7 KERNEL32.DLL                             BaseThreadInitThunk

13:18:57.969     0,078s      40ms  12076    'GameApp settings' was successfully saved to 'C:\Users\szyby\OneDrive\Dokumenty\My Games\Knights and Merchants Remake\KaM Remake Settings KingDyronMod.xml'
13:18:57.998     0,106s      28ms  12076    Start loading 'Server settings' from 'C:\Users\szyby\OneDrive\Dokumenty\My Games\Knights and Merchants Remake\KaM Remake Server Settings.ini'
13:18:58.005     0,113s       7ms  12076    'Server settings' was successfully loaded from 'C:\Users\szyby\OneDrive\Dokumenty\My Games\Knights and Merchants Remake\KaM Remake Server Settings.ini'
13:18:58.011     0,119s       6ms  12076    Start saving 'Server settings' to 'C:\Users\szyby\OneDrive\Dokumenty\My Games\Knights and Merchants Remake\KaM Remake Server Settings.ini'
006d8b84 KaM_Expansion.exe KM_Settings       106 TKMSettings.SaveToDefaultFile
006d8c57 KaM_Expansion.exe KM_Settings       113 TKMSettings.SaveToDefaultFile
006d8855 KaM_Expansion.exe KM_Settings        59 TKMSettings.Create
00819148 KaM_Expansion.exe KM_ServerSettings 109 TKMServerSettings.Create
008e524b KaM_Expansion.exe KM_GameApp        213 TKMGameApp.Create
008e5576 KaM_Expansion.exe KM_GameApp        298 TKMGameApp.Create
008f0fb6 KaM_Expansion.exe KM_Main           635 TKMMain.ReinitRender
008f11c2 KaM_Expansion.exe KM_Main           689 TKMMain.ReinitRender
008efe56 KaM_Expansion.exe KM_Main           281 TKMMain.Start
008effaf KaM_Expansion.exe KM_Main           305 TKMMain.Start
00b79b2b KaM_Expansion.exe KaM_Expansion     480 initialization
00b79b5a KaM_Expansion.exe KaM_Expansion     483 initialization
76c97ba7 KERNEL32.DLL                            BaseThreadInitThunk

13:18:58.024     0,132s      13ms  12076    'Server settings' was successfully saved to 'C:\Users\szyby\OneDrive\Dokumenty\My Games\Knights and Merchants Remake\KaM Remake Server Settings.ini'
13:18:58.030     0,138s       6ms  12076    Init Render started
13:18:58.178     0,286s     148ms  12076    GL_MAX_TEXTURE_SIZE = 32768
13:18:58.185     0,293s       7ms  12076    GL_MAX_VIEWPORT_DIM = 32768
                                      OpenGL Vendor: NVIDIA Corporation
                                      OpenGL Renderer: NVIDIA GeForce RTX 3060 Ti/PCIe/SSE2
                                      OpenGL Version: 4.6.0 NVIDIA 560.94
13:18:58.210     0,319s      26ms  12076    Init Render Done
13:18:58.217     0,325s       6ms  12076    Resource loading state - None
13:18:58.224     0,332s       7ms  12076    Reading palettes ... done
13:18:58.232     0,342s      10ms  12076    Reading GUI.rx
13:18:58.240     0,348s       6ms  12076    Load Sprites started
13:18:58.246     0,354s       6ms  12076    GUI - 971
13:18:58.264     0,372s      17ms  12076    Load Sprites Done
13:18:58.299     0,407s      35ms  12076    Reading GUIMain.rx
13:18:58.307     0,415s       8ms  12076    Load Sprites started
13:18:58.313     0,421s       6ms  12076    GUIMain - 105
13:18:58.363     0,472s      51ms  12076    Load Sprites Done
13:18:58.416     0,525s      53ms  12076    Reading Tileset.rx
13:18:58.425     0,533s       8ms  12076    Load Sprites started
13:18:58.431     0,539s       6ms  12076    Tileset - 5449
13:18:58.444     0,552s      13ms  12076    Load Sprites Done
13:18:58.451     0,559s       7ms  12076    GenerateTerrainTransitions started. Legacy = False
13:18:58.460     0,568s       9ms  12076    TexId = 5451 GenTilesCnt = 2100
13:18:58.467     0,575s       7ms  12076    TexId = 6051; TexId - fGenTexIdStartI = 600; uniqueTex = 600; totalTex = 1350
13:18:58.474     0,582s       7ms  12076    GeneratedMasks cnt = 20
13:18:58.479     0,588s       6ms  12076    GenerateTerrainTransitions Done
13:18:58.486     0,595s       7ms  12076    GenerateTerrainTransitions started. Legacy = True
13:18:58.493     0,601s       6ms  12076    Legacy: TexId = 4999 GenTilesCntTemp = 2030
13:18:58.500     0,608s       7ms  12076    TexId = 5463; TexId - fGenTexIdStartILegacy = 464; uniqueTex = 464; totalTex = 1044
13:18:58.507     0,615s       7ms  12076    GeneratedMasks cnt = 16
13:18:58.513     0,622s       7ms  12076    GenerateTerrainTransitions Done
13:18:58.621     0,729s     107ms  12076    Load font started
13:18:58.658     0,766s      37ms  12076    Font load took 37ms
13:18:58.665     0,773s       7ms  12076    Read fonts is done
13:18:58.683     0,791s      18ms  12076    ReadGFX is done
13:18:58.690     0,798s       7ms  12076    Resource loading state - Menu
13:18:58.697     0,805s       7ms   3148    OpenAL init started
13:18:59.325     1,433s     626ms  12076    Music init done, 24 tracks found
                                      Loading campaign images.rxx for HKS
13:18:59.352     1,461s      28ms  20612    Custom - 1
13:18:59.360     1,468s       7ms   3148    Pre-LoadSFX init ... done
13:18:59.367     1,476s       8ms   3148    ALC_MONO_SOURCES 255
13:18:59.373     1,482s       6ms   3148    ALC_STEREO_SOURCES 1
13:18:59.380     1,488s       6ms  12076    Main menu init done
13:18:59.387     1,495s       7ms   3148    OpenAL init done
13:18:59.408     1,517s      22ms  12076    Check game folder 'E:\programowanie\projekty delphi\kam_expansion\' generic permissions: READ: granted; WRITE: granted; EXECUTE: granted; folder is writable: 
13:18:59.415     1,524s       7ms  12076    LoadGameResources ... AlphaShadows: True. Forced: True
13:18:59.423     1,531s       7ms  12076    TKMResSprites.LoadGameResources
13:18:59.429     1,537s       6ms  12076    [AsyncGameResLoader Thread] Started
13:18:59.435     1,545s       8ms  12076    Resource loading state - Game
13:18:59.444     1,552s       7ms  12076    ToggleFullscreen
13:18:59.450     1,558s       6ms  12076    Form Width/Height: 1040:759
13:18:59.456     1,564s       6ms  12076    Panel Width/Height: 1024:720
13:18:59.463     1,571s       7ms  14520    [AsyncGameResLoader Thread] RT = rxTrees Stage = lsLoad
13:18:59.470     1,579s       8ms  14520    [AsyncGameResLoader Thread] Start Load RXX 'Trees.rxx'
13:18:59.477     1,585s       6ms  14520    Load Sprites started
13:18:59.486     1,594s       9ms  14520    Trees - 1227
13:18:59.497     1,605s      11ms  12076    Saving dev settings to file 'kmr_dev.xml'
                                      Loading campaign images.rxx for KSN
13:18:59.518     1,626s      21ms  20612    Custom - 1
13:18:59.527     1,635s       9ms  12076    Saving dev settings to file 'kmr_dev.xml'
13:18:59.535     1,643s       8ms  12076    Game Load Done in 1669
                                      Loading campaign images.rxx for KSO
13:18:59.582     1,690s      47ms  20612    Custom - 1
13:18:59.619     1,727s      37ms  14520    Load Sprites Done
                                      Loading campaign images.rxx for KSU
13:18:59.641     1,749s      21ms  20612    Custom - 1
                                      Loading campaign images.rxx for OFL
13:18:59.693     1,801s      51ms  20612    Custom - 1
13:18:59.721     1,829s      28ms  14520    [AsyncGameResLoader Thread] DONE Load RXX 'Trees.rxa'
13:18:59.728     1,836s       7ms  12076    [AsyncGameResLoader MainTh] [UpdateStateIdle] GenTextures RT = rxTrees Stage = lsGenMain
13:18:59.740     1,848s      12ms  12076    [AsyncGameResLoader MainTh] [UpdateStateIdle] DONE
                                      Loading campaign images.rxx for OER
13:18:59.755     1,863s      15ms  14520    [AsyncGameResLoader Thread] RT = rxTrees Stage = lsOverload
13:18:59.761     1,869s       6ms  14520    [AsyncGameResLoader Thread] OverloadFromFolder RT = rxTrees
13:18:59.767     1,876s       7ms  20612    Custom - 1
13:18:59.775     1,883s       7ms  14520    [AsyncGameResLoader Thread] DONE OverloadFromFolder RT = rxTrees
13:18:59.780     1,888s       5ms  12076    [AsyncGameResLoader MainTh] [UpdateStateIdle] GenTextures RT = rxTrees Stage = lsGenOverload
13:18:59.787     1,895s       7ms  12076    [AsyncGameResLoader MainTh] [UpdateStateIdle] DONE
13:18:59.794     1,902s       7ms  14520    [AsyncGameResLoader Thread] RT = rxHouses Stage = lsLoad
13:18:59.801     1,909s       7ms  14520    [AsyncGameResLoader Thread] Start Load RXX 'Houses.rxx'
13:18:59.808     1,916s       7ms  14520    Load Sprites started
13:18:59.815     1,923s       7ms  14520    Houses - 2710
                                      Loading campaign images.rxx for TBK
13:18:59.828     1,936s      13ms  20612    Custom - 1
13:18:59.894     2,002s      66ms  14520    Load Sprites Done
                                      Loading campaign images.rxx for TPR
13:18:59.909     2,017s      15ms  20612    Custom - 1
                                      Loading campaign images.rxx for TSK
13:18:59.957     2,065s      48ms  20612    Custom - 1
                                      Loading campaign images.rxx for TUA
13:19:00.004     2,113s      41ms  20612    Custom - 1
13:19:00.035     2,143s      30ms  14520    [AsyncGameResLoader Thread] DONE Load RXX 'Houses.rxa'
13:19:00.049     2,157s      14ms  12076    [AsyncGameResLoader MainTh] [UpdateStateIdle] GenTextures RT = rxHouses Stage = lsGenMain
13:19:00.070     2,178s      21ms  12076    [AsyncGameResLoader MainTh] [UpdateStateIdle] DONE
13:19:00.077     2,185s       7ms  14520    [AsyncGameResLoader Thread] RT = rxHouses Stage = lsOverload
13:19:00.084     2,192s       7ms  14520    [AsyncGameResLoader Thread] OverloadFromFolder RT = rxHouses
13:19:00.091     2,200s       8ms  14520    [AsyncGameResLoader Thread] DONE OverloadFromFolder RT = rxHouses
13:19:00.098     2,206s       6ms  12076    [AsyncGameResLoader MainTh] [UpdateStateIdle] GenTextures RT = rxHouses Stage = lsGenOverload
13:19:00.104     2,212s       6ms  12076    [AsyncGameResLoader MainTh] [UpdateStateIdle] DONE
13:19:00.111     2,219s       7ms  14520    [AsyncGameResLoader Thread] RT = rxUnits Stage = lsLoad
13:19:00.117     2,225s       6ms  14520    [AsyncGameResLoader Thread] Start Load RXX 'Units.rxx'
13:19:00.124     2,232s       7ms  14520    Load Sprites started
13:19:00.132     2,240s       8ms  14520    Units - 15213
                                      Loading campaign images.rxx for TMR
13:19:00.165     2,274s      34ms  20612    Custom - 1
13:19:00.615     2,724s     450ms  14520    Load Sprites Done
13:19:01.735     3,844s    1120ms  12076    LoadGameResources ... AlphaShadows: True. Forced: False
13:19:01.743     3,851s       7ms  12076    TKMResSprites.LoadGameResources
13:19:01.757     3,865s      14ms  14520    [AsyncGameResLoader Thread] DONE Load RXX 'Units.rxa'
13:19:01.764     3,873s       8ms  12076    [AsyncGameResLoader MainTh] [LoadGameResources] GenTextures RT = rxUnits Stage = lsGenMain
13:19:01.827     3,936s      63ms  12076    [AsyncGameResLoader MainTh] [LoadGameResources] DONE
13:19:01.834     3,943s       7ms  14520    [AsyncGameResLoader Thread] RT = rxUnits Stage = lsOverload
13:19:01.842     3,950s       7ms  14520    [AsyncGameResLoader Thread] OverloadFromFolder RT = rxUnits
13:19:01.848     3,956s       6ms  14520    [AsyncGameResLoader Thread] DONE OverloadFromFolder RT = rxUnits
13:19:01.854     3,962s       6ms  12076    [AsyncGameResLoader MainTh] [LoadGameResources] GenTextures RT = rxUnits Stage = lsGenOverload
13:19:01.859     3,968s       6ms  12076    [AsyncGameResLoader Thread] Stopped
13:19:01.865     3,974s       6ms  12076    [AsyncGameResLoader MainTh] [LoadGameResources] DONE
13:19:01.872     3,980s       6ms  12076    Resource loading state - Game
13:19:01.879     3,988s       8ms  12076    Saving dev settings to file 'kmr_dev.xml'
13:19:01.929     4,037s      49ms  12076    <== Game creation is done ==>
13:19:01.936     4,044s       7ms  12076    GameStart
13:19:01.943     4,051s       6ms  12076    Loading DAT file: E:\programowanie\projekty delphi\kam_expansion\Maps\Nowa Misja 2\Nowa Misja 2.dat
13:19:01.950     4,058s       7ms  12076    Loading map file: E:\programowanie\projekty delphi\kam_expansion\Maps\Nowa Misja 2\Nowa Misja 2.map
13:19:01.957     4,065s       7ms  12076    Map file loaded
13:19:01.972     4,080s      15ms  12076    Gameplay recording initialized ... done
13:19:01.979     4,087s       7ms  12076    Game options: PT = 0; SpeedPT = 1; SpeedAfterPT = 1; Seed = 0; Difficulty = mdNone
13:19:01.985     4,094s       7ms  12076    Gameplay initialized ... done
13:19:01.992     4,100s       6ms  12076    After game start
13:19:01.999     4,108s       8ms  12076    Set game seed: 2004840877
13:19:02.005     4,114s       6ms  12076    Saving game at tick 0 to 'E:\programowanie\projekty delphi\kam_expansion\Saves\basesave\basesave.bas'
13:19:02.013     4,121s       7ms  12076    After game start ... done
13:20:02.023    64,131s   60010ms  12076    Issue gicGameAutoSave command at tick 600
13:20:02.034    64,143s      12ms  12076    Saving game at tick 600 to 'E:\programowanie\projekty delphi\kam_expansion\Saves\autosave\autosave.sav'
13:21:02.024   124,133s   59990ms  12076    Issue gicGameAutoSave command at tick 1200
13:21:02.033   124,142s       9ms  12076    Saving game at tick 1200 to 'E:\programowanie\projekty delphi\kam_expansion\Saves\autosave\autosave.sav'
13:21:17.655   139,764s   15622ms  12076    Saving dev settings to file 'kmr_dev.xml'
13:21:18.996   141,104s    1340ms  12076    Stopping game application...
13:21:19.005   141,113s       8ms  12076    Gameplay ended - grSilent /
13:21:19.012   141,120s       7ms  12076    Start saving 'Server settings' to 'C:\Users\szyby\OneDrive\Dokumenty\My Games\Knights and Merchants Remake\KaM Remake Server Settings.ini'
006d8b84 KaM_Expansion.exe KM_Settings        106 TKMSettings.SaveToDefaultFile
006d8c57 KaM_Expansion.exe KM_Settings        113 TKMSettings.SaveToDefaultFile
006d8890 KaM_Expansion.exe KM_Settings         65 TKMSettings.Destroy
0081918e KaM_Expansion.exe KM_ServerSettings  117 TKMServerSettings.Destroy
0013a764 KaM_Expansion.exe System              23 TObject.Free
00408fe4 KaM_Expansion.exe KromUtils          281 FreeThenNil
008e57a3 KaM_Expansion.exe KM_GameApp         333 TKMGameApp.Destroy
0013a764 KaM_Expansion.exe System              23 TObject.Free
00408fe4 KaM_Expansion.exe KromUtils          281 FreeThenNil
008f03d1 KaM_Expansion.exe KM_Main            376 TKMMain.Stop
008f04b0 KaM_Expansion.exe KM_Main            405 TKMMain.Stop
00b64ef1 KaM_Expansion.exe KM_FormMain       2212 TFormMain.FormClose
003b2df7 KaM_Expansion.exe Vcl.Forms              TCustomForm.DoClose
003b87e5 KaM_Expansion.exe Vcl.Forms              TCustomForm.Close
003b7424 KaM_Expansion.exe Vcl.Forms              TCustomForm.WMClose
00302cfa KaM_Expansion.exe Vcl.Controls           TControl.WndProc
00307ec1 KaM_Expansion.exe Vcl.Controls           TWinControl.WndProc
003b3a38 KaM_Expansion.exe Vcl.Forms              TCustomForm.WndProc
003b3a53 KaM_Expansion.exe Vcl.Forms              TCustomForm.WndProc
00b649dd KaM_Expansion.exe KM_FormMain       2051 TFormMain.WndProc

13:21:19.038   141,146s      26ms  12076    'Server settings' was successfully saved to 'C:\Users\szyby\OneDrive\Dokumenty\My Games\Knights and Merchants Remake\KaM Remake Server Settings.ini'
13:21:19.250   141,358s     212ms  12076    Start saving 'GameApp settings' to 'C:\Users\szyby\OneDrive\Dokumenty\My Games\Knights and Merchants Remake\KaM Remake Settings KingDyronMod.xml'
006d8b84 KaM_Expansion.exe KM_Settings         106 TKMSettings.SaveToDefaultFile
006d8c57 KaM_Expansion.exe KM_Settings         113 TKMSettings.SaveToDefaultFile
006d8890 KaM_Expansion.exe KM_Settings          65 TKMSettings.Destroy
006d8fea KaM_Expansion.exe KM_SettingsXML       44 TKMSettingsXML.Destroy
006d9316 KaM_Expansion.exe KM_GameAppSettings   57 TKMGameAppSettings.Destroy
0013a764 KaM_Expansion.exe System               23 TObject.Free
00408fe4 KaM_Expansion.exe KromUtils           281 FreeThenNil
008f03db KaM_Expansion.exe KM_Main             378 TKMMain.Stop
008f04b0 KaM_Expansion.exe KM_Main             405 TKMMain.Stop
00b64ef1 KaM_Expansion.exe KM_FormMain        2212 TFormMain.FormClose
003b2df7 KaM_Expansion.exe Vcl.Forms               TCustomForm.DoClose
003b87e5 KaM_Expansion.exe Vcl.Forms               TCustomForm.Close
003b7424 KaM_Expansion.exe Vcl.Forms               TCustomForm.WMClose
00302cfa KaM_Expansion.exe Vcl.Controls            TControl.WndProc
00307ec1 KaM_Expansion.exe Vcl.Controls            TWinControl.WndProc
003b3a38 KaM_Expansion.exe Vcl.Forms               TCustomForm.WndProc
003b3a53 KaM_Expansion.exe Vcl.Forms               TCustomForm.WndProc
00b649dd KaM_Expansion.exe KM_FormMain        2051 TFormMain.WndProc
003073cc KaM_Expansion.exe Vcl.Controls            TWinControl.MainWndProc
003073e7 KaM_Expansion.exe Vcl.Controls            TWinControl.MainWndProc

13:21:19.269   141,377s      18ms  12076    'GameApp settings' was successfully saved to 'C:\Users\szyby\OneDrive\Dokumenty\My Games\Knights and Merchants Remake\KaM Remake Settings KingDyronMod.xml'
