   Timestamp    Elapsed     Delta  Thread    Description
========================
    Date: 2024.12.25
========================
17:11:57.810     0,001s       1ms   7236    Log is up and running. Game version: KaM Expansion: Co-op & World Update
17:11:57.816     0,007s       6ms   7236    Game Load started
17:11:57.825     0,016s       9ms   7236    Start loading 'GameApp settings' from 'C:\Users\szyby\OneDrive\Dokumenty\My Games\Knights and Merchants Remake\KaM Remake Settings KingDyronMod.xml'
17:11:57.830     0,021s       5ms   7236    'GameApp settings' was successfully loaded from 'C:\Users\szyby\OneDrive\Dokumenty\My Games\Knights and Merchants Remake\KaM Remake Settings KingDyronMod.xml'
17:11:57.835     0,026s       5ms   7236    Start saving 'GameApp settings' to 'C:\Users\szyby\OneDrive\Dokumenty\My Games\Knights and Merchants Remake\KaM Remake Settings KingDyronMod.xml'
009d1d44 KaM_Expansion.exe KM_Settings        106 TKMSettings.SaveToDefaultFile
009d1e17 KaM_Expansion.exe KM_Settings        113 TKMSettings.SaveToDefaultFile
009d1a15 KaM_Expansion.exe KM_Settings         59 TKMSettings.Create
009d2152 KaM_Expansion.exe KM_SettingsXML      38 TKMSettingsXML.Create
009d2493 KaM_Expansion.exe KM_GameAppSettings  51 TKMGameAppSettings.Create
00beaa6c KaM_Expansion.exe KM_Main            258 TKMMain.Start
00beacf0 KaM_Expansion.exe KM_Main            305 TKMMain.Start
00e66b2b KaM_Expansion.exe KaM_Expansion      479 initialization
00e66b5a KaM_Expansion.exe KaM_Expansion      482 initialization
75e37ba7 KERNEL32.DLL                             BaseThreadInitThunk

17:11:57.872     0,063s      37ms   7236    'GameApp settings' was successfully saved to 'C:\Users\szyby\OneDrive\Dokumenty\My Games\Knights and Merchants Remake\KaM Remake Settings KingDyronMod.xml'
17:11:57.893     0,084s      21ms   7236    Start loading 'Server settings' from 'C:\Users\szyby\OneDrive\Dokumenty\My Games\Knights and Merchants Remake\KaM Remake Server Settings.ini'
17:11:57.899     0,090s       6ms   7236    'Server settings' was successfully loaded from 'C:\Users\szyby\OneDrive\Dokumenty\My Games\Knights and Merchants Remake\KaM Remake Server Settings.ini'
17:11:57.905     0,096s       6ms   7236    Start saving 'Server settings' to 'C:\Users\szyby\OneDrive\Dokumenty\My Games\Knights and Merchants Remake\KaM Remake Server Settings.ini'
009d1d44 KaM_Expansion.exe KM_Settings       106 TKMSettings.SaveToDefaultFile
009d1e17 KaM_Expansion.exe KM_Settings       113 TKMSettings.SaveToDefaultFile
009d1a15 KaM_Expansion.exe KM_Settings        59 TKMSettings.Create
00b13ce4 KaM_Expansion.exe KM_ServerSettings 109 TKMServerSettings.Create
00bdfdec KaM_Expansion.exe KM_GameApp        213 TKMGameApp.Create
00be023e KaM_Expansion.exe KM_GameApp        295 TKMGameApp.Create
00bebd16 KaM_Expansion.exe KM_Main           635 TKMMain.ReinitRender
00bebf22 KaM_Expansion.exe KM_Main           689 TKMMain.ReinitRender
00beab82 KaM_Expansion.exe KM_Main           281 TKMMain.Start
00beacf0 KaM_Expansion.exe KM_Main           305 TKMMain.Start
00e66b2b KaM_Expansion.exe KaM_Expansion     479 initialization
00e66b5a KaM_Expansion.exe KaM_Expansion     482 initialization
75e37ba7 KERNEL32.DLL                            BaseThreadInitThunk

17:11:57.918     0,109s      13ms   7236    'Server settings' was successfully saved to 'C:\Users\szyby\OneDrive\Dokumenty\My Games\Knights and Merchants Remake\KaM Remake Server Settings.ini'
17:11:57.924     0,115s       6ms   7236    Init Render started
17:11:58.060     0,251s     136ms   7236    GL_MAX_TEXTURE_SIZE = 32768
17:11:58.066     0,257s       6ms   7236    GL_MAX_VIEWPORT_DIM = 32768
                                      OpenGL Vendor: NVIDIA Corporation
                                      OpenGL Renderer: NVIDIA GeForce RTX 3060 Ti/PCIe/SSE2
                                      OpenGL Version: 4.6.0 NVIDIA 560.81
17:11:58.089     0,280s      22ms   7236    Init Render Done
17:11:58.094     0,285s       5ms   7236    Resource loading state - None
17:11:58.101     0,292s       7ms   7236    Reading palettes ... done
17:11:58.109     0,301s       9ms   7236    Reading GUI.rx
17:11:58.116     0,307s       6ms   7236    Load Sprites started
17:11:58.122     0,314s       7ms   7236    GUI - 965
17:11:58.142     0,333s      19ms   7236    Load Sprites Done
17:11:58.176     0,367s      34ms   7236    Reading GUIMain.rx
17:11:58.182     0,374s       7ms   7236    Load Sprites started
17:11:58.188     0,379s       5ms   7236    GUIMain - 105
17:11:58.240     0,431s      52ms   7236    Load Sprites Done
17:11:58.296     0,488s      57ms   7236    Reading Tileset.rx
17:11:58.306     0,497s       5ms   7236    Load Sprites started
17:11:58.312     0,503s       6ms   7236    Tileset - 5449
17:11:58.327     0,518s      15ms   7236    Load Sprites Done
17:11:58.333     0,524s       6ms   7236    GenerateTerrainTransitions started. Legacy = False
17:11:58.339     0,530s       6ms   7236    TexId = 5451 GenTilesCnt = 2030
17:11:58.345     0,536s       6ms   7236    TexId = 6031; TexId - fGenTexIdStartI = 580; uniqueTex = 580; totalTex = 1305
17:11:58.351     0,542s       6ms   7236    GeneratedMasks cnt = 20
17:11:58.357     0,548s       6ms   7236    GenerateTerrainTransitions Done
17:11:58.362     0,553s       5ms   7236    GenerateTerrainTransitions started. Legacy = True
17:11:58.368     0,559s       6ms   7236    Legacy: TexId = 4999 GenTilesCntTemp = 1960
17:11:58.373     0,564s       5ms   7236    TexId = 5447; TexId - fGenTexIdStartILegacy = 448; uniqueTex = 448; totalTex = 1008
17:11:58.378     0,569s       5ms   7236    GeneratedMasks cnt = 16
17:11:58.384     0,575s       5ms   7236    GenerateTerrainTransitions Done
17:11:58.490     0,681s     106ms   7236    Load font started
17:11:58.526     0,717s      36ms   7236    Font load took 36ms
17:11:58.532     0,723s       6ms   7236    Read fonts is done
17:11:58.549     0,740s      16ms   7236    ReadGFX is done
17:11:58.555     0,746s       6ms   7236    Resource loading state - Menu
17:11:58.561     0,752s       6ms  10284    OpenAL init started
17:11:58.968     1,159s     407ms   7236    Music init done, 24 tracks found
                                      Loading campaign images.rxx for HKS
17:11:58.993     1,184s      25ms  15796    Custom - 1
17:11:59.002     1,194s      10ms  10284    Pre-LoadSFX init ... done
17:11:59.009     1,201s       7ms  10284    ALC_MONO_SOURCES 255
17:11:59.015     1,207s       6ms  10284    ALC_STEREO_SOURCES 1
17:11:59.021     1,213s       6ms   7236    Main menu init done
17:11:59.026     1,218s       5ms  10284    OpenAL init done
17:11:59.049     1,241s      23ms   7236    Check game folder 'E:\programowanie\projekty delphi\kam_expansion\' generic permissions: READ: granted; WRITE: granted; EXECUTE: granted; folder is writable: 
17:11:59.056     1,247s       6ms   7236    LoadGameResources ... AlphaShadows: True. Forced: True
17:11:59.061     1,253s       6ms   7236    TKMResSprites.LoadGameResources
17:11:59.067     1,259s       5ms   7236    [AsyncGameResLoader Thread] Started
17:11:59.073     1,264s       5ms   7236    Resource loading state - Game
17:11:59.079     1,270s       6ms   7236    ToggleFullscreen
17:11:59.084     1,276s       6ms   7236    Form Width/Height: 1040:853
17:11:59.089     1,281s       5ms   7236    Panel Width/Height: 1024:814
17:11:59.096     1,287s       6ms   2224    [AsyncGameResLoader Thread] RT = rxTrees Stage = lsLoad
17:11:59.101     1,293s       6ms   2224    [AsyncGameResLoader Thread] Start Load RXX 'Trees.rxx'
17:11:59.107     1,299s       6ms   2224    Load Sprites started
17:11:59.114     1,306s       7ms   2224    Trees - 1214
                                      Loading campaign images.rxx for KSN
17:11:59.138     1,329s      23ms  15796    Custom - 1
17:11:59.143     1,335s       6ms   7236    Saving dev settings to file 'kmr_dev.xml'
17:11:59.178     1,370s      35ms   7236    Saving dev settings to file 'kmr_dev.xml'
                                      Loading campaign images.rxx for KSO
17:11:59.216     1,408s      38ms  15796    Custom - 1
17:11:59.223     1,414s       6ms   7236    Game Load Done in 1428
17:11:59.246     1,437s      23ms   2224    Load Sprites Done
                                      Loading campaign images.rxx for KSU
17:11:59.276     1,468s      31ms  15796    Custom - 1
                                      Loading campaign images.rxx for OFL
17:11:59.325     1,516s      48ms  15796    Custom - 1
17:11:59.344     1,535s      19ms   2224    [AsyncGameResLoader Thread] DONE Load RXX 'Trees.rxa'
17:11:59.350     1,542s       7ms   7236    [AsyncGameResLoader MainTh] [UpdateStateIdle] GenTextures RT = rxTrees Stage = lsGenMain
                                      Loading campaign images.rxx for OER
17:11:59.367     1,559s      17ms  15796    Custom - 1
17:11:59.372     1,564s       5ms   7236    [AsyncGameResLoader MainTh] [UpdateStateIdle] DONE
17:11:59.378     1,570s       6ms   2224    [AsyncGameResLoader Thread] RT = rxTrees Stage = lsOverload
17:11:59.385     1,577s       7ms   2224    [AsyncGameResLoader Thread] OverloadFromFolder RT = rxTrees
17:11:59.393     1,585s       8ms   2224    [AsyncGameResLoader Thread] DONE OverloadFromFolder RT = rxTrees
                                      Loading campaign images.rxx for TBK
17:11:59.409     1,601s      16ms  15796    Custom - 1
17:11:59.415     1,607s       6ms   7236    [AsyncGameResLoader MainTh] [UpdateStateIdle] GenTextures RT = rxTrees Stage = lsGenOverload
17:11:59.422     1,613s       6ms   7236    [AsyncGameResLoader MainTh] [UpdateStateIdle] DONE
17:11:59.428     1,619s       6ms   2224    [AsyncGameResLoader Thread] RT = rxHouses Stage = lsLoad
17:11:59.433     1,625s       6ms   2224    [AsyncGameResLoader Thread] Start Load RXX 'Houses.rxx'
17:11:59.439     1,631s       6ms   2224    Load Sprites started
17:11:59.445     1,636s       5ms   2224    Houses - 2582
                                      Loading campaign images.rxx for TPR
17:11:59.473     1,665s      28ms  15796    Custom - 1
                                      Loading campaign images.rxx for TSK
17:11:59.512     1,704s      39ms  15796    Custom - 1
                                      Loading campaign images.rxx for TUA
17:11:59.544     1,736s      32ms  15796    Custom - 1
17:11:59.637     1,829s      93ms   2224    Load Sprites Done
                                      Loading campaign images.rxx for TMR
17:11:59.689     1,880s      51ms  15796    Custom - 1
17:11:59.770     1,962s      82ms   2224    [AsyncGameResLoader Thread] DONE Load RXX 'Houses.rxa'
17:11:59.776     1,968s       6ms   7236    [AsyncGameResLoader MainTh] [UpdateStateIdle] GenTextures RT = rxHouses Stage = lsGenMain
17:11:59.793     1,985s      17ms   7236    [AsyncGameResLoader MainTh] [UpdateStateIdle] DONE
17:11:59.800     1,992s       7ms   2224    [AsyncGameResLoader Thread] RT = rxHouses Stage = lsOverload
17:11:59.806     1,997s       5ms   2224    [AsyncGameResLoader Thread] OverloadFromFolder RT = rxHouses
17:11:59.910     2,102s     105ms   2224    [AsyncGameResLoader Thread] DONE OverloadFromFolder RT = rxHouses
17:11:59.918     2,109s       7ms   7236    [AsyncGameResLoader MainTh] [UpdateStateIdle] GenTextures RT = rxHouses Stage = lsGenOverload
17:11:59.924     2,115s       6ms   7236    [AsyncGameResLoader MainTh] [UpdateStateIdle] DONE
17:11:59.929     2,120s       5ms   2224    [AsyncGameResLoader Thread] RT = rxUnits Stage = lsLoad
17:11:59.935     2,127s       7ms   2224    [AsyncGameResLoader Thread] Start Load RXX 'Units.rxx'
17:11:59.941     2,133s       6ms   2224    Load Sprites started
17:11:59.947     2,139s       6ms   2224    Units - 14842
17:12:00.695     2,887s     748ms   7036    Error while loading game info from save of unsupported version r15833
17:12:00.702     2,893s       6ms   7036    Error while loading game info from save of unsupported version r15833
17:12:00.708     2,899s       6ms   7036    Error while loading game info from save of unsupported version r15833
17:12:00.713     2,905s       6ms   7036    Error while loading game info from save of unsupported version r15833
17:12:00.719     2,911s       5ms   7036    Error while loading game info from save of unsupported version r15833
17:12:00.726     2,918s       7ms   7036    Error while loading game info from save of unsupported version r15833
17:12:00.733     2,924s       5ms   7036    Error while loading game info from save of unsupported version r15833
17:12:00.739     2,930s       6ms   7036    Error while loading game info from save of unsupported version r15833
17:12:00.744     2,936s       6ms   7036    Error while loading game info from save of unsupported version r15833
17:12:00.750     2,942s       6ms   7036    Error loading save 'Bridge Disaster'
17:12:00.756     2,948s       6ms   7036    Error loading save 'Bridge Disaster 2024-07-21 #1'
17:12:00.763     2,954s       6ms   7036    Error loading save 'Bridge Disaster 2024-07-22 #1'
17:12:00.769     2,960s       6ms   7036    Error loading save 'Bridge Disaster 2024-07-24 #1'
17:12:00.774     2,966s       6ms   7036    Error while loading game info from save of unsupported version r15833
17:12:00.781     2,972s       6ms   7036    Error loading save 'Nowa Misja 2024-08-11 #1'
17:12:00.787     2,979s       7ms   7036    Error loading save 'Nowa Misja 2024-08-11 #2'
17:12:00.792     2,984s       5ms   7036    Error loading save 'Nowa Misja 2024-08-11 #3'
17:12:00.798     2,990s       6ms   7036    Error loading save 'TMR09 2024-08-05 #1'
17:12:00.805     2,997s       7ms   7036    Error loading save 'TSK 1 2024-10-30 #2'
17:12:00.810     3,002s       5ms   7036    Error loading save 'TSK 18 2024-10-30 #6'
17:12:00.816     3,008s       6ms   7036    Error loading save 'TSK 2 2024-10-30 #5'
17:12:00.822     3,014s       6ms   7036    Error loading save 'TSK 20 2024-10-30 #1'
17:12:00.829     3,020s       6ms   7036    Error loading save 'TSK 3 2024-10-30 #3'
17:12:00.834     3,026s       6ms   7036    Error loading save 'TSK 6 2024-10-30 #4'
17:12:00.841     3,032s       6ms   7036    Error loading save 'TUA22'
17:12:01.434     3,625s     593ms   2224    Load Sprites Done
17:12:01.827     4,019s     394ms   7236    LoadGameResources ... AlphaShadows: True. Forced: False
17:12:01.834     4,026s       7ms   7236    TKMResSprites.LoadGameResources
17:12:02.500     4,692s     666ms   2224    [AsyncGameResLoader Thread] DONE Load RXX 'Units.rxa'
17:12:02.506     4,698s       6ms   7236    [AsyncGameResLoader MainTh] [LoadGameResources] GenTextures RT = rxUnits Stage = lsGenMain
17:12:02.568     4,759s      61ms   7236    [AsyncGameResLoader MainTh] [LoadGameResources] DONE
17:12:02.573     4,765s       6ms   2224    [AsyncGameResLoader Thread] RT = rxUnits Stage = lsOverload
17:12:02.578     4,770s       5ms   2224    [AsyncGameResLoader Thread] OverloadFromFolder RT = rxUnits
17:12:03.596     5,788s    1018ms   2224    [AsyncGameResLoader Thread] DONE OverloadFromFolder RT = rxUnits
17:12:03.602     5,794s       6ms   7236    [AsyncGameResLoader MainTh] [LoadGameResources] GenTextures RT = rxUnits Stage = lsGenOverload
17:12:03.608     5,800s       6ms   7236    [AsyncGameResLoader Thread] Stopped
17:12:03.614     5,805s       5ms   7236    [AsyncGameResLoader MainTh] [LoadGameResources] DONE
17:12:03.620     5,812s       7ms   7236    Resource loading state - Game
17:12:03.626     5,817s       5ms   7236    Saving dev settings to file 'kmr_dev.xml'
17:12:03.669     5,861s      44ms   7236    <== Game creation is done ==>
17:12:03.676     5,867s       6ms   7236    Loading game from: E:\programowanie\projekty delphi\kam_expansion\Saves\autosave01\autosave01.sav
17:12:03.683     5,875s       8ms   7236    Terrain loaded
17:12:03.711     5,903s      28ms   7236    Interface loaded
17:12:03.718     5,910s       7ms   7236    Set game seed: 1824376044
17:12:03.735     5,926s      16ms   7236    Loading game ... done
17:12:03.741     5,933s       6ms   7236    After game loading
17:12:03.792     5,984s      51ms   7236    Game options: PT = 0; SpeedPT = 1; SpeedAfterPT = 1; Seed = 0; Difficulty = mdNone
17:12:03.798     5,990s       5ms   7236    After game loading ... done
17:12:38.269    40,460s   34470ms   7236    Issue gicGameAutoSave command at tick 42000
17:12:38.276    40,468s       8ms   7236    Saving game at tick 42000 to 'E:\programowanie\projekty delphi\kam_expansion\Saves\autosave\autosave.sav'
17:12:54.950    57,141s   16673ms   7236    Issue gicGameAutoSave command at tick 42600
17:12:54.956    57,148s       7ms   7236    Saving game at tick 42600 to 'E:\programowanie\projekty delphi\kam_expansion\Saves\autosave\autosave.sav'
17:13:03.220    65,411s    8263ms   7236    Issue gicGameAutoSave command at tick 43200
17:13:03.225    65,417s       6ms   7236    Saving game at tick 43200 to 'E:\programowanie\projekty delphi\kam_expansion\Saves\autosave\autosave.sav'
17:13:12.870    75,061s    9644ms   7236    Issue gicGameAutoSave command at tick 43800
17:13:12.876    75,068s       7ms   7236    Saving game at tick 43800 to 'E:\programowanie\projekty delphi\kam_expansion\Saves\autosave\autosave.sav'
17:13:28.747    90,939s   15871ms   7236    Saving dev settings to file 'kmr_dev.xml'
17:13:30.144    92,336s    1397ms   7236    Saving dev settings to file 'kmr_dev.xml'
17:13:30.326    92,517s     181ms   7236    Saving dev settings to file 'kmr_dev.xml'
17:13:38.007   100,199s    7681ms   7236    Issue gicGameAutoSave command at tick 44400
17:13:38.014   100,206s       7ms   7236    Saving game at tick 44400 to 'E:\programowanie\projekty delphi\kam_expansion\Saves\autosave\autosave.sav'
17:13:38.933   101,124s     918ms   7236    Saving dev settings to file 'kmr_dev.xml'
17:13:39.928   102,119s     995ms   7236    Saving dev settings to file 'kmr_dev.xml'
17:13:40.274   102,466s     347ms   7236    Saving dev settings to file 'kmr_dev.xml'
17:13:40.515   102,707s     241ms   7236    Saving dev settings to file 'kmr_dev.xml'
17:13:40.612   102,804s      97ms   7236    Saving dev settings to file 'kmr_dev.xml'
17:13:52.085   114,276s   11472ms   7236    Make savepoint at tick 44999
17:13:52.101   114,292s      16ms   7236    Issue gicGameAutoSave command at tick 45000
17:13:52.107   114,298s       6ms   7236    Saving game at tick 45000 to 'E:\programowanie\projekty delphi\kam_expansion\Saves\autosave\autosave.sav'
17:14:08.302   130,493s   16195ms   7236    Issue gicGameAutoSave command at tick 45600
17:14:08.308   130,499s       6ms   7236    Saving game at tick 45600 to 'E:\programowanie\projekty delphi\kam_expansion\Saves\autosave\autosave.sav'
17:14:43.785   165,976s   35477ms   7236    Issue gicGameAutoSave command at tick 46200
17:14:43.792   165,984s       8ms   7236    Saving game at tick 46200 to 'E:\programowanie\projekty delphi\kam_expansion\Saves\autosave\autosave.sav'
17:14:55.638   177,830s   11846ms   7236    Issue gicGameAutoSave command at tick 46800
17:14:55.644   177,836s       6ms   7236    Saving game at tick 46800 to 'E:\programowanie\projekty delphi\kam_expansion\Saves\autosave\autosave.sav'
17:15:01.852   184,043s    6207ms   7236    Saving dev settings to file 'kmr_dev.xml'
17:15:14.745   196,936s   12893ms   7236    Saving dev settings to file 'kmr_dev.xml'
17:15:31.948   214,140s   17203ms   7236    Saving dev settings to file 'kmr_dev.xml'
17:15:33.017   215,209s    1069ms   7236    Saving dev settings to file 'kmr_dev.xml'
17:15:33.962   216,154s     945ms   7236    Saving dev settings to file 'kmr_dev.xml'
17:15:35.018   217,210s    1056ms   7236    Issue gicGameAutoSave command at tick 47400
17:15:35.025   217,216s       6ms   7236    Saving game at tick 47400 to 'E:\programowanie\projekty delphi\kam_expansion\Saves\autosave\autosave.sav'
17:15:36.560   218,752s    1536ms   7236    Saving dev settings to file 'kmr_dev.xml'
17:16:02.905   245,096s   26344ms   7236    Issue gicGameAutoSave command at tick 48000
17:16:02.912   245,104s       7ms   7236    Saving game at tick 48000 to 'E:\programowanie\projekty delphi\kam_expansion\Saves\autosave\autosave.sav'
17:16:15.084   257,276s   12171ms   7236    Issue gicGameAutoSave command at tick 48600
17:16:15.090   257,282s       6ms   7236    Saving game at tick 48600 to 'E:\programowanie\projekty delphi\kam_expansion\Saves\autosave\autosave.sav'
17:16:58.252   300,444s   43162ms   7236    Issue gicGameAutoSave command at tick 49200
17:16:58.260   300,452s       8ms   7236    Saving game at tick 49200 to 'E:\programowanie\projekty delphi\kam_expansion\Saves\autosave\autosave.sav'
17:17:19.520   321,711s   21259ms   7236    Issue gicGameAutoSave command at tick 49800
17:17:19.525   321,717s       6ms   7236    Saving game at tick 49800 to 'E:\programowanie\projekty delphi\kam_expansion\Saves\autosave\autosave.sav'
17:17:33.120   335,312s   13595ms   7236    Issue gicGameAutoSave command at tick 50400
17:17:33.126   335,318s       6ms   7236    Saving game at tick 50400 to 'E:\programowanie\projekty delphi\kam_expansion\Saves\autosave\autosave.sav'
17:18:05.352   367,544s   32226ms   7236    Issue gicGameAutoSave command at tick 51000
17:18:05.359   367,551s       7ms   7236    Saving game at tick 51000 to 'E:\programowanie\projekty delphi\kam_expansion\Saves\autosave\autosave.sav'
17:18:11.353   373,545s    5994ms   7236    Issue gicGameAutoSave command at tick 51600
17:18:11.360   373,552s       7ms   7236    Saving game at tick 51600 to 'E:\programowanie\projekty delphi\kam_expansion\Saves\autosave\autosave.sav'
17:18:25.455   387,647s   14095ms   7236    Issue gicGameAutoSave command at tick 52200
17:18:25.460   387,652s       5ms   7236    Saving game at tick 52200 to 'E:\programowanie\projekty delphi\kam_expansion\Saves\autosave\autosave.sav'
17:18:38.420   400,612s   12960ms   7236    Issue gicGameAutoSave command at tick 52800
17:18:38.427   400,618s       6ms   7236    Saving game at tick 52800 to 'E:\programowanie\projekty delphi\kam_expansion\Saves\autosave\autosave.sav'
17:18:45.287   407,478s    6860ms   7236    Issue gicGameAutoSave command at tick 53400
17:18:45.292   407,484s       6ms   7236    Saving game at tick 53400 to 'E:\programowanie\projekty delphi\kam_expansion\Saves\autosave\autosave.sav'
17:18:59.037   421,228s   13743ms   7236    Make savepoint at tick 53999
17:18:59.042   421,234s       6ms   7236    Issue gicGameAutoSave command at tick 54000
17:18:59.048   421,240s       6ms   7236    Saving game at tick 54000 to 'E:\programowanie\projekty delphi\kam_expansion\Saves\autosave\autosave.sav'
17:19:05.903   428,094s    6854ms   7236    Issue gicGameAutoSave command at tick 54600
17:19:05.911   428,102s       8ms   7236    Saving game at tick 54600 to 'E:\programowanie\projekty delphi\kam_expansion\Saves\autosave\autosave.sav'
17:19:20.984   443,176s   15074ms   7236    Issue gicGameAutoSave command at tick 55200
17:19:20.991   443,182s       6ms   7236    Saving game at tick 55200 to 'E:\programowanie\projekty delphi\kam_expansion\Saves\autosave\autosave.sav'
17:19:26.986   449,178s    5996ms   7236    Issue gicGameAutoSave command at tick 55800
17:19:26.992   449,183s       5ms   7236    Saving game at tick 55800 to 'E:\programowanie\projekty delphi\kam_expansion\Saves\autosave\autosave.sav'
17:19:34.168   456,359s    7176ms   7236    Issue gicGameAutoSave command at tick 56400
17:19:34.173   456,365s       6ms   7236    Saving game at tick 56400 to 'E:\programowanie\projekty delphi\kam_expansion\Saves\autosave\autosave.sav'
17:19:42.053   464,245s    7880ms   7236    Issue gicGameAutoSave command at tick 57000
17:19:42.059   464,251s       6ms   7236    Saving game at tick 57000 to 'E:\programowanie\projekty delphi\kam_expansion\Saves\autosave\autosave.sav'
17:19:48.321   470,512s    6261ms   7236    Issue gicGameAutoSave command at tick 57600
17:19:48.327   470,518s       6ms   7236    Saving game at tick 57600 to 'E:\programowanie\projekty delphi\kam_expansion\Saves\autosave\autosave.sav'
17:19:54.319   476,511s    5993ms   7236    Issue gicGameAutoSave command at tick 58200
17:19:54.325   476,516s       5ms   7236    Saving game at tick 58200 to 'E:\programowanie\projekty delphi\kam_expansion\Saves\autosave\autosave.sav'
17:20:00.319   482,510s    5994ms   7236    Issue gicGameAutoSave command at tick 58800
17:20:00.325   482,517s       7ms   7236    Saving game at tick 58800 to 'E:\programowanie\projekty delphi\kam_expansion\Saves\autosave\autosave.sav'
17:20:06.318   488,510s    5993ms   7236    Issue gicGameAutoSave command at tick 59400
17:20:06.326   488,518s       8ms   7236    Saving game at tick 59400 to 'E:\programowanie\projekty delphi\kam_expansion\Saves\autosave\autosave.sav'
17:20:12.320   494,511s    5993ms   7236    Issue gicGameAutoSave command at tick 60000
17:20:12.325   494,517s       6ms   7236    Saving game at tick 60000 to 'E:\programowanie\projekty delphi\kam_expansion\Saves\autosave\autosave.sav'
17:20:27.418   509,610s   15093ms   7236    Issue gicGameAutoSave command at tick 60600
17:20:27.425   509,616s       6ms   7236    Saving game at tick 60600 to 'E:\programowanie\projekty delphi\kam_expansion\Saves\autosave\autosave.sav'
17:20:49.819   532,010s   22394ms   7236    Issue gicGameAutoSave command at tick 61200
17:20:49.824   532,016s       6ms   7236    Saving game at tick 61200 to 'E:\programowanie\projekty delphi\kam_expansion\Saves\autosave\autosave.sav'
17:21:15.905   558,097s   26080ms   7236    Issue gicGameAutoSave command at tick 61800
17:21:15.914   558,106s       9ms   7236    Saving game at tick 61800 to 'E:\programowanie\projekty delphi\kam_expansion\Saves\autosave\autosave.sav'
17:21:41.519   583,710s   25604ms   7236    Issue gicGameAutoSave command at tick 62400
17:21:41.524   583,716s       6ms   7236    Saving game at tick 62400 to 'E:\programowanie\projekty delphi\kam_expansion\Saves\autosave\autosave.sav'
17:22:05.185   607,377s   23660ms   7236    Make savepoint at tick 62999
17:22:05.192   607,384s       7ms   7236    Issue gicGameAutoSave command at tick 63000
17:22:05.198   607,390s       6ms   7236    Saving game at tick 63000 to 'E:\programowanie\projekty delphi\kam_expansion\Saves\autosave\autosave.sav'
17:22:15.353   617,544s   10154ms   7236    Issue gicGameAutoSave command at tick 63600
17:22:15.359   617,551s       7ms   7236    Saving game at tick 63600 to 'E:\programowanie\projekty delphi\kam_expansion\Saves\autosave\autosave.sav'
17:22:34.487   636,679s   19128ms   7236    Issue gicGameAutoSave command at tick 64200
17:22:34.495   636,687s       8ms   7236    Saving game at tick 64200 to 'E:\programowanie\projekty delphi\kam_expansion\Saves\autosave\autosave.sav'
17:22:41.020   643,211s    6524ms   7236    Issue gicGameAutoSave command at tick 64800
17:22:41.025   643,217s       6ms   7236    Saving game at tick 64800 to 'E:\programowanie\projekty delphi\kam_expansion\Saves\autosave\autosave.sav'
17:22:54.753   656,944s   13727ms   7236    Issue gicGameAutoSave command at tick 65400
17:22:54.758   656,950s       6ms   7236    Saving game at tick 65400 to 'E:\programowanie\projekty delphi\kam_expansion\Saves\autosave\autosave.sav'
17:23:02.905   665,097s    8147ms   7236    Issue gicGameAutoSave command at tick 66000
17:23:02.911   665,103s       6ms   7236    Saving game at tick 66000 to 'E:\programowanie\projekty delphi\kam_expansion\Saves\autosave\autosave.sav'
17:23:10.871   673,062s    7959ms   7236    Issue gicGameAutoSave command at tick 66600
17:23:10.877   673,069s       7ms   7236    Saving game at tick 66600 to 'E:\programowanie\projekty delphi\kam_expansion\Saves\autosave\autosave.sav'
17:23:19.087   681,279s    8210ms   7236    Issue gicGameAutoSave command at tick 67200
17:23:19.093   681,285s       6ms   7236    Saving game at tick 67200 to 'E:\programowanie\projekty delphi\kam_expansion\Saves\autosave\autosave.sav'
17:23:48.405   710,596s   29311ms   7236    Issue gicGameAutoSave command at tick 67800
17:23:48.413   710,604s       7ms   7236    Saving game at tick 67800 to 'E:\programowanie\projekty delphi\kam_expansion\Saves\autosave\autosave.sav'
17:24:07.721   729,913s   19309ms   7236    Issue gicGameAutoSave command at tick 68400
17:24:07.727   729,918s       5ms   7236    Saving game at tick 68400 to 'E:\programowanie\projekty delphi\kam_expansion\Saves\autosave\autosave.sav'
17:24:22.822   745,013s   15095ms   7236    Issue gicGameAutoSave command at tick 69000
17:24:22.829   745,021s       7ms   7236    Saving game at tick 69000 to 'E:\programowanie\projekty delphi\kam_expansion\Saves\autosave\autosave.sav'
17:24:35.973   758,164s   13143ms   7236    Issue gicGameAutoSave command at tick 69600
17:24:35.981   758,172s       8ms   7236    Saving game at tick 69600 to 'E:\programowanie\projekty delphi\kam_expansion\Saves\autosave\autosave.sav'
17:24:42.271   764,462s    6290ms   7236    Issue gicGameAutoSave command at tick 70200
17:24:42.276   764,468s       6ms   7236    Saving game at tick 70200 to 'E:\programowanie\projekty delphi\kam_expansion\Saves\autosave\autosave.sav'
17:24:51.837   774,029s    9561ms   7236    Issue gicGameAutoSave command at tick 70800
17:24:51.843   774,035s       6ms   7236    Saving game at tick 70800 to 'E:\programowanie\projekty delphi\kam_expansion\Saves\autosave\autosave.sav'
17:25:02.620   784,812s   10777ms   7236    Issue gicGameAutoSave command at tick 71400
17:25:02.626   784,817s       5ms   7236    Saving game at tick 71400 to 'E:\programowanie\projekty delphi\kam_expansion\Saves\autosave\autosave.sav'
17:25:07.620   789,812s    4994ms  10092    Error while loading game info from save of unsupported version r15833
17:25:07.627   789,818s       6ms  10092    Error while loading game info from save of unsupported version r15833
17:25:07.633   789,824s       6ms  10092    Error while loading game info from save of unsupported version r15833
17:25:07.638   789,830s       6ms  10092    Error while loading game info from save of unsupported version r15833
17:25:07.644   789,835s       5ms  10092    Error while loading game info from save of unsupported version r15833
17:25:07.650   789,841s       6ms  10092    Error while loading game info from save of unsupported version r15833
17:25:07.655   789,846s       5ms  10092    Error while loading game info from save of unsupported version r15833
17:25:07.661   789,852s       5ms  10092    Error while loading game info from save of unsupported version r15833
17:25:07.666   789,858s       6ms  10092    Error while loading game info from save of unsupported version r15833
17:25:07.673   789,864s       5ms  10092    Error loading save 'Bridge Disaster'
17:25:07.678   789,870s       6ms  10092    Error loading save 'Bridge Disaster 2024-07-21 #1'
17:25:07.684   789,875s       5ms  10092    Error loading save 'Bridge Disaster 2024-07-22 #1'
17:25:07.690   789,881s       6ms  10092    Error loading save 'Bridge Disaster 2024-07-24 #1'
17:25:07.695   789,887s       6ms  10092    Error while loading game info from save of unsupported version r15833
17:25:07.700   789,892s       5ms  10092    Error loading save 'Nowa Misja 2024-08-11 #1'
17:25:07.707   789,898s       6ms  10092    Error loading save 'Nowa Misja 2024-08-11 #2'
17:25:07.712   789,903s       5ms  10092    Error loading save 'Nowa Misja 2024-08-11 #3'
17:25:07.717   789,909s       6ms  10092    Error loading save 'TMR09 2024-08-05 #1'
17:25:07.724   789,916s       7ms  10092    Error loading save 'TSK 1 2024-10-30 #2'
17:25:07.729   789,921s       5ms  10092    Error loading save 'TSK 18 2024-10-30 #6'
17:25:07.735   789,926s       5ms  10092    Error loading save 'TSK 2 2024-10-30 #5'
17:25:07.741   789,932s       6ms  10092    Error loading save 'TSK 20 2024-10-30 #1'
17:25:07.746   789,938s       6ms  10092    Error loading save 'TSK 3 2024-10-30 #3'
17:25:07.751   789,943s       5ms  10092    Error loading save 'TSK 6 2024-10-30 #4'
17:25:07.758   789,949s       6ms  10092    Error loading save 'TUA22'
17:25:08.587   790,779s     830ms   7236    Campaigns.dat saved
17:25:08.603   790,794s      15ms   7236    Gameplay ended - grSilent /
17:25:08.613   790,805s      11ms   7236    LoadGameResources ... AlphaShadows: True. Forced: False
17:25:08.619   790,811s       6ms   7236    Resource loading state - Game
17:25:08.647   790,839s      28ms   7236    Saving dev settings to file 'kmr_dev.xml'
17:25:08.704   790,896s      57ms   7236    <== Game creation is done ==>
17:25:08.710   790,902s       6ms   7236    Loading game from: E:\programowanie\projekty delphi\kam_expansion\Saves\autosave02\autosave02.sav
17:25:08.719   790,910s       8ms   7236    Terrain loaded
17:25:08.750   790,942s      31ms   7236    Interface loaded
17:25:08.757   790,949s       6ms   7236    Set game seed: 63200507
17:25:08.776   790,968s      19ms   7236    Loading game ... done
17:25:08.783   790,974s       6ms   7236    After game loading
17:25:08.804   790,996s      22ms   7236    Game options: PT = 0; SpeedPT = 1; SpeedAfterPT = 1; Seed = 0; Difficulty = mdNone
17:25:08.809   791,001s       5ms   7236    After game loading ... done
17:25:22.020   804,211s   13210ms   7236    Issue gicGameAutoSave command at tick 71400
17:25:22.025   804,217s       6ms   7236    Saving game at tick 71400 to 'E:\programowanie\projekty delphi\kam_expansion\Saves\autosave\autosave.sav'
17:25:35.204   817,395s   13178ms   7236    Make savepoint at tick 71999
17:25:35.211   817,402s       7ms   7236    Issue gicGameAutoSave command at tick 72000
17:25:35.216   817,408s       6ms   7236    Saving game at tick 72000 to 'E:\programowanie\projekty delphi\kam_expansion\Saves\autosave\autosave.sav'
17:25:43.871   826,062s    8654ms   7236    Issue gicGameAutoSave command at tick 72600
17:25:43.879   826,071s       9ms   7236    Saving game at tick 72600 to 'E:\programowanie\projekty delphi\kam_expansion\Saves\autosave\autosave.sav'
17:26:11.953   854,145s   28074ms   7236    Issue gicGameAutoSave command at tick 73200
17:26:11.959   854,151s       6ms   7236    Saving game at tick 73200 to 'E:\programowanie\projekty delphi\kam_expansion\Saves\autosave\autosave.sav'
17:26:36.571   878,763s   24612ms   7236    Issue gicGameAutoSave command at tick 73800
17:26:36.577   878,768s       5ms   7236    Saving game at tick 73800 to 'E:\programowanie\projekty delphi\kam_expansion\Saves\autosave\autosave.sav'
17:26:44.856   887,048s    8279ms   7236    Saving dev settings to file 'kmr_dev.xml'
17:26:50.338   892,530s    5482ms   7236    Issue gicGameAutoSave command at tick 74400
17:26:50.344   892,535s       5ms   7236    Saving game at tick 74400 to 'E:\programowanie\projekty delphi\kam_expansion\Saves\autosave\autosave.sav'
17:26:51.264   893,456s     921ms   7236    Saving dev settings to file 'kmr_dev.xml'
17:26:52.521   894,713s    1257ms  11564    Error while loading game info from save of unsupported version r15833
17:26:52.528   894,719s       6ms  11564    Error while loading game info from save of unsupported version r15833
17:26:52.533   894,725s       6ms  11564    Error while loading game info from save of unsupported version r15833
17:26:52.539   894,731s       6ms  11564    Error while loading game info from save of unsupported version r15833
17:26:52.545   894,736s       5ms  11564    Error while loading game info from save of unsupported version r15833
17:26:52.550   894,741s       5ms  11564    Error while loading game info from save of unsupported version r15833
17:26:52.555   894,747s       6ms  11564    Error while loading game info from save of unsupported version r15833
17:26:52.561   894,753s       6ms  11564    Error while loading game info from save of unsupported version r15833
17:26:52.566   894,758s       5ms  11564    Error while loading game info from save of unsupported version r15833
17:26:52.573   894,765s       7ms  11564    Error loading save 'Bridge Disaster'
17:26:52.579   894,771s       6ms  11564    Error loading save 'Bridge Disaster 2024-07-21 #1'
17:26:52.585   894,776s       5ms  11564    Error loading save 'Bridge Disaster 2024-07-22 #1'
17:26:52.591   894,782s       6ms  11564    Error loading save 'Bridge Disaster 2024-07-24 #1'
17:26:52.595   894,787s       5ms  11564    Error while loading game info from save of unsupported version r15833
17:26:52.601   894,793s       6ms  11564    Error loading save 'Nowa Misja 2024-08-11 #1'
17:26:52.608   894,799s       6ms  11564    Error loading save 'Nowa Misja 2024-08-11 #2'
17:26:52.613   894,805s       6ms  11564    Error loading save 'Nowa Misja 2024-08-11 #3'
17:26:52.619   894,811s       6ms  11564    Error loading save 'TMR09 2024-08-05 #1'
17:26:52.626   894,818s       7ms  11564    Error loading save 'TSK 1 2024-10-30 #2'
17:26:52.631   894,823s       5ms  11564    Error loading save 'TSK 18 2024-10-30 #6'
17:26:52.637   894,828s       5ms  11564    Error loading save 'TSK 2 2024-10-30 #5'
17:26:52.643   894,835s       7ms  11564    Error loading save 'TSK 20 2024-10-30 #1'
17:26:52.648   894,840s       5ms  11564    Error loading save 'TSK 3 2024-10-30 #3'
17:26:52.654   894,845s       5ms  11564    Error loading save 'TSK 6 2024-10-30 #4'
17:26:52.660   894,851s       6ms  11564    Error loading save 'TUA22'
17:27:08.286   910,477s   15626ms   7236    Issue gicGameAutoSave command at tick 75000
17:27:08.292   910,484s       7ms   7236    Saving game at tick 75000 to 'E:\programowanie\projekty delphi\kam_expansion\Saves\autosave\autosave.sav'
17:27:38.537   940,728s   30244ms   7236    Issue gicGameAutoSave command at tick 75600
17:27:38.543   940,735s       7ms   7236    Saving game at tick 75600 to 'E:\programowanie\projekty delphi\kam_expansion\Saves\autosave\autosave.sav'
17:27:44.537   946,729s    5994ms   7236    Issue gicGameAutoSave command at tick 76200
17:27:44.543   946,735s       6ms   7236    Saving game at tick 76200 to 'E:\programowanie\projekty delphi\kam_expansion\Saves\autosave\autosave.sav'
17:28:06.920   969,112s   22377ms   7236    Issue gicGameAutoSave command at tick 76800
17:28:06.929   969,120s       8ms   7236    Saving game at tick 76800 to 'E:\programowanie\projekty delphi\kam_expansion\Saves\autosave\autosave.sav'
17:28:15.628   977,820s    8700ms   7236    Issue gicGameAutoSave command at tick 77400
17:28:15.634   977,825s       5ms   7236    Saving game at tick 77400 to 'E:\programowanie\projekty delphi\kam_expansion\Saves\autosave\autosave.sav'
17:28:34.840   997,032s   19206ms   7236    Issue gicGameAutoSave command at tick 78000
17:28:34.846   997,037s       5ms   7236    Saving game at tick 78000 to 'E:\programowanie\projekty delphi\kam_expansion\Saves\autosave\autosave.sav'
17:28:47.169  1009,361s   12324ms   7236    Issue gicGameAutoSave command at tick 78600
17:28:47.176  1009,367s       6ms   7236    Saving game at tick 78600 to 'E:\programowanie\projekty delphi\kam_expansion\Saves\autosave\autosave.sav'
17:29:06.455  1028,647s   19280ms   7236    Issue gicGameAutoSave command at tick 79200
17:29:06.462  1028,653s       6ms   7236    Saving game at tick 79200 to 'E:\programowanie\projekty delphi\kam_expansion\Saves\autosave\autosave.sav'
17:29:21.121  1043,312s   14659ms   7236    Issue gicGameAutoSave command at tick 79800
17:29:21.128  1043,320s       8ms   7236    Saving game at tick 79800 to 'E:\programowanie\projekty delphi\kam_expansion\Saves\autosave\autosave.sav'
17:29:37.422  1059,613s   16293ms   7236    Issue gicGameAutoSave command at tick 80400
17:29:37.428  1059,620s       7ms   7236    Saving game at tick 80400 to 'E:\programowanie\projekty delphi\kam_expansion\Saves\autosave\autosave.sav'
17:29:55.740  1077,931s   18311ms   7236    Make savepoint at tick 80999
17:29:55.757  1077,948s      17ms   7236    Issue gicGameAutoSave command at tick 81000
17:29:55.763  1077,954s       6ms   7236    Saving game at tick 81000 to 'E:\programowanie\projekty delphi\kam_expansion\Saves\autosave\autosave.sav'
17:30:17.520  1099,712s   21758ms   7236    Issue gicGameAutoSave command at tick 81600
17:30:17.528  1099,719s       7ms   7236    Saving game at tick 81600 to 'E:\programowanie\projekty delphi\kam_expansion\Saves\autosave\autosave.sav'
17:30:23.890  1106,081s    6362ms   7236    Issue gicGameAutoSave command at tick 82200
17:30:23.896  1106,088s       7ms   7236    Saving game at tick 82200 to 'E:\programowanie\projekty delphi\kam_expansion\Saves\autosave\autosave.sav'
17:30:40.006  1122,198s   16110ms   7236    Issue gicGameAutoSave command at tick 82800
17:30:40.012  1122,204s       6ms   7236    Saving game at tick 82800 to 'E:\programowanie\projekty delphi\kam_expansion\Saves\autosave\autosave.sav'
17:31:03.270  1145,461s   23257ms   7236    Issue gicGameAutoSave command at tick 83400
17:31:03.276  1145,467s       6ms   7236    Saving game at tick 83400 to 'E:\programowanie\projekty delphi\kam_expansion\Saves\autosave\autosave.sav'
17:31:13.589  1155,781s   10314ms   7236    Issue gicGameAutoSave command at tick 84000
17:31:13.595  1155,786s       5ms   7236    Saving game at tick 84000 to 'E:\programowanie\projekty delphi\kam_expansion\Saves\autosave\autosave.sav'
17:31:19.590  1161,781s    5995ms   7236    Issue gicGameAutoSave command at tick 84600
17:31:19.597  1161,789s       8ms   7236    Saving game at tick 84600 to 'E:\programowanie\projekty delphi\kam_expansion\Saves\autosave\autosave.sav'
17:31:32.986  1175,178s   13389ms   7236    Issue gicGameAutoSave command at tick 85200
17:31:32.992  1175,184s       6ms   7236    Saving game at tick 85200 to 'E:\programowanie\projekty delphi\kam_expansion\Saves\autosave\autosave.sav'
17:31:42.237  1184,429s    9245ms   7236    Issue gicGameAutoSave command at tick 85800
17:31:42.244  1184,436s       7ms   7236    Saving game at tick 85800 to 'E:\programowanie\projekty delphi\kam_expansion\Saves\autosave\autosave.sav'
17:31:53.887  1196,078s   11642ms   7236    Issue gicGameAutoSave command at tick 86400
17:31:53.893  1196,084s       6ms   7236    Saving game at tick 86400 to 'E:\programowanie\projekty delphi\kam_expansion\Saves\autosave\autosave.sav'
17:32:14.755  1216,946s   20862ms   7236    Issue gicGameAutoSave command at tick 87000
17:32:14.761  1216,953s       7ms   7236    Saving game at tick 87000 to 'E:\programowanie\projekty delphi\kam_expansion\Saves\autosave\autosave.sav'
17:32:41.521  1243,713s   26760ms   7236    Issue gicGameAutoSave command at tick 87600
17:32:41.529  1243,721s       8ms   7236    Saving game at tick 87600 to 'E:\programowanie\projekty delphi\kam_expansion\Saves\autosave\autosave.sav'
17:32:53.387  1255,579s   11858ms   7236    Issue gicGameAutoSave command at tick 88200
17:32:53.393  1255,585s       6ms   7236    Saving game at tick 88200 to 'E:\programowanie\projekty delphi\kam_expansion\Saves\autosave\autosave.sav'
17:33:21.455  1283,646s   28061ms   7236    Issue gicGameAutoSave command at tick 88800
17:33:21.461  1283,652s       6ms   7236    Saving game at tick 88800 to 'E:\programowanie\projekty delphi\kam_expansion\Saves\autosave\autosave.sav'
17:33:52.190  1314,382s   30730ms   7236    Issue gicGameAutoSave command at tick 89400
17:33:52.198  1314,389s       7ms   7236    Saving game at tick 89400 to 'E:\programowanie\projekty delphi\kam_expansion\Saves\autosave\autosave.sav'
17:34:07.722  1329,913s   15524ms   7236    Make savepoint at tick 89999
17:34:07.728  1329,920s       7ms   7236    Issue gicGameAutoSave command at tick 90000
17:34:07.734  1329,926s       6ms   7236    Saving game at tick 90000 to 'E:\programowanie\projekty delphi\kam_expansion\Saves\autosave\autosave.sav'
17:34:51.106  1373,297s   43371ms   7236    Issue gicGameAutoSave command at tick 90600
17:34:51.114  1373,306s       9ms   7236    Saving game at tick 90600 to 'E:\programowanie\projekty delphi\kam_expansion\Saves\autosave\autosave.sav'
17:35:09.089  1391,280s   17974ms   7236    Issue gicGameAutoSave command at tick 91200
17:35:09.095  1391,286s       6ms   7236    Saving game at tick 91200 to 'E:\programowanie\projekty delphi\kam_expansion\Saves\autosave\autosave.sav'
17:35:15.090  1397,281s    5995ms   7236    Issue gicGameAutoSave command at tick 91800
17:35:15.095  1397,287s       6ms   7236    Saving game at tick 91800 to 'E:\programowanie\projekty delphi\kam_expansion\Saves\autosave\autosave.sav'
17:35:32.021  1414,213s   16926ms   7236    Issue gicGameAutoSave command at tick 92400
17:35:32.028  1414,219s       6ms   7236    Saving game at tick 92400 to 'E:\programowanie\projekty delphi\kam_expansion\Saves\autosave\autosave.sav'
17:35:52.858  1435,049s   20830ms   7236    Issue gicGameAutoSave command at tick 93000
17:35:52.865  1435,057s       8ms   7236    Saving game at tick 93000 to 'E:\programowanie\projekty delphi\kam_expansion\Saves\autosave\autosave.sav'
17:36:24.272  1466,463s   31406ms   7236    Issue gicGameAutoSave command at tick 93600
17:36:24.277  1466,469s       6ms   7236    Saving game at tick 93600 to 'E:\programowanie\projekty delphi\kam_expansion\Saves\autosave\autosave.sav'
17:36:40.506  1482,698s   16229ms   7236    Issue gicGameAutoSave command at tick 94200
17:36:40.512  1482,704s       6ms   7236    Saving game at tick 94200 to 'E:\programowanie\projekty delphi\kam_expansion\Saves\autosave\autosave.sav'
17:37:04.229  1506,420s   23716ms   7236    Issue gicGameAutoSave command at tick 94800
17:37:04.238  1506,430s      10ms   7236    Saving game at tick 94800 to 'E:\programowanie\projekty delphi\kam_expansion\Saves\autosave\autosave.sav'
17:37:33.905  1536,097s   29667ms   7236    Issue gicGameAutoSave command at tick 95400
17:37:33.911  1536,103s       6ms   7236    Saving game at tick 95400 to 'E:\programowanie\projekty delphi\kam_expansion\Saves\autosave\autosave.sav'
17:38:02.709  1564,901s   28798ms   7236    Issue gicGameAutoSave command at tick 96000
17:38:02.715  1564,907s       6ms   7236    Saving game at tick 96000 to 'E:\programowanie\projekty delphi\kam_expansion\Saves\autosave\autosave.sav'
17:38:18.920  1581,111s   16204ms   7236    Issue gicGameAutoSave command at tick 96600
17:38:18.927  1581,119s       8ms   7236    Saving game at tick 96600 to 'E:\programowanie\projekty delphi\kam_expansion\Saves\autosave\autosave.sav'
17:38:27.270  1589,462s    8343ms   7236    Issue gicGameAutoSave command at tick 97200
17:38:27.277  1589,469s       7ms   7236    Saving game at tick 97200 to 'E:\programowanie\projekty delphi\kam_expansion\Saves\autosave\autosave.sav'
17:38:35.123  1597,314s    7845ms   7236    Issue gicGameAutoSave command at tick 97800
17:38:35.128  1597,320s       6ms   7236    Saving game at tick 97800 to 'E:\programowanie\projekty delphi\kam_expansion\Saves\autosave\autosave.sav'
17:38:43.622  1605,813s    8493ms   7236    Issue gicGameAutoSave command at tick 98400
17:38:43.627  1605,819s       6ms   7236    Saving game at tick 98400 to 'E:\programowanie\projekty delphi\kam_expansion\Saves\autosave\autosave.sav'
17:38:53.076  1615,268s    9448ms   7236    Make savepoint at tick 98999
17:38:53.082  1615,274s       6ms   7236    Issue gicGameAutoSave command at tick 99000
17:38:53.088  1615,279s       5ms   7236    Saving game at tick 99000 to 'E:\programowanie\projekty delphi\kam_expansion\Saves\autosave\autosave.sav'
17:39:03.339  1625,531s   10252ms   7236    Issue gicGameAutoSave command at tick 99600
17:39:03.345  1625,537s       6ms   7236    Saving game at tick 99600 to 'E:\programowanie\projekty delphi\kam_expansion\Saves\autosave\autosave.sav'
17:39:22.574  1644,766s   19229ms   7236    Issue gicGameAutoSave command at tick 100200
17:39:22.583  1644,774s       8ms   7236    Saving game at tick 100200 to 'E:\programowanie\projekty delphi\kam_expansion\Saves\autosave\autosave.sav'
17:39:40.611  1662,802s   18028ms   7236    Issue gicGameAutoSave command at tick 100800
17:39:40.616  1662,808s       6ms   7236    Saving game at tick 100800 to 'E:\programowanie\projekty delphi\kam_expansion\Saves\autosave\autosave.sav'
17:40:00.724  1682,915s   20107ms   7236    Issue gicGameAutoSave command at tick 101400
17:40:00.729  1682,921s       6ms   7236    Saving game at tick 101400 to 'E:\programowanie\projekty delphi\kam_expansion\Saves\autosave\autosave.sav'
17:40:13.311  1695,502s   12581ms   7236    Issue gicGameAutoSave command at tick 102000
17:40:13.317  1695,509s       7ms   7236    Saving game at tick 102000 to 'E:\programowanie\projekty delphi\kam_expansion\Saves\autosave\autosave.sav'
17:40:36.257  1718,449s   22940ms   7236    Issue gicGameAutoSave command at tick 102600
17:40:36.264  1718,456s       7ms   7236    Saving game at tick 102600 to 'E:\programowanie\projekty delphi\kam_expansion\Saves\autosave\autosave.sav'
17:40:42.740  1724,931s    6475ms  16884    Error while loading game info from save of unsupported version r15833
17:40:42.746  1724,937s       6ms  16884    Error while loading game info from save of unsupported version r15833
17:40:42.751  1724,942s       5ms  16884    Error while loading game info from save of unsupported version r15833
17:40:42.757  1724,949s       7ms  16884    Error while loading game info from save of unsupported version r15833
17:40:42.763  1724,954s       5ms  16884    Error while loading game info from save of unsupported version r15833
17:40:42.768  1724,960s       6ms  16884    Error while loading game info from save of unsupported version r15833
17:40:42.774  1724,966s       6ms  16884    Error while loading game info from save of unsupported version r15833
17:40:42.780  1724,971s       5ms  16884    Error while loading game info from save of unsupported version r15833
17:40:42.786  1724,977s       6ms  16884    Error while loading game info from save of unsupported version r15833
17:40:42.792  1724,984s       7ms  16884    Error loading save 'Bridge Disaster'
17:40:42.797  1724,988s       4ms  16884    Error loading save 'Bridge Disaster 2024-07-21 #1'
17:40:42.803  1724,994s       6ms  16884    Error loading save 'Bridge Disaster 2024-07-22 #1'
17:40:42.809  1725,001s       7ms  16884    Error loading save 'Bridge Disaster 2024-07-24 #1'
17:40:42.814  1725,006s       5ms  16884    Error while loading game info from save of unsupported version r15833
17:40:42.820  1725,012s       6ms  16884    Error loading save 'Nowa Misja 2024-08-11 #1'
17:40:42.826  1725,018s       6ms  16884    Error loading save 'Nowa Misja 2024-08-11 #2'
17:40:42.831  1725,023s       5ms  16884    Error loading save 'Nowa Misja 2024-08-11 #3'
17:40:42.837  1725,028s       5ms  16884    Error loading save 'TMR09 2024-08-05 #1'
17:40:42.843  1725,034s       6ms  16884    Error loading save 'TSK 1 2024-10-30 #2'
17:40:42.848  1725,040s       6ms  16884    Error loading save 'TSK 18 2024-10-30 #6'
17:40:42.853  1725,045s       5ms  16884    Error loading save 'TSK 2 2024-10-30 #5'
17:40:42.860  1725,051s       6ms  16884    Error loading save 'TSK 20 2024-10-30 #1'
17:40:42.864  1725,056s       5ms  16884    Error loading save 'TSK 3 2024-10-30 #3'
17:40:42.871  1725,062s       6ms  16884    Error loading save 'TSK 6 2024-10-30 #4'
17:40:42.876  1725,068s       6ms  16884    Error loading save 'TUA22'
17:40:43.706  1725,898s     830ms   7236    Campaigns.dat saved
17:40:43.723  1725,914s      16ms   7236    Gameplay ended - grSilent /
17:40:43.733  1725,924s      10ms   7236    LoadGameResources ... AlphaShadows: True. Forced: False
17:40:43.739  1725,931s       6ms   7236    Resource loading state - Game
17:40:43.767  1725,958s      27ms   7236    Saving dev settings to file 'kmr_dev.xml'
17:40:43.822  1726,014s      56ms   7236    <== Game creation is done ==>
17:40:43.829  1726,020s       6ms   7236    Loading game from: E:\programowanie\projekty delphi\kam_expansion\Saves\autosave01\autosave01.sav
17:40:43.839  1726,031s      11ms   7236    Terrain loaded
17:40:43.872  1726,063s      32ms   7236    Interface loaded
17:40:43.877  1726,069s       6ms   7236    Set game seed: 705787491
17:40:43.899  1726,091s      22ms   7236    Loading game ... done
17:40:43.906  1726,098s       7ms   7236    After game loading
17:40:43.926  1726,118s      20ms   7236    Game options: PT = 0; SpeedPT = 1; SpeedAfterPT = 1; Seed = 0; Difficulty = mdNone
17:40:43.932  1726,123s       5ms   7236    After game loading ... done
17:41:28.705  1770,897s   44774ms   7236    Issue gicGameAutoSave command at tick 103200
17:41:28.712  1770,903s       6ms   7236    Saving game at tick 103200 to 'E:\programowanie\projekty delphi\kam_expansion\Saves\autosave\autosave.sav'
17:41:47.041  1789,232s   18329ms   7236    Issue gicGameAutoSave command at tick 103800
17:41:47.048  1789,240s       8ms   7236    Saving game at tick 103800 to 'E:\programowanie\projekty delphi\kam_expansion\Saves\autosave\autosave.sav'
17:42:00.026  1802,218s   12978ms   7236    Issue gicGameAutoSave command at tick 104400
17:42:00.032  1802,224s       6ms   7236    Saving game at tick 104400 to 'E:\programowanie\projekty delphi\kam_expansion\Saves\autosave\autosave.sav'
17:42:11.992  1814,183s   11959ms   7236    Issue gicGameAutoSave command at tick 105000
17:42:11.998  1814,190s       7ms   7236    Saving game at tick 105000 to 'E:\programowanie\projekty delphi\kam_expansion\Saves\autosave\autosave.sav'
17:42:25.509  1827,701s   13511ms   7236    Issue gicGameAutoSave command at tick 105600
17:42:25.515  1827,706s       5ms   7236    Saving game at tick 105600 to 'E:\programowanie\projekty delphi\kam_expansion\Saves\autosave\autosave.sav'
17:42:49.311  1851,503s   23797ms   7236    Issue gicGameAutoSave command at tick 106200
17:42:49.320  1851,512s       9ms   7236    Saving game at tick 106200 to 'E:\programowanie\projekty delphi\kam_expansion\Saves\autosave\autosave.sav'
17:43:17.956  1880,148s   28636ms   7236    Issue gicGameAutoSave command at tick 106800
17:43:17.962  1880,154s       6ms   7236    Saving game at tick 106800 to 'E:\programowanie\projekty delphi\kam_expansion\Saves\autosave\autosave.sav'
17:43:43.028  1905,219s   25065ms   7236    Issue gicGameAutoSave command at tick 107400
17:43:43.034  1905,225s       6ms   7236    Saving game at tick 107400 to 'E:\programowanie\projekty delphi\kam_expansion\Saves\autosave\autosave.sav'
17:43:58.126  1920,317s   15092ms   7236    Make savepoint at tick 107999
17:43:58.135  1920,327s      10ms   7236    Issue gicGameAutoSave command at tick 108000
17:43:58.143  1920,334s       7ms   7236    Saving game at tick 108000 to 'E:\programowanie\projekty delphi\kam_expansion\Saves\autosave\autosave.sav'
17:44:13.241  1935,433s   15099ms   7236    Issue gicGameAutoSave command at tick 108600
17:44:13.248  1935,440s       7ms   7236    Saving game at tick 108600 to 'E:\programowanie\projekty delphi\kam_expansion\Saves\autosave\autosave.sav'
17:44:37.443  1959,635s   24195ms   7236    Issue gicGameAutoSave command at tick 109200
17:44:37.449  1959,640s       5ms   7236    Saving game at tick 109200 to 'E:\programowanie\projekty delphi\kam_expansion\Saves\autosave\autosave.sav'
17:44:59.629  1981,821s   22181ms   7236    Issue gicGameAutoSave command at tick 109800
17:44:59.637  1981,828s       7ms   7236    Saving game at tick 109800 to 'E:\programowanie\projekty delphi\kam_expansion\Saves\autosave\autosave.sav'
17:45:05.641  1987,832s    6004ms   7236    Issue gicGameAutoSave command at tick 110400
17:45:05.647  1987,839s       7ms   7236    Saving game at tick 110400 to 'E:\programowanie\projekty delphi\kam_expansion\Saves\autosave\autosave.sav'
17:45:21.559  2003,751s   15912ms   7236    Issue gicGameAutoSave command at tick 111000
17:45:21.565  2003,757s       6ms   7236    Saving game at tick 111000 to 'E:\programowanie\projekty delphi\kam_expansion\Saves\autosave\autosave.sav'
17:45:30.294  2012,486s    8729ms   7236    Issue gicGameAutoSave command at tick 111600
17:45:30.300  2012,492s       6ms   7236    Saving game at tick 111600 to 'E:\programowanie\projekty delphi\kam_expansion\Saves\autosave\autosave.sav'
17:45:43.297  2025,488s   12996ms   7236    Issue gicGameAutoSave command at tick 112200
17:45:43.303  2025,494s       6ms   7236    Saving game at tick 112200 to 'E:\programowanie\projekty delphi\kam_expansion\Saves\autosave\autosave.sav'
17:45:46.965  2029,156s    3662ms   7236    Exception on tick 112377: Assertion failure (KM_UnitActionGoInOut.pas, line 440)
00c678b7 KaM_Expansion.exe KM_UnitActionGoInOut  445 TKMUnitActionGoInOut.Execute
00c84569 KaM_Expansion.exe KM_Units             3421 TKMUnit.UpdateTask
00c84e05 KaM_Expansion.exe KM_Units             3573 TKMUnit.UpdateState
00aef12b KaM_Expansion.exe KM_UnitWarrior       2105 TKMUnitWarrior.UpdateState
008e4e5e KaM_Expansion.exe KM_UnitsCollection    437 TKMUnitsCollection.UpdateState
00c8ec05 KaM_Expansion.exe KM_Hand               514 TKMHandCommon.UpdateState
00c97544 KaM_Expansion.exe KM_Hand              2982 TKMHand.UpdateState
00c65405 KaM_Expansion.exe KM_HandsCollection   1374 TKMHandsCollection.UpdateState
00dd7f16 KaM_Expansion.exe KM_Game              3216 TKMGame.PlayGameTick
00dd851a KaM_Expansion.exe KM_Game              3363 TKMGame.PlayNextTick
00dd7569 KaM_Expansion.exe KM_Game              3000 DoUpdateGame
00dd766e KaM_Expansion.exe KM_Game              3024 TKMGame.UpdateGame
00be42a4 KaM_Expansion.exe KM_GameApp           1578 TKMGameApp.DoGameTick
00beb7f5 KaM_Expansion.exe KM_Main               552 TKMMain.DoIdle
006bf6b5 KaM_Expansion.exe Vcl.Forms                 TApplication.Idle
006be737 KaM_Expansion.exe Vcl.Forms                 TApplication.HandleMessage
006bea69 KaM_Expansion.exe Vcl.Forms                 TApplication.Run
00e66b3b KaM_Expansion.exe KaM_Expansion         480 initialization
00e66b5a KaM_Expansion.exe KaM_Expansion         482 initialization
75e37ba7 KERNEL32.DLL                                BaseThreadInitThunk
17:45:47.002  2029,194s      38ms   7236    Exception occurred [EAssertionFailed]: Assertion failure (KM_UnitActionGoInOut.pas, line 440).
                                      ================================================================================
                                                                      START BUG REPORT                                
                                      ================================================================================
                                      date/time          : 2024-12-25, 17:45:46, 967ms
computer name      : LAPTOP-5CTTUAIM
user name          : szyby
registered owner   : szybyc@wp.pl / HP Inc.
operating system   : Windows 11 x64 build 22631
system language    : Polish
system up time     : 4 hours 42 minutes
program up time    : 33 minutes 49 seconds
processors         : 12x 11th Gen Intel(R) Core(TM) i5-11400F @ 2.60GHz
physical memory    : 25171/32650 MB (free/total)
free disk space    : (C:) 168,48 GB (E:) 653,18 GB
display mode       : 1920x1080, 32 bit
process id         : $4524
allocated memory   : 417,04 MB
largest free block : 1,74 GB
executable         : KaM_Expansion.exe
exec. date/time    : 2024-12-25 17:11
version            : 1.0.0.0
compiled with      : Delphi 11
madExcept version  : 5.1.4
callstack crc      : $73f1d2b6, $ef86af48, $b3438e26
exception number   : 1
exception class    : EAssertionFailed
exception message  : Assertion failure (KM_UnitActionGoInOut.pas, line 440).

main thread ($1c44):
00c678b7 +30b KaM_Expansion.exe KM_UnitActionGoInOut  445  +88 TKMUnitActionGoInOut.Execute
00c84569 +015 KaM_Expansion.exe KM_Units             3421   +2 TKMUnit.UpdateTask
00c84e05 +755 KaM_Expansion.exe KM_Units             3573 +116 TKMUnit.UpdateState
00aef12b +513 KaM_Expansion.exe KM_UnitWarrior       2105  +74 TKMUnitWarrior.UpdateState
008e4e5e +076 KaM_Expansion.exe KM_UnitsCollection    437   +8 TKMUnitsCollection.UpdateState
00c8ec05 +015 KaM_Expansion.exe KM_Hand               514   +1 TKMHandCommon.UpdateState
00c97544 +07c KaM_Expansion.exe KM_Hand              2982  +12 TKMHand.UpdateState
00c65405 +091 KaM_Expansion.exe KM_HandsCollection   1374   +7 TKMHandsCollection.UpdateState
00dd7f16 +1ca KaM_Expansion.exe KM_Game              3216  +43 TKMGame.PlayGameTick
00dd851a +09e KaM_Expansion.exe KM_Game              3363  +15 TKMGame.PlayNextTick
00dd7569 +009 KaM_Expansion.exe KM_Game              3000   +1 DoUpdateGame
00dd766e +0ba KaM_Expansion.exe KM_Game              3024  +15 TKMGame.UpdateGame
00be42a4 +018 KaM_Expansion.exe KM_GameApp           1578   +2 TKMGameApp.DoGameTick
00beb7f5 +08d KaM_Expansion.exe KM_Main               552  +21 TKMMain.DoIdle
006bf6b5 +099 KaM_Expansion.exe Vcl.Forms                      TApplication.Idle
006be737 +017 KaM_Expansion.exe Vcl.Forms                      TApplication.HandleMessage
006bea69 +0d1 KaM_Expansion.exe Vcl.Forms                      TApplication.Run
00e66b3b +077 KaM_Expansion.exe KaM_Expansion         480   +7 initialization
00e66b5a +096 KaM_Expansion.exe KaM_Expansion         482   +9 initialization
75e37ba7 +017 KERNEL32.DLL                                     BaseThreadInitThunk

thread $26dc:
76b84152 +82 KERNELBASE.dll              WaitForSingleObjectEx
76b840bd +0d KERNELBASE.dll              WaitForSingleObject
004e4add +0d KaM_Expansion.exe madExcept CallThreadProcSafe
004e4b42 +32 KaM_Expansion.exe madExcept ThreadExceptFrame
004e4bb8 +a8 KaM_Expansion.exe madExcept ThreadExceptFrame
75e37ba7 +17 KERNEL32.DLL                BaseThreadInitThunk
>> created by main thread ($1c44) at:
78cb0276 +00 nvoglv32.dll

thread $4690:
76b84f79 +189 KERNELBASE.dll              WaitForMultipleObjectsEx
76b84dd3 +013 KERNELBASE.dll              WaitForMultipleObjects
004e4add +00d KaM_Expansion.exe madExcept CallThreadProcSafe
004e4b42 +032 KaM_Expansion.exe madExcept ThreadExceptFrame
004e4bb8 +0a8 KaM_Expansion.exe madExcept ThreadExceptFrame
75e37ba7 +017 KERNEL32.DLL                BaseThreadInitThunk
>> created by main thread ($1c44) at:
78cdea4e +000 nvoglv32.dll

thread $4360:
77062dbc +4c USER32.dll                  MsgWaitForMultipleObjectsEx
7707245a +1a USER32.dll                  MsgWaitForMultipleObjects
004e4add +0d KaM_Expansion.exe madExcept CallThreadProcSafe
004e4b42 +32 KaM_Expansion.exe madExcept ThreadExceptFrame
004e4bb8 +a8 KaM_Expansion.exe madExcept ThreadExceptFrame
75e37ba7 +17 KERNEL32.DLL                BaseThreadInitThunk
>> created by thread $26dc at:
78caa0f7 +00 nvoglv32.dll

thread $4704: <priority:15>
76b84f79 +189 KERNELBASE.dll              WaitForMultipleObjectsEx
76b84dd3 +013 KERNELBASE.dll              WaitForMultipleObjects
004e4add +00d KaM_Expansion.exe madExcept CallThreadProcSafe
004e4b42 +032 KaM_Expansion.exe madExcept ThreadExceptFrame
004e4bb8 +0a8 KaM_Expansion.exe madExcept ThreadExceptFrame
75e37ba7 +017 KERNEL32.DLL                BaseThreadInitThunk
>> created by main thread ($1c44) at:
6cfef555 +000 dsound.DLL

thread $2438: <priority:15>
76b84f79 +189 KERNELBASE.dll              WaitForMultipleObjectsEx
76b84dd3 +013 KERNELBASE.dll              WaitForMultipleObjects
004e4add +00d KaM_Expansion.exe madExcept CallThreadProcSafe
004e4b42 +032 KaM_Expansion.exe madExcept ThreadExceptFrame
004e4bb8 +0a8 KaM_Expansion.exe madExcept ThreadExceptFrame
75e37ba7 +017 KERNEL32.DLL                BaseThreadInitThunk
>> created by main thread ($1c44) at:
6cfef555 +000 dsound.DLL

thread $75c: <priority:15>
76b84152 +82 KERNELBASE.dll              WaitForSingleObjectEx
76b840bd +0d KERNELBASE.dll              WaitForSingleObject
7543857c +8c msvcrt.dll                  _endthreadex
004e4add +0d KaM_Expansion.exe madExcept CallThreadProcSafe
004e4b42 +32 KaM_Expansion.exe madExcept ThreadExceptFrame
004e4bb8 +a8 KaM_Expansion.exe madExcept ThreadExceptFrame
75e37ba7 +17 KERNEL32.DLL                BaseThreadInitThunk
>> created by main thread ($1c44) at:
7543845f +7f msvcrt.dll                  _beginthreadex

thread $29e8: <priority:2>
76b84f79 +189 KERNELBASE.dll              WaitForMultipleObjectsEx
76b84dd3 +013 KERNELBASE.dll              WaitForMultipleObjects
7543857c +08c msvcrt.dll                  _endthreadex
004e4add +00d KaM_Expansion.exe madExcept CallThreadProcSafe
004e4b42 +032 KaM_Expansion.exe madExcept ThreadExceptFrame
004e4bb8 +0a8 KaM_Expansion.exe madExcept ThreadExceptFrame
75e37ba7 +017 KERNEL32.DLL                BaseThreadInitThunk
>> created by main thread ($1c44) at:
7543845f +07f msvcrt.dll                  _beginthreadex

thread $18f8: <priority:15>
76b84152 +82 KERNELBASE.dll              WaitForSingleObjectEx
754383cc +9c msvcrt.dll                  _endthread
004e4add +0d KaM_Expansion.exe madExcept CallThreadProcSafe
004e4b42 +32 KaM_Expansion.exe madExcept ThreadExceptFrame
004e4bb8 +a8 KaM_Expansion.exe madExcept ThreadExceptFrame
75e37ba7 +17 KERNEL32.DLL                BaseThreadInitThunk
>> created by main thread ($1c44) at:
75438291 +71 msvcrt.dll                  _beginthread

thread $1eb4: <priority:14>
76b84f79 +189 KERNELBASE.dll              WaitForMultipleObjectsEx
76b84dd3 +013 KERNELBASE.dll              WaitForMultipleObjects
004e4add +00d KaM_Expansion.exe madExcept CallThreadProcSafe
004e4b42 +032 KaM_Expansion.exe madExcept ThreadExceptFrame
004e4bb8 +0a8 KaM_Expansion.exe madExcept ThreadExceptFrame
75e37ba7 +017 KERNEL32.DLL                BaseThreadInitThunk
>> created by thread $282c at:
6d00970d +000 dsound.DLL

thread $2074: <priority:15>
004e4add +0d KaM_Expansion.exe madExcept CallThreadProcSafe
004e4b42 +32 KaM_Expansion.exe madExcept ThreadExceptFrame
004e4bb8 +a8 KaM_Expansion.exe madExcept ThreadExceptFrame
75e37ba7 +17 KERNEL32.DLL                BaseThreadInitThunk
>> created by thread $282c at:
73e96555 +00 winmm.dll

thread $11b8 (TKMWorkerThread):
76b84152 +082 KERNELBASE.dll                            WaitForSingleObjectEx
76b840bd +00d KERNELBASE.dll                            WaitForSingleObject
0049062e +002 KaM_Expansion.exe System.SysUtils         WaitForSyncWaitObj
0049081f +01f KaM_Expansion.exe System.SysUtils         WaitOrSignalObj
0043b6b1 +065 KaM_Expansion.exe System           20  +0 TMonitor.Wait
0043b6ee +0a2 KaM_Expansion.exe System           20  +0 TMonitor.Wait
0043b726 +022 KaM_Expansion.exe System           20  +0 TMonitor.Wait
006fc471 +0dd KaM_Expansion.exe KM_WorkerThread 153 +27 TKMWorkerThread.Execute
006fc4c9 +135 KaM_Expansion.exe KM_WorkerThread 159 +33 TKMWorkerThread.Execute
006fc543 +1af KaM_Expansion.exe KM_WorkerThread 175 +49 TKMWorkerThread.Execute
004e4bf7 +02b KaM_Expansion.exe madExcept               HookedTThreadExecute
004e4c62 +096 KaM_Expansion.exe madExcept               HookedTThreadExecute
0056cf71 +049 KaM_Expansion.exe System.Classes          ThreadProc
0056cfd4 +0ac KaM_Expansion.exe System.Classes          ThreadProc
0043c4b4 +028 KaM_Expansion.exe System           20  +0 ThreadWrapper
004e4add +00d KaM_Expansion.exe madExcept               CallThreadProcSafe
004e4b42 +032 KaM_Expansion.exe madExcept               ThreadExceptFrame
004e4bb8 +0a8 KaM_Expansion.exe madExcept               ThreadExceptFrame
75e37ba7 +017 KERNEL32.DLL                              BaseThreadInitThunk
>> created by main thread ($1c44) at:
0056d038 +018 KaM_Expansion.exe System.Classes          TThread.Create

thread $46ac (TKMWorkerThread):
76b84152 +082 KERNELBASE.dll                            WaitForSingleObjectEx
76b840bd +00d KERNELBASE.dll                            WaitForSingleObject
0049062e +002 KaM_Expansion.exe System.SysUtils         WaitForSyncWaitObj
0049081f +01f KaM_Expansion.exe System.SysUtils         WaitOrSignalObj
0043b6b1 +065 KaM_Expansion.exe System           20  +0 TMonitor.Wait
0043b6ee +0a2 KaM_Expansion.exe System           20  +0 TMonitor.Wait
0043b726 +022 KaM_Expansion.exe System           20  +0 TMonitor.Wait
006fc471 +0dd KaM_Expansion.exe KM_WorkerThread 153 +27 TKMWorkerThread.Execute
006fc4c9 +135 KaM_Expansion.exe KM_WorkerThread 159 +33 TKMWorkerThread.Execute
006fc543 +1af KaM_Expansion.exe KM_WorkerThread 175 +49 TKMWorkerThread.Execute
004e4bf7 +02b KaM_Expansion.exe madExcept               HookedTThreadExecute
004e4c62 +096 KaM_Expansion.exe madExcept               HookedTThreadExecute
0056cf71 +049 KaM_Expansion.exe System.Classes          ThreadProc
0056cfd4 +0ac KaM_Expansion.exe System.Classes          ThreadProc
0043c4b4 +028 KaM_Expansion.exe System           20  +0 ThreadWrapper
004e4add +00d KaM_Expansion.exe madExcept               CallThreadProcSafe
004e4b42 +032 KaM_Expansion.exe madExcept               ThreadExceptFrame
004e4bb8 +0a8 KaM_Expansion.exe madExcept               ThreadExceptFrame
75e37ba7 +017 KERNEL32.DLL                              BaseThreadInitThunk
>> created by main thread ($1c44) at:
0056d038 +018 KaM_Expansion.exe System.Classes          TThread.Create

thread $15e8 (TKMWorkerThread):
76b84152 +082 KERNELBASE.dll                            WaitForSingleObjectEx
76b840bd +00d KERNELBASE.dll                            WaitForSingleObject
0049062e +002 KaM_Expansion.exe System.SysUtils         WaitForSyncWaitObj
0049081f +01f KaM_Expansion.exe System.SysUtils         WaitOrSignalObj
0043b6b1 +065 KaM_Expansion.exe System           20  +0 TMonitor.Wait
0043b6ee +0a2 KaM_Expansion.exe System           20  +0 TMonitor.Wait
0043b726 +022 KaM_Expansion.exe System           20  +0 TMonitor.Wait
006fc471 +0dd KaM_Expansion.exe KM_WorkerThread 153 +27 TKMWorkerThread.Execute
006fc4c9 +135 KaM_Expansion.exe KM_WorkerThread 159 +33 TKMWorkerThread.Execute
006fc543 +1af KaM_Expansion.exe KM_WorkerThread 175 +49 TKMWorkerThread.Execute
004e4bf7 +02b KaM_Expansion.exe madExcept               HookedTThreadExecute
004e4c62 +096 KaM_Expansion.exe madExcept               HookedTThreadExecute
0056cf71 +049 KaM_Expansion.exe System.Classes          ThreadProc
0056cfd4 +0ac KaM_Expansion.exe System.Classes          ThreadProc
0043c4b4 +028 KaM_Expansion.exe System           20  +0 ThreadWrapper
004e4add +00d KaM_Expansion.exe madExcept               CallThreadProcSafe
004e4b42 +032 KaM_Expansion.exe madExcept               ThreadExceptFrame
004e4bb8 +0a8 KaM_Expansion.exe madExcept               ThreadExceptFrame
75e37ba7 +017 KERNEL32.DLL                              BaseThreadInitThunk
>> created by main thread ($1c44) at:
0056d038 +018 KaM_Expansion.exe System.Classes          TThread.Create

thread $d70 (TKMWorkerThread):
76b84152 +082 KERNELBASE.dll                            WaitForSingleObjectEx
76b840bd +00d KERNELBASE.dll                            WaitForSingleObject
0049062e +002 KaM_Expansion.exe System.SysUtils         WaitForSyncWaitObj
0049081f +01f KaM_Expansion.exe System.SysUtils         WaitOrSignalObj
0043b6b1 +065 KaM_Expansion.exe System           20  +0 TMonitor.Wait
0043b6ee +0a2 KaM_Expansion.exe System           20  +0 TMonitor.Wait
0043b726 +022 KaM_Expansion.exe System           20  +0 TMonitor.Wait
006fc471 +0dd KaM_Expansion.exe KM_WorkerThread 153 +27 TKMWorkerThread.Execute
006fc4c9 +135 KaM_Expansion.exe KM_WorkerThread 159 +33 TKMWorkerThread.Execute
006fc543 +1af KaM_Expansion.exe KM_WorkerThread 175 +49 TKMWorkerThread.Execute
004e4bf7 +02b KaM_Expansion.exe madExcept               HookedTThreadExecute
004e4c62 +096 KaM_Expansion.exe madExcept               HookedTThreadExecute
0056cf71 +049 KaM_Expansion.exe System.Classes          ThreadProc
0056cfd4 +0ac KaM_Expansion.exe System.Classes          ThreadProc
0043c4b4 +028 KaM_Expansion.exe System           20  +0 ThreadWrapper
004e4add +00d KaM_Expansion.exe madExcept               CallThreadProcSafe
004e4b42 +032 KaM_Expansion.exe madExcept               ThreadExceptFrame
004e4bb8 +0a8 KaM_Expansion.exe madExcept               ThreadExceptFrame
75e37ba7 +017 KERNEL32.DLL                              BaseThreadInitThunk
>> created by main thread ($1c44) at:
0056d038 +018 KaM_Expansion.exe System.Classes          TThread.Create

thread $3d48:
76b84f79 +189 KERNELBASE.dll              WaitForMultipleObjectsEx
004e4add +00d KaM_Expansion.exe madExcept CallThreadProcSafe
004e4b42 +032 KaM_Expansion.exe madExcept ThreadExceptFrame
004e4bb8 +0a8 KaM_Expansion.exe madExcept ThreadExceptFrame
75e37ba7 +017 KERNEL32.DLL                BaseThreadInitThunk
>> created by thread $a20 at:
7640587e +000 combase.dll

thread $3a2c:
75e37ba7 +17 KERNEL32.DLL  BaseThreadInitThunk

modules:
00430000 KaM_Expansion.exe               1.0.0.0             E:\programowanie\projekty delphi\kam_expansion
01cb0000 ogg.dll                                             E:\programowanie\projekty delphi\kam_expansion
03760000 vorbis.dll                                          E:\programowanie\projekty delphi\kam_expansion
07de0000 wrap_oal.dll                    2.2.0.5             C:\WINDOWS\SYSTEM32
10000000 vorbisfile.dll                                      E:\programowanie\projekty delphi\kam_expansion
11000000 bass.dll                        2.4.8.1             E:\programowanie\projekty delphi\kam_expansion
13f30000 OpenAL32.dll                    6.14.357.24         C:\WINDOWS\SYSTEM32
50320000 mssprxy.dll                     7.0.22621.4249      C:\WINDOWS\system32
50330000 Windows.FileExplorer.Common.dll 6.2.22621.4541      C:\Windows\System32
503c0000 Windows.UI.dll                  6.2.22621.4541      C:\Windows\System32
504d0000 resourcepolicyclient.dll        6.2.22621.3527      C:\WINDOWS\SYSTEM32
504e0000 nvspcap.dll                     11.0.1.163          C:\WINDOWS\system32
50730000 AppXDeploymentClient.dll        6.2.22621.4541      C:\Windows\System32
50820000 libvlc.dll                      3.0.8.0             E:\programowanie\projekty delphi\kam_expansion\lib\vlc
50850000 libvlccore.dll                  3.0.8.0             E:\programowanie\projekty delphi\kam_expansion\lib\vlc
51170000 windows.staterepositorycore.dll 6.2.22621.4036      C:\WINDOWS\SYSTEM32
51190000 Windows.System.Launcher.dll     6.2.22621.4541      C:\Windows\System32
51330000 FaultRep.dll                    6.2.22621.4541      C:\WINDOWS\SYSTEM32
54610000 CoreUIComponents.dll            6.2.22621.4541      C:\WINDOWS\SYSTEM32
62a20000 nvgpucomp32.dll                 32.0.15.6081        C:\WINDOWS\System32\DriverStore\FileRepository\nvmdi.inf_amd64_2e01d57d451be19f
65d40000 Windows.StateRepositoryPS.dll   6.2.22621.4036      C:\Windows\System32
6ad60000 drvstore.dll                    6.2.22621.4541      C:\WINDOWS\SYSTEM32
6cb90000 midimap.dll                     6.2.22621.2506      C:\WINDOWS\SYSTEM32
6cba0000 MSACM32.dll                     6.2.22621.1         C:\WINDOWS\SYSTEM32
6cbc0000 msacm32.drv                     6.2.22621.2506      C:\WINDOWS\SYSTEM32
6cbd0000 AUDIOSES.DLL                    6.2.22621.4541      C:\WINDOWS\SYSTEM32
6cde0000 AVRT.dll                        6.2.22621.2506      C:\WINDOWS\SYSTEM32
6cdf0000 ksuser.dll                      6.2.22621.1         C:\WINDOWS\SYSTEM32
6ce00000 wdmaud.drv                      6.2.22621.3527      C:\WINDOWS\SYSTEM32
6ce40000 MMDevAPI.DLL                    6.2.22621.4111      C:\WINDOWS\SYSTEM32
6cee0000 msdmo.dll                       6.2.22621.1         C:\WINDOWS\SYSTEM32
6cef0000 ResampleDmo.DLL                 6.2.22621.2506      C:\WINDOWS\SYSTEM32
6cf90000 winmmbase.dll                   6.2.22621.1         C:\WINDOWS\SYSTEM32
6cfb0000 dsound.DLL                      6.2.22621.3527      C:\WINDOWS\SYSTEM32
6d1a0000 UMPDC.dll                       6.2.22621.1         C:\WINDOWS\SYSTEM32
6d1b0000 powrprof.dll                    6.2.22621.3958      C:\WINDOWS\SYSTEM32
6ed80000 WINSTA.dll                      6.2.22621.4541      C:\WINDOWS\SYSTEM32
6f020000 dwmapi.dll                      6.2.22621.4541      C:\WINDOWS\SYSTEM32
6f480000 devobj.dll                      6.2.22621.2506      C:\WINDOWS\SYSTEM32
6f4b0000 dxcore.dll                      6.2.22621.4541      C:\WINDOWS\SYSTEM32
6f4e0000 GLU32.dll                       6.2.22621.2506      C:\WINDOWS\SYSTEM32
70d70000 opengl32.dll                    6.2.22621.4541      C:\WINDOWS\SYSTEM32
729e0000 CoreMessaging.dll               6.2.22621.4541      C:\WINDOWS\SYSTEM32
72ab0000 winspool.drv                    6.2.22621.3810      C:\WINDOWS\SYSTEM32
72bf0000 cryptnet.dll                    6.2.22621.1         C:\WINDOWS\SYSTEM32
72c50000 rsaenh.dll                      6.2.22621.4249      C:\WINDOWS\system32
72c90000 msvcp110_win.dll                6.2.22621.1         C:\Windows\System32
72dc0000 TextShaping.dll                 6.2.22621.4541      C:\WINDOWS\SYSTEM32
72e60000 textinputframework.dll          6.2.22621.4541      C:\WINDOWS\SYSTEM32
73560000 CRYPTSP.dll                     6.2.22621.3672      C:\WINDOWS\SYSTEM32
73760000 wldp.dll                        6.2.22621.4541      C:\WINDOWS\SYSTEM32
73830000 srvcli.dll                      6.2.22621.4249      C:\Windows\System32
73850000 iertutil.dll                    11.0.22621.4541     C:\Windows\System32
73b40000 urlmon.dll                      11.0.22621.4169     C:\Windows\System32
73d10000 cfgmgr32.dll                    6.2.22621.2506      C:\WINDOWS\SYSTEM32
73d50000 ntmarta.dll                     6.2.22621.1         C:\WINDOWS\SYSTEM32
73d80000 propsys.dll                     7.0.22621.4249      C:\WINDOWS\system32
73e50000 SspiCli.dll                     6.2.22621.3810      C:\WINDOWS\SYSTEM32
73e80000 msasn1.dll                      6.2.22621.2506      C:\WINDOWS\SYSTEM32
73e90000 winmm.dll                       6.2.22621.4541      C:\WINDOWS\SYSTEM32
73ed0000 wsock32.dll                     6.2.22621.1         C:\WINDOWS\SYSTEM32
73ee0000 uxtheme.dll                     6.2.22621.4541      C:\WINDOWS\system32
73f80000 winhttp.dll                     6.2.22621.4541      C:\WINDOWS\SYSTEM32
74060000 COMCTL32.dll                    6.10.22621.4541     C:\WINDOWS\WinSxS\x86_microsoft.windows.common-controls_6595b64144ccf1df_6.0.22621.4541_none_6ebe089c8800e98b
74330000 SHFolder.dll                    6.2.22621.1         C:\WINDOWS\SYSTEM32
746d0000 kernel.appcore.dll              6.2.22621.3958      C:\WINDOWS\SYSTEM32
746f0000 netutils.dll                    6.2.22621.2506      C:\Windows\System32
74720000 version.dll                     6.2.22621.1         C:\WINDOWS\SYSTEM32
749b0000 profapi.dll                     6.2.22621.4541      C:\WINDOWS\SYSTEM32
749e0000 wintypes.dll                    6.2.22621.3810      C:\WINDOWS\SYSTEM32
74ab0000 windows.storage.dll             6.2.22621.4601      C:\WINDOWS\SYSTEM32
751e0000 CRYPTBASE.DLL                   6.2.22621.1         C:\WINDOWS\SYSTEM32
75260000 USERENV.dll                     6.2.22621.3527      C:\WINDOWS\SYSTEM32
75280000 wtsapi32.dll                    6.2.22621.1         C:\WINDOWS\SYSTEM32
752b0000 WS2_32.dll                      6.2.22621.1         C:\WINDOWS\System32
75320000 WINTRUST.dll                    6.2.22621.4541      C:\WINDOWS\System32
75380000 imagehlp.dll                    6.2.22621.1         C:\WINDOWS\System32
753a0000 GDI32.dll                       6.2.22621.4036      C:\WINDOWS\System32
753d0000 msvcrt.dll                      7.0.22621.2506      C:\WINDOWS\System32
754a0000 SHELL32.dll                     6.2.22621.4541      C:\WINDOWS\System32
75b50000 gdi32full.dll                   6.2.22621.4601      C:\WINDOWS\System32
75c40000 comdlg32.dll                    6.2.22621.4541      C:\WINDOWS\System32
75d00000 ucrtbase.dll                    6.2.22621.3593      C:\WINDOWS\System32
75e20000 KERNEL32.DLL                    6.2.22621.4391      C:\WINDOWS\System32
75f10000 msvcp_win.dll                   6.2.22621.3374      C:\WINDOWS\System32
75f90000 IMM32.DLL                       6.2.22621.3374      C:\WINDOWS\System32
76020000 bcryptPrimitives.dll            6.2.22621.4317      C:\WINDOWS\System32
76090000 coml2.dll                       6.2.22621.3672      C:\WINDOWS\System32
76100000 clbcatq.dll                     2001.12.10941.16384 C:\WINDOWS\System32
76230000 CRYPT32.dll                     6.2.22621.4541      C:\WINDOWS\System32
76340000 bcrypt.dll                      6.2.22621.2506      C:\WINDOWS\System32
76360000 PSAPI.dll                       6.2.22621.1         C:\WINDOWS\System32
76370000 combase.dll                     6.2.22621.4601      C:\WINDOWS\System32
76600000 SETUPAPI.dll                    6.2.22621.2506      C:\WINDOWS\System32
76a40000 KERNELBASE.dll                  6.2.22621.4601      C:\WINDOWS\System32
76d40000 MSCTF.dll                       6.2.22621.4601      C:\WINDOWS\System32
76e50000 shcore.dll                      6.2.22621.4541      C:\WINDOWS\System32
76f20000 oleaut32.dll                    6.2.22621.3672      C:\WINDOWS\System32
76fc0000 advapi32.dll                    6.2.22621.4391      C:\WINDOWS\System32
77040000 USER32.dll                      6.2.22621.4601      C:\WINDOWS\System32
771f0000 shlwapi.dll                     6.2.22621.4541      C:\WINDOWS\System32
773b0000 win32u.dll                      6.2.22621.4460      C:\WINDOWS\System32
773d0000 ole32.dll                       6.2.22621.3958      C:\WINDOWS\System32
77530000 RPCRT4.dll                      6.2.22621.4249      C:\WINDOWS\System32
775f0000 sechost.dll                     6.2.22621.4541      C:\WINDOWS\System32
77690000 ntdll.dll                       6.2.22621.4541      C:\WINDOWS\SYSTEM32
784a0000 nvoglv32.dll                    32.0.15.6081        C:\WINDOWS\System32\DriverStore\FileRepository\nvmdi.inf_amd64_2e01d57d451be19f

hardware:
+ {1ed2bbf9-11f0-4084-b21f-ad83a8e6dcdc}
  - Fax
  - Gwna kolejka wydruku
  - HP Smart Printing
  - Microsoft Print to PDF
  - Microsoft XPS Document Writer
+ {36fc9e60-c465-11cf-8056-444553540000}
  - Gwny koncentrator USB (USB 3.0)
  - Intel(R) USB 3.20 eXtensible Host Controller - 1.20 (Microsoft)
  - Rodzajowy koncentrator USB
  - Rodzajowy koncentrator USB
  - Rodzajowy koncentrator USB SuperSpeed
  - Urzdzenie kompozytowe USB
  - Urzdzenie kompozytowe USB
+ {4d36e966-e325-11ce-bfc1-08002be10318}
  - Komputer oparty na architekturze x64 obsugujcy interfejs ACPI
  - Micro-Star International Co., Ltd. MS-7D15
+ {4d36e967-e325-11ce-bfc1-08002be10318}
  - KXG60ZNV512G KIOXIA
  - Samsung SSD 980 1TB
+ {4d36e968-e325-11ce-bfc1-08002be10318}
  - NVIDIA GeForce RTX 3060 Ti (driver 32.0.15.6081)
+ {4d36e96a-e325-11ce-bfc1-08002be10318}
  - Standardowy kontroler SATA AHCI
+ {4d36e96b-e325-11ce-bfc1-08002be10318}
  - Urzdzenie klawiatury HID
  - Urzdzenie klawiatury HID
+ {4d36e96c-e325-11ce-bfc1-08002be10318}
  - NVIDIA High Definition Audio (driver 1.4.0.1)
  - NVIDIA Virtual Audio Device (Wave Extensible) (WDM) (driver 4.65.0.3)
  - Urzdzenie zgodne ze standardem High Definition Audio
+ {4d36e96e-e325-11ce-bfc1-08002be10318}
  - Generic Monitor (Smart TV)
+ {4d36e96f-e325-11ce-bfc1-08002be10318}
  - Mysz zgodna z HID
+ {4d36e972-e325-11ce-bfc1-08002be10318}
  - Microsoft Kernel Debug Network Adapter
  - Realtek Gaming 2.5GbE Family Controller (driver 10.71.312.2024)
  - WAN Miniport (IKEv2)
  - WAN Miniport (IP)
  - WAN Miniport (IPv6)
  - WAN Miniport (L2TP)
  - WAN Miniport (Network Monitor)
  - WAN Miniport (PPPOE)
  - WAN Miniport (PPTP)
  - WAN Miniport (SSTP)
+ {4d36e97b-e325-11ce-bfc1-08002be10318}
  - Kontroler miejsc do magazynowania firmy Microsoft
  - Standardowy kontroler NVM Express
  - Standardowy kontroler NVM Express
  - Xvdd SCSI Miniport (driver 10.0.22020.1)
+ {4d36e97d-e325-11ce-bfc1-08002be10318}
  - Agregator procesora systemu ACPI
  - Alarm wznawiania ACPI
  - AMD Crash Defender (driver 22.20.0.2)
  - Aplikacja zbierajca informacje o oprogramowaniu urzdze Plug and Play
  - Chodzenie ACPI
  - Chodzenie ACPI
  - Chodzenie ACPI
  - Chodzenie ACPI
  - Chodzenie ACPI
  - Czasomierz systemowy
  - Czasomierz zdarzeniowy wysokiej precyzji
  - Intel(R) GNA - 4C11 (driver 10.1.41.5)
  - Intel(R) Host Bridge/DRAM Registers - 4C53 (driver 10.1.41.5)
  - Intel(R) LPC Controller (B560) - 4387 (driver 10.1.34.10)
  - Intel(R) Management Engine Interface #1 (driver 2131.1.4.0)
  - Intel(R) PCI Express Root Port #21 - 43C4 (driver 10.1.34.10)
  - Intel(R) PCI Express Root Port #6 - 43BD (driver 10.1.34.10)
  - Intel(R) PCI Express Root Port #9 - 43B0 (driver 10.1.34.10)
  - Intel(R) PEG10 - 4C01 (driver 10.1.41.5)
  - Intel(R) Serial IO GPIO Host Controller - INT34C6 (driver 30.100.2051.37)
  - Intel(R) Shared SRAM - 43EF (driver 10.1.34.10)
  - Intel(R) SPI (flash) Controller - 43A4 (driver 10.1.34.10)
  - Intel(R) Watchdog Timer Driver (Intel(R) WDT) (driver 11.7.0.1000)
  - Interfejs zarzdzania Microsoft Windows dla ACPI
  - Interfejs zarzdzania Microsoft Windows dla ACPI
  - Interfejs zarzdzania Microsoft Windows dla ACPI
  - Interfejs zarzdzania Microsoft Windows dla ACPI
  - Interfejs zarzdzania Microsoft Windows dla ACPI
  - Kontroler zgodny ze standardem High Definition Audio
  - Kontroler zgodny ze standardem High Definition Audio
  - Magistrala readresatora urzdze usug pulpitu zdalnego
  - Meneder woluminw
  - Modu wyliczajcy dysku wirtualnego firmy Microsoft
  - Modu wyliczajcy magistrali gwnej UMBus
  - Modu wyliczajcy magistrali kompozytowej
  - Modu wyliczajcy wirtualnej karty sieciowej NDIS
  - Podstawowy sterownik ekranu firmy Microsoft
  - Podstawowy sterownik renderowania firmy Microsoft
  - Procesor numeryczny
  - Programowalny kontroler przerwa
  - Przycisk ACPI Fixed Feature
  - Przycisk upienia ACPI
  - Przycisk zasilania ACPI
  - Serwer PCI funkcji Microsoft Hyper-V
  - Sterownik BIOS zarzdzania systemem firmy Microsoft
  - Sterownik infrastruktury wirtualizacji funkcji Microsoft Hyper-V
  - Sterownik wybierania rda adowania
  - Strefa termiczna ACPI
  - Synaptics SMBus Driver (driver 19.5.19.95)
  - System zgodny ze standardem Microsoft ACPI
  - System zgodny ze standardem Microsoft UEFI
  - Usuga hosta funkcji hypervisor firmy Microsoft
  - Wtyczka aparatu zasilania firmy Intel(R)
  - Zasoby pyty gwnej
  - Zasoby pyty gwnej
  - Zasoby pyty gwnej
  - Zasoby pyty gwnej
  - Zasoby pyty gwnej
  - Zasoby pyty gwnej
  - Zasoby pyty gwnej
  - Zasoby pyty gwnej
  - Zesp gwny PCI Express
+ {50127dc3-0f36-415e-a6cc-4cb3be910b65}
  - 11th Gen Intel(R) Core(TM) i5-11400F @ 2.60GHz
  - 11th Gen Intel(R) Core(TM) i5-11400F @ 2.60GHz
  - 11th Gen Intel(R) Core(TM) i5-11400F @ 2.60GHz
  - 11th Gen Intel(R) Core(TM) i5-11400F @ 2.60GHz
  - 11th Gen Intel(R) Core(TM) i5-11400F @ 2.60GHz
  - 11th Gen Intel(R) Core(TM) i5-11400F @ 2.60GHz
  - 11th Gen Intel(R) Core(TM) i5-11400F @ 2.60GHz
  - 11th Gen Intel(R) Core(TM) i5-11400F @ 2.60GHz
  - 11th Gen Intel(R) Core(TM) i5-11400F @ 2.60GHz
  - 11th Gen Intel(R) Core(TM) i5-11400F @ 2.60GHz
  - 11th Gen Intel(R) Core(TM) i5-11400F @ 2.60GHz
  - 11th Gen Intel(R) Core(TM) i5-11400F @ 2.60GHz
+ {533c5b84-ec70-11d2-9505-00c04f79deaf}
  - Rodzajowa kopia w tle woluminw
  - Rodzajowa kopia w tle woluminw
  - Rodzajowa kopia w tle woluminw
  - Rodzajowa kopia w tle woluminw
+ {5c4c3332-344d-483c-8739-259e934c9cc8}
  - Intel(R) Dynamic Application Loader Host Interface (driver 1.44.2023.710)
  - Intel(R) iCLS Client (driver 1.71.99.0)
  - Intel(R) Management Engine WMI Provider (driver 2408.5.4.0)
+ {62f9c741-b25a-46ce-b54c-9bccce08b6f2}
  - LAPTOP-5CTTUAIM: szybyc@wp.pl:
  - Microsoft Device Association Root Enumerator
  - Microsoft Radio Device Enumeration Bus
  - Microsoft RRAS Root Enumerator
  - POLSATBOX4KLITE-
  - Syntezator SW Microsoft GS Wavetable
+ {745a17a0-74d3-11d0-b6fe-00a0c90f57da}
  - Kontroler systemu zgodny z HID
  - Kontroler systemu zgodny z HID
  - Urzdzenie sterujce uytkownika zgodne z HID
  - Urzdzenie sterujce uytkownika zgodne z HID
  - Urzdzenie wejciowe USB
  - Urzdzenie wejciowe USB
  - Urzdzenie wejciowe USB
  - Urzdzenie wejciowe USB
  - Urzdzenie wejciowe USB
  - Urzdzenie zdefiniowane przez dostawc zgodne z HID
  - Urzdzenie zdefiniowane przez dostawc zgodne z HID
  - Urzdzenie zgodne z HID
+ {c166523c-fe0c-4a94-a586-f1a80cfbbf3e}
  - Cyfrowe urzdzenie audio (S/PDIF) (High Definition Audio Device)
  - Mikrofon (High Definition Audio Device)
  - Smart TV (NVIDIA High Definition Audio)
  - Suchawki (High Definition Audio Device)
+ {f2e7dd72-6468-4e36-b6f1-6488f42c1b52}
  - Oprogramowanie ukadowe urzdzenia

cpu registers:
eax = 1b118170
ebx = 00000000
ecx = 00000000
edx = 0c0d2490
esi = 00e66ac4
edi = 00e66ac4
eip = 00c678b7
esp = 01bffa8c
ebp = 01bffb00

stack dump:
01bffa8c  b7 78 c6 00 de fa ed 0e - 01 00 00 00 07 00 00 00  .x..............
01bffa9c  a0 fa bf 01 b7 78 c6 00 - 70 81 11 1b 00 00 00 00  .....x..p.......
01bffaac  c4 6a e6 00 c4 6a e6 00 - 00 fb bf 01 bc fa bf 01  .j...j..........
01bffabc  88 fb bf 01 9c bb 43 00 - 00 fb bf 01 10 6d ff 09  ......C......m..
01bffacc  00 00 00 00 00 00 00 00 - 00 00 00 00 08 7c c6 00  .............|..
01bffadc  11 6a e6 00 94 a9 89 14 - 11 c9 c3 00 b8 01 00 00  .j..............
01bffaec  00 6d ff 09 00 00 00 00 - b8 01 00 00 48 7b c6 00  .m..........H{..
01bffafc  08 7c c6 00 18 fb bf 01 - 7b c4 43 00 b7 78 c6 00  .|......{.C..x..
01bffb0c  b8 01 00 00 48 7b c6 00 - 08 7c c6 00 40 fb bf 01  ....H{...|..@...
01bffb1c  b7 78 c6 00 10 6d ff 09 - 00 02 00 00 69 00 00 00  .x...m......i...
01bffb2c  4a 00 00 00 53 aa 43 00 - c4 6a e6 00 10 6d ff 00  J...S.C..j...m..
01bffb3c  d0 4f 4c 1b 80 fb bf 01 - 6c 45 c8 00 5c fb bf 01  .OL.....lE..\...
01bffb4c  87 42 e3 00 10 6d ff 00 - 38 ee 0d 1b 28 ee 0d 1b  .B...m..8...(...
01bffb5c  70 fb bf 01 fd 0c c8 00 - 00 00 00 00 38 ee 0d 1b  p...........8...
01bffb6c  e0 ed 0d 1b 80 fb bf 01 - ec 0d c8 00 00 00 80 01  ................
01bffb7c  e0 ed 0d 1b e4 fb bf 01 - 08 4e c8 00 ec fb bf 01  .........N......
01bffb8c  9c bb 43 00 e4 fb bf 01 - 10 6d ff 09 00 00 00 00  ..C......m......
01bffb9c  5a 10 c8 1c 40 95 3b 0f - 00 00 00 00 43 00 00 00  Z...@.;.....C...
01bffbac  53 aa 43 01 48 e8 0d 1b - 10 6d ff 09 51 b4 ae 00  S.C.H....m..Q...
01bffbbc  ec fb bf 01 e4 fb bf 01 - dd 34 c8 00 00 00 00 00  .........4......

disassembling:
[...]
00c6786c       cmp     byte ptr [eax+$11c], 1
00c67873       seta    al
00c67876       mov     edx, [ebp-4]
00c67879       mov     edx, [edx+8]
00c6787c       mov     [edx+$9c], al
00c67882 440   mov     eax, [ebp-4]
00c67885       cmp     dword ptr [eax+$14], 0
00c67889       jz      loc_c678b7
00c6788b       mov     eax, [ebp-4]
00c6788e       mov     eax, [eax+$14]
00c67891       lea     edx, [eax+$14]
00c67894       mov     eax, [ebp-4]
00c67897       add     eax, $1c
00c6789a       call    +$1cd4f1 ($e34d90)     ; KM_Points.KMSamePoint
00c6789f       test    al, al
00c678a1       jnz     loc_c678b7
00c678a3       mov     ecx, $1b8
00c678a8       mov     edx, $c67b48
00c678ad       mov     eax, $c67c08
00c678b2       call    -$82b467 ($43c450)     ; System.@Assert
00c678b7 445 > mov     eax, [ebp-4]
00c678ba       mov     eax, [eax+$24]
00c678bd       mov     edx, [ebp-4]
00c678c0       sub     eax, [edx+$1c]
00c678c3       jno     loc_c678ca
00c678c5       call    -$82d55a ($43a370)     ; System.@IntOver
00c678ca       setnz   dl
00c678cd       mov     eax, [ebp-4]
00c678d0       mov     eax, [eax+8]
00c678d3       mov     ecx, [eax]
00c678d5       call    dword ptr [ecx+$74]
00c678d8       fstp    dword ptr [ebp-$10]
00c678db       wait
00c678dc 447   mov     eax, [ebp-4]
00c678df       movsx   eax, byte ptr [eax+$18]
00c678e3       mov     [ebp-$1c], eax
00c678e6       fild    dword ptr [ebp-$1c]
00c678e9       fmul    dword ptr [ebp-$10]
00c678ec       mov     eax, [ebp-4]
00c678ef       fsubr   dword ptr [eax+$10]
00c678f2       mov     eax, [ebp-4]
[...]
                                      ================================================================================
                                                                       END BUG REPORT                                 
                                      ================================================================================
17:45:47.263  2029,455s     261ms   7236    Creating crash report...
17:45:47.269  2029,461s       6ms   7236    Saving game at tick 112377 to 'E:\programowanie\projekty delphi\kam_expansion\Saves\crashreport\crashreport.sav'
17:45:47.870  2030,062s     601ms   7236    Attached file: E:\programowanie\projekty delphi\kam_expansion\Saves\crashreport\crashreport.sav
17:45:47.875  2030,067s       5ms   7236    Attached file: E:\programowanie\projekty delphi\kam_expansion\Saves\crashreport\crashreport.bas
17:45:47.881  2030,073s       5ms   7236    Attached file: E:\programowanie\projekty delphi\kam_expansion\Saves\crashreport\crashreport.rpl
17:45:47.888  2030,080s       7ms   7236    Attached file: E:\programowanie\projekty delphi\kam_expansion\Saves\crashreport\crashreport.rng
17:45:47.895  2030,087s       6ms   7236    Attached file: E:\programowanie\projekty delphi\kam_expansion\Campaigns\The Shattered Kingdom\TSK09\TSK09.dat
17:45:47.902  2030,093s       6ms   7236    Attached file: E:\programowanie\projekty delphi\kam_expansion\Campaigns\The Shattered Kingdom\TSK09\TSK09.map
17:45:47.908  2030,100s       7ms   7236    Attached file: E:\programowanie\projekty delphi\kam_expansion\Campaigns\The Shattered Kingdom\TSK09\TSK09.txt
17:45:47.914  2030,106s       6ms   7236    Attached file: E:\programowanie\projekty delphi\kam_expansion\Campaigns\The Shattered Kingdom\TSK09\difficulty.script
17:45:47.922  2030,113s       7ms   7236    Attached file: E:\programowanie\projekty delphi\kam_expansion\Campaigns\The Shattered Kingdom\TSK09\TSK09.script
17:45:47.928  2030,120s       7ms   7236    Attached file: E:\programowanie\projekty delphi\kam_expansion\Campaigns\The Shattered Kingdom\TSK09\TSK09.bel.libx
17:45:47.935  2030,127s       7ms   7236    Attached file: E:\programowanie\projekty delphi\kam_expansion\Campaigns\The Shattered Kingdom\TSK09\TSK09.bul.libx
17:45:47.941  2030,133s       6ms   7236    Attached file: E:\programowanie\projekty delphi\kam_expansion\Campaigns\The Shattered Kingdom\TSK09\TSK09.chn.libx
17:45:47.946  2030,138s       5ms   7236    Attached file: E:\programowanie\projekty delphi\kam_expansion\Campaigns\The Shattered Kingdom\TSK09\TSK09.cze.libx
17:45:47.954  2030,145s       6ms   7236    Attached file: E:\programowanie\projekty delphi\kam_expansion\Campaigns\The Shattered Kingdom\TSK09\TSK09.dut.libx
17:45:47.960  2030,152s       7ms   7236    Attached file: E:\programowanie\projekty delphi\kam_expansion\Campaigns\The Shattered Kingdom\TSK09\TSK09.eng.libx
17:45:47.967  2030,158s       6ms   7236    Attached file: E:\programowanie\projekty delphi\kam_expansion\Campaigns\The Shattered Kingdom\TSK09\TSK09.est.libx
17:45:47.973  2030,164s       6ms   7236    Attached file: E:\programowanie\projekty delphi\kam_expansion\Campaigns\The Shattered Kingdom\TSK09\TSK09.fre.libx
17:45:47.978  2030,170s       6ms   7236    Attached file: E:\programowanie\projekty delphi\kam_expansion\Campaigns\The Shattered Kingdom\TSK09\TSK09.ger.libx
17:45:47.984  2030,176s       6ms   7236    Attached file: E:\programowanie\projekty delphi\kam_expansion\Campaigns\The Shattered Kingdom\TSK09\TSK09.hun.libx
17:45:47.990  2030,181s       5ms   7236    Attached file: E:\programowanie\projekty delphi\kam_expansion\Campaigns\The Shattered Kingdom\TSK09\TSK09.ita.libx
17:45:47.996  2030,187s       6ms   7236    Attached file: E:\programowanie\projekty delphi\kam_expansion\Campaigns\The Shattered Kingdom\TSK09\TSK09.kor.libx
17:45:48.000  2030,192s       5ms   7236    Attached file: E:\programowanie\projekty delphi\kam_expansion\Campaigns\The Shattered Kingdom\TSK09\TSK09.lit.libx
17:45:48.006  2030,197s       5ms   7236    Attached file: E:\programowanie\projekty delphi\kam_expansion\Campaigns\The Shattered Kingdom\TSK09\TSK09.nor.libx
17:45:48.010  2030,202s       5ms   7236    Attached file: E:\programowanie\projekty delphi\kam_expansion\Campaigns\The Shattered Kingdom\TSK09\TSK09.pol.libx
17:45:48.015  2030,207s       4ms   7236    Attached file: E:\programowanie\projekty delphi\kam_expansion\Campaigns\The Shattered Kingdom\TSK09\TSK09.ptb.libx
17:45:48.021  2030,213s       6ms   7236    Attached file: E:\programowanie\projekty delphi\kam_expansion\Campaigns\The Shattered Kingdom\TSK09\TSK09.rom.libx
17:45:48.025  2030,217s       4ms   7236    Attached file: E:\programowanie\projekty delphi\kam_expansion\Campaigns\The Shattered Kingdom\TSK09\TSK09.rus.libx
17:45:48.031  2030,222s       5ms   7236    Attached file: E:\programowanie\projekty delphi\kam_expansion\Campaigns\The Shattered Kingdom\TSK09\TSK09.spa.libx
17:45:48.036  2030,227s       5ms   7236    Attached file: E:\programowanie\projekty delphi\kam_expansion\Campaigns\The Shattered Kingdom\TSK09\TSK09.srb.libx
17:45:48.040  2030,232s       5ms   7236    Attached file: E:\programowanie\projekty delphi\kam_expansion\Campaigns\The Shattered Kingdom\TSK09\TSK09.svk.libx
17:45:48.045  2030,237s       5ms   7236    Attached file: E:\programowanie\projekty delphi\kam_expansion\Saves\autosave05\autosave05.sav
17:45:48.050  2030,242s       5ms   7236    Attached file: E:\programowanie\projekty delphi\kam_expansion\Saves\autosave05\autosave05.bas
17:45:48.054  2030,246s       4ms   7236    Attached file: E:\programowanie\projekty delphi\kam_expansion\Saves\autosave05\autosave05.rpl
17:45:48.060  2030,251s       5ms   7236    Attached file: E:\programowanie\projekty delphi\kam_expansion\Saves\autosave05\autosave05.rng
17:45:48.064  2030,255s       4ms   7236    Attached file: E:\programowanie\projekty delphi\kam_expansion\Saves\autosave03\autosave03.sav
17:45:48.069  2030,261s       6ms   7236    Attached file: E:\programowanie\projekty delphi\kam_expansion\Saves\autosave03\autosave03.bas
17:45:48.074  2030,266s       5ms   7236    Attached file: E:\programowanie\projekty delphi\kam_expansion\Saves\autosave03\autosave03.rpl
17:45:48.079  2030,270s       4ms   7236    Attached file: E:\programowanie\projekty delphi\kam_expansion\Saves\autosave03\autosave03.rng
17:45:48.083  2030,275s       5ms   7236    Attached file: E:\programowanie\projekty delphi\kam_expansion\Saves\autosave01\autosave01.sav
17:45:48.089  2030,280s       5ms   7236    Attached file: E:\programowanie\projekty delphi\kam_expansion\Saves\autosave01\autosave01.bas
17:45:48.093  2030,285s       5ms   7236    Attached file: E:\programowanie\projekty delphi\kam_expansion\Saves\autosave01\autosave01.rpl
17:45:48.098  2030,290s       5ms   7236    Attached file: E:\programowanie\projekty delphi\kam_expansion\Saves\autosave01\autosave01.rng
17:45:48.103  2030,294s       4ms   7236    Attaching game loaded file: E:\programowanie\projekty delphi\kam_expansion\Saves\autosave01\autosave01.sav
17:45:48.107  2030,299s       5ms   7236    File already attached: E:\programowanie\projekty delphi\kam_expansion\Saves\autosave01\autosave01.sav
17:45:48.112  2030,304s       5ms   7236    File already attached: E:\programowanie\projekty delphi\kam_expansion\Saves\autosave01\autosave01.bas
17:45:48.117  2030,308s       4ms   7236    File already attached: E:\programowanie\projekty delphi\kam_expansion\Saves\autosave01\autosave01.rpl
17:45:48.122  2030,314s       6ms   7236    File already attached: E:\programowanie\projekty delphi\kam_expansion\Saves\autosave01\autosave01.rng
17:45:48.127  2030,318s       4ms   7236    Crash report created
17:45:48.131  2030,322s       4ms   7236    UI at crash time: MainPanel sizes: (1920;1009), cursor pos: (955;243), 
CtrlDown = nil
CtrlOver = nil
CtrlUp = nil
CtrlFocus = nil
17:45:48.136  2030,327s       5ms   7236    Attached file: E:\programowanie\projekty delphi\kam_expansion\Logs\KaM_2024-12-25_17-11-57-809.log
17:45:48.141  2030,333s       6ms   7236    Attached file: C:\Users\szyby\OneDrive\Dokumenty\My Games\Knights and Merchants Remake\KaM Remake Settings KingDyronMod.xml
