   Timestamp    Elapsed     Delta  Thread    Description
========================
    Date: 2025.01.06
========================
12:20:07.865     0,002s       2ms   6624    Log is up and running. Game version: KaM Expansion: Co-op & World Update
12:20:07.870     0,007s       5ms   6624    Game Load started
12:20:07.882     0,019s      12ms   6624    Start loading 'GameApp settings' from 'C:\Users\szyby\OneDrive\Dokumenty\My Games\Knights and Merchants Remake\KaM Remake Settings KingDyronMod.xml'
12:20:07.888     0,025s       6ms   6624    'GameApp settings' was successfully loaded from 'C:\Users\szyby\OneDrive\Dokumenty\My Games\Knights and Merchants Remake\KaM Remake Settings KingDyronMod.xml'
12:20:07.897     0,034s       5ms   6624    Start saving 'GameApp settings' to 'C:\Users\szyby\OneDrive\Dokumenty\My Games\Knights and Merchants Remake\KaM Remake Settings KingDyronMod.xml'
0135881c KaM_Expansion.exe KM_Settings        106 TKMSettings.SaveToDefaultFile
013588ef KaM_Expansion.exe KM_Settings        113 TKMSettings.SaveToDefaultFile
013584ed KaM_Expansion.exe KM_Settings         59 TKMSettings.Create
01358c2a KaM_Expansion.exe KM_SettingsXML      38 TKMSettingsXML.Create
01358f6b KaM_Expansion.exe KM_GameAppSettings  51 TKMGameAppSettings.Create
0156ce6c KaM_Expansion.exe KM_Main            258 TKMMain.Start
0156d0db KaM_Expansion.exe KM_Main            305 TKMMain.Start
017eeb2b KaM_Expansion.exe KaM_Expansion      480 initialization
017eeb5a KaM_Expansion.exe KaM_Expansion      483 initialization
76c97ba7 KERNEL32.DLL                             BaseThreadInitThunk

12:20:07.935     0,072s      38ms   6624    'GameApp settings' was successfully saved to 'C:\Users\szyby\OneDrive\Dokumenty\My Games\Knights and Merchants Remake\KaM Remake Settings KingDyronMod.xml'
12:20:07.964     0,101s      29ms   6624    Start loading 'Server settings' from 'C:\Users\szyby\OneDrive\Dokumenty\My Games\Knights and Merchants Remake\KaM Remake Server Settings.ini'
12:20:07.970     0,107s       6ms   6624    'Server settings' was successfully loaded from 'C:\Users\szyby\OneDrive\Dokumenty\My Games\Knights and Merchants Remake\KaM Remake Server Settings.ini'
12:20:07.977     0,114s       7ms   6624    Start saving 'Server settings' to 'C:\Users\szyby\OneDrive\Dokumenty\My Games\Knights and Merchants Remake\KaM Remake Server Settings.ini'
0135881c KaM_Expansion.exe KM_Settings       106 TKMSettings.SaveToDefaultFile
013588ef KaM_Expansion.exe KM_Settings       113 TKMSettings.SaveToDefaultFile
013584ed KaM_Expansion.exe KM_Settings        59 TKMSettings.Create
01496274 KaM_Expansion.exe KM_ServerSettings 109 TKMServerSettings.Create
01562377 KaM_Expansion.exe KM_GameApp        213 TKMGameApp.Create
015626a2 KaM_Expansion.exe KM_GameApp        298 TKMGameApp.Create
0156e0e2 KaM_Expansion.exe KM_Main           635 TKMMain.ReinitRender
0156e2ee KaM_Expansion.exe KM_Main           689 TKMMain.ReinitRender
0156cf82 KaM_Expansion.exe KM_Main           281 TKMMain.Start
0156d0db KaM_Expansion.exe KM_Main           305 TKMMain.Start
017eeb2b KaM_Expansion.exe KaM_Expansion     480 initialization
017eeb5a KaM_Expansion.exe KaM_Expansion     483 initialization
76c97ba7 KERNEL32.DLL                            BaseThreadInitThunk

12:20:07.989     0,126s      12ms   6624    'Server settings' was successfully saved to 'C:\Users\szyby\OneDrive\Dokumenty\My Games\Knights and Merchants Remake\KaM Remake Server Settings.ini'
12:20:07.996     0,133s       7ms   6624    Init Render started
12:20:08.139     0,275s     142ms   6624    GL_MAX_TEXTURE_SIZE = 32768
12:20:08.148     0,285s       9ms   6624    GL_MAX_VIEWPORT_DIM = 32768
                                      OpenGL Vendor: NVIDIA Corporation
                                      OpenGL Renderer: NVIDIA GeForce RTX 3060 Ti/PCIe/SSE2
                                      OpenGL Version: 4.6.0 NVIDIA 560.94
12:20:08.173     0,310s      25ms   6624    Init Render Done
12:20:08.180     0,317s       7ms   6624    Resource loading state - None
12:20:08.186     0,323s       6ms   6624    Reading palettes ... done
12:20:08.195     0,332s       9ms   6624    Reading GUI.rx
12:20:08.201     0,338s       6ms   6624    Load Sprites started
12:20:08.208     0,345s       7ms   6624    GUI - 971
12:20:08.226     0,362s      17ms   6624    Load Sprites Done
12:20:08.262     0,399s      37ms   6624    Reading GUIMain.rx
12:20:08.268     0,405s       6ms   6624    Load Sprites started
12:20:08.275     0,412s       7ms   6624    GUIMain - 105
12:20:08.324     0,460s      48ms   6624    Load Sprites Done
12:20:08.379     0,516s      56ms   6624    Reading Tileset.rx
12:20:08.385     0,522s       6ms   6624    Load Sprites started
12:20:08.392     0,529s       7ms   6624    Tileset - 5449
12:20:08.406     0,543s      14ms   6624    Load Sprites Done
12:20:08.413     0,550s       7ms   6624    GenerateTerrainTransitions started. Legacy = False
12:20:08.419     0,555s       5ms   6624    TexId = 5451 GenTilesCnt = 2100
12:20:08.428     0,565s      10ms   6624    TexId = 6051; TexId - fGenTexIdStartI = 600; uniqueTex = 600; totalTex = 1350
12:20:08.435     0,572s       7ms   6624    GeneratedMasks cnt = 20
12:20:08.441     0,578s       6ms   6624    GenerateTerrainTransitions Done
12:20:08.447     0,584s       6ms   6624    GenerateTerrainTransitions started. Legacy = True
12:20:08.453     0,590s       6ms   6624    Legacy: TexId = 4999 GenTilesCntTemp = 2030
12:20:08.460     0,597s       7ms   6624    TexId = 5463; TexId - fGenTexIdStartILegacy = 464; uniqueTex = 464; totalTex = 1044
12:20:08.466     0,603s       6ms   6624    GeneratedMasks cnt = 16
12:20:08.472     0,609s       6ms   6624    GenerateTerrainTransitions Done
12:20:08.579     0,716s     107ms   6624    Load font started
12:20:08.618     0,755s      39ms   6624    Font load took 39ms
12:20:08.625     0,762s       7ms   6624    Read fonts is done
12:20:08.643     0,780s      18ms   6624    ReadGFX is done
12:20:08.649     0,786s       6ms   6624    Resource loading state - Menu
12:20:08.657     0,794s       8ms  13628    OpenAL init started
12:20:09.292     1,429s     635ms   6624    Music init done, 24 tracks found
                                      Loading campaign images.rxx for HKS
12:20:09.320     1,457s      28ms  16368    Custom - 1
12:20:09.328     1,465s       8ms  13628    Pre-LoadSFX init ... done
12:20:09.335     1,472s       7ms  13628    ALC_MONO_SOURCES 255
12:20:09.341     1,478s       6ms  13628    ALC_STEREO_SOURCES 1
12:20:09.350     1,487s       9ms   6624    Main menu init done
12:20:09.357     1,494s       7ms  13628    OpenAL init done
12:20:09.379     1,516s      22ms   6624    Check game folder 'E:\programowanie\projekty delphi\kam_expansion\' generic permissions: READ: granted; WRITE: granted; EXECUTE: granted; folder is writable: 
12:20:09.386     1,523s       7ms   6624    LoadGameResources ... AlphaShadows: True. Forced: True
12:20:09.393     1,530s       7ms   6624    TKMResSprites.LoadGameResources
12:20:09.399     1,536s       6ms   6624    [AsyncGameResLoader Thread] Started
12:20:09.406     1,543s       7ms   6624    Resource loading state - Game
12:20:09.412     1,549s       6ms   6624    ToggleFullscreen
12:20:09.417     1,554s       5ms   6624    Form Width/Height: 1040:782
12:20:09.425     1,562s       8ms   6624    Panel Width/Height: 1024:743
12:20:09.431     1,568s       6ms   2076    [AsyncGameResLoader Thread] RT = rxTrees Stage = lsLoad
12:20:09.437     1,574s       6ms   2076    [AsyncGameResLoader Thread] Start Load RXX 'Trees.rxx'
12:20:09.445     1,582s       7ms   2076    Load Sprites started
12:20:09.453     1,590s       8ms   2076    Trees - 1227
                                      Loading campaign images.rxx for KSN
12:20:09.473     1,610s      20ms  16368    Custom - 1
12:20:09.480     1,617s       7ms   6624    Saving dev settings to file 'kmr_dev.xml'
12:20:09.517     1,654s      37ms   6624    Saving dev settings to file 'kmr_dev.xml'
12:20:09.525     1,662s       8ms   6624    Game Load Done in 1685
                                      Loading campaign images.rxx for KSO
12:20:09.559     1,695s      33ms  16368    Custom - 1
12:20:09.582     1,719s      24ms   2076    Load Sprites Done
                                      Loading campaign images.rxx for KSU
12:20:09.615     1,752s      33ms  16368    Custom - 1
                                      Loading campaign images.rxx for OFL
12:20:09.665     1,802s      50ms  16368    Custom - 1
12:20:09.678     1,815s      13ms   2076    [AsyncGameResLoader Thread] DONE Load RXX 'Trees.rxa'
12:20:09.686     1,823s       8ms   6624    [AsyncGameResLoader MainTh] [UpdateStateIdle] GenTextures RT = rxTrees Stage = lsGenMain
12:20:09.699     1,836s      12ms   6624    [AsyncGameResLoader MainTh] [UpdateStateIdle] DONE
12:20:09.705     1,842s       6ms   2076    [AsyncGameResLoader Thread] RT = rxTrees Stage = lsOverload
12:20:09.712     1,849s       7ms   2076    [AsyncGameResLoader Thread] OverloadFromFolder RT = rxTrees
                                      Loading campaign images.rxx for OER
12:20:09.724     1,861s      12ms   2076    [AsyncGameResLoader Thread] DONE OverloadFromFolder RT = rxTrees
12:20:09.731     1,868s       7ms  16368    Custom - 1
12:20:09.737     1,874s       6ms   6624    [AsyncGameResLoader MainTh] [UpdateStateIdle] GenTextures RT = rxTrees Stage = lsGenOverload
12:20:09.743     1,880s       6ms   6624    [AsyncGameResLoader MainTh] [UpdateStateIdle] DONE
12:20:09.749     1,886s       6ms   2076    [AsyncGameResLoader Thread] RT = rxHouses Stage = lsLoad
12:20:09.758     1,895s       8ms   2076    [AsyncGameResLoader Thread] Start Load RXX 'Houses.rxx'
12:20:09.764     1,901s       6ms   2076    Load Sprites started
                                      Loading campaign images.rxx for TBK
12:20:09.776     1,913s      12ms   2076    Houses - 2710
12:20:09.782     1,919s       6ms  16368    Custom - 1
                                      Loading campaign images.rxx for TPR
12:20:09.846     1,983s      64ms  16368    Custom - 1
12:20:09.853     1,990s       7ms   2076    Load Sprites Done
                                      Loading campaign images.rxx for TSK
12:20:09.899     2,036s      46ms  16368    Custom - 1
                                      Loading campaign images.rxx for TUA
12:20:09.945     2,082s      46ms  16368    Custom - 1
12:20:09.990     2,127s      45ms   2076    [AsyncGameResLoader Thread] DONE Load RXX 'Houses.rxa'
12:20:10.006     2,143s      16ms   6624    [AsyncGameResLoader MainTh] [UpdateStateIdle] GenTextures RT = rxHouses Stage = lsGenMain
12:20:10.022     2,158s      15ms   6624    [AsyncGameResLoader MainTh] [UpdateStateIdle] DONE
12:20:10.029     2,166s       8ms   2076    [AsyncGameResLoader Thread] RT = rxHouses Stage = lsOverload
12:20:10.036     2,172s       6ms   2076    [AsyncGameResLoader Thread] OverloadFromFolder RT = rxHouses
12:20:10.042     2,178s       6ms   2076    [AsyncGameResLoader Thread] DONE OverloadFromFolder RT = rxHouses
12:20:10.084     2,221s      43ms   6624    [AsyncGameResLoader MainTh] [UpdateStateIdle] GenTextures RT = rxHouses Stage = lsGenOverload
12:20:10.091     2,228s       7ms   6624    [AsyncGameResLoader MainTh] [UpdateStateIdle] DONE
12:20:10.097     2,234s       6ms   2076    [AsyncGameResLoader Thread] RT = rxUnits Stage = lsLoad
                                      Loading campaign images.rxx for TMR
12:20:10.110     2,247s      13ms   2076    [AsyncGameResLoader Thread] Start Load RXX 'Units.rxx'
12:20:10.116     2,253s       6ms   2076    Load Sprites started
12:20:10.122     2,259s       6ms  16368    Custom - 1
12:20:10.129     2,266s       7ms   2076    Units - 15213
                                      Loading campaign images.rxx for HKS
12:20:10.617     2,754s     488ms   9144    Custom - 1
                                      Loading campaign images.rxx for KSN
12:20:10.721     2,858s     104ms   9144    Custom - 1
12:20:10.728     2,865s       7ms   2076    Load Sprites Done
                                      Loading campaign images.rxx for KSO
12:20:10.792     2,929s      64ms   9144    Custom - 1
                                      Loading campaign images.rxx for KSU
12:20:10.861     2,997s      68ms   9144    Custom - 1
                                      Loading campaign images.rxx for OFL
12:20:10.911     3,048s      50ms   9144    Custom - 1
                                      Loading campaign images.rxx for OER
12:20:10.955     3,092s      44ms   9144    Custom - 1
                                      Loading campaign images.rxx for TBK
12:20:10.990     3,127s      35ms   9144    Custom - 1
                                      Loading campaign images.rxx for TPR
12:20:11.065     3,202s      75ms   9144    Custom - 1
                                      Loading campaign images.rxx for TSK
12:20:11.103     3,240s      38ms   9144    Custom - 1
12:20:11.123     3,259s      19ms   6624    LoadGameResources ... AlphaShadows: True. Forced: False
12:20:11.129     3,266s       7ms   6624    TKMResSprites.LoadGameResources
12:20:11.875     4,012s     746ms   2076    [AsyncGameResLoader Thread] DONE Load RXX 'Units.rxa'
12:20:11.883     4,020s       8ms   6624    [AsyncGameResLoader MainTh] [LoadGameResources] GenTextures RT = rxUnits Stage = lsGenMain
12:20:11.948     4,085s      65ms   6624    [AsyncGameResLoader MainTh] [LoadGameResources] DONE
12:20:11.955     4,092s       7ms   2076    [AsyncGameResLoader Thread] RT = rxUnits Stage = lsOverload
12:20:11.961     4,098s       6ms   2076    [AsyncGameResLoader Thread] OverloadFromFolder RT = rxUnits
12:20:11.967     4,104s       6ms   2076    [AsyncGameResLoader Thread] DONE OverloadFromFolder RT = rxUnits
12:20:11.973     4,110s       6ms   6624    [AsyncGameResLoader MainTh] [LoadGameResources] GenTextures RT = rxUnits Stage = lsGenOverload
12:20:11.981     4,118s       8ms   6624    [AsyncGameResLoader Thread] Stopped
12:20:11.988     4,125s       7ms   6624    [AsyncGameResLoader MainTh] [LoadGameResources] DONE
                                      Loading campaign images.rxx for TUA
12:20:12.000     4,137s      12ms   6624    Resource loading state - Game
12:20:12.007     4,144s       6ms   9144    Custom - 1
12:20:12.013     4,150s       6ms   6624    Saving dev settings to file 'kmr_dev.xml'
12:20:12.046     4,182s      32ms   6624    <== Game creation is done ==>
12:20:12.053     4,189s       7ms   6624    GameStart
12:20:12.059     4,196s       7ms   6624    Loading DAT file: E:\programowanie\projekty delphi\kam_expansion\Maps\Nowa Misja 2\Nowa Misja 2.dat
12:20:12.066     4,202s       6ms   6624    Loading map file: E:\programowanie\projekty delphi\kam_expansion\Maps\Nowa Misja 2\Nowa Misja 2.map
12:20:12.072     4,208s       6ms   6624    Map file loaded
12:20:12.242     4,379s     171ms   6624    Gameplay recording initialized ... done
12:20:12.249     4,386s       7ms   6624    Game options: PT = 0; SpeedPT = 1; SpeedAfterPT = 1; Seed = 0; Difficulty = mdNone
12:20:12.255     4,392s       5ms   6624    Gameplay initialized ... done
12:20:12.261     4,398s       6ms   6624    After game start
12:20:12.267     4,404s       6ms   6624    Set game seed: 2003412083
12:20:12.274     4,411s       7ms   6624    After game start ... done
                                      Loading campaign images.rxx for TMR
12:20:12.321     4,458s      47ms   9144    Custom - 1
12:20:27.635    19,772s   15314ms   6624    Saving dev settings to file 'kmr_dev.xml'
12:20:28.739    20,876s    1104ms   6624    Stopping game application...
12:20:28.768    20,905s      28ms   6624    Gameplay ended - grSilent /
12:20:28.775    20,912s       7ms   6624    Start saving 'Server settings' to 'C:\Users\szyby\OneDrive\Dokumenty\My Games\Knights and Merchants Remake\KaM Remake Server Settings.ini'
0135881c KaM_Expansion.exe KM_Settings        106 TKMSettings.SaveToDefaultFile
013588ef KaM_Expansion.exe KM_Settings        113 TKMSettings.SaveToDefaultFile
01358528 KaM_Expansion.exe KM_Settings         65 TKMSettings.Destroy
014962ba KaM_Expansion.exe KM_ServerSettings  117 TKMServerSettings.Destroy
00dba764 KaM_Expansion.exe System              23 TObject.Free
01088fe4 KaM_Expansion.exe KromUtils          281 FreeThenNil
015628cf KaM_Expansion.exe KM_GameApp         333 TKMGameApp.Destroy
00dba764 KaM_Expansion.exe System              23 TObject.Free
01088fe4 KaM_Expansion.exe KromUtils          281 FreeThenNil
0156d4fd KaM_Expansion.exe KM_Main            376 TKMMain.Stop
0156d5dc KaM_Expansion.exe KM_Main            405 TKMMain.Stop
017d9c9d KaM_Expansion.exe KM_FormMain       2212 TFormMain.FormClose
01032df7 KaM_Expansion.exe Vcl.Forms              TCustomForm.DoClose
010387e5 KaM_Expansion.exe Vcl.Forms              TCustomForm.Close
01037424 KaM_Expansion.exe Vcl.Forms              TCustomForm.WMClose
00f82cfa KaM_Expansion.exe Vcl.Controls           TControl.WndProc
00f87ec1 KaM_Expansion.exe Vcl.Controls           TWinControl.WndProc
01033a38 KaM_Expansion.exe Vcl.Forms              TCustomForm.WndProc
01033a53 KaM_Expansion.exe Vcl.Forms              TCustomForm.WndProc
017d9789 KaM_Expansion.exe KM_FormMain       2051 TFormMain.WndProc

12:20:28.797    20,934s      22ms   6624    'Server settings' was successfully saved to 'C:\Users\szyby\OneDrive\Dokumenty\My Games\Knights and Merchants Remake\KaM Remake Server Settings.ini'
12:20:29.012    21,149s     215ms   6624    Start saving 'GameApp settings' to 'C:\Users\szyby\OneDrive\Dokumenty\My Games\Knights and Merchants Remake\KaM Remake Settings KingDyronMod.xml'
0135881c KaM_Expansion.exe KM_Settings         106 TKMSettings.SaveToDefaultFile
013588ef KaM_Expansion.exe KM_Settings         113 TKMSettings.SaveToDefaultFile
01358528 KaM_Expansion.exe KM_Settings          65 TKMSettings.Destroy
01358c82 KaM_Expansion.exe KM_SettingsXML       44 TKMSettingsXML.Destroy
01358fae KaM_Expansion.exe KM_GameAppSettings   57 TKMGameAppSettings.Destroy
00dba764 KaM_Expansion.exe System               23 TObject.Free
01088fe4 KaM_Expansion.exe KromUtils           281 FreeThenNil
0156d507 KaM_Expansion.exe KM_Main             378 TKMMain.Stop
0156d5dc KaM_Expansion.exe KM_Main             405 TKMMain.Stop
017d9c9d KaM_Expansion.exe KM_FormMain        2212 TFormMain.FormClose
01032df7 KaM_Expansion.exe Vcl.Forms               TCustomForm.DoClose
010387e5 KaM_Expansion.exe Vcl.Forms               TCustomForm.Close
01037424 KaM_Expansion.exe Vcl.Forms               TCustomForm.WMClose
00f82cfa KaM_Expansion.exe Vcl.Controls            TControl.WndProc
00f87ec1 KaM_Expansion.exe Vcl.Controls            TWinControl.WndProc
01033a38 KaM_Expansion.exe Vcl.Forms               TCustomForm.WndProc
01033a53 KaM_Expansion.exe Vcl.Forms               TCustomForm.WndProc
017d9789 KaM_Expansion.exe KM_FormMain        2051 TFormMain.WndProc
00f873cc KaM_Expansion.exe Vcl.Controls            TWinControl.MainWndProc
00f873e7 KaM_Expansion.exe Vcl.Controls            TWinControl.MainWndProc

12:20:29.027    21,164s      15ms   6624    'GameApp settings' was successfully saved to 'C:\Users\szyby\OneDrive\Dokumenty\My Games\Knights and Merchants Remake\KaM Remake Settings KingDyronMod.xml'
