   Timestamp    Elapsed     Delta  Thread    Description
========================
    Date: 2024.12.25
========================
22:06:58.322     0,001s       1ms  19604    Log is up and running. Game version: KaM Expansion: Co-op & World Update
22:06:58.328     0,007s       6ms  19604    Game Load started
22:06:58.336     0,015s       8ms  19604    Start loading 'GameApp settings' from 'C:\Users\szyby\OneDrive\Dokumenty\My Games\Knights and Merchants Remake\KaM Remake Settings KingDyronMod.xml'
22:06:58.342     0,021s       6ms  19604    'GameApp settings' was successfully loaded from 'C:\Users\szyby\OneDrive\Dokumenty\My Games\Knights and Merchants Remake\KaM Remake Settings KingDyronMod.xml'
22:06:58.359     0,038s       5ms  19604    Start saving 'GameApp settings' to 'C:\Users\szyby\OneDrive\Dokumenty\My Games\Knights and Merchants Remake\KaM Remake Settings KingDyronMod.xml'
00731d44 KaM_Expansion.exe KM_Settings        106 TKMSettings.SaveToDefaultFile
00731e17 KaM_Expansion.exe KM_Settings        113 TKMSettings.SaveToDefaultFile
00731a15 KaM_Expansion.exe KM_Settings         59 TKMSettings.Create
00732152 KaM_Expansion.exe KM_SettingsXML      38 TKMSettingsXML.Create
00732493 KaM_Expansion.exe KM_GameAppSettings  51 TKMGameAppSettings.Create
0094a958 KaM_Expansion.exe KM_Main            258 TKMMain.Start
0094abdc KaM_Expansion.exe KM_Main            305 TKMMain.Start
00bc5b2b KaM_Expansion.exe KaM_Expansion      479 initialization
00bc5b5a KaM_Expansion.exe KaM_Expansion      482 initialization
75e37ba7 KERNEL32.DLL                             BaseThreadInitThunk

22:06:58.396     0,075s      37ms  19604    'GameApp settings' was successfully saved to 'C:\Users\szyby\OneDrive\Dokumenty\My Games\Knights and Merchants Remake\KaM Remake Settings KingDyronMod.xml'
22:06:58.420     0,099s      24ms  19604    Start loading 'Server settings' from 'C:\Users\szyby\OneDrive\Dokumenty\My Games\Knights and Merchants Remake\KaM Remake Server Settings.ini'
22:06:58.426     0,105s       6ms  19604    'Server settings' was successfully loaded from 'C:\Users\szyby\OneDrive\Dokumenty\My Games\Knights and Merchants Remake\KaM Remake Server Settings.ini'
22:06:58.432     0,111s       6ms  19604    Start saving 'Server settings' to 'C:\Users\szyby\OneDrive\Dokumenty\My Games\Knights and Merchants Remake\KaM Remake Server Settings.ini'
00731d44 KaM_Expansion.exe KM_Settings       106 TKMSettings.SaveToDefaultFile
00731e17 KaM_Expansion.exe KM_Settings       113 TKMSettings.SaveToDefaultFile
00731a15 KaM_Expansion.exe KM_Settings        59 TKMSettings.Create
00873bd0 KaM_Expansion.exe KM_ServerSettings 109 TKMServerSettings.Create
0093fcd8 KaM_Expansion.exe KM_GameApp        213 TKMGameApp.Create
0094012a KaM_Expansion.exe KM_GameApp        295 TKMGameApp.Create
0094bc02 KaM_Expansion.exe KM_Main           635 TKMMain.ReinitRender
0094be0e KaM_Expansion.exe KM_Main           689 TKMMain.ReinitRender
0094aa6e KaM_Expansion.exe KM_Main           281 TKMMain.Start
0094abdc KaM_Expansion.exe KM_Main           305 TKMMain.Start
00bc5b2b KaM_Expansion.exe KaM_Expansion     479 initialization
00bc5b5a KaM_Expansion.exe KaM_Expansion     482 initialization
75e37ba7 KERNEL32.DLL                            BaseThreadInitThunk

22:06:58.445     0,124s      13ms  19604    'Server settings' was successfully saved to 'C:\Users\szyby\OneDrive\Dokumenty\My Games\Knights and Merchants Remake\KaM Remake Server Settings.ini'
22:06:58.452     0,131s       7ms  19604    Init Render started
22:06:58.588     0,268s     137ms  19604    GL_MAX_TEXTURE_SIZE = 32768
22:06:58.594     0,274s       6ms  19604    GL_MAX_VIEWPORT_DIM = 32768
                                      OpenGL Vendor: NVIDIA Corporation
                                      OpenGL Renderer: NVIDIA GeForce RTX 3060 Ti/PCIe/SSE2
                                      OpenGL Version: 4.6.0 NVIDIA 560.81
22:06:58.618     0,297s      23ms  19604    Init Render Done
22:06:58.624     0,303s       6ms  19604    Resource loading state - None
22:06:58.630     0,309s       6ms  19604    Reading palettes ... done
22:06:58.638     0,317s       8ms  19604    Reading GUI.rx
22:06:58.645     0,324s       7ms  19604    Load Sprites started
22:06:58.650     0,330s       6ms  19604    GUI - 965
22:06:58.670     0,350s      20ms  19604    Load Sprites Done
22:06:58.706     0,385s      35ms  19604    Reading GUIMain.rx
22:06:58.712     0,392s       7ms  19604    Load Sprites started
22:06:58.718     0,397s       5ms  19604    GUIMain - 105
22:06:58.771     0,450s      53ms  19604    Load Sprites Done
22:06:58.826     0,505s      55ms  19604    Reading Tileset.rx
22:06:58.833     0,512s       7ms  19604    Load Sprites started
22:06:58.839     0,518s       6ms  19604    Tileset - 5449
22:06:58.854     0,534s      16ms  19604    Load Sprites Done
22:06:58.861     0,541s       7ms  19604    GenerateTerrainTransitions started. Legacy = False
22:06:58.867     0,547s       6ms  19604    TexId = 5451 GenTilesCnt = 2030
22:06:58.873     0,553s       6ms  19604    TexId = 6031; TexId - fGenTexIdStartI = 580; uniqueTex = 580; totalTex = 1305
22:06:58.879     0,559s       6ms  19604    GeneratedMasks cnt = 20
22:06:58.885     0,565s       5ms  19604    GenerateTerrainTransitions Done
22:06:58.891     0,571s       6ms  19604    GenerateTerrainTransitions started. Legacy = True
22:06:58.898     0,578s       6ms  19604    Legacy: TexId = 4999 GenTilesCntTemp = 1960
22:06:58.904     0,584s       6ms  19604    TexId = 5447; TexId - fGenTexIdStartILegacy = 448; uniqueTex = 448; totalTex = 1008
22:06:58.910     0,590s       6ms  19604    GeneratedMasks cnt = 16
22:06:58.917     0,596s       6ms  19604    GenerateTerrainTransitions Done
22:06:59.038     0,717s     121ms  19604    Load font started
22:06:59.075     0,755s      38ms  19604    Font load took 38ms
22:06:59.082     0,762s       7ms  19604    Read fonts is done
22:06:59.098     0,778s      16ms  19604    ReadGFX is done
22:06:59.105     0,785s       7ms  19604    Resource loading state - Menu
22:06:59.112     0,792s       7ms  19064    OpenAL init started
22:06:59.512     1,191s     399ms  19604    Music init done, 24 tracks found
                                      Loading campaign images.rxx for HKS
22:06:59.539     1,218s      27ms   7956    Custom - 1
22:06:59.548     1,227s       9ms  19604    Main menu init done
22:06:59.555     1,235s       8ms  19064    Pre-LoadSFX init ... done
22:06:59.562     1,242s       6ms  19064    ALC_MONO_SOURCES 255
22:06:59.569     1,248s       6ms  19064    ALC_STEREO_SOURCES 1
22:06:59.574     1,253s       5ms  19064    OpenAL init done
22:06:59.579     1,259s       6ms  19604    Check game folder 'E:\programowanie\projekty delphi\kam_expansion\' generic permissions: READ: granted; WRITE: granted; EXECUTE: granted; folder is writable: 
22:06:59.586     1,266s       6ms  19604    LoadGameResources ... AlphaShadows: True. Forced: True
22:06:59.592     1,271s       5ms  19604    TKMResSprites.LoadGameResources
22:06:59.598     1,278s       7ms  19604    [AsyncGameResLoader Thread] Started
22:06:59.603     1,283s       5ms  19604    Resource loading state - Game
22:06:59.610     1,289s       6ms  19604    ToggleFullscreen
22:06:59.616     1,295s       6ms  19604    Form Width/Height: 1040:830
22:06:59.623     1,303s       8ms  19604    Panel Width/Height: 1024:791
22:06:59.630     1,309s       6ms  10476    [AsyncGameResLoader Thread] RT = rxTrees Stage = lsLoad
22:06:59.636     1,315s       6ms  10476    [AsyncGameResLoader Thread] Start Load RXX 'Trees.rxx'
22:06:59.643     1,322s       7ms  10476    Load Sprites started
22:06:59.650     1,329s       7ms  10476    Trees - 1214
22:06:59.663     1,343s      14ms  19604    Saving dev settings to file 'kmr_dev.xml'
                                      Loading campaign images.rxx for KSN
22:06:59.678     1,357s      14ms   7956    Custom - 1
22:06:59.694     1,373s      16ms  19604    Saving dev settings to file 'kmr_dev.xml'
22:06:59.706     1,385s      12ms  19604    Game Load Done in 1412
                                      Loading campaign images.rxx for KSO
22:06:59.768     1,447s      62ms   7956    Custom - 1
22:06:59.792     1,471s      24ms  10476    Load Sprites Done
                                      Loading campaign images.rxx for KSU
22:06:59.828     1,507s      36ms   7956    Custom - 1
                                      Loading campaign images.rxx for OFL
22:06:59.878     1,558s      51ms   7956    Custom - 1
22:06:59.889     1,568s      10ms  10476    [AsyncGameResLoader Thread] DONE Load RXX 'Trees.rxa'
22:06:59.900     1,580s      12ms  19604    [AsyncGameResLoader MainTh] [UpdateStateIdle] GenTextures RT = rxTrees Stage = lsGenMain
22:06:59.912     1,591s      11ms  19604    [AsyncGameResLoader MainTh] [UpdateStateIdle] DONE
22:06:59.918     1,597s       6ms  10476    [AsyncGameResLoader Thread] RT = rxTrees Stage = lsOverload
22:06:59.924     1,603s       6ms  10476    [AsyncGameResLoader Thread] OverloadFromFolder RT = rxTrees
                                      Loading campaign images.rxx for OER
22:06:59.936     1,615s      12ms   7956    Custom - 1
22:06:59.943     1,622s       7ms  10476    [AsyncGameResLoader Thread] DONE OverloadFromFolder RT = rxTrees
22:06:59.949     1,629s       7ms  19604    [AsyncGameResLoader MainTh] [UpdateStateIdle] GenTextures RT = rxTrees Stage = lsGenOverload
22:06:59.955     1,635s       6ms  19604    [AsyncGameResLoader MainTh] [UpdateStateIdle] DONE
22:06:59.961     1,640s       5ms  10476    [AsyncGameResLoader Thread] RT = rxHouses Stage = lsLoad
22:06:59.968     1,647s       7ms  10476    [AsyncGameResLoader Thread] Start Load RXX 'Houses.rxx'
22:06:59.975     1,654s       7ms  10476    Load Sprites started
                                      Loading campaign images.rxx for TBK
22:06:59.986     1,666s      12ms  10476    Houses - 2582
22:06:59.993     1,672s       6ms   7956    Custom - 1
                                      Loading campaign images.rxx for TPR
22:07:00.049     1,729s      57ms   7956    Custom - 1
                                      Loading campaign images.rxx for TSK
22:07:00.094     1,773s      44ms   7956    Custom - 1
                                      Loading campaign images.rxx for TUA
22:07:00.126     1,805s      32ms   7956    Custom - 1
22:07:00.206     1,886s      81ms  10476    Load Sprites Done
                                      Loading campaign images.rxx for TMR
22:07:00.278     1,958s      72ms   7956    Custom - 1
22:07:00.340     2,019s      61ms  10476    [AsyncGameResLoader Thread] DONE Load RXX 'Houses.rxa'
22:07:00.346     2,025s       6ms  19604    [AsyncGameResLoader MainTh] [UpdateStateIdle] GenTextures RT = rxHouses Stage = lsGenMain
22:07:00.361     2,040s      15ms  19604    [AsyncGameResLoader MainTh] [UpdateStateIdle] DONE
22:07:00.367     2,046s       6ms  10476    [AsyncGameResLoader Thread] RT = rxHouses Stage = lsOverload
22:07:00.374     2,053s       7ms  10476    [AsyncGameResLoader Thread] OverloadFromFolder RT = rxHouses
22:07:00.516     2,195s     142ms  10476    [AsyncGameResLoader Thread] DONE OverloadFromFolder RT = rxHouses
22:07:00.532     2,211s      16ms  19604    [AsyncGameResLoader MainTh] [UpdateStateIdle] GenTextures RT = rxHouses Stage = lsGenOverload
22:07:00.538     2,218s       7ms  19604    [AsyncGameResLoader MainTh] [UpdateStateIdle] DONE
22:07:00.545     2,225s       7ms  10476    [AsyncGameResLoader Thread] RT = rxUnits Stage = lsLoad
22:07:00.553     2,232s       7ms  10476    [AsyncGameResLoader Thread] Start Load RXX 'Units.rxx'
22:07:00.559     2,239s       7ms  10476    Load Sprites started
22:07:00.566     2,246s       7ms  10476    Units - 14842
22:07:02.063     3,743s    1497ms  10476    Load Sprites Done
22:07:02.520     4,199s     456ms  19604    LoadGameResources ... AlphaShadows: True. Forced: False
22:07:02.526     4,205s       6ms  19604    TKMResSprites.LoadGameResources
22:07:03.139     4,818s     613ms  10476    [AsyncGameResLoader Thread] DONE Load RXX 'Units.rxa'
22:07:03.145     4,824s       6ms  19604    [AsyncGameResLoader MainTh] [LoadGameResources] GenTextures RT = rxUnits Stage = lsGenMain
22:07:03.204     4,883s      59ms  19604    [AsyncGameResLoader MainTh] [LoadGameResources] DONE
22:07:03.211     4,891s       8ms  10476    [AsyncGameResLoader Thread] RT = rxUnits Stage = lsOverload
22:07:03.220     4,899s       8ms  10476    [AsyncGameResLoader Thread] OverloadFromFolder RT = rxUnits
22:07:04.233     5,913s    1014ms  10476    [AsyncGameResLoader Thread] DONE OverloadFromFolder RT = rxUnits
22:07:04.240     5,919s       6ms  19604    [AsyncGameResLoader MainTh] [LoadGameResources] GenTextures RT = rxUnits Stage = lsGenOverload
22:07:04.245     5,924s       5ms  19604    [AsyncGameResLoader Thread] Stopped
22:07:04.250     5,930s       5ms  19604    [AsyncGameResLoader MainTh] [LoadGameResources] DONE
22:07:04.256     5,936s       6ms  19604    Resource loading state - Game
22:07:04.263     5,942s       6ms  19604    Saving dev settings to file 'kmr_dev.xml'
22:07:04.310     5,990s      48ms  19604    <== Game creation is done ==>
22:07:04.316     5,996s       6ms  19604    GameStart
22:07:04.323     6,002s       5ms  19604    Loading DAT file: E:\programowanie\projekty delphi\kam_expansion\Maps\Nowa Misja\Nowa Misja.dat
22:07:04.328     6,007s       5ms  19604    Loading map file: E:\programowanie\projekty delphi\kam_expansion\Maps\Nowa Misja\Nowa Misja.map
22:07:04.340     6,019s      12ms  19604    Map file loaded
22:07:04.367     6,047s      28ms  19604    Gameplay recording initialized ... done
22:07:04.374     6,053s       6ms  19604    Game options: PT = 0; SpeedPT = 1; SpeedAfterPT = 1; Seed = 0; Difficulty = mdNone
22:07:04.378     6,058s       5ms  19604    Gameplay initialized ... done
22:07:04.384     6,064s       5ms  19604    After game start
22:07:04.405     6,084s      20ms  19604    Set game seed: 2124557233
22:07:04.410     6,089s       5ms  19604    Saving game at tick 0 to 'E:\programowanie\projekty delphi\kam_expansion\Saves\basesave\basesave.bas'
22:07:04.416     6,095s       6ms  19604    Script: "Size": {"X": 2, "Y": 1},|"Tiles": [|	{"Tile": [1, 693, 0, 255]},      {"Tile": [1, 693, 2, 255]}       |]
22:07:04.424     6,103s       7ms  19604    After game start ... done
22:07:09.639    11,318s    5215ms  19604    Issue gicGameAutoSave command at tick 600
22:07:09.646    11,325s       7ms  19604    Saving game at tick 600 to 'E:\programowanie\projekty delphi\kam_expansion\Saves\autosave\autosave.sav'
22:07:10.608    12,287s     962ms  19604    Issue gicGameAutoSave command at tick 1200
22:07:10.614    12,294s       7ms  19604    Saving game at tick 1200 to 'E:\programowanie\projekty delphi\kam_expansion\Saves\autosave\autosave.sav'
22:07:11.607    13,287s     993ms  19604    Issue gicGameAutoSave command at tick 1800
22:07:11.614    13,293s       6ms  19604    Saving game at tick 1800 to 'E:\programowanie\projekty delphi\kam_expansion\Saves\autosave\autosave.sav'
22:07:27.975    29,655s   16362ms  19604    Issue gicGameAutoSave command at tick 2400
22:07:27.981    29,660s       5ms  19604    Saving game at tick 2400 to 'E:\programowanie\projekty delphi\kam_expansion\Saves\autosave\autosave.sav'
22:07:36.442    38,121s    8461ms  19604    Issue gicGameAutoSave command at tick 3000
22:07:36.448    38,128s       7ms  19604    Saving game at tick 3000 to 'E:\programowanie\projekty delphi\kam_expansion\Saves\autosave\autosave.sav'
22:07:37.924    39,603s    1475ms  19604    Issue gicGameAutoSave command at tick 3600
22:07:37.930    39,610s       6ms  19604    Saving game at tick 3600 to 'E:\programowanie\projekty delphi\kam_expansion\Saves\autosave\autosave.sav'
22:07:55.274    56,953s   17343ms  19604    Issue gicGameAutoSave command at tick 4200
22:07:55.280    56,959s       6ms  19604    Saving game at tick 4200 to 'E:\programowanie\projekty delphi\kam_expansion\Saves\autosave\autosave.sav'
22:08:05.558    67,238s   10279ms  19604    Issue gicGameAutoSave command at tick 4800
22:08:05.569    67,248s      10ms  19604    Saving game at tick 4800 to 'E:\programowanie\projekty delphi\kam_expansion\Saves\autosave\autosave.sav'
22:08:06.558    68,237s     989ms  19604    Issue gicGameAutoSave command at tick 5400
22:08:06.564    68,243s       6ms  19604    Saving game at tick 5400 to 'E:\programowanie\projekty delphi\kam_expansion\Saves\autosave\autosave.sav'
22:08:07.557    69,237s     994ms  19604    Issue gicGameAutoSave command at tick 6000
22:08:07.565    69,244s       6ms  19604    Saving game at tick 6000 to 'E:\programowanie\projekty delphi\kam_expansion\Saves\autosave\autosave.sav'
22:08:08.285    69,964s     720ms  19604    Saving dev settings to file 'kmr_dev.xml'
22:08:08.559    70,239s     274ms  19604    Issue gicGameAutoSave command at tick 6600
22:08:08.564    70,244s       5ms  19604    Saving game at tick 6600 to 'E:\programowanie\projekty delphi\kam_expansion\Saves\autosave\autosave.sav'
22:08:08.858    70,537s     292ms  19604    Issue gicGameAutoSave command at tick 7200
22:08:08.864    70,543s       6ms  19604    Saving game at tick 7200 to 'E:\programowanie\projekty delphi\kam_expansion\Saves\autosave\autosave.sav'
22:08:08.994    70,673s     130ms  19604    Issue gicGameAutoSave command at tick 7800
22:08:09.000    70,679s       6ms  19604    Saving game at tick 7800 to 'E:\programowanie\projekty delphi\kam_expansion\Saves\autosave\autosave.sav'
22:08:09.143    70,823s     144ms  19604    Issue gicGameAutoSave command at tick 8400
22:08:09.150    70,829s       6ms  19604    Saving game at tick 8400 to 'E:\programowanie\projekty delphi\kam_expansion\Saves\autosave\autosave.sav'
22:08:09.300    70,979s     150ms  19604    Make savepoint at tick 8999
22:08:09.306    70,985s       6ms  19604    Issue gicGameAutoSave command at tick 9000
22:08:09.312    70,991s       6ms  19604    Saving game at tick 9000 to 'E:\programowanie\projekty delphi\kam_expansion\Saves\autosave\autosave.sav'
22:08:09.464    71,144s     153ms  19604    Issue gicGameAutoSave command at tick 9600
22:08:09.470    71,150s       6ms  19604    Saving game at tick 9600 to 'E:\programowanie\projekty delphi\kam_expansion\Saves\autosave\autosave.sav'
22:08:09.615    71,295s     145ms  19604    Issue gicGameAutoSave command at tick 10200
22:08:09.621    71,300s       5ms  19604    Saving game at tick 10200 to 'E:\programowanie\projekty delphi\kam_expansion\Saves\autosave\autosave.sav'
22:08:09.764    71,443s     143ms  19604    Issue gicGameAutoSave command at tick 10800
22:08:09.769    71,449s       6ms  19604    Saving game at tick 10800 to 'E:\programowanie\projekty delphi\kam_expansion\Saves\autosave\autosave.sav'
22:08:09.919    71,598s     149ms  19604    Issue gicGameAutoSave command at tick 11400
22:08:09.925    71,604s       6ms  19604    Saving game at tick 11400 to 'E:\programowanie\projekty delphi\kam_expansion\Saves\autosave\autosave.sav'
22:08:10.073    71,753s     149ms  19604    Issue gicGameAutoSave command at tick 12000
22:08:10.080    71,759s       6ms  19604    Saving game at tick 12000 to 'E:\programowanie\projekty delphi\kam_expansion\Saves\autosave\autosave.sav'
22:08:10.213    71,892s     133ms  19604    Issue gicGameAutoSave command at tick 12600
22:08:10.218    71,898s       6ms  19604    Saving game at tick 12600 to 'E:\programowanie\projekty delphi\kam_expansion\Saves\autosave\autosave.sav'
22:08:10.365    72,044s     146ms  19604    Issue gicGameAutoSave command at tick 13200
22:08:10.371    72,050s       6ms  19604    Saving game at tick 13200 to 'E:\programowanie\projekty delphi\kam_expansion\Saves\autosave\autosave.sav'
22:08:10.811    72,490s     440ms  19604    Issue gicGameAutoSave command at tick 13800
22:08:10.817    72,497s       7ms  19604    Saving game at tick 13800 to 'E:\programowanie\projekty delphi\kam_expansion\Saves\autosave\autosave.sav'
22:08:10.970    72,650s     153ms  19604    Issue gicGameAutoSave command at tick 14400
22:08:10.976    72,656s       6ms  19604    Saving game at tick 14400 to 'E:\programowanie\projekty delphi\kam_expansion\Saves\autosave\autosave.sav'
22:08:11.117    72,797s     141ms  19604    Issue gicGameAutoSave command at tick 15000
22:08:11.123    72,803s       6ms  19604    Saving game at tick 15000 to 'E:\programowanie\projekty delphi\kam_expansion\Saves\autosave\autosave.sav'
22:08:11.596    73,275s     472ms  19604    Issue gicGameAutoSave command at tick 15600
22:08:11.602    73,282s       7ms  19604    Saving game at tick 15600 to 'E:\programowanie\projekty delphi\kam_expansion\Saves\autosave\autosave.sav'
22:08:11.742    73,421s     139ms  19604    Issue gicGameAutoSave command at tick 16200
22:08:11.747    73,426s       5ms  19604    Saving game at tick 16200 to 'E:\programowanie\projekty delphi\kam_expansion\Saves\autosave\autosave.sav'
22:08:11.885    73,564s     138ms  19604    Issue gicGameAutoSave command at tick 16800
22:08:11.892    73,571s       7ms  19604    Saving game at tick 16800 to 'E:\programowanie\projekty delphi\kam_expansion\Saves\autosave\autosave.sav'
22:08:12.034    73,714s     143ms  19604    Issue gicGameAutoSave command at tick 17400
22:08:12.041    73,720s       6ms  19604    Saving game at tick 17400 to 'E:\programowanie\projekty delphi\kam_expansion\Saves\autosave\autosave.sav'
22:08:13.036    74,715s     995ms  19604    Make savepoint at tick 17999
22:08:13.042    74,722s       7ms  19604    Issue gicGameAutoSave command at tick 18000
22:08:13.048    74,727s       5ms  19604    Saving game at tick 18000 to 'E:\programowanie\projekty delphi\kam_expansion\Saves\autosave\autosave.sav'
22:08:13.185    74,865s     138ms  19604    Issue gicGameAutoSave command at tick 18600
22:08:13.191    74,870s       5ms  19604    Saving game at tick 18600 to 'E:\programowanie\projekty delphi\kam_expansion\Saves\autosave\autosave.sav'
22:08:13.354    75,034s     164ms  19604    Issue gicGameAutoSave command at tick 19200
22:08:13.361    75,040s       6ms  19604    Saving game at tick 19200 to 'E:\programowanie\projekty delphi\kam_expansion\Saves\autosave\autosave.sav'
22:08:13.560    75,239s     199ms  19604    Issue gicGameAutoSave command at tick 19800
22:08:13.566    75,245s       6ms  19604    Saving game at tick 19800 to 'E:\programowanie\projekty delphi\kam_expansion\Saves\autosave\autosave.sav'
22:08:13.708    75,387s     142ms  19604    Issue gicGameAutoSave command at tick 20400
22:08:13.714    75,393s       6ms  19604    Saving game at tick 20400 to 'E:\programowanie\projekty delphi\kam_expansion\Saves\autosave\autosave.sav'
22:08:14.561    76,240s     847ms  19604    Issue gicGameAutoSave command at tick 21000
22:08:14.567    76,246s       6ms  19604    Saving game at tick 21000 to 'E:\programowanie\projekty delphi\kam_expansion\Saves\autosave\autosave.sav'
22:08:14.714    76,393s     147ms  19604    Issue gicGameAutoSave command at tick 21600
22:08:14.723    76,403s      10ms  19604    Saving game at tick 21600 to 'E:\programowanie\projekty delphi\kam_expansion\Saves\autosave\autosave.sav'
22:08:14.850    76,529s     126ms  19604    Issue gicGameAutoSave command at tick 22200
22:08:14.856    76,535s       6ms  19604    Saving game at tick 22200 to 'E:\programowanie\projekty delphi\kam_expansion\Saves\autosave\autosave.sav'
22:08:22.248    83,927s    7392ms  19604    Saving dev settings to file 'kmr_dev.xml'
22:08:22.394    84,073s     146ms  19604    Gameplay ended - grCancel /
                                      Loading campaign images.rxx for HKS
22:08:23.540    85,219s    1146ms   9868    Custom - 1
                                      Loading campaign images.rxx for KSN
22:08:23.628    85,307s      88ms   9868    Custom - 1
                                      Loading campaign images.rxx for KSO
22:08:23.690    85,369s      62ms   9868    Custom - 1
                                      Loading campaign images.rxx for KSU
22:08:23.750    85,429s      60ms   9868    Custom - 1
                                      Loading campaign images.rxx for OFL
22:08:23.803    85,482s      53ms   9868    Custom - 1
                                      Loading campaign images.rxx for OER
22:08:23.856    85,535s      53ms   9868    Custom - 1
                                      Loading campaign images.rxx for TBK
22:08:23.899    85,579s      44ms   9868    Custom - 1
                                      Loading campaign images.rxx for TPR
22:08:23.958    85,638s      59ms   9868    Custom - 1
                                      Loading campaign images.rxx for TSK
22:08:24.013    85,692s      54ms   9868    Custom - 1
                                      Loading campaign images.rxx for TUA
22:08:24.052    85,731s      39ms   9868    Custom - 1
                                      Loading campaign images.rxx for TMR
22:08:24.199    85,878s     147ms   9868    Custom - 1
22:08:29.370    91,049s    5171ms  19604    LoadGameResources ... AlphaShadows: True. Forced: False
22:08:29.381    91,061s      11ms  19604    Resource loading state - Game
22:08:29.403    91,082s      21ms  19604    Saving dev settings to file 'kmr_dev.xml'
22:08:29.445    91,124s      41ms  19604    <== Game creation is done ==>
22:08:29.451    91,130s       6ms  19604    GameStart
22:08:29.456    91,135s       5ms  19604    Loading DAT file: E:\programowanie\projekty delphi\kam_expansion\Maps\Nowa Misja\Nowa Misja.dat
22:08:29.461    91,141s       6ms  19604    Loading map file: E:\programowanie\projekty delphi\kam_expansion\Maps\Nowa Misja\Nowa Misja.map
22:08:29.475    91,154s      13ms  19604    Map file loaded
22:08:29.627    91,306s     152ms  19604    Gameplay recording initialized ... done
22:08:29.632    91,311s       5ms  19604    Game options: PT = 0; SpeedPT = 1; SpeedAfterPT = 1; Seed = 0; Difficulty = mdNone
22:08:29.638    91,317s       6ms  19604    Gameplay initialized ... done
22:08:29.643    91,322s       5ms  19604    After game start
22:08:29.655    91,334s      12ms  19604    Set game seed: 54011448
22:08:29.661    91,341s       7ms  19604    After game start ... done
22:09:19.347   141,026s   49685ms  19604    Saving from map editor: E:\programowanie\projekty delphi\kam_expansion\Maps\Nowa Misja\Nowa Misja.dat
22:09:19.528   141,207s     181ms  19604    LoadGameResources ... AlphaShadows: True. Forced: False
22:09:19.534   141,213s       6ms  19604    Resource loading state - Game
22:09:19.553   141,233s      19ms  19604    Saving dev settings to file 'kmr_dev.xml'
22:09:19.609   141,289s      56ms  19604    <== Game creation is done ==>
22:09:19.615   141,295s       6ms  19604    GameStart
22:09:19.621   141,300s       5ms  19604    Loading DAT file: E:\programowanie\projekty delphi\kam_expansion\Maps\Nowa Misja\Nowa Misja.dat
22:09:19.626   141,305s       5ms  19604    Loading map file: E:\programowanie\projekty delphi\kam_expansion\Maps\Nowa Misja\Nowa Misja.map
22:09:19.638   141,318s      13ms  19604    Map file loaded
22:09:19.662   141,342s      24ms  19604    Gameplay recording initialized ... done
22:09:19.669   141,348s       6ms  19604    Game options: PT = 0; SpeedPT = 1; SpeedAfterPT = 1; Seed = 0; Difficulty = mdNone
22:09:19.675   141,354s       6ms  19604    Gameplay initialized ... done
22:09:19.680   141,360s       6ms  19604    After game start
22:09:19.699   141,378s      18ms  19604    Set game seed: 1972215574
22:09:19.705   141,384s       6ms  19604    Saving game at tick 0 to 'E:\programowanie\projekty delphi\kam_expansion\Saves\basesave\basesave.bas'
22:09:19.713   141,392s       8ms  19604    Script: "Size": {"X": 2, "Y": 1},|"Tiles": [|	{"Tile": [1, 693, 0, 255]},      {"Tile": [1, 693, 2, 255]}       |]
22:09:19.719   141,398s       6ms  19604    After game start ... done
22:09:33.908   155,587s   14189ms  19604    Issue gicGameAutoSave command at tick 600
22:09:33.915   155,594s       7ms  19604    Saving game at tick 600 to 'E:\programowanie\projekty delphi\kam_expansion\Saves\autosave\autosave.sav'
22:10:08.058   189,737s   34143ms  19604    Issue gicGameAutoSave command at tick 1200
22:10:08.064   189,744s       7ms  19604    Saving game at tick 1200 to 'E:\programowanie\projekty delphi\kam_expansion\Saves\autosave\autosave.sav'
22:10:14.309   195,988s    6244ms  19604    Issue gicGameAutoSave command at tick 1800
22:10:14.315   195,994s       6ms  19604    Saving game at tick 1800 to 'E:\programowanie\projekty delphi\kam_expansion\Saves\autosave\autosave.sav'
22:10:21.709   203,389s    7395ms  19604    Issue gicGameAutoSave command at tick 2400
22:10:21.720   203,399s      10ms  19604    Saving game at tick 2400 to 'E:\programowanie\projekty delphi\kam_expansion\Saves\autosave\autosave.sav'
22:10:22.709   204,388s     988ms  19604    Warning: HouseUnoccupiedMsgId for house type ord=55 could not be determined.
22:10:22.716   204,395s       7ms  19604    Issue gicGameAutoSave command at tick 3000
22:10:22.721   204,401s       6ms  19604    Saving game at tick 3000 to 'E:\programowanie\projekty delphi\kam_expansion\Saves\autosave\autosave.sav'
22:10:23.710   205,389s     988ms  19604    Issue gicGameAutoSave command at tick 3600
22:10:23.715   205,394s       5ms  19604    Saving game at tick 3600 to 'E:\programowanie\projekty delphi\kam_expansion\Saves\autosave\autosave.sav'
22:10:26.275   207,955s    2561ms  19604    Issue gicGameAutoSave command at tick 4200
22:10:26.282   207,961s       6ms  19604    Saving game at tick 4200 to 'E:\programowanie\projekty delphi\kam_expansion\Saves\autosave\autosave.sav'
22:10:35.358   217,037s    9076ms  19604    Issue gicGameAutoSave command at tick 4800
22:10:35.364   217,043s       6ms  19604    Saving game at tick 4800 to 'E:\programowanie\projekty delphi\kam_expansion\Saves\autosave\autosave.sav'
22:10:40.242   221,921s    4878ms  19604    Issue gicGameAutoSave command at tick 5400
22:10:40.248   221,927s       6ms  19604    Saving game at tick 5400 to 'E:\programowanie\projekty delphi\kam_expansion\Saves\autosave\autosave.sav'
22:10:53.440   235,120s   13193ms  19604    Warning: HouseUnoccupiedMsgId for house type ord=55 could not be determined.
22:10:53.446   235,126s       6ms  19604    Issue gicGameAutoSave command at tick 6000
22:10:53.453   235,132s       6ms  19604    Saving game at tick 6000 to 'E:\programowanie\projekty delphi\kam_expansion\Saves\autosave\autosave.sav'
22:11:01.957   243,636s    8504ms  19604    Issue gicGameAutoSave command at tick 6600
22:11:01.964   243,643s       7ms  19604    Saving game at tick 6600 to 'E:\programowanie\projekty delphi\kam_expansion\Saves\autosave\autosave.sav'
22:11:04.260   245,939s    2296ms  19604    Issue gicGameAutoSave command at tick 7200
22:11:04.267   245,946s       7ms  19604    Saving game at tick 7200 to 'E:\programowanie\projekty delphi\kam_expansion\Saves\autosave\autosave.sav'
22:11:05.272   246,952s    1006ms  19604    Issue gicGameAutoSave command at tick 7800
22:11:05.279   246,958s       6ms  19604    Saving game at tick 7800 to 'E:\programowanie\projekty delphi\kam_expansion\Saves\autosave\autosave.sav'
22:11:11.325   253,004s    6046ms  19604    Issue gicGameAutoSave command at tick 8400
22:11:11.332   253,011s       7ms  19604    Saving game at tick 8400 to 'E:\programowanie\projekty delphi\kam_expansion\Saves\autosave\autosave.sav'
22:11:19.058   260,738s    7727ms  19604    Make savepoint at tick 8999
22:11:19.065   260,745s       7ms  19604    Warning: HouseUnoccupiedMsgId for house type ord=55 could not be determined.
22:11:19.082   260,761s      16ms  19604    Issue gicGameAutoSave command at tick 9000
22:11:19.087   260,766s       5ms  19604    Saving game at tick 9000 to 'E:\programowanie\projekty delphi\kam_expansion\Saves\autosave\autosave.sav'
22:11:32.141   273,820s   13053ms  19604    Issue gicGameAutoSave command at tick 9600
22:11:32.149   273,829s       9ms  19604    Saving game at tick 9600 to 'E:\programowanie\projekty delphi\kam_expansion\Saves\autosave\autosave.sav'
22:11:38.140   279,820s    5991ms  19604    Issue gicGameAutoSave command at tick 10200
22:11:38.147   279,827s       7ms  19604    Saving game at tick 10200 to 'E:\programowanie\projekty delphi\kam_expansion\Saves\autosave\autosave.sav'
22:11:44.140   285,819s    5992ms  19604    Issue gicGameAutoSave command at tick 10800
22:11:44.146   285,825s       6ms  19604    Saving game at tick 10800 to 'E:\programowanie\projekty delphi\kam_expansion\Saves\autosave\autosave.sav'
22:12:02.378   304,057s   18232ms  19604    Issue gicGameAutoSave command at tick 11400
22:12:02.384   304,063s       6ms  19604    Saving game at tick 11400 to 'E:\programowanie\projekty delphi\kam_expansion\Saves\autosave\autosave.sav'
22:12:22.705   324,384s   20321ms  19604    Saving dev settings to file 'kmr_dev.xml'
22:12:23.463   325,143s     759ms  19604    Stopping game application...
22:12:23.470   325,149s       6ms  19604    Gameplay ended - grSilent /
22:12:23.477   325,156s       7ms  19604    Start saving 'Server settings' to 'C:\Users\szyby\OneDrive\Dokumenty\My Games\Knights and Merchants Remake\KaM Remake Server Settings.ini'
00731d44 KaM_Expansion.exe KM_Settings        106 TKMSettings.SaveToDefaultFile
00731e17 KaM_Expansion.exe KM_Settings        113 TKMSettings.SaveToDefaultFile
00731a50 KaM_Expansion.exe KM_Settings         65 TKMSettings.Destroy
00873c16 KaM_Expansion.exe KM_ServerSettings  117 TKMServerSettings.Destroy
0019a764 KaM_Expansion.exe System              20 TObject.Free
004697f0 KaM_Expansion.exe KromUtils          281 FreeThenNil
00940387 KaM_Expansion.exe KM_GameApp         330 TKMGameApp.Destroy
0019a764 KaM_Expansion.exe System              20 TObject.Free
004697f0 KaM_Expansion.exe KromUtils          281 FreeThenNil
0094b01d KaM_Expansion.exe KM_Main            376 TKMMain.Stop
0094b0fc KaM_Expansion.exe KM_Main            405 TKMMain.Stop
00bb06c9 KaM_Expansion.exe KM_FormMain       2212 TFormMain.FormClose
004136a7 KaM_Expansion.exe Vcl.Forms              TCustomForm.DoClose
00419095 KaM_Expansion.exe Vcl.Forms              TCustomForm.Close
00417cd4 KaM_Expansion.exe Vcl.Forms              TCustomForm.WMClose
00362cfa KaM_Expansion.exe Vcl.Controls           TControl.WndProc
00367ec1 KaM_Expansion.exe Vcl.Controls           TWinControl.WndProc
004142e8 KaM_Expansion.exe Vcl.Forms              TCustomForm.WndProc
00414303 KaM_Expansion.exe Vcl.Forms              TCustomForm.WndProc
00bb01b5 KaM_Expansion.exe KM_FormMain       2051 TFormMain.WndProc

22:12:23.499   325,179s      23ms  19604    'Server settings' was successfully saved to 'C:\Users\szyby\OneDrive\Dokumenty\My Games\Knights and Merchants Remake\KaM Remake Server Settings.ini'
22:12:23.720   325,399s     220ms  19604    Start saving 'GameApp settings' to 'C:\Users\szyby\OneDrive\Dokumenty\My Games\Knights and Merchants Remake\KaM Remake Settings KingDyronMod.xml'
00731d44 KaM_Expansion.exe KM_Settings         106 TKMSettings.SaveToDefaultFile
00731e17 KaM_Expansion.exe KM_Settings         113 TKMSettings.SaveToDefaultFile
00731a50 KaM_Expansion.exe KM_Settings          65 TKMSettings.Destroy
007321aa KaM_Expansion.exe KM_SettingsXML       44 TKMSettingsXML.Destroy
007324d6 KaM_Expansion.exe KM_GameAppSettings   57 TKMGameAppSettings.Destroy
0019a764 KaM_Expansion.exe System               20 TObject.Free
004697f0 KaM_Expansion.exe KromUtils           281 FreeThenNil
0094b027 KaM_Expansion.exe KM_Main             378 TKMMain.Stop
0094b0fc KaM_Expansion.exe KM_Main             405 TKMMain.Stop
00bb06c9 KaM_Expansion.exe KM_FormMain        2212 TFormMain.FormClose
004136a7 KaM_Expansion.exe Vcl.Forms               TCustomForm.DoClose
00419095 KaM_Expansion.exe Vcl.Forms               TCustomForm.Close
00417cd4 KaM_Expansion.exe Vcl.Forms               TCustomForm.WMClose
00362cfa KaM_Expansion.exe Vcl.Controls            TControl.WndProc
00367ec1 KaM_Expansion.exe Vcl.Controls            TWinControl.WndProc
004142e8 KaM_Expansion.exe Vcl.Forms               TCustomForm.WndProc
00414303 KaM_Expansion.exe Vcl.Forms               TCustomForm.WndProc
00bb01b5 KaM_Expansion.exe KM_FormMain        2051 TFormMain.WndProc
003673cc KaM_Expansion.exe Vcl.Controls            TWinControl.MainWndProc
003673e7 KaM_Expansion.exe Vcl.Controls            TWinControl.MainWndProc

22:12:23.735   325,414s      15ms  19604    'GameApp settings' was successfully saved to 'C:\Users\szyby\OneDrive\Dokumenty\My Games\Knights and Merchants Remake\KaM Remake Settings KingDyronMod.xml'
