   Timestamp    Elapsed     Delta  Thread    Description
========================
    Date: 2025.01.03
========================
19:38:19.112     0,001s       1ms   2616    Log is up and running. Game version: KaM Expansion: Co-op & World Update
19:38:19.118     0,008s       7ms   2616    Game Load started
19:38:19.126     0,015s       7ms   2616    Start loading 'GameApp settings' from 'C:\Users\szyby\OneDrive\Dokumenty\My Games\Knights and Merchants Remake\KaM Remake Settings KingDyronMod.xml'
19:38:19.131     0,021s       6ms   2616    'GameApp settings' was successfully loaded from 'C:\Users\szyby\OneDrive\Dokumenty\My Games\Knights and Merchants Remake\KaM Remake Settings KingDyronMod.xml'
19:38:19.135     0,025s       4ms   2616    Start saving 'GameApp settings' to 'C:\Users\szyby\OneDrive\Dokumenty\My Games\Knights and Merchants Remake\KaM Remake Settings KingDyronMod.xml'
00ce8110 KaM_Expansion.exe KM_Settings        106 TKMSettings.SaveToDefaultFile
00ce81e3 KaM_Expansion.exe KM_Settings        113 TKMSettings.SaveToDefaultFile
00ce7de1 KaM_Expansion.exe KM_Settings         59 TKMSettings.Create
00ce851e KaM_Expansion.exe KM_SettingsXML      38 TKMSettingsXML.Create
00ce885f KaM_Expansion.exe KM_GameAppSettings  51 TKMGameAppSettings.Create
00efe434 KaM_Expansion.exe KM_Main            259 TKMMain.Start
00efe6a3 KaM_Expansion.exe KM_Main            306 TKMMain.Start
01181b2b KaM_Expansion.exe KaM_Expansion      480 initialization
01181b5a KaM_Expansion.exe KaM_Expansion      483 initialization
762b7ba7 KERNEL32.DLL                             BaseThreadInitThunk

19:38:19.173     0,063s      38ms   2616    'GameApp settings' was successfully saved to 'C:\Users\szyby\OneDrive\Dokumenty\My Games\Knights and Merchants Remake\KaM Remake Settings KingDyronMod.xml'
19:38:19.201     0,091s      28ms   2616    Start loading 'Server settings' from 'C:\Users\szyby\OneDrive\Dokumenty\My Games\Knights and Merchants Remake\KaM Remake Server Settings.ini'
19:38:19.208     0,097s       6ms   2616    'Server settings' was successfully loaded from 'C:\Users\szyby\OneDrive\Dokumenty\My Games\Knights and Merchants Remake\KaM Remake Server Settings.ini'
19:38:19.214     0,103s       6ms   2616    Start saving 'Server settings' to 'C:\Users\szyby\OneDrive\Dokumenty\My Games\Knights and Merchants Remake\KaM Remake Server Settings.ini'
00ce8110 KaM_Expansion.exe KM_Settings       106 TKMSettings.SaveToDefaultFile
00ce81e3 KaM_Expansion.exe KM_Settings       113 TKMSettings.SaveToDefaultFile
00ce7de1 KaM_Expansion.exe KM_Settings        59 TKMSettings.Create
00e276e0 KaM_Expansion.exe KM_ServerSettings 109 TKMServerSettings.Create
00ef37e8 KaM_Expansion.exe KM_GameApp        213 TKMGameApp.Create
00ef3c3a KaM_Expansion.exe KM_GameApp        295 TKMGameApp.Create
00eff6aa KaM_Expansion.exe KM_Main           636 TKMMain.ReinitRender
00eff8b6 KaM_Expansion.exe KM_Main           691 TKMMain.ReinitRender
00efe54a KaM_Expansion.exe KM_Main           282 TKMMain.Start
00efe6a3 KaM_Expansion.exe KM_Main           306 TKMMain.Start
01181b2b KaM_Expansion.exe KaM_Expansion     480 initialization
01181b5a KaM_Expansion.exe KaM_Expansion     483 initialization
762b7ba7 KERNEL32.DLL                            BaseThreadInitThunk

19:38:19.225     0,115s      12ms   2616    'Server settings' was successfully saved to 'C:\Users\szyby\OneDrive\Dokumenty\My Games\Knights and Merchants Remake\KaM Remake Server Settings.ini'
19:38:19.234     0,123s       7ms   2616    Init Render started
19:38:19.371     0,261s     138ms   2616    GL_MAX_TEXTURE_SIZE = 32768
19:38:19.378     0,267s       6ms   2616    GL_MAX_VIEWPORT_DIM = 32768
                                      OpenGL Vendor: NVIDIA Corporation
                                      OpenGL Renderer: NVIDIA GeForce RTX 3060 Ti/PCIe/SSE2
                                      OpenGL Version: 4.6.0 NVIDIA 560.94
19:38:19.402     0,292s      25ms   2616    Init Render Done
19:38:19.409     0,298s       6ms   2616    Resource loading state - None
19:38:19.416     0,305s       7ms   2616    Reading palettes ... done
19:38:20.050     0,939s     634ms   2616    Reading GUI.rx
19:38:20.058     0,948s       9ms   2616    Load Sprites started
19:38:20.065     0,955s       7ms   2616    GUI - 966
19:38:20.085     0,975s      20ms   2616    Load Sprites Done
19:38:20.117     1,007s      32ms   2616    Reading GUIMain.rx
19:38:20.123     1,013s       6ms   2616    Load Sprites started
19:38:20.130     1,019s       6ms   2616    GUIMain - 105
19:38:20.181     1,071s      52ms   2616    Load Sprites Done
19:38:20.232     1,121s      50ms   2616    Reading Tileset.rx
19:38:20.239     1,129s       8ms   2616    Load Sprites started
19:38:20.246     1,136s       7ms   2616    Tileset - 5449
19:38:20.285     1,175s      39ms   2616    Load Sprites Done
19:38:20.292     1,181s       6ms   2616    GenerateTerrainTransitions started. Legacy = False
19:38:20.298     1,187s       6ms   2616    TexId = 5451 GenTilesCnt = 2100
19:38:20.304     1,193s       6ms   2616    TexId = 6051; TexId - fGenTexIdStartI = 600; uniqueTex = 600; totalTex = 1350
19:38:20.310     1,199s       6ms   2616    GeneratedMasks cnt = 20
19:38:20.316     1,205s       6ms   2616    GenerateTerrainTransitions Done
19:38:20.322     1,212s       7ms   2616    GenerateTerrainTransitions started. Legacy = True
19:38:20.330     1,219s       7ms   2616    Legacy: TexId = 4999 GenTilesCntTemp = 2030
19:38:20.335     1,224s       5ms   2616    TexId = 5463; TexId - fGenTexIdStartILegacy = 464; uniqueTex = 464; totalTex = 1044
19:38:20.341     1,231s       6ms   2616    GeneratedMasks cnt = 16
19:38:20.347     1,236s       5ms   2616    GenerateTerrainTransitions Done
19:38:20.868     1,758s     522ms   2616    Load font started
19:38:20.905     1,794s      35ms   2616    Font load took 35ms
19:38:20.912     1,802s       7ms   2616    Read fonts is done
19:38:21.984     2,873s    1071ms   2616    ReadGFX is done
19:38:21.994     2,884s      11ms   2616    Resource loading state - Menu
19:38:22.001     2,890s       6ms  22056    OpenAL init started
19:38:22.647     3,537s     647ms   2616    Music init done, 24 tracks found
                                      Loading campaign images.rxx for HKS
19:38:22.671     3,560s      23ms  16720    Custom - 1
19:38:22.678     3,568s       8ms  22056    Pre-LoadSFX init ... done
19:38:22.684     3,574s       6ms  22056    ALC_MONO_SOURCES 255
19:38:22.691     3,580s       6ms  22056    ALC_STEREO_SOURCES 1
19:38:22.697     3,586s       6ms   2616    Main menu init done
19:38:22.703     3,593s       7ms  22056    OpenAL init done
19:38:22.725     3,614s      21ms   2616    Check game folder 'E:\programowanie\projekty delphi\kam_expansion\' generic permissions: READ: granted; WRITE: granted; EXECUTE: granted; folder is writable: 
19:38:22.734     3,623s       9ms   2616    LoadGameResources ... AlphaShadows: True. Forced: True
19:38:22.740     3,630s       7ms   2616    TKMResSprites.LoadGameResources
19:38:22.746     3,636s       6ms   2616    [AsyncGameResLoader Thread] Started
19:38:22.752     3,641s       5ms   2616    Resource loading state - Game
19:38:22.757     3,647s       6ms   2616    ToggleFullscreen
19:38:22.763     3,653s       5ms   2616    Form Width/Height: 1040:759
19:38:22.769     3,658s       5ms   2616    Panel Width/Height: 1024:720
19:38:22.776     3,665s       7ms  18188    [AsyncGameResLoader Thread] RT = rxTrees Stage = lsLoad
19:38:22.783     3,673s       8ms  18188    [AsyncGameResLoader Thread] Start Load RXX 'Trees.rxx'
19:38:22.789     3,678s       5ms  18188    Load Sprites started
19:38:22.796     3,685s       7ms  18188    Trees - 1216
                                      Loading campaign images.rxx for KSN
19:38:22.815     3,705s      20ms  16720    Custom - 1
19:38:22.823     3,712s       7ms   2616    Saving dev settings to file 'kmr_dev.xml'
19:38:22.857     3,746s      34ms   2616    Saving dev settings to file 'kmr_dev.xml'
19:38:22.865     3,754s       7ms   2616    Game Load Done in 3778
                                      Loading campaign images.rxx for KSO
19:38:22.891     3,781s      27ms  16720    Custom - 1
19:38:22.928     3,818s      37ms  18188    Load Sprites Done
                                      Loading campaign images.rxx for KSU
19:38:22.958     3,847s      29ms  16720    Custom - 1
                                      Loading campaign images.rxx for OFL
19:38:23.008     3,897s      50ms  16720    Custom - 1
19:38:23.024     3,913s      16ms  18188    [AsyncGameResLoader Thread] DONE Load RXX 'Trees.rxa'
19:38:23.040     3,929s      16ms   2616    [AsyncGameResLoader MainTh] [UpdateStateIdle] GenTextures RT = rxTrees Stage = lsGenMain
                                      Loading campaign images.rxx for OER
19:38:23.055     3,944s      15ms  16720    Custom - 1
19:38:23.061     3,951s       7ms   2616    [AsyncGameResLoader MainTh] [UpdateStateIdle] DONE
19:38:23.068     3,957s       6ms  18188    [AsyncGameResLoader Thread] RT = rxTrees Stage = lsOverload
19:38:23.074     3,963s       6ms  18188    [AsyncGameResLoader Thread] OverloadFromFolder RT = rxTrees
                                      Loading campaign images.rxx for TBK
19:38:23.089     3,978s      15ms  16720    Custom - 1
19:38:23.097     3,987s       8ms  18188    [AsyncGameResLoader Thread] DONE OverloadFromFolder RT = rxTrees
19:38:23.111     4,000s      13ms   2616    [AsyncGameResLoader MainTh] [UpdateStateIdle] GenTextures RT = rxTrees Stage = lsGenOverload
19:38:23.117     4,007s       7ms   2616    [AsyncGameResLoader MainTh] [UpdateStateIdle] DONE
19:38:23.124     4,013s       6ms  18188    [AsyncGameResLoader Thread] RT = rxHouses Stage = lsLoad
19:38:23.131     4,021s       8ms  18188    [AsyncGameResLoader Thread] Start Load RXX 'Houses.rxx'
19:38:23.137     4,027s       6ms  18188    Load Sprites started
19:38:23.144     4,034s       7ms  18188    Houses - 2709
                                      Loading campaign images.rxx for TPR
19:38:23.156     4,045s      11ms  16720    Custom - 1
                                      Loading campaign images.rxx for TSK
19:38:23.202     4,092s      47ms  16720    Custom - 1
                                      Loading campaign images.rxx for TUA
19:38:23.242     4,132s      39ms  16720    Custom - 1
19:38:23.325     4,215s      83ms  18188    Load Sprites Done
                                      Loading campaign images.rxx for TMR
19:38:23.389     4,279s      64ms  16720    Custom - 1
19:38:23.462     4,351s      72ms  18188    [AsyncGameResLoader Thread] DONE Load RXX 'Houses.rxa'
19:38:23.479     4,368s      16ms   2616    [AsyncGameResLoader MainTh] [UpdateStateIdle] GenTextures RT = rxHouses Stage = lsGenMain
19:38:23.492     4,382s      14ms   2616    [AsyncGameResLoader MainTh] [UpdateStateIdle] DONE
19:38:23.500     4,389s       7ms  18188    [AsyncGameResLoader Thread] RT = rxHouses Stage = lsOverload
19:38:23.506     4,395s       6ms  18188    [AsyncGameResLoader Thread] OverloadFromFolder RT = rxHouses
19:38:23.615     4,505s     110ms  18188    [AsyncGameResLoader Thread] DONE OverloadFromFolder RT = rxHouses
19:38:23.622     4,512s       7ms   2616    [AsyncGameResLoader MainTh] [UpdateStateIdle] GenTextures RT = rxHouses Stage = lsGenOverload
19:38:23.628     4,517s       5ms   2616    [AsyncGameResLoader MainTh] [UpdateStateIdle] DONE
19:38:23.635     4,524s       7ms  18188    [AsyncGameResLoader Thread] RT = rxUnits Stage = lsLoad
19:38:23.640     4,530s       6ms  18188    [AsyncGameResLoader Thread] Start Load RXX 'Units.rxx'
19:38:23.647     4,536s       6ms  18188    Load Sprites started
19:38:23.653     4,542s       6ms  18188    Units - 14845
19:38:24.437     5,326s     784ms  18188    Load Sprites Done
19:38:25.277     6,167s     841ms   2616    Stopping game application...
19:38:25.284     6,173s       6ms   2616    Start saving 'Server settings' to 'C:\Users\szyby\OneDrive\Dokumenty\My Games\Knights and Merchants Remake\KaM Remake Server Settings.ini'
00ce8110 KaM_Expansion.exe KM_Settings           106 TKMSettings.SaveToDefaultFile
00ce81e3 KaM_Expansion.exe KM_Settings           113 TKMSettings.SaveToDefaultFile
00ce7e1c KaM_Expansion.exe KM_Settings            65 TKMSettings.Destroy
00e27726 KaM_Expansion.exe KM_ServerSettings     117 TKMServerSettings.Destroy
0074a764 KaM_Expansion.exe System                 23 TObject.Free
00a18fbc KaM_Expansion.exe KromUtils             281 FreeThenNil
00ef3e97 KaM_Expansion.exe KM_GameApp            330 TKMGameApp.Destroy
0074a764 KaM_Expansion.exe System                 23 TObject.Free
00a18fbc KaM_Expansion.exe KromUtils             281 FreeThenNil
00efeac5 KaM_Expansion.exe KM_Main               377 TKMMain.Stop
00efeba4 KaM_Expansion.exe KM_Main               406 TKMMain.Stop
00e3967a KaM_Expansion.exe KM_GUIMenuMain        123 TKMMenuMain.ButtonClick
00e3969a KaM_Expansion.exe KM_GUIMenuMain        124 TKMMenuMain.ButtonClick
01104f61 KaM_Expansion.exe KM_Controls          1242 TKMControl.DoClick
01103564 KaM_Expansion.exe KM_Controls           690 TKMControl.MouseUp
010fb58e KaM_Expansion.exe KM_ControlsBase       805 TKMButton.MouseUp
01107655 KaM_Expansion.exe KM_Controls          2274 TKMMasterControl.MouseUp
00ed8355 KaM_Expansion.exe KM_InterfaceMainMenu  479 TKMMainMenuInterface.MouseUp
00ef4a66 KaM_Expansion.exe KM_GameApp            559 TKMGameApp.MouseUp
01164cf1 KaM_Expansion.exe KM_FormMain           697 TFormMain.RenderAreaMouseUp

19:38:25.301     6,190s      17ms   2616    'Server settings' was successfully saved to 'C:\Users\szyby\OneDrive\Dokumenty\My Games\Knights and Merchants Remake\KaM Remake Server Settings.ini'
19:38:25.321     6,210s      20ms  18188    [AsyncGameResLoader Thread] DONE Load RXX 'Units.rxa'
19:38:25.328     6,218s       8ms   2616    [AsyncGameResLoader Thread] Stopped
19:38:25.555     6,444s     226ms   2616    Start saving 'GameApp settings' to 'C:\Users\szyby\OneDrive\Dokumenty\My Games\Knights and Merchants Remake\KaM Remake Settings KingDyronMod.xml'
00ce8110 KaM_Expansion.exe KM_Settings           106 TKMSettings.SaveToDefaultFile
00ce81e3 KaM_Expansion.exe KM_Settings           113 TKMSettings.SaveToDefaultFile
00ce7e1c KaM_Expansion.exe KM_Settings            65 TKMSettings.Destroy
00ce8576 KaM_Expansion.exe KM_SettingsXML         44 TKMSettingsXML.Destroy
00ce88a2 KaM_Expansion.exe KM_GameAppSettings     57 TKMGameAppSettings.Destroy
0074a764 KaM_Expansion.exe System                 23 TObject.Free
00a18fbc KaM_Expansion.exe KromUtils             281 FreeThenNil
00efeacf KaM_Expansion.exe KM_Main               379 TKMMain.Stop
00efeba4 KaM_Expansion.exe KM_Main               406 TKMMain.Stop
00e3967a KaM_Expansion.exe KM_GUIMenuMain        123 TKMMenuMain.ButtonClick
00e3969a KaM_Expansion.exe KM_GUIMenuMain        124 TKMMenuMain.ButtonClick
01104f61 KaM_Expansion.exe KM_Controls          1242 TKMControl.DoClick
01103564 KaM_Expansion.exe KM_Controls           690 TKMControl.MouseUp
010fb58e KaM_Expansion.exe KM_ControlsBase       805 TKMButton.MouseUp
01107655 KaM_Expansion.exe KM_Controls          2274 TKMMasterControl.MouseUp
00ed8355 KaM_Expansion.exe KM_InterfaceMainMenu  479 TKMMainMenuInterface.MouseUp
00ef4a66 KaM_Expansion.exe KM_GameApp            559 TKMGameApp.MouseUp
01164cf1 KaM_Expansion.exe KM_FormMain           697 TFormMain.RenderAreaMouseUp
00913644 KaM_Expansion.exe Vcl.Controls              TControl.MouseUp
00913684 KaM_Expansion.exe Vcl.Controls              TControl.DoMouseUp

19:38:25.569     6,458s      14ms   2616    'GameApp settings' was successfully saved to 'C:\Users\szyby\OneDrive\Dokumenty\My Games\Knights and Merchants Remake\KaM Remake Settings KingDyronMod.xml'
