   Timestamp    Elapsed     Delta  Thread    Description
========================
    Date: 2024.12.28
========================
19:10:33.489     0,001s       1ms  20164    Log is up and running. Game version: KaM Expansion: Co-op & World Update
19:10:33.495     0,007s       6ms  20164    Game Load started
19:10:33.517     0,029s      22ms  20164    Start loading 'GameApp settings' from 'C:\Users\szyby\OneDrive\Dokumenty\My Games\Knights and Merchants Remake\KaM Remake Settings KingDyronMod.xml'
19:10:33.526     0,038s       9ms  20164    'GameApp settings' was successfully loaded from 'C:\Users\szyby\OneDrive\Dokumenty\My Games\Knights and Merchants Remake\KaM Remake Settings KingDyronMod.xml'
19:10:33.543     0,054s       5ms  20164    Start saving 'GameApp settings' to 'C:\Users\szyby\OneDrive\Dokumenty\My Games\Knights and Merchants Remake\KaM Remake Settings KingDyronMod.xml'
00e52258 KaM_Expansion.exe KM_Settings        106 TKMSettings.SaveToDefaultFile
00e5232b KaM_Expansion.exe KM_Settings        113 TKMSettings.SaveToDefaultFile
00e51f29 KaM_Expansion.exe KM_Settings         59 TKMSettings.Create
00e52666 KaM_Expansion.exe KM_SettingsXML      38 TKMSettingsXML.Create
00e529a7 KaM_Expansion.exe KM_GameAppSettings  51 TKMGameAppSettings.Create
0106b518 KaM_Expansion.exe KM_Main            258 TKMMain.Start
0106b79c KaM_Expansion.exe KM_Main            305 TKMMain.Start
012e8b2b KaM_Expansion.exe KaM_Expansion      479 initialization
012e8b5a KaM_Expansion.exe KaM_Expansion      482 initialization
76df7ba7 KERNEL32.DLL                             BaseThreadInitThunk

19:10:33.581     0,092s      38ms  20164    'GameApp settings' was successfully saved to 'C:\Users\szyby\OneDrive\Dokumenty\My Games\Knights and Merchants Remake\KaM Remake Settings KingDyronMod.xml'
19:10:33.622     0,134s      42ms  20164    Start loading 'Server settings' from 'C:\Users\szyby\OneDrive\Dokumenty\My Games\Knights and Merchants Remake\KaM Remake Server Settings.ini'
19:10:33.628     0,140s       6ms  20164    'Server settings' was successfully loaded from 'C:\Users\szyby\OneDrive\Dokumenty\My Games\Knights and Merchants Remake\KaM Remake Server Settings.ini'
19:10:33.636     0,148s       8ms  20164    Start saving 'Server settings' to 'C:\Users\szyby\OneDrive\Dokumenty\My Games\Knights and Merchants Remake\KaM Remake Server Settings.ini'
00e52258 KaM_Expansion.exe KM_Settings       106 TKMSettings.SaveToDefaultFile
00e5232b KaM_Expansion.exe KM_Settings       113 TKMSettings.SaveToDefaultFile
00e51f29 KaM_Expansion.exe KM_Settings        59 TKMSettings.Create
00f94790 KaM_Expansion.exe KM_ServerSettings 109 TKMServerSettings.Create
01060898 KaM_Expansion.exe KM_GameApp        213 TKMGameApp.Create
01060cea KaM_Expansion.exe KM_GameApp        295 TKMGameApp.Create
0106c7c2 KaM_Expansion.exe KM_Main           635 TKMMain.ReinitRender
0106c9ce KaM_Expansion.exe KM_Main           689 TKMMain.ReinitRender
0106b62e KaM_Expansion.exe KM_Main           281 TKMMain.Start
0106b79c KaM_Expansion.exe KM_Main           305 TKMMain.Start
012e8b2b KaM_Expansion.exe KaM_Expansion     479 initialization
012e8b5a KaM_Expansion.exe KaM_Expansion     482 initialization
76df7ba7 KERNEL32.DLL                            BaseThreadInitThunk

19:10:33.651     0,163s      15ms  20164    'Server settings' was successfully saved to 'C:\Users\szyby\OneDrive\Dokumenty\My Games\Knights and Merchants Remake\KaM Remake Server Settings.ini'
19:10:33.658     0,170s       7ms  20164    Init Render started
19:10:34.071     0,583s     413ms  20164    GL_MAX_TEXTURE_SIZE = 32768
19:10:34.082     0,594s      11ms  20164    GL_MAX_VIEWPORT_DIM = 32768
                                      OpenGL Vendor: NVIDIA Corporation
                                      OpenGL Renderer: NVIDIA GeForce RTX 3060 Ti/PCIe/SSE2
                                      OpenGL Version: 4.6.0 NVIDIA 560.81
19:10:34.113     0,625s      31ms  20164    Init Render Done
19:10:34.119     0,631s       6ms  20164    Resource loading state - None
19:10:34.127     0,638s       6ms  20164    Reading palettes ... done
19:10:34.136     0,648s      10ms  20164    Reading GUI.rx
19:10:34.147     0,658s       9ms  20164    Load Sprites started
19:10:34.154     0,666s       7ms  20164    GUI - 966
19:10:34.177     0,689s      23ms  20164    Load Sprites Done
19:10:34.212     0,724s      35ms  20164    Reading GUIMain.rx
19:10:34.221     0,733s       9ms  20164    Load Sprites started
19:10:34.227     0,739s       6ms  20164    GUIMain - 105
19:10:34.282     0,794s      55ms  20164    Load Sprites Done
19:10:34.339     0,851s      57ms  20164    Reading Tileset.rx
19:10:34.345     0,857s       6ms  20164    Load Sprites started
19:10:34.351     0,863s       6ms  20164    Tileset - 5449
19:10:34.371     0,882s      19ms  20164    Load Sprites Done
19:10:34.377     0,889s       7ms  20164    GenerateTerrainTransitions started. Legacy = False
19:10:34.384     0,896s       6ms  20164    TexId = 5451 GenTilesCnt = 2100
19:10:34.394     0,906s      10ms  20164    TexId = 6051; TexId - fGenTexIdStartI = 600; uniqueTex = 600; totalTex = 1350
19:10:34.401     0,913s       7ms  20164    GeneratedMasks cnt = 20
19:10:34.408     0,920s       7ms  20164    GenerateTerrainTransitions Done
19:10:34.414     0,926s       6ms  20164    GenerateTerrainTransitions started. Legacy = True
19:10:34.423     0,935s       9ms  20164    Legacy: TexId = 4999 GenTilesCntTemp = 2030
19:10:34.431     0,943s       8ms  20164    TexId = 5463; TexId - fGenTexIdStartILegacy = 464; uniqueTex = 464; totalTex = 1044
19:10:34.439     0,951s       8ms  20164    GeneratedMasks cnt = 16
19:10:34.445     0,957s       6ms  20164    GenerateTerrainTransitions Done
19:10:34.559     1,071s     114ms  20164    Load font started
19:10:34.598     1,110s      39ms  20164    Font load took 39ms
19:10:34.606     1,118s       8ms  20164    Read fonts is done
19:10:34.622     1,134s      16ms  20164    ReadGFX is done
19:10:34.629     1,141s       7ms  20164    Resource loading state - Menu
19:10:34.645     1,157s      15ms  14204    OpenAL init started
19:10:34.810     1,322s     165ms  20164    Music init done, 24 tracks found
                                      Loading campaign images.rxx for HKS
19:10:34.942     1,454s     131ms  16564    Custom - 1
19:10:34.953     1,465s       9ms  20164    Main menu init done
19:10:34.982     1,494s      29ms  14204    Pre-LoadSFX init ... done
19:10:34.989     1,501s       7ms  14204    ALC_MONO_SOURCES 255
19:10:34.996     1,508s       7ms  14204    ALC_STEREO_SOURCES 1
19:10:35.004     1,516s       8ms  14204    OpenAL init done
19:10:35.018     1,530s      14ms  20164    Check game folder 'E:\programowanie\projekty delphi\kam_expansion\' generic permissions: READ: granted; WRITE: granted; EXECUTE: granted; folder is writable: 
19:10:35.025     1,537s       7ms  20164    LoadGameResources ... AlphaShadows: True. Forced: True
19:10:35.031     1,543s       6ms  20164    TKMResSprites.LoadGameResources
19:10:35.039     1,551s       8ms  20164    [AsyncGameResLoader Thread] Started
19:10:35.054     1,566s      15ms  20164    Resource loading state - Game
19:10:35.062     1,574s       7ms  19648    [AsyncGameResLoader Thread] RT = rxTrees Stage = lsLoad
19:10:35.068     1,580s       6ms  20164    ToggleFullscreen
19:10:35.076     1,588s       8ms  20164    Form Width/Height: 1040:876
19:10:35.082     1,594s       6ms  20164    Panel Width/Height: 1024:837
19:10:35.090     1,602s       7ms  19648    [AsyncGameResLoader Thread] Start Load RXX 'Trees.rxx'
19:10:35.098     1,610s       8ms  19648    Load Sprites started
19:10:35.106     1,618s       8ms  19648    Trees - 1216
19:10:35.121     1,633s      15ms  20164    Saving dev settings to file 'kmr_dev.xml'
                                      Loading campaign images.rxx for KSN
19:10:35.152     1,663s      30ms  16564    Custom - 1
19:10:35.167     1,679s      16ms  20164    Saving dev settings to file 'kmr_dev.xml'
19:10:35.175     1,687s       8ms  20164    Game Load Done in 1727
                                      Loading campaign images.rxx for KSO
19:10:35.250     1,762s      75ms  16564    Custom - 1
                                      Loading campaign images.rxx for KSU
19:10:35.314     1,826s      64ms  16564    Custom - 1
19:10:35.333     1,845s      19ms  19648    Load Sprites Done
                                      Loading campaign images.rxx for OFL
19:10:35.364     1,876s      31ms  16564    Custom - 1
                                      Loading campaign images.rxx for OER
19:10:35.415     1,926s      50ms  16564    Custom - 1
                                      Loading campaign images.rxx for TBK
19:10:35.450     1,962s      36ms  16564    Custom - 1
19:10:35.456     1,968s       6ms  19648    [AsyncGameResLoader Thread] DONE Load RXX 'Trees.rxa'
19:10:35.465     1,977s       9ms  20164    [AsyncGameResLoader MainTh] [UpdateStateIdle] GenTextures RT = rxTrees Stage = lsGenMain
19:10:35.477     1,989s      12ms  20164    [AsyncGameResLoader MainTh] [UpdateStateIdle] DONE
19:10:35.484     1,996s       7ms  19648    [AsyncGameResLoader Thread] RT = rxTrees Stage = lsOverload
19:10:35.491     2,003s       7ms  19648    [AsyncGameResLoader Thread] OverloadFromFolder RT = rxTrees
                                      Loading campaign images.rxx for TPR
19:10:35.523     2,035s      32ms  16564    Custom - 1
19:10:35.553     2,065s      30ms  19648    [AsyncGameResLoader Thread] DONE OverloadFromFolder RT = rxTrees
19:10:35.566     2,078s      13ms  20164    [AsyncGameResLoader MainTh] [UpdateStateIdle] GenTextures RT = rxTrees Stage = lsGenOverload
19:10:35.573     2,085s       7ms  20164    [AsyncGameResLoader MainTh] [UpdateStateIdle] DONE
19:10:35.579     2,091s       6ms  19648    [AsyncGameResLoader Thread] RT = rxHouses Stage = lsLoad
                                      Loading campaign images.rxx for TSK
19:10:35.594     2,106s      15ms  19648    [AsyncGameResLoader Thread] Start Load RXX 'Houses.rxx'
19:10:35.602     2,114s       8ms  19648    Load Sprites started
19:10:35.609     2,121s       7ms  16564    Custom - 1
19:10:35.616     2,128s       7ms  19648    Houses - 2709
                                      Loading campaign images.rxx for TUA
19:10:35.651     2,162s      34ms  16564    Custom - 1
                                      Loading campaign images.rxx for TMR
19:10:35.812     2,324s     162ms  16564    Custom - 1
19:10:35.860     2,372s      48ms  19648    Load Sprites Done
19:10:36.014     2,526s     154ms  19648    [AsyncGameResLoader Thread] DONE Load RXX 'Houses.rxa'
19:10:36.029     2,541s      15ms  20164    [AsyncGameResLoader MainTh] [UpdateStateIdle] GenTextures RT = rxHouses Stage = lsGenMain
19:10:36.043     2,555s      14ms  20164    [AsyncGameResLoader MainTh] [UpdateStateIdle] DONE
19:10:36.050     2,562s       7ms  19648    [AsyncGameResLoader Thread] RT = rxHouses Stage = lsOverload
19:10:36.057     2,569s       7ms  19648    [AsyncGameResLoader Thread] OverloadFromFolder RT = rxHouses
19:10:36.234     2,746s     177ms  19648    [AsyncGameResLoader Thread] DONE OverloadFromFolder RT = rxHouses
19:10:36.241     2,753s       7ms  20164    [AsyncGameResLoader MainTh] [UpdateStateIdle] GenTextures RT = rxHouses Stage = lsGenOverload
19:10:36.248     2,760s       7ms  20164    [AsyncGameResLoader MainTh] [UpdateStateIdle] DONE
19:10:36.254     2,766s       6ms  19648    [AsyncGameResLoader Thread] RT = rxUnits Stage = lsLoad
19:10:36.260     2,772s       6ms  19648    [AsyncGameResLoader Thread] Start Load RXX 'Units.rxx'
19:10:36.267     2,779s       7ms  19648    Load Sprites started
19:10:36.274     2,786s       7ms  19648    Units - 14845
19:10:37.887     4,399s    1613ms  19648    Load Sprites Done
19:10:39.011     5,523s    1125ms  19648    [AsyncGameResLoader Thread] DONE Load RXX 'Units.rxa'
19:10:39.019     5,531s       7ms  20164    [AsyncGameResLoader MainTh] [UpdateStateIdle] GenTextures RT = rxUnits Stage = lsGenMain
19:10:39.095     5,607s      76ms  20164    [AsyncGameResLoader MainTh] [UpdateStateIdle] DONE
19:10:39.104     5,616s       9ms  19648    [AsyncGameResLoader Thread] RT = rxUnits Stage = lsOverload
19:10:39.111     5,623s       7ms  19648    [AsyncGameResLoader Thread] OverloadFromFolder RT = rxUnits
19:10:40.216     6,728s    1105ms  19648    [AsyncGameResLoader Thread] DONE OverloadFromFolder RT = rxUnits
19:10:40.224     6,736s       8ms  20164    [AsyncGameResLoader MainTh] [UpdateStateIdle] GenTextures RT = rxUnits Stage = lsGenOverload
19:10:40.238     6,750s      14ms  20164    [AsyncGameResLoader Thread] Stopped
19:10:40.246     6,758s       7ms  20164    [AsyncGameResLoader MainTh] [UpdateStateIdle] DONE
