   Timestamp    Elapsed     Delta  Thread    Description
========================
    Date: 2024.12.28
========================
19:02:59.533     0,001s       1ms  20968    Log is up and running. Game version: KaM Expansion: Co-op & World Update
19:02:59.538     0,006s       5ms  20968    Game Load started
19:02:59.547     0,014s       7ms  20968    Start loading 'GameApp settings' from 'C:\Users\szyby\OneDrive\Dokumenty\My Games\Knights and Merchants Remake\KaM Remake Settings KingDyronMod.xml'
19:02:59.552     0,019s       5ms  20968    'GameApp settings' was successfully loaded from 'C:\Users\szyby\OneDrive\Dokumenty\My Games\Knights and Merchants Remake\KaM Remake Settings KingDyronMod.xml'
19:02:59.566     0,033s       5ms  20968    Start saving 'GameApp settings' to 'C:\Users\szyby\OneDrive\Dokumenty\My Games\Knights and Merchants Remake\KaM Remake Settings KingDyronMod.xml'
01332258 KaM_Expansion.exe KM_Settings        106 TKMSettings.SaveToDefaultFile
0133232b KaM_Expansion.exe KM_Settings        113 TKMSettings.SaveToDefaultFile
01331f29 KaM_Expansion.exe KM_Settings         59 TKMSettings.Create
01332666 KaM_Expansion.exe KM_SettingsXML      38 TKMSettingsXML.Create
013329a7 KaM_Expansion.exe KM_GameAppSettings  51 TKMGameAppSettings.Create
0154b518 KaM_Expansion.exe KM_Main            258 TKMMain.Start
0154b79c KaM_Expansion.exe KM_Main            305 TKMMain.Start
017c8b2b KaM_Expansion.exe KaM_Expansion      479 initialization
017c8b5a KaM_Expansion.exe KaM_Expansion      482 initialization
76df7ba7 KERNEL32.DLL                             BaseThreadInitThunk

19:02:59.608     0,075s      42ms  20968    'GameApp settings' was successfully saved to 'C:\Users\szyby\OneDrive\Dokumenty\My Games\Knights and Merchants Remake\KaM Remake Settings KingDyronMod.xml'
19:02:59.624     0,091s      16ms  20968    Start loading 'Server settings' from 'C:\Users\szyby\OneDrive\Dokumenty\My Games\Knights and Merchants Remake\KaM Remake Server Settings.ini'
19:02:59.630     0,097s       6ms  20968    'Server settings' was successfully loaded from 'C:\Users\szyby\OneDrive\Dokumenty\My Games\Knights and Merchants Remake\KaM Remake Server Settings.ini'
19:02:59.637     0,104s       7ms  20968    Start saving 'Server settings' to 'C:\Users\szyby\OneDrive\Dokumenty\My Games\Knights and Merchants Remake\KaM Remake Server Settings.ini'
01332258 KaM_Expansion.exe KM_Settings       106 TKMSettings.SaveToDefaultFile
0133232b KaM_Expansion.exe KM_Settings       113 TKMSettings.SaveToDefaultFile
01331f29 KaM_Expansion.exe KM_Settings        59 TKMSettings.Create
01474790 KaM_Expansion.exe KM_ServerSettings 109 TKMServerSettings.Create
01540898 KaM_Expansion.exe KM_GameApp        213 TKMGameApp.Create
01540cea KaM_Expansion.exe KM_GameApp        295 TKMGameApp.Create
0154c7c2 KaM_Expansion.exe KM_Main           635 TKMMain.ReinitRender
0154c9ce KaM_Expansion.exe KM_Main           689 TKMMain.ReinitRender
0154b62e KaM_Expansion.exe KM_Main           281 TKMMain.Start
0154b79c KaM_Expansion.exe KM_Main           305 TKMMain.Start
017c8b2b KaM_Expansion.exe KaM_Expansion     479 initialization
017c8b5a KaM_Expansion.exe KaM_Expansion     482 initialization
76df7ba7 KERNEL32.DLL                            BaseThreadInitThunk

19:02:59.650     0,117s      13ms  20968    'Server settings' was successfully saved to 'C:\Users\szyby\OneDrive\Dokumenty\My Games\Knights and Merchants Remake\KaM Remake Server Settings.ini'
19:02:59.657     0,125s       8ms  20968    Init Render started
19:02:59.794     0,261s     136ms  20968    GL_MAX_TEXTURE_SIZE = 32768
19:02:59.801     0,268s       7ms  20968    GL_MAX_VIEWPORT_DIM = 32768
                                      OpenGL Vendor: NVIDIA Corporation
                                      OpenGL Renderer: NVIDIA GeForce RTX 3060 Ti/PCIe/SSE2
                                      OpenGL Version: 4.6.0 NVIDIA 560.81
19:02:59.827     0,294s      26ms  20968    Init Render Done
19:02:59.836     0,303s       9ms  20968    Resource loading state - None
19:02:59.843     0,310s       7ms  20968    Reading palettes ... done
19:02:59.852     0,319s       9ms  20968    Reading GUI.rx
19:02:59.858     0,326s       7ms  20968    Load Sprites started
19:02:59.866     0,333s       7ms  20968    GUI - 966
19:02:59.888     0,355s      22ms  20968    Load Sprites Done
19:02:59.926     0,393s      38ms  20968    Reading GUIMain.rx
19:02:59.933     0,400s       7ms  20968    Load Sprites started
19:02:59.943     0,410s      10ms  20968    GUIMain - 105
19:03:00.003     0,470s      60ms  20968    Load Sprites Done
19:03:00.071     0,539s      69ms  20968    Reading Tileset.rx
19:03:00.078     0,546s       7ms  20968    Load Sprites started
19:03:00.085     0,552s       6ms  20968    Tileset - 5449
19:03:00.104     0,571s      19ms  20968    Load Sprites Done
19:03:00.110     0,577s       6ms  20968    GenerateTerrainTransitions started. Legacy = False
19:03:00.116     0,583s       6ms  20968    TexId = 5451 GenTilesCnt = 2100
19:03:00.124     0,591s       8ms  20968    TexId = 6051; TexId - fGenTexIdStartI = 600; uniqueTex = 600; totalTex = 1350
19:03:00.130     0,598s       7ms  20968    GeneratedMasks cnt = 20
19:03:00.136     0,604s       6ms  20968    GenerateTerrainTransitions Done
19:03:00.143     0,610s       6ms  20968    GenerateTerrainTransitions started. Legacy = True
19:03:00.149     0,616s       6ms  20968    Legacy: TexId = 4999 GenTilesCntTemp = 2030
19:03:00.158     0,625s       9ms  20968    TexId = 5463; TexId - fGenTexIdStartILegacy = 464; uniqueTex = 464; totalTex = 1044
19:03:00.165     0,632s       6ms  20968    GeneratedMasks cnt = 16
19:03:00.172     0,639s       7ms  20968    GenerateTerrainTransitions Done
19:03:00.283     0,750s     111ms  20968    Load font started
19:03:00.320     0,787s      37ms  20968    Font load took 37ms
19:03:00.330     0,797s      10ms  20968    Read fonts is done
19:03:00.347     0,814s      17ms  20968    ReadGFX is done
19:03:00.356     0,823s       9ms  20968    Resource loading state - Menu
19:03:00.364     0,831s       8ms  20432    OpenAL init started
19:03:01.028     1,495s     664ms  20968    Music init done, 24 tracks found
                                      Loading campaign images.rxx for HKS
19:03:01.057     1,524s      29ms   6256    Custom - 1
19:03:01.064     1,531s       7ms  20432    Pre-LoadSFX init ... done
19:03:01.073     1,540s       9ms  20432    ALC_MONO_SOURCES 255
19:03:01.079     1,546s       6ms  20432    ALC_STEREO_SOURCES 1
19:03:01.087     1,554s       8ms  20968    Main menu init done
19:03:01.094     1,561s       7ms  20432    OpenAL init done
19:03:01.116     1,584s      23ms  20968    Check game folder 'E:\programowanie\projekty delphi\kam_expansion\' generic permissions: READ: granted; WRITE: granted; EXECUTE: granted; folder is writable: 
19:03:01.124     1,591s       6ms  20968    LoadGameResources ... AlphaShadows: True. Forced: True
19:03:01.130     1,598s       7ms  20968    TKMResSprites.LoadGameResources
19:03:01.137     1,605s       7ms  20968    [AsyncGameResLoader Thread] Started
19:03:01.144     1,611s       6ms  20968    Resource loading state - Game
19:03:01.150     1,617s       6ms  16216    [AsyncGameResLoader Thread] RT = rxTrees Stage = lsLoad
19:03:01.159     1,626s       9ms  16216    [AsyncGameResLoader Thread] Start Load RXX 'Trees.rxx'
19:03:01.164     1,631s       5ms  16216    Load Sprites started
19:03:01.171     1,638s       7ms  20968    ToggleFullscreen
19:03:01.177     1,644s       6ms  20968    Form Width/Height: 1040:876
19:03:01.183     1,650s       6ms  20968    Panel Width/Height: 1024:837
19:03:01.193     1,660s      10ms  16216    Trees - 1216
19:03:01.220     1,687s      27ms  20968    Saving dev settings to file 'kmr_dev.xml'
19:03:01.234     1,701s      14ms  20968    Saving dev settings to file 'kmr_dev.xml'
19:03:01.243     1,710s       9ms  20968    Game Load Done in 1721
                                      Loading campaign images.rxx for KSN
19:03:01.266     1,733s      23ms   6256    Custom - 1
                                      Loading campaign images.rxx for KSO
19:03:01.354     1,821s      88ms   6256    Custom - 1
19:03:01.388     1,855s      34ms  16216    Load Sprites Done
                                      Loading campaign images.rxx for KSU
19:03:01.421     1,888s      33ms   6256    Custom - 1
                                      Loading campaign images.rxx for OFL
19:03:01.473     1,941s      53ms   6256    Custom - 1
19:03:01.496     1,963s      22ms  16216    [AsyncGameResLoader Thread] DONE Load RXX 'Trees.rxa'
19:03:01.502     1,970s       7ms  20968    [AsyncGameResLoader MainTh] [UpdateStateIdle] GenTextures RT = rxTrees Stage = lsGenMain
                                      Loading campaign images.rxx for OER
19:03:01.523     1,990s      20ms   6256    Custom - 1
19:03:01.530     1,997s       7ms  20968    [AsyncGameResLoader MainTh] [UpdateStateIdle] DONE
19:03:01.538     2,005s       7ms  16216    [AsyncGameResLoader Thread] RT = rxTrees Stage = lsOverload
19:03:01.544     2,011s       6ms  16216    [AsyncGameResLoader Thread] OverloadFromFolder RT = rxTrees
                                      Loading campaign images.rxx for TBK
19:03:01.572     2,039s      28ms   6256    Custom - 1
19:03:01.618     2,085s      46ms  16216    [AsyncGameResLoader Thread] DONE OverloadFromFolder RT = rxTrees
                                      Loading campaign images.rxx for TPR
19:03:01.631     2,099s      14ms   6256    Custom - 1
19:03:01.638     2,106s       7ms  20968    [AsyncGameResLoader MainTh] [UpdateStateIdle] GenTextures RT = rxTrees Stage = lsGenOverload
19:03:01.645     2,112s       6ms  20968    [AsyncGameResLoader MainTh] [UpdateStateIdle] DONE
19:03:01.655     2,122s      10ms  16216    [AsyncGameResLoader Thread] RT = rxHouses Stage = lsLoad
19:03:01.662     2,129s       7ms  16216    [AsyncGameResLoader Thread] Start Load RXX 'Houses.rxx'
19:03:01.671     2,139s      10ms  16216    Load Sprites started
19:03:01.677     2,145s       6ms  16216    Houses - 2709
                                      Loading campaign images.rxx for TSK
19:03:01.695     2,162s      17ms   6256    Custom - 1
                                      Loading campaign images.rxx for TUA
19:03:01.741     2,208s      46ms   6256    Custom - 1
                                      Loading campaign images.rxx for TMR
19:03:01.907     2,375s     166ms   6256    Custom - 1
19:03:01.930     2,397s      22ms  16216    Load Sprites Done
19:03:02.067     2,534s     137ms  16216    [AsyncGameResLoader Thread] DONE Load RXX 'Houses.rxa'
19:03:02.080     2,547s      13ms  20968    [AsyncGameResLoader MainTh] [UpdateStateIdle] GenTextures RT = rxHouses Stage = lsGenMain
19:03:02.095     2,562s      15ms  20968    [AsyncGameResLoader MainTh] [UpdateStateIdle] DONE
19:03:02.104     2,571s       9ms  16216    [AsyncGameResLoader Thread] RT = rxHouses Stage = lsOverload
19:03:02.111     2,579s       8ms  16216    [AsyncGameResLoader Thread] OverloadFromFolder RT = rxHouses
19:03:02.278     2,747s     168ms  16216    [AsyncGameResLoader Thread] DONE OverloadFromFolder RT = rxHouses
19:03:02.287     2,754s       7ms  20968    [AsyncGameResLoader MainTh] [UpdateStateIdle] GenTextures RT = rxHouses Stage = lsGenOverload
19:03:02.293     2,760s       6ms  20968    [AsyncGameResLoader MainTh] [UpdateStateIdle] DONE
19:03:02.301     2,768s       8ms  16216    [AsyncGameResLoader Thread] RT = rxUnits Stage = lsLoad
19:03:02.307     2,774s       6ms  16216    [AsyncGameResLoader Thread] Start Load RXX 'Units.rxx'
19:03:02.313     2,780s       6ms  16216    Load Sprites started
19:03:02.323     2,790s      10ms  16216    Units - 14845
19:03:03.876     4,343s    1553ms  16216    Load Sprites Done
19:03:05.023     5,490s    1147ms  16216    [AsyncGameResLoader Thread] DONE Load RXX 'Units.rxa'
19:03:05.034     5,501s      11ms  20968    [AsyncGameResLoader MainTh] [UpdateStateIdle] GenTextures RT = rxUnits Stage = lsGenMain
19:03:05.133     5,600s      99ms  20968    [AsyncGameResLoader MainTh] [UpdateStateIdle] DONE
19:03:05.141     5,608s       8ms  16216    [AsyncGameResLoader Thread] RT = rxUnits Stage = lsOverload
19:03:05.147     5,614s       6ms  16216    [AsyncGameResLoader Thread] OverloadFromFolder RT = rxUnits
19:03:06.286     6,753s    1139ms  16216    [AsyncGameResLoader Thread] DONE OverloadFromFolder RT = rxUnits
19:03:06.300     6,767s      14ms  20968    [AsyncGameResLoader MainTh] [UpdateStateIdle] GenTextures RT = rxUnits Stage = lsGenOverload
19:03:06.307     6,774s       7ms  20968    [AsyncGameResLoader Thread] Stopped
19:03:06.314     6,781s       7ms  20968    [AsyncGameResLoader MainTh] [UpdateStateIdle] DONE
19:03:41.470    41,937s   35156ms  20968    Saving dev settings to file 'kmr_dev.xml'
19:03:41.477    41,944s       7ms  20968    Stopping game application...
19:03:41.484    41,951s       6ms  20968    Start saving 'Server settings' to 'C:\Users\szyby\OneDrive\Dokumenty\My Games\Knights and Merchants Remake\KaM Remake Server Settings.ini'
01332258 KaM_Expansion.exe KM_Settings        106 TKMSettings.SaveToDefaultFile
0133232b KaM_Expansion.exe KM_Settings        113 TKMSettings.SaveToDefaultFile
01331f64 KaM_Expansion.exe KM_Settings         65 TKMSettings.Destroy
014747d6 KaM_Expansion.exe KM_ServerSettings  117 TKMServerSettings.Destroy
00d9a764 KaM_Expansion.exe System              20 TObject.Free
0106980c KaM_Expansion.exe KromUtils          281 FreeThenNil
01540f47 KaM_Expansion.exe KM_GameApp         330 TKMGameApp.Destroy
00d9a764 KaM_Expansion.exe System              20 TObject.Free
0106980c KaM_Expansion.exe KromUtils          281 FreeThenNil
0154bbdd KaM_Expansion.exe KM_Main            376 TKMMain.Stop
0154bcbc KaM_Expansion.exe KM_Main            405 TKMMain.Stop
017b3515 KaM_Expansion.exe KM_FormMain       2212 TFormMain.FormClose
010136a7 KaM_Expansion.exe Vcl.Forms              TCustomForm.DoClose
01019095 KaM_Expansion.exe Vcl.Forms              TCustomForm.Close
01017cd4 KaM_Expansion.exe Vcl.Forms              TCustomForm.WMClose
00f62cfa KaM_Expansion.exe Vcl.Controls           TControl.WndProc
00f67ec1 KaM_Expansion.exe Vcl.Controls           TWinControl.WndProc
010142e8 KaM_Expansion.exe Vcl.Forms              TCustomForm.WndProc
01014303 KaM_Expansion.exe Vcl.Forms              TCustomForm.WndProc
017b3001 KaM_Expansion.exe KM_FormMain       2051 TFormMain.WndProc

19:03:41.504    41,972s      21ms  20968    'Server settings' was successfully saved to 'C:\Users\szyby\OneDrive\Dokumenty\My Games\Knights and Merchants Remake\KaM Remake Server Settings.ini'
19:03:41.719    42,186s     214ms  20968    Start saving 'GameApp settings' to 'C:\Users\szyby\OneDrive\Dokumenty\My Games\Knights and Merchants Remake\KaM Remake Settings KingDyronMod.xml'
01332258 KaM_Expansion.exe KM_Settings         106 TKMSettings.SaveToDefaultFile
0133232b KaM_Expansion.exe KM_Settings         113 TKMSettings.SaveToDefaultFile
01331f64 KaM_Expansion.exe KM_Settings          65 TKMSettings.Destroy
013326be KaM_Expansion.exe KM_SettingsXML       44 TKMSettingsXML.Destroy
013329ea KaM_Expansion.exe KM_GameAppSettings   57 TKMGameAppSettings.Destroy
00d9a764 KaM_Expansion.exe System               20 TObject.Free
0106980c KaM_Expansion.exe KromUtils           281 FreeThenNil
0154bbe7 KaM_Expansion.exe KM_Main             378 TKMMain.Stop
0154bcbc KaM_Expansion.exe KM_Main             405 TKMMain.Stop
017b3515 KaM_Expansion.exe KM_FormMain        2212 TFormMain.FormClose
010136a7 KaM_Expansion.exe Vcl.Forms               TCustomForm.DoClose
01019095 KaM_Expansion.exe Vcl.Forms               TCustomForm.Close
01017cd4 KaM_Expansion.exe Vcl.Forms               TCustomForm.WMClose
00f62cfa KaM_Expansion.exe Vcl.Controls            TControl.WndProc
00f67ec1 KaM_Expansion.exe Vcl.Controls            TWinControl.WndProc
010142e8 KaM_Expansion.exe Vcl.Forms               TCustomForm.WndProc
01014303 KaM_Expansion.exe Vcl.Forms               TCustomForm.WndProc
017b3001 KaM_Expansion.exe KM_FormMain        2051 TFormMain.WndProc
00f673cc KaM_Expansion.exe Vcl.Controls            TWinControl.MainWndProc
00f673e7 KaM_Expansion.exe Vcl.Controls            TWinControl.MainWndProc

19:03:41.734    42,201s      15ms  20968    'GameApp settings' was successfully saved to 'C:\Users\szyby\OneDrive\Dokumenty\My Games\Knights and Merchants Remake\KaM Remake Settings KingDyronMod.xml'
