   Timestamp    Elapsed     Delta  Thread    Description
========================
    Date: 2024.12.31
========================
11:39:38.337     0,001s       1ms  13472    Log is up and running. Game version: KaM Expansion: Co-op & World Update
11:39:38.343     0,007s       6ms  13472    Game Load started
11:39:38.355     0,019s      12ms  13472    Start loading 'GameApp settings' from 'C:\Users\szyby\OneDrive\Dokumenty\My Games\Knights and Merchants Remake\KaM Remake Settings KingDyronMod.xml'
11:39:38.361     0,024s       5ms  13472    'GameApp settings' was successfully loaded from 'C:\Users\szyby\OneDrive\Dokumenty\My Games\Knights and Merchants Remake\KaM Remake Settings KingDyronMod.xml'
11:39:38.365     0,029s       5ms  13472    Start saving 'GameApp settings' to 'C:\Users\szyby\OneDrive\Dokumenty\My Games\Knights and Merchants Remake\KaM Remake Settings KingDyronMod.xml'
007f26fc KaM_Expansion.exe KM_Settings        106 TKMSettings.SaveToDefaultFile
007f27cf KaM_Expansion.exe KM_Settings        113 TKMSettings.SaveToDefaultFile
007f23cd KaM_Expansion.exe KM_Settings         59 TKMSettings.Create
007f2b0a KaM_Expansion.exe KM_SettingsXML      38 TKMSettingsXML.Create
007f2e4b KaM_Expansion.exe KM_GameAppSettings  51 TKMGameAppSettings.Create
00a0c270 KaM_Expansion.exe KM_Main            258 TKMMain.Start
00a0c4f4 KaM_Expansion.exe KM_Main            305 TKMMain.Start
00c8ab2b KaM_Expansion.exe KaM_Expansion      479 initialization
00c8ab5a KaM_Expansion.exe KaM_Expansion      482 initialization
772b7ba7 KERNEL32.DLL                             BaseThreadInitThunk

11:39:38.403     0,067s      38ms  13472    'GameApp settings' was successfully saved to 'C:\Users\szyby\OneDrive\Dokumenty\My Games\Knights and Merchants Remake\KaM Remake Settings KingDyronMod.xml'
11:39:38.434     0,098s      30ms  13472    Start loading 'Server settings' from 'C:\Users\szyby\OneDrive\Dokumenty\My Games\Knights and Merchants Remake\KaM Remake Server Settings.ini'
11:39:38.440     0,104s       6ms  13472    'Server settings' was successfully loaded from 'C:\Users\szyby\OneDrive\Dokumenty\My Games\Knights and Merchants Remake\KaM Remake Server Settings.ini'
11:39:38.446     0,110s       6ms  13472    Start saving 'Server settings' to 'C:\Users\szyby\OneDrive\Dokumenty\My Games\Knights and Merchants Remake\KaM Remake Server Settings.ini'
007f26fc KaM_Expansion.exe KM_Settings       106 TKMSettings.SaveToDefaultFile
007f27cf KaM_Expansion.exe KM_Settings       113 TKMSettings.SaveToDefaultFile
007f23cd KaM_Expansion.exe KM_Settings        59 TKMSettings.Create
009354e8 KaM_Expansion.exe KM_ServerSettings 109 TKMServerSettings.Create
00a015f0 KaM_Expansion.exe KM_GameApp        213 TKMGameApp.Create
00a01a42 KaM_Expansion.exe KM_GameApp        295 TKMGameApp.Create
00a0d51a KaM_Expansion.exe KM_Main           635 TKMMain.ReinitRender
00a0d726 KaM_Expansion.exe KM_Main           689 TKMMain.ReinitRender
00a0c386 KaM_Expansion.exe KM_Main           281 TKMMain.Start
00a0c4f4 KaM_Expansion.exe KM_Main           305 TKMMain.Start
00c8ab2b KaM_Expansion.exe KaM_Expansion     479 initialization
00c8ab5a KaM_Expansion.exe KaM_Expansion     482 initialization
772b7ba7 KERNEL32.DLL                            BaseThreadInitThunk

11:39:38.459     0,123s      13ms  13472    'Server settings' was successfully saved to 'C:\Users\szyby\OneDrive\Dokumenty\My Games\Knights and Merchants Remake\KaM Remake Server Settings.ini'
11:39:38.466     0,129s       5ms  13472    Init Render started
11:39:38.612     0,276s     146ms  13472    GL_MAX_TEXTURE_SIZE = 32768
11:39:38.619     0,283s       7ms  13472    GL_MAX_VIEWPORT_DIM = 32768
                                      OpenGL Vendor: NVIDIA Corporation
                                      OpenGL Renderer: NVIDIA GeForce RTX 3060 Ti/PCIe/SSE2
                                      OpenGL Version: 4.6.0 NVIDIA 560.81
11:39:38.645     0,309s      26ms  13472    Init Render Done
11:39:38.652     0,315s       6ms  13472    Resource loading state - None
11:39:38.658     0,322s       7ms  13472    Reading palettes ... done
11:39:38.666     0,329s       7ms  13472    Reading GUI.rx
11:39:38.673     0,337s       8ms  13472    Load Sprites started
11:39:38.680     0,343s       6ms  13472    GUI - 966
11:39:38.699     0,362s      19ms  13472    Load Sprites Done
11:39:38.734     0,397s      35ms  13472    Reading GUIMain.rx
11:39:38.741     0,405s       8ms  13472    Load Sprites started
11:39:38.748     0,411s       6ms  13472    GUIMain - 105
11:39:38.799     0,463s      52ms  13472    Load Sprites Done
11:39:38.852     0,516s      53ms  13472    Reading Tileset.rx
11:39:38.859     0,523s       7ms  13472    Load Sprites started
11:39:38.866     0,529s       6ms  13472    Tileset - 5449
11:39:38.902     0,565s      36ms  13472    Load Sprites Done
11:39:38.908     0,571s       6ms  13472    GenerateTerrainTransitions started. Legacy = False
11:39:38.915     0,578s       7ms  13472    TexId = 5451 GenTilesCnt = 2100
11:39:38.921     0,585s       7ms  13472    TexId = 6051; TexId - fGenTexIdStartI = 600; uniqueTex = 600; totalTex = 1350
11:39:38.929     0,592s       7ms  13472    GeneratedMasks cnt = 20
11:39:38.936     0,599s       7ms  13472    GenerateTerrainTransitions Done
11:39:38.942     0,606s       7ms  13472    GenerateTerrainTransitions started. Legacy = True
11:39:38.949     0,612s       6ms  13472    Legacy: TexId = 4999 GenTilesCntTemp = 2030
11:39:38.955     0,619s       7ms  13472    TexId = 5463; TexId - fGenTexIdStartILegacy = 464; uniqueTex = 464; totalTex = 1044
11:39:38.961     0,625s       6ms  13472    GeneratedMasks cnt = 16
11:39:38.967     0,631s       6ms  13472    GenerateTerrainTransitions Done
11:39:39.079     0,743s     111ms  13472    Load font started
11:39:39.116     0,779s      36ms  13472    Font load took 36ms
11:39:39.122     0,786s       7ms  13472    Read fonts is done
11:39:39.139     0,803s      17ms  13472    ReadGFX is done
11:39:39.147     0,811s       8ms  13472    Resource loading state - Menu
11:39:39.154     0,818s       7ms  20596    OpenAL init started
11:39:39.784     1,448s     630ms  13472    Music init done, 24 tracks found
                                      Loading campaign images.rxx for HKS
11:39:39.810     1,474s      26ms  11240    Custom - 1
11:39:39.817     1,481s       7ms  20596    Pre-LoadSFX init ... done
11:39:39.824     1,488s       7ms  20596    ALC_MONO_SOURCES 255
11:39:39.832     1,496s       8ms  20596    ALC_STEREO_SOURCES 1
11:39:39.838     1,502s       6ms  13472    Main menu init done
11:39:39.850     1,514s      12ms  20596    OpenAL init done
11:39:39.867     1,531s      17ms  13472    Check game folder 'E:\programowanie\projekty delphi\kam_expansion\' generic permissions: READ: granted; WRITE: granted; EXECUTE: granted; folder is writable: 
11:39:39.877     1,540s       9ms  13472    LoadGameResources ... AlphaShadows: True. Forced: True
11:39:39.883     1,546s       6ms  13472    TKMResSprites.LoadGameResources
11:39:39.889     1,553s       7ms  13472    [AsyncGameResLoader Thread] Started
11:39:39.895     1,559s       6ms  13472    Resource loading state - Game
11:39:39.903     1,567s       8ms  13472    ToggleFullscreen
11:39:39.908     1,572s       5ms  13472    Form Width/Height: 1040:830
11:39:39.914     1,578s       6ms  13472    Panel Width/Height: 764:748
11:39:39.923     1,587s       9ms   4344    [AsyncGameResLoader Thread] RT = rxTrees Stage = lsLoad
11:39:39.929     1,593s       6ms   4344    [AsyncGameResLoader Thread] Start Load RXX 'Trees.rxx'
11:39:39.936     1,600s       7ms   4344    Load Sprites started
11:39:39.943     1,607s       7ms   4344    Trees - 1216
11:39:40.065     1,728s     121ms   4344    Load Sprites Done
11:39:40.164     1,828s     100ms   4344    [AsyncGameResLoader Thread] DONE Load RXX 'Trees.rxa'
                                      Loading campaign images.rxx for KSN
11:39:40.214     1,878s      50ms  11240    Custom - 1
11:39:40.257     1,921s      43ms  13472    Saving dev settings to file 'kmr_dev.xml'
                                      Loading campaign images.rxx for KSO
11:39:40.305     1,969s      48ms  11240    Custom - 1
11:39:40.325     1,989s      20ms  13472    Saving dev settings to file 'kmr_dev.xml'
11:39:40.333     1,997s       8ms  13472    Game Load Done in 2022
11:39:40.351     2,015s      18ms  13472    [AsyncGameResLoader MainTh] [UpdateStateIdle] GenTextures RT = rxTrees Stage = lsGenMain
11:39:40.363     2,027s      12ms  13472    [AsyncGameResLoader MainTh] [UpdateStateIdle] DONE
11:39:40.370     2,034s       7ms   4344    [AsyncGameResLoader Thread] RT = rxTrees Stage = lsOverload
11:39:40.377     2,041s       7ms   4344    [AsyncGameResLoader Thread] OverloadFromFolder RT = rxTrees
                                      Loading campaign images.rxx for KSU
11:39:40.390     2,054s      13ms   4344    [AsyncGameResLoader Thread] DONE OverloadFromFolder RT = rxTrees
11:39:40.397     2,061s       7ms  11240    Custom - 1
11:39:40.403     2,067s       6ms  13472    [AsyncGameResLoader MainTh] [UpdateStateIdle] GenTextures RT = rxTrees Stage = lsGenOverload
11:39:40.410     2,074s       7ms  13472    [AsyncGameResLoader MainTh] [UpdateStateIdle] DONE
11:39:40.416     2,080s       6ms   4344    [AsyncGameResLoader Thread] RT = rxHouses Stage = lsLoad
11:39:40.422     2,086s       6ms   4344    [AsyncGameResLoader Thread] Start Load RXX 'Houses.rxx'
11:39:40.429     2,093s       7ms   4344    Load Sprites started
11:39:40.436     2,100s       7ms   4344    Houses - 2709
                                      Loading campaign images.rxx for OFL
11:39:40.458     2,122s      22ms  11240    Custom - 1
                                      Loading campaign images.rxx for OER
11:39:40.510     2,174s      52ms  11240    Custom - 1
                                      Loading campaign images.rxx for TBK
11:39:40.551     2,215s      41ms  11240    Custom - 1
                                      Loading campaign images.rxx for TPR
11:39:40.603     2,267s      52ms  11240    Custom - 1
11:39:40.610     2,273s       6ms   4344    Load Sprites Done
                                      Loading campaign images.rxx for TSK
11:39:40.655     2,319s      46ms  11240    Custom - 1
                                      Loading campaign images.rxx for TUA
11:39:40.695     2,358s      39ms  11240    Custom - 1
11:39:40.752     2,415s      57ms   4344    [AsyncGameResLoader Thread] DONE Load RXX 'Houses.rxa'
11:39:40.767     2,431s      16ms  13472    [AsyncGameResLoader MainTh] [UpdateStateIdle] GenTextures RT = rxHouses Stage = lsGenMain
11:39:40.791     2,455s      24ms  13472    [AsyncGameResLoader MainTh] [UpdateStateIdle] DONE
11:39:40.798     2,462s       7ms   4344    [AsyncGameResLoader Thread] RT = rxHouses Stage = lsOverload
11:39:40.804     2,468s       6ms   4344    [AsyncGameResLoader Thread] OverloadFromFolder RT = rxHouses
                                      Loading campaign images.rxx for TMR
11:39:40.846     2,510s      42ms  11240    Custom - 1
11:39:40.911     2,574s      64ms   4344    [AsyncGameResLoader Thread] DONE OverloadFromFolder RT = rxHouses
11:39:40.917     2,581s       7ms  13472    [AsyncGameResLoader MainTh] [UpdateStateIdle] GenTextures RT = rxHouses Stage = lsGenOverload
11:39:40.923     2,587s       6ms  13472    [AsyncGameResLoader MainTh] [UpdateStateIdle] DONE
11:39:40.930     2,593s       6ms   4344    [AsyncGameResLoader Thread] RT = rxUnits Stage = lsLoad
11:39:40.937     2,600s       6ms   4344    [AsyncGameResLoader Thread] Start Load RXX 'Units.rxx'
11:39:40.942     2,606s       6ms   4344    Load Sprites started
11:39:40.950     2,613s       7ms   4344    Units - 14845
11:39:41.145     2,808s     195ms  13472    Saving dev settings to file 'kmr_dev.xml'
11:39:41.419     3,083s     275ms   4344    Load Sprites Done
11:39:42.378     4,041s     958ms  13472    LoadGameResources ... AlphaShadows: True. Forced: False
11:39:42.385     4,048s       7ms  13472    TKMResSprites.LoadGameResources
11:39:42.573     4,237s     189ms   4344    [AsyncGameResLoader Thread] DONE Load RXX 'Units.rxa'
11:39:42.581     4,244s       7ms  13472    [AsyncGameResLoader MainTh] [LoadGameResources] GenTextures RT = rxUnits Stage = lsGenMain
11:39:42.652     4,315s      71ms  13472    [AsyncGameResLoader MainTh] [LoadGameResources] DONE
11:39:42.659     4,323s       8ms   4344    [AsyncGameResLoader Thread] RT = rxUnits Stage = lsOverload
11:39:42.667     4,330s       7ms   4344    [AsyncGameResLoader Thread] OverloadFromFolder RT = rxUnits
11:39:42.674     4,337s       7ms   4344    [AsyncGameResLoader Thread] DONE OverloadFromFolder RT = rxUnits
11:39:42.680     4,344s       7ms  13472    [AsyncGameResLoader MainTh] [LoadGameResources] GenTextures RT = rxUnits Stage = lsGenOverload
11:39:42.687     4,350s       6ms  13472    [AsyncGameResLoader Thread] Stopped
11:39:42.694     4,357s       7ms  13472    [AsyncGameResLoader MainTh] [LoadGameResources] DONE
11:39:42.700     4,364s       7ms  13472    Resource loading state - Game
11:39:42.707     4,370s       6ms  13472    Saving dev settings to file 'kmr_dev.xml'
11:39:42.754     4,417s      47ms  13472    <== Game creation is done ==>
11:39:42.761     4,425s       8ms  13472    GameStart
11:39:42.767     4,430s       5ms  13472    Loading DAT file: E:\programowanie\projekty delphi\kam_expansion\Maps\Nowa Misja 2\Nowa Misja 2.dat
11:39:42.773     4,436s       6ms  13472    Loading map file: E:\programowanie\projekty delphi\kam_expansion\Maps\Nowa Misja 2\Nowa Misja 2.map
11:39:42.779     4,443s       7ms  13472    Map file loaded
11:39:42.788     4,452s       9ms  13472    Gameplay recording initialized ... done
11:39:42.794     4,458s       6ms  13472    Game options: PT = 0; SpeedPT = 1; SpeedAfterPT = 1; Seed = 0; Difficulty = mdNone
11:39:42.801     4,464s       6ms  13472    Gameplay initialized ... done
11:39:42.807     4,470s       6ms  13472    After game start
11:39:42.813     4,476s       6ms  13472    Set game seed: 600490861
11:39:42.819     4,483s       7ms  13472    Saving game at tick 0 to 'E:\programowanie\projekty delphi\kam_expansion\Saves\basesave\basesave.bas'
11:39:42.827     4,490s       7ms  13472    After game start ... done
11:39:46.063     7,727s    3237ms  13472    Issue gicGameAutoSave command at tick 600
11:39:46.070     7,734s       7ms  13472    Saving game at tick 600 to 'E:\programowanie\projekty delphi\kam_expansion\Saves\autosave\autosave.sav'
11:39:47.081     8,744s    1010ms  13472    Issue gicGameAutoSave command at tick 1200
11:39:47.087     8,751s       7ms  13472    Saving game at tick 1200 to 'E:\programowanie\projekty delphi\kam_expansion\Saves\autosave\autosave.sav'
11:39:48.082     9,745s     994ms  13472    Issue gicGameAutoSave command at tick 1800
11:39:48.088     9,752s       7ms  13472    Saving game at tick 1800 to 'E:\programowanie\projekty delphi\kam_expansion\Saves\autosave\autosave.sav'
11:39:49.064    10,728s     976ms  13472    Issue gicGameAutoSave command at tick 2400
11:39:49.070    10,734s       6ms  13472    Saving game at tick 2400 to 'E:\programowanie\projekty delphi\kam_expansion\Saves\autosave\autosave.sav'
11:39:50.064    11,727s     992ms  13472    Issue gicGameAutoSave command at tick 3000
11:39:50.070    11,734s       7ms  13472    Saving game at tick 3000 to 'E:\programowanie\projekty delphi\kam_expansion\Saves\autosave\autosave.sav'
11:39:51.079    12,743s    1009ms  13472    Issue gicGameAutoSave command at tick 3600
11:39:51.085    12,749s       6ms  13472    Saving game at tick 3600 to 'E:\programowanie\projekty delphi\kam_expansion\Saves\autosave\autosave.sav'
11:39:52.064    13,727s     978ms  13472    Issue gicGameAutoSave command at tick 4200
11:39:52.070    13,734s       7ms  13472    Saving game at tick 4200 to 'E:\programowanie\projekty delphi\kam_expansion\Saves\autosave\autosave.sav'
11:39:53.080    14,744s    1010ms  13472    Issue gicGameAutoSave command at tick 4800
11:39:53.087    14,750s       6ms  13472    Saving game at tick 4800 to 'E:\programowanie\projekty delphi\kam_expansion\Saves\autosave\autosave.sav'
11:39:54.080    15,744s     994ms  13472    Issue gicGameAutoSave command at tick 5400
11:39:54.086    15,750s       6ms  13472    Saving game at tick 5400 to 'E:\programowanie\projekty delphi\kam_expansion\Saves\autosave\autosave.sav'
11:39:55.080    16,743s     993ms  13472    Issue gicGameAutoSave command at tick 6000
11:39:55.087    16,750s       7ms  13472    Saving game at tick 6000 to 'E:\programowanie\projekty delphi\kam_expansion\Saves\autosave\autosave.sav'
11:39:59.898    21,561s    4811ms  13472    Issue gicGameAutoSave command at tick 6600
11:39:59.905    21,569s       8ms  13472    Saving game at tick 6600 to 'E:\programowanie\projekty delphi\kam_expansion\Saves\autosave\autosave.sav'
11:40:09.313    30,977s    9408ms  13472    Issue gicGameAutoSave command at tick 7200
11:40:09.320    30,983s       6ms  13472    Saving game at tick 7200 to 'E:\programowanie\projekty delphi\kam_expansion\Saves\autosave\autosave.sav'
11:40:45.445    67,108s   36125ms  13472    Saving dev settings to file 'kmr_dev.xml'
11:40:46.498    68,162s    1054ms  13472    Stopping game application...
11:40:46.505    68,169s       7ms  13472    Gameplay ended - grSilent /
11:40:46.512    68,176s       7ms  13472    Start saving 'Server settings' to 'C:\Users\szyby\OneDrive\Dokumenty\My Games\Knights and Merchants Remake\KaM Remake Server Settings.ini'
007f26fc KaM_Expansion.exe KM_Settings        106 TKMSettings.SaveToDefaultFile
007f27cf KaM_Expansion.exe KM_Settings        113 TKMSettings.SaveToDefaultFile
007f2408 KaM_Expansion.exe KM_Settings         65 TKMSettings.Destroy
0093552e KaM_Expansion.exe KM_ServerSettings  117 TKMServerSettings.Destroy
0025a764 KaM_Expansion.exe System              23 TObject.Free
00529814 KaM_Expansion.exe KromUtils          281 FreeThenNil
00a01c9f KaM_Expansion.exe KM_GameApp         330 TKMGameApp.Destroy
0025a764 KaM_Expansion.exe System              23 TObject.Free
00529814 KaM_Expansion.exe KromUtils          281 FreeThenNil
00a0c935 KaM_Expansion.exe KM_Main            376 TKMMain.Stop
00a0ca14 KaM_Expansion.exe KM_Main            405 TKMMain.Stop
00c75995 KaM_Expansion.exe KM_FormMain       2212 TFormMain.FormClose
004d36a7 KaM_Expansion.exe Vcl.Forms              TCustomForm.DoClose
004d9095 KaM_Expansion.exe Vcl.Forms              TCustomForm.Close
004d7cd4 KaM_Expansion.exe Vcl.Forms              TCustomForm.WMClose
00422cfa KaM_Expansion.exe Vcl.Controls           TControl.WndProc
00427ec1 KaM_Expansion.exe Vcl.Controls           TWinControl.WndProc
004d42e8 KaM_Expansion.exe Vcl.Forms              TCustomForm.WndProc
004d4303 KaM_Expansion.exe Vcl.Forms              TCustomForm.WndProc
00c75481 KaM_Expansion.exe KM_FormMain       2051 TFormMain.WndProc

11:40:46.535    68,198s      22ms  13472    'Server settings' was successfully saved to 'C:\Users\szyby\OneDrive\Dokumenty\My Games\Knights and Merchants Remake\KaM Remake Server Settings.ini'
11:40:46.758    68,422s     224ms  13472    Start saving 'GameApp settings' to 'C:\Users\szyby\OneDrive\Dokumenty\My Games\Knights and Merchants Remake\KaM Remake Settings KingDyronMod.xml'
007f26fc KaM_Expansion.exe KM_Settings         106 TKMSettings.SaveToDefaultFile
007f27cf KaM_Expansion.exe KM_Settings         113 TKMSettings.SaveToDefaultFile
007f2408 KaM_Expansion.exe KM_Settings          65 TKMSettings.Destroy
007f2b62 KaM_Expansion.exe KM_SettingsXML       44 TKMSettingsXML.Destroy
007f2e8e KaM_Expansion.exe KM_GameAppSettings   57 TKMGameAppSettings.Destroy
0025a764 KaM_Expansion.exe System               23 TObject.Free
00529814 KaM_Expansion.exe KromUtils           281 FreeThenNil
00a0c93f KaM_Expansion.exe KM_Main             378 TKMMain.Stop
00a0ca14 KaM_Expansion.exe KM_Main             405 TKMMain.Stop
00c75995 KaM_Expansion.exe KM_FormMain        2212 TFormMain.FormClose
004d36a7 KaM_Expansion.exe Vcl.Forms               TCustomForm.DoClose
004d9095 KaM_Expansion.exe Vcl.Forms               TCustomForm.Close
004d7cd4 KaM_Expansion.exe Vcl.Forms               TCustomForm.WMClose
00422cfa KaM_Expansion.exe Vcl.Controls            TControl.WndProc
00427ec1 KaM_Expansion.exe Vcl.Controls            TWinControl.WndProc
004d42e8 KaM_Expansion.exe Vcl.Forms               TCustomForm.WndProc
004d4303 KaM_Expansion.exe Vcl.Forms               TCustomForm.WndProc
00c75481 KaM_Expansion.exe KM_FormMain        2051 TFormMain.WndProc
004273cc KaM_Expansion.exe Vcl.Controls            TWinControl.MainWndProc
004273e7 KaM_Expansion.exe Vcl.Controls            TWinControl.MainWndProc

11:40:46.775    68,439s      17ms  13472    'GameApp settings' was successfully saved to 'C:\Users\szyby\OneDrive\Dokumenty\My Games\Knights and Merchants Remake\KaM Remake Settings KingDyronMod.xml'
