   Timestamp    Elapsed     Delta  Thread    Description
========================
    Date: 2024.12.31
========================
11:49:50.898     0,000s       0ms  10560    Log is up and running. Game version: KaM Expansion: Co-op & World Update
11:49:50.904     0,006s       6ms  10560    Game Load started
11:49:50.914     0,016s      10ms  10560    Start loading 'GameApp settings' from 'C:\Users\szyby\OneDrive\Dokumenty\My Games\Knights and Merchants Remake\KaM Remake Settings KingDyronMod.xml'
11:49:50.919     0,021s       5ms  10560    'GameApp settings' was successfully loaded from 'C:\Users\szyby\OneDrive\Dokumenty\My Games\Knights and Merchants Remake\KaM Remake Settings KingDyronMod.xml'
11:49:50.924     0,026s       5ms  10560    Start saving 'GameApp settings' to 'C:\Users\szyby\OneDrive\Dokumenty\My Games\Knights and Merchants Remake\KaM Remake Settings KingDyronMod.xml'
00da26fc KaM_Expansion.exe KM_Settings        106 TKMSettings.SaveToDefaultFile
00da27cf KaM_Expansion.exe KM_Settings        113 TKMSettings.SaveToDefaultFile
00da23cd KaM_Expansion.exe KM_Settings         59 TKMSettings.Create
00da2b0a KaM_Expansion.exe KM_SettingsXML      38 TKMSettingsXML.Create
00da2e4b KaM_Expansion.exe KM_GameAppSettings  51 TKMGameAppSettings.Create
00fbc270 KaM_Expansion.exe KM_Main            258 TKMMain.Start
00fbc4f4 KaM_Expansion.exe KM_Main            305 TKMMain.Start
0123ab2b KaM_Expansion.exe KaM_Expansion      479 initialization
0123ab5a KaM_Expansion.exe KaM_Expansion      482 initialization
772b7ba7 KERNEL32.DLL                             BaseThreadInitThunk

11:49:50.961     0,064s      38ms  10560    'GameApp settings' was successfully saved to 'C:\Users\szyby\OneDrive\Dokumenty\My Games\Knights and Merchants Remake\KaM Remake Settings KingDyronMod.xml'
11:49:50.985     0,088s      24ms  10560    Start loading 'Server settings' from 'C:\Users\szyby\OneDrive\Dokumenty\My Games\Knights and Merchants Remake\KaM Remake Server Settings.ini'
11:49:50.991     0,093s       5ms  10560    'Server settings' was successfully loaded from 'C:\Users\szyby\OneDrive\Dokumenty\My Games\Knights and Merchants Remake\KaM Remake Server Settings.ini'
11:49:50.997     0,100s       6ms  10560    Start saving 'Server settings' to 'C:\Users\szyby\OneDrive\Dokumenty\My Games\Knights and Merchants Remake\KaM Remake Server Settings.ini'
00da26fc KaM_Expansion.exe KM_Settings       106 TKMSettings.SaveToDefaultFile
00da27cf KaM_Expansion.exe KM_Settings       113 TKMSettings.SaveToDefaultFile
00da23cd KaM_Expansion.exe KM_Settings        59 TKMSettings.Create
00ee54e8 KaM_Expansion.exe KM_ServerSettings 109 TKMServerSettings.Create
00fb15f0 KaM_Expansion.exe KM_GameApp        213 TKMGameApp.Create
00fb1a42 KaM_Expansion.exe KM_GameApp        295 TKMGameApp.Create
00fbd51a KaM_Expansion.exe KM_Main           635 TKMMain.ReinitRender
00fbd726 KaM_Expansion.exe KM_Main           689 TKMMain.ReinitRender
00fbc386 KaM_Expansion.exe KM_Main           281 TKMMain.Start
00fbc4f4 KaM_Expansion.exe KM_Main           305 TKMMain.Start
0123ab2b KaM_Expansion.exe KaM_Expansion     479 initialization
0123ab5a KaM_Expansion.exe KaM_Expansion     482 initialization
772b7ba7 KERNEL32.DLL                            BaseThreadInitThunk

11:49:51.011     0,113s      13ms  10560    'Server settings' was successfully saved to 'C:\Users\szyby\OneDrive\Dokumenty\My Games\Knights and Merchants Remake\KaM Remake Server Settings.ini'
11:49:51.017     0,119s       6ms  10560    Init Render started
11:49:51.146     0,248s     129ms  10560    GL_MAX_TEXTURE_SIZE = 32768
11:49:51.153     0,255s       7ms  10560    GL_MAX_VIEWPORT_DIM = 32768
                                      OpenGL Vendor: NVIDIA Corporation
                                      OpenGL Renderer: NVIDIA GeForce RTX 3060 Ti/PCIe/SSE2
                                      OpenGL Version: 4.6.0 NVIDIA 560.81
11:49:51.178     0,280s      25ms  10560    Init Render Done
11:49:51.185     0,288s       8ms  10560    Resource loading state - None
11:49:51.192     0,294s       6ms  10560    Reading palettes ... done
11:49:51.201     0,303s       9ms  10560    Reading GUI.rx
11:49:51.207     0,309s       6ms  10560    Load Sprites started
11:49:51.213     0,316s       7ms  10560    GUI - 966
11:49:51.232     0,335s      19ms  10560    Load Sprites Done
11:49:51.266     0,368s      33ms  10560    Reading GUIMain.rx
11:49:51.274     0,376s       8ms  10560    Load Sprites started
11:49:51.279     0,381s       5ms  10560    GUIMain - 105
11:49:51.329     0,431s      50ms  10560    Load Sprites Done
11:49:51.383     0,485s      54ms  10560    Reading Tileset.rx
11:49:51.389     0,491s       6ms  10560    Load Sprites started
11:49:51.395     0,498s       7ms  10560    Tileset - 5449
11:49:51.432     0,534s      36ms  10560    Load Sprites Done
11:49:51.438     0,540s       6ms  10560    GenerateTerrainTransitions started. Legacy = False
11:49:51.444     0,546s       6ms  10560    TexId = 5451 GenTilesCnt = 2100
11:49:51.452     0,554s       8ms  10560    TexId = 6051; TexId - fGenTexIdStartI = 600; uniqueTex = 600; totalTex = 1350
11:49:51.458     0,560s       6ms  10560    GeneratedMasks cnt = 20
11:49:51.464     0,566s       6ms  10560    GenerateTerrainTransitions Done
11:49:51.470     0,572s       6ms  10560    GenerateTerrainTransitions started. Legacy = True
11:49:51.477     0,579s       7ms  10560    Legacy: TexId = 4999 GenTilesCntTemp = 2030
11:49:51.483     0,585s       6ms  10560    TexId = 5463; TexId - fGenTexIdStartILegacy = 464; uniqueTex = 464; totalTex = 1044
11:49:51.489     0,591s       6ms  10560    GeneratedMasks cnt = 16
11:49:51.495     0,597s       6ms  10560    GenerateTerrainTransitions Done
11:49:51.609     0,712s     115ms  10560    Load font started
11:49:51.646     0,748s      36ms  10560    Font load took 36ms
11:49:51.654     0,756s       8ms  10560    Read fonts is done
11:49:51.670     0,772s      16ms  10560    ReadGFX is done
11:49:51.677     0,779s       7ms  10560    Resource loading state - Menu
11:49:51.686     0,788s       9ms  14060    OpenAL init started
11:49:52.330     1,432s     644ms  10560    Music init done, 24 tracks found
                                      Loading campaign images.rxx for HKS
11:49:52.355     1,457s      25ms  18392    Custom - 1
11:49:52.366     1,468s      11ms  14060    Pre-LoadSFX init ... done
11:49:52.373     1,475s       7ms  14060    ALC_MONO_SOURCES 255
11:49:52.380     1,482s       7ms  14060    ALC_STEREO_SOURCES 1
11:49:52.387     1,489s       7ms  10560    Main menu init done
11:49:52.393     1,495s       6ms  14060    OpenAL init done
11:49:52.415     1,517s      22ms  10560    Check game folder 'E:\programowanie\projekty delphi\kam_expansion\' generic permissions: READ: granted; WRITE: granted; EXECUTE: granted; folder is writable: 
11:49:52.424     1,526s       9ms  10560    LoadGameResources ... AlphaShadows: True. Forced: True
11:49:52.434     1,536s      10ms  10560    TKMResSprites.LoadGameResources
11:49:52.442     1,544s       8ms  10560    [AsyncGameResLoader Thread] Started
11:49:52.448     1,550s       6ms  10560    Resource loading state - Game
11:49:52.455     1,557s       7ms  10560    ToggleFullscreen
11:49:52.462     1,564s       7ms  10560    Form Width/Height: 1040:830
11:49:52.468     1,570s       6ms  10560    Panel Width/Height: 1024:791
11:49:52.475     1,577s       7ms  20992    [AsyncGameResLoader Thread] RT = rxTrees Stage = lsLoad
11:49:52.483     1,585s       8ms  20992    [AsyncGameResLoader Thread] Start Load RXX 'Trees.rxx'
11:49:52.489     1,592s       7ms  20992    Load Sprites started
11:49:52.499     1,602s      10ms  20992    Trees - 1216
11:49:52.509     1,612s      10ms  10560    Saving dev settings to file 'kmr_dev.xml'
                                      Loading campaign images.rxx for KSN
11:49:52.529     1,631s      19ms  18392    Custom - 1
11:49:52.537     1,639s       8ms  10560    Saving dev settings to file 'kmr_dev.xml'
11:49:52.545     1,647s       8ms  10560    Game Load Done in 1670
                                      Loading campaign images.rxx for KSO
11:49:52.595     1,697s      50ms  18392    Custom - 1
11:49:52.627     1,729s      32ms  20992    Load Sprites Done
                                      Loading campaign images.rxx for KSU
11:49:52.652     1,754s      25ms  18392    Custom - 1
                                      Loading campaign images.rxx for OFL
11:49:52.702     1,804s      50ms  18392    Custom - 1
11:49:52.734     1,837s      33ms  20992    [AsyncGameResLoader Thread] DONE Load RXX 'Trees.rxa'
11:49:52.743     1,845s       8ms  10560    [AsyncGameResLoader MainTh] [UpdateStateIdle] GenTextures RT = rxTrees Stage = lsGenMain
                                      Loading campaign images.rxx for OER
11:49:52.758     1,860s      15ms  18392    Custom - 1
11:49:52.766     1,868s       8ms  10560    [AsyncGameResLoader MainTh] [UpdateStateIdle] DONE
11:49:52.772     1,874s       6ms  20992    [AsyncGameResLoader Thread] RT = rxTrees Stage = lsOverload
11:49:52.779     1,881s       7ms  20992    [AsyncGameResLoader Thread] OverloadFromFolder RT = rxTrees
11:49:52.787     1,889s       8ms  20992    [AsyncGameResLoader Thread] DONE OverloadFromFolder RT = rxTrees
                                      Loading campaign images.rxx for TBK
11:49:52.801     1,903s      14ms  18392    Custom - 1
11:49:52.807     1,909s       6ms  10560    [AsyncGameResLoader MainTh] [UpdateStateIdle] GenTextures RT = rxTrees Stage = lsGenOverload
11:49:52.813     1,915s       6ms  10560    [AsyncGameResLoader MainTh] [UpdateStateIdle] DONE
11:49:52.820     1,922s       7ms  20992    [AsyncGameResLoader Thread] RT = rxHouses Stage = lsLoad
11:49:52.827     1,929s       7ms  20992    [AsyncGameResLoader Thread] Start Load RXX 'Houses.rxx'
11:49:52.833     1,935s       6ms  20992    Load Sprites started
11:49:52.840     1,942s       7ms  20992    Houses - 2709
                                      Loading campaign images.rxx for TPR
11:49:52.862     1,964s      22ms  18392    Custom - 1
                                      Loading campaign images.rxx for TSK
11:49:52.908     2,010s      46ms  18392    Custom - 1
                                      Loading campaign images.rxx for TUA
11:49:52.954     2,057s      47ms  18392    Custom - 1
11:49:53.008     2,110s      53ms  20992    Load Sprites Done
                                      Loading campaign images.rxx for TMR
11:49:53.113     2,215s     105ms  18392    Custom - 1
11:49:53.147     2,250s      35ms  20992    [AsyncGameResLoader Thread] DONE Load RXX 'Houses.rxa'
11:49:53.155     2,257s       7ms  10560    [AsyncGameResLoader MainTh] [UpdateStateIdle] GenTextures RT = rxHouses Stage = lsGenMain
11:49:53.173     2,275s      18ms  10560    [AsyncGameResLoader MainTh] [UpdateStateIdle] DONE
11:49:53.182     2,284s       9ms  20992    [AsyncGameResLoader Thread] RT = rxHouses Stage = lsOverload
11:49:53.188     2,290s       6ms  20992    [AsyncGameResLoader Thread] OverloadFromFolder RT = rxHouses
11:49:53.288     2,390s     100ms  20992    [AsyncGameResLoader Thread] DONE OverloadFromFolder RT = rxHouses
11:49:53.296     2,398s       8ms  10560    [AsyncGameResLoader MainTh] [UpdateStateIdle] GenTextures RT = rxHouses Stage = lsGenOverload
11:49:53.302     2,404s       6ms  10560    [AsyncGameResLoader MainTh] [UpdateStateIdle] DONE
11:49:53.309     2,411s       7ms  20992    [AsyncGameResLoader Thread] RT = rxUnits Stage = lsLoad
11:49:53.316     2,418s       7ms  20992    [AsyncGameResLoader Thread] Start Load RXX 'Units.rxx'
11:49:53.322     2,424s       6ms  20992    Load Sprites started
11:49:53.328     2,430s       6ms  20992    Units - 14845
11:49:53.805     2,907s     477ms  20992    Load Sprites Done
11:49:54.896     3,999s    1092ms  10560    LoadGameResources ... AlphaShadows: True. Forced: False
11:49:54.905     4,007s       8ms  10560    TKMResSprites.LoadGameResources
11:49:54.931     4,034s      27ms  20992    [AsyncGameResLoader Thread] DONE Load RXX 'Units.rxa'
11:49:54.938     4,041s       7ms  10560    [AsyncGameResLoader MainTh] [LoadGameResources] GenTextures RT = rxUnits Stage = lsGenMain
11:49:55.000     4,103s      62ms  10560    [AsyncGameResLoader MainTh] [LoadGameResources] DONE
11:49:55.008     4,110s       7ms  20992    [AsyncGameResLoader Thread] RT = rxUnits Stage = lsOverload
11:49:55.014     4,116s       6ms  20992    [AsyncGameResLoader Thread] OverloadFromFolder RT = rxUnits
11:49:55.020     4,122s       6ms  20992    [AsyncGameResLoader Thread] DONE OverloadFromFolder RT = rxUnits
11:49:55.026     4,128s       6ms  10560    [AsyncGameResLoader MainTh] [LoadGameResources] GenTextures RT = rxUnits Stage = lsGenOverload
11:49:55.033     4,135s       6ms  10560    [AsyncGameResLoader Thread] Stopped
11:49:55.039     4,142s       6ms  10560    [AsyncGameResLoader MainTh] [LoadGameResources] DONE
11:49:55.045     4,148s       6ms  10560    Resource loading state - Game
11:49:55.053     4,155s       6ms  10560    Saving dev settings to file 'kmr_dev.xml'
11:49:55.105     4,207s      52ms  10560    <== Game creation is done ==>
11:49:55.113     4,215s       8ms  10560    GameStart
11:49:55.119     4,221s       6ms  10560    Loading DAT file: E:\programowanie\projekty delphi\kam_expansion\Maps\Nowa Misja 2\Nowa Misja 2.dat
11:49:55.126     4,228s       7ms  10560    Loading map file: E:\programowanie\projekty delphi\kam_expansion\Maps\Nowa Misja 2\Nowa Misja 2.map
11:49:55.133     4,235s       7ms  10560    Map file loaded
11:49:55.141     4,243s       8ms  10560    Gameplay recording initialized ... done
11:49:55.147     4,249s       6ms  10560    Game options: PT = 0; SpeedPT = 1; SpeedAfterPT = 1; Seed = 0; Difficulty = mdNone
11:49:55.154     4,256s       7ms  10560    Gameplay initialized ... done
11:49:55.160     4,262s       6ms  10560    After game start
11:49:55.168     4,270s       8ms  10560    Set game seed: 364806457
11:49:55.178     4,280s      10ms  10560    Saving game at tick 0 to 'E:\programowanie\projekty delphi\kam_expansion\Saves\basesave\basesave.bas'
11:49:55.186     4,288s       8ms  10560    After game start ... done
11:49:58.932     8,034s    3746ms  10560    Issue gicGameAutoSave command at tick 600
11:49:58.938     8,041s       7ms  10560    Saving game at tick 600 to 'E:\programowanie\projekty delphi\kam_expansion\Saves\autosave\autosave.sav'
11:49:59.933     9,035s     994ms  10560    Issue gicGameAutoSave command at tick 1200
11:49:59.941     9,043s       8ms  10560    Saving game at tick 1200 to 'E:\programowanie\projekty delphi\kam_expansion\Saves\autosave\autosave.sav'
11:50:01.292    10,394s    1351ms  10560    Saving dev settings to file 'kmr_dev.xml'
11:50:01.970    11,072s     678ms  10560    Stopping game application...
11:50:01.977    11,079s       7ms  10560    Gameplay ended - grSilent /
11:50:01.986    11,088s       9ms  10560    Start saving 'Server settings' to 'C:\Users\szyby\OneDrive\Dokumenty\My Games\Knights and Merchants Remake\KaM Remake Server Settings.ini'
00da26fc KaM_Expansion.exe KM_Settings        106 TKMSettings.SaveToDefaultFile
00da27cf KaM_Expansion.exe KM_Settings        113 TKMSettings.SaveToDefaultFile
00da2408 KaM_Expansion.exe KM_Settings         65 TKMSettings.Destroy
00ee552e KaM_Expansion.exe KM_ServerSettings  117 TKMServerSettings.Destroy
0080a764 KaM_Expansion.exe System              23 TObject.Free
00ad9814 KaM_Expansion.exe KromUtils          281 FreeThenNil
00fb1c9f KaM_Expansion.exe KM_GameApp         330 TKMGameApp.Destroy
0080a764 KaM_Expansion.exe System              23 TObject.Free
00ad9814 KaM_Expansion.exe KromUtils          281 FreeThenNil
00fbc935 KaM_Expansion.exe KM_Main            376 TKMMain.Stop
00fbca14 KaM_Expansion.exe KM_Main            405 TKMMain.Stop
012258d5 KaM_Expansion.exe KM_FormMain       2212 TFormMain.FormClose
00a836a7 KaM_Expansion.exe Vcl.Forms              TCustomForm.DoClose
00a89095 KaM_Expansion.exe Vcl.Forms              TCustomForm.Close
00a87cd4 KaM_Expansion.exe Vcl.Forms              TCustomForm.WMClose
009d2cfa KaM_Expansion.exe Vcl.Controls           TControl.WndProc
009d7ec1 KaM_Expansion.exe Vcl.Controls           TWinControl.WndProc
00a842e8 KaM_Expansion.exe Vcl.Forms              TCustomForm.WndProc
00a84303 KaM_Expansion.exe Vcl.Forms              TCustomForm.WndProc
012253c1 KaM_Expansion.exe KM_FormMain       2051 TFormMain.WndProc

11:50:02.007    11,109s      21ms  10560    'Server settings' was successfully saved to 'C:\Users\szyby\OneDrive\Dokumenty\My Games\Knights and Merchants Remake\KaM Remake Server Settings.ini'
11:50:02.222    11,324s     215ms  10560    Start saving 'GameApp settings' to 'C:\Users\szyby\OneDrive\Dokumenty\My Games\Knights and Merchants Remake\KaM Remake Settings KingDyronMod.xml'
00da26fc KaM_Expansion.exe KM_Settings         106 TKMSettings.SaveToDefaultFile
00da27cf KaM_Expansion.exe KM_Settings         113 TKMSettings.SaveToDefaultFile
00da2408 KaM_Expansion.exe KM_Settings          65 TKMSettings.Destroy
00da2b62 KaM_Expansion.exe KM_SettingsXML       44 TKMSettingsXML.Destroy
00da2e8e KaM_Expansion.exe KM_GameAppSettings   57 TKMGameAppSettings.Destroy
0080a764 KaM_Expansion.exe System               23 TObject.Free
00ad9814 KaM_Expansion.exe KromUtils           281 FreeThenNil
00fbc93f KaM_Expansion.exe KM_Main             378 TKMMain.Stop
00fbca14 KaM_Expansion.exe KM_Main             405 TKMMain.Stop
012258d5 KaM_Expansion.exe KM_FormMain        2212 TFormMain.FormClose
00a836a7 KaM_Expansion.exe Vcl.Forms               TCustomForm.DoClose
00a89095 KaM_Expansion.exe Vcl.Forms               TCustomForm.Close
00a87cd4 KaM_Expansion.exe Vcl.Forms               TCustomForm.WMClose
009d2cfa KaM_Expansion.exe Vcl.Controls            TControl.WndProc
009d7ec1 KaM_Expansion.exe Vcl.Controls            TWinControl.WndProc
00a842e8 KaM_Expansion.exe Vcl.Forms               TCustomForm.WndProc
00a84303 KaM_Expansion.exe Vcl.Forms               TCustomForm.WndProc
012253c1 KaM_Expansion.exe KM_FormMain        2051 TFormMain.WndProc
009d73cc KaM_Expansion.exe Vcl.Controls            TWinControl.MainWndProc
009d73e7 KaM_Expansion.exe Vcl.Controls            TWinControl.MainWndProc

11:50:02.238    11,340s      15ms  10560    'GameApp settings' was successfully saved to 'C:\Users\szyby\OneDrive\Dokumenty\My Games\Knights and Merchants Remake\KaM Remake Settings KingDyronMod.xml'
