   Timestamp    Elapsed     Delta  Thread    Description
========================
    Date: 2025.01.04
========================
10:15:46.900     0,002s       2ms  16180    Log is up and running. Game version: KaM Expansion: Co-op & World Update
10:15:46.906     0,008s       6ms  16180    Game Load started
10:15:46.914     0,016s       8ms  16180    Start loading 'GameApp settings' from 'C:\Users\szyby\OneDrive\Dokumenty\My Games\Knights and Merchants Remake\KaM Remake Settings KingDyronMod.xml'
10:15:46.919     0,021s       5ms  16180    'GameApp settings' was successfully loaded from 'C:\Users\szyby\OneDrive\Dokumenty\My Games\Knights and Merchants Remake\KaM Remake Settings KingDyronMod.xml'
10:15:46.924     0,026s       5ms  16180    Start saving 'GameApp settings' to 'C:\Users\szyby\OneDrive\Dokumenty\My Games\Knights and Merchants Remake\KaM Remake Settings KingDyronMod.xml'
01218280 KaM_Expansion.exe KM_Settings        106 TKMSettings.SaveToDefaultFile
01218353 KaM_Expansion.exe KM_Settings        113 TKMSettings.SaveToDefaultFile
01217f51 KaM_Expansion.exe KM_Settings         59 TKMSettings.Create
0121868e KaM_Expansion.exe KM_SettingsXML      38 TKMSettingsXML.Create
012189cf KaM_Expansion.exe KM_GameAppSettings  51 TKMGameAppSettings.Create
0142cb20 KaM_Expansion.exe KM_Main            258 TKMMain.Start
0142cd8f KaM_Expansion.exe KM_Main            305 TKMMain.Start
016adb2b KaM_Expansion.exe KaM_Expansion      480 initialization
016adb5a KaM_Expansion.exe KaM_Expansion      483 initialization
76c97ba7 KERNEL32.DLL                             BaseThreadInitThunk

10:15:46.963     0,064s      38ms  16180    'GameApp settings' was successfully saved to 'C:\Users\szyby\OneDrive\Dokumenty\My Games\Knights and Merchants Remake\KaM Remake Settings KingDyronMod.xml'
10:15:46.984     0,085s      21ms  16180    Start loading 'Server settings' from 'C:\Users\szyby\OneDrive\Dokumenty\My Games\Knights and Merchants Remake\KaM Remake Server Settings.ini'
10:15:46.990     0,091s       6ms  16180    'Server settings' was successfully loaded from 'C:\Users\szyby\OneDrive\Dokumenty\My Games\Knights and Merchants Remake\KaM Remake Server Settings.ini'
10:15:46.995     0,097s       6ms  16180    Start saving 'Server settings' to 'C:\Users\szyby\OneDrive\Dokumenty\My Games\Knights and Merchants Remake\KaM Remake Server Settings.ini'
01218280 KaM_Expansion.exe KM_Settings       106 TKMSettings.SaveToDefaultFile
01218353 KaM_Expansion.exe KM_Settings       113 TKMSettings.SaveToDefaultFile
01217f51 KaM_Expansion.exe KM_Settings        59 TKMSettings.Create
01355dcc KaM_Expansion.exe KM_ServerSettings 109 TKMServerSettings.Create
01421ed4 KaM_Expansion.exe KM_GameApp        213 TKMGameApp.Create
01422326 KaM_Expansion.exe KM_GameApp        295 TKMGameApp.Create
0142dd96 KaM_Expansion.exe KM_Main           635 TKMMain.ReinitRender
0142dfa2 KaM_Expansion.exe KM_Main           689 TKMMain.ReinitRender
0142cc36 KaM_Expansion.exe KM_Main           281 TKMMain.Start
0142cd8f KaM_Expansion.exe KM_Main           305 TKMMain.Start
016adb2b KaM_Expansion.exe KaM_Expansion     480 initialization
016adb5a KaM_Expansion.exe KaM_Expansion     483 initialization
76c97ba7 KERNEL32.DLL                            BaseThreadInitThunk

10:15:47.008     0,110s      13ms  16180    'Server settings' was successfully saved to 'C:\Users\szyby\OneDrive\Dokumenty\My Games\Knights and Merchants Remake\KaM Remake Server Settings.ini'
10:15:47.014     0,116s       6ms  16180    Init Render started
10:15:47.138     0,240s     124ms  16180    GL_MAX_TEXTURE_SIZE = 32768
10:15:47.144     0,246s       6ms  16180    GL_MAX_VIEWPORT_DIM = 32768
                                      OpenGL Vendor: NVIDIA Corporation
                                      OpenGL Renderer: NVIDIA GeForce RTX 3060 Ti/PCIe/SSE2
                                      OpenGL Version: 4.6.0 NVIDIA 560.94
10:15:47.170     0,272s      26ms  16180    Init Render Done
10:15:47.177     0,279s       7ms  16180    Resource loading state - None
10:15:47.184     0,286s       7ms  16180    Reading palettes ... done
10:15:47.192     0,294s       8ms  16180    Reading GUI.rx
10:15:47.200     0,302s       8ms  16180    Load Sprites started
10:15:47.206     0,308s       6ms  16180    GUI - 966
10:15:47.227     0,329s      21ms  16180    Load Sprites Done
10:15:47.262     0,363s      34ms  16180    Reading GUIMain.rx
10:15:47.269     0,370s       7ms  16180    Load Sprites started
10:15:47.275     0,377s       7ms  16180    GUIMain - 105
10:15:47.332     0,434s      57ms  16180    Load Sprites Done
10:15:47.387     0,489s      55ms  16180    Reading Tileset.rx
10:15:47.394     0,496s       7ms  16180    Load Sprites started
10:15:47.401     0,502s       6ms  16180    Tileset - 5449
10:15:47.438     0,540s      38ms  16180    Load Sprites Done
10:15:47.445     0,547s       7ms  16180    GenerateTerrainTransitions started. Legacy = False
10:15:47.450     0,552s       5ms  16180    TexId = 5451 GenTilesCnt = 2100
10:15:47.456     0,558s       6ms  16180    TexId = 6051; TexId - fGenTexIdStartI = 600; uniqueTex = 600; totalTex = 1350
10:15:47.463     0,564s       6ms  16180    GeneratedMasks cnt = 20
10:15:47.469     0,570s       6ms  16180    GenerateTerrainTransitions Done
10:15:47.475     0,577s       6ms  16180    GenerateTerrainTransitions started. Legacy = True
10:15:47.482     0,584s       7ms  16180    Legacy: TexId = 4999 GenTilesCntTemp = 2030
10:15:47.488     0,590s       6ms  16180    TexId = 5463; TexId - fGenTexIdStartILegacy = 464; uniqueTex = 464; totalTex = 1044
10:15:47.493     0,595s       5ms  16180    GeneratedMasks cnt = 16
10:15:47.502     0,604s       9ms  16180    GenerateTerrainTransitions Done
10:15:47.610     0,711s     107ms  16180    Load font started
10:15:47.648     0,749s      38ms  16180    Font load took 38ms
10:15:47.654     0,756s       7ms  16180    Read fonts is done
10:15:47.672     0,774s      18ms  16180    ReadGFX is done
10:15:47.678     0,780s       6ms  16180    Resource loading state - Menu
10:15:47.686     0,787s       7ms  10128    OpenAL init started
10:15:48.312     1,414s     627ms  16180    Music init done, 24 tracks found
                                      Loading campaign images.rxx for HKS
10:15:48.337     1,439s      25ms  16492    Custom - 1
10:15:48.344     1,446s       7ms  10128    Pre-LoadSFX init ... done
10:15:48.351     1,453s       7ms  10128    ALC_MONO_SOURCES 255
10:15:48.357     1,459s       6ms  10128    ALC_STEREO_SOURCES 1
10:15:48.362     1,464s       5ms  16180    Main menu init done
10:15:48.368     1,470s       6ms  10128    OpenAL init done
10:15:48.391     1,493s      23ms  16180    Check game folder 'E:\programowanie\projekty delphi\kam_expansion\' generic permissions: READ: granted; WRITE: granted; EXECUTE: granted; folder is writable: 
10:15:48.398     1,500s       7ms  16180    LoadGameResources ... AlphaShadows: True. Forced: True
10:15:48.404     1,506s       6ms  16180    TKMResSprites.LoadGameResources
10:15:48.411     1,513s       7ms  16180    [AsyncGameResLoader Thread] Started
10:15:48.417     1,519s       6ms  16180    Resource loading state - Game
10:15:48.424     1,525s       6ms  16180    ToggleFullscreen
10:15:48.430     1,531s       6ms  16180    Form Width/Height: 1040:759
10:15:48.436     1,538s       7ms  16180    Panel Width/Height: 1024:720
10:15:48.442     1,544s       6ms   8228    [AsyncGameResLoader Thread] RT = rxTrees Stage = lsLoad
10:15:48.448     1,550s       6ms   8228    [AsyncGameResLoader Thread] Start Load RXX 'Trees.rxx'
10:15:48.455     1,557s       7ms   8228    Load Sprites started
10:15:48.462     1,564s       7ms   8228    Trees - 1216
                                      Loading campaign images.rxx for KSN
10:15:48.481     1,583s      19ms  16492    Custom - 1
10:15:48.491     1,593s       9ms  16180    Saving dev settings to file 'kmr_dev.xml'
10:15:48.538     1,640s      43ms  16180    Saving dev settings to file 'kmr_dev.xml'
10:15:48.546     1,648s       8ms  16180    Game Load Done in 1667
                                      Loading campaign images.rxx for KSO
10:15:48.573     1,675s      27ms  16492    Custom - 1
10:15:48.599     1,701s      26ms   8228    Load Sprites Done
                                      Loading campaign images.rxx for KSU
10:15:48.631     1,733s      32ms  16492    Custom - 1
                                      Loading campaign images.rxx for OFL
10:15:48.679     1,781s      48ms  16492    Custom - 1
10:15:48.695     1,797s      16ms   8228    [AsyncGameResLoader Thread] DONE Load RXX 'Trees.rxa'
10:15:48.706     1,808s      11ms  16180    [AsyncGameResLoader MainTh] [UpdateStateIdle] GenTextures RT = rxTrees Stage = lsGenMain
                                      Loading campaign images.rxx for OER
10:15:48.721     1,823s      15ms  16492    Custom - 1
10:15:48.728     1,830s       7ms  16180    [AsyncGameResLoader MainTh] [UpdateStateIdle] DONE
10:15:48.736     1,837s       7ms   8228    [AsyncGameResLoader Thread] RT = rxTrees Stage = lsOverload
10:15:48.741     1,843s       6ms   8228    [AsyncGameResLoader Thread] OverloadFromFolder RT = rxTrees
                                      Loading campaign images.rxx for TBK
10:15:48.760     1,861s      18ms  16492    Custom - 1
10:15:48.766     1,867s       6ms   8228    [AsyncGameResLoader Thread] DONE OverloadFromFolder RT = rxTrees
10:15:48.772     1,874s       7ms  16180    [AsyncGameResLoader MainTh] [UpdateStateIdle] GenTextures RT = rxTrees Stage = lsGenOverload
10:15:48.778     1,880s       6ms  16180    [AsyncGameResLoader MainTh] [UpdateStateIdle] DONE
10:15:48.786     1,887s       7ms   8228    [AsyncGameResLoader Thread] RT = rxHouses Stage = lsLoad
10:15:48.792     1,894s       7ms   8228    [AsyncGameResLoader Thread] Start Load RXX 'Houses.rxx'
10:15:48.798     1,900s       6ms   8228    Load Sprites started
10:15:48.805     1,906s       6ms   8228    Houses - 2709
                                      Loading campaign images.rxx for TPR
10:15:48.818     1,920s      14ms  16492    Custom - 1
                                      Loading campaign images.rxx for TSK
10:15:48.868     1,970s      50ms  16492    Custom - 1
                                      Loading campaign images.rxx for TUA
10:15:48.902     2,004s      34ms  16492    Custom - 1
10:15:48.991     2,093s      88ms   8228    Load Sprites Done
                                      Loading campaign images.rxx for TMR
10:15:49.048     2,150s      57ms  16492    Custom - 1
10:15:49.124     2,226s      76ms   8228    [AsyncGameResLoader Thread] DONE Load RXX 'Houses.rxa'
10:15:49.134     2,236s      10ms  16180    [AsyncGameResLoader MainTh] [UpdateStateIdle] GenTextures RT = rxHouses Stage = lsGenMain
10:15:49.148     2,250s      14ms  16180    [AsyncGameResLoader MainTh] [UpdateStateIdle] DONE
10:15:49.155     2,257s       7ms   8228    [AsyncGameResLoader Thread] RT = rxHouses Stage = lsOverload
10:15:49.162     2,264s       7ms   8228    [AsyncGameResLoader Thread] OverloadFromFolder RT = rxHouses
10:15:49.270     2,372s     108ms   8228    [AsyncGameResLoader Thread] DONE OverloadFromFolder RT = rxHouses
10:15:49.283     2,384s      12ms  16180    [AsyncGameResLoader MainTh] [UpdateStateIdle] GenTextures RT = rxHouses Stage = lsGenOverload
10:15:49.289     2,390s       6ms  16180    [AsyncGameResLoader MainTh] [UpdateStateIdle] DONE
10:15:49.295     2,397s       7ms   8228    [AsyncGameResLoader Thread] RT = rxUnits Stage = lsLoad
10:15:49.302     2,404s       7ms   8228    [AsyncGameResLoader Thread] Start Load RXX 'Units.rxx'
10:15:49.307     2,409s       5ms   8228    Load Sprites started
10:15:49.314     2,416s       7ms   8228    Units - 14845
                                      Loading campaign images.rxx for HKS
10:15:49.346     2,447s      31ms  16292    Custom - 1
                                      Loading campaign images.rxx for KSN
10:15:49.465     2,567s     120ms  16292    Custom - 1
                                      Loading campaign images.rxx for KSO
10:15:49.543     2,645s      78ms  16292    Custom - 1
                                      Loading campaign images.rxx for KSU
10:15:49.606     2,708s      63ms  16292    Custom - 1
                                      Loading campaign images.rxx for OFL
10:15:49.683     2,784s      76ms  16292    Custom - 1
                                      Loading campaign images.rxx for OER
10:15:49.753     2,855s      71ms  16292    Custom - 1
                                      Loading campaign images.rxx for TBK
10:15:49.794     2,896s      41ms  16292    Custom - 1
                                      Loading campaign images.rxx for TPR
10:15:49.863     2,965s      69ms  16292    Custom - 1
                                      Loading campaign images.rxx for TSK
10:15:49.918     3,020s      55ms  16292    Custom - 1
10:15:49.947     3,049s      29ms  16180    LoadGameResources ... AlphaShadows: True. Forced: False
10:15:49.955     3,057s       8ms  16180    TKMResSprites.LoadGameResources
                                      Loading campaign images.rxx for TUA
10:15:49.967     3,069s      12ms  16292    Custom - 1
10:15:50.175     3,276s     207ms   8228    Load Sprites Done
10:15:51.242     4,344s    1068ms   8228    [AsyncGameResLoader Thread] DONE Load RXX 'Units.rxa'
10:15:51.249     4,351s       7ms  16180    [AsyncGameResLoader MainTh] [LoadGameResources] GenTextures RT = rxUnits Stage = lsGenMain
10:15:51.307     4,409s      58ms  16180    [AsyncGameResLoader MainTh] [LoadGameResources] DONE
10:15:51.313     4,415s       6ms   8228    [AsyncGameResLoader Thread] RT = rxUnits Stage = lsOverload
10:15:51.320     4,422s       7ms   8228    [AsyncGameResLoader Thread] OverloadFromFolder RT = rxUnits
10:15:51.647     4,749s     327ms   8228    [AsyncGameResLoader Thread] DONE OverloadFromFolder RT = rxUnits
10:15:51.653     4,755s       6ms  16180    [AsyncGameResLoader MainTh] [LoadGameResources] GenTextures RT = rxUnits Stage = lsGenOverload
10:15:51.688     4,790s      35ms  16180    [AsyncGameResLoader Thread] Stopped
10:15:51.694     4,796s       6ms  16180    [AsyncGameResLoader MainTh] [LoadGameResources] DONE
                                      Loading campaign images.rxx for TMR
10:15:51.707     4,809s      13ms  16180    Resource loading state - Game
10:15:51.713     4,815s       6ms  16292    Custom - 1
10:15:51.720     4,822s       7ms  16180    Saving dev settings to file 'kmr_dev.xml'
10:15:51.750     4,852s      30ms  16180    <== Game creation is done ==>
10:15:51.757     4,859s       7ms  16180    GameStart
10:15:51.762     4,864s       5ms  16180    Loading DAT file: E:\programowanie\projekty delphi\kam_expansion\MapsMP\TMR01\TMR01.dat
10:15:51.768     4,870s       6ms  16180    Loading map file: E:\programowanie\projekty delphi\kam_expansion\MapsMP\TMR01\TMR01.map
10:15:51.780     4,882s      12ms  16180    Map file loaded
10:15:51.938     5,039s     157ms  16180    Gameplay recording initialized ... done
10:15:51.944     5,046s       7ms  16180    Game options: PT = 0; SpeedPT = 1; SpeedAfterPT = 1; Seed = 0; Difficulty = mdNone
10:15:51.951     5,052s       6ms  16180    Gameplay initialized ... done
10:15:51.956     5,058s       6ms  16180    After game start
10:15:51.963     5,064s       6ms  16180    Set game seed: 255311746
10:15:51.970     5,071s       7ms  16180    After game start ... done
10:16:39.123    52,225s   47154ms  16180    Saving dev settings to file 'kmr_dev.xml'
10:16:40.258    53,360s    1135ms  16180    Stopping game application...
10:16:40.285    53,387s      27ms  16180    Gameplay ended - grSilent /
10:16:40.292    53,394s       7ms  16180    Start saving 'Server settings' to 'C:\Users\szyby\OneDrive\Dokumenty\My Games\Knights and Merchants Remake\KaM Remake Server Settings.ini'
01218280 KaM_Expansion.exe KM_Settings        106 TKMSettings.SaveToDefaultFile
01218353 KaM_Expansion.exe KM_Settings        113 TKMSettings.SaveToDefaultFile
01217f8c KaM_Expansion.exe KM_Settings         65 TKMSettings.Destroy
01355e12 KaM_Expansion.exe KM_ServerSettings  117 TKMServerSettings.Destroy
00c7a764 KaM_Expansion.exe System              23 TObject.Free
00f48fbc KaM_Expansion.exe KromUtils          281 FreeThenNil
01422583 KaM_Expansion.exe KM_GameApp         330 TKMGameApp.Destroy
00c7a764 KaM_Expansion.exe System              23 TObject.Free
00f48fbc KaM_Expansion.exe KromUtils          281 FreeThenNil
0142d1b1 KaM_Expansion.exe KM_Main            376 TKMMain.Stop
0142d290 KaM_Expansion.exe KM_Main            405 TKMMain.Stop
01698805 KaM_Expansion.exe KM_FormMain       2212 TFormMain.FormClose
00ef2df7 KaM_Expansion.exe Vcl.Forms              TCustomForm.DoClose
00ef87e5 KaM_Expansion.exe Vcl.Forms              TCustomForm.Close
00ef7424 KaM_Expansion.exe Vcl.Forms              TCustomForm.WMClose
00e42cfa KaM_Expansion.exe Vcl.Controls           TControl.WndProc
00e47ec1 KaM_Expansion.exe Vcl.Controls           TWinControl.WndProc
00ef3a38 KaM_Expansion.exe Vcl.Forms              TCustomForm.WndProc
00ef3a53 KaM_Expansion.exe Vcl.Forms              TCustomForm.WndProc
016982f1 KaM_Expansion.exe KM_FormMain       2051 TFormMain.WndProc

10:16:40.315    53,417s      23ms  16180    'Server settings' was successfully saved to 'C:\Users\szyby\OneDrive\Dokumenty\My Games\Knights and Merchants Remake\KaM Remake Server Settings.ini'
10:16:40.534    53,635s     218ms  16180    Start saving 'GameApp settings' to 'C:\Users\szyby\OneDrive\Dokumenty\My Games\Knights and Merchants Remake\KaM Remake Settings KingDyronMod.xml'
01218280 KaM_Expansion.exe KM_Settings         106 TKMSettings.SaveToDefaultFile
01218353 KaM_Expansion.exe KM_Settings         113 TKMSettings.SaveToDefaultFile
01217f8c KaM_Expansion.exe KM_Settings          65 TKMSettings.Destroy
012186e6 KaM_Expansion.exe KM_SettingsXML       44 TKMSettingsXML.Destroy
01218a12 KaM_Expansion.exe KM_GameAppSettings   57 TKMGameAppSettings.Destroy
00c7a764 KaM_Expansion.exe System               23 TObject.Free
00f48fbc KaM_Expansion.exe KromUtils           281 FreeThenNil
0142d1bb KaM_Expansion.exe KM_Main             378 TKMMain.Stop
0142d290 KaM_Expansion.exe KM_Main             405 TKMMain.Stop
01698805 KaM_Expansion.exe KM_FormMain        2212 TFormMain.FormClose
00ef2df7 KaM_Expansion.exe Vcl.Forms               TCustomForm.DoClose
00ef87e5 KaM_Expansion.exe Vcl.Forms               TCustomForm.Close
00ef7424 KaM_Expansion.exe Vcl.Forms               TCustomForm.WMClose
00e42cfa KaM_Expansion.exe Vcl.Controls            TControl.WndProc
00e47ec1 KaM_Expansion.exe Vcl.Controls            TWinControl.WndProc
00ef3a38 KaM_Expansion.exe Vcl.Forms               TCustomForm.WndProc
00ef3a53 KaM_Expansion.exe Vcl.Forms               TCustomForm.WndProc
016982f1 KaM_Expansion.exe KM_FormMain        2051 TFormMain.WndProc
00e473cc KaM_Expansion.exe Vcl.Controls            TWinControl.MainWndProc
00e473e7 KaM_Expansion.exe Vcl.Controls            TWinControl.MainWndProc

10:16:40.548    53,650s      15ms  16180    'GameApp settings' was successfully saved to 'C:\Users\szyby\OneDrive\Dokumenty\My Games\Knights and Merchants Remake\KaM Remake Settings KingDyronMod.xml'
