   Timestamp    Elapsed     Delta  Thread    Description
========================
    Date: 2024.12.27
========================
22:00:24.061     0,001s       1ms   8408    Log is up and running. Game version: KaM Expansion: Co-op & World Update
22:00:24.067     0,007s       6ms   8408    Game Load started
22:00:24.075     0,015s       8ms   8408    Start loading 'GameApp settings' from 'C:\Users\szyby\OneDrive\Dokumenty\My Games\Knights and Merchants Remake\KaM Remake Settings KingDyronMod.xml'
22:00:24.083     0,024s       9ms   8408    'GameApp settings' was successfully loaded from 'C:\Users\szyby\OneDrive\Dokumenty\My Games\Knights and Merchants Remake\KaM Remake Settings KingDyronMod.xml'
22:00:24.115     0,056s       6ms   8408    Start saving 'GameApp settings' to 'C:\Users\szyby\OneDrive\Dokumenty\My Games\Knights and Merchants Remake\KaM Remake Settings KingDyronMod.xml'
00883608 KaM_Expansion.exe KM_Settings        106 TKMSettings.SaveToDefaultFile
008836db KaM_Expansion.exe KM_Settings        113 TKMSettings.SaveToDefaultFile
008832d9 KaM_Expansion.exe KM_Settings         59 TKMSettings.Create
00883a16 KaM_Expansion.exe KM_SettingsXML      38 TKMSettingsXML.Create
00883d57 KaM_Expansion.exe KM_GameAppSettings  51 TKMGameAppSettings.Create
00a9c430 KaM_Expansion.exe KM_Main            258 TKMMain.Start
00a9c6b4 KaM_Expansion.exe KM_Main            305 TKMMain.Start
00d19b2b KaM_Expansion.exe KaM_Expansion      479 initialization
00d19b5a KaM_Expansion.exe KaM_Expansion      482 initialization
75e37ba7 KERNEL32.DLL                             BaseThreadInitThunk

22:00:24.154     0,095s      39ms   8408    'GameApp settings' was successfully saved to 'C:\Users\szyby\OneDrive\Dokumenty\My Games\Knights and Merchants Remake\KaM Remake Settings KingDyronMod.xml'
22:00:24.180     0,121s      26ms   8408    Start loading 'Server settings' from 'C:\Users\szyby\OneDrive\Dokumenty\My Games\Knights and Merchants Remake\KaM Remake Server Settings.ini'
22:00:24.186     0,127s       6ms   8408    'Server settings' was successfully loaded from 'C:\Users\szyby\OneDrive\Dokumenty\My Games\Knights and Merchants Remake\KaM Remake Server Settings.ini'
22:00:24.193     0,134s       6ms   8408    Start saving 'Server settings' to 'C:\Users\szyby\OneDrive\Dokumenty\My Games\Knights and Merchants Remake\KaM Remake Server Settings.ini'
00883608 KaM_Expansion.exe KM_Settings       106 TKMSettings.SaveToDefaultFile
008836db KaM_Expansion.exe KM_Settings       113 TKMSettings.SaveToDefaultFile
008832d9 KaM_Expansion.exe KM_Settings        59 TKMSettings.Create
009c56a8 KaM_Expansion.exe KM_ServerSettings 109 TKMServerSettings.Create
00a917b0 KaM_Expansion.exe KM_GameApp        213 TKMGameApp.Create
00a91c02 KaM_Expansion.exe KM_GameApp        295 TKMGameApp.Create
00a9d6da KaM_Expansion.exe KM_Main           635 TKMMain.ReinitRender
00a9d8e6 KaM_Expansion.exe KM_Main           689 TKMMain.ReinitRender
00a9c546 KaM_Expansion.exe KM_Main           281 TKMMain.Start
00a9c6b4 KaM_Expansion.exe KM_Main           305 TKMMain.Start
00d19b2b KaM_Expansion.exe KaM_Expansion     479 initialization
00d19b5a KaM_Expansion.exe KaM_Expansion     482 initialization
75e37ba7 KERNEL32.DLL                            BaseThreadInitThunk

22:00:24.207     0,148s      13ms   8408    'Server settings' was successfully saved to 'C:\Users\szyby\OneDrive\Dokumenty\My Games\Knights and Merchants Remake\KaM Remake Server Settings.ini'
22:00:24.214     0,155s       7ms   8408    Init Render started
22:00:24.359     0,299s     144ms   8408    GL_MAX_TEXTURE_SIZE = 32768
22:00:24.368     0,308s       9ms   8408    GL_MAX_VIEWPORT_DIM = 32768
                                      OpenGL Vendor: NVIDIA Corporation
                                      OpenGL Renderer: NVIDIA GeForce RTX 3060 Ti/PCIe/SSE2
                                      OpenGL Version: 4.6.0 NVIDIA 560.81
22:00:24.403     0,344s      36ms   8408    Init Render Done
22:00:24.412     0,353s       9ms   8408    Resource loading state - None
22:00:24.422     0,363s      10ms   8408    Reading palettes ... done
22:00:24.432     0,373s      10ms   8408    Reading GUI.rx
22:00:24.441     0,382s       9ms   8408    Load Sprites started
22:00:24.450     0,391s       9ms   8408    GUI - 966
22:00:24.471     0,411s      20ms   8408    Load Sprites Done
22:00:24.511     0,452s      41ms   8408    Reading GUIMain.rx
22:00:24.519     0,460s       8ms   8408    Load Sprites started
22:00:24.529     0,470s      10ms   8408    GUIMain - 105
22:00:24.583     0,523s      53ms   8408    Load Sprites Done
22:00:24.643     0,583s      60ms   8408    Reading Tileset.rx
22:00:24.651     0,591s       8ms   8408    Load Sprites started
22:00:24.658     0,598s       7ms   8408    Tileset - 5449
22:00:24.676     0,616s      17ms   8408    Load Sprites Done
22:00:24.687     0,628s      12ms   8408    GenerateTerrainTransitions started. Legacy = False
22:00:24.695     0,636s       8ms   8408    TexId = 5451 GenTilesCnt = 2100
22:00:24.704     0,645s       9ms   8408    TexId = 6051; TexId - fGenTexIdStartI = 600; uniqueTex = 600; totalTex = 1350
22:00:24.712     0,653s       8ms   8408    GeneratedMasks cnt = 20
22:00:24.722     0,663s      10ms   8408    GenerateTerrainTransitions Done
22:00:24.732     0,673s      10ms   8408    GenerateTerrainTransitions started. Legacy = True
22:00:24.739     0,680s       7ms   8408    Legacy: TexId = 4999 GenTilesCntTemp = 2030
22:00:24.746     0,687s       7ms   8408    TexId = 5463; TexId - fGenTexIdStartILegacy = 464; uniqueTex = 464; totalTex = 1044
22:00:24.753     0,694s       7ms   8408    GeneratedMasks cnt = 16
22:00:24.760     0,701s       7ms   8408    GenerateTerrainTransitions Done
22:00:24.880     0,821s     120ms   8408    Load font started
22:00:24.918     0,859s      38ms   8408    Font load took 38ms
22:00:24.926     0,867s       8ms   8408    Read fonts is done
22:00:24.944     0,885s      18ms   8408    ReadGFX is done
22:00:24.951     0,892s       7ms   8408    Resource loading state - Menu
22:00:24.961     0,902s      10ms   2364    OpenAL init started
22:00:25.649     1,590s     688ms   8408    Music init done, 24 tracks found
                                      Loading campaign images.rxx for HKS
22:00:25.676     1,617s      27ms   3524    Custom - 1
22:00:25.685     1,626s       9ms   2364    Pre-LoadSFX init ... done
22:00:25.694     1,635s       9ms   2364    ALC_MONO_SOURCES 255
22:00:25.701     1,642s       7ms   2364    ALC_STEREO_SOURCES 1
22:00:25.708     1,649s       7ms   8408    Main menu init done
22:00:25.717     1,658s       9ms   2364    OpenAL init done
22:00:25.738     1,678s      20ms   8408    Check game folder 'E:\programowanie\projekty delphi\kam_expansion\' generic permissions: READ: granted; WRITE: granted; EXECUTE: granted; folder is writable: 
22:00:25.745     1,686s       8ms   8408    LoadGameResources ... AlphaShadows: True. Forced: True
22:00:25.753     1,693s       7ms   8408    TKMResSprites.LoadGameResources
22:00:25.761     1,701s       8ms   8408    [AsyncGameResLoader Thread] Started
22:00:25.768     1,709s       8ms   8408    Resource loading state - Game
22:00:25.775     1,716s       7ms   8408    ToggleFullscreen
22:00:25.782     1,722s       6ms   8408    Form Width/Height: 1040:853
22:00:25.788     1,728s       6ms   8408    Panel Width/Height: 1024:814
22:00:25.795     1,736s       8ms   9744    [AsyncGameResLoader Thread] RT = rxTrees Stage = lsLoad
22:00:25.802     1,743s       7ms   9744    [AsyncGameResLoader Thread] Start Load RXX 'Trees.rxx'
22:00:25.809     1,750s       7ms   9744    Load Sprites started
22:00:25.818     1,758s       8ms   9744    Trees - 1216
22:00:25.834     1,775s      17ms   8408    Saving dev settings to file 'kmr_dev.xml'
                                      Loading campaign images.rxx for KSN
22:00:25.856     1,796s      19ms   3524    Custom - 1
22:00:25.865     1,806s      10ms   8408    Saving dev settings to file 'kmr_dev.xml'
22:00:25.876     1,816s      10ms   8408    Game Load Done in 1836
                                      Loading campaign images.rxx for KSO
22:00:25.922     1,863s      47ms   3524    Custom - 1
                                      Loading campaign images.rxx for KSU
22:00:25.993     1,933s      70ms   3524    Custom - 1
22:00:26.008     1,949s      16ms   9744    Load Sprites Done
                                      Loading campaign images.rxx for OFL
22:00:26.050     1,991s      42ms   3524    Custom - 1
                                      Loading campaign images.rxx for OER
22:00:26.097     2,038s      47ms   3524    Custom - 1
22:00:26.105     2,046s       8ms   9744    [AsyncGameResLoader Thread] DONE Load RXX 'Trees.rxa'
22:00:26.112     2,053s       7ms   8408    [AsyncGameResLoader MainTh] [UpdateStateIdle] GenTextures RT = rxTrees Stage = lsGenMain
22:00:26.123     2,064s      11ms   8408    [AsyncGameResLoader MainTh] [UpdateStateIdle] DONE
22:00:26.131     2,072s       8ms   9744    [AsyncGameResLoader Thread] RT = rxTrees Stage = lsOverload
22:00:26.138     2,079s       7ms   9744    [AsyncGameResLoader Thread] OverloadFromFolder RT = rxTrees
                                      Loading campaign images.rxx for TBK
22:00:26.152     2,092s      13ms   3524    Custom - 1
22:00:26.206     2,146s      54ms   9744    [AsyncGameResLoader Thread] DONE OverloadFromFolder RT = rxTrees
                                      Loading campaign images.rxx for TPR
22:00:26.219     2,160s      14ms   3524    Custom - 1
22:00:26.225     2,166s       6ms   8408    [AsyncGameResLoader MainTh] [UpdateStateIdle] GenTextures RT = rxTrees Stage = lsGenOverload
22:00:26.232     2,173s       7ms   8408    [AsyncGameResLoader MainTh] [UpdateStateIdle] DONE
22:00:26.239     2,180s       7ms   9744    [AsyncGameResLoader Thread] RT = rxHouses Stage = lsLoad
22:00:26.247     2,187s       7ms   9744    [AsyncGameResLoader Thread] Start Load RXX 'Houses.rxx'
22:00:26.253     2,194s       7ms   9744    Load Sprites started
22:00:26.261     2,201s       7ms   9744    Houses - 2709
                                      Loading campaign images.rxx for TSK
22:00:26.274     2,215s      14ms   3524    Custom - 1
                                      Loading campaign images.rxx for TUA
22:00:26.334     2,275s      60ms   3524    Custom - 1
                                      Loading campaign images.rxx for TMR
22:00:26.483     2,423s     148ms   3524    Custom - 1
22:00:26.501     2,441s      18ms   9744    Load Sprites Done
22:00:26.634     2,575s     134ms   9744    [AsyncGameResLoader Thread] DONE Load RXX 'Houses.rxa'
22:00:26.641     2,581s       6ms   8408    [AsyncGameResLoader MainTh] [UpdateStateIdle] GenTextures RT = rxHouses Stage = lsGenMain
22:00:26.656     2,596s      15ms   8408    [AsyncGameResLoader MainTh] [UpdateStateIdle] DONE
22:00:26.663     2,605s       9ms   9744    [AsyncGameResLoader Thread] RT = rxHouses Stage = lsOverload
22:00:26.669     2,610s       5ms   9744    [AsyncGameResLoader Thread] OverloadFromFolder RT = rxHouses
                                      Loading campaign images.rxx for HKS
22:00:26.772     2,713s     103ms  14880    Custom - 1
22:00:26.854     2,795s      82ms   9744    [AsyncGameResLoader Thread] DONE OverloadFromFolder RT = rxHouses
                                      Loading campaign images.rxx for KSN
22:00:26.881     2,822s      27ms  14880    Custom - 1
22:00:26.887     2,828s       6ms   8408    [AsyncGameResLoader MainTh] [UpdateStateIdle] GenTextures RT = rxHouses Stage = lsGenOverload
22:00:26.894     2,835s       7ms   8408    [AsyncGameResLoader MainTh] [UpdateStateIdle] DONE
22:00:26.901     2,842s       7ms   9744    [AsyncGameResLoader Thread] RT = rxUnits Stage = lsLoad
22:00:26.908     2,849s       7ms   9744    [AsyncGameResLoader Thread] Start Load RXX 'Units.rxx'
22:00:26.914     2,855s       6ms   9744    Load Sprites started
22:00:26.921     2,862s       7ms   9744    Units - 14845
                                      Loading campaign images.rxx for KSO
22:00:26.954     2,894s      32ms  14880    Custom - 1
                                      Loading campaign images.rxx for KSU
22:00:27.031     2,972s      78ms  14880    Custom - 1
                                      Loading campaign images.rxx for OFL
22:00:27.092     3,033s      61ms  14880    Custom - 1
                                      Loading campaign images.rxx for OER
22:00:27.166     3,107s      74ms  14880    Custom - 1
                                      Loading campaign images.rxx for TBK
22:00:27.208     3,149s      42ms  14880    Custom - 1
                                      Loading campaign images.rxx for TPR
22:00:27.278     3,219s      69ms  14880    Custom - 1
                                      Loading campaign images.rxx for TSK
22:00:27.323     3,264s      45ms  14880    Custom - 1
                                      Loading campaign images.rxx for TUA
22:00:27.361     3,302s      38ms  14880    Custom - 1
                                      Loading campaign images.rxx for TMR
22:00:27.510     3,450s     148ms  14880    Custom - 1
22:00:27.557     3,498s      48ms   8408    LoadGameResources ... AlphaShadows: True. Forced: False
22:00:27.564     3,505s       7ms   8408    TKMResSprites.LoadGameResources
22:00:28.416     4,356s     851ms   9744    Load Sprites Done
22:00:29.494     5,435s    1079ms   9744    [AsyncGameResLoader Thread] DONE Load RXX 'Units.rxa'
22:00:29.501     5,442s       7ms   8408    [AsyncGameResLoader MainTh] [LoadGameResources] GenTextures RT = rxUnits Stage = lsGenMain
22:00:29.562     5,503s      61ms   8408    [AsyncGameResLoader MainTh] [LoadGameResources] DONE
22:00:29.569     5,510s       6ms   9744    [AsyncGameResLoader Thread] RT = rxUnits Stage = lsOverload
22:00:29.576     5,517s       7ms   9744    [AsyncGameResLoader Thread] OverloadFromFolder RT = rxUnits
22:00:30.618     6,559s    1041ms   9744    [AsyncGameResLoader Thread] DONE OverloadFromFolder RT = rxUnits
22:00:30.625     6,565s       6ms   8408    [AsyncGameResLoader MainTh] [LoadGameResources] GenTextures RT = rxUnits Stage = lsGenOverload
22:00:30.659     6,600s      35ms   8408    [AsyncGameResLoader Thread] Stopped
22:00:30.667     6,607s       7ms   8408    [AsyncGameResLoader MainTh] [LoadGameResources] DONE
22:00:30.672     6,613s       6ms   8408    Resource loading state - Game
22:00:30.679     6,620s       7ms   8408    Saving dev settings to file 'kmr_dev.xml'
22:00:30.718     6,658s      38ms   8408    <== Game creation is done ==>
22:00:30.724     6,666s       8ms   8408    GameStart
22:00:30.732     6,673s       7ms   8408    Loading DAT file: E:\programowanie\projekty delphi\kam_expansion\MapsMP\TMR13\TMR13.dat
22:00:30.738     6,679s       6ms   8408    Loading map file: E:\programowanie\projekty delphi\kam_expansion\MapsMP\TMR13\TMR13.map
22:00:30.777     6,717s      38ms   8408    Map file loaded
22:00:31.013     6,953s     236ms   8408    Gameplay recording initialized ... done
22:00:31.019     6,959s       6ms   8408    Game options: PT = 0; SpeedPT = 1; SpeedAfterPT = 1; Seed = 0; Difficulty = mdNone
22:00:31.025     6,966s       7ms   8408    Gameplay initialized ... done
22:00:31.031     6,971s       5ms   8408    After game start
22:00:31.061     7,001s      30ms   8408    Set game seed: 2046952491
22:00:31.075     7,016s      15ms   8408    After game start ... done
22:01:10.506    46,446s   39430ms   8408    Saving from map editor: E:\programowanie\projekty delphi\kam_expansion\MapsMP\TMR13\TMR13.dat
22:01:13.350    49,290s    2844ms   8408    Gameplay ended - grMapEdEnd /
