   Timestamp    Elapsed     Delta  Thread    Description
========================
    Date: 2024.12.28
========================
22:05:36.170     0,001s       1ms  18360    Log is up and running. Game version: KaM Expansion: Co-op & World Update
22:05:36.175     0,006s       5ms  18360    Game Load started
22:05:36.187     0,018s      12ms  18360    Start loading 'GameApp settings' from 'C:\Users\szyby\OneDrive\Dokumenty\My Games\Knights and Merchants Remake\KaM Remake Settings KingDyronMod.xml'
22:05:36.193     0,024s       6ms  18360    'GameApp settings' was successfully loaded from 'C:\Users\szyby\OneDrive\Dokumenty\My Games\Knights and Merchants Remake\KaM Remake Settings KingDyronMod.xml'
22:05:36.197     0,029s       5ms  18360    Start saving 'GameApp settings' to 'C:\Users\szyby\OneDrive\Dokumenty\My Games\Knights and Merchants Remake\KaM Remake Settings KingDyronMod.xml'
00b5249c KaM_Expansion.exe KM_Settings        106 TKMSettings.SaveToDefaultFile
00b5256f KaM_Expansion.exe KM_Settings        113 TKMSettings.SaveToDefaultFile
00b5216d KaM_Expansion.exe KM_Settings         59 TKMSettings.Create
00b528aa KaM_Expansion.exe KM_SettingsXML      38 TKMSettingsXML.Create
00b52beb KaM_Expansion.exe KM_GameAppSettings  51 TKMGameAppSettings.Create
00d6c010 KaM_Expansion.exe KM_Main            258 TKMMain.Start
00d6c294 KaM_Expansion.exe KM_Main            305 TKMMain.Start
00fe9b2b KaM_Expansion.exe KaM_Expansion      479 initialization
00fe9b5a KaM_Expansion.exe KaM_Expansion      482 initialization
76df7ba7 KERNEL32.DLL                             BaseThreadInitThunk

22:05:36.236     0,067s      38ms  18360    'GameApp settings' was successfully saved to 'C:\Users\szyby\OneDrive\Dokumenty\My Games\Knights and Merchants Remake\KaM Remake Settings KingDyronMod.xml'
22:05:36.261     0,092s      25ms  18360    Start loading 'Server settings' from 'C:\Users\szyby\OneDrive\Dokumenty\My Games\Knights and Merchants Remake\KaM Remake Server Settings.ini'
22:05:36.268     0,099s       7ms  18360    'Server settings' was successfully loaded from 'C:\Users\szyby\OneDrive\Dokumenty\My Games\Knights and Merchants Remake\KaM Remake Server Settings.ini'
22:05:36.274     0,105s       6ms  18360    Start saving 'Server settings' to 'C:\Users\szyby\OneDrive\Dokumenty\My Games\Knights and Merchants Remake\KaM Remake Server Settings.ini'
00b5249c KaM_Expansion.exe KM_Settings       106 TKMSettings.SaveToDefaultFile
00b5256f KaM_Expansion.exe KM_Settings       113 TKMSettings.SaveToDefaultFile
00b5216d KaM_Expansion.exe KM_Settings        59 TKMSettings.Create
00c95288 KaM_Expansion.exe KM_ServerSettings 109 TKMServerSettings.Create
00d61390 KaM_Expansion.exe KM_GameApp        213 TKMGameApp.Create
00d617e2 KaM_Expansion.exe KM_GameApp        295 TKMGameApp.Create
00d6d2ba KaM_Expansion.exe KM_Main           635 TKMMain.ReinitRender
00d6d4c6 KaM_Expansion.exe KM_Main           689 TKMMain.ReinitRender
00d6c126 KaM_Expansion.exe KM_Main           281 TKMMain.Start
00d6c294 KaM_Expansion.exe KM_Main           305 TKMMain.Start
00fe9b2b KaM_Expansion.exe KaM_Expansion     479 initialization
00fe9b5a KaM_Expansion.exe KaM_Expansion     482 initialization
76df7ba7 KERNEL32.DLL                            BaseThreadInitThunk

22:05:36.287     0,118s      13ms  18360    'Server settings' was successfully saved to 'C:\Users\szyby\OneDrive\Dokumenty\My Games\Knights and Merchants Remake\KaM Remake Server Settings.ini'
22:05:36.293     0,124s       6ms  18360    Init Render started
22:05:36.432     0,264s     139ms  18360    GL_MAX_TEXTURE_SIZE = 32768
22:05:36.439     0,270s       6ms  18360    GL_MAX_VIEWPORT_DIM = 32768
                                      OpenGL Vendor: NVIDIA Corporation
                                      OpenGL Renderer: NVIDIA GeForce RTX 3060 Ti/PCIe/SSE2
                                      OpenGL Version: 4.6.0 NVIDIA 560.81
22:05:36.469     0,300s      30ms  18360    Init Render Done
22:05:36.475     0,306s       6ms  18360    Resource loading state - None
22:05:36.483     0,314s       8ms  18360    Reading palettes ... done
22:05:36.491     0,322s       8ms  18360    Reading GUI.rx
22:05:36.498     0,329s       7ms  18360    Load Sprites started
22:05:36.506     0,337s       8ms  18360    GUI - 966
22:05:36.530     0,361s      24ms  18360    Load Sprites Done
22:05:36.583     0,414s      53ms  18360    Reading GUIMain.rx
22:05:36.591     0,422s       8ms  18360    Load Sprites started
22:05:36.601     0,433s      11ms  18360    GUIMain - 105
22:05:36.658     0,490s      57ms  18360    Load Sprites Done
22:05:36.719     0,551s      61ms  18360    Reading Tileset.rx
22:05:36.725     0,557s       6ms  18360    Load Sprites started
22:05:36.733     0,564s       7ms  18360    Tileset - 5449
22:05:36.751     0,582s      18ms  18360    Load Sprites Done
22:05:36.757     0,589s       7ms  18360    GenerateTerrainTransitions started. Legacy = False
22:05:36.763     0,595s       6ms  18360    TexId = 5451 GenTilesCnt = 2100
22:05:36.771     0,602s       7ms  18360    TexId = 6051; TexId - fGenTexIdStartI = 600; uniqueTex = 600; totalTex = 1350
22:05:36.777     0,609s       7ms  18360    GeneratedMasks cnt = 20
22:05:36.784     0,616s       7ms  18360    GenerateTerrainTransitions Done
22:05:36.791     0,622s       6ms  18360    GenerateTerrainTransitions started. Legacy = True
22:05:36.797     0,629s       7ms  18360    Legacy: TexId = 4999 GenTilesCntTemp = 2030
22:05:36.804     0,636s       7ms  18360    TexId = 5463; TexId - fGenTexIdStartILegacy = 464; uniqueTex = 464; totalTex = 1044
22:05:36.811     0,642s       6ms  18360    GeneratedMasks cnt = 16
22:05:36.819     0,650s       8ms  18360    GenerateTerrainTransitions Done
22:05:36.928     0,759s     109ms  18360    Load font started
22:05:36.966     0,797s      38ms  18360    Font load took 37ms
22:05:36.973     0,804s       7ms  18360    Read fonts is done
22:05:36.991     0,822s      18ms  18360    ReadGFX is done
22:05:36.997     0,829s       7ms  18360    Resource loading state - Menu
22:05:37.005     0,837s       8ms  12284    OpenAL init started
22:05:37.661     1,493s     656ms  18360    Music init done, 24 tracks found
                                      Loading campaign images.rxx for HKS
22:05:37.687     1,518s      25ms   4448    Custom - 1
22:05:37.695     1,527s       8ms  12284    Pre-LoadSFX init ... done
22:05:37.704     1,535s       8ms  12284    ALC_MONO_SOURCES 255
22:05:37.711     1,543s       8ms  12284    ALC_STEREO_SOURCES 1
22:05:37.718     1,549s       6ms  18360    Main menu init done
22:05:37.725     1,556s       7ms  12284    OpenAL init done
22:05:37.747     1,579s      23ms  18360    Check game folder 'E:\programowanie\projekty delphi\kam_expansion\' generic permissions: READ: granted; WRITE: granted; EXECUTE: granted; folder is writable: 
22:05:37.755     1,587s       8ms  18360    LoadGameResources ... AlphaShadows: True. Forced: True
22:05:37.761     1,592s       5ms  18360    TKMResSprites.LoadGameResources
22:05:37.767     1,599s       7ms  18360    [AsyncGameResLoader Thread] Started
22:05:37.774     1,606s       7ms  18360    Resource loading state - Game
22:05:37.780     1,611s       5ms  18360    ToggleFullscreen
22:05:37.786     1,617s       6ms  18360    Form Width/Height: 1040:853
22:05:37.793     1,624s       7ms  18360    Panel Width/Height: 1024:814
22:05:37.799     1,630s       6ms  20740    [AsyncGameResLoader Thread] RT = rxTrees Stage = lsLoad
22:05:37.806     1,637s       7ms  20740    [AsyncGameResLoader Thread] Start Load RXX 'Trees.rxx'
22:05:37.813     1,644s       7ms  20740    Load Sprites started
22:05:37.821     1,652s       8ms  20740    Trees - 1216
22:05:37.831     1,662s       9ms  18360    Saving dev settings to file 'kmr_dev.xml'
22:05:37.854     1,685s      23ms  18360    Saving dev settings to file 'kmr_dev.xml'
                                      Loading campaign images.rxx for KSN
22:05:37.868     1,700s      15ms  18360    Game Load Done in 1718
22:05:37.874     1,706s       6ms   4448    Custom - 1
                                      Loading campaign images.rxx for KSO
22:05:37.957     1,788s      82ms   4448    Custom - 1
                                      Loading campaign images.rxx for KSU
22:05:38.015     1,847s      59ms   4448    Custom - 1
22:05:38.022     1,853s       6ms  20740    Load Sprites Done
                                      Loading campaign images.rxx for OFL
22:05:38.067     1,899s      46ms   4448    Custom - 1
                                      Loading campaign images.rxx for OER
22:05:38.108     1,939s      40ms   4448    Custom - 1
22:05:38.120     1,952s      13ms  20740    [AsyncGameResLoader Thread] DONE Load RXX 'Trees.rxa'
22:05:38.137     1,968s      16ms  18360    [AsyncGameResLoader MainTh] [UpdateStateIdle] GenTextures RT = rxTrees Stage = lsGenMain
                                      Loading campaign images.rxx for TBK
22:05:38.151     1,983s      15ms   4448    Custom - 1
22:05:38.157     1,988s       5ms  18360    [AsyncGameResLoader MainTh] [UpdateStateIdle] DONE
22:05:38.164     1,995s       7ms  20740    [AsyncGameResLoader Thread] RT = rxTrees Stage = lsOverload
22:05:38.170     2,002s       7ms  20740    [AsyncGameResLoader Thread] OverloadFromFolder RT = rxTrees
                                      Loading campaign images.rxx for TPR
22:05:38.219     2,051s      49ms   4448    Custom - 1
22:05:38.227     2,059s       8ms  20740    [AsyncGameResLoader Thread] DONE OverloadFromFolder RT = rxTrees
22:05:38.235     2,067s       8ms  18360    [AsyncGameResLoader MainTh] [UpdateStateIdle] GenTextures RT = rxTrees Stage = lsGenOverload
22:05:38.242     2,073s       6ms  18360    [AsyncGameResLoader MainTh] [UpdateStateIdle] DONE
22:05:38.248     2,080s       7ms  20740    [AsyncGameResLoader Thread] RT = rxHouses Stage = lsLoad
22:05:38.255     2,087s       7ms  20740    [AsyncGameResLoader Thread] Start Load RXX 'Houses.rxx'
22:05:38.262     2,093s       6ms  20740    Load Sprites started
                                      Loading campaign images.rxx for TSK
22:05:38.274     2,106s      13ms  20740    Houses - 2709
22:05:38.282     2,113s       7ms   4448    Custom - 1
                                      Loading campaign images.rxx for TUA
22:05:38.314     2,145s      32ms   4448    Custom - 1
                                      Loading campaign images.rxx for TMR
22:05:38.462     2,293s     148ms   4448    Custom - 1
22:05:38.510     2,341s      48ms  20740    Load Sprites Done
22:05:38.645     2,476s     135ms  20740    [AsyncGameResLoader Thread] DONE Load RXX 'Houses.rxa'
22:05:38.653     2,484s       8ms  18360    [AsyncGameResLoader MainTh] [UpdateStateIdle] GenTextures RT = rxHouses Stage = lsGenMain
22:05:38.670     2,502s      18ms  18360    [AsyncGameResLoader MainTh] [UpdateStateIdle] DONE
22:05:38.677     2,509s       7ms  20740    [AsyncGameResLoader Thread] RT = rxHouses Stage = lsOverload
22:05:38.684     2,516s       7ms  20740    [AsyncGameResLoader Thread] OverloadFromFolder RT = rxHouses
22:05:38.850     2,682s     166ms  20740    [AsyncGameResLoader Thread] DONE OverloadFromFolder RT = rxHouses
22:05:38.858     2,689s       7ms  18360    [AsyncGameResLoader MainTh] [UpdateStateIdle] GenTextures RT = rxHouses Stage = lsGenOverload
22:05:38.864     2,695s       6ms  18360    [AsyncGameResLoader MainTh] [UpdateStateIdle] DONE
22:05:38.871     2,703s       8ms  20740    [AsyncGameResLoader Thread] RT = rxUnits Stage = lsLoad
22:05:38.879     2,710s       7ms  20740    [AsyncGameResLoader Thread] Start Load RXX 'Units.rxx'
22:05:38.886     2,717s       7ms  20740    Load Sprites started
22:05:38.893     2,724s       7ms  20740    Units - 14845
                                      Loading campaign images.rxx for HKS
22:05:39.691     3,522s     798ms  12276    Custom - 1
                                      Loading campaign images.rxx for KSN
22:05:39.776     3,607s      85ms  12276    Custom - 1
                                      Loading campaign images.rxx for KSO
22:05:39.846     3,677s      70ms  12276    Custom - 1
                                      Loading campaign images.rxx for KSU
22:05:39.919     3,751s      74ms  12276    Custom - 1
                                      Loading campaign images.rxx for OFL
22:05:39.974     3,805s      54ms  12276    Custom - 1
                                      Loading campaign images.rxx for OER
22:05:40.024     3,855s      50ms  12276    Custom - 1
                                      Loading campaign images.rxx for TBK
22:05:40.058     3,890s      35ms  12276    Custom - 1
                                      Loading campaign images.rxx for TPR
22:05:40.110     3,941s      51ms  12276    Custom - 1
                                      Loading campaign images.rxx for TSK
22:05:40.148     3,980s      39ms  12276    Custom - 1
                                      Loading campaign images.rxx for TUA
22:05:40.181     4,012s      32ms  12276    Custom - 1
22:05:40.265     4,097s      85ms  18360    LoadGameResources ... AlphaShadows: True. Forced: False
22:05:40.272     4,103s       6ms  18360    TKMResSprites.LoadGameResources
22:05:40.437     4,268s     165ms  20740    Load Sprites Done
22:05:41.497     5,329s    1061ms  20740    [AsyncGameResLoader Thread] DONE Load RXX 'Units.rxa'
22:05:41.504     5,336s       7ms  18360    [AsyncGameResLoader MainTh] [LoadGameResources] GenTextures RT = rxUnits Stage = lsGenMain
22:05:41.563     5,394s      58ms  18360    [AsyncGameResLoader MainTh] [LoadGameResources] DONE
22:05:41.569     5,401s       6ms  20740    [AsyncGameResLoader Thread] RT = rxUnits Stage = lsOverload
22:05:41.575     5,407s       6ms  20740    [AsyncGameResLoader Thread] OverloadFromFolder RT = rxUnits
22:05:42.598     6,430s    1023ms  20740    [AsyncGameResLoader Thread] DONE OverloadFromFolder RT = rxUnits
22:05:42.605     6,436s       6ms  18360    [AsyncGameResLoader MainTh] [LoadGameResources] GenTextures RT = rxUnits Stage = lsGenOverload
22:05:42.639     6,470s      34ms  18360    [AsyncGameResLoader Thread] Stopped
22:05:42.646     6,477s       7ms  18360    [AsyncGameResLoader MainTh] [LoadGameResources] DONE
                                      Loading campaign images.rxx for TMR
22:05:42.658     6,490s      13ms  18360    Resource loading state - Game
22:05:42.665     6,497s       7ms  12276    Custom - 1
22:05:42.672     6,503s       6ms  18360    Saving dev settings to file 'kmr_dev.xml'
22:05:42.701     6,533s      29ms  18360    <== Game creation is done ==>
22:05:42.709     6,541s       7ms  18360    GameStart
22:05:42.715     6,547s       6ms  18360    Loading DAT file: E:\programowanie\projekty delphi\kam_expansion\Maps\Nowa Misja 2\Nowa Misja 2.dat
22:05:42.723     6,554s       7ms  18360    Loading map file: E:\programowanie\projekty delphi\kam_expansion\Maps\Nowa Misja 2\Nowa Misja 2.map
22:05:42.729     6,561s       7ms  18360    Map file loaded
22:05:42.880     6,711s     150ms  18360    Gameplay recording initialized ... done
22:05:42.885     6,717s       6ms  18360    Game options: PT = 0; SpeedPT = 1; SpeedAfterPT = 1; Seed = 0; Difficulty = mdNone
22:05:42.892     6,723s       6ms  18360    Gameplay initialized ... done
22:05:42.898     6,729s       6ms  18360    After game start
22:05:42.904     6,736s       7ms  18360    Set game seed: 936161790
22:05:42.910     6,741s       5ms  18360    After game start ... done
22:05:51.437    15,269s    8528ms  18360    Saving from map editor: E:\programowanie\projekty delphi\kam_expansion\Maps\Nowa Misja 2\Nowa Misja 2.dat
22:06:10.887    34,718s   19449ms  18360    Saving from map editor: E:\programowanie\projekty delphi\kam_expansion\Maps\Nowa Misja 2\Nowa Misja 2.dat
22:07:44.172   128,003s   93285ms  18360    Saving dev settings to file 'kmr_dev.xml'
22:07:44.882   128,713s     710ms  18360    Stopping game application...
22:07:44.925   128,757s      44ms  18360    Gameplay ended - grSilent /
22:07:44.935   128,766s       9ms  18360    Start saving 'Server settings' to 'C:\Users\szyby\OneDrive\Dokumenty\My Games\Knights and Merchants Remake\KaM Remake Server Settings.ini'
00b5249c KaM_Expansion.exe KM_Settings        106 TKMSettings.SaveToDefaultFile
00b5256f KaM_Expansion.exe KM_Settings        113 TKMSettings.SaveToDefaultFile
00b521a8 KaM_Expansion.exe KM_Settings         65 TKMSettings.Destroy
00c952ce KaM_Expansion.exe KM_ServerSettings  117 TKMServerSettings.Destroy
005ba764 KaM_Expansion.exe System              23 TObject.Free
0088980c KaM_Expansion.exe KromUtils          281 FreeThenNil
00d61a3f KaM_Expansion.exe KM_GameApp         330 TKMGameApp.Destroy
005ba764 KaM_Expansion.exe System              23 TObject.Free
0088980c KaM_Expansion.exe KromUtils          281 FreeThenNil
00d6c6d5 KaM_Expansion.exe KM_Main            376 TKMMain.Stop
00d6c7b4 KaM_Expansion.exe KM_Main            405 TKMMain.Stop
00fd42fd KaM_Expansion.exe KM_FormMain       2212 TFormMain.FormClose
008336a7 KaM_Expansion.exe Vcl.Forms              TCustomForm.DoClose
00839095 KaM_Expansion.exe Vcl.Forms              TCustomForm.Close
00837cd4 KaM_Expansion.exe Vcl.Forms              TCustomForm.WMClose
00782cfa KaM_Expansion.exe Vcl.Controls           TControl.WndProc
00787ec1 KaM_Expansion.exe Vcl.Controls           TWinControl.WndProc
008342e8 KaM_Expansion.exe Vcl.Forms              TCustomForm.WndProc
00834303 KaM_Expansion.exe Vcl.Forms              TCustomForm.WndProc
00fd3de9 KaM_Expansion.exe KM_FormMain       2051 TFormMain.WndProc

22:07:44.959   128,790s      24ms  18360    'Server settings' was successfully saved to 'C:\Users\szyby\OneDrive\Dokumenty\My Games\Knights and Merchants Remake\KaM Remake Server Settings.ini'
22:07:45.179   129,010s     220ms  18360    Start saving 'GameApp settings' to 'C:\Users\szyby\OneDrive\Dokumenty\My Games\Knights and Merchants Remake\KaM Remake Settings KingDyronMod.xml'
00b5249c KaM_Expansion.exe KM_Settings         106 TKMSettings.SaveToDefaultFile
00b5256f KaM_Expansion.exe KM_Settings         113 TKMSettings.SaveToDefaultFile
00b521a8 KaM_Expansion.exe KM_Settings          65 TKMSettings.Destroy
00b52902 KaM_Expansion.exe KM_SettingsXML       44 TKMSettingsXML.Destroy
00b52c2e KaM_Expansion.exe KM_GameAppSettings   57 TKMGameAppSettings.Destroy
005ba764 KaM_Expansion.exe System               23 TObject.Free
0088980c KaM_Expansion.exe KromUtils           281 FreeThenNil
00d6c6df KaM_Expansion.exe KM_Main             378 TKMMain.Stop
00d6c7b4 KaM_Expansion.exe KM_Main             405 TKMMain.Stop
00fd42fd KaM_Expansion.exe KM_FormMain        2212 TFormMain.FormClose
008336a7 KaM_Expansion.exe Vcl.Forms               TCustomForm.DoClose
00839095 KaM_Expansion.exe Vcl.Forms               TCustomForm.Close
00837cd4 KaM_Expansion.exe Vcl.Forms               TCustomForm.WMClose
00782cfa KaM_Expansion.exe Vcl.Controls            TControl.WndProc
00787ec1 KaM_Expansion.exe Vcl.Controls            TWinControl.WndProc
008342e8 KaM_Expansion.exe Vcl.Forms               TCustomForm.WndProc
00834303 KaM_Expansion.exe Vcl.Forms               TCustomForm.WndProc
00fd3de9 KaM_Expansion.exe KM_FormMain        2051 TFormMain.WndProc
007873cc KaM_Expansion.exe Vcl.Controls            TWinControl.MainWndProc
007873e7 KaM_Expansion.exe Vcl.Controls            TWinControl.MainWndProc

22:07:45.194   129,025s      15ms  18360    'GameApp settings' was successfully saved to 'C:\Users\szyby\OneDrive\Dokumenty\My Games\Knights and Merchants Remake\KaM Remake Settings KingDyronMod.xml'
