   Timestamp    Elapsed     Delta  Thread    Description
========================
    Date: 2025.01.05
========================
18:54:10.793     0,001s       1ms  20172    Log is up and running. Game version: KaM Expansion: Co-op & World Update
18:54:10.799     0,007s       6ms  20172    Game Load started
18:54:10.886     0,095s      88ms  20172    Start loading 'GameApp settings' from 'C:\Users\szyby\OneDrive\Dokumenty\My Games\Knights and Merchants Remake\KaM Remake Settings KingDyronMod.xml'
18:54:10.892     0,100s       5ms  20172    'GameApp settings' was successfully loaded from 'C:\Users\szyby\OneDrive\Dokumenty\My Games\Knights and Merchants Remake\KaM Remake Settings KingDyronMod.xml'
18:54:10.908     0,116s       5ms  20172    Start saving 'GameApp settings' to 'C:\Users\szyby\OneDrive\Dokumenty\My Games\Knights and Merchants Remake\KaM Remake Settings KingDyronMod.xml'
01008298 KaM_Expansion.exe KM_Settings        106 TKMSettings.SaveToDefaultFile
0100836b KaM_Expansion.exe KM_Settings        113 TKMSettings.SaveToDefaultFile
01007f69 KaM_Expansion.exe KM_Settings         59 TKMSettings.Create
010086a6 KaM_Expansion.exe KM_SettingsXML      38 TKMSettingsXML.Create
010089e7 KaM_Expansion.exe KM_GameAppSettings  51 TKMGameAppSettings.Create
0121c87c KaM_Expansion.exe KM_Main            258 TKMMain.Start
0121caeb KaM_Expansion.exe KM_Main            305 TKMMain.Start
0149db2b KaM_Expansion.exe KaM_Expansion      480 initialization
0149db5a KaM_Expansion.exe KaM_Expansion      483 initialization
76c97ba7 KERNEL32.DLL                             BaseThreadInitThunk

18:54:10.945     0,153s      37ms  20172    'GameApp settings' was successfully saved to 'C:\Users\szyby\OneDrive\Dokumenty\My Games\Knights and Merchants Remake\KaM Remake Settings KingDyronMod.xml'
18:54:10.983     0,191s      38ms  20172    Start loading 'Server settings' from 'C:\Users\szyby\OneDrive\Dokumenty\My Games\Knights and Merchants Remake\KaM Remake Server Settings.ini'
18:54:10.990     0,198s       7ms  20172    'Server settings' was successfully loaded from 'C:\Users\szyby\OneDrive\Dokumenty\My Games\Knights and Merchants Remake\KaM Remake Server Settings.ini'
18:54:10.997     0,205s       7ms  20172    Start saving 'Server settings' to 'C:\Users\szyby\OneDrive\Dokumenty\My Games\Knights and Merchants Remake\KaM Remake Server Settings.ini'
01008298 KaM_Expansion.exe KM_Settings       106 TKMSettings.SaveToDefaultFile
0100836b KaM_Expansion.exe KM_Settings       113 TKMSettings.SaveToDefaultFile
01007f69 KaM_Expansion.exe KM_Settings        59 TKMSettings.Create
01145b28 KaM_Expansion.exe KM_ServerSettings 109 TKMServerSettings.Create
01211c30 KaM_Expansion.exe KM_GameApp        213 TKMGameApp.Create
01212082 KaM_Expansion.exe KM_GameApp        295 TKMGameApp.Create
0121daf2 KaM_Expansion.exe KM_Main           635 TKMMain.ReinitRender
0121dcfe KaM_Expansion.exe KM_Main           689 TKMMain.ReinitRender
0121c992 KaM_Expansion.exe KM_Main           281 TKMMain.Start
0121caeb KaM_Expansion.exe KM_Main           305 TKMMain.Start
0149db2b KaM_Expansion.exe KaM_Expansion     480 initialization
0149db5a KaM_Expansion.exe KaM_Expansion     483 initialization
76c97ba7 KERNEL32.DLL                            BaseThreadInitThunk

18:54:11.009     0,217s      12ms  20172    'Server settings' was successfully saved to 'C:\Users\szyby\OneDrive\Dokumenty\My Games\Knights and Merchants Remake\KaM Remake Server Settings.ini'
18:54:11.016     0,224s       7ms  20172    Init Render started
18:54:11.146     0,355s     131ms  20172    GL_MAX_TEXTURE_SIZE = 32768
18:54:11.154     0,362s       7ms  20172    GL_MAX_VIEWPORT_DIM = 32768
                                      OpenGL Vendor: NVIDIA Corporation
                                      OpenGL Renderer: NVIDIA GeForce RTX 3060 Ti/PCIe/SSE2
                                      OpenGL Version: 4.6.0 NVIDIA 560.94
18:54:11.181     0,389s      27ms  20172    Init Render Done
18:54:11.187     0,395s       6ms  20172    Resource loading state - None
18:54:11.194     0,402s       7ms  20172    Reading palettes ... done
18:54:11.202     0,410s       8ms  20172    Reading GUI.rx
18:54:11.210     0,418s       8ms  20172    Load Sprites started
18:54:11.219     0,427s       8ms  20172    GUI - 966
18:54:11.239     0,447s      20ms  20172    Load Sprites Done
18:54:11.278     0,486s      39ms  20172    Reading GUIMain.rx
18:54:11.285     0,493s       7ms  20172    Load Sprites started
18:54:11.293     0,501s       8ms  20172    GUIMain - 105
18:54:11.348     0,556s      55ms  20172    Load Sprites Done
18:54:11.402     0,610s      54ms  20172    Reading Tileset.rx
18:54:11.409     0,617s       7ms  20172    Load Sprites started
18:54:11.415     0,624s       7ms  20172    Tileset - 5449
18:54:11.452     0,660s      36ms  20172    Load Sprites Done
18:54:11.459     0,667s       7ms  20172    GenerateTerrainTransitions started. Legacy = False
18:54:11.466     0,674s       7ms  20172    TexId = 5451 GenTilesCnt = 2100
18:54:11.472     0,680s       6ms  20172    TexId = 6051; TexId - fGenTexIdStartI = 600; uniqueTex = 600; totalTex = 1350
18:54:11.479     0,687s       7ms  20172    GeneratedMasks cnt = 20
18:54:11.485     0,693s       6ms  20172    GenerateTerrainTransitions Done
18:54:11.491     0,699s       6ms  20172    GenerateTerrainTransitions started. Legacy = True
18:54:11.498     0,706s       7ms  20172    Legacy: TexId = 4999 GenTilesCntTemp = 2030
18:54:11.504     0,712s       6ms  20172    TexId = 5463; TexId - fGenTexIdStartILegacy = 464; uniqueTex = 464; totalTex = 1044
18:54:11.512     0,720s       8ms  20172    GeneratedMasks cnt = 16
18:54:11.518     0,726s       6ms  20172    GenerateTerrainTransitions Done
18:54:11.629     0,837s     111ms  20172    Load font started
18:54:11.666     0,874s      37ms  20172    Font load took 37ms
18:54:11.673     0,881s       7ms  20172    Read fonts is done
18:54:11.690     0,899s      18ms  20172    ReadGFX is done
18:54:11.697     0,905s       6ms  20172    Resource loading state - Menu
18:54:11.704     0,912s       7ms   9744    OpenAL init started
18:54:11.726     0,934s      22ms  20172    Music init done, 24 tracks found
                                      Loading campaign images.rxx for HKS
18:54:11.750     0,958s      23ms   7596    Custom - 1
18:54:11.757     0,965s       7ms   9744    Pre-LoadSFX init ... done
18:54:11.764     0,972s       7ms   9744    ALC_MONO_SOURCES 255
18:54:11.770     0,978s       6ms   9744    ALC_STEREO_SOURCES 1
18:54:11.776     0,984s       6ms  20172    Main menu init done
18:54:11.783     0,991s       7ms   9744    OpenAL init done
18:54:11.804     1,012s      21ms  20172    Check game folder 'E:\programowanie\projekty delphi\kam_expansion\' generic permissions: READ: granted; WRITE: granted; EXECUTE: granted; folder is writable: 
18:54:11.811     1,019s       7ms  20172    LoadGameResources ... AlphaShadows: True. Forced: True
18:54:11.818     1,026s       7ms  20172    TKMResSprites.LoadGameResources
18:54:11.823     1,032s       6ms  20172    [AsyncGameResLoader Thread] Started
18:54:11.829     1,038s       6ms  20172    Resource loading state - Game
18:54:11.836     1,044s       6ms  20172    ToggleFullscreen
18:54:11.841     1,050s       6ms  20172    Form Width/Height: 1040:782
18:54:11.847     1,056s       6ms  20172    Panel Width/Height: 1024:743
18:54:11.855     1,063s       7ms   1352    [AsyncGameResLoader Thread] RT = rxTrees Stage = lsLoad
18:54:11.863     1,071s       7ms   1352    [AsyncGameResLoader Thread] Start Load RXX 'Trees.rxx'
18:54:11.869     1,077s       6ms   1352    Load Sprites started
18:54:11.876     1,084s       7ms   1352    Trees - 1216
                                      Loading campaign images.rxx for KSN
18:54:11.893     1,101s      17ms   7596    Custom - 1
18:54:11.901     1,109s       8ms  20172    Saving dev settings to file 'kmr_dev.xml'
18:54:11.937     1,145s      35ms  20172    Saving dev settings to file 'kmr_dev.xml'
18:54:11.944     1,152s       7ms  20172    Game Load Done in 1179
                                      Loading campaign images.rxx for KSO
18:54:11.983     1,191s      39ms   7596    Custom - 1
18:54:12.007     1,216s      25ms   1352    Load Sprites Done
                                      Loading campaign images.rxx for KSU
18:54:12.040     1,248s      32ms   7596    Custom - 1
                                      Loading campaign images.rxx for OFL
18:54:12.091     1,299s      51ms   7596    Custom - 1
18:54:12.103     1,311s      12ms   1352    [AsyncGameResLoader Thread] DONE Load RXX 'Trees.rxa'
18:54:12.112     1,320s       9ms  20172    [AsyncGameResLoader MainTh] [UpdateStateIdle] GenTextures RT = rxTrees Stage = lsGenMain
                                      Loading campaign images.rxx for OER
18:54:12.137     1,345s      25ms   7596    Custom - 1
18:54:12.144     1,352s       7ms  20172    [AsyncGameResLoader MainTh] [UpdateStateIdle] DONE
18:54:12.151     1,359s       6ms   1352    [AsyncGameResLoader Thread] RT = rxTrees Stage = lsOverload
18:54:12.159     1,367s       8ms   1352    [AsyncGameResLoader Thread] OverloadFromFolder RT = rxTrees
                                      Loading campaign images.rxx for TBK
18:54:12.176     1,384s      17ms   7596    Custom - 1
18:54:12.183     1,391s       7ms   1352    [AsyncGameResLoader Thread] DONE OverloadFromFolder RT = rxTrees
18:54:12.189     1,397s       6ms  20172    [AsyncGameResLoader MainTh] [UpdateStateIdle] GenTextures RT = rxTrees Stage = lsGenOverload
18:54:12.195     1,403s       6ms  20172    [AsyncGameResLoader MainTh] [UpdateStateIdle] DONE
18:54:12.202     1,410s       7ms   1352    [AsyncGameResLoader Thread] RT = rxHouses Stage = lsLoad
18:54:12.209     1,417s       7ms   1352    [AsyncGameResLoader Thread] Start Load RXX 'Houses.rxx'
18:54:12.215     1,423s       6ms   1352    Load Sprites started
18:54:12.221     1,430s       7ms   1352    Houses - 2709
                                      Loading campaign images.rxx for TPR
18:54:12.235     1,443s      13ms   7596    Custom - 1
                                      Loading campaign images.rxx for TSK
18:54:12.286     1,494s      51ms   7596    Custom - 1
                                      Loading campaign images.rxx for TUA
18:54:12.323     1,531s      37ms   7596    Custom - 1
18:54:12.410     1,619s      88ms   1352    Load Sprites Done
                                      Loading campaign images.rxx for TMR
18:54:12.472     1,680s      61ms   7596    Custom - 1
18:54:12.542     1,750s      70ms   1352    [AsyncGameResLoader Thread] DONE Load RXX 'Houses.rxa'
18:54:12.557     1,765s      15ms  20172    [AsyncGameResLoader MainTh] [UpdateStateIdle] GenTextures RT = rxHouses Stage = lsGenMain
18:54:12.570     1,778s      13ms  20172    [AsyncGameResLoader MainTh] [UpdateStateIdle] DONE
18:54:12.578     1,786s       8ms   1352    [AsyncGameResLoader Thread] RT = rxHouses Stage = lsOverload
18:54:12.585     1,793s       7ms   1352    [AsyncGameResLoader Thread] OverloadFromFolder RT = rxHouses
18:54:12.693     1,902s     109ms   1352    [AsyncGameResLoader Thread] DONE OverloadFromFolder RT = rxHouses
18:54:12.700     1,909s       7ms  20172    [AsyncGameResLoader MainTh] [UpdateStateIdle] GenTextures RT = rxHouses Stage = lsGenOverload
18:54:12.706     1,915s       6ms  20172    [AsyncGameResLoader MainTh] [UpdateStateIdle] DONE
18:54:12.713     1,921s       6ms   1352    [AsyncGameResLoader Thread] RT = rxUnits Stage = lsLoad
18:54:12.719     1,927s       6ms   1352    [AsyncGameResLoader Thread] Start Load RXX 'Units.rxx'
18:54:12.725     1,933s       6ms   1352    Load Sprites started
18:54:12.731     1,939s       5ms   1352    Units - 14845
18:54:13.512     2,720s     781ms   1352    Load Sprites Done
18:54:14.592     3,800s    1080ms   1352    [AsyncGameResLoader Thread] DONE Load RXX 'Units.rxa'
18:54:14.606     3,814s      14ms  20172    [AsyncGameResLoader MainTh] [UpdateStateIdle] GenTextures RT = rxUnits Stage = lsGenMain
18:54:14.683     3,891s      76ms  20172    [AsyncGameResLoader MainTh] [UpdateStateIdle] DONE
18:54:14.691     3,899s       8ms   1352    [AsyncGameResLoader Thread] RT = rxUnits Stage = lsOverload
18:54:14.697     3,906s       7ms   1352    [AsyncGameResLoader Thread] OverloadFromFolder RT = rxUnits
18:54:15.031     4,240s     334ms   1352    [AsyncGameResLoader Thread] DONE OverloadFromFolder RT = rxUnits
18:54:15.038     4,247s       7ms  20172    [AsyncGameResLoader MainTh] [UpdateStateIdle] GenTextures RT = rxUnits Stage = lsGenOverload
18:54:15.045     4,253s       6ms  20172    [AsyncGameResLoader Thread] Stopped
18:54:15.051     4,259s       6ms  20172    [AsyncGameResLoader MainTh] [UpdateStateIdle] DONE
                                      Loading campaign images.rxx for HKS
18:54:23.348    12,557s    8298ms  14976    Custom - 1
                                      Loading campaign images.rxx for KSN
18:54:23.438    12,646s      89ms  14976    Custom - 1
                                      Loading campaign images.rxx for KSO
18:54:23.498    12,706s      60ms  14976    Custom - 1
                                      Loading campaign images.rxx for KSU
18:54:23.566    12,775s      69ms  14976    Custom - 1
                                      Loading campaign images.rxx for OFL
18:54:23.616    12,824s      49ms  14976    Custom - 1
                                      Loading campaign images.rxx for OER
18:54:23.659    12,867s      43ms  14976    Custom - 1
                                      Loading campaign images.rxx for TBK
18:54:23.693    12,902s      35ms  14976    Custom - 1
                                      Loading campaign images.rxx for TPR
18:54:23.758    12,966s      64ms  14976    Custom - 1
                                      Loading campaign images.rxx for TSK
18:54:23.800    13,008s      42ms  14976    Custom - 1
                                      Loading campaign images.rxx for TUA
18:54:23.839    13,048s      40ms  14976    Custom - 1
                                      Loading campaign images.rxx for TMR
18:54:23.987    13,195s     147ms  14976    Custom - 1
                                      Loading campaign images.rxx for HKS
18:54:33.966    23,174s    9979ms  10064    Custom - 1
                                      Loading campaign images.rxx for KSN
18:54:34.038    23,246s      72ms  10064    Custom - 1
                                      Loading campaign images.rxx for KSO
18:54:34.107    23,315s      69ms  10064    Custom - 1
                                      Loading campaign images.rxx for KSU
18:54:34.166    23,374s      59ms  10064    Custom - 1
                                      Loading campaign images.rxx for OFL
18:54:34.215    23,423s      49ms  10064    Custom - 1
                                      Loading campaign images.rxx for OER
18:54:34.254    23,462s      39ms  10064    Custom - 1
                                      Loading campaign images.rxx for TBK
18:54:34.288    23,496s      34ms  10064    Custom - 1
                                      Loading campaign images.rxx for TPR
18:54:34.346    23,554s      58ms  10064    Custom - 1
                                      Loading campaign images.rxx for TSK
18:54:34.400    23,608s      54ms  10064    Custom - 1
                                      Loading campaign images.rxx for TUA
18:54:34.439    23,648s      40ms  10064    Custom - 1
                                      Loading campaign images.rxx for TMR
18:54:34.588    23,796s     148ms  10064    Custom - 1
18:55:47.932    97,140s   73344ms  20172    Saving dev settings to file 'kmr_dev.xml'
18:55:47.940    97,148s       7ms  20172    Stopping game application...
18:55:47.946    97,154s       6ms  20172    Start saving 'Server settings' to 'C:\Users\szyby\OneDrive\Dokumenty\My Games\Knights and Merchants Remake\KaM Remake Server Settings.ini'
01008298 KaM_Expansion.exe KM_Settings        106 TKMSettings.SaveToDefaultFile
0100836b KaM_Expansion.exe KM_Settings        113 TKMSettings.SaveToDefaultFile
01007fa4 KaM_Expansion.exe KM_Settings         65 TKMSettings.Destroy
01145b6e KaM_Expansion.exe KM_ServerSettings  117 TKMServerSettings.Destroy
00a6a764 KaM_Expansion.exe System              23 TObject.Free
00d38fbc KaM_Expansion.exe KromUtils          281 FreeThenNil
012122df KaM_Expansion.exe KM_GameApp         330 TKMGameApp.Destroy
00a6a764 KaM_Expansion.exe System              23 TObject.Free
00d38fbc KaM_Expansion.exe KromUtils          281 FreeThenNil
0121cf0d KaM_Expansion.exe KM_Main            376 TKMMain.Stop
0121cfec KaM_Expansion.exe KM_Main            405 TKMMain.Stop
0148895d KaM_Expansion.exe KM_FormMain       2212 TFormMain.FormClose
00ce2df7 KaM_Expansion.exe Vcl.Forms              TCustomForm.DoClose
00ce87e5 KaM_Expansion.exe Vcl.Forms              TCustomForm.Close
00ce7424 KaM_Expansion.exe Vcl.Forms              TCustomForm.WMClose
00c32cfa KaM_Expansion.exe Vcl.Controls           TControl.WndProc
00c37ec1 KaM_Expansion.exe Vcl.Controls           TWinControl.WndProc
00ce3a38 KaM_Expansion.exe Vcl.Forms              TCustomForm.WndProc
00ce3a53 KaM_Expansion.exe Vcl.Forms              TCustomForm.WndProc
01488449 KaM_Expansion.exe KM_FormMain       2051 TFormMain.WndProc

18:55:47.968    97,176s      22ms  20172    'Server settings' was successfully saved to 'C:\Users\szyby\OneDrive\Dokumenty\My Games\Knights and Merchants Remake\KaM Remake Server Settings.ini'
18:55:48.184    97,392s     216ms  20172    Start saving 'GameApp settings' to 'C:\Users\szyby\OneDrive\Dokumenty\My Games\Knights and Merchants Remake\KaM Remake Settings KingDyronMod.xml'
01008298 KaM_Expansion.exe KM_Settings         106 TKMSettings.SaveToDefaultFile
0100836b KaM_Expansion.exe KM_Settings         113 TKMSettings.SaveToDefaultFile
01007fa4 KaM_Expansion.exe KM_Settings          65 TKMSettings.Destroy
010086fe KaM_Expansion.exe KM_SettingsXML       44 TKMSettingsXML.Destroy
01008a2a KaM_Expansion.exe KM_GameAppSettings   57 TKMGameAppSettings.Destroy
00a6a764 KaM_Expansion.exe System               23 TObject.Free
00d38fbc KaM_Expansion.exe KromUtils           281 FreeThenNil
0121cf17 KaM_Expansion.exe KM_Main             378 TKMMain.Stop
0121cfec KaM_Expansion.exe KM_Main             405 TKMMain.Stop
0148895d KaM_Expansion.exe KM_FormMain        2212 TFormMain.FormClose
00ce2df7 KaM_Expansion.exe Vcl.Forms               TCustomForm.DoClose
00ce87e5 KaM_Expansion.exe Vcl.Forms               TCustomForm.Close
00ce7424 KaM_Expansion.exe Vcl.Forms               TCustomForm.WMClose
00c32cfa KaM_Expansion.exe Vcl.Controls            TControl.WndProc
00c37ec1 KaM_Expansion.exe Vcl.Controls            TWinControl.WndProc
00ce3a38 KaM_Expansion.exe Vcl.Forms               TCustomForm.WndProc
00ce3a53 KaM_Expansion.exe Vcl.Forms               TCustomForm.WndProc
01488449 KaM_Expansion.exe KM_FormMain        2051 TFormMain.WndProc
00c373cc KaM_Expansion.exe Vcl.Controls            TWinControl.MainWndProc
00c373e7 KaM_Expansion.exe Vcl.Controls            TWinControl.MainWndProc

18:55:48.200    97,408s      16ms  20172    'GameApp settings' was successfully saved to 'C:\Users\szyby\OneDrive\Dokumenty\My Games\Knights and Merchants Remake\KaM Remake Settings KingDyronMod.xml'
