   Timestamp    Elapsed     Delta  Thread    Description
========================
    Date: 2025.01.05
========================
13:13:36.396     0,006s       6ms  19112    Log is up and running. Game version: KaM Expansion: Co-op & World Update
13:13:36.403     0,013s       7ms  19112    Game Load started
13:13:36.413     0,023s      10ms  19112    Start loading 'GameApp settings' from 'C:\Users\szyby\OneDrive\Dokumenty\My Games\Knights and Merchants Remake\KaM Remake Settings KingDyronMod.xml'
13:13:36.418     0,029s       6ms  19112    'GameApp settings' was successfully loaded from 'C:\Users\szyby\OneDrive\Dokumenty\My Games\Knights and Merchants Remake\KaM Remake Settings KingDyronMod.xml'
13:13:36.437     0,047s       6ms  19112    Start saving 'GameApp settings' to 'C:\Users\szyby\OneDrive\Dokumenty\My Games\Knights and Merchants Remake\KaM Remake Settings KingDyronMod.xml'
014b8298 KaM_Expansion.exe KM_Settings        106 TKMSettings.SaveToDefaultFile
014b836b KaM_Expansion.exe KM_Settings        113 TKMSettings.SaveToDefaultFile
014b7f69 KaM_Expansion.exe KM_Settings         59 TKMSettings.Create
014b86a6 KaM_Expansion.exe KM_SettingsXML      38 TKMSettingsXML.Create
014b89e7 KaM_Expansion.exe KM_GameAppSettings  51 TKMGameAppSettings.Create
016ccffc KaM_Expansion.exe KM_Main            258 TKMMain.Start
016cd26b KaM_Expansion.exe KM_Main            305 TKMMain.Start
0194db2b KaM_Expansion.exe KaM_Expansion      480 initialization
0194db5a KaM_Expansion.exe KaM_Expansion      483 initialization
76c97ba7 KERNEL32.DLL                             BaseThreadInitThunk

13:13:36.476     0,086s      39ms  19112    'GameApp settings' was successfully saved to 'C:\Users\szyby\OneDrive\Dokumenty\My Games\Knights and Merchants Remake\KaM Remake Settings KingDyronMod.xml'
13:13:36.564     0,174s      88ms  19112    Start loading 'Server settings' from 'C:\Users\szyby\OneDrive\Dokumenty\My Games\Knights and Merchants Remake\KaM Remake Server Settings.ini'
13:13:36.573     0,183s       9ms  19112    'Server settings' was successfully loaded from 'C:\Users\szyby\OneDrive\Dokumenty\My Games\Knights and Merchants Remake\KaM Remake Server Settings.ini'
13:13:36.579     0,190s       7ms  19112    Start saving 'Server settings' to 'C:\Users\szyby\OneDrive\Dokumenty\My Games\Knights and Merchants Remake\KaM Remake Server Settings.ini'
014b8298 KaM_Expansion.exe KM_Settings       106 TKMSettings.SaveToDefaultFile
014b836b KaM_Expansion.exe KM_Settings       113 TKMSettings.SaveToDefaultFile
014b7f69 KaM_Expansion.exe KM_Settings        59 TKMSettings.Create
015f62a8 KaM_Expansion.exe KM_ServerSettings 109 TKMServerSettings.Create
016c23b0 KaM_Expansion.exe KM_GameApp        213 TKMGameApp.Create
016c2802 KaM_Expansion.exe KM_GameApp        295 TKMGameApp.Create
016ce272 KaM_Expansion.exe KM_Main           635 TKMMain.ReinitRender
016ce47e KaM_Expansion.exe KM_Main           689 TKMMain.ReinitRender
016cd112 KaM_Expansion.exe KM_Main           281 TKMMain.Start
016cd26b KaM_Expansion.exe KM_Main           305 TKMMain.Start
0194db2b KaM_Expansion.exe KaM_Expansion     480 initialization
0194db5a KaM_Expansion.exe KaM_Expansion     483 initialization
76c97ba7 KERNEL32.DLL                            BaseThreadInitThunk

13:13:36.592     0,202s      12ms  19112    'Server settings' was successfully saved to 'C:\Users\szyby\OneDrive\Dokumenty\My Games\Knights and Merchants Remake\KaM Remake Server Settings.ini'
13:13:36.598     0,209s       7ms  19112    Init Render started
13:13:36.728     0,339s     130ms  19112    GL_MAX_TEXTURE_SIZE = 32768
13:13:36.736     0,347s       8ms  19112    GL_MAX_VIEWPORT_DIM = 32768
                                      OpenGL Vendor: NVIDIA Corporation
                                      OpenGL Renderer: NVIDIA GeForce RTX 3060 Ti/PCIe/SSE2
                                      OpenGL Version: 4.6.0 NVIDIA 560.94
13:13:36.763     0,373s      26ms  19112    Init Render Done
13:13:36.769     0,379s       6ms  19112    Resource loading state - None
13:13:36.776     0,386s       6ms  19112    Reading palettes ... done
13:13:36.798     0,409s      21ms  19112    Reading GUI.rx
13:13:36.805     0,416s       7ms  19112    Load Sprites started
13:13:36.812     0,422s       6ms  19112    GUI - 966
13:13:36.871     0,482s      60ms  19112    Load Sprites Done
13:13:36.907     0,518s      36ms  19112    Reading GUIMain.rx
13:13:36.914     0,524s       6ms  19112    Load Sprites started
13:13:36.920     0,531s       7ms  19112    GUIMain - 105
13:13:36.973     0,583s      51ms  19112    Load Sprites Done
13:13:37.025     0,636s      53ms  19112    Reading Tileset.rx
13:13:37.032     0,642s       6ms  19112    Load Sprites started
13:13:37.039     0,649s       7ms  19112    Tileset - 5449
13:13:37.303     0,913s     264ms  19112    Load Sprites Done
13:13:37.310     0,920s       7ms  19112    GenerateTerrainTransitions started. Legacy = False
13:13:37.316     0,926s       6ms  19112    TexId = 5451 GenTilesCnt = 2100
13:13:37.324     0,934s       8ms  19112    TexId = 6051; TexId - fGenTexIdStartI = 600; uniqueTex = 600; totalTex = 1350
13:13:37.331     0,941s       7ms  19112    GeneratedMasks cnt = 20
13:13:37.336     0,946s       5ms  19112    GenerateTerrainTransitions Done
13:13:37.342     0,952s       6ms  19112    GenerateTerrainTransitions started. Legacy = True
13:13:37.349     0,959s       6ms  19112    Legacy: TexId = 4999 GenTilesCntTemp = 2030
13:13:37.355     0,965s       6ms  19112    TexId = 5463; TexId - fGenTexIdStartILegacy = 464; uniqueTex = 464; totalTex = 1044
13:13:37.361     0,971s       6ms  19112    GeneratedMasks cnt = 16
13:13:37.367     0,977s       6ms  19112    GenerateTerrainTransitions Done
13:13:37.691     1,301s     324ms  19112    Load font started
13:13:37.778     1,389s      88ms  19112    Font load took 88ms
13:13:37.784     1,395s       6ms  19112    Read fonts is done
13:13:37.816     1,426s      31ms  19112    ReadGFX is done
13:13:37.823     1,434s       8ms  19112    Resource loading state - Menu
13:13:37.843     1,454s      20ms  13812    OpenAL init started
13:13:37.876     1,486s      32ms  19112    Music init done, 24 tracks found
                                      Loading campaign images.rxx for HKS
13:13:37.905     1,516s      30ms  14972    Custom - 1
13:13:37.913     1,523s       7ms  13812    Pre-LoadSFX init ... done
13:13:37.919     1,530s       7ms  13812    ALC_MONO_SOURCES 255
13:13:37.925     1,536s       6ms  13812    ALC_STEREO_SOURCES 1
13:13:37.933     1,543s       6ms  19112    Main menu init done
13:13:37.939     1,550s       7ms  13812    OpenAL init done
13:13:37.975     1,585s      35ms  19112    Check game folder 'E:\programowanie\projekty delphi\kam_expansion\' generic permissions: READ: granted; WRITE: granted; EXECUTE: granted; folder is writable: 
13:13:37.980     1,591s       6ms  19112    LoadGameResources ... AlphaShadows: True. Forced: True
13:13:37.987     1,597s       5ms  19112    TKMResSprites.LoadGameResources
13:13:37.993     1,603s       6ms  19112    [AsyncGameResLoader Thread] Started
13:13:38.000     1,610s       6ms  19112    Resource loading state - Game
13:13:38.006     1,616s       6ms  19112    ToggleFullscreen
13:13:38.012     1,623s       7ms  19112    Form Width/Height: 1040:782
13:13:38.018     1,629s       6ms  19112    Panel Width/Height: 1024:743
13:13:38.025     1,636s       7ms  19340    [AsyncGameResLoader Thread] RT = rxTrees Stage = lsLoad
13:13:38.033     1,643s       7ms  19340    [AsyncGameResLoader Thread] Start Load RXX 'Trees.rxx'
13:13:38.039     1,650s       7ms  19340    Load Sprites started
13:13:38.048     1,659s       9ms  19340    Trees - 1216
                                      Loading campaign images.rxx for KSN
13:13:38.065     1,675s      16ms  14972    Custom - 1
13:13:38.072     1,683s       8ms  19112    Saving dev settings to file 'kmr_dev.xml'
13:13:38.122     1,732s      48ms  19112    Saving dev settings to file 'kmr_dev.xml'
13:13:38.135     1,745s      13ms  19112    Game Load Done in 1777
                                      Loading campaign images.rxx for KSO
13:13:38.156     1,766s      21ms  14972    Custom - 1
                                      Loading campaign images.rxx for KSU
13:13:38.212     1,822s      56ms  14972    Custom - 1
                                      Loading campaign images.rxx for OFL
13:13:38.261     1,882s      59ms  14972    Custom - 1
13:13:38.279     1,889s       7ms  19340    Load Sprites Done
                                      Loading campaign images.rxx for OER
13:13:38.312     1,922s      33ms  14972    Custom - 1
                                      Loading campaign images.rxx for TBK
13:13:38.353     1,964s      42ms  14972    Custom - 1
13:13:38.374     1,985s      21ms  19340    [AsyncGameResLoader Thread] DONE Load RXX 'Trees.rxa'
13:13:38.385     1,995s       9ms  19112    [AsyncGameResLoader MainTh] [UpdateStateIdle] GenTextures RT = rxTrees Stage = lsGenMain
13:13:38.398     2,008s      13ms  19112    [AsyncGameResLoader MainTh] [UpdateStateIdle] DONE
13:13:38.405     2,015s       7ms  19340    [AsyncGameResLoader Thread] RT = rxTrees Stage = lsOverload
13:13:38.411     2,022s       7ms  19340    [AsyncGameResLoader Thread] OverloadFromFolder RT = rxTrees
                                      Loading campaign images.rxx for TPR
13:13:38.425     2,036s      14ms  14972    Custom - 1
13:13:38.431     2,042s       6ms  19340    [AsyncGameResLoader Thread] DONE OverloadFromFolder RT = rxTrees
13:13:38.439     2,049s       7ms  19112    [AsyncGameResLoader MainTh] [UpdateStateIdle] GenTextures RT = rxTrees Stage = lsGenOverload
13:13:38.445     2,055s       6ms  19112    [AsyncGameResLoader MainTh] [UpdateStateIdle] DONE
13:13:38.453     2,063s       8ms  19340    [AsyncGameResLoader Thread] RT = rxHouses Stage = lsLoad
13:13:38.460     2,070s       7ms  19340    [AsyncGameResLoader Thread] Start Load RXX 'Houses.rxx'
13:13:38.466     2,076s       6ms  19340    Load Sprites started
                                      Loading campaign images.rxx for TSK
13:13:38.479     2,089s      13ms  19340    Houses - 2709
13:13:38.486     2,096s       7ms  14972    Custom - 1
                                      Loading campaign images.rxx for TUA
13:13:38.521     2,131s      35ms  14972    Custom - 1
                                      Loading campaign images.rxx for TMR
13:13:38.679     2,290s     159ms  14972    Custom - 1
13:13:38.883     2,493s     203ms  19340    Load Sprites Done
13:13:39.020     2,630s     137ms  19340    [AsyncGameResLoader Thread] DONE Load RXX 'Houses.rxa'
13:13:39.034     2,644s      14ms  19112    [AsyncGameResLoader MainTh] [UpdateStateIdle] GenTextures RT = rxHouses Stage = lsGenMain
13:13:39.050     2,660s      16ms  19112    [AsyncGameResLoader MainTh] [UpdateStateIdle] DONE
13:13:39.057     2,667s       7ms  19340    [AsyncGameResLoader Thread] RT = rxHouses Stage = lsOverload
13:13:39.063     2,674s       7ms  19340    [AsyncGameResLoader Thread] OverloadFromFolder RT = rxHouses
13:13:39.174     2,785s     111ms  19340    [AsyncGameResLoader Thread] DONE OverloadFromFolder RT = rxHouses
13:13:39.185     2,795s      10ms  19112    [AsyncGameResLoader MainTh] [UpdateStateIdle] GenTextures RT = rxHouses Stage = lsGenOverload
13:13:39.192     2,803s       8ms  19112    [AsyncGameResLoader MainTh] [UpdateStateIdle] DONE
13:13:39.198     2,808s       5ms  19340    [AsyncGameResLoader Thread] RT = rxUnits Stage = lsLoad
13:13:39.205     2,815s       7ms  19340    [AsyncGameResLoader Thread] Start Load RXX 'Units.rxx'
13:13:39.211     2,822s       7ms  19340    Load Sprites started
13:13:39.219     2,829s       7ms  19340    Units - 14845
13:13:42.240     5,850s    3021ms  19340    Load Sprites Done
13:13:43.443     7,053s    1203ms  19340    [AsyncGameResLoader Thread] DONE Load RXX 'Units.rxa'
13:13:43.451     7,061s       8ms  19112    [AsyncGameResLoader MainTh] [UpdateStateIdle] GenTextures RT = rxUnits Stage = lsGenMain
13:13:43.527     7,138s      77ms  19112    [AsyncGameResLoader MainTh] [UpdateStateIdle] DONE
13:13:43.535     7,146s       8ms  19340    [AsyncGameResLoader Thread] RT = rxUnits Stage = lsOverload
13:13:43.543     7,153s       7ms  19340    [AsyncGameResLoader Thread] OverloadFromFolder RT = rxUnits
13:13:43.878     7,488s     335ms  19340    [AsyncGameResLoader Thread] DONE OverloadFromFolder RT = rxUnits
13:13:43.888     7,499s      11ms  19112    [AsyncGameResLoader MainTh] [UpdateStateIdle] GenTextures RT = rxUnits Stage = lsGenOverload
13:13:43.894     7,505s       6ms  19112    [AsyncGameResLoader Thread] Stopped
13:13:43.902     7,512s       7ms  19112    [AsyncGameResLoader MainTh] [UpdateStateIdle] DONE
                                      Loading campaign images.rxx for HKS
13:14:02.606    26,216s   18704ms   2676    Custom - 1
                                      Loading campaign images.rxx for KSN
13:14:02.720    26,330s     114ms   2676    Custom - 1
                                      Loading campaign images.rxx for KSO
13:14:02.778    26,388s      58ms   2676    Custom - 1
                                      Loading campaign images.rxx for KSU
13:14:02.833    26,444s      56ms   2676    Custom - 1
                                      Loading campaign images.rxx for OFL
13:14:02.885    26,496s      52ms   2676    Custom - 1
                                      Loading campaign images.rxx for OER
13:14:02.939    26,549s      53ms   2676    Custom - 1
                                      Loading campaign images.rxx for TBK
13:14:02.981    26,591s      42ms   2676    Custom - 1
                                      Loading campaign images.rxx for TPR
13:14:03.040    26,651s      60ms   2676    Custom - 1
                                      Loading campaign images.rxx for TSK
13:14:03.094    26,705s      54ms   2676    Custom - 1
                                      Loading campaign images.rxx for TUA
13:14:03.133    26,743s      38ms   2676    Custom - 1
                                      Loading campaign images.rxx for TMR
13:14:03.284    26,894s     151ms   2676    Custom - 1
13:14:06.967    30,578s    3684ms  19112    LoadGameResources ... AlphaShadows: True. Forced: False
13:14:06.976    30,586s       8ms  19112    Resource loading state - Game
13:14:07.001    30,611s      25ms  19112    Saving dev settings to file 'kmr_dev.xml'
13:14:07.043    30,653s      42ms  19112    <== Game creation is done ==>
13:14:07.051    30,661s       6ms  19112    GameStart
13:14:07.056    30,666s       5ms  19112    Loading DAT file: E:\programowanie\projekty delphi\kam_expansion\Maps\2.Economy\2.Economy.dat
13:14:07.062    30,673s       7ms  19112    Loading map file: E:\programowanie\projekty delphi\kam_expansion\Maps\2.Economy\2.Economy.map
13:14:07.073    30,683s      10ms  19112    Map file loaded
13:14:07.226    30,836s     153ms  19112    Gameplay recording initialized ... done
13:14:07.233    30,844s       8ms  19112    Game options: PT = 0; SpeedPT = 1; SpeedAfterPT = 1; Seed = 0; Difficulty = mdNone
13:14:07.239    30,850s       6ms  19112    Gameplay initialized ... done
13:14:07.244    30,855s       5ms  19112    After game start
13:14:07.251    30,861s       6ms  19112    Set game seed: 1519797899
13:14:07.256    30,866s       5ms  19112    After game start ... done
13:18:23.906   287,517s  256651ms  19112    Saving from map editor: E:\programowanie\projekty delphi\kam_expansion\Maps\2.Economy\2.Economy.dat
                                      Loading campaign images.rxx for HKS
13:18:26.197   289,808s    2291ms   2728    Custom - 1
13:18:26.213   289,823s      15ms  19112    Gameplay ended - grMapEdEnd /
                                      Loading campaign images.rxx for KSN
13:18:26.285   289,896s      73ms   2728    Custom - 1
                                      Loading campaign images.rxx for KSO
13:18:26.345   289,955s      59ms   2728    Custom - 1
                                      Loading campaign images.rxx for KSU
13:18:26.412   290,022s      67ms   2728    Custom - 1
                                      Loading campaign images.rxx for OFL
13:18:26.462   290,072s      50ms   2728    Custom - 1
                                      Loading campaign images.rxx for OER
13:18:26.501   290,112s      40ms   2728    Custom - 1
                                      Loading campaign images.rxx for TBK
13:18:26.536   290,146s      34ms   2728    Custom - 1
                                      Loading campaign images.rxx for TPR
13:18:26.587   290,197s      51ms   2728    Custom - 1
                                      Loading campaign images.rxx for TSK
13:18:26.629   290,239s      42ms   2728    Custom - 1
                                      Loading campaign images.rxx for TUA
13:18:26.660   290,271s      32ms   2728    Custom - 1
                                      Loading campaign images.rxx for TMR
13:18:26.823   290,433s     162ms   2728    Custom - 1
13:18:27.251   290,862s     429ms  19112    LoadGameResources ... AlphaShadows: True. Forced: False
13:18:27.258   290,869s       7ms  19112    Resource loading state - Game
13:18:27.285   290,895s      26ms  19112    Saving dev settings to file 'kmr_dev.xml'
13:18:27.327   290,938s      43ms  19112    <== Game creation is done ==>
13:18:27.335   290,945s       7ms  19112    GameStart
13:18:27.340   290,951s       6ms  19112    Loading DAT file: E:\programowanie\projekty delphi\kam_expansion\Maps\3.Army\3.Army.dat
13:18:27.346   290,957s       6ms  19112    Loading map file: E:\programowanie\projekty delphi\kam_expansion\Maps\3.Army\3.Army.map
13:18:27.356   290,966s       9ms  19112    Map file loaded
13:18:27.509   291,119s     153ms  19112    Gameplay recording initialized ... done
13:18:27.515   291,125s       6ms  19112    Game options: PT = 0; SpeedPT = 1; SpeedAfterPT = 1; Seed = 0; Difficulty = mdNone
13:18:27.522   291,132s       7ms  19112    Gameplay initialized ... done
13:18:27.527   291,137s       5ms  19112    After game start
13:18:27.533   291,144s       7ms  19112    Set game seed: 119904700
13:18:27.540   291,150s       6ms  19112    After game start ... done
13:19:01.715   325,326s   34176ms  19112    Saving from map editor: E:\programowanie\projekty delphi\kam_expansion\Maps\3.Army\3.Army.dat
                                      Loading campaign images.rxx for HKS
13:19:39.478   363,088s   37762ms  14476    Custom - 1
13:19:39.483   363,094s       6ms  19112    Gameplay ended - grMapEdEnd /
                                      Loading campaign images.rxx for KSN
13:19:39.550   363,160s      66ms  14476    Custom - 1
                                      Loading campaign images.rxx for KSO
13:19:39.620   363,230s      70ms  14476    Custom - 1
                                      Loading campaign images.rxx for KSU
13:19:39.692   363,303s      73ms  14476    Custom - 1
                                      Loading campaign images.rxx for OFL
13:19:39.753   363,363s      60ms  14476    Custom - 1
                                      Loading campaign images.rxx for OER
13:19:39.805   363,415s      52ms  14476    Custom - 1
                                      Loading campaign images.rxx for TBK
13:19:39.850   363,460s      45ms  14476    Custom - 1
                                      Loading campaign images.rxx for TPR
13:19:39.914   363,524s      64ms  14476    Custom - 1
                                      Loading campaign images.rxx for TSK
13:19:39.966   363,576s      52ms  14476    Custom - 1
                                      Loading campaign images.rxx for TUA
13:19:39.998   363,608s      32ms  14476    Custom - 1
                                      Loading campaign images.rxx for TMR
13:19:40.147   363,758s     150ms  14476    Custom - 1
13:19:47.051   370,662s    6904ms  19112    LoadGameResources ... AlphaShadows: True. Forced: False
13:19:47.058   370,669s       7ms  19112    Resource loading state - Game
13:19:47.085   370,695s      26ms  19112    Saving dev settings to file 'kmr_dev.xml'
13:19:47.127   370,738s      43ms  19112    <== Game creation is done ==>
13:19:47.134   370,744s       6ms  19112    GameStart
13:19:47.141   370,751s       7ms  19112    Loading DAT file: E:\programowanie\projekty delphi\kam_expansion\Maps\3.Army\3.Army.dat
13:19:47.147   370,757s       6ms  19112    Loading map file: E:\programowanie\projekty delphi\kam_expansion\Maps\3.Army\3.Army.map
13:19:47.155   370,765s       8ms  19112    Map file loaded
13:19:47.306   370,917s     152ms  19112    Gameplay recording initialized ... done
13:19:47.313   370,923s       6ms  19112    Game options: PT = 0; SpeedPT = 1; SpeedAfterPT = 1; Seed = 0; Difficulty = mdNone
13:19:47.318   370,929s       6ms  19112    Gameplay initialized ... done
13:19:47.324   370,935s       6ms  19112    After game start
13:19:47.330   370,941s       6ms  19112    Set game seed: 61804883
13:19:47.336   370,947s       6ms  19112    After game start ... done
13:37:20.960  1424,570s 1053623ms  19112    Saving from map editor: E:\programowanie\projekty delphi\kam_expansion\Maps\3.Army\3.Army.dat
13:37:22.344  1425,954s    1383ms  19112    Start saving 'GameApp settings' to 'C:\Users\szyby\OneDrive\Dokumenty\My Games\Knights and Merchants Remake\KaM Remake Settings KingDyronMod.xml'
014b8298 KaM_Expansion.exe KM_Settings            106 TKMSettings.SaveToDefaultFile
014b836b KaM_Expansion.exe KM_Settings            113 TKMSettings.SaveToDefaultFile
014b84b4 KaM_Expansion.exe KM_Settings            126 TKMSettings.SaveSettings
014bdeb4 KaM_Expansion.exe KM_GUICommonOptions   1104 TKMGUICommonOptions.BackClick
018d16d9 KaM_Expansion.exe KM_Controls           1242 TKMControl.DoClick
018cfcdc KaM_Expansion.exe KM_Controls            690 TKMControl.MouseUp
018c7d06 KaM_Expansion.exe KM_ControlsBase        805 TKMButton.MouseUp
018d3dcd KaM_Expansion.exe KM_Controls           2274 TKMMasterControl.MouseUp
01579d3d KaM_Expansion.exe KM_InterfaceMapEditor 1725 TKMMapEdInterface.MouseUp
016c3612 KaM_Expansion.exe KM_GameApp             557 TKMGameApp.MouseUp
0193114c KaM_Expansion.exe KM_FormMain            697 TFormMain.RenderAreaMouseUp
010e3644 KaM_Expansion.exe Vcl.Controls               TControl.MouseUp
010e3684 KaM_Expansion.exe Vcl.Controls               TControl.DoMouseUp
010e3712 KaM_Expansion.exe Vcl.Controls               TControl.WMLButtonUp
010e2cfa KaM_Expansion.exe Vcl.Controls               TControl.WndProc
010e7ec1 KaM_Expansion.exe Vcl.Controls               TWinControl.WndProc
010e73cc KaM_Expansion.exe Vcl.Controls               TWinControl.MainWndProc
010e73e7 KaM_Expansion.exe Vcl.Controls               TWinControl.MainWndProc
01050c30 KaM_Expansion.exe System.Classes             StdWndProc
75e23ba2 USER32.dll                                   CallWindowProcW

13:37:22.359  1425,969s      15ms  19112    'GameApp settings' was successfully saved to 'C:\Users\szyby\OneDrive\Dokumenty\My Games\Knights and Merchants Remake\KaM Remake Settings KingDyronMod.xml'
                                      Loading campaign images.rxx for HKS
13:37:23.355  1426,965s     996ms   8996    Custom - 1
13:37:23.362  1426,972s       7ms  19112    Gameplay ended - grMapEdEnd /
                                      Loading campaign images.rxx for KSN
13:37:23.431  1427,042s      70ms   8996    Custom - 1
                                      Loading campaign images.rxx for KSO
13:37:23.490  1427,100s      58ms   8996    Custom - 1
                                      Loading campaign images.rxx for KSU
13:37:23.570  1427,180s      80ms   8996    Custom - 1
                                      Loading campaign images.rxx for OFL
13:37:23.624  1427,234s      54ms   8996    Custom - 1
                                      Loading campaign images.rxx for OER
13:37:23.675  1427,286s      52ms   8996    Custom - 1
                                      Loading campaign images.rxx for TBK
13:37:23.720  1427,330s      43ms   8996    Custom - 1
                                      Loading campaign images.rxx for TPR
13:37:23.780  1427,390s      60ms   8996    Custom - 1
                                      Loading campaign images.rxx for TSK
13:37:23.845  1427,456s      66ms   8996    Custom - 1
                                      Loading campaign images.rxx for TUA
13:37:23.888  1427,498s      42ms   8996    Custom - 1
                                      Loading campaign images.rxx for TMR
13:37:24.038  1427,648s     150ms   8996    Custom - 1
13:38:03.805  1467,416s   39768ms  19112    LoadGameResources ... AlphaShadows: True. Forced: False
13:38:03.813  1467,423s       7ms  19112    Resource loading state - Game
13:38:03.839  1467,449s      26ms  19112    Saving dev settings to file 'kmr_dev.xml'
13:38:03.881  1467,491s      42ms  19112    <== Game creation is done ==>
13:38:03.888  1467,499s       8ms  19112    GameStart
13:38:03.895  1467,505s       5ms  19112    Loading DAT file: E:\programowanie\projekty delphi\kam_expansion\Maps\4.Defense\4.Defense.dat
13:38:03.901  1467,511s       6ms  19112    Loading map file: E:\programowanie\projekty delphi\kam_expansion\Maps\4.Defense\4.Defense.map
13:38:03.909  1467,519s       8ms  19112    Map file loaded
13:38:04.076  1467,687s     168ms  19112    Gameplay recording initialized ... done
13:38:04.084  1467,694s       7ms  19112    Game options: PT = 0; SpeedPT = 1; SpeedAfterPT = 1; Seed = 0; Difficulty = mdNone
13:38:04.090  1467,700s       6ms  19112    Gameplay initialized ... done
13:38:04.096  1467,706s       6ms  19112    After game start
13:38:04.103  1467,713s       6ms  19112    Set game seed: 1650349840
13:38:04.109  1467,719s       6ms  19112    After game start ... done
13:57:20.764  2624,375s 1156656ms  19112    Saving from map editor: E:\programowanie\projekty delphi\kam_expansion\Maps\4.Defense\4.Defense.dat
13:57:43.272  2646,882s   22507ms  19112    Saving from map editor: E:\programowanie\projekty delphi\kam_expansion\Maps\4.Defense\4.Defense.dat
                                      Loading campaign images.rxx for HKS
13:57:44.403  2648,013s    1131ms   8952    Custom - 1
13:57:44.410  2648,020s       7ms  19112    Gameplay ended - grMapEdEnd /
                                      Loading campaign images.rxx for KSN
13:57:44.481  2648,091s      71ms   8952    Custom - 1
                                      Loading campaign images.rxx for KSO
13:57:44.557  2648,167s      76ms   8952    Custom - 1
                                      Loading campaign images.rxx for KSU
13:57:44.637  2648,248s      81ms   8952    Custom - 1
                                      Loading campaign images.rxx for OFL
13:57:44.695  2648,305s      57ms   8952    Custom - 1
                                      Loading campaign images.rxx for OER
13:57:44.747  2648,357s      52ms   8952    Custom - 1
                                      Loading campaign images.rxx for TBK
13:57:44.790  2648,400s      43ms   8952    Custom - 1
                                      Loading campaign images.rxx for TPR
13:57:44.850  2648,460s      60ms   8952    Custom - 1
                                      Loading campaign images.rxx for TSK
13:57:44.903  2648,514s      54ms   8952    Custom - 1
                                      Loading campaign images.rxx for TUA
13:57:44.959  2648,570s      56ms   8952    Custom - 1
                                      Loading campaign images.rxx for TMR
13:57:45.107  2648,717s     147ms   8952    Custom - 1
13:57:46.327  2649,937s    1220ms  19112    LoadGameResources ... AlphaShadows: True. Forced: False
13:57:46.337  2649,948s      11ms  19112    Resource loading state - Game
13:57:46.360  2649,970s      22ms  19112    Saving dev settings to file 'kmr_dev.xml'
13:57:46.402  2650,012s      42ms  19112    <== Game creation is done ==>
13:57:46.409  2650,019s       6ms  19112    GameStart
13:57:46.415  2650,025s       5ms  19112    Loading DAT file: E:\programowanie\projekty delphi\kam_expansion\Maps\5.Siege machines\5.Siege machines.dat
13:57:46.421  2650,031s       6ms  19112    Loading map file: E:\programowanie\projekty delphi\kam_expansion\Maps\5.Siege machines\5.Siege machines.map
13:57:46.428  2650,038s       7ms  19112    Map file loaded
13:57:46.575  2650,185s     147ms  19112    Gameplay recording initialized ... done
13:57:46.582  2650,193s       8ms  19112    Game options: PT = 0; SpeedPT = 1; SpeedAfterPT = 1; Seed = 0; Difficulty = mdNone
13:57:46.595  2650,206s      13ms  19112    Gameplay initialized ... done
13:57:46.601  2650,211s       5ms  19112    After game start
13:57:46.607  2650,217s       6ms  19112    Set game seed: 884801208
13:57:46.613  2650,223s       6ms  19112    After game start ... done
14:08:16.683  3280,294s  630071ms  19112    Saving from map editor: E:\programowanie\projekty delphi\kam_expansion\Maps\5.Siege machines\5.Siege machines.dat
                                      Loading campaign images.rxx for HKS
14:08:19.086  3282,696s    2402ms   8556    Custom - 1
14:08:19.101  3282,711s      15ms  19112    Gameplay ended - grMapEdEnd /
                                      Loading campaign images.rxx for KSN
14:08:19.163  3282,774s      63ms   8556    Custom - 1
                                      Loading campaign images.rxx for KSO
14:08:19.233  3282,844s      70ms   8556    Custom - 1
                                      Loading campaign images.rxx for KSU
14:08:19.303  3282,913s      69ms   8556    Custom - 1
                                      Loading campaign images.rxx for OFL
14:08:19.370  3282,980s      67ms   8556    Custom - 1
                                      Loading campaign images.rxx for OER
14:08:19.415  3283,025s      45ms   8556    Custom - 1
                                      Loading campaign images.rxx for TBK
14:08:19.454  3283,064s      39ms   8556    Custom - 1
                                      Loading campaign images.rxx for TPR
14:08:19.516  3283,126s      62ms   8556    Custom - 1
                                      Loading campaign images.rxx for TSK
14:08:19.565  3283,175s      49ms   8556    Custom - 1
                                      Loading campaign images.rxx for TUA
14:08:19.597  3283,208s      33ms   8556    Custom - 1
                                      Loading campaign images.rxx for TMR
14:08:19.741  3283,351s     143ms   8556    Custom - 1
14:08:33.912  3297,522s   14171ms  19112    LoadGameResources ... AlphaShadows: True. Forced: False
14:08:33.923  3297,533s      11ms  19112    Resource loading state - Game
14:08:33.945  3297,555s      22ms  19112    Saving dev settings to file 'kmr_dev.xml'
14:08:33.987  3297,598s      43ms  19112    <== Game creation is done ==>
14:08:33.995  3297,605s       7ms  19112    GameStart
14:08:34.000  3297,611s       6ms  19112    Loading DAT file: E:\programowanie\projekty delphi\kam_expansion\Maps\6.Trading\6.Trading.dat
14:08:34.006  3297,617s       6ms  19112    Loading map file: E:\programowanie\projekty delphi\kam_expansion\Maps\6.Trading\6.Trading.map
14:08:34.012  3297,622s       5ms  19112    Map file loaded
14:08:34.165  3297,775s     153ms  19112    Gameplay recording initialized ... done
14:08:34.172  3297,782s       7ms  19112    Game options: PT = 0; SpeedPT = 1; SpeedAfterPT = 1; Seed = 0; Difficulty = mdNone
14:08:34.179  3297,789s       6ms  19112    Gameplay initialized ... done
14:08:34.184  3297,794s       5ms  19112    After game start
14:08:34.190  3297,800s       6ms  19112    Set game seed: 2064676357
14:08:34.195  3297,805s       5ms  19112    After game start ... done
14:21:18.701  4062,312s  764506ms  19112    Saving from map editor: E:\programowanie\projekty delphi\kam_expansion\Maps\6.Trading\6.Trading.dat
                                      Loading campaign images.rxx for HKS
14:21:20.946  4064,557s    2245ms  17640    Custom - 1
14:21:20.960  4064,571s      14ms  19112    Gameplay ended - grMapEdEnd /
                                      Loading campaign images.rxx for KSN
14:21:21.013  4064,623s      52ms  17640    Custom - 1
                                      Loading campaign images.rxx for KSO
14:21:21.074  4064,684s      61ms  17640    Custom - 1
                                      Loading campaign images.rxx for KSU
14:21:21.128  4064,739s      55ms  17640    Custom - 1
                                      Loading campaign images.rxx for OFL
14:21:21.176  4064,786s      47ms  17640    Custom - 1
                                      Loading campaign images.rxx for OER
14:21:21.217  4064,827s      41ms  17640    Custom - 1
                                      Loading campaign images.rxx for TBK
14:21:21.253  4064,863s      36ms  17640    Custom - 1
                                      Loading campaign images.rxx for TPR
14:21:21.305  4064,915s      52ms  17640    Custom - 1
                                      Loading campaign images.rxx for TSK
14:21:21.343  4064,953s      38ms  17640    Custom - 1
                                      Loading campaign images.rxx for TUA
14:21:21.379  4064,990s      37ms  17640    Custom - 1
                                      Loading campaign images.rxx for TMR
14:21:21.528  4065,139s     149ms  17640    Custom - 1
14:21:25.147  4068,758s    3619ms  19112    LoadGameResources ... AlphaShadows: True. Forced: False
14:21:25.155  4068,765s       6ms  19112    Resource loading state - Game
14:21:25.181  4068,792s      27ms  19112    Saving dev settings to file 'kmr_dev.xml'
14:21:25.224  4068,834s      42ms  19112    <== Game creation is done ==>
14:21:25.231  4068,841s       7ms  19112    GameStart
14:21:25.236  4068,846s       5ms  19112    Loading DAT file: E:\programowanie\projekty delphi\kam_expansion\Maps\7.Elite\7.Elite.dat
14:21:25.243  4068,853s       7ms  19112    Loading map file: E:\programowanie\projekty delphi\kam_expansion\Maps\7.Elite\7.Elite.map
14:21:25.249  4068,859s       6ms  19112    Map file loaded
14:21:25.405  4069,016s     157ms  19112    Gameplay recording initialized ... done
14:21:25.412  4069,022s       6ms  19112    Game options: PT = 0; SpeedPT = 1; SpeedAfterPT = 1; Seed = 0; Difficulty = mdNone
14:21:25.429  4069,040s       7ms  19112    Gameplay initialized ... done
14:21:25.435  4069,045s       5ms  19112    After game start
14:21:25.440  4069,050s       5ms  19112    Set game seed: 1644590269
14:21:25.446  4069,057s       7ms  19112    After game start ... done
14:22:14.064  4117,674s   48617ms  19112    Saving from map editor: E:\programowanie\projekty delphi\kam_expansion\Maps\7.Elite\7.Elite.dat
14:39:39.958  5163,568s 1045894ms  19112    Saving from map editor: E:\programowanie\projekty delphi\kam_expansion\Maps\7.Elite\7.Elite.dat
                                      Loading campaign images.rxx for HKS
14:39:46.103  5169,714s    6146ms  19024    Custom - 1
14:39:46.116  5169,727s      13ms  19112    Gameplay ended - grMapEdEnd /
                                      Loading campaign images.rxx for KSN
14:39:46.191  5169,801s      74ms  19024    Custom - 1
                                      Loading campaign images.rxx for KSO
14:39:46.250  5169,860s      59ms  19024    Custom - 1
                                      Loading campaign images.rxx for KSU
14:39:46.306  5169,916s      56ms  19024    Custom - 1
                                      Loading campaign images.rxx for OFL
14:39:46.360  5169,971s      55ms  19024    Custom - 1
                                      Loading campaign images.rxx for OER
14:39:46.401  5170,011s      40ms  19024    Custom - 1
                                      Loading campaign images.rxx for TBK
14:39:46.435  5170,046s      35ms  19024    Custom - 1
                                      Loading campaign images.rxx for TPR
14:39:46.489  5170,099s      53ms  19024    Custom - 1
                                      Loading campaign images.rxx for TSK
14:39:46.529  5170,139s      40ms  19024    Custom - 1
                                      Loading campaign images.rxx for TUA
14:39:46.562  5170,172s      33ms  19024    Custom - 1
                                      Loading campaign images.rxx for TMR
14:39:46.716  5170,327s     155ms  19024    Custom - 1
14:39:48.269  5171,879s    1552ms  19112    LoadGameResources ... AlphaShadows: True. Forced: False
14:39:48.279  5171,890s      11ms  19112    Resource loading state - Game
14:39:48.302  5171,913s      23ms  19112    Saving dev settings to file 'kmr_dev.xml'
14:39:48.344  5171,955s      42ms  19112    <== Game creation is done ==>
14:39:48.351  5171,961s       6ms  19112    GameStart
14:39:48.357  5171,968s       7ms  19112    Loading DAT file: E:\programowanie\projekty delphi\kam_expansion\Maps\8.Alternatives\8.Alternatives.dat
14:39:48.363  5171,974s       6ms  19112    Loading map file: E:\programowanie\projekty delphi\kam_expansion\Maps\8.Alternatives\8.Alternatives.map
14:39:48.372  5171,982s       8ms  19112    Map file loaded
14:39:48.527  5172,137s     155ms  19112    Gameplay recording initialized ... done
14:39:48.533  5172,144s       7ms  19112    Game options: PT = 0; SpeedPT = 1; SpeedAfterPT = 1; Seed = 0; Difficulty = mdNone
14:39:48.539  5172,149s       5ms  19112    Gameplay initialized ... done
14:39:48.544  5172,154s       5ms  19112    After game start
14:39:48.553  5172,164s      10ms  19112    Set game seed: 1779166364
14:39:48.559  5172,169s       5ms  19112    After game start ... done
14:42:46.878  5350,488s  178318ms  19112    Saving from map editor: E:\programowanie\projekty delphi\kam_expansion\Maps\8.Alternatives\8.Alternatives.dat
14:44:18.995  5442,605s   92117ms  19112    Saving from map editor: E:\programowanie\projekty delphi\kam_expansion\Maps\8.Alternatives\8.Alternatives.dat
14:45:05.088  5488,699s   46094ms  19112    Saving dev settings to file 'kmr_dev.xml'
14:45:05.831  5489,441s     742ms  19112    Stopping game application...
14:45:05.859  5489,469s      28ms  19112    Gameplay ended - grSilent /
14:45:05.866  5489,476s       7ms  19112    Start saving 'Server settings' to 'C:\Users\szyby\OneDrive\Dokumenty\My Games\Knights and Merchants Remake\KaM Remake Server Settings.ini'
014b8298 KaM_Expansion.exe KM_Settings        106 TKMSettings.SaveToDefaultFile
014b836b KaM_Expansion.exe KM_Settings        113 TKMSettings.SaveToDefaultFile
014b7fa4 KaM_Expansion.exe KM_Settings         65 TKMSettings.Destroy
015f62ee KaM_Expansion.exe KM_ServerSettings  117 TKMServerSettings.Destroy
00f1a764 KaM_Expansion.exe System              23 TObject.Free
011e8fbc KaM_Expansion.exe KromUtils          281 FreeThenNil
016c2a5f KaM_Expansion.exe KM_GameApp         330 TKMGameApp.Destroy
00f1a764 KaM_Expansion.exe System              23 TObject.Free
011e8fbc KaM_Expansion.exe KromUtils          281 FreeThenNil
016cd68d KaM_Expansion.exe KM_Main            376 TKMMain.Stop
016cd76c KaM_Expansion.exe KM_Main            405 TKMMain.Stop
01938491 KaM_Expansion.exe KM_FormMain       2212 TFormMain.FormClose
01192df7 KaM_Expansion.exe Vcl.Forms              TCustomForm.DoClose
011987e5 KaM_Expansion.exe Vcl.Forms              TCustomForm.Close
01197424 KaM_Expansion.exe Vcl.Forms              TCustomForm.WMClose
010e2cfa KaM_Expansion.exe Vcl.Controls           TControl.WndProc
010e7ec1 KaM_Expansion.exe Vcl.Controls           TWinControl.WndProc
01193a38 KaM_Expansion.exe Vcl.Forms              TCustomForm.WndProc
01193a53 KaM_Expansion.exe Vcl.Forms              TCustomForm.WndProc
01937f7d KaM_Expansion.exe KM_FormMain       2051 TFormMain.WndProc

14:45:05.890  5489,500s      24ms  19112    'Server settings' was successfully saved to 'C:\Users\szyby\OneDrive\Dokumenty\My Games\Knights and Merchants Remake\KaM Remake Server Settings.ini'
14:45:06.105  5489,715s     215ms  19112    Start saving 'GameApp settings' to 'C:\Users\szyby\OneDrive\Dokumenty\My Games\Knights and Merchants Remake\KaM Remake Settings KingDyronMod.xml'
014b8298 KaM_Expansion.exe KM_Settings         106 TKMSettings.SaveToDefaultFile
014b836b KaM_Expansion.exe KM_Settings         113 TKMSettings.SaveToDefaultFile
014b7fa4 KaM_Expansion.exe KM_Settings          65 TKMSettings.Destroy
014b86fe KaM_Expansion.exe KM_SettingsXML       44 TKMSettingsXML.Destroy
014b8a2a KaM_Expansion.exe KM_GameAppSettings   57 TKMGameAppSettings.Destroy
00f1a764 KaM_Expansion.exe System               23 TObject.Free
011e8fbc KaM_Expansion.exe KromUtils           281 FreeThenNil
016cd697 KaM_Expansion.exe KM_Main             378 TKMMain.Stop
016cd76c KaM_Expansion.exe KM_Main             405 TKMMain.Stop
01938491 KaM_Expansion.exe KM_FormMain        2212 TFormMain.FormClose
01192df7 KaM_Expansion.exe Vcl.Forms               TCustomForm.DoClose
011987e5 KaM_Expansion.exe Vcl.Forms               TCustomForm.Close
01197424 KaM_Expansion.exe Vcl.Forms               TCustomForm.WMClose
010e2cfa KaM_Expansion.exe Vcl.Controls            TControl.WndProc
010e7ec1 KaM_Expansion.exe Vcl.Controls            TWinControl.WndProc
01193a38 KaM_Expansion.exe Vcl.Forms               TCustomForm.WndProc
01193a53 KaM_Expansion.exe Vcl.Forms               TCustomForm.WndProc
01937f7d KaM_Expansion.exe KM_FormMain        2051 TFormMain.WndProc
010e73cc KaM_Expansion.exe Vcl.Controls            TWinControl.MainWndProc
010e73e7 KaM_Expansion.exe Vcl.Controls            TWinControl.MainWndProc

14:45:06.121  5489,731s      16ms  19112    'GameApp settings' was successfully saved to 'C:\Users\szyby\OneDrive\Dokumenty\My Games\Knights and Merchants Remake\KaM Remake Settings KingDyronMod.xml'
