   Timestamp    Elapsed     Delta  Thread    Description
========================
    Date: 2025.01.03
========================
18:16:50.963     0,001s       1ms  14756    Log is up and running. Game version: KaM Expansion: Co-op & World Update
18:16:50.969     0,006s       5ms  14756    Game Load started
18:16:50.980     0,018s      12ms  14756    Start loading 'GameApp settings' from 'C:\Users\szyby\OneDrive\Dokumenty\My Games\Knights and Merchants Remake\KaM Remake Settings KingDyronMod.xml'
18:16:50.985     0,023s       5ms  14756    'GameApp settings' was successfully loaded from 'C:\Users\szyby\OneDrive\Dokumenty\My Games\Knights and Merchants Remake\KaM Remake Settings KingDyronMod.xml'
18:16:50.990     0,027s       4ms  14756    Start saving 'GameApp settings' to 'C:\Users\szyby\OneDrive\Dokumenty\My Games\Knights and Merchants Remake\KaM Remake Settings KingDyronMod.xml'
012287f0 KaM_Expansion.exe KM_Settings        106 TKMSettings.SaveToDefaultFile
012288c3 KaM_Expansion.exe KM_Settings        113 TKMSettings.SaveToDefaultFile
012284c1 KaM_Expansion.exe KM_Settings         59 TKMSettings.Create
01228bfe KaM_Expansion.exe KM_SettingsXML      38 TKMSettingsXML.Create
01228f3f KaM_Expansion.exe KM_GameAppSettings  51 TKMGameAppSettings.Create
0143cc6c KaM_Expansion.exe KM_Main            258 TKMMain.Start
0143cef0 KaM_Expansion.exe KM_Main            305 TKMMain.Start
016bdb2b KaM_Expansion.exe KaM_Expansion      480 initialization
016bdb5a KaM_Expansion.exe KaM_Expansion      483 initialization
762b7ba7 KERNEL32.DLL                             BaseThreadInitThunk

18:16:51.027     0,065s      38ms  14756    'GameApp settings' was successfully saved to 'C:\Users\szyby\OneDrive\Dokumenty\My Games\Knights and Merchants Remake\KaM Remake Settings KingDyronMod.xml'
18:16:51.053     0,090s      25ms  14756    Start loading 'Server settings' from 'C:\Users\szyby\OneDrive\Dokumenty\My Games\Knights and Merchants Remake\KaM Remake Server Settings.ini'
18:16:51.059     0,097s       7ms  14756    'Server settings' was successfully loaded from 'C:\Users\szyby\OneDrive\Dokumenty\My Games\Knights and Merchants Remake\KaM Remake Server Settings.ini'
18:16:51.067     0,104s       6ms  14756    Start saving 'Server settings' to 'C:\Users\szyby\OneDrive\Dokumenty\My Games\Knights and Merchants Remake\KaM Remake Server Settings.ini'
012287f0 KaM_Expansion.exe KM_Settings       106 TKMSettings.SaveToDefaultFile
012288c3 KaM_Expansion.exe KM_Settings       113 TKMSettings.SaveToDefaultFile
012284c1 KaM_Expansion.exe KM_Settings        59 TKMSettings.Create
01365ee4 KaM_Expansion.exe KM_ServerSettings 109 TKMServerSettings.Create
01431fec KaM_Expansion.exe KM_GameApp        213 TKMGameApp.Create
0143243e KaM_Expansion.exe KM_GameApp        295 TKMGameApp.Create
0143df16 KaM_Expansion.exe KM_Main           635 TKMMain.ReinitRender
0143e122 KaM_Expansion.exe KM_Main           689 TKMMain.ReinitRender
0143cd82 KaM_Expansion.exe KM_Main           281 TKMMain.Start
0143cef0 KaM_Expansion.exe KM_Main           305 TKMMain.Start
016bdb2b KaM_Expansion.exe KaM_Expansion     480 initialization
016bdb5a KaM_Expansion.exe KaM_Expansion     483 initialization
762b7ba7 KERNEL32.DLL                            BaseThreadInitThunk

18:16:51.080     0,118s      14ms  14756    'Server settings' was successfully saved to 'C:\Users\szyby\OneDrive\Dokumenty\My Games\Knights and Merchants Remake\KaM Remake Server Settings.ini'
18:16:51.086     0,123s       5ms  14756    Init Render started
18:16:51.220     0,257s     134ms  14756    GL_MAX_TEXTURE_SIZE = 32768
18:16:51.226     0,264s       7ms  14756    GL_MAX_VIEWPORT_DIM = 32768
                                      OpenGL Vendor: NVIDIA Corporation
                                      OpenGL Renderer: NVIDIA GeForce RTX 3060 Ti/PCIe/SSE2
                                      OpenGL Version: 4.6.0 NVIDIA 560.94
18:16:51.253     0,291s      27ms  14756    Init Render Done
18:16:51.258     0,296s       5ms  14756    Resource loading state - None
18:16:51.265     0,303s       7ms  14756    Reading palettes ... done
18:16:51.275     0,313s      10ms  14756    Reading GUI.rx
18:16:51.282     0,320s       7ms  14756    Load Sprites started
18:16:51.288     0,325s       5ms  14756    GUI - 966
18:16:51.309     0,346s      21ms  14756    Load Sprites Done
18:16:51.343     0,380s      34ms  14756    Reading GUIMain.rx
18:16:51.349     0,387s       7ms  14756    Load Sprites started
18:16:51.355     0,393s       6ms  14756    GUIMain - 105
18:16:51.406     0,444s      51ms  14756    Load Sprites Done
18:16:51.462     0,499s      55ms  14756    Reading Tileset.rx
18:16:51.468     0,506s       7ms  14756    Load Sprites started
18:16:51.475     0,513s       7ms  14756    Tileset - 5449
18:16:51.511     0,549s      36ms  14756    Load Sprites Done
18:16:51.518     0,556s       7ms  14756    GenerateTerrainTransitions started. Legacy = False
18:16:51.523     0,561s       5ms  14756    TexId = 5451 GenTilesCnt = 2100
18:16:51.530     0,568s       7ms  14756    TexId = 6051; TexId - fGenTexIdStartI = 600; uniqueTex = 600; totalTex = 1350
18:16:51.537     0,574s       6ms  14756    GeneratedMasks cnt = 20
18:16:51.542     0,579s       5ms  14756    GenerateTerrainTransitions Done
18:16:51.548     0,586s       7ms  14756    GenerateTerrainTransitions started. Legacy = True
18:16:51.554     0,592s       6ms  14756    Legacy: TexId = 4999 GenTilesCntTemp = 2030
18:16:51.561     0,598s       6ms  14756    TexId = 5463; TexId - fGenTexIdStartILegacy = 464; uniqueTex = 464; totalTex = 1044
18:16:51.567     0,605s       7ms  14756    GeneratedMasks cnt = 16
18:16:51.572     0,610s       5ms  14756    GenerateTerrainTransitions Done
18:16:51.679     0,716s     106ms  14756    Load font started
18:16:51.717     0,755s      39ms  14756    Font load took 39ms
18:16:51.723     0,761s       6ms  14756    Read fonts is done
18:16:51.741     0,778s      17ms  14756    ReadGFX is done
18:16:51.747     0,785s       7ms  14756    Resource loading state - Menu
18:16:51.754     0,792s       7ms  16300    OpenAL init started
18:16:52.372     1,409s     616ms  14756    Music init done, 24 tracks found
                                      Loading campaign images.rxx for HKS
18:16:52.396     1,433s      24ms  22464    Custom - 1
18:16:52.403     1,440s       7ms  16300    Pre-LoadSFX init ... done
18:16:52.409     1,447s       7ms  16300    ALC_MONO_SOURCES 255
18:16:52.415     1,453s       6ms  16300    ALC_STEREO_SOURCES 1
18:16:52.422     1,459s       6ms  14756    Main menu init done
18:16:52.427     1,465s       6ms  16300    OpenAL init done
18:16:52.450     1,488s      23ms  14756    Check game folder 'E:\programowanie\projekty delphi\kam_expansion\' generic permissions: READ: granted; WRITE: granted; EXECUTE: granted; folder is writable: 
18:16:52.457     1,494s       6ms  14756    LoadGameResources ... AlphaShadows: True. Forced: True
18:16:52.463     1,501s       7ms  14756    TKMResSprites.LoadGameResources
18:16:52.469     1,507s       6ms  14756    [AsyncGameResLoader Thread] Started
18:16:52.476     1,513s       6ms  14756    Resource loading state - Game
18:16:52.482     1,519s       6ms  14756    ToggleFullscreen
18:16:52.487     1,525s       6ms  14756    Form Width/Height: 1040:759
18:16:52.492     1,530s       5ms  14756    Panel Width/Height: 1024:720
18:16:52.501     1,538s       8ms   4340    [AsyncGameResLoader Thread] RT = rxTrees Stage = lsLoad
18:16:52.506     1,544s       6ms   4340    [AsyncGameResLoader Thread] Start Load RXX 'Trees.rxx'
18:16:52.513     1,551s       7ms   4340    Load Sprites started
18:16:52.521     1,558s       7ms   4340    Trees - 1216
                                      Loading campaign images.rxx for KSN
18:16:52.542     1,579s      21ms  22464    Custom - 1
18:16:52.550     1,588s       8ms  14756    Saving dev settings to file 'kmr_dev.xml'
18:16:52.587     1,625s      37ms  14756    Saving dev settings to file 'kmr_dev.xml'
18:16:52.594     1,632s       7ms  14756    Game Load Done in 1655
                                      Loading campaign images.rxx for KSO
18:16:52.620     1,658s      26ms  22464    Custom - 1
                                      Loading campaign images.rxx for KSU
18:16:52.678     1,715s      57ms  22464    Custom - 1
18:16:52.685     1,723s       8ms   4340    Load Sprites Done
                                      Loading campaign images.rxx for OFL
18:16:52.727     1,765s      41ms  22464    Custom - 1
                                      Loading campaign images.rxx for OER
18:16:52.768     1,806s      41ms  22464    Custom - 1
18:16:52.787     1,825s      19ms   4340    [AsyncGameResLoader Thread] DONE Load RXX 'Trees.rxa'
18:16:52.795     1,832s       7ms  14756    [AsyncGameResLoader MainTh] [UpdateStateIdle] GenTextures RT = rxTrees Stage = lsGenMain
                                      Loading campaign images.rxx for TBK
18:16:52.811     1,849s      17ms  22464    Custom - 1
18:16:52.817     1,854s       5ms  14756    [AsyncGameResLoader MainTh] [UpdateStateIdle] DONE
18:16:52.824     1,861s       7ms   4340    [AsyncGameResLoader Thread] RT = rxTrees Stage = lsOverload
18:16:52.830     1,868s       7ms   4340    [AsyncGameResLoader Thread] OverloadFromFolder RT = rxTrees
18:16:52.843     1,880s      12ms   4340    [AsyncGameResLoader Thread] DONE OverloadFromFolder RT = rxTrees
18:16:52.849     1,887s       7ms  14756    [AsyncGameResLoader MainTh] [UpdateStateIdle] GenTextures RT = rxTrees Stage = lsGenOverload
18:16:52.855     1,892s       5ms  14756    [AsyncGameResLoader MainTh] [UpdateStateIdle] DONE
18:16:52.862     1,899s       7ms   4340    [AsyncGameResLoader Thread] RT = rxHouses Stage = lsLoad
                                      Loading campaign images.rxx for TPR
18:16:52.873     1,911s      12ms   4340    [AsyncGameResLoader Thread] Start Load RXX 'Houses.rxx'
18:16:52.881     1,919s       8ms   4340    Load Sprites started
18:16:52.887     1,924s       5ms  22464    Custom - 1
18:16:52.894     1,931s       7ms   4340    Houses - 2709
                                      Loading campaign images.rxx for TSK
18:16:52.924     1,962s      31ms  22464    Custom - 1
                                      Loading campaign images.rxx for TUA
18:16:52.957     1,995s      32ms  22464    Custom - 1
18:16:53.077     2,114s     118ms   4340    Load Sprites Done
                                      Loading campaign images.rxx for TMR
18:16:53.104     2,141s      27ms  22464    Custom - 1
18:16:53.217     2,254s     113ms   4340    [AsyncGameResLoader Thread] DONE Load RXX 'Houses.rxa'
18:16:53.241     2,278s      24ms  14756    [AsyncGameResLoader MainTh] [UpdateStateIdle] GenTextures RT = rxHouses Stage = lsGenMain
18:16:53.255     2,293s      15ms  14756    [AsyncGameResLoader MainTh] [UpdateStateIdle] DONE
18:16:53.263     2,300s       7ms   4340    [AsyncGameResLoader Thread] RT = rxHouses Stage = lsOverload
18:16:53.268     2,306s       6ms   4340    [AsyncGameResLoader Thread] OverloadFromFolder RT = rxHouses
18:16:53.378     2,415s     109ms   4340    [AsyncGameResLoader Thread] DONE OverloadFromFolder RT = rxHouses
18:16:53.391     2,429s      14ms  14756    [AsyncGameResLoader MainTh] [UpdateStateIdle] GenTextures RT = rxHouses Stage = lsGenOverload
18:16:53.398     2,435s       6ms  14756    [AsyncGameResLoader MainTh] [UpdateStateIdle] DONE
18:16:53.404     2,441s       6ms   4340    [AsyncGameResLoader Thread] RT = rxUnits Stage = lsLoad
18:16:53.410     2,448s       7ms   4340    [AsyncGameResLoader Thread] Start Load RXX 'Units.rxx'
18:16:53.416     2,454s       6ms   4340    Load Sprites started
18:16:53.422     2,460s       6ms   4340    Units - 14845
18:16:54.201     3,239s     779ms   4340    Load Sprites Done
18:16:55.339     4,377s    1138ms   4340    [AsyncGameResLoader Thread] DONE Load RXX 'Units.rxa'
18:16:55.347     4,385s       8ms  14756    [AsyncGameResLoader MainTh] [UpdateStateIdle] GenTextures RT = rxUnits Stage = lsGenMain
18:16:55.417     4,454s      69ms  14756    [AsyncGameResLoader MainTh] [UpdateStateIdle] DONE
18:16:55.424     4,461s       7ms   4340    [AsyncGameResLoader Thread] RT = rxUnits Stage = lsOverload
18:16:55.430     4,468s       7ms   4340    [AsyncGameResLoader Thread] OverloadFromFolder RT = rxUnits
18:16:55.769     4,806s     338ms   4340    [AsyncGameResLoader Thread] DONE OverloadFromFolder RT = rxUnits
18:16:55.776     4,814s       8ms  14756    [AsyncGameResLoader MainTh] [UpdateStateIdle] GenTextures RT = rxUnits Stage = lsGenOverload
18:16:55.782     4,820s       6ms  14756    [AsyncGameResLoader Thread] Stopped
18:16:55.789     4,826s       6ms  14756    [AsyncGameResLoader MainTh] [UpdateStateIdle] DONE
                                      Loading campaign images.rxx for HKS
18:16:57.100     6,137s    1311ms  10596    Custom - 1
                                      Loading campaign images.rxx for KSN
18:16:57.205     6,242s     104ms  10596    Custom - 1
                                      Loading campaign images.rxx for KSO
18:16:57.275     6,313s      71ms  10596    Custom - 1
                                      Loading campaign images.rxx for KSU
18:16:57.331     6,368s      55ms  10596    Custom - 1
                                      Loading campaign images.rxx for OFL
18:16:57.379     6,416s      48ms  10596    Custom - 1
                                      Loading campaign images.rxx for OER
18:16:57.427     6,465s      49ms  10596    Custom - 1
                                      Loading campaign images.rxx for TBK
18:16:57.472     6,510s      45ms  10596    Custom - 1
                                      Loading campaign images.rxx for TPR
18:16:57.531     6,568s      58ms  10596    Custom - 1
                                      Loading campaign images.rxx for TSK
18:16:57.585     6,623s      55ms  10596    Custom - 1
                                      Loading campaign images.rxx for TUA
18:16:57.624     6,661s      38ms  10596    Custom - 1
                                      Loading campaign images.rxx for TMR
18:16:57.773     6,810s     149ms  10596    Custom - 1
18:16:58.175     7,213s     403ms  14756    LoadGameResources ... AlphaShadows: True. Forced: False
18:16:58.182     7,220s       7ms  14756    Resource loading state - Game
18:16:58.208     7,246s      26ms  14756    Saving dev settings to file 'kmr_dev.xml'
18:16:58.252     7,290s      44ms  14756    <== Game creation is done ==>
18:16:58.260     7,297s       7ms  14756    GameStart
18:16:58.267     7,305s       8ms  14756    Loading DAT file: E:\programowanie\projekty delphi\kam_expansion\Maps\Nowa Misja 2\Nowa Misja 2.dat
18:16:58.275     7,313s       8ms  14756    Loading map file: E:\programowanie\projekty delphi\kam_expansion\Maps\Nowa Misja 2\Nowa Misja 2.map
18:16:58.283     7,321s       8ms  14756    Map file loaded
18:16:58.489     7,526s     205ms  14756    Gameplay recording initialized ... done
18:16:58.495     7,533s       7ms  14756    Game options: PT = 0; SpeedPT = 1; SpeedAfterPT = 1; Seed = 0; Difficulty = mdNone
18:16:58.501     7,539s       6ms  14756    Gameplay initialized ... done
18:16:58.507     7,545s       6ms  14756    After game start
18:16:58.513     7,550s       5ms  14756    Set game seed: 1584107697
18:16:58.519     7,557s       7ms  14756    After game start ... done
18:17:14.304    23,341s   15784ms  14756    Saving from map editor: E:\programowanie\projekty delphi\kam_expansion\Maps\Nowa Misja 2\Nowa Misja 2.dat
18:17:14.538    23,575s     234ms  14756    LoadGameResources ... AlphaShadows: True. Forced: False
18:17:14.545    23,583s       8ms  14756    Resource loading state - Game
18:17:14.558    23,596s      13ms  14756    Saving dev settings to file 'kmr_dev.xml'
18:17:14.616    23,654s      58ms  14756    <== Game creation is done ==>
18:17:14.623    23,661s       7ms  14756    GameStart
18:17:14.629    23,667s       6ms  14756    Loading DAT file: E:\programowanie\projekty delphi\kam_expansion\Maps\Nowa Misja 2\Nowa Misja 2.dat
18:17:14.635    23,673s       6ms  14756    Loading map file: E:\programowanie\projekty delphi\kam_expansion\Maps\Nowa Misja 2\Nowa Misja 2.map
18:17:14.640    23,678s       5ms  14756    Map file loaded
18:17:14.659    23,696s      18ms  14756    Gameplay recording initialized ... done
18:17:14.665    23,703s       6ms  14756    Game options: PT = 0; SpeedPT = 1; SpeedAfterPT = 1; Seed = 0; Difficulty = mdNone
18:17:14.671    23,709s       6ms  14756    Gameplay initialized ... done
18:17:14.678    23,715s       6ms  14756    After game start
18:17:14.684    23,721s       6ms  14756    Set game seed: 1749671291
18:17:14.689    23,727s       6ms  14756    Saving game at tick 0 to 'E:\programowanie\projekty delphi\kam_expansion\Saves\basesave\basesave.bas'
18:17:14.696    23,733s       6ms  14756    After game start ... done
18:17:19.234    28,272s    4539ms  14756    Issue gicGameAutoSave command at tick 600
18:17:19.241    28,278s       6ms  14756    Saving game at tick 600 to 'E:\programowanie\projekty delphi\kam_expansion\Saves\autosave\autosave.sav'
18:17:20.245    29,283s    1005ms  14756    Issue gicGameAutoSave command at tick 1200
18:17:20.251    29,289s       6ms  14756    Saving game at tick 1200 to 'E:\programowanie\projekty delphi\kam_expansion\Saves\autosave\autosave.sav'
18:17:21.233    30,270s     981ms  14756    Issue gicGameAutoSave command at tick 1800
18:17:21.239    30,277s       7ms  14756    Saving game at tick 1800 to 'E:\programowanie\projekty delphi\kam_expansion\Saves\autosave\autosave.sav'
18:17:22.249    31,286s    1009ms  14756    Issue gicGameAutoSave command at tick 2400
18:17:22.255    31,293s       7ms  14756    Saving game at tick 2400 to 'E:\programowanie\projekty delphi\kam_expansion\Saves\autosave\autosave.sav'
18:17:23.249    32,286s     993ms  14756    Warning: HouseUnoccupiedMsgId for house type ord=54 could not be determined.
18:17:23.255    32,293s       7ms  14756    Issue gicGameAutoSave command at tick 3000
18:17:23.261    32,299s       6ms  14756    Saving game at tick 3000 to 'E:\programowanie\projekty delphi\kam_expansion\Saves\autosave\autosave.sav'
18:17:24.247    33,285s     986ms  14756    Issue gicGameAutoSave command at tick 3600
18:17:24.253    33,291s       6ms  14756    Saving game at tick 3600 to 'E:\programowanie\projekty delphi\kam_expansion\Saves\autosave\autosave.sav'
18:17:29.661    38,699s    5408ms  14756    Issue gicGameAutoSave command at tick 4200
18:17:29.668    38,705s       6ms  14756    Saving game at tick 4200 to 'E:\programowanie\projekty delphi\kam_expansion\Saves\autosave\autosave.sav'
18:17:35.664    44,701s    5996ms  14756    Issue gicGameAutoSave command at tick 4800
18:17:35.670    44,708s       7ms  14756    Saving game at tick 4800 to 'E:\programowanie\projekty delphi\kam_expansion\Saves\autosave\autosave.sav'
18:17:41.930    50,967s    6259ms  14756    Issue gicGameAutoSave command at tick 5400
18:17:41.936    50,974s       7ms  14756    Saving game at tick 5400 to 'E:\programowanie\projekty delphi\kam_expansion\Saves\autosave\autosave.sav'
18:17:49.011    58,049s    7075ms  14756    Warning: HouseUnoccupiedMsgId for house type ord=54 could not be determined.
18:17:49.035    58,073s      24ms  14756    Issue gicGameAutoSave command at tick 6000
18:17:49.043    58,081s       8ms  14756    Saving game at tick 6000 to 'E:\programowanie\projekty delphi\kam_expansion\Saves\autosave\autosave.sav'
18:17:55.029    64,066s    5985ms  14756    Issue gicGameAutoSave command at tick 6600
18:17:55.036    64,073s       7ms  14756    Saving game at tick 6600 to 'E:\programowanie\projekty delphi\kam_expansion\Saves\autosave\autosave.sav'
18:18:05.779    74,817s   10744ms  14756    Saving dev settings to file 'kmr_dev.xml'
18:18:06.522    75,560s     743ms  14756    Stopping game application...
18:18:06.529    75,567s       7ms  14756    Gameplay ended - grSilent /
18:18:06.535    75,573s       6ms  14756    Start saving 'Server settings' to 'C:\Users\szyby\OneDrive\Dokumenty\My Games\Knights and Merchants Remake\KaM Remake Server Settings.ini'
012287f0 KaM_Expansion.exe KM_Settings        106 TKMSettings.SaveToDefaultFile
012288c3 KaM_Expansion.exe KM_Settings        113 TKMSettings.SaveToDefaultFile
012284fc KaM_Expansion.exe KM_Settings         65 TKMSettings.Destroy
01365f2a KaM_Expansion.exe KM_ServerSettings  117 TKMServerSettings.Destroy
00c8a764 KaM_Expansion.exe System              23 TObject.Free
00f5986c KaM_Expansion.exe KromUtils          281 FreeThenNil
0143269b KaM_Expansion.exe KM_GameApp         330 TKMGameApp.Destroy
00c8a764 KaM_Expansion.exe System              23 TObject.Free
00f5986c KaM_Expansion.exe KromUtils          281 FreeThenNil
0143d331 KaM_Expansion.exe KM_Main            376 TKMMain.Stop
0143d410 KaM_Expansion.exe KM_Main            405 TKMMain.Stop
016a82c5 KaM_Expansion.exe KM_FormMain       2212 TFormMain.FormClose
00f036a7 KaM_Expansion.exe Vcl.Forms              TCustomForm.DoClose
00f09095 KaM_Expansion.exe Vcl.Forms              TCustomForm.Close
00f07cd4 KaM_Expansion.exe Vcl.Forms              TCustomForm.WMClose
00e52cfa KaM_Expansion.exe Vcl.Controls           TControl.WndProc
00e57ec1 KaM_Expansion.exe Vcl.Controls           TWinControl.WndProc
00f042e8 KaM_Expansion.exe Vcl.Forms              TCustomForm.WndProc
00f04303 KaM_Expansion.exe Vcl.Forms              TCustomForm.WndProc
016a7db1 KaM_Expansion.exe KM_FormMain       2051 TFormMain.WndProc

18:18:06.557    75,595s      22ms  14756    'Server settings' was successfully saved to 'C:\Users\szyby\OneDrive\Dokumenty\My Games\Knights and Merchants Remake\KaM Remake Server Settings.ini'
18:18:06.775    75,813s     218ms  14756    Start saving 'GameApp settings' to 'C:\Users\szyby\OneDrive\Dokumenty\My Games\Knights and Merchants Remake\KaM Remake Settings KingDyronMod.xml'
012287f0 KaM_Expansion.exe KM_Settings         106 TKMSettings.SaveToDefaultFile
012288c3 KaM_Expansion.exe KM_Settings         113 TKMSettings.SaveToDefaultFile
012284fc KaM_Expansion.exe KM_Settings          65 TKMSettings.Destroy
01228c56 KaM_Expansion.exe KM_SettingsXML       44 TKMSettingsXML.Destroy
01228f82 KaM_Expansion.exe KM_GameAppSettings   57 TKMGameAppSettings.Destroy
00c8a764 KaM_Expansion.exe System               23 TObject.Free
00f5986c KaM_Expansion.exe KromUtils           281 FreeThenNil
0143d33b KaM_Expansion.exe KM_Main             378 TKMMain.Stop
0143d410 KaM_Expansion.exe KM_Main             405 TKMMain.Stop
016a82c5 KaM_Expansion.exe KM_FormMain        2212 TFormMain.FormClose
00f036a7 KaM_Expansion.exe Vcl.Forms               TCustomForm.DoClose
00f09095 KaM_Expansion.exe Vcl.Forms               TCustomForm.Close
00f07cd4 KaM_Expansion.exe Vcl.Forms               TCustomForm.WMClose
00e52cfa KaM_Expansion.exe Vcl.Controls            TControl.WndProc
00e57ec1 KaM_Expansion.exe Vcl.Controls            TWinControl.WndProc
00f042e8 KaM_Expansion.exe Vcl.Forms               TCustomForm.WndProc
00f04303 KaM_Expansion.exe Vcl.Forms               TCustomForm.WndProc
016a7db1 KaM_Expansion.exe KM_FormMain        2051 TFormMain.WndProc
00e573cc KaM_Expansion.exe Vcl.Controls            TWinControl.MainWndProc
00e573e7 KaM_Expansion.exe Vcl.Controls            TWinControl.MainWndProc

18:18:06.790    75,828s      15ms  14756    'GameApp settings' was successfully saved to 'C:\Users\szyby\OneDrive\Dokumenty\My Games\Knights and Merchants Remake\KaM Remake Settings KingDyronMod.xml'
