   Timestamp    Elapsed     Delta  Thread    Description
========================
    Date: 2025.01.03
========================
20:50:25.439     0,001s       1ms  12744    Log is up and running. Game version: KaM Expansion: Co-op & World Update
20:50:25.444     0,006s       5ms  12744    Game Load started
20:50:25.454     0,016s      10ms  12744    Start loading 'GameApp settings' from 'C:\Users\szyby\OneDrive\Dokumenty\My Games\Knights and Merchants Remake\KaM Remake Settings KingDyronMod.xml'
20:50:25.459     0,021s       5ms  12744    'GameApp settings' was successfully loaded from 'C:\Users\szyby\OneDrive\Dokumenty\My Games\Knights and Merchants Remake\KaM Remake Settings KingDyronMod.xml'
20:50:25.477     0,038s       5ms  12744    Start saving 'GameApp settings' to 'C:\Users\szyby\OneDrive\Dokumenty\My Games\Knights and Merchants Remake\KaM Remake Settings KingDyronMod.xml'
010c81ac KaM_Expansion.exe KM_Settings        106 TKMSettings.SaveToDefaultFile
010c827f KaM_Expansion.exe KM_Settings        113 TKMSettings.SaveToDefaultFile
010c7e7d KaM_Expansion.exe KM_Settings         59 TKMSettings.Create
010c85ba KaM_Expansion.exe KM_SettingsXML      38 TKMSettingsXML.Create
010c88fb KaM_Expansion.exe KM_GameAppSettings  51 TKMGameAppSettings.Create
012dc8ec KaM_Expansion.exe KM_Main            258 TKMMain.Start
012dcb5b KaM_Expansion.exe KM_Main            305 TKMMain.Start
0155bb2b KaM_Expansion.exe KaM_Expansion      480 initialization
0155bb5a KaM_Expansion.exe KaM_Expansion      483 initialization
762b7ba7 KERNEL32.DLL                             BaseThreadInitThunk

20:50:25.515     0,076s      38ms  12744    'GameApp settings' was successfully saved to 'C:\Users\szyby\OneDrive\Dokumenty\My Games\Knights and Merchants Remake\KaM Remake Settings KingDyronMod.xml'
20:50:25.537     0,099s      23ms  12744    Start loading 'Server settings' from 'C:\Users\szyby\OneDrive\Dokumenty\My Games\Knights and Merchants Remake\KaM Remake Server Settings.ini'
20:50:25.544     0,105s       6ms  12744    'Server settings' was successfully loaded from 'C:\Users\szyby\OneDrive\Dokumenty\My Games\Knights and Merchants Remake\KaM Remake Server Settings.ini'
20:50:25.551     0,112s       7ms  12744    Start saving 'Server settings' to 'C:\Users\szyby\OneDrive\Dokumenty\My Games\Knights and Merchants Remake\KaM Remake Server Settings.ini'
010c81ac KaM_Expansion.exe KM_Settings       106 TKMSettings.SaveToDefaultFile
010c827f KaM_Expansion.exe KM_Settings       113 TKMSettings.SaveToDefaultFile
010c7e7d KaM_Expansion.exe KM_Settings        59 TKMSettings.Create
01205b98 KaM_Expansion.exe KM_ServerSettings 109 TKMServerSettings.Create
012d1ca0 KaM_Expansion.exe KM_GameApp        213 TKMGameApp.Create
012d20f2 KaM_Expansion.exe KM_GameApp        295 TKMGameApp.Create
012ddb62 KaM_Expansion.exe KM_Main           635 TKMMain.ReinitRender
012ddd6e KaM_Expansion.exe KM_Main           689 TKMMain.ReinitRender
012dca02 KaM_Expansion.exe KM_Main           281 TKMMain.Start
012dcb5b KaM_Expansion.exe KM_Main           305 TKMMain.Start
0155bb2b KaM_Expansion.exe KaM_Expansion     480 initialization
0155bb5a KaM_Expansion.exe KaM_Expansion     483 initialization
762b7ba7 KERNEL32.DLL                            BaseThreadInitThunk

20:50:25.563     0,125s      13ms  12744    'Server settings' was successfully saved to 'C:\Users\szyby\OneDrive\Dokumenty\My Games\Knights and Merchants Remake\KaM Remake Server Settings.ini'
20:50:25.569     0,131s       6ms  12744    Init Render started
20:50:25.702     0,264s     133ms  12744    GL_MAX_TEXTURE_SIZE = 32768
20:50:25.709     0,271s       7ms  12744    GL_MAX_VIEWPORT_DIM = 32768
                                      OpenGL Vendor: NVIDIA Corporation
                                      OpenGL Renderer: NVIDIA GeForce RTX 3060 Ti/PCIe/SSE2
                                      OpenGL Version: 4.6.0 NVIDIA 560.94
20:50:25.736     0,297s      26ms  12744    Init Render Done
20:50:25.742     0,304s       7ms  12744    Resource loading state - None
20:50:25.749     0,311s       7ms  12744    Reading palettes ... done
20:50:25.758     0,320s       9ms  12744    Reading GUI.rx
20:50:25.766     0,327s       7ms  12744    Load Sprites started
20:50:25.771     0,333s       6ms  12744    GUI - 966
20:50:25.792     0,354s      21ms  12744    Load Sprites Done
20:50:25.828     0,390s      36ms  12744    Reading GUIMain.rx
20:50:25.835     0,396s       6ms  12744    Load Sprites started
20:50:25.841     0,402s       6ms  12744    GUIMain - 105
20:50:25.894     0,456s      54ms  12744    Load Sprites Done
20:50:25.949     0,511s      55ms  12744    Reading Tileset.rx
20:50:25.955     0,517s       6ms  12744    Load Sprites started
20:50:25.963     0,524s       7ms  12744    Tileset - 5449
20:50:25.999     0,561s      37ms  12744    Load Sprites Done
20:50:26.006     0,568s       7ms  12744    GenerateTerrainTransitions started. Legacy = False
20:50:26.013     0,574s       5ms  12744    TexId = 5451 GenTilesCnt = 2100
20:50:26.020     0,581s       7ms  12744    TexId = 6051; TexId - fGenTexIdStartI = 600; uniqueTex = 600; totalTex = 1350
20:50:26.025     0,587s       6ms  12744    GeneratedMasks cnt = 20
20:50:26.033     0,594s       7ms  12744    GenerateTerrainTransitions Done
20:50:26.039     0,600s       6ms  12744    GenerateTerrainTransitions started. Legacy = True
20:50:26.045     0,607s       7ms  12744    Legacy: TexId = 4999 GenTilesCntTemp = 2030
20:50:26.052     0,613s       6ms  12744    TexId = 5463; TexId - fGenTexIdStartILegacy = 464; uniqueTex = 464; totalTex = 1044
20:50:26.057     0,619s       6ms  12744    GeneratedMasks cnt = 16
20:50:26.065     0,626s       7ms  12744    GenerateTerrainTransitions Done
20:50:26.173     0,735s     109ms  12744    Load font started
20:50:26.214     0,776s      41ms  12744    Font load took 41ms
20:50:26.220     0,782s       6ms  12744    Read fonts is done
20:50:26.239     0,801s      19ms  12744    ReadGFX is done
20:50:26.246     0,808s       7ms  12744    Resource loading state - Menu
20:50:26.253     0,815s       7ms   6780    OpenAL init started
20:50:26.913     1,474s     659ms  12744    Music init done, 24 tracks found
                                      Loading campaign images.rxx for HKS
20:50:26.940     1,501s      27ms  16192    Custom - 1
20:50:26.947     1,509s       8ms   6780    Pre-LoadSFX init ... done
20:50:26.954     1,515s       6ms   6780    ALC_MONO_SOURCES 255
20:50:26.960     1,521s       6ms   6780    ALC_STEREO_SOURCES 1
20:50:26.967     1,529s       8ms  12744    Main menu init done
20:50:26.973     1,534s       5ms   6780    OpenAL init done
20:50:27.007     1,569s      35ms  12744    Check game folder 'E:\programowanie\projekty delphi\kam_expansion\' generic permissions: READ: granted; WRITE: granted; EXECUTE: granted; folder is writable: 
20:50:27.014     1,575s       6ms  12744    LoadGameResources ... AlphaShadows: True. Forced: True
20:50:27.020     1,582s       7ms  12744    TKMResSprites.LoadGameResources
20:50:27.028     1,590s       8ms  12744    [AsyncGameResLoader Thread] Started
20:50:27.038     1,599s       9ms  12744    Resource loading state - Game
20:50:27.044     1,606s       7ms  12744    ToggleFullscreen
20:50:27.051     1,612s       6ms  12744    Form Width/Height: 1040:759
20:50:27.057     1,618s       6ms  12744    Panel Width/Height: 1024:720
20:50:27.064     1,626s       8ms  18236    [AsyncGameResLoader Thread] RT = rxTrees Stage = lsLoad
20:50:27.071     1,632s       6ms  18236    [AsyncGameResLoader Thread] Start Load RXX 'Trees.rxx'
20:50:27.078     1,639s       7ms  18236    Load Sprites started
20:50:27.087     1,649s      10ms  18236    Trees - 1216
20:50:27.101     1,662s      13ms  12744    Saving dev settings to file 'kmr_dev.xml'
                                      Loading campaign images.rxx for KSN
20:50:27.121     1,683s      21ms  16192    Custom - 1
20:50:27.128     1,690s       7ms  12744    Saving dev settings to file 'kmr_dev.xml'
20:50:27.141     1,703s      13ms  12744    Game Load Done in 1729
                                      Loading campaign images.rxx for KSO
20:50:27.208     1,769s      66ms  16192    Custom - 1
20:50:27.227     1,788s      19ms  18236    Load Sprites Done
                                      Loading campaign images.rxx for KSU
20:50:27.279     1,841s      53ms  16192    Custom - 1
                                      Loading campaign images.rxx for OFL
20:50:27.329     1,890s      49ms  16192    Custom - 1
20:50:27.335     1,897s       7ms  18236    [AsyncGameResLoader Thread] DONE Load RXX 'Trees.rxa'
20:50:27.342     1,903s       6ms  12744    [AsyncGameResLoader MainTh] [UpdateStateIdle] GenTextures RT = rxTrees Stage = lsGenMain
20:50:27.354     1,916s      13ms  12744    [AsyncGameResLoader MainTh] [UpdateStateIdle] DONE
20:50:27.362     1,923s       7ms  18236    [AsyncGameResLoader Thread] RT = rxTrees Stage = lsOverload
20:50:27.370     1,931s       8ms  18236    [AsyncGameResLoader Thread] OverloadFromFolder RT = rxTrees
                                      Loading campaign images.rxx for OER
20:50:27.385     1,946s      15ms  16192    Custom - 1
20:50:27.392     1,954s       8ms  18236    [AsyncGameResLoader Thread] DONE OverloadFromFolder RT = rxTrees
20:50:27.406     1,967s      13ms  12744    [AsyncGameResLoader MainTh] [UpdateStateIdle] GenTextures RT = rxTrees Stage = lsGenOverload
20:50:27.412     1,974s       7ms  12744    [AsyncGameResLoader MainTh] [UpdateStateIdle] DONE
20:50:27.418     1,980s       6ms  18236    [AsyncGameResLoader Thread] RT = rxHouses Stage = lsLoad
                                      Loading campaign images.rxx for TBK
20:50:27.431     1,993s      13ms  18236    [AsyncGameResLoader Thread] Start Load RXX 'Houses.rxx'
20:50:27.437     1,999s       6ms  18236    Load Sprites started
20:50:27.444     2,005s       6ms  16192    Custom - 1
20:50:27.451     2,012s       7ms  18236    Houses - 2709
                                      Loading campaign images.rxx for TPR
20:50:27.501     2,062s      50ms  16192    Custom - 1
                                      Loading campaign images.rxx for TSK
20:50:27.537     2,099s      37ms  16192    Custom - 1
                                      Loading campaign images.rxx for TUA
20:50:27.577     2,139s      40ms  16192    Custom - 1
20:50:27.633     2,195s      56ms  18236    Load Sprites Done
                                      Loading campaign images.rxx for TMR
20:50:27.732     2,294s      99ms  16192    Custom - 1
20:50:27.765     2,326s      32ms  18236    [AsyncGameResLoader Thread] DONE Load RXX 'Houses.rxa'
20:50:27.772     2,334s       8ms  12744    [AsyncGameResLoader MainTh] [UpdateStateIdle] GenTextures RT = rxHouses Stage = lsGenMain
20:50:27.787     2,348s      14ms  12744    [AsyncGameResLoader MainTh] [UpdateStateIdle] DONE
20:50:27.793     2,355s       7ms  18236    [AsyncGameResLoader Thread] RT = rxHouses Stage = lsOverload
20:50:27.799     2,361s       6ms  18236    [AsyncGameResLoader Thread] OverloadFromFolder RT = rxHouses
20:50:27.915     2,477s     116ms  18236    [AsyncGameResLoader Thread] DONE OverloadFromFolder RT = rxHouses
20:50:27.942     2,503s      26ms  12744    [AsyncGameResLoader MainTh] [UpdateStateIdle] GenTextures RT = rxHouses Stage = lsGenOverload
20:50:27.949     2,510s       7ms  12744    [AsyncGameResLoader MainTh] [UpdateStateIdle] DONE
20:50:27.956     2,518s       8ms  18236    [AsyncGameResLoader Thread] RT = rxUnits Stage = lsLoad
20:50:27.963     2,524s       6ms  18236    [AsyncGameResLoader Thread] Start Load RXX 'Units.rxx'
20:50:27.969     2,530s       6ms  18236    Load Sprites started
20:50:27.975     2,537s       7ms  18236    Units - 14845
20:50:28.761     3,323s     786ms  18236    Load Sprites Done
                                      Loading campaign images.rxx for HKS
20:50:28.803     3,365s      42ms  13976    Custom - 1
                                      Loading campaign images.rxx for KSN
20:50:28.904     3,466s     101ms  13976    Custom - 1
                                      Loading campaign images.rxx for KSO
20:50:28.980     3,541s      75ms  13976    Custom - 1
                                      Loading campaign images.rxx for KSU
20:50:29.036     3,598s      57ms  13976    Custom - 1
                                      Loading campaign images.rxx for OFL
20:50:29.086     3,648s      50ms  13976    Custom - 1
                                      Loading campaign images.rxx for OER
20:50:29.132     3,693s      45ms  13976    Custom - 1
                                      Loading campaign images.rxx for TBK
20:50:29.177     3,739s      46ms  13976    Custom - 1
                                      Loading campaign images.rxx for TPR
20:50:29.234     3,796s      57ms  13976    Custom - 1
                                      Loading campaign images.rxx for TSK
20:50:29.276     3,838s      42ms  13976    Custom - 1
20:50:29.294     3,856s      18ms  12744    LoadGameResources ... AlphaShadows: True. Forced: False
20:50:29.300     3,862s       6ms  12744    TKMResSprites.LoadGameResources
20:50:29.893     4,454s     592ms  18236    [AsyncGameResLoader Thread] DONE Load RXX 'Units.rxa'
20:50:29.900     4,461s       6ms  12744    [AsyncGameResLoader MainTh] [LoadGameResources] GenTextures RT = rxUnits Stage = lsGenMain
20:50:29.962     4,524s      63ms  12744    [AsyncGameResLoader MainTh] [LoadGameResources] DONE
20:50:29.969     4,531s       7ms  18236    [AsyncGameResLoader Thread] RT = rxUnits Stage = lsOverload
20:50:29.974     4,536s       5ms  18236    [AsyncGameResLoader Thread] OverloadFromFolder RT = rxUnits
20:50:30.296     4,858s     322ms  18236    [AsyncGameResLoader Thread] DONE OverloadFromFolder RT = rxUnits
20:50:30.303     4,864s       6ms  12744    [AsyncGameResLoader MainTh] [LoadGameResources] GenTextures RT = rxUnits Stage = lsGenOverload
20:50:30.311     4,873s       9ms  12744    [AsyncGameResLoader Thread] Stopped
20:50:30.318     4,880s       7ms  12744    [AsyncGameResLoader MainTh] [LoadGameResources] DONE
                                      Loading campaign images.rxx for TUA
20:50:30.330     4,891s      11ms  12744    Resource loading state - Game
20:50:30.337     4,899s       8ms  13976    Custom - 1
20:50:30.344     4,905s       6ms  12744    Saving dev settings to file 'kmr_dev.xml'
20:50:30.374     4,935s      30ms  12744    <== Game creation is done ==>
20:50:30.381     4,942s       7ms  12744    GameStart
20:50:30.386     4,948s       6ms  12744    Loading DAT file: E:\programowanie\projekty delphi\kam_expansion\Maps\Nowa Misja 2\Nowa Misja 2.dat
20:50:30.393     4,954s       5ms  12744    Loading map file: E:\programowanie\projekty delphi\kam_expansion\Maps\Nowa Misja 2\Nowa Misja 2.map
20:50:30.399     4,960s       6ms  12744    Map file loaded
20:50:30.599     5,160s     200ms  12744    Gameplay recording initialized ... done
20:50:30.605     5,167s       7ms  12744    Game options: PT = 0; SpeedPT = 1; SpeedAfterPT = 1; Seed = 0; Difficulty = mdNone
20:50:30.611     5,172s       5ms  12744    Gameplay initialized ... done
20:50:30.617     5,178s       5ms  12744    After game start
20:50:30.624     5,186s       8ms  12744    Set game seed: 1652197874
20:50:30.631     5,192s       6ms  12744    After game start ... done
                                      Loading campaign images.rxx for TMR
20:50:30.676     5,238s      46ms  13976    Custom - 1
20:51:28.700    63,261s   58023ms  12744    Saving dev settings to file 'kmr_dev.xml'
20:51:35.409    69,971s    6710ms  12744    Stopping game application...
20:51:35.437    69,999s      28ms  12744    Gameplay ended - grSilent /
20:51:35.444    70,006s       7ms  12744    Start saving 'Server settings' to 'C:\Users\szyby\OneDrive\Dokumenty\My Games\Knights and Merchants Remake\KaM Remake Server Settings.ini'
010c81ac KaM_Expansion.exe KM_Settings        106 TKMSettings.SaveToDefaultFile
010c827f KaM_Expansion.exe KM_Settings        113 TKMSettings.SaveToDefaultFile
010c7eb8 KaM_Expansion.exe KM_Settings         65 TKMSettings.Destroy
01205bde KaM_Expansion.exe KM_ServerSettings  117 TKMServerSettings.Destroy
00b2a764 KaM_Expansion.exe System              23 TObject.Free
00df8fbc KaM_Expansion.exe KromUtils          281 FreeThenNil
012d234f KaM_Expansion.exe KM_GameApp         330 TKMGameApp.Destroy
00b2a764 KaM_Expansion.exe System              23 TObject.Free
00df8fbc KaM_Expansion.exe KromUtils          281 FreeThenNil
012dcf7d KaM_Expansion.exe KM_Main            376 TKMMain.Stop
012dd05c KaM_Expansion.exe KM_Main            405 TKMMain.Stop
01546cb5 KaM_Expansion.exe KM_FormMain       2212 TFormMain.FormClose
00da2df7 KaM_Expansion.exe Vcl.Forms              TCustomForm.DoClose
00da87e5 KaM_Expansion.exe Vcl.Forms              TCustomForm.Close
00dacfcf KaM_Expansion.exe Vcl.Forms              TApplication.WndProc
00c60c30 KaM_Expansion.exe System.Classes         StdWndProc
7735916b ntdll.dll                                KiUserCallbackDispatcher
00c60c30 KaM_Expansion.exe System.Classes         StdWndProc
7735916b ntdll.dll                                KiUserCallbackDispatcher
0155bb3b KaM_Expansion.exe KaM_Expansion      481 initialization

20:51:35.461    70,023s      17ms  12744    'Server settings' was successfully saved to 'C:\Users\szyby\OneDrive\Dokumenty\My Games\Knights and Merchants Remake\KaM Remake Server Settings.ini'
20:51:35.682    70,243s     220ms  12744    Start saving 'GameApp settings' to 'C:\Users\szyby\OneDrive\Dokumenty\My Games\Knights and Merchants Remake\KaM Remake Settings KingDyronMod.xml'
010c81ac KaM_Expansion.exe KM_Settings         106 TKMSettings.SaveToDefaultFile
010c827f KaM_Expansion.exe KM_Settings         113 TKMSettings.SaveToDefaultFile
010c7eb8 KaM_Expansion.exe KM_Settings          65 TKMSettings.Destroy
010c8612 KaM_Expansion.exe KM_SettingsXML       44 TKMSettingsXML.Destroy
010c893e KaM_Expansion.exe KM_GameAppSettings   57 TKMGameAppSettings.Destroy
00b2a764 KaM_Expansion.exe System               23 TObject.Free
00df8fbc KaM_Expansion.exe KromUtils           281 FreeThenNil
012dcf87 KaM_Expansion.exe KM_Main             378 TKMMain.Stop
012dd05c KaM_Expansion.exe KM_Main             405 TKMMain.Stop
01546cb5 KaM_Expansion.exe KM_FormMain        2212 TFormMain.FormClose
00da2df7 KaM_Expansion.exe Vcl.Forms               TCustomForm.DoClose
00da87e5 KaM_Expansion.exe Vcl.Forms               TCustomForm.Close
00dacfcf KaM_Expansion.exe Vcl.Forms               TApplication.WndProc
00c60c30 KaM_Expansion.exe System.Classes          StdWndProc
7735916b ntdll.dll                                 KiUserCallbackDispatcher
00c60c30 KaM_Expansion.exe System.Classes          StdWndProc
7735916b ntdll.dll                                 KiUserCallbackDispatcher
0155bb3b KaM_Expansion.exe KaM_Expansion       481 initialization
0155bb5a KaM_Expansion.exe KaM_Expansion       483 initialization
762b7ba7 KERNEL32.DLL                              BaseThreadInitThunk

20:51:35.696    70,257s      14ms  12744    'GameApp settings' was successfully saved to 'C:\Users\szyby\OneDrive\Dokumenty\My Games\Knights and Merchants Remake\KaM Remake Settings KingDyronMod.xml'
