   Timestamp    Elapsed     Delta  Thread    Description
========================
    Date: 2025.01.04
========================
19:30:23.818     0,001s       1ms   1200    Log is up and running. Game version: KaM Expansion: Co-op & World Update
19:30:23.825     0,007s       6ms   1200    Game Load started
19:30:23.835     0,018s      11ms   1200    Start loading 'GameApp settings' from 'C:\Users\szyby\OneDrive\Dokumenty\My Games\Knights and Merchants Remake\KaM Remake Settings KingDyronMod.xml'
19:30:23.840     0,023s       5ms   1200    'GameApp settings' was successfully loaded from 'C:\Users\szyby\OneDrive\Dokumenty\My Games\Knights and Merchants Remake\KaM Remake Settings KingDyronMod.xml'
19:30:23.852     0,035s       5ms   1200    Start saving 'GameApp settings' to 'C:\Users\szyby\OneDrive\Dokumenty\My Games\Knights and Merchants Remake\KaM Remake Settings KingDyronMod.xml'
00b58eb0 KaM_Expansion.exe KM_Settings        106 TKMSettings.SaveToDefaultFile
00b58f83 KaM_Expansion.exe KM_Settings        113 TKMSettings.SaveToDefaultFile
00b58b81 KaM_Expansion.exe KM_Settings         59 TKMSettings.Create
00b592be KaM_Expansion.exe KM_SettingsXML      38 TKMSettingsXML.Create
00b595ff KaM_Expansion.exe KM_GameAppSettings  51 TKMGameAppSettings.Create
00d6f0f4 KaM_Expansion.exe KM_Main            258 TKMMain.Start
00d6f363 KaM_Expansion.exe KM_Main            305 TKMMain.Start
01003b2b KaM_Expansion.exe KaM_Expansion      480 initialization
01003b5a KaM_Expansion.exe KaM_Expansion      483 initialization
76c97ba7 KERNEL32.DLL                             BaseThreadInitThunk

19:30:23.890     0,073s      38ms   1200    'GameApp settings' was successfully saved to 'C:\Users\szyby\OneDrive\Dokumenty\My Games\Knights and Merchants Remake\KaM Remake Settings KingDyronMod.xml'
19:30:23.914     0,097s      24ms   1200    Start loading 'Server settings' from 'C:\Users\szyby\OneDrive\Dokumenty\My Games\Knights and Merchants Remake\KaM Remake Server Settings.ini'
19:30:23.921     0,104s       7ms   1200    'Server settings' was successfully loaded from 'C:\Users\szyby\OneDrive\Dokumenty\My Games\Knights and Merchants Remake\KaM Remake Server Settings.ini'
19:30:23.928     0,110s       6ms   1200    Start saving 'Server settings' to 'C:\Users\szyby\OneDrive\Dokumenty\My Games\Knights and Merchants Remake\KaM Remake Server Settings.ini'
00b58eb0 KaM_Expansion.exe KM_Settings       106 TKMSettings.SaveToDefaultFile
00b58f83 KaM_Expansion.exe KM_Settings       113 TKMSettings.SaveToDefaultFile
00b58b81 KaM_Expansion.exe KM_Settings        59 TKMSettings.Create
00c983a0 KaM_Expansion.exe KM_ServerSettings 109 TKMServerSettings.Create
00d644a8 KaM_Expansion.exe KM_GameApp        213 TKMGameApp.Create
00d648fa KaM_Expansion.exe KM_GameApp        295 TKMGameApp.Create
00d7036a KaM_Expansion.exe KM_Main           635 TKMMain.ReinitRender
00d70576 KaM_Expansion.exe KM_Main           689 TKMMain.ReinitRender
00d6f20a KaM_Expansion.exe KM_Main           281 TKMMain.Start
00d6f363 KaM_Expansion.exe KM_Main           305 TKMMain.Start
01003b2b KaM_Expansion.exe KaM_Expansion     480 initialization
01003b5a KaM_Expansion.exe KaM_Expansion     483 initialization
76c97ba7 KERNEL32.DLL                            BaseThreadInitThunk

19:30:23.941     0,124s      14ms   1200    'Server settings' was successfully saved to 'C:\Users\szyby\OneDrive\Dokumenty\My Games\Knights and Merchants Remake\KaM Remake Server Settings.ini'
19:30:23.948     0,130s       6ms   1200    Init Render started
19:30:24.094     0,277s     147ms   1200    GL_MAX_TEXTURE_SIZE = 32768
19:30:24.101     0,284s       7ms   1200    GL_MAX_VIEWPORT_DIM = 32768
                                      OpenGL Vendor: NVIDIA Corporation
                                      OpenGL Renderer: NVIDIA GeForce RTX 3060 Ti/PCIe/SSE2
                                      OpenGL Version: 4.6.0 NVIDIA 560.94
19:30:24.128     0,310s      26ms   1200    Init Render Done
19:30:24.133     0,316s       6ms   1200    Resource loading state - None
19:30:24.140     0,323s       7ms   1200    Reading palettes ... done
19:30:24.149     0,332s       9ms   1200    Reading GUI.rx
19:30:24.157     0,339s       7ms   1200    Load Sprites started
19:30:24.163     0,346s       7ms   1200    GUI - 966
19:30:24.184     0,367s      21ms   1200    Load Sprites Done
19:30:24.219     0,402s      35ms   1200    Reading GUIMain.rx
19:30:24.227     0,409s       7ms   1200    Load Sprites started
19:30:24.232     0,415s       6ms   1200    GUIMain - 105
19:30:24.285     0,467s      52ms   1200    Load Sprites Done
19:30:24.338     0,521s      54ms   1200    Reading Tileset.rx
19:30:24.346     0,528s       6ms   1200    Load Sprites started
19:30:24.351     0,533s       5ms   1200    Tileset - 5449
19:30:24.389     0,571s      38ms   1200    Load Sprites Done
19:30:24.395     0,578s       7ms   1200    GenerateTerrainTransitions started. Legacy = False
19:30:24.401     0,584s       6ms   1200    TexId = 5451 GenTilesCnt = 2100
19:30:24.409     0,591s       7ms   1200    TexId = 6051; TexId - fGenTexIdStartI = 600; uniqueTex = 600; totalTex = 1350
19:30:24.415     0,598s       7ms   1200    GeneratedMasks cnt = 20
19:30:24.423     0,605s       7ms   1200    GenerateTerrainTransitions Done
19:30:24.429     0,611s       6ms   1200    GenerateTerrainTransitions started. Legacy = True
19:30:24.435     0,618s       7ms   1200    Legacy: TexId = 4999 GenTilesCntTemp = 2030
19:30:24.443     0,626s       8ms   1200    TexId = 5463; TexId - fGenTexIdStartILegacy = 464; uniqueTex = 464; totalTex = 1044
19:30:24.449     0,632s       6ms   1200    GeneratedMasks cnt = 16
19:30:24.456     0,638s       6ms   1200    GenerateTerrainTransitions Done
19:30:24.566     0,748s     110ms   1200    Load font started
19:30:24.604     0,786s      38ms   1200    Font load took 38ms
19:30:24.610     0,792s       6ms   1200    Read fonts is done
19:30:24.628     0,810s      18ms   1200    ReadGFX is done
19:30:24.634     0,817s       7ms   1200    Resource loading state - Menu
19:30:24.642     0,825s       8ms  19580    OpenAL init started
19:30:25.275     1,458s     633ms   1200    Music init done, 24 tracks found
                                      Loading campaign images.rxx for HKS
19:30:25.300     1,483s      25ms   4100    Custom - 1
19:30:25.308     1,491s       8ms  19580    Pre-LoadSFX init ... done
19:30:25.315     1,497s       6ms  19580    ALC_MONO_SOURCES 255
19:30:25.321     1,503s       6ms  19580    ALC_STEREO_SOURCES 1
19:30:25.327     1,510s       7ms   1200    Main menu init done
19:30:25.334     1,517s       7ms  19580    OpenAL init done
19:30:25.356     1,539s      22ms   1200    Check game folder 'E:\programowanie\projekty delphi\kam_expansion\' generic permissions: READ: granted; WRITE: granted; EXECUTE: granted; folder is writable: 
19:30:25.364     1,546s       7ms   1200    LoadGameResources ... AlphaShadows: True. Forced: True
19:30:25.370     1,552s       6ms   1200    TKMResSprites.LoadGameResources
19:30:25.376     1,559s       7ms   1200    [AsyncGameResLoader Thread] Started
19:30:25.383     1,565s       6ms   1200    Resource loading state - Game
19:30:25.389     1,571s       6ms   1200    ToggleFullscreen
19:30:25.396     1,578s       6ms   1200    Form Width/Height: 1040:759
19:30:25.401     1,583s       5ms   1200    Panel Width/Height: 1024:720
19:30:25.408     1,591s       8ms   4592    [AsyncGameResLoader Thread] RT = rxTrees Stage = lsLoad
19:30:25.415     1,597s       6ms   4592    [AsyncGameResLoader Thread] Start Load RXX 'Trees.rxx'
19:30:25.423     1,606s       9ms   4592    Load Sprites started
19:30:25.432     1,615s       9ms   4592    Trees - 1216
                                      Loading campaign images.rxx for KSN
19:30:25.449     1,632s      17ms   4100    Custom - 1
19:30:25.459     1,641s       9ms   1200    Saving dev settings to file 'kmr_dev.xml'
19:30:25.495     1,678s      37ms   1200    Saving dev settings to file 'kmr_dev.xml'
19:30:25.509     1,691s      13ms   1200    Game Load Done in 1718
                                      Loading campaign images.rxx for KSO
19:30:25.533     1,715s      24ms   4100    Custom - 1
19:30:25.580     1,763s      48ms   4592    Load Sprites Done
                                      Loading campaign images.rxx for KSU
19:30:25.601     1,784s      21ms   4100    Custom - 1
                                      Loading campaign images.rxx for OFL
19:30:25.657     1,839s      55ms   4100    Custom - 1
19:30:25.678     1,861s      22ms   4592    [AsyncGameResLoader Thread] DONE Load RXX 'Trees.rxa'
19:30:25.685     1,867s       6ms   1200    [AsyncGameResLoader MainTh] [UpdateStateIdle] GenTextures RT = rxTrees Stage = lsGenMain
                                      Loading campaign images.rxx for OER
19:30:25.702     1,884s      17ms   4100    Custom - 1
19:30:25.709     1,891s       7ms   1200    [AsyncGameResLoader MainTh] [UpdateStateIdle] DONE
19:30:25.715     1,898s       7ms   4592    [AsyncGameResLoader Thread] RT = rxTrees Stage = lsOverload
19:30:25.721     1,904s       6ms   4592    [AsyncGameResLoader Thread] OverloadFromFolder RT = rxTrees
19:30:25.733     1,916s      12ms   4592    [AsyncGameResLoader Thread] DONE OverloadFromFolder RT = rxTrees
19:30:25.740     1,923s       7ms   1200    [AsyncGameResLoader MainTh] [UpdateStateIdle] GenTextures RT = rxTrees Stage = lsGenOverload
19:30:25.746     1,928s       5ms   1200    [AsyncGameResLoader MainTh] [UpdateStateIdle] DONE
19:30:25.752     1,935s       7ms   4592    [AsyncGameResLoader Thread] RT = rxHouses Stage = lsLoad
                                      Loading campaign images.rxx for TBK
19:30:25.765     1,947s      12ms   4592    [AsyncGameResLoader Thread] Start Load RXX 'Houses.rxx'
19:30:25.771     1,953s       6ms   4592    Load Sprites started
19:30:25.777     1,960s       7ms   4100    Custom - 1
19:30:25.784     1,966s       6ms   4592    Houses - 2709
                                      Loading campaign images.rxx for TPR
19:30:25.829     2,012s      46ms   4100    Custom - 1
                                      Loading campaign images.rxx for TSK
19:30:25.867     2,050s      38ms   4100    Custom - 1
                                      Loading campaign images.rxx for TUA
19:30:25.903     2,085s      35ms   4100    Custom - 1
19:30:25.977     2,159s      74ms   4592    Load Sprites Done
                                      Loading campaign images.rxx for TMR
19:30:26.050     2,233s      74ms   4100    Custom - 1
19:30:26.119     2,301s      68ms   4592    [AsyncGameResLoader Thread] DONE Load RXX 'Houses.rxa'
19:30:26.129     2,312s      11ms   1200    [AsyncGameResLoader MainTh] [UpdateStateIdle] GenTextures RT = rxHouses Stage = lsGenMain
19:30:26.143     2,326s      14ms   1200    [AsyncGameResLoader MainTh] [UpdateStateIdle] DONE
19:30:26.154     2,336s       9ms   4592    [AsyncGameResLoader Thread] RT = rxHouses Stage = lsOverload
19:30:26.161     2,343s       6ms   4592    [AsyncGameResLoader Thread] OverloadFromFolder RT = rxHouses
19:30:26.270     2,452s     109ms   4592    [AsyncGameResLoader Thread] DONE OverloadFromFolder RT = rxHouses
19:30:26.285     2,467s      15ms   1200    [AsyncGameResLoader MainTh] [UpdateStateIdle] GenTextures RT = rxHouses Stage = lsGenOverload
19:30:26.291     2,473s       6ms   1200    [AsyncGameResLoader MainTh] [UpdateStateIdle] DONE
19:30:26.297     2,480s       7ms   4592    [AsyncGameResLoader Thread] RT = rxUnits Stage = lsLoad
19:30:26.304     2,487s       7ms   4592    [AsyncGameResLoader Thread] Start Load RXX 'Units.rxx'
19:30:26.310     2,493s       6ms   4592    Load Sprites started
19:30:26.317     2,499s       6ms   4592    Units - 14845
19:30:27.115     3,298s     799ms   4592    Load Sprites Done
19:30:28.236     4,418s    1120ms   4592    [AsyncGameResLoader Thread] DONE Load RXX 'Units.rxa'
19:30:28.247     4,430s      12ms   1200    [AsyncGameResLoader MainTh] [UpdateStateIdle] GenTextures RT = rxUnits Stage = lsGenMain
19:30:28.313     4,496s      66ms   1200    [AsyncGameResLoader MainTh] [UpdateStateIdle] DONE
19:30:28.321     4,504s       8ms   4592    [AsyncGameResLoader Thread] RT = rxUnits Stage = lsOverload
19:30:28.328     4,510s       6ms   4592    [AsyncGameResLoader Thread] OverloadFromFolder RT = rxUnits
19:30:28.662     4,845s     335ms   4592    [AsyncGameResLoader Thread] DONE OverloadFromFolder RT = rxUnits
19:30:28.669     4,852s       7ms   1200    [AsyncGameResLoader MainTh] [UpdateStateIdle] GenTextures RT = rxUnits Stage = lsGenOverload
19:30:28.677     4,859s       7ms   1200    [AsyncGameResLoader Thread] Stopped
19:30:28.682     4,865s       6ms   1200    [AsyncGameResLoader MainTh] [UpdateStateIdle] DONE
                                      Loading campaign images.rxx for HKS
19:32:05.477   101,660s   96795ms  13380    Custom - 1
                                      Loading campaign images.rxx for KSN
19:32:05.555   101,737s      77ms  13380    Custom - 1
                                      Loading campaign images.rxx for KSO
19:32:05.613   101,795s      58ms  13380    Custom - 1
                                      Loading campaign images.rxx for KSU
19:32:05.669   101,851s      56ms  13380    Custom - 1
                                      Loading campaign images.rxx for OFL
19:32:05.717   101,900s      49ms  13380    Custom - 1
                                      Loading campaign images.rxx for OER
19:32:05.767   101,950s      50ms  13380    Custom - 1
                                      Loading campaign images.rxx for TBK
19:32:05.800   101,983s      33ms  13380    Custom - 1
                                      Loading campaign images.rxx for TPR
19:32:05.858   102,041s      58ms  13380    Custom - 1
                                      Loading campaign images.rxx for TSK
19:32:05.896   102,078s      37ms  13380    Custom - 1
                                      Loading campaign images.rxx for TUA
19:32:05.930   102,112s      34ms  13380    Custom - 1
                                      Loading campaign images.rxx for TMR
19:32:06.076   102,258s     146ms  13380    Custom - 1
19:32:06.453   102,635s     377ms   1200    LoadGameResources ... AlphaShadows: True. Forced: False
19:32:06.460   102,642s       7ms   1200    Resource loading state - Game
19:32:06.486   102,668s      26ms   1200    Saving dev settings to file 'kmr_dev.xml'
19:32:06.533   102,715s      46ms   1200    <== Game creation is done ==>
19:32:06.540   102,722s       7ms   1200    GameStart
19:32:06.545   102,728s       6ms   1200    Loading DAT file: E:\programowanie\projekty delphi\kam_expansion\Maps\7.Elite\7.Elite.dat
19:32:06.551   102,734s       6ms   1200    Loading map file: E:\programowanie\projekty delphi\kam_expansion\Maps\7.Elite\7.Elite.map
19:32:06.558   102,740s       6ms   1200    Map file loaded
19:32:06.767   102,950s     210ms   1200    Gameplay recording initialized ... done
19:32:06.774   102,957s       7ms   1200    Game options: PT = 0; SpeedPT = 1; SpeedAfterPT = 1; Seed = 0; Difficulty = mdNone
19:32:06.780   102,963s       6ms   1200    Gameplay initialized ... done
19:32:06.786   102,968s       5ms   1200    After game start
19:32:06.792   102,974s       6ms   1200    Set game seed: 1252255362
19:32:06.798   102,980s       6ms   1200    After game start ... done
19:32:32.985   129,167s   26187ms   1200    Saving dev settings to file 'kmr_dev.xml'
19:32:33.959   130,141s     974ms   1200    Stopping game application...
19:32:33.989   130,171s      30ms   1200    Gameplay ended - grSilent /
19:32:33.996   130,179s       8ms   1200    Start saving 'Server settings' to 'C:\Users\szyby\OneDrive\Dokumenty\My Games\Knights and Merchants Remake\KaM Remake Server Settings.ini'
00b58eb0 KaM_Expansion.exe KM_Settings        106 TKMSettings.SaveToDefaultFile
00b58f83 KaM_Expansion.exe KM_Settings        113 TKMSettings.SaveToDefaultFile
00b58bbc KaM_Expansion.exe KM_Settings         65 TKMSettings.Destroy
00c983e6 KaM_Expansion.exe KM_ServerSettings  117 TKMServerSettings.Destroy
005ba764 KaM_Expansion.exe System              23 TObject.Free
00888fbc KaM_Expansion.exe KromUtils          281 FreeThenNil
00d64b57 KaM_Expansion.exe KM_GameApp         330 TKMGameApp.Destroy
005ba764 KaM_Expansion.exe System              23 TObject.Free
00888fbc KaM_Expansion.exe KromUtils          281 FreeThenNil
00d6f785 KaM_Expansion.exe KM_Main            376 TKMMain.Stop
00d6f864 KaM_Expansion.exe KM_Main            405 TKMMain.Stop
00fee1c9 KaM_Expansion.exe KM_FormMain       2212 TFormMain.FormClose
00832df7 KaM_Expansion.exe Vcl.Forms              TCustomForm.DoClose
008387e5 KaM_Expansion.exe Vcl.Forms              TCustomForm.Close
00837424 KaM_Expansion.exe Vcl.Forms              TCustomForm.WMClose
00782cfa KaM_Expansion.exe Vcl.Controls           TControl.WndProc
00787ec1 KaM_Expansion.exe Vcl.Controls           TWinControl.WndProc
00833a38 KaM_Expansion.exe Vcl.Forms              TCustomForm.WndProc
00833a53 KaM_Expansion.exe Vcl.Forms              TCustomForm.WndProc
00fedcb5 KaM_Expansion.exe KM_FormMain       2051 TFormMain.WndProc

19:32:34.017   130,200s      21ms   1200    'Server settings' was successfully saved to 'C:\Users\szyby\OneDrive\Dokumenty\My Games\Knights and Merchants Remake\KaM Remake Server Settings.ini'
19:32:34.234   130,416s     215ms   1200    Start saving 'GameApp settings' to 'C:\Users\szyby\OneDrive\Dokumenty\My Games\Knights and Merchants Remake\KaM Remake Settings KingDyronMod.xml'
00b58eb0 KaM_Expansion.exe KM_Settings         106 TKMSettings.SaveToDefaultFile
00b58f83 KaM_Expansion.exe KM_Settings         113 TKMSettings.SaveToDefaultFile
00b58bbc KaM_Expansion.exe KM_Settings          65 TKMSettings.Destroy
00b59316 KaM_Expansion.exe KM_SettingsXML       44 TKMSettingsXML.Destroy
00b59642 KaM_Expansion.exe KM_GameAppSettings   57 TKMGameAppSettings.Destroy
005ba764 KaM_Expansion.exe System               23 TObject.Free
00888fbc KaM_Expansion.exe KromUtils           281 FreeThenNil
00d6f78f KaM_Expansion.exe KM_Main             378 TKMMain.Stop
00d6f864 KaM_Expansion.exe KM_Main             405 TKMMain.Stop
00fee1c9 KaM_Expansion.exe KM_FormMain        2212 TFormMain.FormClose
00832df7 KaM_Expansion.exe Vcl.Forms               TCustomForm.DoClose
008387e5 KaM_Expansion.exe Vcl.Forms               TCustomForm.Close
00837424 KaM_Expansion.exe Vcl.Forms               TCustomForm.WMClose
00782cfa KaM_Expansion.exe Vcl.Controls            TControl.WndProc
00787ec1 KaM_Expansion.exe Vcl.Controls            TWinControl.WndProc
00833a38 KaM_Expansion.exe Vcl.Forms               TCustomForm.WndProc
00833a53 KaM_Expansion.exe Vcl.Forms               TCustomForm.WndProc
00fedcb5 KaM_Expansion.exe KM_FormMain        2051 TFormMain.WndProc
007873cc KaM_Expansion.exe Vcl.Controls            TWinControl.MainWndProc
007873e7 KaM_Expansion.exe Vcl.Controls            TWinControl.MainWndProc

19:32:34.248   130,431s      15ms   1200    'GameApp settings' was successfully saved to 'C:\Users\szyby\OneDrive\Dokumenty\My Games\Knights and Merchants Remake\KaM Remake Settings KingDyronMod.xml'
