   Timestamp    Elapsed     Delta  Thread    Description
========================
    Date: 2024.12.28
========================
18:40:02.495     0,006s       6ms  13728    Log is up and running. Game version: KaM Expansion: Co-op & World Update
18:40:02.502     0,013s       7ms  13728    Game Load started
18:40:02.609     0,120s     107ms  13728    Start loading 'GameApp settings' from 'C:\Users\szyby\OneDrive\Dokumenty\My Games\Knights and Merchants Remake\KaM Remake Settings KingDyronMod.xml'
18:40:02.616     0,127s       7ms  13728    'GameApp settings' was successfully loaded from 'C:\Users\szyby\OneDrive\Dokumenty\My Games\Knights and Merchants Remake\KaM Remake Settings KingDyronMod.xml'
18:40:02.632     0,143s       5ms  13728    Start saving 'GameApp settings' to 'C:\Users\szyby\OneDrive\Dokumenty\My Games\Knights and Merchants Remake\KaM Remake Settings KingDyronMod.xml'
00d43790 KaM_Expansion.exe KM_Settings        106 TKMSettings.SaveToDefaultFile
00d43863 KaM_Expansion.exe KM_Settings        113 TKMSettings.SaveToDefaultFile
00d43461 KaM_Expansion.exe KM_Settings         59 TKMSettings.Create
00d43b9e KaM_Expansion.exe KM_SettingsXML      38 TKMSettingsXML.Create
00d43edf KaM_Expansion.exe KM_GameAppSettings  51 TKMGameAppSettings.Create
00f5e794 KaM_Expansion.exe KM_Main            258 TKMMain.Start
00f5ea18 KaM_Expansion.exe KM_Main            305 TKMMain.Start
011dcb2b KaM_Expansion.exe KaM_Expansion      479 initialization
011dcb5a KaM_Expansion.exe KaM_Expansion      482 initialization
76df7ba7 KERNEL32.DLL                             BaseThreadInitThunk

18:40:02.669     0,181s      38ms  13728    'GameApp settings' was successfully saved to 'C:\Users\szyby\OneDrive\Dokumenty\My Games\Knights and Merchants Remake\KaM Remake Settings KingDyronMod.xml'
18:40:02.700     0,211s      30ms  13728    Start loading 'Server settings' from 'C:\Users\szyby\OneDrive\Dokumenty\My Games\Knights and Merchants Remake\KaM Remake Server Settings.ini'
18:40:02.706     0,217s       6ms  13728    'Server settings' was successfully loaded from 'C:\Users\szyby\OneDrive\Dokumenty\My Games\Knights and Merchants Remake\KaM Remake Server Settings.ini'
18:40:02.712     0,223s       6ms  13728    Start saving 'Server settings' to 'C:\Users\szyby\OneDrive\Dokumenty\My Games\Knights and Merchants Remake\KaM Remake Server Settings.ini'
00d43790 KaM_Expansion.exe KM_Settings       106 TKMSettings.SaveToDefaultFile
00d43863 KaM_Expansion.exe KM_Settings       113 TKMSettings.SaveToDefaultFile
00d43461 KaM_Expansion.exe KM_Settings        59 TKMSettings.Create
00e87a0c KaM_Expansion.exe KM_ServerSettings 109 TKMServerSettings.Create
00f53b14 KaM_Expansion.exe KM_GameApp        213 TKMGameApp.Create
00f53f66 KaM_Expansion.exe KM_GameApp        295 TKMGameApp.Create
00f5fa3e KaM_Expansion.exe KM_Main           635 TKMMain.ReinitRender
00f5fc4a KaM_Expansion.exe KM_Main           689 TKMMain.ReinitRender
00f5e8aa KaM_Expansion.exe KM_Main           281 TKMMain.Start
00f5ea18 KaM_Expansion.exe KM_Main           305 TKMMain.Start
011dcb2b KaM_Expansion.exe KaM_Expansion     479 initialization
011dcb5a KaM_Expansion.exe KaM_Expansion     482 initialization
76df7ba7 KERNEL32.DLL                            BaseThreadInitThunk

18:40:02.725     0,236s      13ms  13728    'Server settings' was successfully saved to 'C:\Users\szyby\OneDrive\Dokumenty\My Games\Knights and Merchants Remake\KaM Remake Server Settings.ini'
18:40:02.732     0,243s       7ms  13728    Init Render started
18:40:02.893     0,404s     161ms  13728    GL_MAX_TEXTURE_SIZE = 32768
18:40:02.900     0,411s       7ms  13728    GL_MAX_VIEWPORT_DIM = 32768
                                      OpenGL Vendor: NVIDIA Corporation
                                      OpenGL Renderer: NVIDIA GeForce RTX 3060 Ti/PCIe/SSE2
                                      OpenGL Version: 4.6.0 NVIDIA 560.81
18:40:02.927     0,438s      26ms  13728    Init Render Done
18:40:02.935     0,446s       8ms  13728    Resource loading state - None
18:40:02.942     0,453s       7ms  13728    Reading palettes ... done
18:40:02.951     0,462s       9ms  13728    Reading GUI.rx
18:40:02.958     0,469s       7ms  13728    Load Sprites started
18:40:02.969     0,480s      11ms  13728    GUI - 966
18:40:02.991     0,502s      22ms  13728    Load Sprites Done
18:40:03.029     0,541s      39ms  13728    Reading GUIMain.rx
18:40:03.036     0,547s       6ms  13728    Load Sprites started
18:40:03.043     0,554s       7ms  13728    GUIMain - 105
18:40:03.098     0,609s      55ms  13728    Load Sprites Done
18:40:03.156     0,667s      58ms  13728    Reading Tileset.rx
18:40:03.165     0,676s       9ms  13728    Load Sprites started
18:40:03.173     0,684s       8ms  13728    Tileset - 5449
18:40:03.193     0,704s      20ms  13728    Load Sprites Done
18:40:03.200     0,711s       7ms  13728    GenerateTerrainTransitions started. Legacy = False
18:40:03.206     0,718s       7ms  13728    TexId = 5451 GenTilesCnt = 2100
18:40:03.216     0,727s       9ms  13728    TexId = 6051; TexId - fGenTexIdStartI = 600; uniqueTex = 600; totalTex = 1350
18:40:03.222     0,733s       6ms  13728    GeneratedMasks cnt = 20
18:40:03.229     0,740s       7ms  13728    GenerateTerrainTransitions Done
18:40:03.236     0,747s       7ms  13728    GenerateTerrainTransitions started. Legacy = True
18:40:03.243     0,754s       7ms  13728    Legacy: TexId = 4999 GenTilesCntTemp = 2030
18:40:03.250     0,761s       7ms  13728    TexId = 5463; TexId - fGenTexIdStartILegacy = 464; uniqueTex = 464; totalTex = 1044
18:40:03.256     0,767s       6ms  13728    GeneratedMasks cnt = 16
18:40:03.266     0,777s      10ms  13728    GenerateTerrainTransitions Done
18:40:03.384     0,895s     118ms  13728    Load font started
18:40:03.422     0,933s      38ms  13728    Font load took 38ms
18:40:03.431     0,942s       9ms  13728    Read fonts is done
18:40:03.448     0,959s      17ms  13728    ReadGFX is done
18:40:03.456     0,967s       8ms  13728    Resource loading state - Menu
18:40:03.464     0,976s       9ms  16012    OpenAL init started
18:40:03.488     0,999s      23ms  13728    Music init done, 24 tracks found
                                      Loading campaign images.rxx for HKS
18:40:03.517     1,028s      29ms   4468    Custom - 1
18:40:03.524     1,036s       8ms  16012    Pre-LoadSFX init ... done
18:40:03.532     1,044s       8ms  16012    ALC_MONO_SOURCES 255
18:40:03.539     1,050s       6ms  16012    ALC_STEREO_SOURCES 1
18:40:03.548     1,059s       9ms  13728    Main menu init done
18:40:03.554     1,065s       6ms  16012    OpenAL init done
18:40:03.576     1,087s      22ms  13728    Check game folder 'E:\programowanie\projekty delphi\kam_expansion\' generic permissions: READ: granted; WRITE: granted; EXECUTE: granted; folder is writable: 
18:40:03.584     1,095s       8ms  13728    LoadGameResources ... AlphaShadows: True. Forced: True
18:40:03.590     1,101s       6ms  13728    TKMResSprites.LoadGameResources
18:40:03.597     1,109s       8ms  13728    [AsyncGameResLoader Thread] Started
18:40:03.604     1,115s       6ms  13728    Resource loading state - Game
18:40:03.611     1,122s       7ms  13728    ToggleFullscreen
18:40:03.620     1,132s      10ms  13728    Form Width/Height: 1040:876
18:40:03.627     1,138s       6ms  13728    Panel Width/Height: 1024:837
18:40:03.635     1,147s       9ms    356    [AsyncGameResLoader Thread] RT = rxTrees Stage = lsLoad
18:40:03.642     1,153s       6ms    356    [AsyncGameResLoader Thread] Start Load RXX 'Trees.rxx'
18:40:03.650     1,161s       7ms    356    Load Sprites started
18:40:03.657     1,168s       7ms    356    Trees - 1216
18:40:03.674     1,186s       7ms  13728    Saving dev settings to file 'kmr_dev.xml'
                                      Loading campaign images.rxx for KSN
18:40:03.693     1,204s      18ms   4468    Custom - 1
18:40:03.700     1,211s       7ms  13728    Saving dev settings to file 'kmr_dev.xml'
18:40:03.708     1,219s       8ms  13728    Game Load Done in 1242
                                      Loading campaign images.rxx for KSO
18:40:03.760     1,271s      52ms   4468    Custom - 1
                                      Loading campaign images.rxx for KSU
18:40:03.832     1,343s      72ms   4468    Custom - 1
18:40:03.871     1,382s      39ms    356    Load Sprites Done
                                      Loading campaign images.rxx for OFL
18:40:03.903     1,415s      33ms   4468    Custom - 1
                                      Loading campaign images.rxx for OER
18:40:03.954     1,465s      50ms   4468    Custom - 1
                                      Loading campaign images.rxx for TBK
18:40:03.996     1,507s      42ms   4468    Custom - 1
18:40:04.005     1,517s      10ms    356    [AsyncGameResLoader Thread] DONE Load RXX 'Trees.rxa'
18:40:04.016     1,528s      11ms  13728    [AsyncGameResLoader MainTh] [UpdateStateIdle] GenTextures RT = rxTrees Stage = lsGenMain
18:40:04.029     1,540s      12ms  13728    [AsyncGameResLoader MainTh] [UpdateStateIdle] DONE
18:40:04.036     1,547s       7ms    356    [AsyncGameResLoader Thread] RT = rxTrees Stage = lsOverload
18:40:04.042     1,553s       6ms    356    [AsyncGameResLoader Thread] OverloadFromFolder RT = rxTrees
                                      Loading campaign images.rxx for TPR
18:40:04.068     1,579s      26ms   4468    Custom - 1
                                      Loading campaign images.rxx for TSK
18:40:04.117     1,628s      49ms   4468    Custom - 1
18:40:04.126     1,637s       9ms    356    [AsyncGameResLoader Thread] DONE OverloadFromFolder RT = rxTrees
18:40:04.137     1,648s      11ms  13728    [AsyncGameResLoader MainTh] [UpdateStateIdle] GenTextures RT = rxTrees Stage = lsGenOverload
18:40:04.145     1,656s       8ms  13728    [AsyncGameResLoader MainTh] [UpdateStateIdle] DONE
18:40:04.152     1,663s       7ms    356    [AsyncGameResLoader Thread] RT = rxHouses Stage = lsLoad
                                      Loading campaign images.rxx for TUA
18:40:04.166     1,677s      14ms    356    [AsyncGameResLoader Thread] Start Load RXX 'Houses.rxx'
18:40:04.172     1,683s       6ms    356    Load Sprites started
18:40:04.182     1,693s      10ms   4468    Custom - 1
18:40:04.189     1,700s       7ms    356    Houses - 2709
                                      Loading campaign images.rxx for TMR
18:40:04.337     1,848s     148ms   4468    Custom - 1
18:40:04.439     1,950s     102ms    356    Load Sprites Done
18:40:04.596     2,107s     157ms    356    [AsyncGameResLoader Thread] DONE Load RXX 'Houses.rxa'
18:40:04.608     2,120s      13ms  13728    [AsyncGameResLoader MainTh] [UpdateStateIdle] GenTextures RT = rxHouses Stage = lsGenMain
18:40:04.634     2,145s      25ms  13728    [AsyncGameResLoader MainTh] [UpdateStateIdle] DONE
18:40:04.642     2,153s       8ms    356    [AsyncGameResLoader Thread] RT = rxHouses Stage = lsOverload
18:40:04.650     2,161s       8ms    356    [AsyncGameResLoader Thread] OverloadFromFolder RT = rxHouses
18:40:04.822     2,333s     172ms    356    [AsyncGameResLoader Thread] DONE OverloadFromFolder RT = rxHouses
18:40:04.834     2,345s      12ms  13728    [AsyncGameResLoader MainTh] [UpdateStateIdle] GenTextures RT = rxHouses Stage = lsGenOverload
18:40:04.840     2,351s       6ms  13728    [AsyncGameResLoader MainTh] [UpdateStateIdle] DONE
18:40:04.848     2,359s       8ms    356    [AsyncGameResLoader Thread] RT = rxUnits Stage = lsLoad
18:40:04.855     2,366s       7ms    356    [AsyncGameResLoader Thread] Start Load RXX 'Units.rxx'
18:40:04.862     2,373s       7ms    356    Load Sprites started
18:40:04.870     2,381s       8ms    356    Units - 14845
18:40:06.632     4,143s    1762ms    356    Load Sprites Done
18:40:07.800     5,311s    1168ms    356    [AsyncGameResLoader Thread] DONE Load RXX 'Units.rxa'
18:40:07.809     5,320s       9ms  13728    [AsyncGameResLoader MainTh] [UpdateStateIdle] GenTextures RT = rxUnits Stage = lsGenMain
18:40:07.874     5,385s      65ms  13728    [AsyncGameResLoader MainTh] [UpdateStateIdle] DONE
18:40:07.882     5,393s       8ms    356    [AsyncGameResLoader Thread] RT = rxUnits Stage = lsOverload
18:40:07.888     5,399s       6ms    356    [AsyncGameResLoader Thread] OverloadFromFolder RT = rxUnits
18:40:08.989     6,500s    1101ms    356    [AsyncGameResLoader Thread] DONE OverloadFromFolder RT = rxUnits
18:40:08.997     6,508s       8ms  13728    [AsyncGameResLoader MainTh] [UpdateStateIdle] GenTextures RT = rxUnits Stage = lsGenOverload
18:40:09.002     6,513s       5ms  13728    [AsyncGameResLoader Thread] Stopped
18:40:09.009     6,520s       7ms  13728    [AsyncGameResLoader MainTh] [UpdateStateIdle] DONE
18:41:13.628    71,139s   64619ms  13728    Saving dev settings to file 'kmr_dev.xml'
18:41:13.635    71,146s       7ms  13728    Stopping game application...
18:41:13.641    71,152s       6ms  13728    Start saving 'Server settings' to 'C:\Users\szyby\OneDrive\Dokumenty\My Games\Knights and Merchants Remake\KaM Remake Server Settings.ini'
00d43790 KaM_Expansion.exe KM_Settings        106 TKMSettings.SaveToDefaultFile
00d43863 KaM_Expansion.exe KM_Settings        113 TKMSettings.SaveToDefaultFile
00d4349c KaM_Expansion.exe KM_Settings         65 TKMSettings.Destroy
00e87a52 KaM_Expansion.exe KM_ServerSettings  117 TKMServerSettings.Destroy
007aa764 KaM_Expansion.exe System              20 TObject.Free
00a7980c KaM_Expansion.exe KromUtils          281 FreeThenNil
00f541c3 KaM_Expansion.exe KM_GameApp         330 TKMGameApp.Destroy
007aa764 KaM_Expansion.exe System              20 TObject.Free
00a7980c KaM_Expansion.exe KromUtils          281 FreeThenNil
00f5ee59 KaM_Expansion.exe KM_Main            376 TKMMain.Stop
00f5ef38 KaM_Expansion.exe KM_Main            405 TKMMain.Stop
011c7825 KaM_Expansion.exe KM_FormMain       2212 TFormMain.FormClose
00a236a7 KaM_Expansion.exe Vcl.Forms              TCustomForm.DoClose
00a29095 KaM_Expansion.exe Vcl.Forms              TCustomForm.Close
00a27cd4 KaM_Expansion.exe Vcl.Forms              TCustomForm.WMClose
00972cfa KaM_Expansion.exe Vcl.Controls           TControl.WndProc
00977ec1 KaM_Expansion.exe Vcl.Controls           TWinControl.WndProc
00a242e8 KaM_Expansion.exe Vcl.Forms              TCustomForm.WndProc
00a24303 KaM_Expansion.exe Vcl.Forms              TCustomForm.WndProc
011c7311 KaM_Expansion.exe KM_FormMain       2051 TFormMain.WndProc

18:41:13.663    71,174s      22ms  13728    'Server settings' was successfully saved to 'C:\Users\szyby\OneDrive\Dokumenty\My Games\Knights and Merchants Remake\KaM Remake Server Settings.ini'
18:41:13.881    71,392s     218ms  13728    Start saving 'GameApp settings' to 'C:\Users\szyby\OneDrive\Dokumenty\My Games\Knights and Merchants Remake\KaM Remake Settings KingDyronMod.xml'
00d43790 KaM_Expansion.exe KM_Settings         106 TKMSettings.SaveToDefaultFile
00d43863 KaM_Expansion.exe KM_Settings         113 TKMSettings.SaveToDefaultFile
00d4349c KaM_Expansion.exe KM_Settings          65 TKMSettings.Destroy
00d43bf6 KaM_Expansion.exe KM_SettingsXML       44 TKMSettingsXML.Destroy
00d43f22 KaM_Expansion.exe KM_GameAppSettings   57 TKMGameAppSettings.Destroy
007aa764 KaM_Expansion.exe System               20 TObject.Free
00a7980c KaM_Expansion.exe KromUtils           281 FreeThenNil
00f5ee63 KaM_Expansion.exe KM_Main             378 TKMMain.Stop
00f5ef38 KaM_Expansion.exe KM_Main             405 TKMMain.Stop
011c7825 KaM_Expansion.exe KM_FormMain        2212 TFormMain.FormClose
00a236a7 KaM_Expansion.exe Vcl.Forms               TCustomForm.DoClose
00a29095 KaM_Expansion.exe Vcl.Forms               TCustomForm.Close
00a27cd4 KaM_Expansion.exe Vcl.Forms               TCustomForm.WMClose
00972cfa KaM_Expansion.exe Vcl.Controls            TControl.WndProc
00977ec1 KaM_Expansion.exe Vcl.Controls            TWinControl.WndProc
00a242e8 KaM_Expansion.exe Vcl.Forms               TCustomForm.WndProc
00a24303 KaM_Expansion.exe Vcl.Forms               TCustomForm.WndProc
011c7311 KaM_Expansion.exe KM_FormMain        2051 TFormMain.WndProc
009773cc KaM_Expansion.exe Vcl.Controls            TWinControl.MainWndProc
009773e7 KaM_Expansion.exe Vcl.Controls            TWinControl.MainWndProc

18:41:13.896    71,407s      15ms  13728    'GameApp settings' was successfully saved to 'C:\Users\szyby\OneDrive\Dokumenty\My Games\Knights and Merchants Remake\KaM Remake Settings KingDyronMod.xml'
