   Timestamp    Elapsed     Delta  Thread    Description
========================
    Date: 2025.01.03
========================
19:39:15.353     0,001s       1ms   1264    Log is up and running. Game version: KaM Expansion: Co-op & World Update
19:39:15.360     0,009s       7ms   1264    Game Load started
19:39:15.371     0,019s      10ms   1264    Start loading 'GameApp settings' from 'C:\Users\szyby\OneDrive\Dokumenty\My Games\Knights and Merchants Remake\KaM Remake Settings KingDyronMod.xml'
19:39:15.376     0,024s       5ms   1264    'GameApp settings' was successfully loaded from 'C:\Users\szyby\OneDrive\Dokumenty\My Games\Knights and Merchants Remake\KaM Remake Settings KingDyronMod.xml'
19:39:15.382     0,030s       5ms   1264    Start saving 'GameApp settings' to 'C:\Users\szyby\OneDrive\Dokumenty\My Games\Knights and Merchants Remake\KaM Remake Settings KingDyronMod.xml'
00ec8110 KaM_Expansion.exe KM_Settings        106 TKMSettings.SaveToDefaultFile
00ec81e3 KaM_Expansion.exe KM_Settings        113 TKMSettings.SaveToDefaultFile
00ec7de1 KaM_Expansion.exe KM_Settings         59 TKMSettings.Create
00ec851e KaM_Expansion.exe KM_SettingsXML      38 TKMSettingsXML.Create
00ec885f KaM_Expansion.exe KM_GameAppSettings  51 TKMGameAppSettings.Create
010de434 KaM_Expansion.exe KM_Main            259 TKMMain.Start
010de6a3 KaM_Expansion.exe KM_Main            306 TKMMain.Start
01361b2b KaM_Expansion.exe KaM_Expansion      480 initialization
01361b5a KaM_Expansion.exe KaM_Expansion      483 initialization
762b7ba7 KERNEL32.DLL                             BaseThreadInitThunk

19:39:15.419     0,067s      37ms   1264    'GameApp settings' was successfully saved to 'C:\Users\szyby\OneDrive\Dokumenty\My Games\Knights and Merchants Remake\KaM Remake Settings KingDyronMod.xml'
19:39:15.448     0,096s      29ms   1264    Start loading 'Server settings' from 'C:\Users\szyby\OneDrive\Dokumenty\My Games\Knights and Merchants Remake\KaM Remake Server Settings.ini'
19:39:15.455     0,103s       7ms   1264    'Server settings' was successfully loaded from 'C:\Users\szyby\OneDrive\Dokumenty\My Games\Knights and Merchants Remake\KaM Remake Server Settings.ini'
19:39:15.462     0,110s       7ms   1264    Start saving 'Server settings' to 'C:\Users\szyby\OneDrive\Dokumenty\My Games\Knights and Merchants Remake\KaM Remake Server Settings.ini'
00ec8110 KaM_Expansion.exe KM_Settings       106 TKMSettings.SaveToDefaultFile
00ec81e3 KaM_Expansion.exe KM_Settings       113 TKMSettings.SaveToDefaultFile
00ec7de1 KaM_Expansion.exe KM_Settings        59 TKMSettings.Create
010076e0 KaM_Expansion.exe KM_ServerSettings 109 TKMServerSettings.Create
010d37e8 KaM_Expansion.exe KM_GameApp        213 TKMGameApp.Create
010d3c3a KaM_Expansion.exe KM_GameApp        295 TKMGameApp.Create
010df6aa KaM_Expansion.exe KM_Main           636 TKMMain.ReinitRender
010df8b6 KaM_Expansion.exe KM_Main           691 TKMMain.ReinitRender
010de54a KaM_Expansion.exe KM_Main           282 TKMMain.Start
010de6a3 KaM_Expansion.exe KM_Main           306 TKMMain.Start
01361b2b KaM_Expansion.exe KaM_Expansion     480 initialization
01361b5a KaM_Expansion.exe KaM_Expansion     483 initialization
762b7ba7 KERNEL32.DLL                            BaseThreadInitThunk

19:39:15.473     0,121s      11ms   1264    'Server settings' was successfully saved to 'C:\Users\szyby\OneDrive\Dokumenty\My Games\Knights and Merchants Remake\KaM Remake Server Settings.ini'
19:39:15.480     0,128s       7ms   1264    Init Render started
19:39:15.615     0,263s     135ms   1264    GL_MAX_TEXTURE_SIZE = 32768
19:39:15.621     0,269s       6ms   1264    GL_MAX_VIEWPORT_DIM = 32768
                                      OpenGL Vendor: NVIDIA Corporation
                                      OpenGL Renderer: NVIDIA GeForce RTX 3060 Ti/PCIe/SSE2
                                      OpenGL Version: 4.6.0 NVIDIA 560.94
19:39:15.654     0,302s      32ms   1264    Init Render Done
19:39:15.663     0,311s       9ms   1264    Resource loading state - None
19:39:15.673     0,321s      10ms   1264    Reading palettes ... done
19:39:16.309     0,957s     636ms   1264    Reading GUI.rx
19:39:16.316     0,964s       7ms   1264    Load Sprites started
19:39:16.322     0,970s       6ms   1264    GUI - 966
19:39:16.342     0,991s      21ms   1264    Load Sprites Done
19:39:16.373     1,022s      31ms   1264    Reading GUIMain.rx
19:39:16.380     1,028s       6ms   1264    Load Sprites started
19:39:16.386     1,034s       6ms   1264    GUIMain - 105
19:39:16.436     1,085s      51ms   1264    Load Sprites Done
19:39:16.485     1,133s      48ms   1264    Reading Tileset.rx
19:39:16.491     1,140s       7ms   1264    Load Sprites started
19:39:16.497     1,146s       6ms   1264    Tileset - 5449
19:39:16.533     1,181s      35ms   1264    Load Sprites Done
19:39:16.540     1,188s       7ms   1264    GenerateTerrainTransitions started. Legacy = False
19:39:16.546     1,194s       6ms   1264    TexId = 5451 GenTilesCnt = 2100
19:39:16.552     1,200s       6ms   1264    TexId = 6051; TexId - fGenTexIdStartI = 600; uniqueTex = 600; totalTex = 1350
19:39:16.558     1,206s       6ms   1264    GeneratedMasks cnt = 20
19:39:16.564     1,212s       6ms   1264    GenerateTerrainTransitions Done
19:39:16.570     1,218s       6ms   1264    GenerateTerrainTransitions started. Legacy = True
19:39:16.576     1,224s       6ms   1264    Legacy: TexId = 4999 GenTilesCntTemp = 2030
19:39:16.581     1,230s       6ms   1264    TexId = 5463; TexId - fGenTexIdStartILegacy = 464; uniqueTex = 464; totalTex = 1044
19:39:16.587     1,236s       6ms   1264    GeneratedMasks cnt = 16
19:39:16.594     1,242s       6ms   1264    GenerateTerrainTransitions Done
19:39:17.111     1,759s     517ms   1264    Load font started
19:39:17.149     1,797s      37ms   1264    Font load took 35ms
19:39:17.155     1,803s       6ms   1264    Read fonts is done
19:39:18.216     2,865s    1062ms   1264    ReadGFX is done
19:39:18.226     2,874s       9ms   1264    Resource loading state - Menu
19:39:18.234     2,882s       8ms  15832    OpenAL init started
19:39:18.843     3,491s     609ms   1264    Music init done, 24 tracks found
                                      Loading campaign images.rxx for HKS
19:39:18.867     3,516s      25ms  21564    Custom - 1
19:39:18.874     3,523s       7ms  15832    Pre-LoadSFX init ... done
19:39:18.882     3,530s       7ms  15832    ALC_MONO_SOURCES 255
19:39:18.889     3,537s       7ms  15832    ALC_STEREO_SOURCES 1
19:39:18.896     3,544s       7ms   1264    Main menu init done
19:39:18.902     3,550s       6ms  15832    OpenAL init done
19:39:18.923     3,571s      21ms   1264    Check game folder 'E:\programowanie\projekty delphi\kam_expansion\' generic permissions: READ: granted; WRITE: granted; EXECUTE: granted; folder is writable: 
19:39:18.930     3,578s       7ms   1264    LoadGameResources ... AlphaShadows: True. Forced: True
19:39:18.936     3,584s       6ms   1264    TKMResSprites.LoadGameResources
19:39:18.942     3,591s       7ms   1264    [AsyncGameResLoader Thread] Started
19:39:18.948     3,596s       5ms   1264    Resource loading state - Game
19:39:18.954     3,602s       6ms   1264    ToggleFullscreen
19:39:18.959     3,608s       6ms   1264    Form Width/Height: 1040:759
19:39:18.965     3,614s       6ms   1264    Panel Width/Height: 1024:720
19:39:18.972     3,620s       6ms   9472    [AsyncGameResLoader Thread] RT = rxTrees Stage = lsLoad
19:39:18.978     3,627s       6ms   9472    [AsyncGameResLoader Thread] Start Load RXX 'Trees.rxx'
19:39:18.985     3,634s       6ms   9472    Load Sprites started
19:39:18.993     3,641s       7ms   9472    Trees - 1216
                                      Loading campaign images.rxx for KSN
19:39:19.010     3,658s      17ms  21564    Custom - 1
19:39:19.017     3,665s       7ms   1264    Saving dev settings to file 'kmr_dev.xml'
19:39:19.054     3,702s      37ms   1264    Saving dev settings to file 'kmr_dev.xml'
19:39:19.066     3,714s      12ms   1264    Game Load Done in 3744
                                      Loading campaign images.rxx for KSO
19:39:19.097     3,745s      31ms  21564    Custom - 1
19:39:19.126     3,774s      29ms   9472    Load Sprites Done
                                      Loading campaign images.rxx for KSU
19:39:19.154     3,802s      28ms  21564    Custom - 1
                                      Loading campaign images.rxx for OFL
19:39:19.202     3,850s      48ms  21564    Custom - 1
19:39:19.222     3,870s      20ms   9472    [AsyncGameResLoader Thread] DONE Load RXX 'Trees.rxa'
19:39:19.229     3,878s       8ms   1264    [AsyncGameResLoader MainTh] [UpdateStateIdle] GenTextures RT = rxTrees Stage = lsGenMain
                                      Loading campaign images.rxx for OER
19:39:19.246     3,894s      16ms  21564    Custom - 1
19:39:19.251     3,900s       6ms   1264    [AsyncGameResLoader MainTh] [UpdateStateIdle] DONE
19:39:19.259     3,907s       6ms   9472    [AsyncGameResLoader Thread] RT = rxTrees Stage = lsOverload
19:39:19.265     3,913s       6ms   9472    [AsyncGameResLoader Thread] OverloadFromFolder RT = rxTrees
19:39:19.280     3,928s      15ms   9472    [AsyncGameResLoader Thread] DONE OverloadFromFolder RT = rxTrees
                                      Loading campaign images.rxx for TBK
19:39:19.294     3,943s      14ms  21564    Custom - 1
19:39:19.301     3,949s       6ms   1264    [AsyncGameResLoader MainTh] [UpdateStateIdle] GenTextures RT = rxTrees Stage = lsGenOverload
19:39:19.307     3,955s       6ms   1264    [AsyncGameResLoader MainTh] [UpdateStateIdle] DONE
19:39:19.314     3,963s       7ms   9472    [AsyncGameResLoader Thread] RT = rxHouses Stage = lsLoad
19:39:19.321     3,969s       6ms   9472    [AsyncGameResLoader Thread] Start Load RXX 'Houses.rxx'
19:39:19.327     3,975s       6ms   9472    Load Sprites started
19:39:19.334     3,982s       7ms   9472    Houses - 2709
                                      Loading campaign images.rxx for TPR
19:39:19.348     3,996s      14ms  21564    Custom - 1
                                      Loading campaign images.rxx for TSK
19:39:19.386     4,034s      38ms  21564    Custom - 1
                                      Loading campaign images.rxx for TUA
19:39:19.426     4,074s      40ms  21564    Custom - 1
19:39:19.513     4,161s      87ms   9472    Load Sprites Done
                                      Loading campaign images.rxx for TMR
19:39:19.572     4,220s      59ms  21564    Custom - 1
19:39:19.645     4,293s      73ms   9472    [AsyncGameResLoader Thread] DONE Load RXX 'Houses.rxa'
19:39:19.652     4,300s       7ms   1264    [AsyncGameResLoader MainTh] [UpdateStateIdle] GenTextures RT = rxHouses Stage = lsGenMain
19:39:19.666     4,314s      14ms   1264    [AsyncGameResLoader MainTh] [UpdateStateIdle] DONE
19:39:19.674     4,322s       8ms   9472    [AsyncGameResLoader Thread] RT = rxHouses Stage = lsOverload
19:39:19.681     4,329s       7ms   9472    [AsyncGameResLoader Thread] OverloadFromFolder RT = rxHouses
19:39:19.790     4,438s     109ms   9472    [AsyncGameResLoader Thread] DONE OverloadFromFolder RT = rxHouses
19:39:19.803     4,452s      14ms   1264    [AsyncGameResLoader MainTh] [UpdateStateIdle] GenTextures RT = rxHouses Stage = lsGenOverload
19:39:19.810     4,458s       6ms   1264    [AsyncGameResLoader MainTh] [UpdateStateIdle] DONE
19:39:19.816     4,464s       6ms   9472    [AsyncGameResLoader Thread] RT = rxUnits Stage = lsLoad
19:39:19.824     4,473s       9ms   9472    [AsyncGameResLoader Thread] Start Load RXX 'Units.rxx'
19:39:19.831     4,479s       6ms   9472    Load Sprites started
19:39:19.837     4,486s       6ms   9472    Units - 14845
19:39:20.617     5,266s     780ms   9472    Load Sprites Done
19:39:20.694     5,343s      77ms   1264    Stopping game application...
19:39:20.701     5,349s       6ms   1264    Start saving 'Server settings' to 'C:\Users\szyby\OneDrive\Dokumenty\My Games\Knights and Merchants Remake\KaM Remake Server Settings.ini'
00ec8110 KaM_Expansion.exe KM_Settings           106 TKMSettings.SaveToDefaultFile
00ec81e3 KaM_Expansion.exe KM_Settings           113 TKMSettings.SaveToDefaultFile
00ec7e1c KaM_Expansion.exe KM_Settings            65 TKMSettings.Destroy
01007726 KaM_Expansion.exe KM_ServerSettings     117 TKMServerSettings.Destroy
0092a764 KaM_Expansion.exe System                 23 TObject.Free
00bf8fbc KaM_Expansion.exe KromUtils             281 FreeThenNil
010d3e97 KaM_Expansion.exe KM_GameApp            330 TKMGameApp.Destroy
0092a764 KaM_Expansion.exe System                 23 TObject.Free
00bf8fbc KaM_Expansion.exe KromUtils             281 FreeThenNil
010deac5 KaM_Expansion.exe KM_Main               377 TKMMain.Stop
010deba4 KaM_Expansion.exe KM_Main               406 TKMMain.Stop
0101967a KaM_Expansion.exe KM_GUIMenuMain        123 TKMMenuMain.ButtonClick
0101969a KaM_Expansion.exe KM_GUIMenuMain        124 TKMMenuMain.ButtonClick
012e4f61 KaM_Expansion.exe KM_Controls          1242 TKMControl.DoClick
012e3564 KaM_Expansion.exe KM_Controls           690 TKMControl.MouseUp
012db58e KaM_Expansion.exe KM_ControlsBase       805 TKMButton.MouseUp
012e7655 KaM_Expansion.exe KM_Controls          2274 TKMMasterControl.MouseUp
010b8355 KaM_Expansion.exe KM_InterfaceMainMenu  479 TKMMainMenuInterface.MouseUp
010d4a66 KaM_Expansion.exe KM_GameApp            559 TKMGameApp.MouseUp
01344cf1 KaM_Expansion.exe KM_FormMain           697 TFormMain.RenderAreaMouseUp

19:39:20.718     5,366s      17ms   1264    'Server settings' was successfully saved to 'C:\Users\szyby\OneDrive\Dokumenty\My Games\Knights and Merchants Remake\KaM Remake Server Settings.ini'
19:39:21.043     5,691s     325ms   9472    [AsyncGameResLoader Thread] DONE Load RXX 'Units.rxa'
19:39:21.051     5,699s       8ms   1264    [AsyncGameResLoader Thread] Stopped
19:39:21.284     5,932s     233ms   1264    Start saving 'GameApp settings' to 'C:\Users\szyby\OneDrive\Dokumenty\My Games\Knights and Merchants Remake\KaM Remake Settings KingDyronMod.xml'
00ec8110 KaM_Expansion.exe KM_Settings           106 TKMSettings.SaveToDefaultFile
00ec81e3 KaM_Expansion.exe KM_Settings           113 TKMSettings.SaveToDefaultFile
00ec7e1c KaM_Expansion.exe KM_Settings            65 TKMSettings.Destroy
00ec8576 KaM_Expansion.exe KM_SettingsXML         44 TKMSettingsXML.Destroy
00ec88a2 KaM_Expansion.exe KM_GameAppSettings     57 TKMGameAppSettings.Destroy
0092a764 KaM_Expansion.exe System                 23 TObject.Free
00bf8fbc KaM_Expansion.exe KromUtils             281 FreeThenNil
010deacf KaM_Expansion.exe KM_Main               379 TKMMain.Stop
010deba4 KaM_Expansion.exe KM_Main               406 TKMMain.Stop
0101967a KaM_Expansion.exe KM_GUIMenuMain        123 TKMMenuMain.ButtonClick
0101969a KaM_Expansion.exe KM_GUIMenuMain        124 TKMMenuMain.ButtonClick
012e4f61 KaM_Expansion.exe KM_Controls          1242 TKMControl.DoClick
012e3564 KaM_Expansion.exe KM_Controls           690 TKMControl.MouseUp
012db58e KaM_Expansion.exe KM_ControlsBase       805 TKMButton.MouseUp
012e7655 KaM_Expansion.exe KM_Controls          2274 TKMMasterControl.MouseUp
010b8355 KaM_Expansion.exe KM_InterfaceMainMenu  479 TKMMainMenuInterface.MouseUp
010d4a66 KaM_Expansion.exe KM_GameApp            559 TKMGameApp.MouseUp
01344cf1 KaM_Expansion.exe KM_FormMain           697 TFormMain.RenderAreaMouseUp
00af3644 KaM_Expansion.exe Vcl.Controls              TControl.MouseUp
00af3684 KaM_Expansion.exe Vcl.Controls              TControl.DoMouseUp

19:39:21.311     5,959s      27ms   1264    'GameApp settings' was successfully saved to 'C:\Users\szyby\OneDrive\Dokumenty\My Games\Knights and Merchants Remake\KaM Remake Settings KingDyronMod.xml'
