   Timestamp    Elapsed     Delta  Thread    Description
========================
    Date: 2025.01.03
========================
19:42:28.981     0,001s       1ms  12056    Log is up and running. Game version: KaM Expansion: Co-op & World Update
19:42:28.986     0,006s       5ms  12056    Game Load started
19:42:28.994     0,014s       8ms  12056    Start loading 'GameApp settings' from 'C:\Users\szyby\OneDrive\Dokumenty\My Games\Knights and Merchants Remake\KaM Remake Settings KingDyronMod.xml'
19:42:29.000     0,020s       6ms  12056    'GameApp settings' was successfully loaded from 'C:\Users\szyby\OneDrive\Dokumenty\My Games\Knights and Merchants Remake\KaM Remake Settings KingDyronMod.xml'
19:42:29.016     0,036s       5ms  12056    Start saving 'GameApp settings' to 'C:\Users\szyby\OneDrive\Dokumenty\My Games\Knights and Merchants Remake\KaM Remake Settings KingDyronMod.xml'
00dd8144 KaM_Expansion.exe KM_Settings        106 TKMSettings.SaveToDefaultFile
00dd8217 KaM_Expansion.exe KM_Settings        113 TKMSettings.SaveToDefaultFile
00dd7e15 KaM_Expansion.exe KM_Settings         59 TKMSettings.Create
00dd8552 KaM_Expansion.exe KM_SettingsXML      38 TKMSettingsXML.Create
00dd8893 KaM_Expansion.exe KM_GameAppSettings  51 TKMGameAppSettings.Create
00fee477 KaM_Expansion.exe KM_Main            261 TKMMain.Start
00fee6e6 KaM_Expansion.exe KM_Main            308 TKMMain.Start
01271b2b KaM_Expansion.exe KaM_Expansion      480 initialization
01271b5a KaM_Expansion.exe KaM_Expansion      483 initialization
762b7ba7 KERNEL32.DLL                             BaseThreadInitThunk

19:42:29.054     0,074s      38ms  12056    'GameApp settings' was successfully saved to 'C:\Users\szyby\OneDrive\Dokumenty\My Games\Knights and Merchants Remake\KaM Remake Settings KingDyronMod.xml'
19:42:29.082     0,102s      28ms  12056    Start loading 'Server settings' from 'C:\Users\szyby\OneDrive\Dokumenty\My Games\Knights and Merchants Remake\KaM Remake Server Settings.ini'
19:42:29.089     0,109s       7ms  12056    'Server settings' was successfully loaded from 'C:\Users\szyby\OneDrive\Dokumenty\My Games\Knights and Merchants Remake\KaM Remake Server Settings.ini'
19:42:29.096     0,116s       7ms  12056    Start saving 'Server settings' to 'C:\Users\szyby\OneDrive\Dokumenty\My Games\Knights and Merchants Remake\KaM Remake Server Settings.ini'
00dd8144 KaM_Expansion.exe KM_Settings       106 TKMSettings.SaveToDefaultFile
00dd8217 KaM_Expansion.exe KM_Settings       113 TKMSettings.SaveToDefaultFile
00dd7e15 KaM_Expansion.exe KM_Settings        59 TKMSettings.Create
00f17714 KaM_Expansion.exe KM_ServerSettings 109 TKMServerSettings.Create
00fe381c KaM_Expansion.exe KM_GameApp        213 TKMGameApp.Create
00fe3c6e KaM_Expansion.exe KM_GameApp        295 TKMGameApp.Create
00fef6ee KaM_Expansion.exe KM_Main           638 TKMMain.ReinitRender
00fef8fa KaM_Expansion.exe KM_Main           693 TKMMain.ReinitRender
00fee58d KaM_Expansion.exe KM_Main           284 TKMMain.Start
00fee6e6 KaM_Expansion.exe KM_Main           308 TKMMain.Start
01271b2b KaM_Expansion.exe KaM_Expansion     480 initialization
01271b5a KaM_Expansion.exe KaM_Expansion     483 initialization
762b7ba7 KERNEL32.DLL                            BaseThreadInitThunk

19:42:29.110     0,130s      14ms  12056    'Server settings' was successfully saved to 'C:\Users\szyby\OneDrive\Dokumenty\My Games\Knights and Merchants Remake\KaM Remake Server Settings.ini'
19:42:29.117     0,137s       7ms  12056    Init Render started
19:42:29.266     0,286s     149ms  12056    GL_MAX_TEXTURE_SIZE = 32768
19:42:29.273     0,293s       6ms  12056    GL_MAX_VIEWPORT_DIM = 32768
                                      OpenGL Vendor: NVIDIA Corporation
                                      OpenGL Renderer: NVIDIA GeForce RTX 3060 Ti/PCIe/SSE2
                                      OpenGL Version: 4.6.0 NVIDIA 560.94
19:42:29.301     0,321s      28ms  12056    Init Render Done
19:42:29.307     0,327s       6ms  12056    Resource loading state - None
19:42:29.314     0,334s       7ms  12056    Reading palettes ... done
19:42:29.923     0,943s     609ms  12056    Reading GUI.rx
19:42:29.930     0,950s       7ms  12056    Load Sprites started
19:42:29.936     0,956s       6ms  12056    GUI - 966
19:42:29.956     0,976s      20ms  12056    Load Sprites Done
19:42:29.989     1,009s      33ms  12056    Reading GUIMain.rx
19:42:29.996     1,016s       7ms  12056    Load Sprites started
19:42:30.002     1,023s       7ms  12056    GUIMain - 105
19:42:30.053     1,073s      50ms  12056    Load Sprites Done
19:42:30.102     1,122s      49ms  12056    Reading Tileset.rx
19:42:30.109     1,129s       7ms  12056    Load Sprites started
19:42:30.116     1,136s       6ms  12056    Tileset - 5449
19:42:30.152     1,172s      36ms  12056    Load Sprites Done
19:42:30.158     1,178s       6ms  12056    GenerateTerrainTransitions started. Legacy = False
19:42:30.165     1,185s       7ms  12056    TexId = 5451 GenTilesCnt = 2100
19:42:30.172     1,192s       7ms  12056    TexId = 6051; TexId - fGenTexIdStartI = 600; uniqueTex = 600; totalTex = 1350
19:42:30.177     1,197s       5ms  12056    GeneratedMasks cnt = 20
19:42:30.184     1,204s       7ms  12056    GenerateTerrainTransitions Done
19:42:30.189     1,209s       5ms  12056    GenerateTerrainTransitions started. Legacy = True
19:42:30.195     1,215s       6ms  12056    Legacy: TexId = 4999 GenTilesCntTemp = 2030
19:42:30.202     1,222s       7ms  12056    TexId = 5463; TexId - fGenTexIdStartILegacy = 464; uniqueTex = 464; totalTex = 1044
19:42:30.207     1,227s       5ms  12056    GeneratedMasks cnt = 16
19:42:30.213     1,233s       6ms  12056    GenerateTerrainTransitions Done
19:42:30.717     1,737s     504ms  12056    Load font started
19:42:30.754     1,774s      37ms  12056    Font load took 37ms
19:42:30.761     1,781s       7ms  12056    Read fonts is done
19:42:31.779     2,799s    1018ms  12056    ReadGFX is done
19:42:31.786     2,806s       8ms  12056    Resource loading state - Menu
19:42:31.794     2,814s       7ms  19540    OpenAL init started
19:42:32.416     3,436s     622ms  12056    Music init done, 24 tracks found
                                      Loading campaign images.rxx for HKS
19:42:32.440     3,461s      24ms  20664    Custom - 1
19:42:32.448     3,468s       6ms  19540    Pre-LoadSFX init ... done
19:42:32.455     3,475s       7ms  19540    ALC_MONO_SOURCES 255
19:42:32.461     3,481s       6ms  19540    ALC_STEREO_SOURCES 1
19:42:32.468     3,488s       6ms  12056    Main menu init done
19:42:32.474     3,494s       6ms  19540    OpenAL init done
19:42:32.496     3,516s      22ms  12056    Check game folder 'E:\programowanie\projekty delphi\kam_expansion\' generic permissions: READ: granted; WRITE: granted; EXECUTE: granted; folder is writable: 
19:42:32.504     3,524s       8ms  12056    LoadGameResources ... AlphaShadows: True. Forced: True
19:42:32.521     3,541s      17ms  12056    TKMResSprites.LoadGameResources
19:42:32.528     3,548s       7ms  12056    [AsyncGameResLoader Thread] Started
19:42:32.534     3,554s       6ms  12056    Resource loading state - Game
19:42:32.542     3,562s       8ms  12056    ToggleFullscreen
19:42:32.548     3,569s       7ms  12056    Form Width/Height: 1040:759
19:42:32.554     3,575s       6ms  12056    Panel Width/Height: 1024:720
19:42:32.562     3,582s       7ms  20948    [AsyncGameResLoader Thread] RT = rxTrees Stage = lsLoad
19:42:32.569     3,589s       7ms  20948    [AsyncGameResLoader Thread] Start Load RXX 'Trees.rxx'
19:42:32.576     3,596s       7ms  20948    Load Sprites started
19:42:32.583     3,603s       7ms  20948    Trees - 1216
                                      Loading campaign images.rxx for KSN
19:42:32.601     3,621s      17ms  20664    Custom - 1
19:42:32.607     3,627s       6ms  12056    Saving dev settings to file 'kmr_dev.xml'
19:42:32.642     3,662s      35ms  12056    Saving dev settings to file 'kmr_dev.xml'
                                      Loading campaign images.rxx for KSO
19:42:32.667     3,687s      25ms  20664    Custom - 1
19:42:32.674     3,694s       7ms  12056    Game Load Done in 3815
                                      Loading campaign images.rxx for KSU
19:42:32.724     3,744s      50ms  20664    Custom - 1
19:42:32.730     3,750s       6ms  20948    Load Sprites Done
                                      Loading campaign images.rxx for OFL
19:42:32.772     3,792s      42ms  20664    Custom - 1
                                      Loading campaign images.rxx for OER
19:42:32.813     3,833s      41ms  20664    Custom - 1
19:42:32.827     3,847s      13ms  20948    [AsyncGameResLoader Thread] DONE Load RXX 'Trees.rxa'
19:42:32.849     3,869s      22ms  12056    [AsyncGameResLoader MainTh] [UpdateStateIdle] GenTextures RT = rxTrees Stage = lsGenMain
                                      Loading campaign images.rxx for TBK
19:42:32.868     3,888s      18ms  20664    Custom - 1
19:42:32.875     3,895s       6ms  12056    [AsyncGameResLoader MainTh] [UpdateStateIdle] DONE
19:42:32.881     3,901s       6ms  20948    [AsyncGameResLoader Thread] RT = rxTrees Stage = lsOverload
19:42:32.887     3,907s       6ms  20948    [AsyncGameResLoader Thread] OverloadFromFolder RT = rxTrees
19:42:32.900     3,920s      13ms  20948    [AsyncGameResLoader Thread] DONE OverloadFromFolder RT = rxTrees
19:42:32.906     3,926s       6ms  12056    [AsyncGameResLoader MainTh] [UpdateStateIdle] GenTextures RT = rxTrees Stage = lsGenOverload
19:42:32.913     3,933s       7ms  12056    [AsyncGameResLoader MainTh] [UpdateStateIdle] DONE
19:42:32.919     3,939s       6ms  20948    [AsyncGameResLoader Thread] RT = rxHouses Stage = lsLoad
                                      Loading campaign images.rxx for TPR
19:42:32.932     3,952s      13ms  20948    [AsyncGameResLoader Thread] Start Load RXX 'Houses.rxx'
19:42:32.940     3,960s       7ms  20948    Load Sprites started
19:42:32.952     3,972s      12ms  20664    Custom - 1
19:42:32.959     3,979s       7ms  20948    Houses - 2709
                                      Loading campaign images.rxx for TSK
19:42:33.000     4,020s      41ms  20664    Custom - 1
                                      Loading campaign images.rxx for TUA
19:42:33.041     4,061s      41ms  20664    Custom - 1
19:42:33.156     4,176s     115ms  20948    Load Sprites Done
                                      Loading campaign images.rxx for TMR
19:42:33.191     4,211s      35ms  20664    Custom - 1
19:42:33.292     4,313s     102ms  20948    [AsyncGameResLoader Thread] DONE Load RXX 'Houses.rxa'
19:42:33.326     4,346s      33ms  12056    [AsyncGameResLoader MainTh] [UpdateStateIdle] GenTextures RT = rxHouses Stage = lsGenMain
19:42:33.341     4,361s      14ms  12056    [AsyncGameResLoader MainTh] [UpdateStateIdle] DONE
19:42:33.348     4,368s       7ms  20948    [AsyncGameResLoader Thread] RT = rxHouses Stage = lsOverload
19:42:33.355     4,375s       7ms  20948    [AsyncGameResLoader Thread] OverloadFromFolder RT = rxHouses
19:42:33.465     4,485s     110ms  20948    [AsyncGameResLoader Thread] DONE OverloadFromFolder RT = rxHouses
19:42:33.481     4,501s      16ms  12056    [AsyncGameResLoader MainTh] [UpdateStateIdle] GenTextures RT = rxHouses Stage = lsGenOverload
19:42:33.487     4,507s       6ms  12056    [AsyncGameResLoader MainTh] [UpdateStateIdle] DONE
19:42:33.494     4,514s       7ms  20948    [AsyncGameResLoader Thread] RT = rxUnits Stage = lsLoad
19:42:33.501     4,521s       7ms  20948    [AsyncGameResLoader Thread] Start Load RXX 'Units.rxx'
19:42:33.507     4,527s       6ms  20948    Load Sprites started
19:42:33.514     4,534s       7ms  20948    Units - 14845
19:42:33.945     4,965s     431ms  12056    Stopping game application...
19:42:33.952     4,972s       7ms  12056    Start saving 'Server settings' to 'C:\Users\szyby\OneDrive\Dokumenty\My Games\Knights and Merchants Remake\KaM Remake Server Settings.ini'
00dd8144 KaM_Expansion.exe KM_Settings           106 TKMSettings.SaveToDefaultFile
00dd8217 KaM_Expansion.exe KM_Settings           113 TKMSettings.SaveToDefaultFile
00dd7e50 KaM_Expansion.exe KM_Settings            65 TKMSettings.Destroy
00f1775a KaM_Expansion.exe KM_ServerSettings     117 TKMServerSettings.Destroy
0083a764 KaM_Expansion.exe System                 23 TObject.Free
00b08fbc KaM_Expansion.exe KromUtils             281 FreeThenNil
00fe3ecb KaM_Expansion.exe KM_GameApp            330 TKMGameApp.Destroy
0083a764 KaM_Expansion.exe System                 23 TObject.Free
00b08fbc KaM_Expansion.exe KromUtils             281 FreeThenNil
00feeb09 KaM_Expansion.exe KM_Main               379 TKMMain.Stop
00feebe8 KaM_Expansion.exe KM_Main               408 TKMMain.Stop
00f296ae KaM_Expansion.exe KM_GUIMenuMain        123 TKMMenuMain.ButtonClick
00f296ce KaM_Expansion.exe KM_GUIMenuMain        124 TKMMenuMain.ButtonClick
011f4fb1 KaM_Expansion.exe KM_Controls          1242 TKMControl.DoClick
011f35b4 KaM_Expansion.exe KM_Controls           690 TKMControl.MouseUp
011eb5de KaM_Expansion.exe KM_ControlsBase       805 TKMButton.MouseUp
011f76a5 KaM_Expansion.exe KM_Controls          2274 TKMMasterControl.MouseUp
00fc8389 KaM_Expansion.exe KM_InterfaceMainMenu  479 TKMMainMenuInterface.MouseUp
00fe4a9a KaM_Expansion.exe KM_GameApp            559 TKMGameApp.MouseUp
01254d41 KaM_Expansion.exe KM_FormMain           697 TFormMain.RenderAreaMouseUp

19:42:33.970     4,990s      18ms  12056    'Server settings' was successfully saved to 'C:\Users\szyby\OneDrive\Dokumenty\My Games\Knights and Merchants Remake\KaM Remake Server Settings.ini'
19:42:34.296     5,317s     327ms  20948    Load Sprites Done
19:42:34.305     5,325s       8ms  12056    [AsyncGameResLoader Thread] Stopped
19:42:34.529     5,549s     224ms  12056    Start saving 'GameApp settings' to 'C:\Users\szyby\OneDrive\Dokumenty\My Games\Knights and Merchants Remake\KaM Remake Settings KingDyronMod.xml'
00dd8144 KaM_Expansion.exe KM_Settings           106 TKMSettings.SaveToDefaultFile
00dd8217 KaM_Expansion.exe KM_Settings           113 TKMSettings.SaveToDefaultFile
00dd7e50 KaM_Expansion.exe KM_Settings            65 TKMSettings.Destroy
00dd85aa KaM_Expansion.exe KM_SettingsXML         44 TKMSettingsXML.Destroy
00dd88d6 KaM_Expansion.exe KM_GameAppSettings     57 TKMGameAppSettings.Destroy
0083a764 KaM_Expansion.exe System                 23 TObject.Free
00b08fbc KaM_Expansion.exe KromUtils             281 FreeThenNil
00feeb13 KaM_Expansion.exe KM_Main               381 TKMMain.Stop
00feebe8 KaM_Expansion.exe KM_Main               408 TKMMain.Stop
00f296ae KaM_Expansion.exe KM_GUIMenuMain        123 TKMMenuMain.ButtonClick
00f296ce KaM_Expansion.exe KM_GUIMenuMain        124 TKMMenuMain.ButtonClick
011f4fb1 KaM_Expansion.exe KM_Controls          1242 TKMControl.DoClick
011f35b4 KaM_Expansion.exe KM_Controls           690 TKMControl.MouseUp
011eb5de KaM_Expansion.exe KM_ControlsBase       805 TKMButton.MouseUp
011f76a5 KaM_Expansion.exe KM_Controls          2274 TKMMasterControl.MouseUp
00fc8389 KaM_Expansion.exe KM_InterfaceMainMenu  479 TKMMainMenuInterface.MouseUp
00fe4a9a KaM_Expansion.exe KM_GameApp            559 TKMGameApp.MouseUp
01254d41 KaM_Expansion.exe KM_FormMain           697 TFormMain.RenderAreaMouseUp
00a03644 KaM_Expansion.exe Vcl.Controls              TControl.MouseUp
00a03684 KaM_Expansion.exe Vcl.Controls              TControl.DoMouseUp

19:42:34.544     5,565s      16ms  12056    'GameApp settings' was successfully saved to 'C:\Users\szyby\OneDrive\Dokumenty\My Games\Knights and Merchants Remake\KaM Remake Settings KingDyronMod.xml'
