   Timestamp    Elapsed     Delta  Thread    Description
========================
    Date: 2025.01.06
========================
13:47:06.399     0,001s       1ms   6868    Log is up and running. Game version: KaM Expansion: Co-op & World Update
13:47:06.405     0,006s       5ms   6868    Game Load started
13:47:06.415     0,017s      11ms   6868    Start loading 'GameApp settings' from 'C:\Users\szyby\OneDrive\Dokumenty\My Games\Knights and Merchants Remake\KaM Remake Settings KingDyronMod.xml'
13:47:06.420     0,022s       5ms   6868    'GameApp settings' was successfully loaded from 'C:\Users\szyby\OneDrive\Dokumenty\My Games\Knights and Merchants Remake\KaM Remake Settings KingDyronMod.xml'
13:47:06.437     0,039s       6ms   6868    Start saving 'GameApp settings' to 'C:\Users\szyby\OneDrive\Dokumenty\My Games\Knights and Merchants Remake\KaM Remake Settings KingDyronMod.xml'
01378b84 KaM_Expansion.exe KM_Settings        106 TKMSettings.SaveToDefaultFile
01378c57 KaM_Expansion.exe KM_Settings        113 TKMSettings.SaveToDefaultFile
01378855 KaM_Expansion.exe KM_Settings         59 TKMSettings.Create
01378f92 KaM_Expansion.exe KM_SettingsXML      38 TKMSettingsXML.Create
013792d3 KaM_Expansion.exe KM_GameAppSettings  51 TKMGameAppSettings.Create
0158fdcc KaM_Expansion.exe KM_Main            258 TKMMain.Start
0159003b KaM_Expansion.exe KM_Main            305 TKMMain.Start
0181ab2b KaM_Expansion.exe KaM_Expansion      480 initialization
0181ab5a KaM_Expansion.exe KaM_Expansion      483 initialization
76c97ba7 KERNEL32.DLL                             BaseThreadInitThunk

13:47:06.475     0,077s      38ms   6868    'GameApp settings' was successfully saved to 'C:\Users\szyby\OneDrive\Dokumenty\My Games\Knights and Merchants Remake\KaM Remake Settings KingDyronMod.xml'
13:47:06.503     0,104s      27ms   6868    Start loading 'Server settings' from 'C:\Users\szyby\OneDrive\Dokumenty\My Games\Knights and Merchants Remake\KaM Remake Server Settings.ini'
13:47:06.509     0,110s       6ms   6868    'Server settings' was successfully loaded from 'C:\Users\szyby\OneDrive\Dokumenty\My Games\Knights and Merchants Remake\KaM Remake Server Settings.ini'
13:47:06.515     0,117s       7ms   6868    Start saving 'Server settings' to 'C:\Users\szyby\OneDrive\Dokumenty\My Games\Knights and Merchants Remake\KaM Remake Server Settings.ini'
01378b84 KaM_Expansion.exe KM_Settings       106 TKMSettings.SaveToDefaultFile
01378c57 KaM_Expansion.exe KM_Settings       113 TKMSettings.SaveToDefaultFile
01378855 KaM_Expansion.exe KM_Settings        59 TKMSettings.Create
014b91d4 KaM_Expansion.exe KM_ServerSettings 109 TKMServerSettings.Create
015852d7 KaM_Expansion.exe KM_GameApp        213 TKMGameApp.Create
01585602 KaM_Expansion.exe KM_GameApp        298 TKMGameApp.Create
01591042 KaM_Expansion.exe KM_Main           635 TKMMain.ReinitRender
0159124e KaM_Expansion.exe KM_Main           689 TKMMain.ReinitRender
0158fee2 KaM_Expansion.exe KM_Main           281 TKMMain.Start
0159003b KaM_Expansion.exe KM_Main           305 TKMMain.Start
0181ab2b KaM_Expansion.exe KaM_Expansion     480 initialization
0181ab5a KaM_Expansion.exe KaM_Expansion     483 initialization
76c97ba7 KERNEL32.DLL                            BaseThreadInitThunk

13:47:06.529     0,130s      13ms   6868    'Server settings' was successfully saved to 'C:\Users\szyby\OneDrive\Dokumenty\My Games\Knights and Merchants Remake\KaM Remake Server Settings.ini'
13:47:06.535     0,137s       7ms   6868    Init Render started
13:47:06.678     0,279s     142ms   6868    GL_MAX_TEXTURE_SIZE = 32768
13:47:06.684     0,286s       7ms   6868    GL_MAX_VIEWPORT_DIM = 32768
                                      OpenGL Vendor: NVIDIA Corporation
                                      OpenGL Renderer: NVIDIA GeForce RTX 3060 Ti/PCIe/SSE2
                                      OpenGL Version: 4.6.0 NVIDIA 560.94
13:47:06.711     0,312s      26ms   6868    Init Render Done
13:47:06.716     0,318s       6ms   6868    Resource loading state - None
13:47:06.724     0,325s       7ms   6868    Reading palettes ... done
13:47:06.733     0,335s      10ms   6868    Reading GUI.rx
13:47:06.740     0,341s       6ms   6868    Load Sprites started
13:47:06.747     0,348s       7ms   6868    GUI - 971
13:47:06.764     0,365s      17ms   6868    Load Sprites Done
13:47:06.798     0,399s      34ms   6868    Reading GUIMain.rx
13:47:06.805     0,406s       7ms   6868    Load Sprites started
13:47:06.812     0,413s       7ms   6868    GUIMain - 105
13:47:06.862     0,463s      50ms   6868    Load Sprites Done
13:47:06.914     0,516s      53ms   6868    Reading Tileset.rx
13:47:06.921     0,523s       7ms   6868    Load Sprites started
13:47:06.928     0,529s       6ms   6868    Tileset - 5449
13:47:06.941     0,543s      14ms   6868    Load Sprites Done
13:47:06.949     0,550s       6ms   6868    GenerateTerrainTransitions started. Legacy = False
13:47:06.955     0,557s       6ms   6868    TexId = 5451 GenTilesCnt = 2100
13:47:06.961     0,563s       6ms   6868    TexId = 6051; TexId - fGenTexIdStartI = 600; uniqueTex = 600; totalTex = 1350
13:47:06.968     0,569s       6ms   6868    GeneratedMasks cnt = 20
13:47:06.974     0,576s       7ms   6868    GenerateTerrainTransitions Done
13:47:06.980     0,582s       6ms   6868    GenerateTerrainTransitions started. Legacy = True
13:47:06.987     0,588s       6ms   6868    Legacy: TexId = 4999 GenTilesCntTemp = 2030
13:47:06.992     0,594s       6ms   6868    TexId = 5463; TexId - fGenTexIdStartILegacy = 464; uniqueTex = 464; totalTex = 1044
13:47:06.999     0,600s       6ms   6868    GeneratedMasks cnt = 16
13:47:07.004     0,606s       6ms   6868    GenerateTerrainTransitions Done
13:47:07.111     0,713s     107ms   6868    Load font started
13:47:07.148     0,750s      37ms   6868    Font load took 37ms
13:47:07.155     0,756s       6ms   6868    Read fonts is done
13:47:07.173     0,774s      18ms   6868    ReadGFX is done
13:47:07.180     0,781s       7ms   6868    Resource loading state - Menu
13:47:07.189     0,791s      10ms  19812    OpenAL init started
13:47:07.829     1,430s     639ms   6868    Music init done, 24 tracks found
                                      Loading campaign images.rxx for HKS
13:47:07.853     1,455s      25ms  14996    Custom - 1
13:47:07.861     1,463s       8ms  19812    Pre-LoadSFX init ... done
13:47:07.868     1,469s       6ms  19812    ALC_MONO_SOURCES 255
13:47:07.875     1,477s       8ms  19812    ALC_STEREO_SOURCES 1
13:47:07.882     1,484s       7ms   6868    Main menu init done
13:47:07.889     1,490s       6ms  19812    OpenAL init done
13:47:07.911     1,512s      22ms   6868    Check game folder 'E:\programowanie\projekty delphi\kam_expansion\' generic permissions: READ: granted; WRITE: granted; EXECUTE: granted; folder is writable: 
13:47:07.918     1,520s       8ms   6868    LoadGameResources ... AlphaShadows: True. Forced: True
13:47:07.925     1,526s       6ms   6868    TKMResSprites.LoadGameResources
13:47:07.931     1,532s       6ms   6868    [AsyncGameResLoader Thread] Started
13:47:07.937     1,539s       7ms   6868    Resource loading state - Game
13:47:07.945     1,546s       6ms   6868    ToggleFullscreen
13:47:07.952     1,554s       8ms   6868    Form Width/Height: 1040:759
13:47:07.958     1,560s       6ms   6868    Panel Width/Height: 1024:720
13:47:07.966     1,567s       7ms  11440    [AsyncGameResLoader Thread] RT = rxTrees Stage = lsLoad
13:47:07.973     1,574s       7ms  11440    [AsyncGameResLoader Thread] Start Load RXX 'Trees.rxx'
13:47:07.980     1,581s       7ms  11440    Load Sprites started
13:47:07.987     1,588s       7ms  11440    Trees - 1227
13:47:08.001     1,602s      14ms   6868    Saving dev settings to file 'kmr_dev.xml'
                                      Loading campaign images.rxx for KSN
13:47:08.021     1,623s      21ms  14996    Custom - 1
13:47:08.029     1,630s       7ms   6868    Saving dev settings to file 'kmr_dev.xml'
13:47:08.036     1,638s       8ms   6868    Game Load Done in 1666
                                      Loading campaign images.rxx for KSO
13:47:08.093     1,695s      57ms  14996    Custom - 1
13:47:08.127     1,728s      33ms  11440    Load Sprites Done
                                      Loading campaign images.rxx for KSU
13:47:08.165     1,766s      38ms  14996    Custom - 1
                                      Loading campaign images.rxx for OFL
13:47:08.214     1,816s      50ms  14996    Custom - 1
13:47:08.224     1,825s       9ms  11440    [AsyncGameResLoader Thread] DONE Load RXX 'Trees.rxa'
13:47:08.235     1,837s      12ms   6868    [AsyncGameResLoader MainTh] [UpdateStateIdle] GenTextures RT = rxTrees Stage = lsGenMain
13:47:08.248     1,849s      12ms   6868    [AsyncGameResLoader MainTh] [UpdateStateIdle] DONE
13:47:08.255     1,857s       8ms  11440    [AsyncGameResLoader Thread] RT = rxTrees Stage = lsOverload
13:47:08.261     1,863s       6ms  11440    [AsyncGameResLoader Thread] OverloadFromFolder RT = rxTrees
                                      Loading campaign images.rxx for OER
13:47:08.274     1,876s      13ms  11440    [AsyncGameResLoader Thread] DONE OverloadFromFolder RT = rxTrees
13:47:08.280     1,882s       6ms  14996    Custom - 1
13:47:08.287     1,888s       6ms   6868    [AsyncGameResLoader MainTh] [UpdateStateIdle] GenTextures RT = rxTrees Stage = lsGenOverload
13:47:08.293     1,894s       6ms   6868    [AsyncGameResLoader MainTh] [UpdateStateIdle] DONE
13:47:08.299     1,901s       7ms  11440    [AsyncGameResLoader Thread] RT = rxHouses Stage = lsLoad
13:47:08.305     1,906s       5ms  11440    [AsyncGameResLoader Thread] Start Load RXX 'Houses.rxx'
13:47:08.312     1,913s       7ms  11440    Load Sprites started
13:47:08.317     1,919s       6ms  11440    Houses - 2710
                                      Loading campaign images.rxx for TBK
13:47:08.338     1,940s      21ms  14996    Custom - 1
13:47:08.395     1,997s      57ms  11440    Load Sprites Done
                                      Loading campaign images.rxx for TPR
13:47:08.425     2,026s      29ms  14996    Custom - 1
                                      Loading campaign images.rxx for TSK
13:47:08.473     2,074s      48ms  14996    Custom - 1
                                      Loading campaign images.rxx for TUA
13:47:08.507     2,109s      34ms  14996    Custom - 1
13:47:08.529     2,131s      22ms  11440    [AsyncGameResLoader Thread] DONE Load RXX 'Houses.rxa'
13:47:08.536     2,137s       6ms   6868    [AsyncGameResLoader MainTh] [UpdateStateIdle] GenTextures RT = rxHouses Stage = lsGenMain
13:47:08.555     2,156s      19ms   6868    [AsyncGameResLoader MainTh] [UpdateStateIdle] DONE
13:47:08.562     2,163s       7ms  11440    [AsyncGameResLoader Thread] RT = rxHouses Stage = lsOverload
13:47:08.567     2,169s       6ms  11440    [AsyncGameResLoader Thread] OverloadFromFolder RT = rxHouses
13:47:08.574     2,175s       6ms  11440    [AsyncGameResLoader Thread] DONE OverloadFromFolder RT = rxHouses
13:47:08.583     2,184s       9ms   6868    [AsyncGameResLoader MainTh] [UpdateStateIdle] GenTextures RT = rxHouses Stage = lsGenOverload
13:47:08.589     2,190s       6ms   6868    [AsyncGameResLoader MainTh] [UpdateStateIdle] DONE
13:47:08.595     2,197s       7ms  11440    [AsyncGameResLoader Thread] RT = rxUnits Stage = lsLoad
13:47:08.601     2,203s       6ms  11440    [AsyncGameResLoader Thread] Start Load RXX 'Units.rxx'
13:47:08.607     2,208s       5ms  11440    Load Sprites started
13:47:08.613     2,215s       7ms  11440    Units - 15213
                                      Loading campaign images.rxx for TMR
13:47:08.680     2,281s      66ms  14996    Custom - 1
13:47:09.087     2,688s     407ms  11440    Load Sprites Done
13:47:10.211     3,813s    1125ms  11440    [AsyncGameResLoader Thread] DONE Load RXX 'Units.rxa'
13:47:10.224     3,826s      13ms   6868    [AsyncGameResLoader MainTh] [UpdateStateIdle] GenTextures RT = rxUnits Stage = lsGenMain
13:47:10.301     3,903s      76ms   6868    [AsyncGameResLoader MainTh] [UpdateStateIdle] DONE
13:47:10.310     3,911s       8ms  11440    [AsyncGameResLoader Thread] RT = rxUnits Stage = lsOverload
13:47:10.315     3,917s       6ms  11440    [AsyncGameResLoader Thread] OverloadFromFolder RT = rxUnits
13:47:10.321     3,923s       6ms  11440    [AsyncGameResLoader Thread] DONE OverloadFromFolder RT = rxUnits
13:47:10.329     3,930s       7ms   6868    [AsyncGameResLoader MainTh] [UpdateStateIdle] GenTextures RT = rxUnits Stage = lsGenOverload
13:47:10.334     3,936s       6ms   6868    [AsyncGameResLoader Thread] Stopped
13:47:10.340     3,943s       7ms   6868    [AsyncGameResLoader MainTh] [UpdateStateIdle] DONE
13:47:18.125    11,726s    7783ms   6868    LoadGameResources ... AlphaShadows: True. Forced: False
13:47:18.136    11,737s      11ms   6868    Resource loading state - Game
13:47:18.158    11,760s      23ms   6868    Saving dev settings to file 'kmr_dev.xml'
13:47:18.222    11,824s      64ms   6868    <== Game creation is done ==>
13:47:18.229    11,831s       6ms   6868    GameStart
13:47:18.236    11,837s       5ms   6868    Loading DAT file: E:\programowanie\projekty delphi\kam_expansion\Maps\Nowa Misja 2\Nowa Misja 2.dat
13:47:18.243    11,844s       7ms   6868    Loading map file: E:\programowanie\projekty delphi\kam_expansion\Maps\Nowa Misja 2\Nowa Misja 2.map
13:47:18.250    11,851s       7ms   6868    Map file loaded
13:47:18.263    11,864s      13ms   6868    Gameplay recording initialized ... done
13:47:18.269    11,871s       7ms   6868    Game options: PT = 0; SpeedPT = 1; SpeedAfterPT = 1; Seed = 0; Difficulty = mdNone
13:47:18.276    11,878s       7ms   6868    Gameplay initialized ... done
13:47:18.283    11,884s       6ms   6868    After game start
13:47:18.290    11,891s       7ms   6868    Set game seed: 1236129071
13:47:18.296    11,898s       7ms   6868    Saving game at tick 0 to 'E:\programowanie\projekty delphi\kam_expansion\Saves\basesave\basesave.bas'
13:47:18.303    11,904s       6ms   6868    After game start ... done
13:48:02.043    55,644s   43739ms   6868    Issue gicGameAutoSave command at tick 600
13:48:02.051    55,652s       8ms   6868    Saving game at tick 600 to 'E:\programowanie\projekty delphi\kam_expansion\Saves\autosave\autosave.sav'
13:49:02.044   115,645s   59993ms   6868    Issue gicGameAutoSave command at tick 1200
13:49:02.051   115,652s       7ms   6868    Saving game at tick 1200 to 'E:\programowanie\projekty delphi\kam_expansion\Saves\autosave\autosave.sav'
13:50:02.044   175,646s   59994ms   6868    Issue gicGameAutoSave command at tick 1800
13:50:02.052   175,654s       8ms   6868    Saving game at tick 1800 to 'E:\programowanie\projekty delphi\kam_expansion\Saves\autosave\autosave.sav'
13:51:02.046   235,648s   59994ms   6868    Issue gicGameAutoSave command at tick 2400
13:51:02.055   235,656s       8ms   6868    Saving game at tick 2400 to 'E:\programowanie\projekty delphi\kam_expansion\Saves\autosave\autosave.sav'
13:51:34.129   267,730s   32074ms   6868    Saving dev settings to file 'kmr_dev.xml'
13:51:34.847   268,448s     718ms   6868    Stopping game application...
13:51:34.854   268,456s       8ms   6868    Gameplay ended - grSilent /
13:51:34.861   268,463s       7ms   6868    Start saving 'Server settings' to 'C:\Users\szyby\OneDrive\Dokumenty\My Games\Knights and Merchants Remake\KaM Remake Server Settings.ini'
01378b84 KaM_Expansion.exe KM_Settings        106 TKMSettings.SaveToDefaultFile
01378c57 KaM_Expansion.exe KM_Settings        113 TKMSettings.SaveToDefaultFile
01378890 KaM_Expansion.exe KM_Settings         65 TKMSettings.Destroy
014b921a KaM_Expansion.exe KM_ServerSettings  117 TKMServerSettings.Destroy
00dda764 KaM_Expansion.exe System              23 TObject.Free
010a8fe4 KaM_Expansion.exe KromUtils          281 FreeThenNil
0158582f KaM_Expansion.exe KM_GameApp         333 TKMGameApp.Destroy
00dda764 KaM_Expansion.exe System              23 TObject.Free
010a8fe4 KaM_Expansion.exe KromUtils          281 FreeThenNil
0159045d KaM_Expansion.exe KM_Main            376 TKMMain.Stop
0159053c KaM_Expansion.exe KM_Main            405 TKMMain.Stop
01804f81 KaM_Expansion.exe KM_FormMain       2212 TFormMain.FormClose
01052df7 KaM_Expansion.exe Vcl.Forms              TCustomForm.DoClose
010587e5 KaM_Expansion.exe Vcl.Forms              TCustomForm.Close
01057424 KaM_Expansion.exe Vcl.Forms              TCustomForm.WMClose
00fa2cfa KaM_Expansion.exe Vcl.Controls           TControl.WndProc
00fa7ec1 KaM_Expansion.exe Vcl.Controls           TWinControl.WndProc
01053a38 KaM_Expansion.exe Vcl.Forms              TCustomForm.WndProc
01053a53 KaM_Expansion.exe Vcl.Forms              TCustomForm.WndProc
01804a6d KaM_Expansion.exe KM_FormMain       2051 TFormMain.WndProc

13:51:34.884   268,485s      22ms   6868    'Server settings' was successfully saved to 'C:\Users\szyby\OneDrive\Dokumenty\My Games\Knights and Merchants Remake\KaM Remake Server Settings.ini'
13:51:35.108   268,709s     224ms   6868    Start saving 'GameApp settings' to 'C:\Users\szyby\OneDrive\Dokumenty\My Games\Knights and Merchants Remake\KaM Remake Settings KingDyronMod.xml'
01378b84 KaM_Expansion.exe KM_Settings         106 TKMSettings.SaveToDefaultFile
01378c57 KaM_Expansion.exe KM_Settings         113 TKMSettings.SaveToDefaultFile
01378890 KaM_Expansion.exe KM_Settings          65 TKMSettings.Destroy
01378fea KaM_Expansion.exe KM_SettingsXML       44 TKMSettingsXML.Destroy
01379316 KaM_Expansion.exe KM_GameAppSettings   57 TKMGameAppSettings.Destroy
00dda764 KaM_Expansion.exe System               23 TObject.Free
010a8fe4 KaM_Expansion.exe KromUtils           281 FreeThenNil
01590467 KaM_Expansion.exe KM_Main             378 TKMMain.Stop
0159053c KaM_Expansion.exe KM_Main             405 TKMMain.Stop
01804f81 KaM_Expansion.exe KM_FormMain        2212 TFormMain.FormClose
01052df7 KaM_Expansion.exe Vcl.Forms               TCustomForm.DoClose
010587e5 KaM_Expansion.exe Vcl.Forms               TCustomForm.Close
01057424 KaM_Expansion.exe Vcl.Forms               TCustomForm.WMClose
00fa2cfa KaM_Expansion.exe Vcl.Controls            TControl.WndProc
00fa7ec1 KaM_Expansion.exe Vcl.Controls            TWinControl.WndProc
01053a38 KaM_Expansion.exe Vcl.Forms               TCustomForm.WndProc
01053a53 KaM_Expansion.exe Vcl.Forms               TCustomForm.WndProc
01804a6d KaM_Expansion.exe KM_FormMain        2051 TFormMain.WndProc
00fa73cc KaM_Expansion.exe Vcl.Controls            TWinControl.MainWndProc
00fa73e7 KaM_Expansion.exe Vcl.Controls            TWinControl.MainWndProc

13:51:35.124   268,725s      16ms   6868    'GameApp settings' was successfully saved to 'C:\Users\szyby\OneDrive\Dokumenty\My Games\Knights and Merchants Remake\KaM Remake Settings KingDyronMod.xml'
