   Timestamp    Elapsed     Delta  Thread    Description
========================
    Date: 2025.01.06
========================
16:30:22.259     0,001s       1ms  14104    Log is up and running. Game version: KaM Expansion: Co-op & World Update
16:30:22.265     0,007s       5ms  14104    Game Load started
16:30:22.285     0,027s      20ms  14104    Start loading 'GameApp settings' from 'C:\Users\szyby\OneDrive\Dokumenty\My Games\Knights and Merchants Remake\KaM Remake Settings KingDyronMod.xml'
16:30:22.291     0,033s       6ms  14104    'GameApp settings' was successfully loaded from 'C:\Users\szyby\OneDrive\Dokumenty\My Games\Knights and Merchants Remake\KaM Remake Settings KingDyronMod.xml'
16:30:22.296     0,038s       5ms  14104    Start saving 'GameApp settings' to 'C:\Users\szyby\OneDrive\Dokumenty\My Games\Knights and Merchants Remake\KaM Remake Settings KingDyronMod.xml'
00e288f0 KaM_Expansion.exe KM_Settings        106 TKMSettings.SaveToDefaultFile
00e289c3 KaM_Expansion.exe KM_Settings        113 TKMSettings.SaveToDefaultFile
00e285c1 KaM_Expansion.exe KM_Settings         59 TKMSettings.Create
00e28cfe KaM_Expansion.exe KM_SettingsXML      38 TKMSettingsXML.Create
00e2903f KaM_Expansion.exe KM_GameAppSettings  51 TKMGameAppSettings.Create
0103d454 KaM_Expansion.exe KM_Main            258 TKMMain.Start
0103d6c3 KaM_Expansion.exe KM_Main            305 TKMMain.Start
012bfb2b KaM_Expansion.exe KaM_Expansion      480 initialization
012bfb5a KaM_Expansion.exe KaM_Expansion      483 initialization
76c97ba7 KERNEL32.DLL                             BaseThreadInitThunk

16:30:22.334     0,077s      39ms  14104    'GameApp settings' was successfully saved to 'C:\Users\szyby\OneDrive\Dokumenty\My Games\Knights and Merchants Remake\KaM Remake Settings KingDyronMod.xml'
16:30:22.382     0,124s      47ms  14104    Start loading 'Server settings' from 'C:\Users\szyby\OneDrive\Dokumenty\My Games\Knights and Merchants Remake\KaM Remake Server Settings.ini'
16:30:22.387     0,130s       6ms  14104    'Server settings' was successfully loaded from 'C:\Users\szyby\OneDrive\Dokumenty\My Games\Knights and Merchants Remake\KaM Remake Server Settings.ini'
16:30:22.394     0,137s       6ms  14104    Start saving 'Server settings' to 'C:\Users\szyby\OneDrive\Dokumenty\My Games\Knights and Merchants Remake\KaM Remake Server Settings.ini'
00e288f0 KaM_Expansion.exe KM_Settings       106 TKMSettings.SaveToDefaultFile
00e289c3 KaM_Expansion.exe KM_Settings       113 TKMSettings.SaveToDefaultFile
00e285c1 KaM_Expansion.exe KM_Settings        59 TKMSettings.Create
00f668e8 KaM_Expansion.exe KM_ServerSettings 109 TKMServerSettings.Create
0103295f KaM_Expansion.exe KM_GameApp        212 TKMGameApp.Create
01032c8a KaM_Expansion.exe KM_GameApp        264 TKMGameApp.Create
0103e6ca KaM_Expansion.exe KM_Main           635 TKMMain.ReinitRender
0103e8d6 KaM_Expansion.exe KM_Main           689 TKMMain.ReinitRender
0103d56a KaM_Expansion.exe KM_Main           281 TKMMain.Start
0103d6c3 KaM_Expansion.exe KM_Main           305 TKMMain.Start
012bfb2b KaM_Expansion.exe KaM_Expansion     480 initialization
012bfb5a KaM_Expansion.exe KaM_Expansion     483 initialization
76c97ba7 KERNEL32.DLL                            BaseThreadInitThunk

16:30:22.407     0,150s      13ms  14104    'Server settings' was successfully saved to 'C:\Users\szyby\OneDrive\Dokumenty\My Games\Knights and Merchants Remake\KaM Remake Server Settings.ini'
16:30:22.415     0,157s       7ms  14104    Init Render started
16:30:22.789     0,531s     374ms  14104    GL_MAX_TEXTURE_SIZE = 32768
16:30:22.796     0,538s       7ms  14104    GL_MAX_VIEWPORT_DIM = 32768
                                      OpenGL Vendor: NVIDIA Corporation
                                      OpenGL Renderer: NVIDIA GeForce RTX 3060 Ti/PCIe/SSE2
                                      OpenGL Version: 4.6.0 NVIDIA 560.94
16:30:22.821     0,563s      25ms  14104    Init Render Done
16:30:22.829     0,571s       8ms  14104    Resource loading state - None
16:30:22.836     0,578s       7ms  14104    Reading palettes ... done
16:30:22.845     0,588s      10ms  14104    Reading GUI.rx
16:30:22.852     0,594s       6ms  14104    Load Sprites started
16:30:22.858     0,600s       6ms  14104    GUI - 971
16:30:22.879     0,621s      21ms  14104    Load Sprites Done
16:30:22.913     0,656s      34ms  14104    Reading GUIMain.rx
16:30:22.922     0,664s       8ms  14104    Load Sprites started
16:30:22.929     0,671s       7ms  14104    GUIMain - 105
16:30:22.979     0,722s      51ms  14104    Load Sprites Done
16:30:23.033     0,775s      53ms  14104    Reading Tileset.rx
16:30:23.040     0,783s       8ms  14104    Load Sprites started
16:30:23.047     0,790s       7ms  14104    Tileset - 5449
16:30:23.061     0,803s      13ms  14104    Load Sprites Done
16:30:23.067     0,810s       7ms  14104    GenerateTerrainTransitions started. Legacy = False
16:30:23.074     0,817s       7ms  14104    TexId = 5451 GenTilesCnt = 2100
16:30:23.081     0,823s       6ms  14104    TexId = 6051; TexId - fGenTexIdStartI = 600; uniqueTex = 600; totalTex = 1350
16:30:23.087     0,830s       7ms  14104    GeneratedMasks cnt = 20
16:30:23.093     0,836s       6ms  14104    GenerateTerrainTransitions Done
16:30:23.100     0,842s       6ms  14104    GenerateTerrainTransitions started. Legacy = True
16:30:23.106     0,848s       6ms  14104    Legacy: TexId = 4999 GenTilesCntTemp = 2030
16:30:23.112     0,855s       7ms  14104    TexId = 5463; TexId - fGenTexIdStartILegacy = 464; uniqueTex = 464; totalTex = 1044
16:30:23.119     0,861s       6ms  14104    GeneratedMasks cnt = 16
16:30:23.126     0,868s       7ms  14104    GenerateTerrainTransitions Done
16:30:23.237     0,980s     112ms  14104    Load font started
16:30:23.276     1,018s      38ms  14104    Font load took 38ms
16:30:23.282     1,025s       7ms  14104    Read fonts is done
16:30:23.300     1,043s      18ms  14104    ReadGFX is done
16:30:23.307     1,050s       7ms  14104    Resource loading state - Menu
16:30:23.321     1,064s      14ms   8792    OpenAL init started
16:30:23.481     1,223s     159ms  14104    Music init done, 24 tracks found
                                      Loading campaign images.rxx for HKS
16:30:23.610     1,353s     130ms  20348    Custom - 1
16:30:23.629     1,371s      18ms  14104    Main menu init done
16:30:23.644     1,386s      15ms   8792    Pre-LoadSFX init ... done
16:30:23.651     1,393s       7ms   8792    ALC_MONO_SOURCES 255
16:30:23.657     1,399s       6ms   8792    ALC_STEREO_SOURCES 1
16:30:23.664     1,406s       7ms   8792    OpenAL init done
