   Timestamp    Elapsed     Delta  Thread    Description
========================
    Date: 2025.01.06
========================
13:01:06.138     0,001s       1ms  20476    Log is up and running. Game version: KaM Expansion: Co-op & World Update
13:01:06.143     0,007s       6ms  20476    Game Load started
13:01:06.154     0,018s      11ms  20476    Start loading 'GameApp settings' from 'C:\Users\szyby\OneDrive\Dokumenty\My Games\Knights and Merchants Remake\KaM Remake Settings KingDyronMod.xml'
13:01:06.160     0,023s       5ms  20476    'GameApp settings' was successfully loaded from 'C:\Users\szyby\OneDrive\Dokumenty\My Games\Knights and Merchants Remake\KaM Remake Settings KingDyronMod.xml'
13:01:06.174     0,038s       6ms  20476    Start saving 'GameApp settings' to 'C:\Users\szyby\OneDrive\Dokumenty\My Games\Knights and Merchants Remake\KaM Remake Settings KingDyronMod.xml'
00fd88d0 KaM_Expansion.exe KM_Settings        106 TKMSettings.SaveToDefaultFile
00fd89a3 KaM_Expansion.exe KM_Settings        113 TKMSettings.SaveToDefaultFile
00fd85a1 KaM_Expansion.exe KM_Settings         59 TKMSettings.Create
00fd8cde KaM_Expansion.exe KM_SettingsXML      38 TKMSettingsXML.Create
00fd901f KaM_Expansion.exe KM_GameAppSettings  51 TKMGameAppSettings.Create
011ed2dc KaM_Expansion.exe KM_Main            258 TKMMain.Start
011ed54b KaM_Expansion.exe KM_Main            305 TKMMain.Start
0146fb2b KaM_Expansion.exe KaM_Expansion      480 initialization
0146fb5a KaM_Expansion.exe KaM_Expansion      483 initialization
76c97ba7 KERNEL32.DLL                             BaseThreadInitThunk

13:01:06.214     0,077s      39ms  20476    'GameApp settings' was successfully saved to 'C:\Users\szyby\OneDrive\Dokumenty\My Games\Knights and Merchants Remake\KaM Remake Settings KingDyronMod.xml'
13:01:06.240     0,103s      26ms  20476    Start loading 'Server settings' from 'C:\Users\szyby\OneDrive\Dokumenty\My Games\Knights and Merchants Remake\KaM Remake Server Settings.ini'
13:01:06.246     0,110s       7ms  20476    'Server settings' was successfully loaded from 'C:\Users\szyby\OneDrive\Dokumenty\My Games\Knights and Merchants Remake\KaM Remake Server Settings.ini'
13:01:06.254     0,117s       7ms  20476    Start saving 'Server settings' to 'C:\Users\szyby\OneDrive\Dokumenty\My Games\Knights and Merchants Remake\KaM Remake Server Settings.ini'
00fd88d0 KaM_Expansion.exe KM_Settings       106 TKMSettings.SaveToDefaultFile
00fd89a3 KaM_Expansion.exe KM_Settings       113 TKMSettings.SaveToDefaultFile
00fd85a1 KaM_Expansion.exe KM_Settings        59 TKMSettings.Create
011166e4 KaM_Expansion.exe KM_ServerSettings 109 TKMServerSettings.Create
011e27e7 KaM_Expansion.exe KM_GameApp        213 TKMGameApp.Create
011e2b12 KaM_Expansion.exe KM_GameApp        298 TKMGameApp.Create
011ee552 KaM_Expansion.exe KM_Main           635 TKMMain.ReinitRender
011ee75e KaM_Expansion.exe KM_Main           689 TKMMain.ReinitRender
011ed3f2 KaM_Expansion.exe KM_Main           281 TKMMain.Start
011ed54b KaM_Expansion.exe KM_Main           305 TKMMain.Start
0146fb2b KaM_Expansion.exe KaM_Expansion     480 initialization
0146fb5a KaM_Expansion.exe KaM_Expansion     483 initialization
76c97ba7 KERNEL32.DLL                            BaseThreadInitThunk

13:01:06.266     0,130s      13ms  20476    'Server settings' was successfully saved to 'C:\Users\szyby\OneDrive\Dokumenty\My Games\Knights and Merchants Remake\KaM Remake Server Settings.ini'
13:01:06.273     0,136s       6ms  20476    Init Render started
13:01:06.419     0,282s     146ms  20476    GL_MAX_TEXTURE_SIZE = 32768
13:01:06.425     0,289s       7ms  20476    GL_MAX_VIEWPORT_DIM = 32768
                                      OpenGL Vendor: NVIDIA Corporation
                                      OpenGL Renderer: NVIDIA GeForce RTX 3060 Ti/PCIe/SSE2
                                      OpenGL Version: 4.6.0 NVIDIA 560.94
13:01:06.451     0,314s      25ms  20476    Init Render Done
13:01:06.457     0,321s       7ms  20476    Resource loading state - None
13:01:06.465     0,328s       7ms  20476    Reading palettes ... done
13:01:06.474     0,337s       9ms  20476    Reading GUI.rx
13:01:06.480     0,343s       6ms  20476    Load Sprites started
13:01:06.487     0,350s       7ms  20476    GUI - 971
13:01:06.505     0,368s      18ms  20476    Load Sprites Done
13:01:06.540     0,403s      35ms  20476    Reading GUIMain.rx
13:01:06.547     0,410s       7ms  20476    Load Sprites started
13:01:06.554     0,417s       7ms  20476    GUIMain - 105
13:01:06.603     0,466s      49ms  20476    Load Sprites Done
13:01:06.658     0,521s      55ms  20476    Reading Tileset.rx
13:01:06.664     0,527s       6ms  20476    Load Sprites started
13:01:06.671     0,534s       7ms  20476    Tileset - 5449
13:01:06.686     0,549s      15ms  20476    Load Sprites Done
13:01:06.692     0,555s       6ms  20476    GenerateTerrainTransitions started. Legacy = False
13:01:06.698     0,561s       6ms  20476    TexId = 5451 GenTilesCnt = 2100
13:01:06.705     0,568s       7ms  20476    TexId = 6051; TexId - fGenTexIdStartI = 600; uniqueTex = 600; totalTex = 1350
13:01:06.711     0,574s       6ms  20476    GeneratedMasks cnt = 20
13:01:06.717     0,581s       7ms  20476    GenerateTerrainTransitions Done
13:01:06.724     0,587s       6ms  20476    GenerateTerrainTransitions started. Legacy = True
13:01:06.730     0,593s       6ms  20476    Legacy: TexId = 4999 GenTilesCntTemp = 2030
13:01:06.736     0,600s       7ms  20476    TexId = 5463; TexId - fGenTexIdStartILegacy = 464; uniqueTex = 464; totalTex = 1044
13:01:06.743     0,606s       6ms  20476    GeneratedMasks cnt = 16
13:01:06.749     0,613s       7ms  20476    GenerateTerrainTransitions Done
13:01:06.857     0,720s     107ms  20476    Load font started
13:01:06.893     0,756s      36ms  20476    Font load took 36ms
13:01:06.900     0,763s       7ms  20476    Read fonts is done
13:01:06.918     0,781s      18ms  20476    ReadGFX is done
13:01:06.925     0,788s       7ms  20476    Resource loading state - Menu
13:01:06.933     0,796s       8ms   9800    OpenAL init started
13:01:07.556     1,420s     624ms  20476    Music init done, 24 tracks found
                                      Loading campaign images.rxx for HKS
13:01:07.584     1,447s      27ms  10208    Custom - 1
13:01:07.591     1,454s       7ms   9800    Pre-LoadSFX init ... done
13:01:07.599     1,463s       9ms   9800    ALC_MONO_SOURCES 255
13:01:07.607     1,470s       7ms   9800    ALC_STEREO_SOURCES 1
13:01:07.614     1,477s       7ms  20476    Main menu init done
13:01:07.621     1,484s       7ms   9800    OpenAL init done
13:01:07.643     1,506s      21ms  20476    Check game folder 'E:\programowanie\projekty delphi\kam_expansion\' generic permissions: READ: granted; WRITE: granted; EXECUTE: granted; folder is writable: 
13:01:07.649     1,512s       6ms  20476    LoadGameResources ... AlphaShadows: True. Forced: True
13:01:07.656     1,520s       7ms  20476    TKMResSprites.LoadGameResources
13:01:07.663     1,526s       6ms  20476    [AsyncGameResLoader Thread] Started
13:01:07.670     1,533s       7ms  20476    Resource loading state - Game
13:01:07.676     1,540s       7ms  13368    [AsyncGameResLoader Thread] RT = rxTrees Stage = lsLoad
13:01:07.683     1,546s       6ms  13368    [AsyncGameResLoader Thread] Start Load RXX 'Trees.rxx'
13:01:07.689     1,552s       6ms  13368    Load Sprites started
13:01:07.695     1,558s       6ms  20476    ToggleFullscreen
13:01:07.701     1,564s       6ms  20476    Form Width/Height: 1040:782
13:01:07.709     1,572s       8ms  20476    Panel Width/Height: 1024:743
13:01:07.716     1,579s       7ms  13368    Trees - 1227
13:01:07.753     1,616s      37ms  20476    Saving dev settings to file 'kmr_dev.xml'
13:01:07.775     1,638s      22ms  20476    Saving dev settings to file 'kmr_dev.xml'
                                      Loading campaign images.rxx for KSN
13:01:07.788     1,652s      14ms  10208    Custom - 1
13:01:07.796     1,659s       7ms  20476    Game Load Done in 1682
                                      Loading campaign images.rxx for KSO
13:01:07.851     1,715s      56ms  10208    Custom - 1
13:01:07.858     1,721s       6ms  13368    Load Sprites Done
                                      Loading campaign images.rxx for KSU
13:01:07.913     1,776s      55ms  10208    Custom - 1
13:01:07.957     1,820s      44ms  13368    [AsyncGameResLoader Thread] DONE Load RXX 'Trees.rxa'
                                      Loading campaign images.rxx for OFL
13:01:07.971     1,834s      14ms  20476    [AsyncGameResLoader MainTh] [UpdateStateIdle] GenTextures RT = rxTrees Stage = lsGenMain
13:01:07.981     1,844s      10ms  10208    Custom - 1
13:01:07.989     1,852s       8ms  20476    [AsyncGameResLoader MainTh] [UpdateStateIdle] DONE
13:01:07.995     1,858s       6ms  13368    [AsyncGameResLoader Thread] RT = rxTrees Stage = lsOverload
13:01:08.001     1,864s       6ms  13368    [AsyncGameResLoader Thread] OverloadFromFolder RT = rxTrees
13:01:08.008     1,871s       7ms  13368    [AsyncGameResLoader Thread] DONE OverloadFromFolder RT = rxTrees
13:01:08.016     1,879s       8ms  20476    [AsyncGameResLoader MainTh] [UpdateStateIdle] GenTextures RT = rxTrees Stage = lsGenOverload
13:01:08.023     1,886s       7ms  20476    [AsyncGameResLoader MainTh] [UpdateStateIdle] DONE
13:01:08.029     1,892s       6ms  13368    [AsyncGameResLoader Thread] RT = rxHouses Stage = lsLoad
13:01:08.035     1,898s       6ms  13368    [AsyncGameResLoader Thread] Start Load RXX 'Houses.rxx'
13:01:08.041     1,904s       6ms  13368    Load Sprites started
                                      Loading campaign images.rxx for OER
13:01:08.055     1,918s      14ms  13368    Houses - 2710
13:01:08.061     1,924s       6ms  10208    Custom - 1
                                      Loading campaign images.rxx for TBK
13:01:08.098     1,962s      38ms  10208    Custom - 1
13:01:08.135     1,999s      37ms  13368    Load Sprites Done
                                      Loading campaign images.rxx for TPR
13:01:08.159     2,023s      24ms  10208    Custom - 1
                                      Loading campaign images.rxx for TSK
13:01:08.211     2,074s      50ms  10208    Custom - 1
                                      Loading campaign images.rxx for TUA
13:01:08.253     2,116s      42ms  10208    Custom - 1
13:01:08.268     2,131s      15ms  13368    [AsyncGameResLoader Thread] DONE Load RXX 'Houses.rxa'
13:01:08.285     2,148s      16ms  20476    [AsyncGameResLoader MainTh] [UpdateStateIdle] GenTextures RT = rxHouses Stage = lsGenMain
13:01:08.299     2,163s      15ms  20476    [AsyncGameResLoader MainTh] [UpdateStateIdle] DONE
13:01:08.307     2,170s       7ms  13368    [AsyncGameResLoader Thread] RT = rxHouses Stage = lsOverload
13:01:08.313     2,176s       6ms  13368    [AsyncGameResLoader Thread] OverloadFromFolder RT = rxHouses
13:01:08.320     2,184s       7ms  13368    [AsyncGameResLoader Thread] DONE OverloadFromFolder RT = rxHouses
13:01:08.329     2,192s       8ms  20476    [AsyncGameResLoader MainTh] [UpdateStateIdle] GenTextures RT = rxHouses Stage = lsGenOverload
13:01:08.335     2,199s       7ms  20476    [AsyncGameResLoader MainTh] [UpdateStateIdle] DONE
13:01:08.341     2,205s       6ms  13368    [AsyncGameResLoader Thread] RT = rxUnits Stage = lsLoad
13:01:08.349     2,212s       7ms  13368    [AsyncGameResLoader Thread] Start Load RXX 'Units.rxx'
13:01:08.354     2,218s       6ms  13368    Load Sprites started
13:01:08.361     2,225s       6ms  13368    Units - 15213
                                      Loading campaign images.rxx for TMR
13:01:08.404     2,268s      43ms  10208    Custom - 1
13:01:08.956     2,819s     551ms  13368    Load Sprites Done
13:01:10.088     3,951s    1132ms  13368    [AsyncGameResLoader Thread] DONE Load RXX 'Units.rxa'
13:01:10.098     3,961s      10ms  20476    [AsyncGameResLoader MainTh] [UpdateStateIdle] GenTextures RT = rxUnits Stage = lsGenMain
13:01:10.178     4,042s      81ms  20476    [AsyncGameResLoader MainTh] [UpdateStateIdle] DONE
13:01:10.189     4,052s       6ms  13368    [AsyncGameResLoader Thread] RT = rxUnits Stage = lsOverload
13:01:10.195     4,059s       6ms  13368    [AsyncGameResLoader Thread] OverloadFromFolder RT = rxUnits
13:01:10.202     4,065s       6ms  13368    [AsyncGameResLoader Thread] DONE OverloadFromFolder RT = rxUnits
13:01:10.207     4,071s       6ms  20476    [AsyncGameResLoader MainTh] [UpdateStateIdle] GenTextures RT = rxUnits Stage = lsGenOverload
13:01:10.213     4,076s       5ms  20476    [AsyncGameResLoader Thread] Stopped
13:01:10.220     4,083s       7ms  20476    [AsyncGameResLoader MainTh] [UpdateStateIdle] DONE
13:01:40.865    34,728s   30645ms  20476    LoadGameResources ... AlphaShadows: True. Forced: False
13:01:40.873    34,737s       9ms  20476    Resource loading state - Game
13:01:40.899    34,762s      25ms  20476    Saving dev settings to file 'kmr_dev.xml'
13:01:40.955    34,818s      56ms  20476    <== Game creation is done ==>
13:01:40.962    34,825s       7ms  20476    GameStart
13:01:40.968    34,831s       6ms  20476    Loading DAT file: E:\programowanie\projekty delphi\kam_expansion\Maps\Nowa Misja 2\Nowa Misja 2.dat
13:01:40.974    34,837s       6ms  20476    Loading map file: E:\programowanie\projekty delphi\kam_expansion\Maps\Nowa Misja 2\Nowa Misja 2.map
13:01:40.980    34,843s       6ms  20476    Map file loaded
13:01:40.993    34,856s      13ms  20476    Gameplay recording initialized ... done
13:01:41.000    34,863s       7ms  20476    Game options: PT = 0; SpeedPT = 1; SpeedAfterPT = 1; Seed = 0; Difficulty = mdNone
13:01:41.006    34,869s       6ms  20476    Gameplay initialized ... done
13:01:41.011    34,874s       5ms  20476    After game start
13:01:41.017    34,881s       7ms  20476    Set game seed: 696769401
13:01:41.024    34,887s       6ms  20476    Saving game at tick 0 to 'E:\programowanie\projekty delphi\kam_expansion\Saves\basesave\basesave.bas'
13:01:41.031    34,894s       7ms  20476    After game start ... done
13:01:41.969    35,833s     939ms  10196    Error while loading game info from save of unsupported version r15833
13:01:41.976    35,840s       7ms  10196    Error while loading game info from save of unsupported version r15833
13:01:41.983    35,847s       7ms  10196    Error while loading game info from save of unsupported version r15833
13:01:41.990    35,854s       7ms  10196    Error while loading game info from save of unsupported version r15833
13:01:41.997    35,860s       6ms  10196    Error while loading game info from save of unsupported version r15833
13:01:42.003    35,866s       6ms  10196    Error while loading game info from save of unsupported version r15833
13:01:42.009    35,873s       7ms  10196    Error while loading game info from save of unsupported version r15833
13:01:42.015    35,878s       5ms  10196    Error while loading game info from save of unsupported version r15833
13:01:42.021    35,884s       6ms  10196    Error loading save 'Bridge Disaster'
13:01:42.028    35,891s       7ms  10196    Error loading save 'Bridge Disaster 2024-07-21 #1'
13:01:42.035    35,898s       7ms  10196    Error loading save 'Bridge Disaster 2024-07-22 #1'
13:01:42.041    35,904s       6ms  10196    Error loading save 'Bridge Disaster 2024-07-24 #1'
13:01:42.050    35,914s       9ms  10196    Error while loading game info from save of unsupported version r15833
13:01:42.056    35,919s       5ms  10196    Error loading save 'Nowa Misja 2024-08-11 #1'
13:01:42.062    35,925s       6ms  10196    Error loading save 'Nowa Misja 2024-08-11 #2'
13:01:42.069    35,933s       8ms  10196    Error loading save 'Nowa Misja 2024-08-11 #3'
13:01:42.076    35,940s       7ms  10196    Error loading save 'TMR09 2024-08-05 #1'
13:01:42.084    35,947s       7ms  10196    Error loading save 'TSK 1 2024-10-30 #2'
13:01:42.090    35,953s       6ms  10196    Error loading save 'TSK 18 2024-10-30 #6'
13:01:42.096    35,959s       6ms  10196    Error loading save 'TSK 2 2024-10-30 #5'
13:01:42.104    35,967s       7ms  10196    Error loading save 'TSK 20 2024-10-30 #1'
13:01:42.110    35,973s       6ms  10196    Error loading save 'TSK 3 2024-10-30 #3'
13:01:42.116    35,979s       6ms  10196    Error loading save 'TSK 6 2024-10-30 #4'
13:01:42.123    35,986s       7ms  10196    Error loading save 'TUA22'
13:01:42.705    36,568s     582ms  20476    Gameplay ended - grSilent /
13:01:42.732    36,595s      27ms  20476    LoadGameResources ... AlphaShadows: True. Forced: False
13:01:42.738    36,602s       7ms  20476    Resource loading state - Game
13:01:42.765    36,628s      26ms  20476    Saving dev settings to file 'kmr_dev.xml'
13:01:42.822    36,685s      57ms  20476    <== Game creation is done ==>
13:01:42.829    36,692s       7ms  20476    Loading game from: E:\programowanie\projekty delphi\kam_expansion\Saves\autosave01\autosave01.sav
13:01:42.836    36,699s       7ms  20476    Terrain loaded
13:01:42.852    36,715s      16ms  20476    Interface loaded
13:01:42.858    36,721s       6ms  20476    Set game seed: 85142434
13:01:42.865    36,728s       7ms  20476    Loading game ... done
13:01:42.871    36,734s       6ms  20476    After game loading
13:01:42.884    36,747s      13ms  20476    Game options: PT = 0; SpeedPT = 1; SpeedAfterPT = 1; Seed = 0; Difficulty = mdNone
13:01:42.890    36,753s       6ms  20476    After game loading ... done
13:01:44.337    38,200s    1447ms  20476    Make savepoint at tick 8999
13:01:44.343    38,207s       7ms  20476    Issue gicGameAutoSave command at tick 9000
13:01:44.350    38,214s       7ms  20476    Saving game at tick 9000 to 'E:\programowanie\projekty delphi\kam_expansion\Saves\autosave\autosave.sav'
13:01:45.329    39,193s     979ms  20476    Issue gicGameAutoSave command at tick 9600
13:01:45.336    39,200s       7ms  20476    Saving game at tick 9600 to 'E:\programowanie\projekty delphi\kam_expansion\Saves\autosave\autosave.sav'
13:01:46.319    40,183s     982ms  20476    Issue gicGameAutoSave command at tick 10200
13:01:46.326    40,189s       6ms  20476    Saving game at tick 10200 to 'E:\programowanie\projekty delphi\kam_expansion\Saves\autosave\autosave.sav'
13:01:47.318    41,181s     992ms  20476    Issue gicGameAutoSave command at tick 10800
13:01:47.324    41,187s       6ms  20476    Saving game at tick 10800 to 'E:\programowanie\projekty delphi\kam_expansion\Saves\autosave\autosave.sav'
13:01:48.319    42,182s     995ms  20476    Issue gicGameAutoSave command at tick 11400
13:01:48.325    42,189s       7ms  20476    Saving game at tick 11400 to 'E:\programowanie\projekty delphi\kam_expansion\Saves\autosave\autosave.sav'
13:01:49.836    43,699s    1510ms  15464    Error while loading game info from save of unsupported version r15833
13:01:49.841    43,705s       6ms  15464    Error while loading game info from save of unsupported version r15833
13:01:49.849    43,712s       7ms  15464    Error while loading game info from save of unsupported version r15833
13:01:49.856    43,720s       7ms  15464    Error while loading game info from save of unsupported version r15833
13:01:49.865    43,728s       8ms  15464    Error while loading game info from save of unsupported version r15833
13:01:49.873    43,736s       7ms  15464    Error while loading game info from save of unsupported version r15833
13:01:49.880    43,743s       7ms  15464    Error while loading game info from save of unsupported version r15833
13:01:49.888    43,751s       8ms  15464    Error while loading game info from save of unsupported version r15833
13:01:49.894    43,757s       6ms  15464    Error loading save 'Bridge Disaster'
13:01:49.901    43,764s       7ms  15464    Error loading save 'Bridge Disaster 2024-07-21 #1'
13:01:49.908    43,771s       7ms  15464    Error loading save 'Bridge Disaster 2024-07-22 #1'
13:01:49.916    43,779s       8ms  15464    Error loading save 'Bridge Disaster 2024-07-24 #1'
13:01:49.923    43,786s       7ms  15464    Error while loading game info from save of unsupported version r15833
13:01:49.930    43,793s       7ms  15464    Error loading save 'Nowa Misja 2024-08-11 #1'
13:01:49.936    43,800s       7ms  15464    Error loading save 'Nowa Misja 2024-08-11 #2'
13:01:49.943    43,806s       6ms  15464    Error loading save 'Nowa Misja 2024-08-11 #3'
13:01:49.949    43,812s       6ms  15464    Error loading save 'TMR09 2024-08-05 #1'
13:01:49.955    43,819s       7ms  15464    Error loading save 'TSK 1 2024-10-30 #2'
13:01:49.962    43,825s       5ms  15464    Error loading save 'TSK 18 2024-10-30 #6'
13:01:49.969    43,832s       7ms  15464    Error loading save 'TSK 2 2024-10-30 #5'
13:01:49.976    43,839s       7ms  15464    Error loading save 'TSK 20 2024-10-30 #1'
13:01:49.982    43,845s       6ms  15464    Error loading save 'TSK 3 2024-10-30 #3'
13:01:49.989    43,852s       7ms  15464    Error loading save 'TSK 6 2024-10-30 #4'
13:01:49.996    43,859s       7ms  15464    Error loading save 'TUA22'
13:01:50.272    44,135s     276ms  20476    Gameplay ended - grSilent /
13:01:50.298    44,161s      26ms  20476    LoadGameResources ... AlphaShadows: True. Forced: False
13:01:50.305    44,168s       7ms  20476    Resource loading state - Game
13:01:50.331    44,194s      26ms  20476    Saving dev settings to file 'kmr_dev.xml'
13:01:50.389    44,252s      58ms  20476    <== Game creation is done ==>
13:01:50.396    44,259s       7ms  20476    Loading game from: E:\programowanie\projekty delphi\kam_expansion\Saves\autosave01\autosave01.sav
13:01:50.402    44,265s       6ms  20476    Terrain loaded
13:01:50.413    44,276s      11ms  20476    Interface loaded
13:01:50.420    44,283s       7ms  20476    Set game seed: 1463054008
13:01:50.426    44,290s       7ms  20476    Loading game ... done
13:01:50.431    44,295s       5ms  20476    After game loading
13:01:50.445    44,308s      13ms  20476    Game options: PT = 0; SpeedPT = 1; SpeedAfterPT = 1; Seed = 0; Difficulty = mdNone
13:01:50.451    44,314s       6ms  20476    After game loading ... done
13:01:53.402    47,265s    2951ms  11096    Error while loading game info from save of unsupported version r15833
13:01:53.408    47,272s       7ms  11096    Error while loading game info from save of unsupported version r15833
13:01:53.415    47,278s       6ms  11096    Error while loading game info from save of unsupported version r15833
13:01:53.424    47,288s      10ms  11096    Error while loading game info from save of unsupported version r15833
13:01:53.430    47,294s       6ms  11096    Error while loading game info from save of unsupported version r15833
13:01:53.438    47,301s       7ms  11096    Error while loading game info from save of unsupported version r15833
13:01:53.444    47,307s       6ms  11096    Error while loading game info from save of unsupported version r15833
13:01:53.451    47,314s       7ms  11096    Error while loading game info from save of unsupported version r15833
13:01:53.458    47,321s       7ms  11096    Error loading save 'Bridge Disaster'
13:01:53.463    47,326s       5ms  11096    Error loading save 'Bridge Disaster 2024-07-21 #1'
13:01:53.470    47,333s       7ms  11096    Error loading save 'Bridge Disaster 2024-07-22 #1'
13:01:53.477    47,340s       6ms  11096    Error loading save 'Bridge Disaster 2024-07-24 #1'
13:01:53.484    47,347s       7ms  11096    Error while loading game info from save of unsupported version r15833
13:01:53.491    47,354s       7ms  11096    Error loading save 'Nowa Misja 2024-08-11 #1'
13:01:53.497    47,360s       6ms  11096    Error loading save 'Nowa Misja 2024-08-11 #2'
13:01:53.503    47,366s       6ms  11096    Error loading save 'Nowa Misja 2024-08-11 #3'
13:01:53.510    47,373s       7ms  11096    Error loading save 'TMR09 2024-08-05 #1'
13:01:53.517    47,380s       7ms  11096    Error loading save 'TSK 1 2024-10-30 #2'
13:01:53.523    47,386s       6ms  11096    Error loading save 'TSK 18 2024-10-30 #6'
13:01:53.529    47,392s       6ms  11096    Error loading save 'TSK 2 2024-10-30 #5'
13:01:53.536    47,399s       7ms  11096    Error loading save 'TSK 20 2024-10-30 #1'
13:01:53.542    47,405s       6ms  11096    Error loading save 'TSK 3 2024-10-30 #3'
13:01:53.548    47,411s       6ms  11096    Error loading save 'TSK 6 2024-10-30 #4'
13:01:53.555    47,418s       7ms  11096    Error loading save 'TUA22'
13:01:55.085    48,948s    1530ms  20476    Issue gicGameAutoSave command at tick 12000
13:01:55.091    48,954s       6ms  20476    Saving game at tick 12000 to 'E:\programowanie\projekty delphi\kam_expansion\Saves\autosave\autosave.sav'
13:01:57.855    51,718s    2763ms  20476    Gameplay ended - grSilent /
13:01:57.881    51,744s      26ms  20476    LoadGameResources ... AlphaShadows: True. Forced: False
13:01:57.888    51,752s       8ms  20476    Resource loading state - Game
13:01:57.915    51,778s      26ms  20476    Saving dev settings to file 'kmr_dev.xml'
13:01:57.973    51,836s      58ms  20476    <== Game creation is done ==>
13:01:57.980    51,843s       7ms  20476    Loading game from: E:\programowanie\projekty delphi\kam_expansion\Saves\autosave01\autosave01.sav
13:01:57.987    51,850s       7ms  20476    Terrain loaded
13:01:58.000    51,864s      14ms  20476    Interface loaded
13:01:58.007    51,870s       6ms  20476    Set game seed: 581378951
13:01:58.013    51,877s       7ms  20476    Loading game ... done
13:01:58.019    51,883s       6ms  20476    After game loading
13:01:58.032    51,895s      12ms  20476    Game options: PT = 0; SpeedPT = 1; SpeedAfterPT = 1; Seed = 0; Difficulty = mdNone
13:01:58.038    51,902s       7ms  20476    After game loading ... done
13:02:31.301    85,165s   33263ms  20476    Saving dev settings to file 'kmr_dev.xml'
13:02:32.147    86,010s     845ms  20476    Stopping game application...
13:02:32.154    86,018s       8ms  20476    Gameplay ended - grSilent /
13:02:32.161    86,025s       7ms  20476    Start saving 'Server settings' to 'C:\Users\szyby\OneDrive\Dokumenty\My Games\Knights and Merchants Remake\KaM Remake Server Settings.ini'
00fd88d0 KaM_Expansion.exe KM_Settings        106 TKMSettings.SaveToDefaultFile
00fd89a3 KaM_Expansion.exe KM_Settings        113 TKMSettings.SaveToDefaultFile
00fd85dc KaM_Expansion.exe KM_Settings         65 TKMSettings.Destroy
0111672a KaM_Expansion.exe KM_ServerSettings  117 TKMServerSettings.Destroy
00a3a764 KaM_Expansion.exe System              23 TObject.Free
00d08fe4 KaM_Expansion.exe KromUtils          281 FreeThenNil
011e2d3f KaM_Expansion.exe KM_GameApp         333 TKMGameApp.Destroy
00a3a764 KaM_Expansion.exe System              23 TObject.Free
00d08fe4 KaM_Expansion.exe KromUtils          281 FreeThenNil
011ed96d KaM_Expansion.exe KM_Main            376 TKMMain.Stop
011eda4c KaM_Expansion.exe KM_Main            405 TKMMain.Stop
0145a10d KaM_Expansion.exe KM_FormMain       2212 TFormMain.FormClose
00cb2df7 KaM_Expansion.exe Vcl.Forms              TCustomForm.DoClose
00cb87e5 KaM_Expansion.exe Vcl.Forms              TCustomForm.Close
00cb7424 KaM_Expansion.exe Vcl.Forms              TCustomForm.WMClose
00c02cfa KaM_Expansion.exe Vcl.Controls           TControl.WndProc
00c07ec1 KaM_Expansion.exe Vcl.Controls           TWinControl.WndProc
00cb3a38 KaM_Expansion.exe Vcl.Forms              TCustomForm.WndProc
00cb3a53 KaM_Expansion.exe Vcl.Forms              TCustomForm.WndProc
01459bf9 KaM_Expansion.exe KM_FormMain       2051 TFormMain.WndProc

13:02:32.184    86,048s      23ms  20476    'Server settings' was successfully saved to 'C:\Users\szyby\OneDrive\Dokumenty\My Games\Knights and Merchants Remake\KaM Remake Server Settings.ini'
13:02:32.399    86,262s     214ms  20476    Start saving 'GameApp settings' to 'C:\Users\szyby\OneDrive\Dokumenty\My Games\Knights and Merchants Remake\KaM Remake Settings KingDyronMod.xml'
00fd88d0 KaM_Expansion.exe KM_Settings         106 TKMSettings.SaveToDefaultFile
00fd89a3 KaM_Expansion.exe KM_Settings         113 TKMSettings.SaveToDefaultFile
00fd85dc KaM_Expansion.exe KM_Settings          65 TKMSettings.Destroy
00fd8d36 KaM_Expansion.exe KM_SettingsXML       44 TKMSettingsXML.Destroy
00fd9062 KaM_Expansion.exe KM_GameAppSettings   57 TKMGameAppSettings.Destroy
00a3a764 KaM_Expansion.exe System               23 TObject.Free
00d08fe4 KaM_Expansion.exe KromUtils           281 FreeThenNil
011ed977 KaM_Expansion.exe KM_Main             378 TKMMain.Stop
011eda4c KaM_Expansion.exe KM_Main             405 TKMMain.Stop
0145a10d KaM_Expansion.exe KM_FormMain        2212 TFormMain.FormClose
00cb2df7 KaM_Expansion.exe Vcl.Forms               TCustomForm.DoClose
00cb87e5 KaM_Expansion.exe Vcl.Forms               TCustomForm.Close
00cb7424 KaM_Expansion.exe Vcl.Forms               TCustomForm.WMClose
00c02cfa KaM_Expansion.exe Vcl.Controls            TControl.WndProc
00c07ec1 KaM_Expansion.exe Vcl.Controls            TWinControl.WndProc
00cb3a38 KaM_Expansion.exe Vcl.Forms               TCustomForm.WndProc
00cb3a53 KaM_Expansion.exe Vcl.Forms               TCustomForm.WndProc
01459bf9 KaM_Expansion.exe KM_FormMain        2051 TFormMain.WndProc
00c073cc KaM_Expansion.exe Vcl.Controls            TWinControl.MainWndProc
00c073e7 KaM_Expansion.exe Vcl.Controls            TWinControl.MainWndProc

13:02:32.418    86,281s      19ms  20476    'GameApp settings' was successfully saved to 'C:\Users\szyby\OneDrive\Dokumenty\My Games\Knights and Merchants Remake\KaM Remake Settings KingDyronMod.xml'
