   Timestamp    Elapsed     Delta  Thread    Description
========================
    Date: 2024.12.29
========================
17:06:12.222     0,001s       1ms   9844    Log is up and running. Game version: KaM Expansion: Co-op & World Update
17:06:12.228     0,007s       6ms   9844    Game Load started
17:06:12.241     0,020s      13ms   9844    Start loading 'GameApp settings' from 'C:\Users\szyby\OneDrive\Dokumenty\My Games\Knights and Merchants Remake\KaM Remake Settings KingDyronMod.xml'
17:06:12.246     0,025s       5ms   9844    'GameApp settings' was successfully loaded from 'C:\Users\szyby\OneDrive\Dokumenty\My Games\Knights and Merchants Remake\KaM Remake Settings KingDyronMod.xml'
17:06:12.251     0,030s       5ms   9844    Start saving 'GameApp settings' to 'C:\Users\szyby\OneDrive\Dokumenty\My Games\Knights and Merchants Remake\KaM Remake Settings KingDyronMod.xml'
012b46d0 KaM_Expansion.exe KM_Settings        106 TKMSettings.SaveToDefaultFile
012b47a3 KaM_Expansion.exe KM_Settings        113 TKMSettings.SaveToDefaultFile
012b43a1 KaM_Expansion.exe KM_Settings         59 TKMSettings.Create
012b4ade KaM_Expansion.exe KM_SettingsXML      38 TKMSettingsXML.Create
012b4e1f KaM_Expansion.exe KM_GameAppSettings  51 TKMGameAppSettings.Create
014ce244 KaM_Expansion.exe KM_Main            258 TKMMain.Start
014ce4c8 KaM_Expansion.exe KM_Main            305 TKMMain.Start
0174bb2b KaM_Expansion.exe KaM_Expansion      479 initialization
0174bb5a KaM_Expansion.exe KaM_Expansion      482 initialization
76867ba7 KERNEL32.DLL                             BaseThreadInitThunk

17:06:12.288     0,067s      37ms   9844    'GameApp settings' was successfully saved to 'C:\Users\szyby\OneDrive\Dokumenty\My Games\Knights and Merchants Remake\KaM Remake Settings KingDyronMod.xml'
17:06:12.313     0,092s      24ms   9844    Start loading 'Server settings' from 'C:\Users\szyby\OneDrive\Dokumenty\My Games\Knights and Merchants Remake\KaM Remake Server Settings.ini'
17:06:12.321     0,099s       7ms   9844    'Server settings' was successfully loaded from 'C:\Users\szyby\OneDrive\Dokumenty\My Games\Knights and Merchants Remake\KaM Remake Server Settings.ini'
17:06:12.327     0,106s       7ms   9844    Start saving 'Server settings' to 'C:\Users\szyby\OneDrive\Dokumenty\My Games\Knights and Merchants Remake\KaM Remake Server Settings.ini'
012b46d0 KaM_Expansion.exe KM_Settings       106 TKMSettings.SaveToDefaultFile
012b47a3 KaM_Expansion.exe KM_Settings       113 TKMSettings.SaveToDefaultFile
012b43a1 KaM_Expansion.exe KM_Settings        59 TKMSettings.Create
013f74bc KaM_Expansion.exe KM_ServerSettings 109 TKMServerSettings.Create
014c35c4 KaM_Expansion.exe KM_GameApp        213 TKMGameApp.Create
014c3a16 KaM_Expansion.exe KM_GameApp        295 TKMGameApp.Create
014cf4ee KaM_Expansion.exe KM_Main           635 TKMMain.ReinitRender
014cf6fa KaM_Expansion.exe KM_Main           689 TKMMain.ReinitRender
014ce35a KaM_Expansion.exe KM_Main           281 TKMMain.Start
014ce4c8 KaM_Expansion.exe KM_Main           305 TKMMain.Start
0174bb2b KaM_Expansion.exe KaM_Expansion     479 initialization
0174bb5a KaM_Expansion.exe KaM_Expansion     482 initialization
76867ba7 KERNEL32.DLL                            BaseThreadInitThunk

17:06:12.339     0,118s      12ms   9844    'Server settings' was successfully saved to 'C:\Users\szyby\OneDrive\Dokumenty\My Games\Knights and Merchants Remake\KaM Remake Server Settings.ini'
17:06:12.347     0,125s       7ms   9844    Init Render started
17:06:12.484     0,263s     138ms   9844    GL_MAX_TEXTURE_SIZE = 32768
17:06:12.491     0,269s       6ms   9844    GL_MAX_VIEWPORT_DIM = 32768
                                      OpenGL Vendor: NVIDIA Corporation
                                      OpenGL Renderer: NVIDIA GeForce RTX 3060 Ti/PCIe/SSE2
                                      OpenGL Version: 4.6.0 NVIDIA 560.81
17:06:12.517     0,296s      27ms   9844    Init Render Done
17:06:12.523     0,302s       6ms   9844    Resource loading state - None
17:06:12.531     0,309s       7ms   9844    Reading palettes ... done
17:06:12.540     0,318s       9ms   9844    Reading GUI.rx
17:06:12.546     0,325s       7ms   9844    Load Sprites started
17:06:12.553     0,333s       8ms   9844    GUI - 966
17:06:12.572     0,351s      18ms   9844    Load Sprites Done
17:06:12.607     0,386s      35ms   9844    Reading GUIMain.rx
17:06:12.615     0,393s       7ms   9844    Load Sprites started
17:06:12.621     0,399s       6ms   9844    GUIMain - 105
17:06:12.672     0,451s      52ms   9844    Load Sprites Done
17:06:12.725     0,504s      53ms   9844    Reading Tileset.rx
17:06:12.732     0,511s       7ms   9844    Load Sprites started
17:06:12.739     0,518s       7ms   9844    Tileset - 5449
17:06:12.778     0,556s      38ms   9844    Load Sprites Done
17:06:12.784     0,563s       7ms   9844    GenerateTerrainTransitions started. Legacy = False
17:06:12.795     0,574s      11ms   9844    TexId = 5451 GenTilesCnt = 2100
17:06:12.808     0,587s      13ms   9844    TexId = 6051; TexId - fGenTexIdStartI = 600; uniqueTex = 600; totalTex = 1350
17:06:12.818     0,597s      10ms   9844    GeneratedMasks cnt = 20
17:06:12.829     0,608s      11ms   9844    GenerateTerrainTransitions Done
17:06:12.842     0,621s      13ms   9844    GenerateTerrainTransitions started. Legacy = True
17:06:12.854     0,633s      12ms   9844    Legacy: TexId = 4999 GenTilesCntTemp = 2030
17:06:12.866     0,645s      11ms   9844    TexId = 5463; TexId - fGenTexIdStartILegacy = 464; uniqueTex = 464; totalTex = 1044
17:06:12.878     0,657s      12ms   9844    GeneratedMasks cnt = 16
17:06:12.886     0,665s       8ms   9844    GenerateTerrainTransitions Done
17:06:13.011     0,790s     125ms   9844    Load font started
17:06:13.051     0,830s      40ms   9844    Font load took 40ms
17:06:13.058     0,837s       7ms   9844    Read fonts is done
17:06:13.078     0,856s      19ms   9844    ReadGFX is done
17:06:13.085     0,864s       8ms   9844    Resource loading state - Menu
17:06:13.095     0,874s      10ms   7148    OpenAL init started
17:06:13.761     1,540s     666ms   9844    Music init done, 24 tracks found
                                      Loading campaign images.rxx for HKS
17:06:13.793     1,572s      32ms  16416    Custom - 1
17:06:13.803     1,582s      10ms   7148    Pre-LoadSFX init ... done
17:06:13.810     1,589s       7ms   7148    ALC_MONO_SOURCES 255
17:06:13.816     1,595s       6ms   7148    ALC_STEREO_SOURCES 1
17:06:13.823     1,602s       7ms   9844    Main menu init done
17:06:13.830     1,609s       7ms   7148    OpenAL init done
17:06:13.851     1,630s      21ms   9844    Check game folder 'E:\programowanie\projekty delphi\kam_expansion\' generic permissions: READ: granted; WRITE: granted; EXECUTE: granted; folder is writable: 
17:06:13.858     1,636s       6ms   9844    LoadGameResources ... AlphaShadows: True. Forced: True
17:06:13.865     1,644s       8ms   9844    TKMResSprites.LoadGameResources
17:06:13.872     1,651s       7ms   9844    [AsyncGameResLoader Thread] Started
17:06:13.878     1,657s       6ms   9844    Resource loading state - Game
17:06:13.886     1,665s       8ms   9844    ToggleFullscreen
17:06:13.891     1,670s       5ms   9844    Form Width/Height: 1040:853
17:06:13.899     1,677s       7ms   9844    Panel Width/Height: 1024:814
17:06:13.905     1,684s       7ms  10504    [AsyncGameResLoader Thread] RT = rxTrees Stage = lsLoad
17:06:13.911     1,691s       7ms  10504    [AsyncGameResLoader Thread] Start Load RXX 'Trees.rxx'
17:06:13.919     1,697s       6ms  10504    Load Sprites started
17:06:13.925     1,704s       7ms  10504    Trees - 1216
17:06:13.939     1,718s      14ms   9844    Saving dev settings to file 'kmr_dev.xml'
17:06:13.955     1,734s      15ms   9844    Saving dev settings to file 'kmr_dev.xml'
                                      Loading campaign images.rxx for KSN
17:06:13.973     1,752s      18ms  16416    Custom - 1
17:06:13.983     1,762s      10ms   9844    Game Load Done in 1777
                                      Loading campaign images.rxx for KSO
17:06:14.046     1,825s      63ms  16416    Custom - 1
17:06:14.067     1,846s      21ms  10504    Load Sprites Done
                                      Loading campaign images.rxx for KSU
17:06:14.111     1,890s      44ms  16416    Custom - 1
                                      Loading campaign images.rxx for OFL
17:06:14.174     1,953s      63ms  16416    Custom - 1
17:06:14.183     1,962s       9ms  10504    [AsyncGameResLoader Thread] DONE Load RXX 'Trees.rxa'
17:06:14.199     1,978s      16ms   9844    [AsyncGameResLoader MainTh] [UpdateStateIdle] GenTextures RT = rxTrees Stage = lsGenMain
17:06:14.217     1,996s      18ms   9844    [AsyncGameResLoader MainTh] [UpdateStateIdle] DONE
                                      Loading campaign images.rxx for OER
17:06:14.242     2,021s      25ms  10504    [AsyncGameResLoader Thread] RT = rxTrees Stage = lsOverload
17:06:14.253     2,031s      10ms  10504    [AsyncGameResLoader Thread] OverloadFromFolder RT = rxTrees
17:06:14.265     2,043s      12ms  16416    Custom - 1
17:06:14.276     2,055s      12ms  10504    [AsyncGameResLoader Thread] DONE OverloadFromFolder RT = rxTrees
17:06:14.287     2,065s      10ms   9844    [AsyncGameResLoader MainTh] [UpdateStateIdle] GenTextures RT = rxTrees Stage = lsGenOverload
17:06:14.294     2,073s       8ms   9844    [AsyncGameResLoader MainTh] [UpdateStateIdle] DONE
17:06:14.306     2,085s      11ms  10504    [AsyncGameResLoader Thread] RT = rxHouses Stage = lsLoad
17:06:14.316     2,094s       9ms  10504    [AsyncGameResLoader Thread] Start Load RXX 'Houses.rxx'
17:06:14.323     2,101s       7ms  10504    Load Sprites started
                                      Loading campaign images.rxx for TBK
17:06:14.336     2,114s      13ms  10504    Houses - 2709
17:06:14.342     2,120s       6ms  16416    Custom - 1
                                      Loading campaign images.rxx for TPR
17:06:14.404     2,183s      63ms  16416    Custom - 1
                                      Loading campaign images.rxx for TSK
17:06:14.458     2,237s      54ms  16416    Custom - 1
                                      Loading campaign images.rxx for TUA
17:06:14.508     2,286s      49ms  16416    Custom - 1
17:06:14.514     2,293s       7ms  10504    Load Sprites Done
17:06:14.656     2,434s     141ms  10504    [AsyncGameResLoader Thread] DONE Load RXX 'Houses.rxa'
17:06:14.666     2,445s      11ms   9844    [AsyncGameResLoader MainTh] [UpdateStateIdle] GenTextures RT = rxHouses Stage = lsGenMain
                                      Loading campaign images.rxx for TMR
17:06:14.686     2,465s      19ms  16416    Custom - 1
17:06:14.693     2,472s       7ms   9844    [AsyncGameResLoader MainTh] [UpdateStateIdle] DONE
17:06:14.703     2,481s       9ms  10504    [AsyncGameResLoader Thread] RT = rxHouses Stage = lsOverload
17:06:14.711     2,490s       9ms  10504    [AsyncGameResLoader Thread] OverloadFromFolder RT = rxHouses
17:06:14.825     2,604s     114ms  10504    [AsyncGameResLoader Thread] DONE OverloadFromFolder RT = rxHouses
17:06:14.839     2,618s      14ms   9844    [AsyncGameResLoader MainTh] [UpdateStateIdle] GenTextures RT = rxHouses Stage = lsGenOverload
17:06:14.848     2,627s       9ms   9844    [AsyncGameResLoader MainTh] [UpdateStateIdle] DONE
17:06:14.855     2,634s       7ms  10504    [AsyncGameResLoader Thread] RT = rxUnits Stage = lsLoad
17:06:14.861     2,640s       6ms  10504    [AsyncGameResLoader Thread] Start Load RXX 'Units.rxx'
17:06:14.868     2,647s       7ms  10504    Load Sprites started
17:06:14.874     2,653s       6ms  10504    Units - 14845
17:06:15.340     3,119s     466ms  10504    Load Sprites Done
                                      Loading campaign images.rxx for HKS
17:06:15.974     3,753s     634ms   2316    Custom - 1
                                      Loading campaign images.rxx for KSN
17:06:16.080     3,859s     106ms   2316    Custom - 1
                                      Loading campaign images.rxx for KSO
17:06:16.151     3,930s      71ms   2316    Custom - 1
                                      Loading campaign images.rxx for KSU
17:06:16.209     3,988s      58ms   2316    Custom - 1
                                      Loading campaign images.rxx for OFL
17:06:16.266     4,045s      57ms   2316    Custom - 1
                                      Loading campaign images.rxx for OER
17:06:16.307     4,086s      41ms   2316    Custom - 1
                                      Loading campaign images.rxx for TBK
17:06:16.341     4,120s      34ms   2316    Custom - 1
                                      Loading campaign images.rxx for TPR
17:06:16.395     4,174s      54ms   2316    Custom - 1
                                      Loading campaign images.rxx for TSK
17:06:16.433     4,213s      39ms   2316    Custom - 1
                                      Loading campaign images.rxx for TUA
17:06:16.466     4,245s      32ms   2316    Custom - 1
17:06:16.485     4,264s      19ms  10504    [AsyncGameResLoader Thread] DONE Load RXX 'Units.rxa'
17:06:16.491     4,270s       6ms   9844    [AsyncGameResLoader MainTh] [UpdateStateIdle] GenTextures RT = rxUnits Stage = lsGenMain
17:06:16.551     4,330s      60ms   9844    [AsyncGameResLoader MainTh] [UpdateStateIdle] DONE
17:06:16.558     4,337s       7ms  10504    [AsyncGameResLoader Thread] RT = rxUnits Stage = lsOverload
17:06:16.564     4,343s       6ms  10504    [AsyncGameResLoader Thread] OverloadFromFolder RT = rxUnits
17:06:16.570     4,349s       6ms  10504    [AsyncGameResLoader Thread] DONE OverloadFromFolder RT = rxUnits
17:06:16.605     4,384s      34ms   9844    [AsyncGameResLoader MainTh] [UpdateStateIdle] GenTextures RT = rxUnits Stage = lsGenOverload
17:06:16.612     4,391s       7ms   9844    [AsyncGameResLoader Thread] Stopped
                                      Loading campaign images.rxx for TMR
17:06:16.624     4,403s      12ms   9844    [AsyncGameResLoader MainTh] [UpdateStateIdle] DONE
17:06:16.631     4,410s       7ms   2316    Custom - 1
17:06:16.713     4,492s      82ms   9844    LoadGameResources ... AlphaShadows: True. Forced: False
17:06:16.720     4,499s       7ms   9844    Resource loading state - Game
17:06:16.746     4,525s      26ms   9844    Saving dev settings to file 'kmr_dev.xml'
17:06:16.790     4,568s      43ms   9844    <== Game creation is done ==>
17:06:16.797     4,576s       8ms   9844    GameStart
17:06:16.803     4,582s       6ms   9844    Loading DAT file: E:\programowanie\projekty delphi\kam_expansion\Maps\Nowa Misja 2\Nowa Misja 2.dat
17:06:16.809     4,588s       6ms   9844    Loading map file: E:\programowanie\projekty delphi\kam_expansion\Maps\Nowa Misja 2\Nowa Misja 2.map
17:06:16.816     4,595s       7ms   9844    Map file loaded
17:06:16.975     4,754s     159ms   9844    Gameplay recording initialized ... done
17:06:16.982     4,761s       7ms   9844    Game options: PT = 0; SpeedPT = 1; SpeedAfterPT = 1; Seed = 0; Difficulty = mdNone
17:06:16.988     4,766s       5ms   9844    Gameplay initialized ... done
17:06:16.993     4,771s       5ms   9844    After game start
17:06:17.000     4,778s       7ms   9844    Set game seed: 35723757
17:06:17.006     4,785s       7ms   9844    After game start ... done
17:06:50.368    38,147s   33362ms   9844    Saving dev settings to file 'kmr_dev.xml'
17:06:51.242    39,021s     874ms   9844    Stopping game application...
17:06:51.271    39,050s      29ms   9844    Gameplay ended - grSilent /
17:06:51.277    39,056s       6ms   9844    Start saving 'Server settings' to 'C:\Users\szyby\OneDrive\Dokumenty\My Games\Knights and Merchants Remake\KaM Remake Server Settings.ini'
012b46d0 KaM_Expansion.exe KM_Settings        106 TKMSettings.SaveToDefaultFile
012b47a3 KaM_Expansion.exe KM_Settings        113 TKMSettings.SaveToDefaultFile
012b43dc KaM_Expansion.exe KM_Settings         65 TKMSettings.Destroy
013f7502 KaM_Expansion.exe KM_ServerSettings  117 TKMServerSettings.Destroy
00d1a764 KaM_Expansion.exe System              23 TObject.Free
00fe980c KaM_Expansion.exe KromUtils          281 FreeThenNil
014c3c73 KaM_Expansion.exe KM_GameApp         330 TKMGameApp.Destroy
00d1a764 KaM_Expansion.exe System              23 TObject.Free
00fe980c KaM_Expansion.exe KromUtils          281 FreeThenNil
014ce909 KaM_Expansion.exe KM_Main            376 TKMMain.Stop
014ce9e8 KaM_Expansion.exe KM_Main            405 TKMMain.Stop
017367dd KaM_Expansion.exe KM_FormMain       2212 TFormMain.FormClose
00f936a7 KaM_Expansion.exe Vcl.Forms              TCustomForm.DoClose
00f99095 KaM_Expansion.exe Vcl.Forms              TCustomForm.Close
00f9d87f KaM_Expansion.exe Vcl.Forms              TApplication.WndProc
00e50c30 KaM_Expansion.exe System.Classes         StdWndProc
7798916b ntdll.dll                                KiUserCallbackDispatcher
00e50c30 KaM_Expansion.exe System.Classes         StdWndProc
7798916b ntdll.dll                                KiUserCallbackDispatcher
0174bb3b KaM_Expansion.exe KaM_Expansion      480 initialization

17:06:51.293    39,072s      16ms   9844    'Server settings' was successfully saved to 'C:\Users\szyby\OneDrive\Dokumenty\My Games\Knights and Merchants Remake\KaM Remake Server Settings.ini'
17:06:51.507    39,286s     214ms   9844    Start saving 'GameApp settings' to 'C:\Users\szyby\OneDrive\Dokumenty\My Games\Knights and Merchants Remake\KaM Remake Settings KingDyronMod.xml'
012b46d0 KaM_Expansion.exe KM_Settings         106 TKMSettings.SaveToDefaultFile
012b47a3 KaM_Expansion.exe KM_Settings         113 TKMSettings.SaveToDefaultFile
012b43dc KaM_Expansion.exe KM_Settings          65 TKMSettings.Destroy
012b4b36 KaM_Expansion.exe KM_SettingsXML       44 TKMSettingsXML.Destroy
012b4e62 KaM_Expansion.exe KM_GameAppSettings   57 TKMGameAppSettings.Destroy
00d1a764 KaM_Expansion.exe System               23 TObject.Free
00fe980c KaM_Expansion.exe KromUtils           281 FreeThenNil
014ce913 KaM_Expansion.exe KM_Main             378 TKMMain.Stop
014ce9e8 KaM_Expansion.exe KM_Main             405 TKMMain.Stop
017367dd KaM_Expansion.exe KM_FormMain        2212 TFormMain.FormClose
00f936a7 KaM_Expansion.exe Vcl.Forms               TCustomForm.DoClose
00f99095 KaM_Expansion.exe Vcl.Forms               TCustomForm.Close
00f9d87f KaM_Expansion.exe Vcl.Forms               TApplication.WndProc
00e50c30 KaM_Expansion.exe System.Classes          StdWndProc
7798916b ntdll.dll                                 KiUserCallbackDispatcher
00e50c30 KaM_Expansion.exe System.Classes          StdWndProc
7798916b ntdll.dll                                 KiUserCallbackDispatcher
0174bb3b KaM_Expansion.exe KaM_Expansion       480 initialization
0174bb5a KaM_Expansion.exe KaM_Expansion       482 initialization
76867ba7 KERNEL32.DLL                              BaseThreadInitThunk

17:06:51.522    39,301s      15ms   9844    'GameApp settings' was successfully saved to 'C:\Users\szyby\OneDrive\Dokumenty\My Games\Knights and Merchants Remake\KaM Remake Settings KingDyronMod.xml'
