   Timestamp    Elapsed     Delta  Thread    Description
========================
    Date: 2024.12.26
========================
17:48:06.966     0,001s       1ms  21008    Log is up and running. Game version: KaM Expansion: Co-op & World Update
17:48:06.972     0,006s       5ms  21008    Game Load started
17:48:06.983     0,017s      11ms  21008    Start loading 'GameApp settings' from 'C:\Users\szyby\OneDrive\Dokumenty\My Games\Knights and Merchants Remake\KaM Remake Settings KingDyronMod.xml'
17:48:06.989     0,023s       6ms  21008    'GameApp settings' was successfully loaded from 'C:\Users\szyby\OneDrive\Dokumenty\My Games\Knights and Merchants Remake\KaM Remake Settings KingDyronMod.xml'
17:48:07.004     0,038s       5ms  21008    Start saving 'GameApp settings' to 'C:\Users\szyby\OneDrive\Dokumenty\My Games\Knights and Merchants Remake\KaM Remake Settings KingDyronMod.xml'
014b1db4 KaM_Expansion.exe KM_Settings        106 TKMSettings.SaveToDefaultFile
014b1e87 KaM_Expansion.exe KM_Settings        113 TKMSettings.SaveToDefaultFile
014b1a85 KaM_Expansion.exe KM_Settings         59 TKMSettings.Create
014b21c2 KaM_Expansion.exe KM_SettingsXML      38 TKMSettingsXML.Create
014b2503 KaM_Expansion.exe KM_GameAppSettings  51 TKMGameAppSettings.Create
016cd5ac KaM_Expansion.exe KM_Main            258 TKMMain.Start
016cd830 KaM_Expansion.exe KM_Main            305 TKMMain.Start
0194bb2b KaM_Expansion.exe KaM_Expansion      479 initialization
0194bb5a KaM_Expansion.exe KaM_Expansion      482 initialization
75e37ba7 KERNEL32.DLL                             BaseThreadInitThunk

17:48:07.043     0,077s      39ms  21008    'GameApp settings' was successfully saved to 'C:\Users\szyby\OneDrive\Dokumenty\My Games\Knights and Merchants Remake\KaM Remake Settings KingDyronMod.xml'
17:48:07.073     0,107s      30ms  21008    Start loading 'Server settings' from 'C:\Users\szyby\OneDrive\Dokumenty\My Games\Knights and Merchants Remake\KaM Remake Server Settings.ini'
17:48:07.080     0,114s       7ms  21008    'Server settings' was successfully loaded from 'C:\Users\szyby\OneDrive\Dokumenty\My Games\Knights and Merchants Remake\KaM Remake Server Settings.ini'
17:48:07.087     0,121s       7ms  21008    Start saving 'Server settings' to 'C:\Users\szyby\OneDrive\Dokumenty\My Games\Knights and Merchants Remake\KaM Remake Server Settings.ini'
014b1db4 KaM_Expansion.exe KM_Settings       106 TKMSettings.SaveToDefaultFile
014b1e87 KaM_Expansion.exe KM_Settings       113 TKMSettings.SaveToDefaultFile
014b1a85 KaM_Expansion.exe KM_Settings        59 TKMSettings.Create
015f6824 KaM_Expansion.exe KM_ServerSettings 109 TKMServerSettings.Create
016c292c KaM_Expansion.exe KM_GameApp        213 TKMGameApp.Create
016c2d7e KaM_Expansion.exe KM_GameApp        295 TKMGameApp.Create
016ce856 KaM_Expansion.exe KM_Main           635 TKMMain.ReinitRender
016cea62 KaM_Expansion.exe KM_Main           689 TKMMain.ReinitRender
016cd6c2 KaM_Expansion.exe KM_Main           281 TKMMain.Start
016cd830 KaM_Expansion.exe KM_Main           305 TKMMain.Start
0194bb2b KaM_Expansion.exe KaM_Expansion     479 initialization
0194bb5a KaM_Expansion.exe KaM_Expansion     482 initialization
75e37ba7 KERNEL32.DLL                            BaseThreadInitThunk

17:48:07.100     0,135s      14ms  21008    'Server settings' was successfully saved to 'C:\Users\szyby\OneDrive\Dokumenty\My Games\Knights and Merchants Remake\KaM Remake Server Settings.ini'
17:48:07.106     0,140s       5ms  21008    Init Render started
17:48:07.241     0,275s     135ms  21008    GL_MAX_TEXTURE_SIZE = 32768
17:48:07.249     0,283s       8ms  21008    GL_MAX_VIEWPORT_DIM = 32768
                                      OpenGL Vendor: NVIDIA Corporation
                                      OpenGL Renderer: NVIDIA GeForce RTX 3060 Ti/PCIe/SSE2
                                      OpenGL Version: 4.6.0 NVIDIA 560.81
17:48:07.277     0,311s      28ms  21008    Init Render Done
17:48:07.284     0,318s       7ms  21008    Resource loading state - None
17:48:07.291     0,325s       7ms  21008    Reading palettes ... done
17:48:07.300     0,334s       9ms  21008    Reading GUI.rx
17:48:07.307     0,341s       7ms  21008    Load Sprites started
17:48:07.315     0,349s       8ms  21008    GUI - 965
17:48:07.336     0,370s      21ms  21008    Load Sprites Done
17:48:07.372     0,406s      36ms  21008    Reading GUIMain.rx
17:48:07.379     0,413s       7ms  21008    Load Sprites started
17:48:07.386     0,420s       7ms  21008    GUIMain - 105
17:48:07.439     0,473s      52ms  21008    Load Sprites Done
17:48:07.495     0,529s      56ms  21008    Reading Tileset.rx
17:48:07.502     0,536s       7ms  21008    Load Sprites started
17:48:07.508     0,543s       7ms  21008    Tileset - 5449
17:48:07.524     0,558s      15ms  21008    Load Sprites Done
17:48:07.531     0,565s       7ms  21008    GenerateTerrainTransitions started. Legacy = False
17:48:07.537     0,572s       7ms  21008    TexId = 5451 GenTilesCnt = 2030
17:48:07.544     0,578s       6ms  21008    TexId = 6031; TexId - fGenTexIdStartI = 580; uniqueTex = 580; totalTex = 1305
17:48:07.551     0,585s       7ms  21008    GeneratedMasks cnt = 20
17:48:07.558     0,592s       7ms  21008    GenerateTerrainTransitions Done
17:48:07.564     0,598s       6ms  21008    GenerateTerrainTransitions started. Legacy = True
17:48:07.571     0,605s       7ms  21008    Legacy: TexId = 4999 GenTilesCntTemp = 1960
17:48:07.578     0,612s       7ms  21008    TexId = 5447; TexId - fGenTexIdStartILegacy = 448; uniqueTex = 448; totalTex = 1008
17:48:07.586     0,620s       7ms  21008    GeneratedMasks cnt = 16
17:48:07.591     0,625s       5ms  21008    GenerateTerrainTransitions Done
17:48:07.701     0,735s     110ms  21008    Load font started
17:48:07.739     0,773s      38ms  21008    Font load took 38ms
17:48:07.745     0,780s       7ms  21008    Read fonts is done
17:48:07.763     0,797s      16ms  21008    ReadGFX is done
17:48:07.770     0,804s       7ms  21008    Resource loading state - Menu
17:48:07.778     0,812s       8ms   6816    OpenAL init started
17:48:08.395     1,429s     617ms  21008    Music init done, 24 tracks found
                                      Loading campaign images.rxx for HKS
17:48:08.421     1,455s      26ms  19308    Custom - 1
17:48:08.429     1,463s       8ms   6816    Pre-LoadSFX init ... done
17:48:08.436     1,470s       7ms   6816    ALC_MONO_SOURCES 255
17:48:08.443     1,477s       7ms   6816    ALC_STEREO_SOURCES 1
17:48:08.450     1,484s       7ms  21008    Main menu init done
17:48:08.457     1,491s       7ms   6816    OpenAL init done
17:48:08.479     1,513s      22ms  21008    Check game folder 'E:\programowanie\projekty delphi\kam_expansion\' generic permissions: READ: granted; WRITE: granted; EXECUTE: granted; folder is writable: 
17:48:08.487     1,521s       8ms  21008    LoadGameResources ... AlphaShadows: True. Forced: True
17:48:08.493     1,528s       7ms  21008    TKMResSprites.LoadGameResources
17:48:08.500     1,534s       6ms  21008    [AsyncGameResLoader Thread] Started
17:48:08.507     1,541s       7ms  21008    Resource loading state - Game
17:48:08.513     1,547s       6ms  21008    ToggleFullscreen
17:48:08.519     1,553s       6ms  21008    Form Width/Height: 1040:830
17:48:08.526     1,560s       7ms  21008    Panel Width/Height: 764:748
17:48:08.533     1,567s       7ms  17952    [AsyncGameResLoader Thread] RT = rxTrees Stage = lsLoad
17:48:08.540     1,574s       7ms  17952    [AsyncGameResLoader Thread] Start Load RXX 'Trees.rxx'
17:48:08.547     1,581s       7ms  17952    Load Sprites started
17:48:08.554     1,588s       7ms  17952    Trees - 1214
17:48:08.682     1,716s     128ms  17952    Load Sprites Done
17:48:08.782     1,816s     100ms  17952    [AsyncGameResLoader Thread] DONE Load RXX 'Trees.rxa'
                                      Loading campaign images.rxx for KSN
17:48:08.804     1,838s      22ms  19308    Custom - 1
17:48:08.847     1,881s      43ms  21008    Saving dev settings to file 'kmr_dev.xml'
                                      Loading campaign images.rxx for KSO
17:48:08.894     1,929s      48ms  19308    Custom - 1
17:48:08.915     1,949s      20ms  21008    Saving dev settings to file 'kmr_dev.xml'
17:48:08.921     1,955s       6ms  21008    Game Load Done in 1981
17:48:08.940     1,974s      19ms  21008    [AsyncGameResLoader MainTh] [UpdateStateIdle] GenTextures RT = rxTrees Stage = lsGenMain
17:48:08.951     1,985s      11ms  21008    [AsyncGameResLoader MainTh] [UpdateStateIdle] DONE
17:48:08.958     1,992s       7ms  17952    [AsyncGameResLoader Thread] RT = rxTrees Stage = lsOverload
17:48:08.965     1,999s       7ms  17952    [AsyncGameResLoader Thread] OverloadFromFolder RT = rxTrees
                                      Loading campaign images.rxx for KSU
17:48:08.978     2,012s      13ms  19308    Custom - 1
17:48:08.986     2,020s       8ms  17952    [AsyncGameResLoader Thread] DONE OverloadFromFolder RT = rxTrees
17:48:08.994     2,028s       8ms  21008    [AsyncGameResLoader MainTh] [UpdateStateIdle] GenTextures RT = rxTrees Stage = lsGenOverload
17:48:09.001     2,035s       7ms  21008    [AsyncGameResLoader MainTh] [UpdateStateIdle] DONE
17:48:09.007     2,041s       6ms  17952    [AsyncGameResLoader Thread] RT = rxHouses Stage = lsLoad
17:48:09.014     2,048s       7ms  17952    [AsyncGameResLoader Thread] Start Load RXX 'Houses.rxx'
17:48:09.021     2,055s       7ms  17952    Load Sprites started
17:48:09.027     2,061s       6ms  17952    Houses - 2582
                                      Loading campaign images.rxx for OFL
17:48:09.040     2,074s      13ms  19308    Custom - 1
                                      Loading campaign images.rxx for OER
17:48:09.091     2,125s      51ms  19308    Custom - 1
                                      Loading campaign images.rxx for TBK
17:48:09.126     2,160s      35ms  19308    Custom - 1
                                      Loading campaign images.rxx for TPR
17:48:09.183     2,217s      57ms  19308    Custom - 1
                                      Loading campaign images.rxx for TSK
17:48:09.237     2,271s      54ms  19308    Custom - 1
17:48:09.261     2,295s      24ms  17952    Load Sprites Done
                                      Loading campaign images.rxx for TUA
17:48:09.277     2,311s      16ms  19308    Custom - 1
17:48:09.412     2,446s     135ms  17952    [AsyncGameResLoader Thread] DONE Load RXX 'Houses.rxa'
17:48:09.423     2,457s      11ms  21008    [AsyncGameResLoader MainTh] [UpdateStateIdle] GenTextures RT = rxHouses Stage = lsGenMain
                                      Loading campaign images.rxx for TMR
17:48:09.440     2,474s      17ms  19308    Custom - 1
17:48:09.446     2,480s       6ms  21008    [AsyncGameResLoader MainTh] [UpdateStateIdle] DONE
17:48:09.454     2,488s       8ms  17952    [AsyncGameResLoader Thread] RT = rxHouses Stage = lsOverload
17:48:09.460     2,494s       6ms  17952    [AsyncGameResLoader Thread] OverloadFromFolder RT = rxHouses
17:48:09.619     2,653s     159ms  17952    [AsyncGameResLoader Thread] DONE OverloadFromFolder RT = rxHouses
17:48:09.642     2,676s      23ms  21008    [AsyncGameResLoader MainTh] [UpdateStateIdle] GenTextures RT = rxHouses Stage = lsGenOverload
17:48:09.653     2,687s      10ms  21008    [AsyncGameResLoader MainTh] [UpdateStateIdle] DONE
17:48:09.662     2,696s       9ms  17952    [AsyncGameResLoader Thread] RT = rxUnits Stage = lsLoad
17:48:09.669     2,703s       7ms  17952    [AsyncGameResLoader Thread] Start Load RXX 'Units.rxx'
17:48:09.675     2,709s       6ms  17952    Load Sprites started
17:48:09.682     2,716s       7ms  17952    Units - 14842
17:48:10.711     3,745s    1029ms  21008    LoadGameResources ... AlphaShadows: True. Forced: False
17:48:10.718     3,752s       7ms  21008    TKMResSprites.LoadGameResources
17:48:11.178     4,212s     460ms  17952    Load Sprites Done
17:48:12.274     5,308s    1096ms  17952    [AsyncGameResLoader Thread] DONE Load RXX 'Units.rxa'
17:48:12.281     5,315s       6ms  21008    [AsyncGameResLoader MainTh] [LoadGameResources] GenTextures RT = rxUnits Stage = lsGenMain
17:48:12.342     5,376s      61ms  21008    [AsyncGameResLoader MainTh] [LoadGameResources] DONE
17:48:12.351     5,386s      10ms  17952    [AsyncGameResLoader Thread] RT = rxUnits Stage = lsOverload
17:48:12.357     5,391s       5ms  17952    [AsyncGameResLoader Thread] OverloadFromFolder RT = rxUnits
17:48:13.386     6,420s    1029ms  17952    [AsyncGameResLoader Thread] DONE OverloadFromFolder RT = rxUnits
17:48:13.393     6,427s       7ms  21008    [AsyncGameResLoader MainTh] [LoadGameResources] GenTextures RT = rxUnits Stage = lsGenOverload
17:48:13.399     6,434s       7ms  21008    [AsyncGameResLoader Thread] Stopped
17:48:13.405     6,439s       5ms  21008    [AsyncGameResLoader MainTh] [LoadGameResources] DONE
17:48:13.411     6,445s       6ms  21008    Resource loading state - Game
17:48:13.419     6,453s       8ms  21008    Saving dev settings to file 'kmr_dev.xml'
17:48:13.469     6,503s      50ms  21008    <== Game creation is done ==>
17:48:13.476     6,510s       7ms  21008    GameStart
17:48:13.483     6,517s       7ms  21008    Loading DAT file: E:\programowanie\projekty delphi\kam_expansion\Maps\Nowa Misja\Nowa Misja.dat
17:48:13.489     6,524s       7ms  21008    Loading map file: E:\programowanie\projekty delphi\kam_expansion\Maps\Nowa Misja\Nowa Misja.map
17:48:13.502     6,536s      12ms  21008    Map file loaded
17:48:13.529     6,563s      27ms  21008    Gameplay recording initialized ... done
17:48:13.536     6,570s       7ms  21008    Game options: PT = 0; SpeedPT = 1; SpeedAfterPT = 1; Seed = 0; Difficulty = mdNone
17:48:13.542     6,576s       6ms  21008    Gameplay initialized ... done
17:48:13.548     6,582s       6ms  21008    After game start
17:48:13.568     6,602s      19ms  21008    Set game seed: 1548118895
17:48:13.575     6,609s       7ms  21008    Saving game at tick 0 to 'E:\programowanie\projekty delphi\kam_expansion\Saves\basesave\basesave.bas'
17:48:13.584     6,618s       9ms  21008    Script: "Size": {"X": 2, "Y": 1},|"Tiles": [|	{"Tile": [1, 693, 0, 255]},      {"Tile": [1, 693, 2, 255]}       |]
17:48:13.591     6,625s       7ms  21008    After game start ... done
17:48:13.770     6,804s     179ms  21008    Issue gicGameAutoSave command at tick 600
17:48:13.777     6,811s       7ms  21008    Saving game at tick 600 to 'E:\programowanie\projekty delphi\kam_expansion\Saves\autosave\autosave.sav'
17:48:13.923     6,958s     147ms  21008    Issue gicGameAutoSave command at tick 1200
17:48:13.931     6,965s       7ms  21008    Saving game at tick 1200 to 'E:\programowanie\projekty delphi\kam_expansion\Saves\autosave\autosave.sav'
17:48:14.066     7,101s     136ms  21008    Issue gicGameAutoSave command at tick 1800
17:48:14.073     7,107s       6ms  21008    Saving game at tick 1800 to 'E:\programowanie\projekty delphi\kam_expansion\Saves\autosave\autosave.sav'
17:48:14.217     7,251s     144ms  21008    Issue gicGameAutoSave command at tick 2400
17:48:14.223     7,257s       6ms  21008    Saving game at tick 2400 to 'E:\programowanie\projekty delphi\kam_expansion\Saves\autosave\autosave.sav'
17:48:14.367     7,401s     144ms  21008    Warning: HouseUnoccupiedMsgId for house type ord=54 could not be determined.
17:48:14.375     7,409s       8ms  21008    Warning: HouseUnoccupiedMsgId for house type ord=54 could not be determined.
17:48:14.381     7,415s       6ms  21008    Warning: HouseUnoccupiedMsgId for house type ord=54 could not be determined.
17:48:14.387     7,421s       6ms  21008    Warning: HouseUnoccupiedMsgId for house type ord=55 could not be determined.
17:48:14.394     7,428s       7ms  21008    Issue gicGameAutoSave command at tick 3000
17:48:14.400     7,434s       6ms  21008    Saving game at tick 3000 to 'E:\programowanie\projekty delphi\kam_expansion\Saves\autosave\autosave.sav'
17:48:14.539     7,573s     131ms  21008    Issue gicGameAutoSave command at tick 3600
17:48:14.546     7,580s       7ms  21008    Saving game at tick 3600 to 'E:\programowanie\projekty delphi\kam_expansion\Saves\autosave\autosave.sav'
17:48:20.917    13,951s    6371ms  21008    Issue gicGameAutoSave command at tick 4200
17:48:20.925    13,959s       8ms  21008    Saving game at tick 4200 to 'E:\programowanie\projekty delphi\kam_expansion\Saves\autosave\autosave.sav'
17:48:21.063    14,098s     139ms  21008    Issue gicGameAutoSave command at tick 4800
17:48:21.069    14,104s       6ms  21008    Saving game at tick 4800 to 'E:\programowanie\projekty delphi\kam_expansion\Saves\autosave\autosave.sav'
17:48:21.214    14,248s     144ms  21008    Issue gicGameAutoSave command at tick 5400
17:48:21.221    14,255s       7ms  21008    Saving game at tick 5400 to 'E:\programowanie\projekty delphi\kam_expansion\Saves\autosave\autosave.sav'
17:48:21.741    14,776s     521ms  21008    Warning: HouseUnoccupiedMsgId for house type ord=54 could not be determined.
17:48:21.749    14,783s       7ms  21008    Warning: HouseUnoccupiedMsgId for house type ord=54 could not be determined.
17:48:21.756    14,790s       7ms  21008    Warning: HouseUnoccupiedMsgId for house type ord=55 could not be determined.
17:48:21.762    14,796s       6ms  21008    Issue gicGameAutoSave command at tick 6000
17:48:21.767    14,801s       5ms  21008    Saving game at tick 6000 to 'E:\programowanie\projekty delphi\kam_expansion\Saves\autosave\autosave.sav'
17:48:26.317    19,351s    4550ms  21008    Issue gicGameAutoSave command at tick 6600
17:48:26.323    19,357s       6ms  21008    Saving game at tick 6600 to 'E:\programowanie\projekty delphi\kam_expansion\Saves\autosave\autosave.sav'
17:48:30.352    23,386s    4029ms  21008    Issue gicGameAutoSave command at tick 7200
17:48:30.360    23,394s       8ms  21008    Saving game at tick 7200 to 'E:\programowanie\projekty delphi\kam_expansion\Saves\autosave\autosave.sav'
17:48:31.363    24,397s    1003ms  21008    Issue gicGameAutoSave command at tick 7800
17:48:31.371    24,405s       8ms  21008    Saving game at tick 7800 to 'E:\programowanie\projekty delphi\kam_expansion\Saves\autosave\autosave.sav'
17:48:36.416    29,451s    5046ms  21008    Issue gicGameAutoSave command at tick 8400
17:48:36.424    29,458s       7ms  21008    Saving game at tick 8400 to 'E:\programowanie\projekty delphi\kam_expansion\Saves\autosave\autosave.sav'
17:49:33.067    86,101s   56643ms  21008    Make savepoint at tick 8999
17:49:33.075    86,109s       7ms  21008    Warning: HouseUnoccupiedMsgId for house type ord=54 could not be determined.
17:49:33.082    86,116s       7ms  21008    Warning: HouseUnoccupiedMsgId for house type ord=54 could not be determined.
17:49:33.089    86,123s       7ms  21008    Warning: HouseUnoccupiedMsgId for house type ord=55 could not be determined.
17:49:33.167    86,201s      78ms  21008    Issue gicGameAutoSave command at tick 9000
17:49:33.173    86,207s       6ms  21008    Saving game at tick 9000 to 'E:\programowanie\projekty delphi\kam_expansion\Saves\autosave\autosave.sav'
17:49:57.659   110,693s   24486ms  21008    Saving dev settings to file 'kmr_dev.xml'
17:49:58.442   111,476s     783ms  21008    Stopping game application...
17:49:58.451   111,486s      10ms  21008    Gameplay ended - grSilent /
17:49:58.460   111,494s       8ms  21008    Start saving 'Server settings' to 'C:\Users\szyby\OneDrive\Dokumenty\My Games\Knights and Merchants Remake\KaM Remake Server Settings.ini'
014b1db4 KaM_Expansion.exe KM_Settings        106 TKMSettings.SaveToDefaultFile
014b1e87 KaM_Expansion.exe KM_Settings        113 TKMSettings.SaveToDefaultFile
014b1ac0 KaM_Expansion.exe KM_Settings         65 TKMSettings.Destroy
015f686a KaM_Expansion.exe KM_ServerSettings  117 TKMServerSettings.Destroy
00f1a764 KaM_Expansion.exe System              20 TObject.Free
011e97f0 KaM_Expansion.exe KromUtils          281 FreeThenNil
016c2fdb KaM_Expansion.exe KM_GameApp         330 TKMGameApp.Destroy
00f1a764 KaM_Expansion.exe System              20 TObject.Free
011e97f0 KaM_Expansion.exe KromUtils          281 FreeThenNil
016cdc71 KaM_Expansion.exe KM_Main            376 TKMMain.Stop
016cdd50 KaM_Expansion.exe KM_Main            405 TKMMain.Stop
019362fd KaM_Expansion.exe KM_FormMain       2212 TFormMain.FormClose
011936a7 KaM_Expansion.exe Vcl.Forms              TCustomForm.DoClose
01199095 KaM_Expansion.exe Vcl.Forms              TCustomForm.Close
01197cd4 KaM_Expansion.exe Vcl.Forms              TCustomForm.WMClose
010e2cfa KaM_Expansion.exe Vcl.Controls           TControl.WndProc
010e7ec1 KaM_Expansion.exe Vcl.Controls           TWinControl.WndProc
011942e8 KaM_Expansion.exe Vcl.Forms              TCustomForm.WndProc
01194303 KaM_Expansion.exe Vcl.Forms              TCustomForm.WndProc
01935de9 KaM_Expansion.exe KM_FormMain       2051 TFormMain.WndProc

17:49:58.490   111,524s      30ms  21008    'Server settings' was successfully saved to 'C:\Users\szyby\OneDrive\Dokumenty\My Games\Knights and Merchants Remake\KaM Remake Server Settings.ini'
17:49:58.712   111,746s     222ms  21008    Start saving 'GameApp settings' to 'C:\Users\szyby\OneDrive\Dokumenty\My Games\Knights and Merchants Remake\KaM Remake Settings KingDyronMod.xml'
014b1db4 KaM_Expansion.exe KM_Settings         106 TKMSettings.SaveToDefaultFile
014b1e87 KaM_Expansion.exe KM_Settings         113 TKMSettings.SaveToDefaultFile
014b1ac0 KaM_Expansion.exe KM_Settings          65 TKMSettings.Destroy
014b221a KaM_Expansion.exe KM_SettingsXML       44 TKMSettingsXML.Destroy
014b2546 KaM_Expansion.exe KM_GameAppSettings   57 TKMGameAppSettings.Destroy
00f1a764 KaM_Expansion.exe System               20 TObject.Free
011e97f0 KaM_Expansion.exe KromUtils           281 FreeThenNil
016cdc7b KaM_Expansion.exe KM_Main             378 TKMMain.Stop
016cdd50 KaM_Expansion.exe KM_Main             405 TKMMain.Stop
019362fd KaM_Expansion.exe KM_FormMain        2212 TFormMain.FormClose
011936a7 KaM_Expansion.exe Vcl.Forms               TCustomForm.DoClose
01199095 KaM_Expansion.exe Vcl.Forms               TCustomForm.Close
01197cd4 KaM_Expansion.exe Vcl.Forms               TCustomForm.WMClose
010e2cfa KaM_Expansion.exe Vcl.Controls            TControl.WndProc
010e7ec1 KaM_Expansion.exe Vcl.Controls            TWinControl.WndProc
011942e8 KaM_Expansion.exe Vcl.Forms               TCustomForm.WndProc
01194303 KaM_Expansion.exe Vcl.Forms               TCustomForm.WndProc
01935de9 KaM_Expansion.exe KM_FormMain        2051 TFormMain.WndProc
010e73cc KaM_Expansion.exe Vcl.Controls            TWinControl.MainWndProc
010e73e7 KaM_Expansion.exe Vcl.Controls            TWinControl.MainWndProc

17:49:58.729   111,763s      17ms  21008    'GameApp settings' was successfully saved to 'C:\Users\szyby\OneDrive\Dokumenty\My Games\Knights and Merchants Remake\KaM Remake Settings KingDyronMod.xml'
