   Timestamp    Elapsed     Delta  Thread    Description
========================
    Date: 2024.12.27
========================
10:40:21.329     0,001s       1ms   5836    Log is up and running. Game version: KaM Expansion: Co-op & World Update
10:40:21.336     0,008s       7ms   5836    Game Load started
10:40:21.348     0,020s      12ms   5836    Start loading 'GameApp settings' from 'C:\Users\szyby\OneDrive\Dokumenty\My Games\Knights and Merchants Remake\KaM Remake Settings KingDyronMod.xml'
10:40:21.353     0,025s       5ms   5836    'GameApp settings' was successfully loaded from 'C:\Users\szyby\OneDrive\Dokumenty\My Games\Knights and Merchants Remake\KaM Remake Settings KingDyronMod.xml'
10:40:21.358     0,031s       6ms   5836    Start saving 'GameApp settings' to 'C:\Users\szyby\OneDrive\Dokumenty\My Games\Knights and Merchants Remake\KaM Remake Settings KingDyronMod.xml'
01181e64 KaM_Expansion.exe KM_Settings        106 TKMSettings.SaveToDefaultFile
01181f37 KaM_Expansion.exe KM_Settings        113 TKMSettings.SaveToDefaultFile
01181b35 KaM_Expansion.exe KM_Settings         59 TKMSettings.Create
01182272 KaM_Expansion.exe KM_SettingsXML      38 TKMSettingsXML.Create
011825b3 KaM_Expansion.exe KM_GameAppSettings  51 TKMGameAppSettings.Create
0139b178 KaM_Expansion.exe KM_Main            258 TKMMain.Start
0139b3fc KaM_Expansion.exe KM_Main            305 TKMMain.Start
01618b2b KaM_Expansion.exe KaM_Expansion      479 initialization
01618b5a KaM_Expansion.exe KaM_Expansion      482 initialization
75e37ba7 KERNEL32.DLL                             BaseThreadInitThunk

10:40:21.395     0,068s      37ms   5836    'GameApp settings' was successfully saved to 'C:\Users\szyby\OneDrive\Dokumenty\My Games\Knights and Merchants Remake\KaM Remake Settings KingDyronMod.xml'
10:40:21.419     0,091s      22ms   5836    Start loading 'Server settings' from 'C:\Users\szyby\OneDrive\Dokumenty\My Games\Knights and Merchants Remake\KaM Remake Server Settings.ini'
10:40:21.427     0,099s       8ms   5836    'Server settings' was successfully loaded from 'C:\Users\szyby\OneDrive\Dokumenty\My Games\Knights and Merchants Remake\KaM Remake Server Settings.ini'
10:40:21.433     0,106s       6ms   5836    Start saving 'Server settings' to 'C:\Users\szyby\OneDrive\Dokumenty\My Games\Knights and Merchants Remake\KaM Remake Server Settings.ini'
01181e64 KaM_Expansion.exe KM_Settings       106 TKMSettings.SaveToDefaultFile
01181f37 KaM_Expansion.exe KM_Settings       113 TKMSettings.SaveToDefaultFile
01181b35 KaM_Expansion.exe KM_Settings        59 TKMSettings.Create
012c43f0 KaM_Expansion.exe KM_ServerSettings 109 TKMServerSettings.Create
013904f8 KaM_Expansion.exe KM_GameApp        213 TKMGameApp.Create
0139094a KaM_Expansion.exe KM_GameApp        295 TKMGameApp.Create
0139c422 KaM_Expansion.exe KM_Main           635 TKMMain.ReinitRender
0139c62e KaM_Expansion.exe KM_Main           689 TKMMain.ReinitRender
0139b28e KaM_Expansion.exe KM_Main           281 TKMMain.Start
0139b3fc KaM_Expansion.exe KM_Main           305 TKMMain.Start
01618b2b KaM_Expansion.exe KaM_Expansion     479 initialization
01618b5a KaM_Expansion.exe KaM_Expansion     482 initialization
75e37ba7 KERNEL32.DLL                            BaseThreadInitThunk

10:40:21.447     0,119s      13ms   5836    'Server settings' was successfully saved to 'C:\Users\szyby\OneDrive\Dokumenty\My Games\Knights and Merchants Remake\KaM Remake Server Settings.ini'
10:40:21.453     0,126s       7ms   5836    Init Render started
10:40:21.602     0,274s     148ms   5836    GL_MAX_TEXTURE_SIZE = 32768
10:40:21.609     0,282s       8ms   5836    GL_MAX_VIEWPORT_DIM = 32768
                                      OpenGL Vendor: NVIDIA Corporation
                                      OpenGL Renderer: NVIDIA GeForce RTX 3060 Ti/PCIe/SSE2
                                      OpenGL Version: 4.6.0 NVIDIA 560.81
10:40:21.640     0,312s      30ms   5836    Init Render Done
10:40:21.647     0,320s       8ms   5836    Resource loading state - None
10:40:21.653     0,326s       6ms   5836    Reading palettes ... done
10:40:21.663     0,335s       9ms   5836    Reading GUI.rx
10:40:21.670     0,343s       8ms   5836    Load Sprites started
10:40:21.677     0,349s       6ms   5836    GUI - 965
10:40:21.698     0,370s      21ms   5836    Load Sprites Done
10:40:21.734     0,406s      36ms   5836    Reading GUIMain.rx
10:40:21.741     0,413s       7ms   5836    Load Sprites started
10:40:21.749     0,421s       8ms   5836    GUIMain - 105
10:40:21.803     0,475s      54ms   5836    Load Sprites Done
10:40:21.859     0,531s      56ms   5836    Reading Tileset.rx
10:40:21.866     0,538s       7ms   5836    Load Sprites started
10:40:21.875     0,547s       8ms   5836    Tileset - 5449
10:40:21.893     0,565s      18ms   5836    Load Sprites Done
10:40:21.900     0,572s       7ms   5836    GenerateTerrainTransitions started. Legacy = False
10:40:21.907     0,579s       7ms   5836    TexId = 5451 GenTilesCnt = 2030
10:40:21.915     0,587s       8ms   5836    TexId = 6031; TexId - fGenTexIdStartI = 580; uniqueTex = 580; totalTex = 1305
10:40:21.922     0,594s       7ms   5836    GeneratedMasks cnt = 20
10:40:21.929     0,602s       8ms   5836    GenerateTerrainTransitions Done
10:40:21.941     0,613s      11ms   5836    GenerateTerrainTransitions started. Legacy = True
10:40:21.952     0,625s      12ms   5836    Legacy: TexId = 4999 GenTilesCntTemp = 1960
10:40:21.962     0,634s       9ms   5836    TexId = 5447; TexId - fGenTexIdStartILegacy = 448; uniqueTex = 448; totalTex = 1008
10:40:21.970     0,643s       9ms   5836    GeneratedMasks cnt = 16
10:40:21.979     0,651s       8ms   5836    GenerateTerrainTransitions Done
10:40:22.089     0,761s     110ms   5836    Load font started
10:40:22.126     0,798s      37ms   5836    Font load took 37ms
10:40:22.134     0,806s       8ms   5836    Read fonts is done
10:40:22.150     0,822s      16ms   5836    ReadGFX is done
10:40:22.157     0,829s       7ms   5836    Resource loading state - Menu
10:40:22.165     0,837s       8ms  15492    OpenAL init started
10:40:22.879     1,552s     715ms   5836    Music init done, 24 tracks found
                                      Loading campaign images.rxx for HKS
10:40:22.908     1,581s      29ms  15220    Custom - 1
10:40:22.915     1,588s       7ms  15492    Pre-LoadSFX init ... done
10:40:22.923     1,595s       7ms  15492    ALC_MONO_SOURCES 255
10:40:22.930     1,603s       8ms  15492    ALC_STEREO_SOURCES 1
10:40:22.937     1,609s       6ms   5836    Main menu init done
10:40:22.944     1,616s       7ms  15492    OpenAL init done
10:40:22.966     1,638s      22ms   5836    Check game folder 'E:\programowanie\projekty delphi\kam_expansion\' generic permissions: READ: granted; WRITE: granted; EXECUTE: granted; folder is writable: 
10:40:22.974     1,646s       8ms   5836    LoadGameResources ... AlphaShadows: True. Forced: True
10:40:22.980     1,653s       7ms   5836    TKMResSprites.LoadGameResources
10:40:22.987     1,659s       6ms   5836    [AsyncGameResLoader Thread] Started
10:40:22.994     1,666s       7ms   5836    Resource loading state - Game
10:40:23.001     1,674s       8ms   5836    ToggleFullscreen
10:40:23.007     1,679s       5ms   5836    Form Width/Height: 1040:830
10:40:23.013     1,685s       6ms   5836    Panel Width/Height: 1024:791
10:40:23.020     1,693s       7ms   3976    [AsyncGameResLoader Thread] RT = rxTrees Stage = lsLoad
10:40:23.028     1,700s       6ms   3976    [AsyncGameResLoader Thread] Start Load RXX 'Trees.rxx'
10:40:23.034     1,706s       6ms   3976    Load Sprites started
10:40:23.042     1,715s       9ms   3976    Trees - 1214
10:40:23.055     1,727s      12ms   5836    Saving dev settings to file 'kmr_dev.xml'
10:40:23.072     1,744s      17ms   5836    Saving dev settings to file 'kmr_dev.xml'
                                      Loading campaign images.rxx for KSN
10:40:23.089     1,761s      17ms   5836    Game Load Done in 1776
10:40:23.097     1,769s       8ms  15220    Custom - 1
                                      Loading campaign images.rxx for KSO
10:40:23.161     1,833s      64ms  15220    Custom - 1
                                      Loading campaign images.rxx for KSU
10:40:23.224     1,897s      64ms  15220    Custom - 1
10:40:23.247     1,919s      22ms   3976    Load Sprites Done
                                      Loading campaign images.rxx for OFL
10:40:23.278     1,951s      32ms  15220    Custom - 1
                                      Loading campaign images.rxx for OER
10:40:23.323     1,996s      45ms  15220    Custom - 1
                                      Loading campaign images.rxx for TBK
10:40:23.362     2,035s      39ms  15220    Custom - 1
10:40:23.371     2,043s       8ms   3976    [AsyncGameResLoader Thread] DONE Load RXX 'Trees.rxa'
10:40:23.379     2,052s       9ms   5836    [AsyncGameResLoader MainTh] [UpdateStateIdle] GenTextures RT = rxTrees Stage = lsGenMain
10:40:23.391     2,063s      11ms   5836    [AsyncGameResLoader MainTh] [UpdateStateIdle] DONE
10:40:23.398     2,071s       8ms   3976    [AsyncGameResLoader Thread] RT = rxTrees Stage = lsOverload
10:40:23.408     2,080s       8ms   3976    [AsyncGameResLoader Thread] OverloadFromFolder RT = rxTrees
                                      Loading campaign images.rxx for TPR
10:40:23.430     2,102s      22ms  15220    Custom - 1
                                      Loading campaign images.rxx for TSK
10:40:23.487     2,159s      57ms  15220    Custom - 1
10:40:23.498     2,170s      10ms   3976    [AsyncGameResLoader Thread] DONE OverloadFromFolder RT = rxTrees
10:40:23.509     2,182s      12ms   5836    [AsyncGameResLoader MainTh] [UpdateStateIdle] GenTextures RT = rxTrees Stage = lsGenOverload
10:40:23.519     2,192s      10ms   5836    [AsyncGameResLoader MainTh] [UpdateStateIdle] DONE
10:40:23.528     2,200s       8ms   3976    [AsyncGameResLoader Thread] RT = rxHouses Stage = lsLoad
                                      Loading campaign images.rxx for TUA
10:40:23.544     2,216s      16ms   3976    [AsyncGameResLoader Thread] Start Load RXX 'Houses.rxx'
10:40:23.552     2,224s       7ms   3976    Load Sprites started
10:40:23.560     2,233s       9ms  15220    Custom - 1
10:40:23.568     2,240s       7ms   3976    Houses - 2582
                                      Loading campaign images.rxx for TMR
10:40:23.732     2,404s     164ms  15220    Custom - 1
10:40:23.858     2,531s     127ms   3976    Load Sprites Done
10:40:24.028     2,700s     169ms   3976    [AsyncGameResLoader Thread] DONE Load RXX 'Houses.rxa'
10:40:24.040     2,712s      11ms   5836    [AsyncGameResLoader MainTh] [UpdateStateIdle] GenTextures RT = rxHouses Stage = lsGenMain
10:40:24.055     2,727s      15ms   5836    [AsyncGameResLoader MainTh] [UpdateStateIdle] DONE
10:40:24.063     2,735s       8ms   3976    [AsyncGameResLoader Thread] RT = rxHouses Stage = lsOverload
10:40:24.069     2,742s       7ms   3976    [AsyncGameResLoader Thread] OverloadFromFolder RT = rxHouses
10:40:24.259     2,931s     189ms   3976    [AsyncGameResLoader Thread] DONE OverloadFromFolder RT = rxHouses
10:40:24.272     2,944s      13ms   5836    [AsyncGameResLoader MainTh] [UpdateStateIdle] GenTextures RT = rxHouses Stage = lsGenOverload
10:40:24.280     2,952s       8ms   5836    [AsyncGameResLoader MainTh] [UpdateStateIdle] DONE
10:40:24.287     2,959s       7ms   3976    [AsyncGameResLoader Thread] RT = rxUnits Stage = lsLoad
10:40:24.295     2,967s       8ms   3976    [AsyncGameResLoader Thread] Start Load RXX 'Units.rxx'
10:40:24.301     2,973s       6ms   3976    Load Sprites started
10:40:24.309     2,981s       8ms   3976    Units - 14842
10:40:25.782     4,455s    1474ms   3976    Load Sprites Done
10:40:26.953     5,626s    1171ms   3976    [AsyncGameResLoader Thread] DONE Load RXX 'Units.rxa'
10:40:26.961     5,633s       7ms   5836    [AsyncGameResLoader MainTh] [UpdateStateIdle] GenTextures RT = rxUnits Stage = lsGenMain
10:40:27.042     5,714s      81ms   5836    [AsyncGameResLoader MainTh] [UpdateStateIdle] DONE
10:40:27.048     5,721s       7ms   3976    [AsyncGameResLoader Thread] RT = rxUnits Stage = lsOverload
10:40:27.054     5,727s       6ms   3976    [AsyncGameResLoader Thread] OverloadFromFolder RT = rxUnits
10:40:28.097     6,770s    1042ms   3976    [AsyncGameResLoader Thread] DONE OverloadFromFolder RT = rxUnits
10:40:28.105     6,778s       8ms   5836    [AsyncGameResLoader MainTh] [UpdateStateIdle] GenTextures RT = rxUnits Stage = lsGenOverload
10:40:28.113     6,785s       7ms   5836    [AsyncGameResLoader Thread] Stopped
10:40:28.118     6,791s       6ms   5836    [AsyncGameResLoader MainTh] [UpdateStateIdle] DONE
                                      Loading campaign images.rxx for HKS
10:40:38.127    16,799s   10007ms  15740    Custom - 1
                                      Loading campaign images.rxx for KSN
10:40:38.227    16,899s     100ms  15740    Custom - 1
                                      Loading campaign images.rxx for KSO
10:40:38.286    16,958s      59ms  15740    Custom - 1
                                      Loading campaign images.rxx for KSU
10:40:38.343    17,015s      57ms  15740    Custom - 1
                                      Loading campaign images.rxx for OFL
10:40:38.394    17,066s      51ms  15740    Custom - 1
                                      Loading campaign images.rxx for OER
10:40:38.434    17,106s      40ms  15740    Custom - 1
                                      Loading campaign images.rxx for TBK
10:40:38.470    17,142s      36ms  15740    Custom - 1
                                      Loading campaign images.rxx for TPR
10:40:38.521    17,194s      52ms  15740    Custom - 1
                                      Loading campaign images.rxx for TSK
10:40:38.572    17,244s      50ms  15740    Custom - 1
                                      Loading campaign images.rxx for TUA
10:40:38.604    17,276s      32ms  15740    Custom - 1
10:40:38.641    17,313s      37ms   5836    LoadGameResources ... AlphaShadows: True. Forced: False
10:40:38.649    17,321s       8ms   5836    Resource loading state - Game
10:40:38.673    17,345s      24ms   5836    Saving dev settings to file 'kmr_dev.xml'
10:40:38.715    17,387s      42ms   5836    <== Game creation is done ==>
10:40:38.721    17,394s       7ms   5836    GameStart
10:40:38.728    17,400s       6ms   5836    Loading DAT file: E:\programowanie\projekty delphi\kam_expansion\Maps\Nowe pola i drzewa\Nowe pola i drzewa.dat
10:40:38.734    17,407s       7ms   5836    Loading map file: E:\programowanie\projekty delphi\kam_expansion\Maps\Nowe pola i drzewa\Nowe pola i drzewa.map
10:40:38.748    17,422s      15ms   5836    Map file loaded
10:40:38.913    17,585s     163ms   5836    Gameplay recording initialized ... done
10:40:38.920    17,593s       8ms   5836    Game options: PT = 0; SpeedPT = 1; SpeedAfterPT = 1; Seed = 0; Difficulty = mdNone
10:40:38.927    17,599s       6ms   5836    Gameplay initialized ... done
10:40:38.932    17,605s       6ms   5836    After game start
10:40:38.942    17,614s       9ms   5836    Set game seed: 1003889759
10:40:38.948    17,620s       6ms   5836    After game start ... done
                                      Loading campaign images.rxx for TMR
10:40:38.995    17,667s      47ms  15740    Custom - 1
10:41:55.844    94,517s   76850ms   5836    LoadGameResources ... AlphaShadows: True. Forced: False
10:41:55.854    94,526s       9ms   5836    Resource loading state - Game
10:41:55.873    94,545s      19ms   5836    Saving dev settings to file 'kmr_dev.xml'
10:41:55.930    94,602s      57ms   5836    <== Game creation is done ==>
10:41:55.936    94,608s       6ms   5836    GameStart
10:41:55.943    94,615s       7ms   5836    Loading DAT file: E:\programowanie\projekty delphi\kam_expansion\Maps\Nowe pola i drzewa\Nowe pola i drzewa.dat
10:41:55.949    94,621s       6ms   5836    Loading map file: E:\programowanie\projekty delphi\kam_expansion\Maps\Nowe pola i drzewa\Nowe pola i drzewa.map
10:41:55.961    94,634s      13ms   5836    Map file loaded
10:41:55.983    94,655s      21ms   5836    Gameplay recording initialized ... done
10:41:55.989    94,662s       7ms   5836    Game options: PT = 0; SpeedPT = 1; SpeedAfterPT = 1; Seed = 0; Difficulty = mdNone
10:41:55.996    94,668s       6ms   5836    Gameplay initialized ... done
10:41:56.001    94,674s       6ms   5836    After game start
10:41:56.014    94,686s      12ms   5836    Set game seed: 887878621
10:41:56.020    94,693s       7ms   5836    Saving game at tick 0 to 'E:\programowanie\projekty delphi\kam_expansion\Saves\basesave\basesave.bas'
10:41:56.027    94,699s       6ms   5836    After game start ... done
10:42:55.945   154,618s   59919ms   5836    Issue gicGameAutoSave command at tick 600
10:42:55.953   154,625s       7ms   5836    Saving game at tick 600 to 'E:\programowanie\projekty delphi\kam_expansion\Saves\autosave\autosave.sav'
10:43:55.951   214,624s   59999ms   5836    Issue gicGameAutoSave command at tick 1200
10:43:55.958   214,630s       6ms   5836    Saving game at tick 1200 to 'E:\programowanie\projekty delphi\kam_expansion\Saves\autosave\autosave.sav'
10:44:55.946   274,619s   59989ms   5836    Issue gicGameAutoSave command at tick 1800
10:44:55.954   274,626s       7ms   5836    Saving game at tick 1800 to 'E:\programowanie\projekty delphi\kam_expansion\Saves\autosave\autosave.sav'
10:45:56.041   334,713s   60087ms   5836    Issue gicGameAutoSave command at tick 2400
10:45:56.049   334,722s       9ms   5836    Saving game at tick 2400 to 'E:\programowanie\projekty delphi\kam_expansion\Saves\autosave\autosave.sav'
10:46:55.947   394,620s   59898ms   5836    Warning: HouseUnoccupiedMsgId for house type ord=54 could not be determined.
10:46:55.955   394,627s       7ms   5836    Warning: HouseUnoccupiedMsgId for house type ord=53 could not be determined.
10:46:56.040   394,712s      85ms   5836    Issue gicGameAutoSave command at tick 3000
10:46:56.046   394,718s       6ms   5836    Saving game at tick 3000 to 'E:\programowanie\projekty delphi\kam_expansion\Saves\autosave\autosave.sav'
10:47:56.047   454,719s   60001ms   5836    Issue gicGameAutoSave command at tick 3600
10:47:56.054   454,726s       7ms   5836    Saving game at tick 3600 to 'E:\programowanie\projekty delphi\kam_expansion\Saves\autosave\autosave.sav'
10:48:56.047   514,720s   59994ms   5836    Issue gicGameAutoSave command at tick 4200
10:48:56.055   514,727s       7ms   5836    Saving game at tick 4200 to 'E:\programowanie\projekty delphi\kam_expansion\Saves\autosave\autosave.sav'
10:49:30.328   549,000s   34273ms   5836    Saving dev settings to file 'kmr_dev.xml'
10:49:31.550   550,223s    1222ms   5836    Stopping game application...
10:49:31.557   550,230s       7ms   5836    Gameplay ended - grSilent /
10:49:31.564   550,237s       7ms   5836    Start saving 'Server settings' to 'C:\Users\szyby\OneDrive\Dokumenty\My Games\Knights and Merchants Remake\KaM Remake Server Settings.ini'
01181e64 KaM_Expansion.exe KM_Settings        106 TKMSettings.SaveToDefaultFile
01181f37 KaM_Expansion.exe KM_Settings        113 TKMSettings.SaveToDefaultFile
01181b70 KaM_Expansion.exe KM_Settings         65 TKMSettings.Destroy
012c4436 KaM_Expansion.exe KM_ServerSettings  117 TKMServerSettings.Destroy
00bea764 KaM_Expansion.exe System              20 TObject.Free
00eb97f0 KaM_Expansion.exe KromUtils          281 FreeThenNil
01390ba7 KaM_Expansion.exe KM_GameApp         330 TKMGameApp.Destroy
00bea764 KaM_Expansion.exe System              20 TObject.Free
00eb97f0 KaM_Expansion.exe KromUtils          281 FreeThenNil
0139b83d KaM_Expansion.exe KM_Main            376 TKMMain.Stop
0139b91c KaM_Expansion.exe KM_Main            405 TKMMain.Stop
016032ad KaM_Expansion.exe KM_FormMain       2212 TFormMain.FormClose
00e636a7 KaM_Expansion.exe Vcl.Forms              TCustomForm.DoClose
00e69095 KaM_Expansion.exe Vcl.Forms              TCustomForm.Close
00e67cd4 KaM_Expansion.exe Vcl.Forms              TCustomForm.WMClose
00db2cfa KaM_Expansion.exe Vcl.Controls           TControl.WndProc
00db7ec1 KaM_Expansion.exe Vcl.Controls           TWinControl.WndProc
00e642e8 KaM_Expansion.exe Vcl.Forms              TCustomForm.WndProc
00e64303 KaM_Expansion.exe Vcl.Forms              TCustomForm.WndProc
01602d99 KaM_Expansion.exe KM_FormMain       2051 TFormMain.WndProc

10:49:31.587   550,260s      23ms   5836    'Server settings' was successfully saved to 'C:\Users\szyby\OneDrive\Dokumenty\My Games\Knights and Merchants Remake\KaM Remake Server Settings.ini'
10:49:31.817   550,489s     229ms   5836    Start saving 'GameApp settings' to 'C:\Users\szyby\OneDrive\Dokumenty\My Games\Knights and Merchants Remake\KaM Remake Settings KingDyronMod.xml'
01181e64 KaM_Expansion.exe KM_Settings         106 TKMSettings.SaveToDefaultFile
01181f37 KaM_Expansion.exe KM_Settings         113 TKMSettings.SaveToDefaultFile
01181b70 KaM_Expansion.exe KM_Settings          65 TKMSettings.Destroy
011822ca KaM_Expansion.exe KM_SettingsXML       44 TKMSettingsXML.Destroy
011825f6 KaM_Expansion.exe KM_GameAppSettings   57 TKMGameAppSettings.Destroy
00bea764 KaM_Expansion.exe System               20 TObject.Free
00eb97f0 KaM_Expansion.exe KromUtils           281 FreeThenNil
0139b847 KaM_Expansion.exe KM_Main             378 TKMMain.Stop
0139b91c KaM_Expansion.exe KM_Main             405 TKMMain.Stop
016032ad KaM_Expansion.exe KM_FormMain        2212 TFormMain.FormClose
00e636a7 KaM_Expansion.exe Vcl.Forms               TCustomForm.DoClose
00e69095 KaM_Expansion.exe Vcl.Forms               TCustomForm.Close
00e67cd4 KaM_Expansion.exe Vcl.Forms               TCustomForm.WMClose
00db2cfa KaM_Expansion.exe Vcl.Controls            TControl.WndProc
00db7ec1 KaM_Expansion.exe Vcl.Controls            TWinControl.WndProc
00e642e8 KaM_Expansion.exe Vcl.Forms               TCustomForm.WndProc
00e64303 KaM_Expansion.exe Vcl.Forms               TCustomForm.WndProc
01602d99 KaM_Expansion.exe KM_FormMain        2051 TFormMain.WndProc
00db73cc KaM_Expansion.exe Vcl.Controls            TWinControl.MainWndProc
00db73e7 KaM_Expansion.exe Vcl.Controls            TWinControl.MainWndProc

10:49:31.833   550,505s      16ms   5836    'GameApp settings' was successfully saved to 'C:\Users\szyby\OneDrive\Dokumenty\My Games\Knights and Merchants Remake\KaM Remake Settings KingDyronMod.xml'
