   Timestamp    Elapsed     Delta  Thread    Description
========================
    Date: 2024.12.31
========================
10:50:50.818     0,001s       1ms  11348    Log is up and running. Game version: KaM Expansion: Co-op & World Update
10:50:50.824     0,007s       5ms  11348    Game Load started
10:50:50.833     0,017s      10ms  11348    Start loading 'GameApp settings' from 'C:\Users\szyby\OneDrive\Dokumenty\My Games\Knights and Merchants Remake\KaM Remake Settings KingDyronMod.xml'
10:50:50.839     0,022s       5ms  11348    'GameApp settings' was successfully loaded from 'C:\Users\szyby\OneDrive\Dokumenty\My Games\Knights and Merchants Remake\KaM Remake Settings KingDyronMod.xml'
10:50:50.850     0,033s       5ms  11348    Start saving 'GameApp settings' to 'C:\Users\szyby\OneDrive\Dokumenty\My Games\Knights and Merchants Remake\KaM Remake Settings KingDyronMod.xml'
012e26fc KaM_Expansion.exe KM_Settings        106 TKMSettings.SaveToDefaultFile
012e27cf KaM_Expansion.exe KM_Settings        113 TKMSettings.SaveToDefaultFile
012e23cd KaM_Expansion.exe KM_Settings         59 TKMSettings.Create
012e2b0a KaM_Expansion.exe KM_SettingsXML      38 TKMSettingsXML.Create
012e2e4b KaM_Expansion.exe KM_GameAppSettings  51 TKMGameAppSettings.Create
014fc270 KaM_Expansion.exe KM_Main            258 TKMMain.Start
014fc4f4 KaM_Expansion.exe KM_Main            305 TKMMain.Start
0177bb2b KaM_Expansion.exe KaM_Expansion      479 initialization
0177bb5a KaM_Expansion.exe KaM_Expansion      482 initialization
772b7ba7 KERNEL32.DLL                             BaseThreadInitThunk

10:50:50.888     0,071s      38ms  11348    'GameApp settings' was successfully saved to 'C:\Users\szyby\OneDrive\Dokumenty\My Games\Knights and Merchants Remake\KaM Remake Settings KingDyronMod.xml'
10:50:50.911     0,095s      24ms  11348    Start loading 'Server settings' from 'C:\Users\szyby\OneDrive\Dokumenty\My Games\Knights and Merchants Remake\KaM Remake Server Settings.ini'
10:50:50.919     0,102s       7ms  11348    'Server settings' was successfully loaded from 'C:\Users\szyby\OneDrive\Dokumenty\My Games\Knights and Merchants Remake\KaM Remake Server Settings.ini'
10:50:50.926     0,109s       7ms  11348    Start saving 'Server settings' to 'C:\Users\szyby\OneDrive\Dokumenty\My Games\Knights and Merchants Remake\KaM Remake Server Settings.ini'
012e26fc KaM_Expansion.exe KM_Settings       106 TKMSettings.SaveToDefaultFile
012e27cf KaM_Expansion.exe KM_Settings       113 TKMSettings.SaveToDefaultFile
012e23cd KaM_Expansion.exe KM_Settings        59 TKMSettings.Create
014254e8 KaM_Expansion.exe KM_ServerSettings 109 TKMServerSettings.Create
014f15f0 KaM_Expansion.exe KM_GameApp        213 TKMGameApp.Create
014f1a42 KaM_Expansion.exe KM_GameApp        295 TKMGameApp.Create
014fd51a KaM_Expansion.exe KM_Main           635 TKMMain.ReinitRender
014fd726 KaM_Expansion.exe KM_Main           689 TKMMain.ReinitRender
014fc386 KaM_Expansion.exe KM_Main           281 TKMMain.Start
014fc4f4 KaM_Expansion.exe KM_Main           305 TKMMain.Start
0177bb2b KaM_Expansion.exe KaM_Expansion     479 initialization
0177bb5a KaM_Expansion.exe KaM_Expansion     482 initialization
772b7ba7 KERNEL32.DLL                            BaseThreadInitThunk

10:50:50.939     0,122s      13ms  11348    'Server settings' was successfully saved to 'C:\Users\szyby\OneDrive\Dokumenty\My Games\Knights and Merchants Remake\KaM Remake Server Settings.ini'
10:50:50.945     0,128s       6ms  11348    Init Render started
10:50:51.081     0,265s     137ms  11348    GL_MAX_TEXTURE_SIZE = 32768
10:50:51.089     0,272s       7ms  11348    GL_MAX_VIEWPORT_DIM = 32768
                                      OpenGL Vendor: NVIDIA Corporation
                                      OpenGL Renderer: NVIDIA GeForce RTX 3060 Ti/PCIe/SSE2
                                      OpenGL Version: 4.6.0 NVIDIA 560.81
10:50:51.113     0,297s      25ms  11348    Init Render Done
10:50:51.121     0,304s       7ms  11348    Resource loading state - None
10:50:51.128     0,311s       7ms  11348    Reading palettes ... done
10:50:51.137     0,320s       9ms  11348    Reading GUI.rx
10:50:51.143     0,326s       6ms  11348    Load Sprites started
10:50:51.161     0,345s      19ms  11348    GUI - 966
10:50:51.179     0,363s      18ms  11348    Load Sprites Done
10:50:51.214     0,397s      34ms  11348    Reading GUIMain.rx
10:50:51.221     0,405s       8ms  11348    Load Sprites started
10:50:51.227     0,411s       6ms  11348    GUIMain - 105
10:50:51.277     0,460s      49ms  11348    Load Sprites Done
10:50:51.331     0,514s      54ms  11348    Reading Tileset.rx
10:50:51.337     0,521s       7ms  11348    Load Sprites started
10:50:51.343     0,527s       6ms  11348    Tileset - 5449
10:50:51.378     0,562s      35ms  11348    Load Sprites Done
10:50:51.385     0,568s       6ms  11348    GenerateTerrainTransitions started. Legacy = False
10:50:51.392     0,575s       7ms  11348    TexId = 5451 GenTilesCnt = 2100
10:50:51.397     0,581s       6ms  11348    TexId = 6051; TexId - fGenTexIdStartI = 600; uniqueTex = 600; totalTex = 1350
10:50:51.403     0,587s       6ms  11348    GeneratedMasks cnt = 20
10:50:51.410     0,593s       5ms  11348    GenerateTerrainTransitions Done
10:50:51.416     0,599s       6ms  11348    GenerateTerrainTransitions started. Legacy = True
10:50:51.422     0,605s       6ms  11348    Legacy: TexId = 4999 GenTilesCntTemp = 2030
10:50:51.429     0,612s       7ms  11348    TexId = 5463; TexId - fGenTexIdStartILegacy = 464; uniqueTex = 464; totalTex = 1044
10:50:51.435     0,618s       6ms  11348    GeneratedMasks cnt = 16
10:50:51.441     0,624s       6ms  11348    GenerateTerrainTransitions Done
10:50:51.548     0,731s     107ms  11348    Load font started
10:50:51.585     0,768s      37ms  11348    Font load took 36ms
10:50:51.591     0,774s       6ms  11348    Read fonts is done
10:50:51.609     0,792s      18ms  11348    ReadGFX is done
10:50:51.616     0,800s       8ms  11348    Resource loading state - Menu
10:50:51.623     0,807s       7ms   9952    OpenAL init started
10:50:52.259     1,443s     636ms  11348    Music init done, 24 tracks found
                                      Loading campaign images.rxx for HKS
10:50:52.284     1,468s      25ms   7732    Custom - 1
10:50:52.291     1,474s       6ms   9952    Pre-LoadSFX init ... done
10:50:52.297     1,481s       7ms   9952    ALC_MONO_SOURCES 255
10:50:52.304     1,488s       7ms   9952    ALC_STEREO_SOURCES 1
10:50:52.311     1,494s       6ms  11348    Main menu init done
10:50:52.317     1,500s       6ms   9952    OpenAL init done
10:50:52.340     1,524s      24ms  11348    Check game folder 'E:\programowanie\projekty delphi\kam_expansion\' generic permissions: READ: granted; WRITE: granted; EXECUTE: granted; folder is writable: 
10:50:52.347     1,530s       6ms  11348    LoadGameResources ... AlphaShadows: True. Forced: True
10:50:52.353     1,536s       6ms  11348    TKMResSprites.LoadGameResources
10:50:52.358     1,542s       6ms  11348    [AsyncGameResLoader Thread] Started
10:50:52.365     1,548s       6ms  11348    Resource loading state - Game
10:50:52.370     1,553s       5ms  11348    ToggleFullscreen
10:50:52.376     1,559s       5ms  11348    Form Width/Height: 1040:830
10:50:52.382     1,565s       6ms  11348    Panel Width/Height: 1024:791
10:50:52.389     1,572s       7ms  10584    [AsyncGameResLoader Thread] RT = rxTrees Stage = lsLoad
10:50:52.395     1,578s       6ms  10584    [AsyncGameResLoader Thread] Start Load RXX 'Trees.rxx'
10:50:52.402     1,585s       7ms  10584    Load Sprites started
10:50:52.408     1,591s       6ms  10584    Trees - 1216
                                      Loading campaign images.rxx for KSN
10:50:52.432     1,615s      24ms   7732    Custom - 1
10:50:52.440     1,623s       8ms  11348    Saving dev settings to file 'kmr_dev.xml'
10:50:52.473     1,656s      33ms  11348    Saving dev settings to file 'kmr_dev.xml'
10:50:52.486     1,669s      13ms  11348    Game Load Done in 1696
                                      Loading campaign images.rxx for KSO
10:50:52.511     1,694s      25ms   7732    Custom - 1
10:50:52.533     1,716s      14ms  10584    Load Sprites Done
                                      Loading campaign images.rxx for KSU
10:50:52.583     1,767s      51ms   7732    Custom - 1
                                      Loading campaign images.rxx for OFL
10:50:52.633     1,816s      49ms   7732    Custom - 1
10:50:52.639     1,823s       7ms  10584    [AsyncGameResLoader Thread] DONE Load RXX 'Trees.rxa'
10:50:52.645     1,828s       5ms  11348    [AsyncGameResLoader MainTh] [UpdateStateIdle] GenTextures RT = rxTrees Stage = lsGenMain
10:50:52.656     1,840s      12ms  11348    [AsyncGameResLoader MainTh] [UpdateStateIdle] DONE
10:50:52.663     1,847s       7ms  10584    [AsyncGameResLoader Thread] RT = rxTrees Stage = lsOverload
10:50:52.670     1,853s       6ms  10584    [AsyncGameResLoader Thread] OverloadFromFolder RT = rxTrees
10:50:52.676     1,860s       7ms  10584    [AsyncGameResLoader Thread] DONE OverloadFromFolder RT = rxTrees
10:50:52.683     1,867s       7ms  11348    [AsyncGameResLoader MainTh] [UpdateStateIdle] GenTextures RT = rxTrees Stage = lsGenOverload
10:50:52.690     1,873s       6ms  11348    [AsyncGameResLoader MainTh] [UpdateStateIdle] DONE
10:50:52.696     1,880s       7ms  10584    [AsyncGameResLoader Thread] RT = rxHouses Stage = lsLoad
                                      Loading campaign images.rxx for OER
10:50:52.709     1,892s      12ms  10584    [AsyncGameResLoader Thread] Start Load RXX 'Houses.rxx'
10:50:52.715     1,898s       6ms  10584    Load Sprites started
10:50:52.721     1,905s       7ms   7732    Custom - 1
10:50:52.728     1,911s       6ms  10584    Houses - 2709
                                      Loading campaign images.rxx for TBK
10:50:52.777     1,960s      49ms   7732    Custom - 1
                                      Loading campaign images.rxx for TPR
10:50:52.839     2,023s      63ms   7732    Custom - 1
                                      Loading campaign images.rxx for TSK
10:50:52.877     2,061s      38ms   7732    Custom - 1
10:50:52.894     2,077s      16ms  10584    Load Sprites Done
                                      Loading campaign images.rxx for TUA
10:50:52.909     2,092s      15ms   7732    Custom - 1
10:50:53.030     2,213s     120ms  10584    [AsyncGameResLoader Thread] DONE Load RXX 'Houses.rxa'
10:50:53.044     2,228s      15ms  11348    [AsyncGameResLoader MainTh] [UpdateStateIdle] GenTextures RT = rxHouses Stage = lsGenMain
                                      Loading campaign images.rxx for TMR
10:50:53.060     2,244s      16ms   7732    Custom - 1
10:50:53.066     2,249s       5ms  11348    [AsyncGameResLoader MainTh] [UpdateStateIdle] DONE
10:50:53.073     2,256s       7ms  10584    [AsyncGameResLoader Thread] RT = rxHouses Stage = lsOverload
10:50:53.079     2,263s       7ms  10584    [AsyncGameResLoader Thread] OverloadFromFolder RT = rxHouses
10:50:53.178     2,361s      98ms  10584    [AsyncGameResLoader Thread] DONE OverloadFromFolder RT = rxHouses
10:50:53.193     2,376s      15ms  11348    SetGameState from lgsNone to lgsNone
10:50:53.201     2,384s       8ms  11348    [AsyncGameResLoader MainTh] [UpdateStateIdle] GenTextures RT = rxHouses Stage = lsGenOverload
10:50:53.207     2,390s       6ms  11348    [AsyncGameResLoader MainTh] [UpdateStateIdle] DONE
10:50:53.213     2,396s       6ms  10584    [AsyncGameResLoader Thread] RT = rxUnits Stage = lsLoad
10:50:53.220     2,403s       7ms  10584    [AsyncGameResLoader Thread] Start Load RXX 'Units.rxx'
10:50:53.225     2,408s       5ms  10584    Load Sprites started
10:50:53.231     2,415s       7ms  10584    Units - 14845
10:50:53.703     2,887s     472ms  10584    Load Sprites Done
10:50:53.901     3,084s     197ms  11348    SetGameState from lgsNone to lgsNone
                                      Loading campaign images.rxx for HKS
10:50:54.687     3,870s     786ms   2396    Custom - 1
                                      Loading campaign images.rxx for KSN
10:50:54.775     3,959s      89ms   2396    Custom - 1
10:50:54.795     3,978s      19ms  10584    [AsyncGameResLoader Thread] DONE Load RXX 'Units.rxa'
10:50:54.809     3,992s      14ms  11348    [AsyncGameResLoader MainTh] [UpdateStateIdle] GenTextures RT = rxUnits Stage = lsGenMain
                                      Loading campaign images.rxx for KSO
10:50:54.836     4,020s      28ms   2396    Custom - 1
10:50:54.872     4,055s      35ms  11348    [AsyncGameResLoader MainTh] [UpdateStateIdle] DONE
10:50:54.880     4,063s       8ms  10584    [AsyncGameResLoader Thread] RT = rxUnits Stage = lsOverload
10:50:54.886     4,069s       6ms  10584    [AsyncGameResLoader Thread] OverloadFromFolder RT = rxUnits
10:50:54.892     4,075s       6ms  10584    [AsyncGameResLoader Thread] DONE OverloadFromFolder RT = rxUnits
10:50:54.899     4,082s       7ms  11348    [AsyncGameResLoader MainTh] [UpdateStateIdle] GenTextures RT = rxUnits Stage = lsGenOverload
10:50:54.905     4,088s       6ms  11348    [AsyncGameResLoader Thread] Stopped
10:50:54.910     4,094s       5ms  11348    [AsyncGameResLoader MainTh] [UpdateStateIdle] DONE
                                      Loading campaign images.rxx for KSU
10:50:54.923     4,106s      12ms   2396    Custom - 1
                                      Loading campaign images.rxx for OFL
10:50:54.977     4,160s      53ms   2396    Custom - 1
                                      Loading campaign images.rxx for OER
10:50:55.018     4,201s      41ms   2396    Custom - 1
                                      Loading campaign images.rxx for TBK
10:50:55.063     4,247s      46ms   2396    Custom - 1
                                      Loading campaign images.rxx for TPR
10:50:55.126     4,309s      62ms   2396    Custom - 1
                                      Loading campaign images.rxx for TSK
10:50:55.175     4,358s      49ms   2396    Custom - 1
10:50:55.198     4,382s      24ms  11348    LoadGameResources ... AlphaShadows: True. Forced: False
10:50:55.205     4,388s       6ms  11348    Resource loading state - Game
10:50:55.232     4,415s      26ms  11348    Saving dev settings to file 'kmr_dev.xml'
10:50:55.274     4,458s      43ms  11348    <== Game creation is done ==>
10:50:55.281     4,464s       6ms  11348    GameStart
10:50:55.287     4,470s       6ms  11348    Loading DAT file: E:\programowanie\projekty delphi\kam_expansion\Maps\Nowa Misja 2\Nowa Misja 2.dat
10:50:55.293     4,476s       6ms  11348    Loading map file: E:\programowanie\projekty delphi\kam_expansion\Maps\Nowa Misja 2\Nowa Misja 2.map
10:50:55.299     4,482s       5ms  11348    Map file loaded
10:50:55.443     4,627s     145ms  11348    Gameplay recording initialized ... done
10:50:55.451     4,634s       7ms  11348    Game options: PT = 0; SpeedPT = 1; SpeedAfterPT = 1; Seed = 0; Difficulty = mdNone
10:50:55.457     4,641s       7ms  11348    Gameplay initialized ... done
10:50:55.462     4,646s       5ms  11348    After game start
10:50:55.469     4,652s       6ms  11348    Set game seed: 2131548446
10:50:55.475     4,659s       7ms  11348    After game start ... done
                                      Loading campaign images.rxx for TUA
10:50:55.498     4,682s      23ms   2396    Custom - 1
                                      Loading campaign images.rxx for TMR
10:50:55.644     4,827s     145ms   2396    Custom - 1
10:51:19.078    28,261s   23434ms  11348    Saving from map editor: E:\programowanie\projekty delphi\kam_expansion\Maps\Nowa Misja 2\Nowa Misja 2.dat
10:51:19.309    28,492s     231ms  11348    LoadGameResources ... AlphaShadows: True. Forced: False
10:51:19.317    28,500s       8ms  11348    Resource loading state - Game
10:51:19.332    28,515s      15ms  11348    Saving dev settings to file 'kmr_dev.xml'
10:51:19.389    28,573s      58ms  11348    <== Game creation is done ==>
10:51:19.395    28,579s       6ms  11348    GameStart
10:51:19.401    28,585s       6ms  11348    Loading DAT file: E:\programowanie\projekty delphi\kam_expansion\Maps\Nowa Misja 2\Nowa Misja 2.dat
10:51:19.408    28,591s       5ms  11348    Loading map file: E:\programowanie\projekty delphi\kam_expansion\Maps\Nowa Misja 2\Nowa Misja 2.map
10:51:19.413    28,596s       5ms  11348    Map file loaded
10:51:19.421    28,604s       8ms  11348    Gameplay recording initialized ... done
10:51:19.426    28,610s       6ms  11348    Game options: PT = 0; SpeedPT = 1; SpeedAfterPT = 1; Seed = 0; Difficulty = mdNone
10:51:19.432    28,616s       6ms  11348    Gameplay initialized ... done
10:51:19.438    28,621s       5ms  11348    After game start
10:51:19.444    28,627s       6ms  11348    Set game seed: 1748565921
10:51:19.449    28,633s       6ms  11348    Saving game at tick 0 to 'E:\programowanie\projekty delphi\kam_expansion\Saves\basesave\basesave.bas'
10:51:19.456    28,639s       6ms  11348    After game start ... done
                                      Unable to make a route for Zbieracz:13287234 from (13;9) to (17;13) with "Can walk" TargetWC_Set = []
                                      Unable to make a route for Zbieracz:13287234 from (14;9) to (20;12) with "Can walk" TargetWC_Set = []
10:51:28.844    38,027s    9388ms  11348    Issue gicGameAutoSave command at tick 600
10:51:28.849    38,033s       6ms  11348    Saving game at tick 600 to 'E:\programowanie\projekty delphi\kam_expansion\Saves\autosave\autosave.sav'
                                      Unable to make a route for Zbieracz:5275445 from (13;9) to (13;15) with "Can walk" TargetWC_Set = []
                                      Unable to make a route for Zbieracz:5275445 from (13;9) to (11;15) with "Can walk" TargetWC_Set = []
10:51:35.127    44,310s    6277ms  11348    Issue gicGameAutoSave command at tick 1200
10:51:35.132    44,315s       5ms  11348    Saving game at tick 1200 to 'E:\programowanie\projekty delphi\kam_expansion\Saves\autosave\autosave.sav'
                                      Unable to make a route for Zbieracz:5275445 from (13;9) to (20;14) with "Can walk" TargetWC_Set = []
10:51:44.727    53,911s    9596ms  11348    Issue gicGameAutoSave command at tick 1800
10:51:44.733    53,917s       6ms  11348    Saving game at tick 1800 to 'E:\programowanie\projekty delphi\kam_expansion\Saves\autosave\autosave.sav'
                                      Unable to make a route for Zbieracz:13287234 from (13;9) to (21;12) with "Can walk" TargetWC_Set = []
10:51:51.364    60,547s    6630ms  11348    Issue gicGameAutoSave command at tick 2400
10:51:51.372    60,556s       9ms  11348    Saving game at tick 2400 to 'E:\programowanie\projekty delphi\kam_expansion\Saves\autosave\autosave.sav'
10:51:57.353    66,537s    5981ms  11348    Issue gicGameAutoSave command at tick 3000
10:51:57.361    66,544s       7ms  11348    Saving game at tick 3000 to 'E:\programowanie\projekty delphi\kam_expansion\Saves\autosave\autosave.sav'
10:52:11.736    80,919s   14375ms  11348    Issue gicGameAutoSave command at tick 3600
10:52:11.744    80,927s       8ms  11348    Saving game at tick 3600 to 'E:\programowanie\projekty delphi\kam_expansion\Saves\autosave\autosave.sav'
                                      Unable to make a route for Zbieracz:5275445 from (14;9) to (16;14) with "Can walk" TargetWC_Set = []
10:52:17.744    86,927s    6000ms  11348    Issue gicGameAutoSave command at tick 4200
10:52:17.750    86,934s       7ms  11348    Saving game at tick 4200 to 'E:\programowanie\projekty delphi\kam_expansion\Saves\autosave\autosave.sav'
                                      Unable to make a route for Zbieracz:13287234 from (13;9) to (20;14) with "Can walk" TargetWC_Set = []
10:53:07.300   136,484s   49550ms  11348    Issue gicGameAutoSave command at tick 4800
10:53:07.310   136,493s       9ms  11348    Saving game at tick 4800 to 'E:\programowanie\projekty delphi\kam_expansion\Saves\autosave\autosave.sav'
10:54:03.569   192,752s   56259ms  11348    Issue gicGameAutoSave command at tick 5400
10:54:03.576   192,759s       7ms  11348    Saving game at tick 5400 to 'E:\programowanie\projekty delphi\kam_expansion\Saves\autosave\autosave.sav'
                                      Unable to make a route for Zbieracz:13287234 from (13;9) to (13;16) with "Can walk" TargetWC_Set = []
10:54:04.576   193,759s    1000ms  11348    Issue gicGameAutoSave command at tick 6000
10:54:04.582   193,765s       6ms  11348    Saving game at tick 6000 to 'E:\programowanie\projekty delphi\kam_expansion\Saves\autosave\autosave.sav'
10:54:05.569   194,752s     987ms  11348    Issue gicGameAutoSave command at tick 6600
10:54:05.576   194,759s       7ms  11348    Saving game at tick 6600 to 'E:\programowanie\projekty delphi\kam_expansion\Saves\autosave\autosave.sav'
                                      Unable to make a route for Zbieracz:5275445 from (13;9) to (16;15) with "Can walk" TargetWC_Set = []
10:54:06.576   195,759s     999ms  11348    Issue gicGameAutoSave command at tick 7200
10:54:06.582   195,765s       6ms  11348    Saving game at tick 7200 to 'E:\programowanie\projekty delphi\kam_expansion\Saves\autosave\autosave.sav'
10:54:07.569   196,752s     987ms  11348    Issue gicGameAutoSave command at tick 7800
10:54:07.577   196,761s       9ms  11348    Saving game at tick 7800 to 'E:\programowanie\projekty delphi\kam_expansion\Saves\autosave\autosave.sav'
10:54:08.568   197,752s     991ms  11348    Issue gicGameAutoSave command at tick 8400
10:54:08.575   197,759s       7ms  11348    Saving game at tick 8400 to 'E:\programowanie\projekty delphi\kam_expansion\Saves\autosave\autosave.sav'
                                      Unable to make a route for Zbieracz:5275445 from (13;9) to (18;16) with "Can walk" TargetWC_Set = []
10:54:09.576   198,759s    1000ms  11348    Make savepoint at tick 8999
10:54:09.582   198,765s       6ms  11348    Issue gicGameAutoSave command at tick 9000
10:54:09.588   198,771s       6ms  11348    Saving game at tick 9000 to 'E:\programowanie\projekty delphi\kam_expansion\Saves\autosave\autosave.sav'
10:54:10.570   199,753s     982ms  11348    Issue gicGameAutoSave command at tick 9600
10:54:10.576   199,759s       6ms  11348    Saving game at tick 9600 to 'E:\programowanie\projekty delphi\kam_expansion\Saves\autosave\autosave.sav'
                                      Unable to make a route for Zbieracz:5275445 from (13;9) to (11;15) with "Can walk" TargetWC_Set = []
10:54:11.576   200,759s    1000ms  11348    Issue gicGameAutoSave command at tick 10200
10:54:11.582   200,765s       6ms  11348    Saving game at tick 10200 to 'E:\programowanie\projekty delphi\kam_expansion\Saves\autosave\autosave.sav'
10:54:12.569   201,753s     988ms  11348    Issue gicGameAutoSave command at tick 10800
10:54:12.576   201,759s       6ms  11348    Saving game at tick 10800 to 'E:\programowanie\projekty delphi\kam_expansion\Saves\autosave\autosave.sav'
10:54:13.569   202,753s     993ms  11348    Issue gicGameAutoSave command at tick 11400
10:54:13.576   202,759s       5ms  11348    Saving game at tick 11400 to 'E:\programowanie\projekty delphi\kam_expansion\Saves\autosave\autosave.sav'
10:54:14.569   203,753s     994ms  11348    Issue gicGameAutoSave command at tick 12000
10:54:14.576   203,759s       6ms  11348    Saving game at tick 12000 to 'E:\programowanie\projekty delphi\kam_expansion\Saves\autosave\autosave.sav'
10:54:15.569   204,752s     993ms  11348    Issue gicGameAutoSave command at tick 12600
10:54:15.576   204,759s       6ms  11348    Saving game at tick 12600 to 'E:\programowanie\projekty delphi\kam_expansion\Saves\autosave\autosave.sav'
10:54:16.571   205,754s     994ms  11348    Issue gicGameAutoSave command at tick 13200
10:54:16.578   205,761s       7ms  11348    Saving game at tick 13200 to 'E:\programowanie\projekty delphi\kam_expansion\Saves\autosave\autosave.sav'
10:54:17.570   206,753s     992ms  11348    Issue gicGameAutoSave command at tick 13800
10:54:17.577   206,761s       8ms  11348    Saving game at tick 13800 to 'E:\programowanie\projekty delphi\kam_expansion\Saves\autosave\autosave.sav'
                                      Unable to make a route for Zbieracz:5275445 from (13;9) to (14;15) with "Can walk" TargetWC_Set = []
10:54:18.577   207,760s     999ms  11348    Issue gicGameAutoSave command at tick 14400
10:54:18.582   207,766s       6ms  11348    Saving game at tick 14400 to 'E:\programowanie\projekty delphi\kam_expansion\Saves\autosave\autosave.sav'
                                      Unable to make a route for Zbieracz:13287234 from (12;9) to (16;15) with "Can walk" TargetWC_Set = []
10:54:19.577   208,761s     995ms  11348    Issue gicGameAutoSave command at tick 15000
10:54:19.584   208,767s       6ms  11348    Saving game at tick 15000 to 'E:\programowanie\projekty delphi\kam_expansion\Saves\autosave\autosave.sav'
                                      Unable to make a route for Zbieracz:5275445 from (12;9) to (15;16) with "Can walk" TargetWC_Set = []
10:54:20.577   209,761s     994ms  11348    Issue gicGameAutoSave command at tick 15600
10:54:20.584   209,767s       6ms  11348    Saving game at tick 15600 to 'E:\programowanie\projekty delphi\kam_expansion\Saves\autosave\autosave.sav'
                                      Unable to make a route for Zbieracz:13287234 from (13;9) to (17;14) with "Can walk" TargetWC_Set = []
10:54:21.578   210,761s     994ms  11348    Issue gicGameAutoSave command at tick 16200
10:54:21.584   210,767s       6ms  11348    Saving game at tick 16200 to 'E:\programowanie\projekty delphi\kam_expansion\Saves\autosave\autosave.sav'
10:54:22.571   211,755s     988ms  11348    Issue gicGameAutoSave command at tick 16800
10:54:22.579   211,762s       7ms  11348    Saving game at tick 16800 to 'E:\programowanie\projekty delphi\kam_expansion\Saves\autosave\autosave.sav'
10:54:50.236   239,419s   27657ms  11348    Issue gicGameAutoSave command at tick 17400
10:54:50.242   239,426s       7ms  11348    Saving game at tick 17400 to 'E:\programowanie\projekty delphi\kam_expansion\Saves\autosave\autosave.sav'
                                      Unable to make a route for Zbieracz:5275445 from (13;9) to (15;14) with "Can walk" TargetWC_Set = []
10:55:50.143   299,326s   59900ms  11348    Make savepoint at tick 17999
10:55:50.236   299,419s      93ms  11348    Issue gicGameAutoSave command at tick 18000
10:55:50.242   299,426s       7ms  11348    Saving game at tick 18000 to 'E:\programowanie\projekty delphi\kam_expansion\Saves\autosave\autosave.sav'
                                      Unable to make a route for Zbieracz:5275445 from (13;9) to (12;16) with "Can walk" TargetWC_Set = []
                                      Unable to make a route for Zbieracz:5275445 from (13;9) to (14;14) with "Can walk" TargetWC_Set = []
                                      Unable to make a route for Zbieracz:13287234 from (13;9) to (19;14) with "Can walk" TargetWC_Set = []
10:56:50.243   359,426s   60000ms  11348    Issue gicGameAutoSave command at tick 18600
10:56:50.249   359,433s       7ms  11348    Saving game at tick 18600 to 'E:\programowanie\projekty delphi\kam_expansion\Saves\autosave\autosave.sav'
                                      Unable to make a route for Zbieracz:5275445 from (13;9) to (15;14) with "Can walk" TargetWC_Set = []
10:57:50.242   419,426s   59993ms  11348    Issue gicGameAutoSave command at tick 19200
10:57:50.249   419,432s       6ms  11348    Saving game at tick 19200 to 'E:\programowanie\projekty delphi\kam_expansion\Saves\autosave\autosave.sav'
10:58:22.921   452,105s   32673ms  11348    Saving dev settings to file 'kmr_dev.xml'
10:58:24.335   453,518s    1413ms  11348    Stopping game application...
10:58:24.342   453,526s       8ms  11348    Gameplay ended - grSilent /
10:58:24.349   453,532s       6ms  11348    Start saving 'Server settings' to 'C:\Users\szyby\OneDrive\Dokumenty\My Games\Knights and Merchants Remake\KaM Remake Server Settings.ini'
012e26fc KaM_Expansion.exe KM_Settings        106 TKMSettings.SaveToDefaultFile
012e27cf KaM_Expansion.exe KM_Settings        113 TKMSettings.SaveToDefaultFile
012e2408 KaM_Expansion.exe KM_Settings         65 TKMSettings.Destroy
0142552e KaM_Expansion.exe KM_ServerSettings  117 TKMServerSettings.Destroy
00d4a764 KaM_Expansion.exe System              23 TObject.Free
01019814 KaM_Expansion.exe KromUtils          281 FreeThenNil
014f1c9f KaM_Expansion.exe KM_GameApp         330 TKMGameApp.Destroy
00d4a764 KaM_Expansion.exe System              23 TObject.Free
01019814 KaM_Expansion.exe KromUtils          281 FreeThenNil
014fc935 KaM_Expansion.exe KM_Main            376 TKMMain.Stop
014fca14 KaM_Expansion.exe KM_Main            405 TKMMain.Stop
01766075 KaM_Expansion.exe KM_FormMain       2212 TFormMain.FormClose
00fc36a7 KaM_Expansion.exe Vcl.Forms              TCustomForm.DoClose
00fc9095 KaM_Expansion.exe Vcl.Forms              TCustomForm.Close
00fc7cd4 KaM_Expansion.exe Vcl.Forms              TCustomForm.WMClose
00f12cfa KaM_Expansion.exe Vcl.Controls           TControl.WndProc
00f17ec1 KaM_Expansion.exe Vcl.Controls           TWinControl.WndProc
00fc42e8 KaM_Expansion.exe Vcl.Forms              TCustomForm.WndProc
00fc4303 KaM_Expansion.exe Vcl.Forms              TCustomForm.WndProc
01765b61 KaM_Expansion.exe KM_FormMain       2051 TFormMain.WndProc

10:58:24.371   453,554s      22ms  11348    'Server settings' was successfully saved to 'C:\Users\szyby\OneDrive\Dokumenty\My Games\Knights and Merchants Remake\KaM Remake Server Settings.ini'
10:58:24.588   453,771s     217ms  11348    Start saving 'GameApp settings' to 'C:\Users\szyby\OneDrive\Dokumenty\My Games\Knights and Merchants Remake\KaM Remake Settings KingDyronMod.xml'
012e26fc KaM_Expansion.exe KM_Settings         106 TKMSettings.SaveToDefaultFile
012e27cf KaM_Expansion.exe KM_Settings         113 TKMSettings.SaveToDefaultFile
012e2408 KaM_Expansion.exe KM_Settings          65 TKMSettings.Destroy
012e2b62 KaM_Expansion.exe KM_SettingsXML       44 TKMSettingsXML.Destroy
012e2e8e KaM_Expansion.exe KM_GameAppSettings   57 TKMGameAppSettings.Destroy
00d4a764 KaM_Expansion.exe System               23 TObject.Free
01019814 KaM_Expansion.exe KromUtils           281 FreeThenNil
014fc93f KaM_Expansion.exe KM_Main             378 TKMMain.Stop
014fca14 KaM_Expansion.exe KM_Main             405 TKMMain.Stop
01766075 KaM_Expansion.exe KM_FormMain        2212 TFormMain.FormClose
00fc36a7 KaM_Expansion.exe Vcl.Forms               TCustomForm.DoClose
00fc9095 KaM_Expansion.exe Vcl.Forms               TCustomForm.Close
00fc7cd4 KaM_Expansion.exe Vcl.Forms               TCustomForm.WMClose
00f12cfa KaM_Expansion.exe Vcl.Controls            TControl.WndProc
00f17ec1 KaM_Expansion.exe Vcl.Controls            TWinControl.WndProc
00fc42e8 KaM_Expansion.exe Vcl.Forms               TCustomForm.WndProc
00fc4303 KaM_Expansion.exe Vcl.Forms               TCustomForm.WndProc
01765b61 KaM_Expansion.exe KM_FormMain        2051 TFormMain.WndProc
00f173cc KaM_Expansion.exe Vcl.Controls            TWinControl.MainWndProc
00f173e7 KaM_Expansion.exe Vcl.Controls            TWinControl.MainWndProc

10:58:24.604   453,787s      16ms  11348    'GameApp settings' was successfully saved to 'C:\Users\szyby\OneDrive\Dokumenty\My Games\Knights and Merchants Remake\KaM Remake Settings KingDyronMod.xml'
