   Timestamp    Elapsed     Delta  Thread    Description
========================
    Date: 2025.01.03
========================
19:43:31.826     0,001s       1ms    344    Log is up and running. Game version: KaM Expansion: Co-op & World Update
19:43:31.834     0,008s       7ms    344    Game Load started
19:43:31.842     0,017s       9ms    344    Start loading 'GameApp settings' from 'C:\Users\szyby\OneDrive\Dokumenty\My Games\Knights and Merchants Remake\KaM Remake Settings KingDyronMod.xml'
19:43:31.850     0,024s       7ms    344    'GameApp settings' was successfully loaded from 'C:\Users\szyby\OneDrive\Dokumenty\My Games\Knights and Merchants Remake\KaM Remake Settings KingDyronMod.xml'
19:43:31.866     0,040s       5ms    344    Start saving 'GameApp settings' to 'C:\Users\szyby\OneDrive\Dokumenty\My Games\Knights and Merchants Remake\KaM Remake Settings KingDyronMod.xml'
00858144 KaM_Expansion.exe KM_Settings        106 TKMSettings.SaveToDefaultFile
00858217 KaM_Expansion.exe KM_Settings        113 TKMSettings.SaveToDefaultFile
00857e15 KaM_Expansion.exe KM_Settings         59 TKMSettings.Create
00858552 KaM_Expansion.exe KM_SettingsXML      38 TKMSettingsXML.Create
00858893 KaM_Expansion.exe KM_GameAppSettings  51 TKMGameAppSettings.Create
00a6e470 KaM_Expansion.exe KM_Main            260 TKMMain.Start
00a6e6df KaM_Expansion.exe KM_Main            307 TKMMain.Start
00cf1b2b KaM_Expansion.exe KaM_Expansion      480 initialization
00cf1b5a KaM_Expansion.exe KaM_Expansion      483 initialization
762b7ba7 KERNEL32.DLL                             BaseThreadInitThunk

19:43:31.905     0,079s      39ms    344    'GameApp settings' was successfully saved to 'C:\Users\szyby\OneDrive\Dokumenty\My Games\Knights and Merchants Remake\KaM Remake Settings KingDyronMod.xml'
19:43:31.936     0,111s      32ms    344    Start loading 'Server settings' from 'C:\Users\szyby\OneDrive\Dokumenty\My Games\Knights and Merchants Remake\KaM Remake Server Settings.ini'
19:43:31.944     0,118s       7ms    344    'Server settings' was successfully loaded from 'C:\Users\szyby\OneDrive\Dokumenty\My Games\Knights and Merchants Remake\KaM Remake Server Settings.ini'
19:43:31.951     0,126s       8ms    344    Start saving 'Server settings' to 'C:\Users\szyby\OneDrive\Dokumenty\My Games\Knights and Merchants Remake\KaM Remake Server Settings.ini'
00858144 KaM_Expansion.exe KM_Settings       106 TKMSettings.SaveToDefaultFile
00858217 KaM_Expansion.exe KM_Settings       113 TKMSettings.SaveToDefaultFile
00857e15 KaM_Expansion.exe KM_Settings        59 TKMSettings.Create
00997714 KaM_Expansion.exe KM_ServerSettings 109 TKMServerSettings.Create
00a6381c KaM_Expansion.exe KM_GameApp        213 TKMGameApp.Create
00a63c6e KaM_Expansion.exe KM_GameApp        295 TKMGameApp.Create
00a6f6e6 KaM_Expansion.exe KM_Main           637 TKMMain.ReinitRender
00a6f8f2 KaM_Expansion.exe KM_Main           692 TKMMain.ReinitRender
00a6e586 KaM_Expansion.exe KM_Main           283 TKMMain.Start
00a6e6df KaM_Expansion.exe KM_Main           307 TKMMain.Start
00cf1b2b KaM_Expansion.exe KaM_Expansion     480 initialization
00cf1b5a KaM_Expansion.exe KaM_Expansion     483 initialization
762b7ba7 KERNEL32.DLL                            BaseThreadInitThunk

19:43:31.965     0,140s      14ms    344    'Server settings' was successfully saved to 'C:\Users\szyby\OneDrive\Dokumenty\My Games\Knights and Merchants Remake\KaM Remake Server Settings.ini'
19:43:31.972     0,146s       6ms    344    Init Render started
19:43:32.108     0,282s     136ms    344    GL_MAX_TEXTURE_SIZE = 32768
19:43:32.116     0,291s       9ms    344    GL_MAX_VIEWPORT_DIM = 32768
                                      OpenGL Vendor: NVIDIA Corporation
                                      OpenGL Renderer: NVIDIA GeForce RTX 3060 Ti/PCIe/SSE2
                                      OpenGL Version: 4.6.0 NVIDIA 560.94
19:43:32.143     0,318s      27ms    344    Init Render Done
19:43:32.150     0,324s       6ms    344    Resource loading state - None
19:43:32.157     0,331s       6ms    344    Reading palettes ... done
19:43:32.164     0,339s       8ms    344    Reading GUI.rx
19:43:32.172     0,346s       7ms    344    Load Sprites started
19:43:32.178     0,352s       6ms    344    GUI - 966
19:43:32.199     0,374s      22ms    344    Load Sprites Done
19:43:32.231     0,406s      32ms    344    Reading GUIMain.rx
19:43:32.238     0,413s       7ms    344    Load Sprites started
19:43:32.245     0,419s       6ms    344    GUIMain - 105
19:43:32.299     0,473s      54ms    344    Load Sprites Done
19:43:32.350     0,524s      51ms    344    Reading Tileset.rx
19:43:32.357     0,531s       7ms    344    Load Sprites started
19:43:32.363     0,538s       7ms    344    Tileset - 5449
19:43:32.400     0,575s      37ms    344    Load Sprites Done
19:43:32.406     0,581s       6ms    344    GenerateTerrainTransitions started. Legacy = False
19:43:32.414     0,588s       7ms    344    TexId = 5451 GenTilesCnt = 2100
19:43:32.420     0,594s       6ms    344    TexId = 6051; TexId - fGenTexIdStartI = 600; uniqueTex = 600; totalTex = 1350
19:43:32.426     0,600s       6ms    344    GeneratedMasks cnt = 20
19:43:32.433     0,607s       7ms    344    GenerateTerrainTransitions Done
19:43:32.440     0,614s       7ms    344    GenerateTerrainTransitions started. Legacy = True
19:43:32.447     0,621s       7ms    344    Legacy: TexId = 4999 GenTilesCntTemp = 2030
19:43:32.453     0,627s       6ms    344    TexId = 5463; TexId - fGenTexIdStartILegacy = 464; uniqueTex = 464; totalTex = 1044
19:43:32.460     0,634s       6ms    344    GeneratedMasks cnt = 16
19:43:32.467     0,641s       7ms    344    GenerateTerrainTransitions Done
19:43:32.570     0,744s     103ms    344    Load font started
19:43:32.607     0,781s      37ms    344    Font load took 37ms
19:43:32.615     0,789s       7ms    344    Read fonts is done
19:43:32.631     0,806s      16ms    344    ReadGFX is done
19:43:32.638     0,813s       7ms    344    Resource loading state - Menu
19:43:32.646     0,820s       7ms  20868    OpenAL init started
19:43:33.270     1,444s     624ms    344    Music init done, 24 tracks found
                                      Loading campaign images.rxx for HKS
19:43:33.296     1,471s      27ms   3816    Custom - 1
19:43:33.304     1,478s       7ms  20868    Pre-LoadSFX init ... done
19:43:33.310     1,485s       7ms  20868    ALC_MONO_SOURCES 255
19:43:33.316     1,491s       6ms  20868    ALC_STEREO_SOURCES 1
19:43:33.324     1,498s       7ms    344    Main menu init done
19:43:33.331     1,505s       7ms  20868    OpenAL init done
19:43:33.352     1,527s      22ms    344    Check game folder 'E:\programowanie\projekty delphi\kam_expansion\' generic permissions: READ: granted; WRITE: granted; EXECUTE: granted; folder is writable: 
19:43:33.360     1,534s       7ms    344    LoadGameResources ... AlphaShadows: True. Forced: True
19:43:33.367     1,541s       7ms    344    TKMResSprites.LoadGameResources
19:43:33.373     1,548s       7ms    344    [AsyncGameResLoader Thread] Started
19:43:33.380     1,554s       6ms    344    Resource loading state - Game
19:43:33.386     1,560s       6ms    344    ToggleFullscreen
19:43:33.392     1,567s       6ms    344    Form Width/Height: 1040:759
19:43:33.399     1,573s       6ms    344    Panel Width/Height: 1024:720
19:43:33.406     1,580s       7ms  19820    [AsyncGameResLoader Thread] RT = rxTrees Stage = lsLoad
19:43:33.413     1,588s       8ms  19820    [AsyncGameResLoader Thread] Start Load RXX 'Trees.rxx'
19:43:33.420     1,594s       6ms  19820    Load Sprites started
19:43:33.427     1,601s       7ms  19820    Trees - 1216
                                      Loading campaign images.rxx for KSN
19:43:33.446     1,621s      20ms   3816    Custom - 1
19:43:33.453     1,627s       6ms    344    Saving dev settings to file 'kmr_dev.xml'
19:43:33.490     1,664s      37ms    344    Saving dev settings to file 'kmr_dev.xml'
19:43:33.497     1,671s       7ms    344    Game Load Done in 1696
                                      Loading campaign images.rxx for KSO
19:43:33.523     1,697s      26ms   3816    Custom - 1
19:43:33.570     1,745s      48ms  19820    Load Sprites Done
                                      Loading campaign images.rxx for KSU
19:43:33.589     1,764s      19ms   3816    Custom - 1
                                      Loading campaign images.rxx for OFL
19:43:33.640     1,814s      49ms   3816    Custom - 1
19:43:33.668     1,842s      28ms  19820    [AsyncGameResLoader Thread] DONE Load RXX 'Trees.rxa'
                                      Loading campaign images.rxx for OER
19:43:33.682     1,856s      14ms   3816    Custom - 1
19:43:33.688     1,863s       7ms    344    [AsyncGameResLoader MainTh] [UpdateStateIdle] GenTextures RT = rxTrees Stage = lsGenMain
19:43:33.702     1,876s      13ms    344    [AsyncGameResLoader MainTh] [UpdateStateIdle] DONE
19:43:33.708     1,883s       7ms  19820    [AsyncGameResLoader Thread] RT = rxTrees Stage = lsOverload
19:43:33.716     1,891s       8ms  19820    [AsyncGameResLoader Thread] OverloadFromFolder RT = rxTrees
                                      Loading campaign images.rxx for TBK
19:43:33.729     1,904s      13ms   3816    Custom - 1
19:43:33.735     1,910s       6ms  19820    [AsyncGameResLoader Thread] DONE OverloadFromFolder RT = rxTrees
19:43:33.746     1,920s      10ms    344    [AsyncGameResLoader MainTh] [UpdateStateIdle] GenTextures RT = rxTrees Stage = lsGenOverload
19:43:33.752     1,927s       7ms    344    [AsyncGameResLoader MainTh] [UpdateStateIdle] DONE
19:43:33.759     1,933s       6ms  19820    [AsyncGameResLoader Thread] RT = rxHouses Stage = lsLoad
19:43:33.769     1,944s      11ms  19820    [AsyncGameResLoader Thread] Start Load RXX 'Houses.rxx'
19:43:33.775     1,950s       6ms  19820    Load Sprites started
19:43:33.784     1,958s       8ms  19820    Houses - 2709
                                      Loading campaign images.rxx for TPR
19:43:33.796     1,971s      13ms   3816    Custom - 1
                                      Loading campaign images.rxx for TSK
19:43:33.850     2,024s      53ms   3816    Custom - 1
                                      Loading campaign images.rxx for TUA
19:43:33.903     2,077s      53ms   3816    Custom - 1
19:43:33.964     2,138s      60ms  19820    Load Sprites Done
                                      Loading campaign images.rxx for TMR
19:43:34.058     2,232s      94ms   3816    Custom - 1
19:43:34.097     2,271s      39ms  19820    [AsyncGameResLoader Thread] DONE Load RXX 'Houses.rxa'
19:43:34.114     2,288s      16ms    344    [AsyncGameResLoader MainTh] [UpdateStateIdle] GenTextures RT = rxHouses Stage = lsGenMain
19:43:34.129     2,303s      15ms    344    [AsyncGameResLoader MainTh] [UpdateStateIdle] DONE
19:43:34.136     2,310s       7ms  19820    [AsyncGameResLoader Thread] RT = rxHouses Stage = lsOverload
19:43:34.143     2,317s       7ms  19820    [AsyncGameResLoader Thread] OverloadFromFolder RT = rxHouses
19:43:34.253     2,427s     110ms  19820    [AsyncGameResLoader Thread] DONE OverloadFromFolder RT = rxHouses
19:43:34.260     2,435s       8ms    344    [AsyncGameResLoader MainTh] [UpdateStateIdle] GenTextures RT = rxHouses Stage = lsGenOverload
19:43:34.266     2,441s       6ms    344    [AsyncGameResLoader MainTh] [UpdateStateIdle] DONE
19:43:34.274     2,448s       6ms  19820    [AsyncGameResLoader Thread] RT = rxUnits Stage = lsLoad
19:43:34.289     2,463s      15ms  19820    [AsyncGameResLoader Thread] Start Load RXX 'Units.rxx'
19:43:34.296     2,470s       7ms  19820    Load Sprites started
19:43:34.302     2,477s       6ms  19820    Units - 14845
19:43:35.097     3,271s     793ms  19820    Load Sprites Done
19:43:35.428     3,602s     331ms    344    Stopping game application...
19:43:35.436     3,610s       8ms    344    Start saving 'Server settings' to 'C:\Users\szyby\OneDrive\Dokumenty\My Games\Knights and Merchants Remake\KaM Remake Server Settings.ini'
00858144 KaM_Expansion.exe KM_Settings           106 TKMSettings.SaveToDefaultFile
00858217 KaM_Expansion.exe KM_Settings           113 TKMSettings.SaveToDefaultFile
00857e50 KaM_Expansion.exe KM_Settings            65 TKMSettings.Destroy
0099775a KaM_Expansion.exe KM_ServerSettings     117 TKMServerSettings.Destroy
002ba764 KaM_Expansion.exe System                 23 TObject.Free
00588fbc KaM_Expansion.exe KromUtils             281 FreeThenNil
00a63ecb KaM_Expansion.exe KM_GameApp            330 TKMGameApp.Destroy
002ba764 KaM_Expansion.exe System                 23 TObject.Free
00588fbc KaM_Expansion.exe KromUtils             281 FreeThenNil
00a6eb01 KaM_Expansion.exe KM_Main               378 TKMMain.Stop
00a6ebe0 KaM_Expansion.exe KM_Main               407 TKMMain.Stop
009a96ae KaM_Expansion.exe KM_GUIMenuMain        123 TKMMenuMain.ButtonClick
009a96ce KaM_Expansion.exe KM_GUIMenuMain        124 TKMMenuMain.ButtonClick
00c74fa1 KaM_Expansion.exe KM_Controls          1242 TKMControl.DoClick
00c735a4 KaM_Expansion.exe KM_Controls           690 TKMControl.MouseUp
00c6b5ce KaM_Expansion.exe KM_ControlsBase       805 TKMButton.MouseUp
00c5fffb KaM_Expansion.exe KM_Game              2820 TKMGame.LoadFromFile
00c77695 KaM_Expansion.exe KM_Controls          2274 TKMMasterControl.MouseUp
00a48389 KaM_Expansion.exe KM_InterfaceMainMenu  479 TKMMainMenuInterface.MouseUp
00a64a9a KaM_Expansion.exe KM_GameApp            559 TKMGameApp.MouseUp

19:43:35.454     3,629s      19ms    344    'Server settings' was successfully saved to 'C:\Users\szyby\OneDrive\Dokumenty\My Games\Knights and Merchants Remake\KaM Remake Server Settings.ini'
19:43:35.524     3,698s      69ms  19820    [AsyncGameResLoader Thread] DONE Load RXX 'Units.rxa'
19:43:35.532     3,706s       8ms    344    [AsyncGameResLoader Thread] Stopped
19:43:35.753     3,928s     222ms    344    Start saving 'GameApp settings' to 'C:\Users\szyby\OneDrive\Dokumenty\My Games\Knights and Merchants Remake\KaM Remake Settings KingDyronMod.xml'
00858144 KaM_Expansion.exe KM_Settings           106 TKMSettings.SaveToDefaultFile
00858217 KaM_Expansion.exe KM_Settings           113 TKMSettings.SaveToDefaultFile
00857e50 KaM_Expansion.exe KM_Settings            65 TKMSettings.Destroy
008585aa KaM_Expansion.exe KM_SettingsXML         44 TKMSettingsXML.Destroy
008588d6 KaM_Expansion.exe KM_GameAppSettings     57 TKMGameAppSettings.Destroy
002ba764 KaM_Expansion.exe System                 23 TObject.Free
00588fbc KaM_Expansion.exe KromUtils             281 FreeThenNil
00a6eb0b KaM_Expansion.exe KM_Main               380 TKMMain.Stop
00a6ebe0 KaM_Expansion.exe KM_Main               407 TKMMain.Stop
009a96ae KaM_Expansion.exe KM_GUIMenuMain        123 TKMMenuMain.ButtonClick
009a96ce KaM_Expansion.exe KM_GUIMenuMain        124 TKMMenuMain.ButtonClick
00c74fa1 KaM_Expansion.exe KM_Controls          1242 TKMControl.DoClick
00c735a4 KaM_Expansion.exe KM_Controls           690 TKMControl.MouseUp
00c6b5ce KaM_Expansion.exe KM_ControlsBase       805 TKMButton.MouseUp
00c5fffb KaM_Expansion.exe KM_Game              2820 TKMGame.LoadFromFile
00c77695 KaM_Expansion.exe KM_Controls          2274 TKMMasterControl.MouseUp
00a48389 KaM_Expansion.exe KM_InterfaceMainMenu  479 TKMMainMenuInterface.MouseUp
00a64a9a KaM_Expansion.exe KM_GameApp            559 TKMGameApp.MouseUp
00cd4d11 KaM_Expansion.exe KM_FormMain           697 TFormMain.RenderAreaMouseUp
00483644 KaM_Expansion.exe Vcl.Controls              TControl.MouseUp

19:43:35.768     3,943s      15ms    344    'GameApp settings' was successfully saved to 'C:\Users\szyby\OneDrive\Dokumenty\My Games\Knights and Merchants Remake\KaM Remake Settings KingDyronMod.xml'
