   Timestamp    Elapsed     Delta  Thread    Description
========================
    Date: 2024.12.28
========================
18:47:31.104     0,002s       2ms  15476    Log is up and running. Game version: KaM Expansion: Co-op & World Update
18:47:31.114     0,012s      10ms  15476    Game Load started
18:47:31.124     0,022s      10ms  15476    Start loading 'GameApp settings' from 'C:\Users\szyby\OneDrive\Dokumenty\My Games\Knights and Merchants Remake\KaM Remake Settings KingDyronMod.xml'
18:47:31.129     0,027s       5ms  15476    'GameApp settings' was successfully loaded from 'C:\Users\szyby\OneDrive\Dokumenty\My Games\Knights and Merchants Remake\KaM Remake Settings KingDyronMod.xml'
18:47:31.144     0,042s       5ms  15476    Start saving 'GameApp settings' to 'C:\Users\szyby\OneDrive\Dokumenty\My Games\Knights and Merchants Remake\KaM Remake Settings KingDyronMod.xml'
007d2174 KaM_Expansion.exe KM_Settings        106 TKMSettings.SaveToDefaultFile
007d2247 KaM_Expansion.exe KM_Settings        113 TKMSettings.SaveToDefaultFile
007d1e45 KaM_Expansion.exe KM_Settings         59 TKMSettings.Create
007d2582 KaM_Expansion.exe KM_SettingsXML      38 TKMSettingsXML.Create
007d28c3 KaM_Expansion.exe KM_GameAppSettings  51 TKMGameAppSettings.Create
009eb434 KaM_Expansion.exe KM_Main            258 TKMMain.Start
009eb6b8 KaM_Expansion.exe KM_Main            305 TKMMain.Start
00c68b2b KaM_Expansion.exe KaM_Expansion      479 initialization
00c68b5a KaM_Expansion.exe KaM_Expansion      482 initialization
76df7ba7 KERNEL32.DLL                             BaseThreadInitThunk

18:47:31.186     0,083s      41ms  15476    'GameApp settings' was successfully saved to 'C:\Users\szyby\OneDrive\Dokumenty\My Games\Knights and Merchants Remake\KaM Remake Settings KingDyronMod.xml'
18:47:31.211     0,109s      26ms  15476    Start loading 'Server settings' from 'C:\Users\szyby\OneDrive\Dokumenty\My Games\Knights and Merchants Remake\KaM Remake Server Settings.ini'
18:47:31.217     0,115s       6ms  15476    'Server settings' was successfully loaded from 'C:\Users\szyby\OneDrive\Dokumenty\My Games\Knights and Merchants Remake\KaM Remake Server Settings.ini'
18:47:31.224     0,122s       6ms  15476    Start saving 'Server settings' to 'C:\Users\szyby\OneDrive\Dokumenty\My Games\Knights and Merchants Remake\KaM Remake Server Settings.ini'
007d2174 KaM_Expansion.exe KM_Settings       106 TKMSettings.SaveToDefaultFile
007d2247 KaM_Expansion.exe KM_Settings       113 TKMSettings.SaveToDefaultFile
007d1e45 KaM_Expansion.exe KM_Settings        59 TKMSettings.Create
009146ac KaM_Expansion.exe KM_ServerSettings 109 TKMServerSettings.Create
009e07b4 KaM_Expansion.exe KM_GameApp        213 TKMGameApp.Create
009e0c06 KaM_Expansion.exe KM_GameApp        295 TKMGameApp.Create
009ec6de KaM_Expansion.exe KM_Main           635 TKMMain.ReinitRender
009ec8ea KaM_Expansion.exe KM_Main           689 TKMMain.ReinitRender
009eb54a KaM_Expansion.exe KM_Main           281 TKMMain.Start
009eb6b8 KaM_Expansion.exe KM_Main           305 TKMMain.Start
00c68b2b KaM_Expansion.exe KaM_Expansion     479 initialization
00c68b5a KaM_Expansion.exe KaM_Expansion     482 initialization
76df7ba7 KERNEL32.DLL                            BaseThreadInitThunk

18:47:31.237     0,135s      13ms  15476    'Server settings' was successfully saved to 'C:\Users\szyby\OneDrive\Dokumenty\My Games\Knights and Merchants Remake\KaM Remake Server Settings.ini'
18:47:31.243     0,141s       6ms  15476    Init Render started
18:47:31.395     0,293s     151ms  15476    GL_MAX_TEXTURE_SIZE = 32768
18:47:31.403     0,301s       8ms  15476    GL_MAX_VIEWPORT_DIM = 32768
                                      OpenGL Vendor: NVIDIA Corporation
                                      OpenGL Renderer: NVIDIA GeForce RTX 3060 Ti/PCIe/SSE2
                                      OpenGL Version: 4.6.0 NVIDIA 560.81
18:47:31.429     0,327s      26ms  15476    Init Render Done
18:47:31.436     0,334s       7ms  15476    Resource loading state - None
18:47:31.443     0,341s       7ms  15476    Reading palettes ... done
18:47:31.453     0,351s      10ms  15476    Reading GUI.rx
18:47:31.459     0,357s       6ms  15476    Load Sprites started
18:47:31.467     0,365s       8ms  15476    GUI - 966
18:47:31.488     0,386s      21ms  15476    Load Sprites Done
18:47:31.527     0,425s      39ms  15476    Reading GUIMain.rx
18:47:31.534     0,432s       7ms  15476    Load Sprites started
18:47:31.541     0,439s       7ms  15476    GUIMain - 105
18:47:31.596     0,494s      55ms  15476    Load Sprites Done
18:47:31.652     0,550s      56ms  15476    Reading Tileset.rx
18:47:31.659     0,557s       7ms  15476    Load Sprites started
18:47:31.667     0,565s       8ms  15476    Tileset - 5449
18:47:31.684     0,582s      17ms  15476    Load Sprites Done
18:47:31.692     0,590s       8ms  15476    GenerateTerrainTransitions started. Legacy = False
18:47:31.700     0,598s       8ms  15476    TexId = 5451 GenTilesCnt = 2100
18:47:31.707     0,605s       7ms  15476    TexId = 6051; TexId - fGenTexIdStartI = 600; uniqueTex = 600; totalTex = 1350
18:47:31.713     0,611s       6ms  15476    GeneratedMasks cnt = 20
18:47:31.719     0,617s       6ms  15476    GenerateTerrainTransitions Done
18:47:31.726     0,624s       7ms  15476    GenerateTerrainTransitions started. Legacy = True
18:47:31.732     0,630s       6ms  15476    Legacy: TexId = 4999 GenTilesCntTemp = 2030
18:47:31.739     0,637s       7ms  15476    TexId = 5463; TexId - fGenTexIdStartILegacy = 464; uniqueTex = 464; totalTex = 1044
18:47:31.745     0,643s       6ms  15476    GeneratedMasks cnt = 16
18:47:31.754     0,652s       9ms  15476    GenerateTerrainTransitions Done
18:47:31.866     0,764s     112ms  15476    Load font started
18:47:31.904     0,802s      38ms  15476    Font load took 38ms
18:47:31.912     0,810s       8ms  15476    Read fonts is done
18:47:31.931     0,829s      19ms  15476    ReadGFX is done
18:47:31.939     0,837s       8ms  15476    Resource loading state - Menu
18:47:31.946     0,844s       7ms  18536    OpenAL init started
18:47:32.601     1,499s     655ms  15476    Music init done, 24 tracks found
18:47:32.634     1,532s      33ms  18536    Pre-LoadSFX init ... done
18:47:32.641     1,539s       7ms  18536    ALC_MONO_SOURCES 255
18:47:32.649     1,547s       8ms  18536    ALC_STEREO_SOURCES 1
                                      Loading campaign images.rxx for HKS
18:47:32.662     1,560s      13ms  18536    OpenAL init done
18:47:32.671     1,569s       9ms  15476    Main menu init done
18:47:32.676     1,574s       5ms   3296    Custom - 1
18:47:32.699     1,598s      24ms  15476    Check game folder 'E:\programowanie\projekty delphi\kam_expansion\' generic permissions: READ: granted; WRITE: granted; EXECUTE: granted; folder is writable: 
18:47:32.707     1,605s       7ms  15476    LoadGameResources ... AlphaShadows: True. Forced: True
18:47:32.714     1,612s       7ms  15476    TKMResSprites.LoadGameResources
18:47:32.720     1,618s       6ms  15476    [AsyncGameResLoader Thread] Started
18:47:32.727     1,625s       7ms  15476    Resource loading state - Game
18:47:32.733     1,631s       6ms  15476    ToggleFullscreen
18:47:32.739     1,637s       6ms  15476    Form Width/Height: 1040:876
18:47:32.744     1,642s       5ms  15476    Panel Width/Height: 1024:837
18:47:32.753     1,651s       9ms  11196    [AsyncGameResLoader Thread] RT = rxTrees Stage = lsLoad
18:47:32.759     1,657s       6ms  11196    [AsyncGameResLoader Thread] Start Load RXX 'Trees.rxx'
18:47:32.767     1,665s       8ms  11196    Load Sprites started
18:47:32.775     1,673s       8ms  11196    Trees - 1216
                                      Loading campaign images.rxx for KSN
18:47:32.795     1,693s      20ms   3296    Custom - 1
18:47:32.803     1,701s       8ms  15476    Saving dev settings to file 'kmr_dev.xml'
18:47:32.840     1,738s      37ms  15476    Saving dev settings to file 'kmr_dev.xml'
18:47:32.848     1,745s       7ms  15476    Game Load Done in 1768
                                      Loading campaign images.rxx for KSO
18:47:32.875     1,773s      28ms   3296    Custom - 1
                                      Loading campaign images.rxx for KSU
18:47:32.933     1,831s      58ms   3296    Custom - 1
                                      Loading campaign images.rxx for OFL
18:47:32.982     1,880s      49ms   3296    Custom - 1
18:47:32.990     1,888s       8ms  11196    Load Sprites Done
                                      Loading campaign images.rxx for OER
18:47:33.034     1,932s      44ms   3296    Custom - 1
                                      Loading campaign images.rxx for TBK
18:47:33.078     1,976s      44ms   3296    Custom - 1
18:47:33.095     1,993s      17ms  11196    [AsyncGameResLoader Thread] DONE Load RXX 'Trees.rxa'
18:47:33.114     2,012s      19ms  15476    [AsyncGameResLoader MainTh] [UpdateStateIdle] GenTextures RT = rxTrees Stage = lsGenMain
18:47:33.125     2,023s      11ms  15476    [AsyncGameResLoader MainTh] [UpdateStateIdle] DONE
18:47:33.132     2,030s       7ms  11196    [AsyncGameResLoader Thread] RT = rxTrees Stage = lsOverload
18:47:33.138     2,036s       6ms  11196    [AsyncGameResLoader Thread] OverloadFromFolder RT = rxTrees
                                      Loading campaign images.rxx for TPR
18:47:33.152     2,050s      14ms   3296    Custom - 1
18:47:33.196     2,094s      44ms  11196    [AsyncGameResLoader Thread] DONE OverloadFromFolder RT = rxTrees
                                      Loading campaign images.rxx for TSK
18:47:33.211     2,109s      15ms  15476    [AsyncGameResLoader MainTh] [UpdateStateIdle] GenTextures RT = rxTrees Stage = lsGenOverload
18:47:33.218     2,116s       7ms  15476    [AsyncGameResLoader MainTh] [UpdateStateIdle] DONE
18:47:33.224     2,122s       6ms   3296    Custom - 1
18:47:33.231     2,129s       7ms  11196    [AsyncGameResLoader Thread] RT = rxHouses Stage = lsLoad
18:47:33.238     2,136s       7ms  11196    [AsyncGameResLoader Thread] Start Load RXX 'Houses.rxx'
18:47:33.244     2,142s       6ms  11196    Load Sprites started
18:47:33.251     2,149s       7ms  11196    Houses - 2709
                                      Loading campaign images.rxx for TUA
18:47:33.263     2,161s      12ms   3296    Custom - 1
                                      Loading campaign images.rxx for TMR
18:47:33.432     2,330s     168ms   3296    Custom - 1
18:47:33.493     2,391s      61ms  11196    Load Sprites Done
18:47:33.646     2,544s     153ms  11196    [AsyncGameResLoader Thread] DONE Load RXX 'Houses.rxa'
18:47:33.653     2,551s       7ms  15476    [AsyncGameResLoader MainTh] [UpdateStateIdle] GenTextures RT = rxHouses Stage = lsGenMain
18:47:33.668     2,566s      14ms  15476    [AsyncGameResLoader MainTh] [UpdateStateIdle] DONE
18:47:33.675     2,573s       7ms  11196    [AsyncGameResLoader Thread] RT = rxHouses Stage = lsOverload
18:47:33.681     2,579s       6ms  11196    [AsyncGameResLoader Thread] OverloadFromFolder RT = rxHouses
18:47:33.852     2,750s     171ms  11196    [AsyncGameResLoader Thread] DONE OverloadFromFolder RT = rxHouses
18:47:33.872     2,770s      20ms  15476    [AsyncGameResLoader MainTh] [UpdateStateIdle] GenTextures RT = rxHouses Stage = lsGenOverload
18:47:33.879     2,777s       7ms  15476    [AsyncGameResLoader MainTh] [UpdateStateIdle] DONE
18:47:33.886     2,784s       6ms  11196    [AsyncGameResLoader Thread] RT = rxUnits Stage = lsLoad
18:47:33.892     2,790s       6ms  11196    [AsyncGameResLoader Thread] Start Load RXX 'Units.rxx'
18:47:33.899     2,797s       7ms  11196    Load Sprites started
18:47:33.905     2,803s       6ms  11196    Units - 14845
18:47:35.488     4,386s    1583ms  11196    Load Sprites Done
18:47:36.715     5,613s    1226ms  11196    [AsyncGameResLoader Thread] DONE Load RXX 'Units.rxa'
18:47:36.730     5,628s      14ms  15476    [AsyncGameResLoader MainTh] [UpdateStateIdle] GenTextures RT = rxUnits Stage = lsGenMain
18:47:36.815     5,713s      85ms  15476    [AsyncGameResLoader MainTh] [UpdateStateIdle] DONE
18:47:36.822     5,720s       7ms  11196    [AsyncGameResLoader Thread] RT = rxUnits Stage = lsOverload
18:47:36.828     5,726s       6ms  11196    [AsyncGameResLoader Thread] OverloadFromFolder RT = rxUnits
18:47:37.937     6,835s    1109ms  11196    [AsyncGameResLoader Thread] DONE OverloadFromFolder RT = rxUnits
18:47:37.946     6,844s       9ms  15476    [AsyncGameResLoader MainTh] [UpdateStateIdle] GenTextures RT = rxUnits Stage = lsGenOverload
18:47:37.953     6,851s       7ms  15476    [AsyncGameResLoader Thread] Stopped
18:47:37.960     6,858s       7ms  15476    [AsyncGameResLoader MainTh] [UpdateStateIdle] DONE
18:49:41.284   130,182s  123324ms  15476    Saving dev settings to file 'kmr_dev.xml'
18:49:41.292   130,190s       8ms  15476    Stopping game application...
18:49:41.298   130,196s       6ms  15476    Start saving 'Server settings' to 'C:\Users\szyby\OneDrive\Dokumenty\My Games\Knights and Merchants Remake\KaM Remake Server Settings.ini'
007d2174 KaM_Expansion.exe KM_Settings        106 TKMSettings.SaveToDefaultFile
007d2247 KaM_Expansion.exe KM_Settings        113 TKMSettings.SaveToDefaultFile
007d1e80 KaM_Expansion.exe KM_Settings         65 TKMSettings.Destroy
009146f2 KaM_Expansion.exe KM_ServerSettings  117 TKMServerSettings.Destroy
0023a764 KaM_Expansion.exe System              20 TObject.Free
0050980c KaM_Expansion.exe KromUtils          281 FreeThenNil
009e0e63 KaM_Expansion.exe KM_GameApp         330 TKMGameApp.Destroy
0023a764 KaM_Expansion.exe System              20 TObject.Free
0050980c KaM_Expansion.exe KromUtils          281 FreeThenNil
009ebaf9 KaM_Expansion.exe KM_Main            376 TKMMain.Stop
009ebbd8 KaM_Expansion.exe KM_Main            405 TKMMain.Stop
00c53435 KaM_Expansion.exe KM_FormMain       2212 TFormMain.FormClose
004b36a7 KaM_Expansion.exe Vcl.Forms              TCustomForm.DoClose
004b9095 KaM_Expansion.exe Vcl.Forms              TCustomForm.Close
004b7cd4 KaM_Expansion.exe Vcl.Forms              TCustomForm.WMClose
00402cfa KaM_Expansion.exe Vcl.Controls           TControl.WndProc
00407ec1 KaM_Expansion.exe Vcl.Controls           TWinControl.WndProc
004b42e8 KaM_Expansion.exe Vcl.Forms              TCustomForm.WndProc
004b4303 KaM_Expansion.exe Vcl.Forms              TCustomForm.WndProc
00c52f21 KaM_Expansion.exe KM_FormMain       2051 TFormMain.WndProc

18:49:41.321   130,219s      23ms  15476    'Server settings' was successfully saved to 'C:\Users\szyby\OneDrive\Dokumenty\My Games\Knights and Merchants Remake\KaM Remake Server Settings.ini'
18:49:41.545   130,443s     224ms  15476    Start saving 'GameApp settings' to 'C:\Users\szyby\OneDrive\Dokumenty\My Games\Knights and Merchants Remake\KaM Remake Settings KingDyronMod.xml'
007d2174 KaM_Expansion.exe KM_Settings         106 TKMSettings.SaveToDefaultFile
007d2247 KaM_Expansion.exe KM_Settings         113 TKMSettings.SaveToDefaultFile
007d1e80 KaM_Expansion.exe KM_Settings          65 TKMSettings.Destroy
007d25da KaM_Expansion.exe KM_SettingsXML       44 TKMSettingsXML.Destroy
007d2906 KaM_Expansion.exe KM_GameAppSettings   57 TKMGameAppSettings.Destroy
0023a764 KaM_Expansion.exe System               20 TObject.Free
0050980c KaM_Expansion.exe KromUtils           281 FreeThenNil
009ebb03 KaM_Expansion.exe KM_Main             378 TKMMain.Stop
009ebbd8 KaM_Expansion.exe KM_Main             405 TKMMain.Stop
00c53435 KaM_Expansion.exe KM_FormMain        2212 TFormMain.FormClose
004b36a7 KaM_Expansion.exe Vcl.Forms               TCustomForm.DoClose
004b9095 KaM_Expansion.exe Vcl.Forms               TCustomForm.Close
004b7cd4 KaM_Expansion.exe Vcl.Forms               TCustomForm.WMClose
00402cfa KaM_Expansion.exe Vcl.Controls            TControl.WndProc
00407ec1 KaM_Expansion.exe Vcl.Controls            TWinControl.WndProc
004b42e8 KaM_Expansion.exe Vcl.Forms               TCustomForm.WndProc
004b4303 KaM_Expansion.exe Vcl.Forms               TCustomForm.WndProc
00c52f21 KaM_Expansion.exe KM_FormMain        2051 TFormMain.WndProc
004073cc KaM_Expansion.exe Vcl.Controls            TWinControl.MainWndProc
004073e7 KaM_Expansion.exe Vcl.Controls            TWinControl.MainWndProc

18:49:41.560   130,458s      15ms  15476    'GameApp settings' was successfully saved to 'C:\Users\szyby\OneDrive\Dokumenty\My Games\Knights and Merchants Remake\KaM Remake Settings KingDyronMod.xml'
