   Timestamp    Elapsed     Delta  Thread    Description
========================
    Date: 2025.01.03
========================
20:48:59.958     0,001s       1ms   4416    Log is up and running. Game version: KaM Expansion: Co-op & World Update
20:48:59.963     0,006s       5ms   4416    Game Load started
20:48:59.972     0,015s       9ms   4416    Start loading 'GameApp settings' from 'C:\Users\szyby\OneDrive\Dokumenty\My Games\Knights and Merchants Remake\KaM Remake Settings KingDyronMod.xml'
20:48:59.977     0,020s       5ms   4416    'GameApp settings' was successfully loaded from 'C:\Users\szyby\OneDrive\Dokumenty\My Games\Knights and Merchants Remake\KaM Remake Settings KingDyronMod.xml'
20:48:59.986     0,029s       5ms   4416    Start saving 'GameApp settings' to 'C:\Users\szyby\OneDrive\Dokumenty\My Games\Knights and Merchants Remake\KaM Remake Settings KingDyronMod.xml'
010a81ac KaM_Expansion.exe KM_Settings        106 TKMSettings.SaveToDefaultFile
010a827f KaM_Expansion.exe KM_Settings        113 TKMSettings.SaveToDefaultFile
010a7e7d KaM_Expansion.exe KM_Settings         59 TKMSettings.Create
010a85ba KaM_Expansion.exe KM_SettingsXML      38 TKMSettingsXML.Create
010a88fb KaM_Expansion.exe KM_GameAppSettings  51 TKMGameAppSettings.Create
012bc8ec KaM_Expansion.exe KM_Main            258 TKMMain.Start
012bcb5b KaM_Expansion.exe KM_Main            305 TKMMain.Start
0153bb2b KaM_Expansion.exe KaM_Expansion      480 initialization
0153bb5a KaM_Expansion.exe KaM_Expansion      483 initialization
762b7ba7 KERNEL32.DLL                             BaseThreadInitThunk

20:49:00.026     0,069s      40ms   4416    'GameApp settings' was successfully saved to 'C:\Users\szyby\OneDrive\Dokumenty\My Games\Knights and Merchants Remake\KaM Remake Settings KingDyronMod.xml'
20:49:00.048     0,091s      22ms   4416    Start loading 'Server settings' from 'C:\Users\szyby\OneDrive\Dokumenty\My Games\Knights and Merchants Remake\KaM Remake Server Settings.ini'
20:49:00.055     0,098s       7ms   4416    'Server settings' was successfully loaded from 'C:\Users\szyby\OneDrive\Dokumenty\My Games\Knights and Merchants Remake\KaM Remake Server Settings.ini'
20:49:00.062     0,105s       7ms   4416    Start saving 'Server settings' to 'C:\Users\szyby\OneDrive\Dokumenty\My Games\Knights and Merchants Remake\KaM Remake Server Settings.ini'
010a81ac KaM_Expansion.exe KM_Settings       106 TKMSettings.SaveToDefaultFile
010a827f KaM_Expansion.exe KM_Settings       113 TKMSettings.SaveToDefaultFile
010a7e7d KaM_Expansion.exe KM_Settings        59 TKMSettings.Create
011e5b98 KaM_Expansion.exe KM_ServerSettings 109 TKMServerSettings.Create
012b1ca0 KaM_Expansion.exe KM_GameApp        213 TKMGameApp.Create
012b20f2 KaM_Expansion.exe KM_GameApp        295 TKMGameApp.Create
012bdb62 KaM_Expansion.exe KM_Main           635 TKMMain.ReinitRender
012bdd6e KaM_Expansion.exe KM_Main           689 TKMMain.ReinitRender
012bca02 KaM_Expansion.exe KM_Main           281 TKMMain.Start
012bcb5b KaM_Expansion.exe KM_Main           305 TKMMain.Start
0153bb2b KaM_Expansion.exe KaM_Expansion     480 initialization
0153bb5a KaM_Expansion.exe KaM_Expansion     483 initialization
762b7ba7 KERNEL32.DLL                            BaseThreadInitThunk

20:49:00.076     0,119s      14ms   4416    'Server settings' was successfully saved to 'C:\Users\szyby\OneDrive\Dokumenty\My Games\Knights and Merchants Remake\KaM Remake Server Settings.ini'
20:49:00.082     0,126s       7ms   4416    Init Render started
20:49:00.218     0,261s     135ms   4416    GL_MAX_TEXTURE_SIZE = 32768
20:49:00.226     0,269s       7ms   4416    GL_MAX_VIEWPORT_DIM = 32768
                                      OpenGL Vendor: NVIDIA Corporation
                                      OpenGL Renderer: NVIDIA GeForce RTX 3060 Ti/PCIe/SSE2
                                      OpenGL Version: 4.6.0 NVIDIA 560.94
20:49:00.253     0,296s      27ms   4416    Init Render Done
20:49:00.259     0,302s       5ms   4416    Resource loading state - None
20:49:00.266     0,309s       7ms   4416    Reading palettes ... done
20:49:00.275     0,318s       8ms   4416    Reading GUI.rx
20:49:00.282     0,325s       7ms   4416    Load Sprites started
20:49:00.289     0,331s       6ms   4416    GUI - 966
20:49:00.310     0,353s      22ms   4416    Load Sprites Done
20:49:00.345     0,388s      35ms   4416    Reading GUIMain.rx
20:49:00.352     0,395s       7ms   4416    Load Sprites started
20:49:00.359     0,402s       6ms   4416    GUIMain - 105
20:49:00.412     0,455s      53ms   4416    Load Sprites Done
20:49:00.469     0,512s      57ms   4416    Reading Tileset.rx
20:49:00.477     0,520s       8ms   4416    Load Sprites started
20:49:00.483     0,526s       6ms   4416    Tileset - 5449
20:49:00.521     0,564s      37ms   4416    Load Sprites Done
20:49:00.528     0,571s       7ms   4416    GenerateTerrainTransitions started. Legacy = False
20:49:00.535     0,578s       7ms   4416    TexId = 5451 GenTilesCnt = 2100
20:49:00.542     0,585s       7ms   4416    TexId = 6051; TexId - fGenTexIdStartI = 600; uniqueTex = 600; totalTex = 1350
20:49:00.549     0,592s       7ms   4416    GeneratedMasks cnt = 20
20:49:00.555     0,597s       5ms   4416    GenerateTerrainTransitions Done
20:49:00.562     0,605s       8ms   4416    GenerateTerrainTransitions started. Legacy = True
20:49:00.568     0,611s       6ms   4416    Legacy: TexId = 4999 GenTilesCntTemp = 2030
20:49:00.575     0,618s       7ms   4416    TexId = 5463; TexId - fGenTexIdStartILegacy = 464; uniqueTex = 464; totalTex = 1044
20:49:00.582     0,625s       7ms   4416    GeneratedMasks cnt = 16
20:49:00.595     0,638s       6ms   4416    GenerateTerrainTransitions Done
20:49:00.705     0,748s     110ms   4416    Load font started
20:49:00.742     0,785s      37ms   4416    Font load took 37ms
20:49:00.749     0,792s       6ms   4416    Read fonts is done
20:49:00.769     0,812s      20ms   4416    ReadGFX is done
20:49:00.775     0,818s       6ms   4416    Resource loading state - Menu
20:49:00.783     0,826s       8ms    348    OpenAL init started
20:49:01.462     1,505s     679ms   4416    Music init done, 24 tracks found
                                      Loading campaign images.rxx for HKS
20:49:01.488     1,531s      26ms   6128    Custom - 1
20:49:01.500     1,543s      12ms    348    Pre-LoadSFX init ... done
20:49:01.507     1,550s       7ms    348    ALC_MONO_SOURCES 255
20:49:01.515     1,558s       8ms    348    ALC_STEREO_SOURCES 1
20:49:01.521     1,564s       6ms   4416    Main menu init done
20:49:01.528     1,571s       7ms    348    OpenAL init done
20:49:01.562     1,605s      34ms   4416    Check game folder 'E:\programowanie\projekty delphi\kam_expansion\' generic permissions: READ: granted; WRITE: granted; EXECUTE: granted; folder is writable: 
20:49:01.569     1,612s       7ms   4416    LoadGameResources ... AlphaShadows: True. Forced: True
20:49:01.575     1,618s       6ms   4416    TKMResSprites.LoadGameResources
20:49:01.583     1,626s       8ms   4416    [AsyncGameResLoader Thread] Started
20:49:01.589     1,632s       6ms   4416    Resource loading state - Game
20:49:01.596     1,638s       6ms   4416    ToggleFullscreen
20:49:01.602     1,645s       7ms   4416    Form Width/Height: 1040:759
20:49:01.608     1,651s       6ms   4416    Panel Width/Height: 1024:720
20:49:01.616     1,659s       7ms   8268    [AsyncGameResLoader Thread] RT = rxTrees Stage = lsLoad
20:49:01.623     1,666s       7ms   8268    [AsyncGameResLoader Thread] Start Load RXX 'Trees.rxx'
20:49:01.629     1,672s       6ms   8268    Load Sprites started
20:49:01.637     1,680s       8ms   8268    Trees - 1216
20:49:01.647     1,690s      10ms   4416    Saving dev settings to file 'kmr_dev.xml'
                                      Loading campaign images.rxx for KSN
20:49:01.665     1,708s      18ms   6128    Custom - 1
20:49:01.673     1,716s       7ms   4416    Saving dev settings to file 'kmr_dev.xml'
20:49:01.679     1,722s       6ms   4416    Game Load Done in 1746
                                      Loading campaign images.rxx for KSO
20:49:01.727     1,770s      48ms   6128    Custom - 1
                                      Loading campaign images.rxx for KSU
20:49:01.784     1,827s      57ms   6128    Custom - 1
20:49:01.792     1,835s       7ms   8268    Load Sprites Done
                                      Loading campaign images.rxx for OFL
20:49:01.833     1,876s      41ms   6128    Custom - 1
                                      Loading campaign images.rxx for OER
20:49:01.874     1,917s      41ms   6128    Custom - 1
20:49:01.887     1,930s      12ms   8268    [AsyncGameResLoader Thread] DONE Load RXX 'Trees.rxa'
20:49:01.899     1,942s      12ms   4416    [AsyncGameResLoader MainTh] [UpdateStateIdle] GenTextures RT = rxTrees Stage = lsGenMain
                                      Loading campaign images.rxx for TBK
20:49:01.915     1,958s      16ms   6128    Custom - 1
20:49:01.921     1,963s       5ms   4416    [AsyncGameResLoader MainTh] [UpdateStateIdle] DONE
20:49:01.928     1,970s       7ms   8268    [AsyncGameResLoader Thread] RT = rxTrees Stage = lsOverload
20:49:01.934     1,977s       7ms   8268    [AsyncGameResLoader Thread] OverloadFromFolder RT = rxTrees
20:49:01.946     1,988s      11ms   8268    [AsyncGameResLoader Thread] DONE OverloadFromFolder RT = rxTrees
20:49:01.953     1,996s       8ms   4416    [AsyncGameResLoader MainTh] [UpdateStateIdle] GenTextures RT = rxTrees Stage = lsGenOverload
20:49:01.969     2,011s       9ms   4416    [AsyncGameResLoader MainTh] [UpdateStateIdle] DONE
20:49:01.975     2,018s       7ms   8268    [AsyncGameResLoader Thread] RT = rxHouses Stage = lsLoad
                                      Loading campaign images.rxx for TPR
20:49:01.988     2,031s      13ms   8268    [AsyncGameResLoader Thread] Start Load RXX 'Houses.rxx'
20:49:01.994     2,036s       5ms   8268    Load Sprites started
20:49:02.000     2,043s       7ms   6128    Custom - 1
20:49:02.007     2,050s       7ms   8268    Houses - 2709
                                      Loading campaign images.rxx for TSK
20:49:02.044     2,087s      37ms   6128    Custom - 1
                                      Loading campaign images.rxx for TUA
20:49:02.080     2,123s      36ms   6128    Custom - 1
20:49:02.197     2,240s     117ms   8268    Load Sprites Done
                                      Loading campaign images.rxx for TMR
20:49:02.229     2,271s      31ms   6128    Custom - 1
20:49:02.328     2,371s     100ms   8268    [AsyncGameResLoader Thread] DONE Load RXX 'Houses.rxa'
20:49:02.378     2,421s      50ms   4416    [AsyncGameResLoader MainTh] [UpdateStateIdle] GenTextures RT = rxHouses Stage = lsGenMain
20:49:02.392     2,435s      14ms   4416    [AsyncGameResLoader MainTh] [UpdateStateIdle] DONE
20:49:02.400     2,443s       8ms   8268    [AsyncGameResLoader Thread] RT = rxHouses Stage = lsOverload
20:49:02.407     2,450s       7ms   8268    [AsyncGameResLoader Thread] OverloadFromFolder RT = rxHouses
20:49:02.521     2,564s     114ms   8268    [AsyncGameResLoader Thread] DONE OverloadFromFolder RT = rxHouses
20:49:02.527     2,570s       6ms   4416    [AsyncGameResLoader MainTh] [UpdateStateIdle] GenTextures RT = rxHouses Stage = lsGenOverload
20:49:02.534     2,576s       5ms   4416    [AsyncGameResLoader MainTh] [UpdateStateIdle] DONE
20:49:02.540     2,583s       6ms   8268    [AsyncGameResLoader Thread] RT = rxUnits Stage = lsLoad
20:49:02.548     2,591s       8ms   8268    [AsyncGameResLoader Thread] Start Load RXX 'Units.rxx'
20:49:02.555     2,597s       6ms   8268    Load Sprites started
20:49:02.561     2,604s       7ms   8268    Units - 14845
                                      Loading campaign images.rxx for HKS
20:49:02.616     2,659s      55ms  16852    Custom - 1
                                      Loading campaign images.rxx for KSN
20:49:02.697     2,740s      81ms  16852    Custom - 1
                                      Loading campaign images.rxx for KSO
20:49:02.767     2,810s      70ms  16852    Custom - 1
                                      Loading campaign images.rxx for KSU
20:49:02.835     2,878s      68ms  16852    Custom - 1
                                      Loading campaign images.rxx for OFL
20:49:02.884     2,927s      48ms  16852    Custom - 1
                                      Loading campaign images.rxx for OER
20:49:02.925     2,968s      41ms  16852    Custom - 1
                                      Loading campaign images.rxx for TBK
20:49:02.963     3,006s      38ms  16852    Custom - 1
                                      Loading campaign images.rxx for TPR
20:49:03.024     3,067s      61ms  16852    Custom - 1
                                      Loading campaign images.rxx for TSK
20:49:03.079     3,122s      55ms  16852    Custom - 1
20:49:03.093     3,136s      14ms   4416    LoadGameResources ... AlphaShadows: True. Forced: False
20:49:03.099     3,142s       6ms   4416    TKMResSprites.LoadGameResources
20:49:03.427     3,470s     327ms   8268    Load Sprites Done
20:49:04.518     4,561s    1091ms   8268    [AsyncGameResLoader Thread] DONE Load RXX 'Units.rxa'
20:49:04.524     4,567s       6ms   4416    [AsyncGameResLoader MainTh] [LoadGameResources] GenTextures RT = rxUnits Stage = lsGenMain
20:49:04.583     4,626s      59ms   4416    [AsyncGameResLoader MainTh] [LoadGameResources] DONE
20:49:04.590     4,633s       7ms   8268    [AsyncGameResLoader Thread] RT = rxUnits Stage = lsOverload
20:49:04.596     4,639s       6ms   8268    [AsyncGameResLoader Thread] OverloadFromFolder RT = rxUnits
20:49:04.921     4,964s     325ms   8268    [AsyncGameResLoader Thread] DONE OverloadFromFolder RT = rxUnits
20:49:04.928     4,971s       7ms   4416    [AsyncGameResLoader MainTh] [LoadGameResources] GenTextures RT = rxUnits Stage = lsGenOverload
20:49:04.937     4,980s       9ms   4416    [AsyncGameResLoader Thread] Stopped
20:49:04.945     4,988s       8ms   4416    [AsyncGameResLoader MainTh] [LoadGameResources] DONE
                                      Loading campaign images.rxx for TUA
20:49:04.958     5,001s      13ms   4416    Resource loading state - Game
20:49:04.965     5,008s       7ms  16852    Custom - 1
20:49:04.971     5,014s       6ms   4416    Saving dev settings to file 'kmr_dev.xml'
20:49:05.005     5,048s      34ms   4416    <== Game creation is done ==>
20:49:05.011     5,054s       6ms   4416    GameStart
20:49:05.018     5,061s       7ms   4416    Loading DAT file: E:\programowanie\projekty delphi\kam_expansion\Maps\Nowa Misja 2\Nowa Misja 2.dat
20:49:05.025     5,068s       7ms   4416    Loading map file: E:\programowanie\projekty delphi\kam_expansion\Maps\Nowa Misja 2\Nowa Misja 2.map
20:49:05.030     5,073s       5ms   4416    Map file loaded
20:49:05.239     5,281s     208ms   4416    Gameplay recording initialized ... done
20:49:05.245     5,288s       7ms   4416    Game options: PT = 0; SpeedPT = 1; SpeedAfterPT = 1; Seed = 0; Difficulty = mdNone
20:49:05.251     5,294s       6ms   4416    Gameplay initialized ... done
20:49:05.257     5,300s       6ms   4416    After game start
20:49:05.262     5,305s       5ms   4416    Set game seed: 659370002
20:49:05.268     5,311s       6ms   4416    After game start ... done
                                      Loading campaign images.rxx for TMR
20:49:05.314     5,356s      45ms  16852    Custom - 1
20:50:20.187    80,229s   74873ms   4416    Saving dev settings to file 'kmr_dev.xml'
20:50:21.217    81,260s    1031ms   4416    Stopping game application...
20:50:21.245    81,287s      27ms   4416    Gameplay ended - grSilent /
20:50:21.252    81,295s       8ms   4416    Start saving 'Server settings' to 'C:\Users\szyby\OneDrive\Dokumenty\My Games\Knights and Merchants Remake\KaM Remake Server Settings.ini'
010a81ac KaM_Expansion.exe KM_Settings        106 TKMSettings.SaveToDefaultFile
010a827f KaM_Expansion.exe KM_Settings        113 TKMSettings.SaveToDefaultFile
010a7eb8 KaM_Expansion.exe KM_Settings         65 TKMSettings.Destroy
011e5bde KaM_Expansion.exe KM_ServerSettings  117 TKMServerSettings.Destroy
00b0a764 KaM_Expansion.exe System              23 TObject.Free
00dd8fbc KaM_Expansion.exe KromUtils          281 FreeThenNil
012b234f KaM_Expansion.exe KM_GameApp         330 TKMGameApp.Destroy
00b0a764 KaM_Expansion.exe System              23 TObject.Free
00dd8fbc KaM_Expansion.exe KromUtils          281 FreeThenNil
012bcf7d KaM_Expansion.exe KM_Main            376 TKMMain.Stop
012bd05c KaM_Expansion.exe KM_Main            405 TKMMain.Stop
01526cb5 KaM_Expansion.exe KM_FormMain       2212 TFormMain.FormClose
00d82df7 KaM_Expansion.exe Vcl.Forms              TCustomForm.DoClose
00d887e5 KaM_Expansion.exe Vcl.Forms              TCustomForm.Close
00d87424 KaM_Expansion.exe Vcl.Forms              TCustomForm.WMClose
00cd2cfa KaM_Expansion.exe Vcl.Controls           TControl.WndProc
00cd7ec1 KaM_Expansion.exe Vcl.Controls           TWinControl.WndProc
00d83a38 KaM_Expansion.exe Vcl.Forms              TCustomForm.WndProc
00d83a53 KaM_Expansion.exe Vcl.Forms              TCustomForm.WndProc
015267a1 KaM_Expansion.exe KM_FormMain       2051 TFormMain.WndProc

20:50:21.276    81,319s      24ms   4416    'Server settings' was successfully saved to 'C:\Users\szyby\OneDrive\Dokumenty\My Games\Knights and Merchants Remake\KaM Remake Server Settings.ini'
20:50:21.492    81,535s     216ms   4416    Start saving 'GameApp settings' to 'C:\Users\szyby\OneDrive\Dokumenty\My Games\Knights and Merchants Remake\KaM Remake Settings KingDyronMod.xml'
010a81ac KaM_Expansion.exe KM_Settings         106 TKMSettings.SaveToDefaultFile
010a827f KaM_Expansion.exe KM_Settings         113 TKMSettings.SaveToDefaultFile
010a7eb8 KaM_Expansion.exe KM_Settings          65 TKMSettings.Destroy
010a8612 KaM_Expansion.exe KM_SettingsXML       44 TKMSettingsXML.Destroy
010a893e KaM_Expansion.exe KM_GameAppSettings   57 TKMGameAppSettings.Destroy
00b0a764 KaM_Expansion.exe System               23 TObject.Free
00dd8fbc KaM_Expansion.exe KromUtils           281 FreeThenNil
012bcf87 KaM_Expansion.exe KM_Main             378 TKMMain.Stop
012bd05c KaM_Expansion.exe KM_Main             405 TKMMain.Stop
01526cb5 KaM_Expansion.exe KM_FormMain        2212 TFormMain.FormClose
00d82df7 KaM_Expansion.exe Vcl.Forms               TCustomForm.DoClose
00d887e5 KaM_Expansion.exe Vcl.Forms               TCustomForm.Close
00d87424 KaM_Expansion.exe Vcl.Forms               TCustomForm.WMClose
00cd2cfa KaM_Expansion.exe Vcl.Controls            TControl.WndProc
00cd7ec1 KaM_Expansion.exe Vcl.Controls            TWinControl.WndProc
00d83a38 KaM_Expansion.exe Vcl.Forms               TCustomForm.WndProc
00d83a53 KaM_Expansion.exe Vcl.Forms               TCustomForm.WndProc
015267a1 KaM_Expansion.exe KM_FormMain        2051 TFormMain.WndProc
00cd73cc KaM_Expansion.exe Vcl.Controls            TWinControl.MainWndProc
00cd73e7 KaM_Expansion.exe Vcl.Controls            TWinControl.MainWndProc

20:50:21.508    81,551s      16ms   4416    'GameApp settings' was successfully saved to 'C:\Users\szyby\OneDrive\Dokumenty\My Games\Knights and Merchants Remake\KaM Remake Settings KingDyronMod.xml'
