   Timestamp    Elapsed     Delta  Thread    Description
========================
    Date: 2025.01.05
========================
19:29:30.817     0,001s       1ms  16960    Log is up and running. Game version: KaM Expansion: Co-op & World Update
19:29:30.823     0,007s       6ms  16960    Game Load started
19:29:30.831     0,015s       8ms  16960    Start loading 'GameApp settings' from 'C:\Users\szyby\OneDrive\Dokumenty\My Games\Knights and Merchants Remake\KaM Remake Settings KingDyronMod.xml'
19:29:30.836     0,020s       5ms  16960    'GameApp settings' was successfully loaded from 'C:\Users\szyby\OneDrive\Dokumenty\My Games\Knights and Merchants Remake\KaM Remake Settings KingDyronMod.xml'
19:29:30.856     0,040s       6ms  16960    Start saving 'GameApp settings' to 'C:\Users\szyby\OneDrive\Dokumenty\My Games\Knights and Merchants Remake\KaM Remake Settings KingDyronMod.xml'
00a08298 KaM_Expansion.exe KM_Settings        106 TKMSettings.SaveToDefaultFile
00a0836b KaM_Expansion.exe KM_Settings        113 TKMSettings.SaveToDefaultFile
00a07f69 KaM_Expansion.exe KM_Settings         59 TKMSettings.Create
00a086a6 KaM_Expansion.exe KM_SettingsXML      38 TKMSettingsXML.Create
00a089e7 KaM_Expansion.exe KM_GameAppSettings  51 TKMGameAppSettings.Create
00c1c868 KaM_Expansion.exe KM_Main            258 TKMMain.Start
00c1cad7 KaM_Expansion.exe KM_Main            305 TKMMain.Start
00e9db2b KaM_Expansion.exe KaM_Expansion      480 initialization
00e9db5a KaM_Expansion.exe KaM_Expansion      483 initialization
76c97ba7 KERNEL32.DLL                             BaseThreadInitThunk

19:29:30.894     0,078s      38ms  16960    'GameApp settings' was successfully saved to 'C:\Users\szyby\OneDrive\Dokumenty\My Games\Knights and Merchants Remake\KaM Remake Settings KingDyronMod.xml'
19:29:30.919     0,103s      25ms  16960    Start loading 'Server settings' from 'C:\Users\szyby\OneDrive\Dokumenty\My Games\Knights and Merchants Remake\KaM Remake Server Settings.ini'
19:29:30.926     0,110s       7ms  16960    'Server settings' was successfully loaded from 'C:\Users\szyby\OneDrive\Dokumenty\My Games\Knights and Merchants Remake\KaM Remake Server Settings.ini'
19:29:30.932     0,116s       6ms  16960    Start saving 'Server settings' to 'C:\Users\szyby\OneDrive\Dokumenty\My Games\Knights and Merchants Remake\KaM Remake Server Settings.ini'
00a08298 KaM_Expansion.exe KM_Settings       106 TKMSettings.SaveToDefaultFile
00a0836b KaM_Expansion.exe KM_Settings       113 TKMSettings.SaveToDefaultFile
00a07f69 KaM_Expansion.exe KM_Settings        59 TKMSettings.Create
00b45b28 KaM_Expansion.exe KM_ServerSettings 109 TKMServerSettings.Create
00c11c1c KaM_Expansion.exe KM_GameApp        213 TKMGameApp.Create
00c1206e KaM_Expansion.exe KM_GameApp        295 TKMGameApp.Create
00c1dade KaM_Expansion.exe KM_Main           635 TKMMain.ReinitRender
00c1dcea KaM_Expansion.exe KM_Main           689 TKMMain.ReinitRender
00c1c97e KaM_Expansion.exe KM_Main           281 TKMMain.Start
00c1cad7 KaM_Expansion.exe KM_Main           305 TKMMain.Start
00e9db2b KaM_Expansion.exe KaM_Expansion     480 initialization
00e9db5a KaM_Expansion.exe KaM_Expansion     483 initialization
76c97ba7 KERNEL32.DLL                            BaseThreadInitThunk

19:29:30.946     0,130s      14ms  16960    'Server settings' was successfully saved to 'C:\Users\szyby\OneDrive\Dokumenty\My Games\Knights and Merchants Remake\KaM Remake Server Settings.ini'
19:29:30.953     0,137s       7ms  16960    Init Render started
19:29:31.110     0,294s     157ms  16960    GL_MAX_TEXTURE_SIZE = 32768
19:29:31.117     0,301s       7ms  16960    GL_MAX_VIEWPORT_DIM = 32768
                                      OpenGL Vendor: NVIDIA Corporation
                                      OpenGL Renderer: NVIDIA GeForce RTX 3060 Ti/PCIe/SSE2
                                      OpenGL Version: 4.6.0 NVIDIA 560.94
19:29:31.144     0,328s      27ms  16960    Init Render Done
19:29:31.150     0,334s       6ms  16960    Resource loading state - None
19:29:31.157     0,341s       7ms  16960    Reading palettes ... done
19:29:31.165     0,349s       8ms  16960    Reading GUI.rx
19:29:31.172     0,356s       7ms  16960    Load Sprites started
19:29:31.179     0,363s       6ms  16960    GUI - 966
19:29:31.201     0,385s      22ms  16960    Load Sprites Done
19:29:31.237     0,421s      36ms  16960    Reading GUIMain.rx
19:29:31.243     0,428s       7ms  16960    Load Sprites started
19:29:31.250     0,435s       7ms  16960    GUIMain - 105
19:29:31.301     0,485s      50ms  16960    Load Sprites Done
19:29:31.354     0,538s      53ms  16960    Reading Tileset.rx
19:29:31.361     0,545s       7ms  16960    Load Sprites started
19:29:31.368     0,552s       7ms  16960    Tileset - 5449
19:29:31.410     0,594s      42ms  16960    Load Sprites Done
19:29:31.417     0,601s       7ms  16960    GenerateTerrainTransitions started. Legacy = False
19:29:31.424     0,608s       7ms  16960    TexId = 5451 GenTilesCnt = 2100
19:29:31.429     0,613s       5ms  16960    TexId = 6051; TexId - fGenTexIdStartI = 600; uniqueTex = 600; totalTex = 1350
19:29:31.436     0,620s       7ms  16960    GeneratedMasks cnt = 20
19:29:31.443     0,627s       7ms  16960    GenerateTerrainTransitions Done
19:29:31.449     0,633s       6ms  16960    GenerateTerrainTransitions started. Legacy = True
19:29:31.455     0,639s       6ms  16960    Legacy: TexId = 4999 GenTilesCntTemp = 2030
19:29:31.461     0,646s       7ms  16960    TexId = 5463; TexId - fGenTexIdStartILegacy = 464; uniqueTex = 464; totalTex = 1044
19:29:31.468     0,653s       7ms  16960    GeneratedMasks cnt = 16
19:29:31.474     0,658s       5ms  16960    GenerateTerrainTransitions Done
19:29:31.586     0,770s     112ms  16960    Load font started
19:29:31.623     0,807s      37ms  16960    Font load took 37ms
19:29:31.629     0,813s       6ms  16960    Read fonts is done
19:29:31.647     0,831s      18ms  16960    ReadGFX is done
19:29:31.654     0,838s       7ms  16960    Resource loading state - Menu
19:29:31.661     0,845s       7ms  14040    OpenAL init started
19:29:32.307     1,491s     646ms  16960    Music init done, 24 tracks found
                                      Loading campaign images.rxx for HKS
19:29:32.332     1,516s      25ms  14608    Custom - 1
19:29:32.339     1,523s       7ms  14040    Pre-LoadSFX init ... done
19:29:32.345     1,529s       6ms  14040    ALC_MONO_SOURCES 255
19:29:32.353     1,537s       7ms  14040    ALC_STEREO_SOURCES 1
19:29:32.359     1,543s       6ms  16960    Main menu init done
19:29:32.365     1,549s       6ms  14040    OpenAL init done
19:29:32.386     1,570s      21ms  16960    Check game folder 'E:\programowanie\projekty delphi\kam_expansion\' generic permissions: READ: granted; WRITE: granted; EXECUTE: granted; folder is writable: 
19:29:32.394     1,578s       8ms  16960    LoadGameResources ... AlphaShadows: True. Forced: True
19:29:32.400     1,585s       7ms  16960    TKMResSprites.LoadGameResources
19:29:32.407     1,592s       7ms  16960    [AsyncGameResLoader Thread] Started
19:29:32.413     1,597s       5ms  16960    Resource loading state - Game
19:29:32.421     1,605s       8ms  16960    ToggleFullscreen
19:29:32.427     1,611s       6ms  16960    Form Width/Height: 1040:805
19:29:32.432     1,616s       5ms  16960    Panel Width/Height: 1024:766
19:29:32.439     1,623s       7ms  18208    [AsyncGameResLoader Thread] RT = rxTrees Stage = lsLoad
19:29:32.446     1,630s       7ms  18208    [AsyncGameResLoader Thread] Start Load RXX 'Trees.rxx'
19:29:32.453     1,637s       7ms  18208    Load Sprites started
19:29:32.461     1,645s       8ms  18208    Trees - 1216
19:29:32.474     1,658s      13ms  16960    Saving dev settings to file 'kmr_dev.xml'
                                      Loading campaign images.rxx for KSN
19:29:32.491     1,675s      17ms  14608    Custom - 1
19:29:32.498     1,682s       7ms  16960    Saving dev settings to file 'kmr_dev.xml'
19:29:32.505     1,689s       6ms  16960    Game Load Done in 1712
                                      Loading campaign images.rxx for KSO
19:29:32.561     1,746s      57ms  14608    Custom - 1
19:29:32.594     1,778s      32ms  18208    Load Sprites Done
                                      Loading campaign images.rxx for KSU
19:29:32.619     1,803s      25ms  14608    Custom - 1
                                      Loading campaign images.rxx for OFL
19:29:32.679     1,864s      60ms  14608    Custom - 1
19:29:32.693     1,878s      14ms  18208    [AsyncGameResLoader Thread] DONE Load RXX 'Trees.rxa'
19:29:32.702     1,886s       7ms  16960    [AsyncGameResLoader MainTh] [UpdateStateIdle] GenTextures RT = rxTrees Stage = lsGenMain
19:29:32.714     1,898s      12ms  16960    [AsyncGameResLoader MainTh] [UpdateStateIdle] DONE
19:29:32.721     1,905s       7ms  18208    [AsyncGameResLoader Thread] RT = rxTrees Stage = lsOverload
19:29:32.727     1,911s       6ms  18208    [AsyncGameResLoader Thread] OverloadFromFolder RT = rxTrees
                                      Loading campaign images.rxx for OER
19:29:32.748     1,932s      21ms  14608    Custom - 1
19:29:32.758     1,942s      10ms  18208    [AsyncGameResLoader Thread] DONE OverloadFromFolder RT = rxTrees
19:29:32.768     1,952s      10ms  16960    [AsyncGameResLoader MainTh] [UpdateStateIdle] GenTextures RT = rxTrees Stage = lsGenOverload
19:29:32.777     1,961s       8ms  16960    [AsyncGameResLoader MainTh] [UpdateStateIdle] DONE
19:29:32.785     1,969s       8ms  18208    [AsyncGameResLoader Thread] RT = rxHouses Stage = lsLoad
19:29:32.792     1,976s       7ms  18208    [AsyncGameResLoader Thread] Start Load RXX 'Houses.rxx'
19:29:32.799     1,983s       7ms  18208    Load Sprites started
                                      Loading campaign images.rxx for TBK
19:29:32.811     1,995s      12ms  18208    Houses - 2709
19:29:32.817     2,001s       6ms  14608    Custom - 1
                                      Loading campaign images.rxx for TPR
19:29:32.870     2,054s      53ms  14608    Custom - 1
                                      Loading campaign images.rxx for TSK
19:29:32.941     2,125s      71ms  14608    Custom - 1
                                      Loading campaign images.rxx for TUA
19:29:32.980     2,164s      39ms  14608    Custom - 1
19:29:32.992     2,176s      12ms  18208    Load Sprites Done
                                      Loading campaign images.rxx for TMR
19:29:33.129     2,313s     137ms  14608    Custom - 1
19:29:33.135     2,319s       6ms  18208    [AsyncGameResLoader Thread] DONE Load RXX 'Houses.rxa'
19:29:33.147     2,331s      12ms  16960    [AsyncGameResLoader MainTh] [UpdateStateIdle] GenTextures RT = rxHouses Stage = lsGenMain
19:29:33.161     2,345s      14ms  16960    [AsyncGameResLoader MainTh] [UpdateStateIdle] DONE
19:29:33.168     2,352s       7ms  18208    [AsyncGameResLoader Thread] RT = rxHouses Stage = lsOverload
19:29:33.174     2,358s       6ms  18208    [AsyncGameResLoader Thread] OverloadFromFolder RT = rxHouses
19:29:33.285     2,470s     112ms  18208    [AsyncGameResLoader Thread] DONE OverloadFromFolder RT = rxHouses
19:29:33.292     2,476s       6ms  16960    [AsyncGameResLoader MainTh] [UpdateStateIdle] GenTextures RT = rxHouses Stage = lsGenOverload
19:29:33.298     2,482s       6ms  16960    [AsyncGameResLoader MainTh] [UpdateStateIdle] DONE
19:29:33.305     2,490s       8ms  18208    [AsyncGameResLoader Thread] RT = rxUnits Stage = lsLoad
19:29:33.312     2,496s       6ms  18208    [AsyncGameResLoader Thread] Start Load RXX 'Units.rxx'
19:29:33.318     2,502s       6ms  18208    Load Sprites started
19:29:33.323     2,508s       6ms  18208    Units - 14845
19:29:34.125     3,309s     801ms  18208    Load Sprites Done
19:29:35.222     4,406s    1097ms  18208    [AsyncGameResLoader Thread] DONE Load RXX 'Units.rxa'
19:29:35.232     4,416s      10ms  16960    [AsyncGameResLoader MainTh] [UpdateStateIdle] GenTextures RT = rxUnits Stage = lsGenMain
19:29:35.306     4,490s      74ms  16960    [AsyncGameResLoader MainTh] [UpdateStateIdle] DONE
19:29:35.313     4,498s       8ms  18208    [AsyncGameResLoader Thread] RT = rxUnits Stage = lsOverload
19:29:35.320     4,505s       7ms  18208    [AsyncGameResLoader Thread] OverloadFromFolder RT = rxUnits
19:29:35.654     4,838s     333ms  18208    [AsyncGameResLoader Thread] DONE OverloadFromFolder RT = rxUnits
19:29:35.661     4,845s       7ms  16960    [AsyncGameResLoader MainTh] [UpdateStateIdle] GenTextures RT = rxUnits Stage = lsGenOverload
19:29:35.667     4,851s       6ms  16960    [AsyncGameResLoader Thread] Stopped
19:29:35.673     4,858s       6ms  16960    [AsyncGameResLoader MainTh] [UpdateStateIdle] DONE
19:29:41.398    10,582s    5724ms  16960    SetGameState from lgsNone to lgsNone
19:29:42.435    11,619s    1037ms  16960    Server: Listening on port 56789
19:29:42.442    11,626s       7ms  16960    SetGameState from lgsNone to lgsConnecting
19:29:42.451    11,635s       9ms  16960    Server: Host rights assigned to 15
19:29:42.458    11,642s       7ms  16960    Server: Client 15 has connected to room 0
19:29:42.483    11,667s      25ms  16960    SetGameState from lgsConnecting to lgsLobby
19:31:27.818   117,002s  105335ms  16960    Packet send:     mkDisconnect            to   OTHERS
19:31:27.825   117,009s       7ms  16960    SetGameState from lgsLobby to lgsNone
19:31:27.831   117,015s       6ms  16960    Stopped listening
19:31:28.951   118,135s    1120ms  16960    SetGameState from lgsNone to lgsNone
19:31:28.960   118,144s       9ms  16960    Stopped listening
19:32:37.310   186,495s   68351ms  16960    Saving dev settings to file 'kmr_dev.xml'
19:32:37.318   186,502s       7ms  16960    Stopping game application...
19:32:37.324   186,508s       6ms  16960    Start saving 'Server settings' to 'C:\Users\szyby\OneDrive\Dokumenty\My Games\Knights and Merchants Remake\KaM Remake Server Settings.ini'
00a08298 KaM_Expansion.exe KM_Settings        106 TKMSettings.SaveToDefaultFile
00a0836b KaM_Expansion.exe KM_Settings        113 TKMSettings.SaveToDefaultFile
00a07fa4 KaM_Expansion.exe KM_Settings         65 TKMSettings.Destroy
00b45b6e KaM_Expansion.exe KM_ServerSettings  117 TKMServerSettings.Destroy
0046a764 KaM_Expansion.exe System              23 TObject.Free
00738fbc KaM_Expansion.exe KromUtils          281 FreeThenNil
00c122cb KaM_Expansion.exe KM_GameApp         330 TKMGameApp.Destroy
0046a764 KaM_Expansion.exe System              23 TObject.Free
00738fbc KaM_Expansion.exe KromUtils          281 FreeThenNil
00c1cef9 KaM_Expansion.exe KM_Main            376 TKMMain.Stop
00c1cfd8 KaM_Expansion.exe KM_Main            405 TKMMain.Stop
00e8893d KaM_Expansion.exe KM_FormMain       2212 TFormMain.FormClose
006e2df7 KaM_Expansion.exe Vcl.Forms              TCustomForm.DoClose
006e87e5 KaM_Expansion.exe Vcl.Forms              TCustomForm.Close
006e7424 KaM_Expansion.exe Vcl.Forms              TCustomForm.WMClose
00632cfa KaM_Expansion.exe Vcl.Controls           TControl.WndProc
00637ec1 KaM_Expansion.exe Vcl.Controls           TWinControl.WndProc
006e3a38 KaM_Expansion.exe Vcl.Forms              TCustomForm.WndProc
006e3a53 KaM_Expansion.exe Vcl.Forms              TCustomForm.WndProc
00e88429 KaM_Expansion.exe KM_FormMain       2051 TFormMain.WndProc

19:32:37.345   186,529s      21ms  16960    'Server settings' was successfully saved to 'C:\Users\szyby\OneDrive\Dokumenty\My Games\Knights and Merchants Remake\KaM Remake Server Settings.ini'
19:32:37.564   186,748s     219ms  16960    Server destroyed
19:32:37.573   186,757s       9ms  16960    Start saving 'GameApp settings' to 'C:\Users\szyby\OneDrive\Dokumenty\My Games\Knights and Merchants Remake\KaM Remake Settings KingDyronMod.xml'
00a08298 KaM_Expansion.exe KM_Settings         106 TKMSettings.SaveToDefaultFile
00a0836b KaM_Expansion.exe KM_Settings         113 TKMSettings.SaveToDefaultFile
00a07fa4 KaM_Expansion.exe KM_Settings          65 TKMSettings.Destroy
00a086fe KaM_Expansion.exe KM_SettingsXML       44 TKMSettingsXML.Destroy
00a08a2a KaM_Expansion.exe KM_GameAppSettings   57 TKMGameAppSettings.Destroy
0046a764 KaM_Expansion.exe System               23 TObject.Free
00738fbc KaM_Expansion.exe KromUtils           281 FreeThenNil
00c1cf03 KaM_Expansion.exe KM_Main             378 TKMMain.Stop
00c1cfd8 KaM_Expansion.exe KM_Main             405 TKMMain.Stop
00e8893d KaM_Expansion.exe KM_FormMain        2212 TFormMain.FormClose
006e2df7 KaM_Expansion.exe Vcl.Forms               TCustomForm.DoClose
006e87e5 KaM_Expansion.exe Vcl.Forms               TCustomForm.Close
006e7424 KaM_Expansion.exe Vcl.Forms               TCustomForm.WMClose
00632cfa KaM_Expansion.exe Vcl.Controls            TControl.WndProc
00637ec1 KaM_Expansion.exe Vcl.Controls            TWinControl.WndProc
006e3a38 KaM_Expansion.exe Vcl.Forms               TCustomForm.WndProc
006e3a53 KaM_Expansion.exe Vcl.Forms               TCustomForm.WndProc
00e88429 KaM_Expansion.exe KM_FormMain        2051 TFormMain.WndProc
006373cc KaM_Expansion.exe Vcl.Controls            TWinControl.MainWndProc
006373e7 KaM_Expansion.exe Vcl.Controls            TWinControl.MainWndProc

19:32:37.588   186,772s      15ms  16960    'GameApp settings' was successfully saved to 'C:\Users\szyby\OneDrive\Dokumenty\My Games\Knights and Merchants Remake\KaM Remake Settings KingDyronMod.xml'
