   Timestamp    Elapsed     Delta  Thread    Description
========================
    Date: 2024.12.31
========================
14:32:37.112     0,001s       1ms  14328    Log is up and running. Game version: KaM Expansion: Co-op & World Update
14:32:37.118     0,006s       5ms  14328    Game Load started
14:32:37.131     0,019s      13ms  14328    Start loading 'GameApp settings' from 'C:\Users\szyby\OneDrive\Dokumenty\My Games\Knights and Merchants Remake\KaM Remake Settings KingDyronMod.xml'
14:32:37.136     0,024s       5ms  14328    'GameApp settings' was successfully loaded from 'C:\Users\szyby\OneDrive\Dokumenty\My Games\Knights and Merchants Remake\KaM Remake Settings KingDyronMod.xml'
14:32:37.142     0,030s       5ms  14328    Start saving 'GameApp settings' to 'C:\Users\szyby\OneDrive\Dokumenty\My Games\Knights and Merchants Remake\KaM Remake Settings KingDyronMod.xml'
00693600 KaM_Expansion.exe KM_Settings        106 TKMSettings.SaveToDefaultFile
006936d3 KaM_Expansion.exe KM_Settings        113 TKMSettings.SaveToDefaultFile
006932d1 KaM_Expansion.exe KM_Settings         59 TKMSettings.Create
00693a0e KaM_Expansion.exe KM_SettingsXML      38 TKMSettingsXML.Create
00693d4f KaM_Expansion.exe KM_GameAppSettings  51 TKMGameAppSettings.Create
008af6fc KaM_Expansion.exe KM_Main            258 TKMMain.Start
008af980 KaM_Expansion.exe KM_Main            305 TKMMain.Start
00b2db2b KaM_Expansion.exe KaM_Expansion      479 initialization
00b2db5a KaM_Expansion.exe KaM_Expansion      482 initialization
772b7ba7 KERNEL32.DLL                             BaseThreadInitThunk

14:32:37.180     0,068s      38ms  14328    'GameApp settings' was successfully saved to 'C:\Users\szyby\OneDrive\Dokumenty\My Games\Knights and Merchants Remake\KaM Remake Settings KingDyronMod.xml'
14:32:37.210     0,098s      30ms  14328    Start loading 'Server settings' from 'C:\Users\szyby\OneDrive\Dokumenty\My Games\Knights and Merchants Remake\KaM Remake Server Settings.ini'
14:32:37.215     0,104s       6ms  14328    'Server settings' was successfully loaded from 'C:\Users\szyby\OneDrive\Dokumenty\My Games\Knights and Merchants Remake\KaM Remake Server Settings.ini'
14:32:37.222     0,111s       7ms  14328    Start saving 'Server settings' to 'C:\Users\szyby\OneDrive\Dokumenty\My Games\Knights and Merchants Remake\KaM Remake Server Settings.ini'
00693600 KaM_Expansion.exe KM_Settings       106 TKMSettings.SaveToDefaultFile
006936d3 KaM_Expansion.exe KM_Settings       113 TKMSettings.SaveToDefaultFile
006932d1 KaM_Expansion.exe KM_Settings        59 TKMSettings.Create
007d8974 KaM_Expansion.exe KM_ServerSettings 109 TKMServerSettings.Create
008a4a7c KaM_Expansion.exe KM_GameApp        213 TKMGameApp.Create
008a4ece KaM_Expansion.exe KM_GameApp        295 TKMGameApp.Create
008b09a6 KaM_Expansion.exe KM_Main           635 TKMMain.ReinitRender
008b0bb2 KaM_Expansion.exe KM_Main           689 TKMMain.ReinitRender
008af812 KaM_Expansion.exe KM_Main           281 TKMMain.Start
008af980 KaM_Expansion.exe KM_Main           305 TKMMain.Start
00b2db2b KaM_Expansion.exe KaM_Expansion     479 initialization
00b2db5a KaM_Expansion.exe KaM_Expansion     482 initialization
772b7ba7 KERNEL32.DLL                            BaseThreadInitThunk

14:32:37.234     0,122s      11ms  14328    'Server settings' was successfully saved to 'C:\Users\szyby\OneDrive\Dokumenty\My Games\Knights and Merchants Remake\KaM Remake Server Settings.ini'
14:32:37.242     0,130s       8ms  14328    Init Render started
14:32:37.376     0,264s     134ms  14328    GL_MAX_TEXTURE_SIZE = 32768
14:32:37.382     0,270s       6ms  14328    GL_MAX_VIEWPORT_DIM = 32768
                                      OpenGL Vendor: NVIDIA Corporation
                                      OpenGL Renderer: NVIDIA GeForce RTX 3060 Ti/PCIe/SSE2
                                      OpenGL Version: 4.6.0 NVIDIA 560.81
14:32:37.408     0,297s      27ms  14328    Init Render Done
14:32:37.414     0,303s       6ms  14328    Resource loading state - None
14:32:37.422     0,310s       7ms  14328    Reading palettes ... done
14:32:37.430     0,319s       9ms  14328    Reading GUI.rx
14:32:37.438     0,326s       7ms  14328    Load Sprites started
14:32:37.444     0,332s       6ms  14328    GUI - 966
14:32:37.463     0,351s      19ms  14328    Load Sprites Done
14:32:37.497     0,385s      34ms  14328    Reading GUIMain.rx
14:32:37.504     0,392s       7ms  14328    Load Sprites started
14:32:37.511     0,399s       7ms  14328    GUIMain - 105
14:32:37.561     0,449s      50ms  14328    Load Sprites Done
14:32:37.617     0,505s      56ms  14328    Reading Tileset.rx
14:32:37.624     0,512s       7ms  14328    Load Sprites started
14:32:37.631     0,519s       7ms  14328    Tileset - 5449
14:32:37.667     0,555s      36ms  14328    Load Sprites Done
14:32:37.674     0,562s       7ms  14328    GenerateTerrainTransitions started. Legacy = False
14:32:37.680     0,568s       6ms  14328    TexId = 5451 GenTilesCnt = 2100
14:32:37.697     0,586s       7ms  14328    TexId = 6051; TexId - fGenTexIdStartI = 600; uniqueTex = 600; totalTex = 1350
14:32:37.704     0,593s       7ms  14328    GeneratedMasks cnt = 20
14:32:37.710     0,598s       5ms  14328    GenerateTerrainTransitions Done
14:32:37.716     0,605s       7ms  14328    GenerateTerrainTransitions started. Legacy = True
14:32:37.723     0,612s       7ms  14328    Legacy: TexId = 4999 GenTilesCntTemp = 2030
14:32:37.730     0,618s       6ms  14328    TexId = 5463; TexId - fGenTexIdStartILegacy = 464; uniqueTex = 464; totalTex = 1044
14:32:37.738     0,626s       7ms  14328    GeneratedMasks cnt = 16
14:32:37.743     0,632s       6ms  14328    GenerateTerrainTransitions Done
14:32:37.851     0,740s     108ms  14328    Load font started
14:32:37.888     0,776s      36ms  14328    Font load took 36ms
14:32:37.895     0,783s       7ms  14328    Read fonts is done
14:32:37.913     0,801s      18ms  14328    ReadGFX is done
14:32:37.919     0,808s       7ms  14328    Resource loading state - Menu
14:32:37.927     0,815s       7ms   2884    OpenAL init started
14:32:38.562     1,450s     634ms  14328    Music init done, 24 tracks found
                                      Loading campaign images.rxx for HKS
14:32:38.588     1,476s      26ms  21264    Custom - 1
14:32:38.596     1,484s       8ms   2884    Pre-LoadSFX init ... done
14:32:38.603     1,491s       7ms   2884    ALC_MONO_SOURCES 255
14:32:38.609     1,497s       6ms   2884    ALC_STEREO_SOURCES 1
14:32:38.614     1,502s       5ms  14328    Main menu init done
14:32:38.622     1,510s       8ms   2884    OpenAL init done
14:32:38.643     1,531s      21ms  14328    Check game folder 'E:\programowanie\projekty delphi\kam_expansion\' generic permissions: READ: granted; WRITE: granted; EXECUTE: granted; folder is writable: 
14:32:38.650     1,539s       8ms  14328    LoadGameResources ... AlphaShadows: True. Forced: True
14:32:38.657     1,545s       6ms  14328    TKMResSprites.LoadGameResources
14:32:38.663     1,551s       6ms  14328    [AsyncGameResLoader Thread] Started
14:32:38.669     1,558s       7ms  14328    Resource loading state - Game
14:32:38.675     1,564s       6ms  14328    ToggleFullscreen
14:32:38.682     1,570s       6ms  14328    Form Width/Height: 1040:830
14:32:38.687     1,576s       6ms  14328    Panel Width/Height: 1024:791
14:32:38.694     1,583s       7ms  19104    [AsyncGameResLoader Thread] RT = rxTrees Stage = lsLoad
14:32:38.702     1,590s       7ms  19104    [AsyncGameResLoader Thread] Start Load RXX 'Trees.rxx'
14:32:38.708     1,597s       7ms  19104    Load Sprites started
14:32:38.716     1,604s       7ms  19104    Trees - 1216
                                      Loading campaign images.rxx for KSN
14:32:38.736     1,624s      20ms  21264    Custom - 1
14:32:38.744     1,632s       8ms  14328    Saving dev settings to file 'kmr_dev.xml'
14:32:38.778     1,666s      34ms  14328    Saving dev settings to file 'kmr_dev.xml'
14:32:38.785     1,673s       6ms  14328    Game Load Done in 1697
                                      Loading campaign images.rxx for KSO
14:32:38.816     1,704s      31ms  21264    Custom - 1
                                      Loading campaign images.rxx for KSU
14:32:38.879     1,767s      63ms  21264    Custom - 1
14:32:38.886     1,774s       7ms  19104    Load Sprites Done
                                      Loading campaign images.rxx for OFL
14:32:38.929     1,817s      43ms  21264    Custom - 1
                                      Loading campaign images.rxx for OER
14:32:38.971     1,859s      41ms  21264    Custom - 1
14:32:38.989     1,878s      19ms  19104    [AsyncGameResLoader Thread] DONE Load RXX 'Trees.rxa'
                                      Loading campaign images.rxx for TBK
14:32:39.006     1,894s      16ms  21264    Custom - 1
14:32:39.012     1,900s       6ms  14328    [AsyncGameResLoader MainTh] [UpdateStateIdle] GenTextures RT = rxTrees Stage = lsGenMain
14:32:39.023     1,911s      11ms  14328    [AsyncGameResLoader MainTh] [UpdateStateIdle] DONE
14:32:39.030     1,918s       7ms  19104    [AsyncGameResLoader Thread] RT = rxTrees Stage = lsOverload
14:32:39.036     1,924s       6ms  19104    [AsyncGameResLoader Thread] OverloadFromFolder RT = rxTrees
14:32:39.048     1,936s      12ms  19104    [AsyncGameResLoader Thread] DONE OverloadFromFolder RT = rxTrees
14:32:39.066     1,954s      13ms  14328    [AsyncGameResLoader MainTh] [UpdateStateIdle] GenTextures RT = rxTrees Stage = lsGenOverload
14:32:39.072     1,960s       6ms  14328    [AsyncGameResLoader MainTh] [UpdateStateIdle] DONE
14:32:39.079     1,967s       7ms  19104    [AsyncGameResLoader Thread] RT = rxHouses Stage = lsLoad
14:32:39.086     1,974s       7ms  19104    [AsyncGameResLoader Thread] Start Load RXX 'Houses.rxx'
14:32:39.092     1,980s       6ms  19104    Load Sprites started
                                      Loading campaign images.rxx for TPR
14:32:39.106     1,994s      14ms  19104    Houses - 2709
14:32:39.112     2,001s       7ms  21264    Custom - 1
                                      Loading campaign images.rxx for TSK
14:32:39.155     2,043s      42ms  21264    Custom - 1
                                      Loading campaign images.rxx for TUA
14:32:39.188     2,076s      33ms  21264    Custom - 1
14:32:39.284     2,172s      96ms  19104    Load Sprites Done
                                      Loading campaign images.rxx for TMR
14:32:39.336     2,224s      52ms  21264    Custom - 1
14:32:39.418     2,306s      82ms  19104    [AsyncGameResLoader Thread] DONE Load RXX 'Houses.rxa'
14:32:39.477     2,365s      59ms  14328    [AsyncGameResLoader MainTh] [UpdateStateIdle] GenTextures RT = rxHouses Stage = lsGenMain
14:32:39.490     2,378s      13ms  14328    [AsyncGameResLoader MainTh] [UpdateStateIdle] DONE
14:32:39.498     2,386s       8ms  19104    [AsyncGameResLoader Thread] RT = rxHouses Stage = lsOverload
14:32:39.505     2,393s       7ms  19104    [AsyncGameResLoader Thread] OverloadFromFolder RT = rxHouses
14:32:39.603     2,491s      98ms  19104    [AsyncGameResLoader Thread] DONE OverloadFromFolder RT = rxHouses
14:32:39.610     2,498s       7ms  14328    [AsyncGameResLoader MainTh] [UpdateStateIdle] GenTextures RT = rxHouses Stage = lsGenOverload
14:32:39.617     2,505s       6ms  14328    [AsyncGameResLoader MainTh] [UpdateStateIdle] DONE
14:32:39.624     2,512s       7ms  19104    [AsyncGameResLoader Thread] RT = rxUnits Stage = lsLoad
14:32:39.632     2,520s       6ms  19104    [AsyncGameResLoader Thread] Start Load RXX 'Units.rxx'
14:32:39.638     2,526s       6ms  19104    Load Sprites started
14:32:39.644     2,532s       6ms  19104    Units - 14845
14:32:39.804     2,693s     161ms  20128    Error while loading game info from save of unsupported version r15833
14:32:39.811     2,699s       6ms  20128    Error while loading game info from save of unsupported version r15833
14:32:39.818     2,706s       7ms  20128    Error while loading game info from save of unsupported version r15833
14:32:39.824     2,712s       6ms  20128    Error while loading game info from save of unsupported version r15833
14:32:39.831     2,719s       7ms  20128    Error while loading game info from save of unsupported version r15833
14:32:39.842     2,730s      11ms  20128    Error while loading game info from save of unsupported version r15833
14:32:39.848     2,736s       6ms  20128    Error while loading game info from save of unsupported version r15833
14:32:39.854     2,742s       6ms  20128    Error while loading game info from save of unsupported version r15833
14:32:39.862     2,750s       8ms  20128    Error while loading game info from save of unsupported version r15833
14:32:39.868     2,756s       6ms  20128    Error loading save 'Bridge Disaster'
14:32:39.874     2,762s       6ms  20128    Error loading save 'Bridge Disaster 2024-07-21 #1'
14:32:39.881     2,769s       7ms  20128    Error loading save 'Bridge Disaster 2024-07-22 #1'
14:32:39.888     2,776s       7ms  20128    Error loading save 'Bridge Disaster 2024-07-24 #1'
14:32:39.894     2,782s       6ms  20128    Error while loading game info from save of unsupported version r15833
14:32:39.901     2,789s       7ms  20128    Error loading save 'Nowa Misja 2024-08-11 #1'
14:32:39.912     2,800s      11ms  20128    Error loading save 'Nowa Misja 2024-08-11 #2'
14:32:39.919     2,807s       7ms  20128    Error loading save 'Nowa Misja 2024-08-11 #3'
14:32:39.926     2,814s       7ms  20128    Error loading save 'TMR09 2024-08-05 #1'
14:32:39.932     2,820s       6ms  20128    Error loading save 'TSK 1 2024-10-30 #2'
14:32:39.944     2,832s      12ms  20128    Error loading save 'TSK 18 2024-10-30 #6'
14:32:39.950     2,838s       6ms  20128    Error loading save 'TSK 2 2024-10-30 #5'
14:32:39.957     2,846s       8ms  20128    Error loading save 'TSK 20 2024-10-30 #1'
14:32:39.963     2,852s       6ms  20128    Error loading save 'TSK 3 2024-10-30 #3'
14:32:39.970     2,858s       6ms  20128    Error loading save 'TSK 6 2024-10-30 #4'
14:32:39.977     2,866s       8ms  20128    Error loading save 'TUA22'
14:32:40.165     3,053s     187ms  19104    Load Sprites Done
14:32:40.919     3,807s     754ms  14328    LoadGameResources ... AlphaShadows: True. Forced: False
14:32:40.933     3,821s      14ms  14328    TKMResSprites.LoadGameResources
14:32:41.263     4,151s     330ms  19104    [AsyncGameResLoader Thread] DONE Load RXX 'Units.rxa'
14:32:41.270     4,158s       6ms  14328    [AsyncGameResLoader MainTh] [LoadGameResources] GenTextures RT = rxUnits Stage = lsGenMain
14:32:41.329     4,218s      60ms  14328    [AsyncGameResLoader MainTh] [LoadGameResources] DONE
14:32:41.336     4,224s       6ms  19104    [AsyncGameResLoader Thread] RT = rxUnits Stage = lsOverload
14:32:41.342     4,230s       6ms  19104    [AsyncGameResLoader Thread] OverloadFromFolder RT = rxUnits
14:32:41.348     4,236s       6ms  19104    [AsyncGameResLoader Thread] DONE OverloadFromFolder RT = rxUnits
14:32:41.354     4,242s       6ms  14328    [AsyncGameResLoader MainTh] [LoadGameResources] GenTextures RT = rxUnits Stage = lsGenOverload
14:32:41.359     4,247s       5ms  14328    [AsyncGameResLoader Thread] Stopped
14:32:41.364     4,252s       5ms  14328    [AsyncGameResLoader MainTh] [LoadGameResources] DONE
14:32:41.371     4,259s       7ms  14328    Resource loading state - Game
14:32:41.378     4,266s       7ms  14328    Saving dev settings to file 'kmr_dev.xml'
14:32:41.428     4,317s      51ms  14328    <== Game creation is done ==>
14:32:41.434     4,323s       6ms  14328    Loading game from: E:\programowanie\projekty delphi\kam_expansion\Saves\autosave03\autosave03.sav
14:32:41.453     4,342s      19ms  14328    Terrain loaded
14:32:41.493     4,381s      39ms  14328    Interface loaded
14:32:41.500     4,388s       7ms  14328    Set game seed: 1629164483
14:32:41.644     4,533s     145ms  14328    Loading game ... done
14:32:41.651     4,539s       6ms  14328    After game loading
14:32:41.722     4,610s      71ms  14328    Game options: PT = 0; SpeedPT = 1; SpeedAfterPT = 1; Seed = 0; Difficulty = mdNone
14:32:41.729     4,617s       7ms  14328    After game loading ... done
14:32:44.309     7,197s    2580ms   4456    Error while loading game info from save of unsupported version r15833
14:32:44.316     7,204s       7ms   4456    Error while loading game info from save of unsupported version r15833
14:32:44.322     7,210s       6ms   4456    Error while loading game info from save of unsupported version r15833
14:32:44.330     7,218s       8ms   4456    Error while loading game info from save of unsupported version r15833
14:32:44.336     7,224s       6ms   4456    Error while loading game info from save of unsupported version r15833
14:32:44.343     7,231s       7ms   4456    Error while loading game info from save of unsupported version r15833
14:32:44.349     7,237s       6ms   4456    Error while loading game info from save of unsupported version r15833
14:32:44.356     7,244s       7ms   4456    Error while loading game info from save of unsupported version r15833
14:32:44.362     7,250s       6ms   4456    Error while loading game info from save of unsupported version r15833
14:32:44.368     7,257s       7ms   4456    Error loading save 'Bridge Disaster'
14:32:44.377     7,265s       8ms   4456    Error loading save 'Bridge Disaster 2024-07-21 #1'
14:32:44.383     7,271s       6ms   4456    Error loading save 'Bridge Disaster 2024-07-22 #1'
14:32:44.391     7,279s       8ms   4456    Error loading save 'Bridge Disaster 2024-07-24 #1'
14:32:44.397     7,285s       6ms   4456    Error while loading game info from save of unsupported version r15833
14:32:44.403     7,291s       6ms   4456    Error loading save 'Nowa Misja 2024-08-11 #1'
14:32:44.410     7,298s       6ms   4456    Error loading save 'Nowa Misja 2024-08-11 #2'
14:32:44.417     7,305s       7ms   4456    Error loading save 'Nowa Misja 2024-08-11 #3'
14:32:44.424     7,312s       7ms   4456    Error loading save 'TMR09 2024-08-05 #1'
14:32:44.431     7,319s       7ms   4456    Error loading save 'TSK 1 2024-10-30 #2'
14:32:44.437     7,326s       7ms   4456    Error loading save 'TSK 18 2024-10-30 #6'
14:32:44.443     7,332s       6ms   4456    Error loading save 'TSK 2 2024-10-30 #5'
14:32:44.450     7,338s       6ms   4456    Error loading save 'TSK 20 2024-10-30 #1'
14:32:44.458     7,346s       8ms   4456    Error loading save 'TSK 3 2024-10-30 #3'
14:32:44.464     7,352s       6ms   4456    Error loading save 'TSK 6 2024-10-30 #4'
14:32:44.471     7,359s       6ms   4456    Error loading save 'TUA22'
14:32:45.251     8,139s     780ms  14328    Gameplay ended - grSilent /
14:32:45.269     8,157s      18ms  14328    LoadGameResources ... AlphaShadows: True. Forced: False
14:32:45.276     8,164s       7ms  14328    Resource loading state - Game
14:32:45.304     8,192s      28ms  14328    Saving dev settings to file 'kmr_dev.xml'
14:32:45.359     8,247s      55ms  14328    <== Game creation is done ==>
14:32:45.366     8,254s       7ms  14328    Loading game from: E:\programowanie\projekty delphi\kam_expansion\Saves\autosave04\autosave04.sav
14:32:45.384     8,272s      18ms  14328    Terrain loaded
14:32:45.423     8,311s      39ms  14328    Interface loaded
14:32:45.430     8,318s       7ms  14328    Set game seed: 469232150
14:32:45.596     8,484s     166ms  14328    Loading game ... done
14:32:45.602     8,490s       6ms  14328    After game loading
14:32:45.640     8,528s      38ms  14328    Game options: PT = 0; SpeedPT = 1; SpeedAfterPT = 1; Seed = 0; Difficulty = mdNone
14:32:45.647     8,535s       7ms  14328    After game loading ... done
14:32:47.943    10,831s    2296ms  20608    Error while loading game info from save of unsupported version r15833
14:32:47.950    10,838s       7ms  20608    Error while loading game info from save of unsupported version r15833
14:32:47.957    10,845s       7ms  20608    Error while loading game info from save of unsupported version r15833
14:32:47.964    10,852s       7ms  20608    Error while loading game info from save of unsupported version r15833
14:32:47.971    10,859s       7ms  20608    Error while loading game info from save of unsupported version r15833
14:32:47.977    10,866s       7ms  20608    Error while loading game info from save of unsupported version r15833
14:32:47.983    10,872s       6ms  20608    Error while loading game info from save of unsupported version r15833
14:32:47.990    10,878s       6ms  20608    Error while loading game info from save of unsupported version r15833
14:32:47.997    10,886s       8ms  20608    Error while loading game info from save of unsupported version r15833
14:32:48.004    10,893s       7ms  20608    Error loading save 'Bridge Disaster'
14:32:48.011    10,899s       6ms  20608    Error loading save 'Bridge Disaster 2024-07-21 #1'
14:32:48.018    10,906s       7ms  20608    Error loading save 'Bridge Disaster 2024-07-22 #1'
14:32:48.025    10,913s       7ms  20608    Error loading save 'Bridge Disaster 2024-07-24 #1'
14:32:48.031    10,919s       6ms  20608    Error while loading game info from save of unsupported version r15833
14:32:48.037    10,926s       7ms  20608    Error loading save 'Nowa Misja 2024-08-11 #1'
14:32:48.044    10,933s       7ms  20608    Error loading save 'Nowa Misja 2024-08-11 #2'
14:32:48.050    10,938s       5ms  20608    Error loading save 'Nowa Misja 2024-08-11 #3'
14:32:48.057    10,946s       8ms  20608    Error loading save 'TMR09 2024-08-05 #1'
14:32:48.064    10,953s       7ms  20608    Error loading save 'TSK 1 2024-10-30 #2'
14:32:48.070    10,958s       5ms  20608    Error loading save 'TSK 18 2024-10-30 #6'
14:32:48.076    10,965s       7ms  20608    Error loading save 'TSK 2 2024-10-30 #5'
14:32:48.082    10,971s       6ms  20608    Error loading save 'TSK 20 2024-10-30 #1'
14:32:48.089    10,977s       6ms  20608    Error loading save 'TSK 3 2024-10-30 #3'
14:32:48.096    10,984s       7ms  20608    Error loading save 'TSK 6 2024-10-30 #4'
14:32:48.103    10,991s       7ms  20608    Error loading save 'TUA22'
14:32:48.986    11,875s     884ms  14328    Gameplay ended - grSilent /
14:32:49.002    11,890s      15ms  14328    LoadGameResources ... AlphaShadows: True. Forced: False
14:32:49.009    11,897s       7ms  14328    Resource loading state - Game
14:32:49.037    11,925s      28ms  14328    Saving dev settings to file 'kmr_dev.xml'
14:32:49.092    11,981s      56ms  14328    <== Game creation is done ==>
14:32:49.099    11,987s       6ms  14328    Loading game from: E:\programowanie\projekty delphi\kam_expansion\Saves\autosave05\autosave05.sav
14:32:49.117    12,006s      19ms  14328    Terrain loaded
14:32:49.154    12,042s      36ms  14328    Interface loaded
14:32:49.161    12,049s       7ms  14328    Set game seed: 2011929206
14:32:49.305    12,193s     144ms  14328    Loading game ... done
14:32:49.312    12,200s       7ms  14328    After game loading
14:32:49.351    12,239s      39ms  14328    Game options: PT = 0; SpeedPT = 1; SpeedAfterPT = 1; Seed = 0; Difficulty = mdNone
14:32:49.358    12,246s       7ms  14328    After game loading ... done
14:33:32.891    55,779s   43533ms  14328    Issue gicGameAutoSave command at tick 43200
14:33:32.899    55,787s       7ms  14328    Saving game at tick 43200 to 'E:\programowanie\projekty delphi\kam_expansion\Saves\autosave\autosave.sav'
14:33:50.542    73,430s   17643ms  14328    Issue gicGameAutoSave command at tick 43800
14:33:50.551    73,439s       9ms  14328    Saving game at tick 43800 to 'E:\programowanie\projekty delphi\kam_expansion\Saves\autosave\autosave.sav'
14:34:10.524    93,412s   19973ms  14328    Issue gicGameAutoSave command at tick 44400
14:34:10.531    93,419s       7ms  14328    Saving game at tick 44400 to 'E:\programowanie\projekty delphi\kam_expansion\Saves\autosave\autosave.sav'
14:34:44.111   126,999s   33580ms  14328    Make savepoint at tick 44999
14:34:44.131   127,019s      20ms  14328    Issue gicGameAutoSave command at tick 45000
14:34:44.139   127,027s       8ms  14328    Saving game at tick 45000 to 'E:\programowanie\projekty delphi\kam_expansion\Saves\autosave\autosave.sav'
14:35:04.852   147,740s   20713ms  14328    Issue gicGameAutoSave command at tick 45600
14:35:04.859   147,747s       7ms  14328    Saving game at tick 45600 to 'E:\programowanie\projekty delphi\kam_expansion\Saves\autosave\autosave.sav'
14:35:37.194   180,082s   32335ms  14328    Issue gicGameAutoSave command at tick 46200
14:35:37.202   180,090s       7ms  14328    Saving game at tick 46200 to 'E:\programowanie\projekty delphi\kam_expansion\Saves\autosave\autosave.sav'
14:35:48.170   191,058s   10968ms  14328    Issue gicGameAutoSave command at tick 46800
14:35:48.178   191,067s       9ms  14328    Saving game at tick 46800 to 'E:\programowanie\projekty delphi\kam_expansion\Saves\autosave\autosave.sav'
14:36:04.468   207,356s   16289ms  14328    Issue gicGameAutoSave command at tick 47400
14:36:04.475   207,363s       7ms  14328    Saving game at tick 47400 to 'E:\programowanie\projekty delphi\kam_expansion\Saves\autosave\autosave.sav'
14:36:19.643   222,531s   15168ms  14328    Issue gicGameAutoSave command at tick 48000
14:36:19.649   222,537s       6ms  14328    Saving game at tick 48000 to 'E:\programowanie\projekty delphi\kam_expansion\Saves\autosave\autosave.sav'
14:36:26.411   229,299s    6762ms  14328    Issue gicGameAutoSave command at tick 48600
14:36:26.417   229,305s       6ms  14328    Saving game at tick 48600 to 'E:\programowanie\projekty delphi\kam_expansion\Saves\autosave\autosave.sav'
14:36:37.870   240,758s   11453ms  14328    Issue gicGameAutoSave command at tick 49200
14:36:37.877   240,765s       7ms  14328    Saving game at tick 49200 to 'E:\programowanie\projekty delphi\kam_expansion\Saves\autosave\autosave.sav'
14:36:50.170   253,058s   12293ms  14328    Issue gicGameAutoSave command at tick 49800
14:36:50.179   253,067s       9ms  14328    Saving game at tick 49800 to 'E:\programowanie\projekty delphi\kam_expansion\Saves\autosave\autosave.sav'
14:36:59.930   262,818s    9751ms  14328    Issue gicGameAutoSave command at tick 50400
14:36:59.937   262,825s       7ms  14328    Saving game at tick 50400 to 'E:\programowanie\projekty delphi\kam_expansion\Saves\autosave\autosave.sav'
14:37:21.274   284,162s   21337ms  14328    Issue gicGameAutoSave command at tick 51000
14:37:21.282   284,170s       8ms  14328    Saving game at tick 51000 to 'E:\programowanie\projekty delphi\kam_expansion\Saves\autosave\autosave.sav'
14:37:35.659   298,547s   14377ms  14328    Issue gicGameAutoSave command at tick 51600
14:37:35.666   298,554s       7ms  14328    Saving game at tick 51600 to 'E:\programowanie\projekty delphi\kam_expansion\Saves\autosave\autosave.sav'
14:37:50.247   313,135s   14581ms  14328    Issue gicGameAutoSave command at tick 52200
14:37:50.258   313,146s      11ms  14328    Saving game at tick 52200 to 'E:\programowanie\projekty delphi\kam_expansion\Saves\autosave\autosave.sav'
14:38:04.410   327,298s   14152ms  14328    Issue gicGameAutoSave command at tick 52800
14:38:04.416   327,304s       6ms  14328    Saving game at tick 52800 to 'E:\programowanie\projekty delphi\kam_expansion\Saves\autosave\autosave.sav'
14:38:15.231   338,119s   10814ms  14328    Issue gicGameAutoSave command at tick 53400
14:38:15.237   338,125s       6ms  14328    Saving game at tick 53400 to 'E:\programowanie\projekty delphi\kam_expansion\Saves\autosave\autosave.sav'
14:38:39.653   362,541s   24414ms  14328    Saving dev settings to file 'kmr_dev.xml'
14:38:43.449   366,338s    3797ms  14328    Make savepoint at tick 53999
14:38:43.564   366,453s     115ms  14328    Issue gicGameAutoSave command at tick 54000
14:38:43.571   366,459s       6ms  14328    Saving game at tick 54000 to 'E:\programowanie\projekty delphi\kam_expansion\Saves\autosave\autosave.sav'
14:38:47.325   370,214s    3755ms  14328    Saving dev settings to file 'kmr_dev.xml'
14:38:55.204   378,092s    7878ms  14328    Saving dev settings to file 'kmr_dev.xml'
14:38:58.661   381,549s    3457ms  14328    Saving dev settings to file 'kmr_dev.xml'
14:39:08.914   391,802s   10253ms  14328    Issue gicGameAutoSave command at tick 54600
14:39:08.921   391,809s       7ms  14328    Saving game at tick 54600 to 'E:\programowanie\projekty delphi\kam_expansion\Saves\autosave\autosave.sav'
14:39:26.610   409,498s   17689ms  14328    Issue gicGameAutoSave command at tick 55200
14:39:26.617   409,505s       7ms  14328    Saving game at tick 55200 to 'E:\programowanie\projekty delphi\kam_expansion\Saves\autosave\autosave.sav'
14:39:48.946   431,834s   22329ms  14328    Issue gicGameAutoSave command at tick 55800
14:39:48.954   431,842s       8ms  14328    Saving game at tick 55800 to 'E:\programowanie\projekty delphi\kam_expansion\Saves\autosave\autosave.sav'
14:40:03.795   446,683s   14833ms  14328    Issue gicGameAutoSave command at tick 56400
14:40:03.805   446,693s      10ms  14328    Saving game at tick 56400 to 'E:\programowanie\projekty delphi\kam_expansion\Saves\autosave\autosave.sav'
14:40:15.576   458,464s   11771ms  14328    Issue gicGameAutoSave command at tick 57000
14:40:15.582   458,471s       7ms  14328    Saving game at tick 57000 to 'E:\programowanie\projekty delphi\kam_expansion\Saves\autosave\autosave.sav'
14:40:33.691   476,579s   18108ms  14328    Issue gicGameAutoSave command at tick 57600
14:40:33.697   476,586s       7ms  14328    Saving game at tick 57600 to 'E:\programowanie\projekty delphi\kam_expansion\Saves\autosave\autosave.sav'
14:41:01.751   504,639s   28053ms  14328    Issue gicGameAutoSave command at tick 58200
14:41:01.758   504,646s       7ms  14328    Saving game at tick 58200 to 'E:\programowanie\projekty delphi\kam_expansion\Saves\autosave\autosave.sav'
14:41:19.993   522,882s   18236ms  14328    Issue gicGameAutoSave command at tick 58800
14:41:20.001   522,890s       8ms  14328    Saving game at tick 58800 to 'E:\programowanie\projekty delphi\kam_expansion\Saves\autosave\autosave.sav'
14:41:30.890   533,778s   10888ms  14328    Issue gicGameAutoSave command at tick 59400
14:41:30.898   533,786s       7ms  14328    Saving game at tick 59400 to 'E:\programowanie\projekty delphi\kam_expansion\Saves\autosave\autosave.sav'
14:41:38.270   541,158s    7372ms  14328    Issue gicGameAutoSave command at tick 60000
14:41:38.277   541,165s       7ms  14328    Saving game at tick 60000 to 'E:\programowanie\projekty delphi\kam_expansion\Saves\autosave\autosave.sav'
14:41:47.229   550,117s    8952ms  14328    Issue gicGameAutoSave command at tick 60600
14:41:47.236   550,124s       7ms  14328    Saving game at tick 60600 to 'E:\programowanie\projekty delphi\kam_expansion\Saves\autosave\autosave.sav'
14:41:55.448   558,336s    8212ms  14328    Issue gicGameAutoSave command at tick 61200
14:41:55.455   558,343s       7ms  14328    Saving game at tick 61200 to 'E:\programowanie\projekty delphi\kam_expansion\Saves\autosave\autosave.sav'
14:42:00.462   563,350s    5007ms  14328    Saving dev settings to file 'kmr_dev.xml'
14:42:01.312   564,200s     850ms  14328    Saving dev settings to file 'kmr_dev.xml'
14:42:01.641   564,530s     330ms  14328    Saving dev settings to file 'kmr_dev.xml'
14:42:02.253   565,141s     611ms  14328    Saving dev settings to file 'kmr_dev.xml'
14:42:02.870   565,758s     617ms  14328    Saving dev settings to file 'kmr_dev.xml'
14:42:03.151   566,039s     281ms  14328    Saving dev settings to file 'kmr_dev.xml'
14:42:18.080   580,969s   14930ms  14328    Issue gicGameAutoSave command at tick 61800
14:42:18.086   580,975s       6ms  14328    Saving game at tick 61800 to 'E:\programowanie\projekty delphi\kam_expansion\Saves\autosave\autosave.sav'
14:42:40.851   603,739s   22764ms  14328    Issue gicGameAutoSave command at tick 62400
14:42:40.858   603,746s       7ms  14328    Saving game at tick 62400 to 'E:\programowanie\projekty delphi\kam_expansion\Saves\autosave\autosave.sav'
14:42:54.849   617,737s   13991ms  14328    Make savepoint at tick 62999
14:42:54.858   617,746s       8ms  14328    Issue gicGameAutoSave command at tick 63000
14:42:54.864   617,752s       6ms  14328    Saving game at tick 63000 to 'E:\programowanie\projekty delphi\kam_expansion\Saves\autosave\autosave.sav'
14:42:59.097   621,985s    4233ms  14328    Saving dev settings to file 'kmr_dev.xml'
14:43:08.288   631,177s    9192ms  14328    Saving dev settings to file 'kmr_dev.xml'
14:43:11.651   634,539s    3362ms  14328    Saving dev settings to file 'kmr_dev.xml'
14:43:11.971   634,860s     321ms  14328    Saving dev settings to file 'kmr_dev.xml'
14:43:12.238   635,126s     266ms  14328    Saving dev settings to file 'kmr_dev.xml'
14:43:12.588   635,476s     350ms  14328    Saving dev settings to file 'kmr_dev.xml'
14:43:12.838   635,727s     251ms  14328    Saving dev settings to file 'kmr_dev.xml'
14:43:12.992   635,880s     153ms  14328    Saving dev settings to file 'kmr_dev.xml'
14:43:14.949   637,837s    1957ms  14328    Saving dev settings to file 'kmr_dev.xml'
14:43:16.738   639,626s    1789ms  14328    Saving dev settings to file 'kmr_dev.xml'
14:43:25.171   648,060s    8434ms  14328    Issue gicGameAutoSave command at tick 63600
14:43:25.177   648,066s       6ms  14328    Saving game at tick 63600 to 'E:\programowanie\projekty delphi\kam_expansion\Saves\autosave\autosave.sav'
14:43:40.170   663,059s   14993ms  14328    Issue gicGameAutoSave command at tick 64200
14:43:40.177   663,066s       7ms  14328    Saving game at tick 64200 to 'E:\programowanie\projekty delphi\kam_expansion\Saves\autosave\autosave.sav'
14:43:51.268   674,157s   11091ms  14328    Issue gicGameAutoSave command at tick 64800
14:43:51.275   674,163s       6ms  14328    Saving game at tick 64800 to 'E:\programowanie\projekty delphi\kam_expansion\Saves\autosave\autosave.sav'
14:44:14.015   696,903s   22740ms  14328    Issue gicGameAutoSave command at tick 65400
14:44:14.024   696,912s       9ms  14328    Saving game at tick 65400 to 'E:\programowanie\projekty delphi\kam_expansion\Saves\autosave\autosave.sav'
14:44:20.891   703,779s    6867ms  14328    Issue gicGameAutoSave command at tick 66000
14:44:20.897   703,785s       6ms  14328    Saving game at tick 66000 to 'E:\programowanie\projekty delphi\kam_expansion\Saves\autosave\autosave.sav'
14:44:30.230   713,118s    9333ms  14328    Issue gicGameAutoSave command at tick 66600
14:44:30.239   713,128s       9ms  14328    Saving game at tick 66600 to 'E:\programowanie\projekty delphi\kam_expansion\Saves\autosave\autosave.sav'
14:44:42.520   725,409s   12281ms  14328    Issue gicGameAutoSave command at tick 67200
14:44:42.527   725,416s       7ms  14328    Saving game at tick 67200 to 'E:\programowanie\projekty delphi\kam_expansion\Saves\autosave\autosave.sav'
14:44:49.290   732,178s    6762ms  14328    Issue gicGameAutoSave command at tick 67800
14:44:49.296   732,184s       6ms  14328    Saving game at tick 67800 to 'E:\programowanie\projekty delphi\kam_expansion\Saves\autosave\autosave.sav'
14:44:55.609   738,498s    6314ms  14328    Issue gicGameAutoSave command at tick 68400
14:44:55.616   738,504s       6ms  14328    Saving game at tick 68400 to 'E:\programowanie\projekty delphi\kam_expansion\Saves\autosave\autosave.sav'
14:45:10.169   753,058s   14554ms  14328    Issue gicGameAutoSave command at tick 69000
14:45:10.177   753,065s       7ms  14328    Saving game at tick 69000 to 'E:\programowanie\projekty delphi\kam_expansion\Saves\autosave\autosave.sav'
14:45:32.620   775,508s   22443ms  14328    Issue gicGameAutoSave command at tick 69600
14:45:32.628   775,517s       9ms  14328    Saving game at tick 69600 to 'E:\programowanie\projekty delphi\kam_expansion\Saves\autosave\autosave.sav'
14:45:47.164   790,052s   14535ms  14328    Issue gicGameAutoSave command at tick 70200
14:45:47.171   790,059s       7ms  14328    Saving game at tick 70200 to 'E:\programowanie\projekty delphi\kam_expansion\Saves\autosave\autosave.sav'
14:46:16.912   819,800s   29741ms  14328    Issue gicGameAutoSave command at tick 70800
14:46:16.921   819,809s       9ms  14328    Saving game at tick 70800 to 'E:\programowanie\projekty delphi\kam_expansion\Saves\autosave\autosave.sav'
14:46:22.910   825,798s    5989ms  14328    Issue gicGameAutoSave command at tick 71400
14:46:22.917   825,805s       7ms  14328    Saving game at tick 71400 to 'E:\programowanie\projekty delphi\kam_expansion\Saves\autosave\autosave.sav'
14:46:29.251   832,140s    6335ms  14328    Make savepoint at tick 71999
14:46:29.259   832,147s       7ms  14328    Issue gicGameAutoSave command at tick 72000
14:46:29.266   832,154s       7ms  14328    Saving game at tick 72000 to 'E:\programowanie\projekty delphi\kam_expansion\Saves\autosave\autosave.sav'
14:46:31.951   834,839s    2685ms   4708    Error while loading game info from save of unsupported version r15833
14:46:31.958   834,846s       7ms   4708    Error while loading game info from save of unsupported version r15833
14:46:31.965   834,853s       6ms   4708    Error while loading game info from save of unsupported version r15833
14:46:31.972   834,860s       7ms   4708    Error while loading game info from save of unsupported version r15833
14:46:31.979   834,867s       7ms   4708    Error while loading game info from save of unsupported version r15833
14:46:31.985   834,873s       6ms   4708    Error while loading game info from save of unsupported version r15833
14:46:31.991   834,880s       7ms   4708    Error while loading game info from save of unsupported version r15833
14:46:31.999   834,887s       7ms   4708    Error while loading game info from save of unsupported version r15833
14:46:32.005   834,893s       6ms   4708    Error while loading game info from save of unsupported version r15833
14:46:32.012   834,900s       7ms   4708    Error loading save 'Bridge Disaster'
14:46:32.019   834,907s       7ms   4708    Error loading save 'Bridge Disaster 2024-07-21 #1'
14:46:32.026   834,914s       7ms   4708    Error loading save 'Bridge Disaster 2024-07-22 #1'
14:46:32.033   834,921s       7ms   4708    Error loading save 'Bridge Disaster 2024-07-24 #1'
14:46:32.037   834,926s       5ms   4708    Error while loading game info from save of unsupported version r15833
14:46:32.046   834,934s       8ms   4708    Error loading save 'Nowa Misja 2024-08-11 #1'
14:46:32.052   834,941s       7ms   4708    Error loading save 'Nowa Misja 2024-08-11 #2'
14:46:32.059   834,947s       6ms   4708    Error loading save 'Nowa Misja 2024-08-11 #3'
14:46:32.066   834,954s       7ms   4708    Error loading save 'TMR09 2024-08-05 #1'
14:46:32.073   834,961s       7ms   4708    Error loading save 'TSK 1 2024-10-30 #2'
14:46:32.081   834,969s       8ms   4708    Error loading save 'TSK 18 2024-10-30 #6'
14:46:32.087   834,975s       6ms   4708    Error loading save 'TSK 2 2024-10-30 #5'
14:46:32.093   834,981s       6ms   4708    Error loading save 'TSK 20 2024-10-30 #1'
14:46:32.100   834,988s       7ms   4708    Error loading save 'TSK 3 2024-10-30 #3'
14:46:32.106   834,994s       6ms   4708    Error loading save 'TSK 6 2024-10-30 #4'
14:46:32.113   835,001s       7ms   4708    Error loading save 'TUA22'
14:46:32.744   835,633s     632ms  14328    Saving game at tick 72110 to 'E:\programowanie\projekty delphi\kam_expansion\Saves\TMR09\TMR09.sav'
14:46:33.270   836,159s     525ms  14328    Saving dev settings to file 'kmr_dev.xml'
14:46:33.926   836,814s     655ms  14328    Stopping game application...
14:46:33.935   836,824s      10ms  14328    Gameplay ended - grSilent /
14:46:36.315   839,204s    2380ms  14328    Start saving 'Server settings' to 'C:\Users\szyby\OneDrive\Dokumenty\My Games\Knights and Merchants Remake\KaM Remake Server Settings.ini'
00693600 KaM_Expansion.exe KM_Settings        106 TKMSettings.SaveToDefaultFile
006936d3 KaM_Expansion.exe KM_Settings        113 TKMSettings.SaveToDefaultFile
0069330c KaM_Expansion.exe KM_Settings         65 TKMSettings.Destroy
007d89ba KaM_Expansion.exe KM_ServerSettings  117 TKMServerSettings.Destroy
000fa764 KaM_Expansion.exe System              23 TObject.Free
003c9814 KaM_Expansion.exe KromUtils          281 FreeThenNil
008a512b KaM_Expansion.exe KM_GameApp         330 TKMGameApp.Destroy
000fa764 KaM_Expansion.exe System              23 TObject.Free
003c9814 KaM_Expansion.exe KromUtils          281 FreeThenNil
008afdc1 KaM_Expansion.exe KM_Main            376 TKMMain.Stop
008afea0 KaM_Expansion.exe KM_Main            405 TKMMain.Stop
00b18ed1 KaM_Expansion.exe KM_FormMain       2212 TFormMain.FormClose
003736a7 KaM_Expansion.exe Vcl.Forms              TCustomForm.DoClose
00379095 KaM_Expansion.exe Vcl.Forms              TCustomForm.Close
00377cd4 KaM_Expansion.exe Vcl.Forms              TCustomForm.WMClose
002c2cfa KaM_Expansion.exe Vcl.Controls           TControl.WndProc
002c7ec1 KaM_Expansion.exe Vcl.Controls           TWinControl.WndProc
003742e8 KaM_Expansion.exe Vcl.Forms              TCustomForm.WndProc
00374303 KaM_Expansion.exe Vcl.Forms              TCustomForm.WndProc
00b189bd KaM_Expansion.exe KM_FormMain       2051 TFormMain.WndProc

14:46:36.342   839,230s      26ms  14328    'Server settings' was successfully saved to 'C:\Users\szyby\OneDrive\Dokumenty\My Games\Knights and Merchants Remake\KaM Remake Server Settings.ini'
14:46:36.559   839,447s     217ms  14328    Start saving 'GameApp settings' to 'C:\Users\szyby\OneDrive\Dokumenty\My Games\Knights and Merchants Remake\KaM Remake Settings KingDyronMod.xml'
00693600 KaM_Expansion.exe KM_Settings         106 TKMSettings.SaveToDefaultFile
006936d3 KaM_Expansion.exe KM_Settings         113 TKMSettings.SaveToDefaultFile
0069330c KaM_Expansion.exe KM_Settings          65 TKMSettings.Destroy
00693a66 KaM_Expansion.exe KM_SettingsXML       44 TKMSettingsXML.Destroy
00693d92 KaM_Expansion.exe KM_GameAppSettings   57 TKMGameAppSettings.Destroy
000fa764 KaM_Expansion.exe System               23 TObject.Free
003c9814 KaM_Expansion.exe KromUtils           281 FreeThenNil
008afdcb KaM_Expansion.exe KM_Main             378 TKMMain.Stop
008afea0 KaM_Expansion.exe KM_Main             405 TKMMain.Stop
00b18ed1 KaM_Expansion.exe KM_FormMain        2212 TFormMain.FormClose
003736a7 KaM_Expansion.exe Vcl.Forms               TCustomForm.DoClose
00379095 KaM_Expansion.exe Vcl.Forms               TCustomForm.Close
00377cd4 KaM_Expansion.exe Vcl.Forms               TCustomForm.WMClose
002c2cfa KaM_Expansion.exe Vcl.Controls            TControl.WndProc
002c7ec1 KaM_Expansion.exe Vcl.Controls            TWinControl.WndProc
003742e8 KaM_Expansion.exe Vcl.Forms               TCustomForm.WndProc
00374303 KaM_Expansion.exe Vcl.Forms               TCustomForm.WndProc
00b189bd KaM_Expansion.exe KM_FormMain        2051 TFormMain.WndProc
002c73cc KaM_Expansion.exe Vcl.Controls            TWinControl.MainWndProc
002c73e7 KaM_Expansion.exe Vcl.Controls            TWinControl.MainWndProc

14:46:36.578   839,466s      19ms  14328    'GameApp settings' was successfully saved to 'C:\Users\szyby\OneDrive\Dokumenty\My Games\Knights and Merchants Remake\KaM Remake Settings KingDyronMod.xml'
