   Timestamp    Elapsed     Delta  Thread    Description
========================
    Date: 2025.01.05
========================
19:08:31.303     0,001s       1ms  21400    Log is up and running. Game version: KaM Expansion: Co-op & World Update
19:08:31.310     0,007s       6ms  21400    Game Load started
19:08:31.420     0,117s     110ms  21400    Start loading 'GameApp settings' from 'C:\Users\szyby\OneDrive\Dokumenty\My Games\Knights and Merchants Remake\KaM Remake Settings KingDyronMod.xml'
19:08:31.425     0,122s       5ms  21400    'GameApp settings' was successfully loaded from 'C:\Users\szyby\OneDrive\Dokumenty\My Games\Knights and Merchants Remake\KaM Remake Settings KingDyronMod.xml'
19:08:31.441     0,139s       5ms  21400    Start saving 'GameApp settings' to 'C:\Users\szyby\OneDrive\Dokumenty\My Games\Knights and Merchants Remake\KaM Remake Settings KingDyronMod.xml'
01518298 KaM_Expansion.exe KM_Settings        106 TKMSettings.SaveToDefaultFile
0151836b KaM_Expansion.exe KM_Settings        113 TKMSettings.SaveToDefaultFile
01517f69 KaM_Expansion.exe KM_Settings         59 TKMSettings.Create
015186a6 KaM_Expansion.exe KM_SettingsXML      38 TKMSettingsXML.Create
015189e7 KaM_Expansion.exe KM_GameAppSettings  51 TKMGameAppSettings.Create
0172c868 KaM_Expansion.exe KM_Main            258 TKMMain.Start
0172cad7 KaM_Expansion.exe KM_Main            305 TKMMain.Start
019adb2b KaM_Expansion.exe KaM_Expansion      480 initialization
019adb5a KaM_Expansion.exe KaM_Expansion      483 initialization
76c97ba7 KERNEL32.DLL                             BaseThreadInitThunk

19:08:31.480     0,177s      38ms  21400    'GameApp settings' was successfully saved to 'C:\Users\szyby\OneDrive\Dokumenty\My Games\Knights and Merchants Remake\KaM Remake Settings KingDyronMod.xml'
19:08:31.520     0,218s      41ms  21400    Start loading 'Server settings' from 'C:\Users\szyby\OneDrive\Dokumenty\My Games\Knights and Merchants Remake\KaM Remake Server Settings.ini'
19:08:31.528     0,225s       7ms  21400    'Server settings' was successfully loaded from 'C:\Users\szyby\OneDrive\Dokumenty\My Games\Knights and Merchants Remake\KaM Remake Server Settings.ini'
19:08:31.534     0,231s       6ms  21400    Start saving 'Server settings' to 'C:\Users\szyby\OneDrive\Dokumenty\My Games\Knights and Merchants Remake\KaM Remake Server Settings.ini'
01518298 KaM_Expansion.exe KM_Settings       106 TKMSettings.SaveToDefaultFile
0151836b KaM_Expansion.exe KM_Settings       113 TKMSettings.SaveToDefaultFile
01517f69 KaM_Expansion.exe KM_Settings        59 TKMSettings.Create
01655b28 KaM_Expansion.exe KM_ServerSettings 109 TKMServerSettings.Create
01721c1c KaM_Expansion.exe KM_GameApp        213 TKMGameApp.Create
0172206e KaM_Expansion.exe KM_GameApp        295 TKMGameApp.Create
0172dade KaM_Expansion.exe KM_Main           635 TKMMain.ReinitRender
0172dcea KaM_Expansion.exe KM_Main           689 TKMMain.ReinitRender
0172c97e KaM_Expansion.exe KM_Main           281 TKMMain.Start
0172cad7 KaM_Expansion.exe KM_Main           305 TKMMain.Start
019adb2b KaM_Expansion.exe KaM_Expansion     480 initialization
019adb5a KaM_Expansion.exe KaM_Expansion     483 initialization
76c97ba7 KERNEL32.DLL                            BaseThreadInitThunk

19:08:31.547     0,245s      14ms  21400    'Server settings' was successfully saved to 'C:\Users\szyby\OneDrive\Dokumenty\My Games\Knights and Merchants Remake\KaM Remake Server Settings.ini'
19:08:31.553     0,251s       6ms  21400    Init Render started
19:08:31.689     0,387s     136ms  21400    GL_MAX_TEXTURE_SIZE = 32768
19:08:31.697     0,394s       7ms  21400    GL_MAX_VIEWPORT_DIM = 32768
                                      OpenGL Vendor: NVIDIA Corporation
                                      OpenGL Renderer: NVIDIA GeForce RTX 3060 Ti/PCIe/SSE2
                                      OpenGL Version: 4.6.0 NVIDIA 560.94
19:08:31.722     0,420s      26ms  21400    Init Render Done
19:08:31.728     0,426s       6ms  21400    Resource loading state - None
19:08:31.735     0,433s       7ms  21400    Reading palettes ... done
19:08:31.743     0,441s       8ms  21400    Reading GUI.rx
19:08:31.750     0,448s       7ms  21400    Load Sprites started
19:08:31.757     0,454s       6ms  21400    GUI - 966
19:08:31.778     0,475s      21ms  21400    Load Sprites Done
19:08:31.812     0,510s      35ms  21400    Reading GUIMain.rx
19:08:31.820     0,518s       8ms  21400    Load Sprites started
19:08:31.827     0,524s       6ms  21400    GUIMain - 105
19:08:31.879     0,576s      52ms  21400    Load Sprites Done
19:08:31.932     0,629s      53ms  21400    Reading Tileset.rx
19:08:31.938     0,636s       7ms  21400    Load Sprites started
19:08:31.944     0,642s       6ms  21400    Tileset - 5449
19:08:31.981     0,679s      37ms  21400    Load Sprites Done
19:08:31.987     0,685s       6ms  21400    GenerateTerrainTransitions started. Legacy = False
19:08:31.993     0,691s       6ms  21400    TexId = 5451 GenTilesCnt = 2100
19:08:32.000     0,698s       6ms  21400    TexId = 6051; TexId - fGenTexIdStartI = 600; uniqueTex = 600; totalTex = 1350
19:08:32.008     0,705s       7ms  21400    GeneratedMasks cnt = 20
19:08:32.015     0,712s       7ms  21400    GenerateTerrainTransitions Done
19:08:32.021     0,719s       7ms  21400    GenerateTerrainTransitions started. Legacy = True
19:08:32.029     0,726s       7ms  21400    Legacy: TexId = 4999 GenTilesCntTemp = 2030
19:08:32.036     0,733s       7ms  21400    TexId = 5463; TexId - fGenTexIdStartILegacy = 464; uniqueTex = 464; totalTex = 1044
19:08:32.042     0,739s       6ms  21400    GeneratedMasks cnt = 16
19:08:32.048     0,746s       7ms  21400    GenerateTerrainTransitions Done
19:08:32.154     0,851s     105ms  21400    Load font started
19:08:32.190     0,887s      36ms  21400    Font load took 36ms
19:08:32.197     0,895s       8ms  21400    Read fonts is done
19:08:32.214     0,911s      16ms  21400    ReadGFX is done
19:08:32.220     0,918s       7ms  21400    Resource loading state - Menu
19:08:32.228     0,926s       8ms   6624    OpenAL init started
19:08:32.249     0,947s      21ms  21400    Music init done, 24 tracks found
                                      Loading campaign images.rxx for HKS
19:08:32.274     0,972s      25ms   9376    Custom - 1
19:08:32.282     0,979s       7ms   6624    Pre-LoadSFX init ... done
19:08:32.288     0,986s       7ms   6624    ALC_MONO_SOURCES 255
19:08:32.294     0,992s       6ms   6624    ALC_STEREO_SOURCES 1
19:08:32.304     1,001s       8ms  21400    Main menu init done
19:08:32.310     1,008s       7ms   6624    OpenAL init done
19:08:32.331     1,029s      21ms  21400    Check game folder 'E:\programowanie\projekty delphi\kam_expansion\' generic permissions: READ: granted; WRITE: granted; EXECUTE: granted; folder is writable: 
19:08:32.339     1,036s       7ms  21400    LoadGameResources ... AlphaShadows: True. Forced: True
19:08:32.345     1,042s       6ms  21400    TKMResSprites.LoadGameResources
19:08:32.351     1,049s       7ms  21400    [AsyncGameResLoader Thread] Started
19:08:32.357     1,054s       5ms  21400    Resource loading state - Game
19:08:32.363     1,061s       7ms  21400    ToggleFullscreen
19:08:32.369     1,067s       6ms  21400    Form Width/Height: 1040:805
19:08:32.375     1,073s       6ms  21400    Panel Width/Height: 764:723
19:08:32.382     1,080s       7ms  14224    [AsyncGameResLoader Thread] RT = rxTrees Stage = lsLoad
19:08:32.388     1,086s       6ms  14224    [AsyncGameResLoader Thread] Start Load RXX 'Trees.rxx'
19:08:32.395     1,093s       7ms  14224    Load Sprites started
19:08:32.401     1,098s       5ms  14224    Trees - 1216
19:08:32.531     1,229s     131ms  14224    Load Sprites Done
                                      Loading campaign images.rxx for KSN
19:08:32.590     1,288s      59ms   9376    Custom - 1
19:08:32.631     1,328s      40ms  14224    [AsyncGameResLoader Thread] DONE Load RXX 'Trees.rxa'
19:08:32.637     1,335s       7ms  21400    Saving dev settings to file 'kmr_dev.xml'
                                      Loading campaign images.rxx for KSO
19:08:32.684     1,381s      46ms   9376    Custom - 1
19:08:32.701     1,399s      18ms  21400    Saving dev settings to file 'kmr_dev.xml'
19:08:32.708     1,405s       6ms  21400    Game Load Done in 1432
19:08:32.726     1,424s      19ms  21400    [AsyncGameResLoader MainTh] [UpdateStateIdle] GenTextures RT = rxTrees Stage = lsGenMain
                                      Loading campaign images.rxx for KSU
19:08:32.757     1,455s      31ms   9376    Custom - 1
19:08:32.764     1,462s       7ms  21400    [AsyncGameResLoader MainTh] [UpdateStateIdle] DONE
19:08:32.771     1,468s       6ms  14224    [AsyncGameResLoader Thread] RT = rxTrees Stage = lsOverload
19:08:32.777     1,475s       7ms  14224    [AsyncGameResLoader Thread] OverloadFromFolder RT = rxTrees
19:08:32.790     1,488s      12ms  14224    [AsyncGameResLoader Thread] DONE OverloadFromFolder RT = rxTrees
19:08:32.802     1,499s      11ms  21400    [AsyncGameResLoader MainTh] [UpdateStateIdle] GenTextures RT = rxTrees Stage = lsGenOverload
19:08:32.808     1,506s       7ms  21400    [AsyncGameResLoader MainTh] [UpdateStateIdle] DONE
19:08:32.816     1,514s       8ms  14224    [AsyncGameResLoader Thread] RT = rxHouses Stage = lsLoad
                                      Loading campaign images.rxx for OFL
19:08:32.828     1,525s      11ms  14224    [AsyncGameResLoader Thread] Start Load RXX 'Houses.rxx'
19:08:32.835     1,532s       7ms  14224    Load Sprites started
19:08:32.842     1,540s       8ms   9376    Custom - 1
19:08:32.849     1,546s       6ms  14224    Houses - 2709
                                      Loading campaign images.rxx for OER
19:08:32.894     1,591s      45ms   9376    Custom - 1
                                      Loading campaign images.rxx for TBK
19:08:32.951     1,649s      58ms   9376    Custom - 1
                                      Loading campaign images.rxx for TPR
19:08:33.016     1,714s      65ms   9376    Custom - 1
19:08:33.035     1,732s      18ms  14224    Load Sprites Done
                                      Loading campaign images.rxx for TSK
19:08:33.071     1,768s      36ms   9376    Custom - 1
                                      Loading campaign images.rxx for TUA
19:08:33.110     1,808s      40ms   9376    Custom - 1
19:08:33.167     1,865s      57ms  14224    [AsyncGameResLoader Thread] DONE Load RXX 'Houses.rxa'
19:08:33.180     1,877s      12ms  21400    [AsyncGameResLoader MainTh] [UpdateStateIdle] GenTextures RT = rxHouses Stage = lsGenMain
19:08:33.207     1,904s      27ms  21400    [AsyncGameResLoader MainTh] [UpdateStateIdle] DONE
19:08:33.215     1,912s       7ms  14224    [AsyncGameResLoader Thread] RT = rxHouses Stage = lsOverload
19:08:33.221     1,919s       7ms  14224    [AsyncGameResLoader Thread] OverloadFromFolder RT = rxHouses
                                      Loading campaign images.rxx for TMR
19:08:33.274     1,972s      53ms   9376    Custom - 1
19:08:33.334     2,032s      60ms  14224    [AsyncGameResLoader Thread] DONE OverloadFromFolder RT = rxHouses
19:08:33.341     2,039s       7ms  21400    [AsyncGameResLoader MainTh] [UpdateStateIdle] GenTextures RT = rxHouses Stage = lsGenOverload
19:08:33.347     2,044s       5ms  21400    [AsyncGameResLoader MainTh] [UpdateStateIdle] DONE
19:08:33.354     2,051s       6ms  14224    [AsyncGameResLoader Thread] RT = rxUnits Stage = lsLoad
19:08:33.359     2,057s       6ms  14224    [AsyncGameResLoader Thread] Start Load RXX 'Units.rxx'
19:08:33.366     2,064s       6ms  14224    Load Sprites started
19:08:33.371     2,069s       5ms  14224    Units - 14845
                                      Loading campaign images.rxx for HKS
19:08:34.062     2,760s     691ms  19876    Custom - 1
                                      Loading campaign images.rxx for KSN
19:08:34.140     2,838s      78ms  19876    Custom - 1
19:08:34.168     2,866s      17ms  14224    Load Sprites Done
                                      Loading campaign images.rxx for KSO
19:08:34.232     2,930s      64ms  19876    Custom - 1
                                      Loading campaign images.rxx for KSU
19:08:34.302     3,000s      70ms  19876    Custom - 1
                                      Loading campaign images.rxx for OFL
19:08:34.365     3,063s      63ms  19876    Custom - 1
                                      Loading campaign images.rxx for OER
19:08:34.414     3,112s      49ms  19876    Custom - 1
                                      Loading campaign images.rxx for TBK
19:08:34.459     3,156s      44ms  19876    Custom - 1
                                      Loading campaign images.rxx for TPR
19:08:34.520     3,219s      63ms  19876    Custom - 1
                                      Loading campaign images.rxx for TSK
19:08:34.570     3,267s      48ms  19876    Custom - 1
                                      Loading campaign images.rxx for TUA
19:08:34.613     3,311s      44ms  19876    Custom - 1
19:08:34.629     3,327s      16ms  21400    LoadGameResources ... AlphaShadows: True. Forced: False
19:08:34.637     3,334s       7ms  21400    TKMResSprites.LoadGameResources
19:08:35.258     3,956s     622ms  14224    [AsyncGameResLoader Thread] DONE Load RXX 'Units.rxa'
19:08:35.264     3,962s       6ms  21400    [AsyncGameResLoader MainTh] [LoadGameResources] GenTextures RT = rxUnits Stage = lsGenMain
19:08:35.329     4,026s      64ms  21400    [AsyncGameResLoader MainTh] [LoadGameResources] DONE
19:08:35.335     4,032s       6ms  14224    [AsyncGameResLoader Thread] RT = rxUnits Stage = lsOverload
19:08:35.341     4,039s       7ms  14224    [AsyncGameResLoader Thread] OverloadFromFolder RT = rxUnits
19:08:35.662     4,360s     320ms  14224    [AsyncGameResLoader Thread] DONE OverloadFromFolder RT = rxUnits
19:08:35.669     4,366s       6ms  21400    [AsyncGameResLoader MainTh] [LoadGameResources] GenTextures RT = rxUnits Stage = lsGenOverload
19:08:35.703     4,400s      34ms  21400    [AsyncGameResLoader Thread] Stopped
19:08:35.710     4,408s       8ms  21400    [AsyncGameResLoader MainTh] [LoadGameResources] DONE
                                      Loading campaign images.rxx for TMR
19:08:35.722     4,419s      11ms  21400    Resource loading state - Game
19:08:35.728     4,426s       7ms  19876    Custom - 1
19:08:35.735     4,433s       7ms  21400    Saving dev settings to file 'kmr_dev.xml'
19:08:35.765     4,462s      29ms  21400    <== Game creation is done ==>
19:08:35.772     4,470s       8ms  21400    GameStart
19:08:35.779     4,476s       6ms  21400    Loading DAT file: E:\programowanie\projekty delphi\kam_expansion\Maps\Heir to the Crown\Heir to the Crown.dat
19:08:35.785     4,482s       6ms  21400    Loading map file: E:\programowanie\projekty delphi\kam_expansion\Maps\Heir to the Crown\Heir to the Crown.map
19:08:35.821     4,519s      37ms  21400    Map file loaded
19:08:36.287     4,984s     465ms  21400    Gameplay recording initialized ... done
19:08:36.293     4,991s       7ms  21400    Game options: PT = 0; SpeedPT = 1; SpeedAfterPT = 1; Seed = 0; Difficulty = mdNone
19:08:36.299     4,996s       5ms  21400    Gameplay initialized ... done
19:08:36.304     5,001s       5ms  21400    After game start
19:08:36.333     5,031s      30ms  21400    Set game seed: 936562122
19:08:36.340     5,038s       7ms  21400    After game start ... done
19:08:36.473     5,171s     133ms  21400    Saving dev settings to file 'kmr_dev.xml'
19:08:54.596    23,294s   18123ms  21400    Saving dev settings to file 'kmr_dev.xml'
19:08:55.365    24,062s     768ms  21400    Stopping game application...
19:08:55.398    24,095s      33ms  21400    Gameplay ended - grSilent /
19:08:55.405    24,102s       7ms  21400    Start saving 'Server settings' to 'C:\Users\szyby\OneDrive\Dokumenty\My Games\Knights and Merchants Remake\KaM Remake Server Settings.ini'
01518298 KaM_Expansion.exe KM_Settings        106 TKMSettings.SaveToDefaultFile
0151836b KaM_Expansion.exe KM_Settings        113 TKMSettings.SaveToDefaultFile
01517fa4 KaM_Expansion.exe KM_Settings         65 TKMSettings.Destroy
01655b6e KaM_Expansion.exe KM_ServerSettings  117 TKMServerSettings.Destroy
00f7a764 KaM_Expansion.exe System              23 TObject.Free
01248fbc KaM_Expansion.exe KromUtils          281 FreeThenNil
017222cb KaM_Expansion.exe KM_GameApp         330 TKMGameApp.Destroy
00f7a764 KaM_Expansion.exe System              23 TObject.Free
01248fbc KaM_Expansion.exe KromUtils          281 FreeThenNil
0172cef9 KaM_Expansion.exe KM_Main            376 TKMMain.Stop
0172cfd8 KaM_Expansion.exe KM_Main            405 TKMMain.Stop
0199893d KaM_Expansion.exe KM_FormMain       2212 TFormMain.FormClose
011f2df7 KaM_Expansion.exe Vcl.Forms              TCustomForm.DoClose
011f87e5 KaM_Expansion.exe Vcl.Forms              TCustomForm.Close
011f7424 KaM_Expansion.exe Vcl.Forms              TCustomForm.WMClose
01142cfa KaM_Expansion.exe Vcl.Controls           TControl.WndProc
01147ec1 KaM_Expansion.exe Vcl.Controls           TWinControl.WndProc
011f3a38 KaM_Expansion.exe Vcl.Forms              TCustomForm.WndProc
011f3a53 KaM_Expansion.exe Vcl.Forms              TCustomForm.WndProc
01998429 KaM_Expansion.exe KM_FormMain       2051 TFormMain.WndProc

19:08:55.427    24,124s      22ms  21400    'Server settings' was successfully saved to 'C:\Users\szyby\OneDrive\Dokumenty\My Games\Knights and Merchants Remake\KaM Remake Server Settings.ini'
19:08:55.654    24,351s     226ms  21400    Start saving 'GameApp settings' to 'C:\Users\szyby\OneDrive\Dokumenty\My Games\Knights and Merchants Remake\KaM Remake Settings KingDyronMod.xml'
01518298 KaM_Expansion.exe KM_Settings         106 TKMSettings.SaveToDefaultFile
0151836b KaM_Expansion.exe KM_Settings         113 TKMSettings.SaveToDefaultFile
01517fa4 KaM_Expansion.exe KM_Settings          65 TKMSettings.Destroy
015186fe KaM_Expansion.exe KM_SettingsXML       44 TKMSettingsXML.Destroy
01518a2a KaM_Expansion.exe KM_GameAppSettings   57 TKMGameAppSettings.Destroy
00f7a764 KaM_Expansion.exe System               23 TObject.Free
01248fbc KaM_Expansion.exe KromUtils           281 FreeThenNil
0172cf03 KaM_Expansion.exe KM_Main             378 TKMMain.Stop
0172cfd8 KaM_Expansion.exe KM_Main             405 TKMMain.Stop
0199893d KaM_Expansion.exe KM_FormMain        2212 TFormMain.FormClose
011f2df7 KaM_Expansion.exe Vcl.Forms               TCustomForm.DoClose
011f87e5 KaM_Expansion.exe Vcl.Forms               TCustomForm.Close
011f7424 KaM_Expansion.exe Vcl.Forms               TCustomForm.WMClose
01142cfa KaM_Expansion.exe Vcl.Controls            TControl.WndProc
01147ec1 KaM_Expansion.exe Vcl.Controls            TWinControl.WndProc
011f3a38 KaM_Expansion.exe Vcl.Forms               TCustomForm.WndProc
011f3a53 KaM_Expansion.exe Vcl.Forms               TCustomForm.WndProc
01998429 KaM_Expansion.exe KM_FormMain        2051 TFormMain.WndProc
011473cc KaM_Expansion.exe Vcl.Controls            TWinControl.MainWndProc
011473e7 KaM_Expansion.exe Vcl.Controls            TWinControl.MainWndProc

19:08:55.669    24,367s      16ms  21400    'GameApp settings' was successfully saved to 'C:\Users\szyby\OneDrive\Dokumenty\My Games\Knights and Merchants Remake\KaM Remake Settings KingDyronMod.xml'
