   Timestamp    Elapsed     Delta  Thread    Description
========================
    Date: 2025.01.02
========================
20:54:22.943     0,001s       1ms  12804    Log is up and running. Game version: KaM Expansion: Co-op & World Update
20:54:22.949     0,007s       6ms  12804    Game Load started
20:54:22.963     0,021s      13ms  12804    Start loading 'GameApp settings' from 'C:\Users\szyby\OneDrive\Dokumenty\My Games\Knights and Merchants Remake\KaM Remake Settings KingDyronMod.xml'
20:54:22.969     0,027s       6ms  12804    'GameApp settings' was successfully loaded from 'C:\Users\szyby\OneDrive\Dokumenty\My Games\Knights and Merchants Remake\KaM Remake Settings KingDyronMod.xml'
20:54:22.979     0,037s       5ms  12804    Start saving 'GameApp settings' to 'C:\Users\szyby\OneDrive\Dokumenty\My Games\Knights and Merchants Remake\KaM Remake Settings KingDyronMod.xml'
00908604 KaM_Expansion.exe KM_Settings        106 TKMSettings.SaveToDefaultFile
009086d7 KaM_Expansion.exe KM_Settings        113 TKMSettings.SaveToDefaultFile
009082d5 KaM_Expansion.exe KM_Settings         59 TKMSettings.Create
00908a12 KaM_Expansion.exe KM_SettingsXML      38 TKMSettingsXML.Create
00908d53 KaM_Expansion.exe KM_GameAppSettings  51 TKMGameAppSettings.Create
00b1cb80 KaM_Expansion.exe KM_Main            258 TKMMain.Start
00b1ce04 KaM_Expansion.exe KM_Main            305 TKMMain.Start
00d9bb2b KaM_Expansion.exe KaM_Expansion      480 initialization
00d9bb5a KaM_Expansion.exe KaM_Expansion      483 initialization
75c17ba7 KERNEL32.DLL                             BaseThreadInitThunk

20:54:23.018     0,076s      39ms  12804    'GameApp settings' was successfully saved to 'C:\Users\szyby\OneDrive\Dokumenty\My Games\Knights and Merchants Remake\KaM Remake Settings KingDyronMod.xml'
20:54:23.043     0,101s      25ms  12804    Start loading 'Server settings' from 'C:\Users\szyby\OneDrive\Dokumenty\My Games\Knights and Merchants Remake\KaM Remake Server Settings.ini'
20:54:23.049     0,107s       6ms  12804    'Server settings' was successfully loaded from 'C:\Users\szyby\OneDrive\Dokumenty\My Games\Knights and Merchants Remake\KaM Remake Server Settings.ini'
20:54:23.056     0,114s       6ms  12804    Start saving 'Server settings' to 'C:\Users\szyby\OneDrive\Dokumenty\My Games\Knights and Merchants Remake\KaM Remake Server Settings.ini'
00908604 KaM_Expansion.exe KM_Settings       106 TKMSettings.SaveToDefaultFile
009086d7 KaM_Expansion.exe KM_Settings       113 TKMSettings.SaveToDefaultFile
009082d5 KaM_Expansion.exe KM_Settings        59 TKMSettings.Create
00a45df8 KaM_Expansion.exe KM_ServerSettings 109 TKMServerSettings.Create
00b11f00 KaM_Expansion.exe KM_GameApp        213 TKMGameApp.Create
00b12352 KaM_Expansion.exe KM_GameApp        295 TKMGameApp.Create
00b1de2a KaM_Expansion.exe KM_Main           635 TKMMain.ReinitRender
00b1e036 KaM_Expansion.exe KM_Main           689 TKMMain.ReinitRender
00b1cc96 KaM_Expansion.exe KM_Main           281 TKMMain.Start
00b1ce04 KaM_Expansion.exe KM_Main           305 TKMMain.Start
00d9bb2b KaM_Expansion.exe KaM_Expansion     480 initialization
00d9bb5a KaM_Expansion.exe KaM_Expansion     483 initialization
75c17ba7 KERNEL32.DLL                            BaseThreadInitThunk

20:54:23.070     0,128s      14ms  12804    'Server settings' was successfully saved to 'C:\Users\szyby\OneDrive\Dokumenty\My Games\Knights and Merchants Remake\KaM Remake Server Settings.ini'
20:54:23.078     0,136s       7ms  12804    Init Render started
20:54:23.216     0,275s     139ms  12804    GL_MAX_TEXTURE_SIZE = 32768
20:54:23.224     0,282s       7ms  12804    GL_MAX_VIEWPORT_DIM = 32768
                                      OpenGL Vendor: NVIDIA Corporation
                                      OpenGL Renderer: NVIDIA GeForce RTX 3060 Ti/PCIe/SSE2
                                      OpenGL Version: 4.6.0 NVIDIA 560.94
20:54:23.252     0,310s      28ms  12804    Init Render Done
20:54:23.261     0,319s       9ms  12804    Resource loading state - None
20:54:23.268     0,326s       7ms  12804    Reading palettes ... done
20:54:23.276     0,334s       8ms  12804    Reading GUI.rx
20:54:23.284     0,342s       8ms  12804    Load Sprites started
20:54:23.290     0,348s       6ms  12804    GUI - 966
20:54:23.309     0,367s      19ms  12804    Load Sprites Done
20:54:23.346     0,404s      37ms  12804    Reading GUIMain.rx
20:54:23.354     0,412s       8ms  12804    Load Sprites started
20:54:23.361     0,419s       7ms  12804    GUIMain - 105
20:54:23.414     0,472s      53ms  12804    Load Sprites Done
20:54:23.475     0,533s      61ms  12804    Reading Tileset.rx
20:54:23.482     0,542s       9ms  12804    Load Sprites started
20:54:23.491     0,549s       7ms  12804    Tileset - 5449
20:54:23.528     0,586s      37ms  12804    Load Sprites Done
20:54:23.534     0,592s       6ms  12804    GenerateTerrainTransitions started. Legacy = False
20:54:23.541     0,600s       8ms  12804    TexId = 5451 GenTilesCnt = 2100
20:54:23.548     0,606s       6ms  12804    TexId = 6051; TexId - fGenTexIdStartI = 600; uniqueTex = 600; totalTex = 1350
20:54:23.555     0,613s       7ms  12804    GeneratedMasks cnt = 20
20:54:23.562     0,621s       8ms  12804    GenerateTerrainTransitions Done
20:54:23.568     0,627s       6ms  12804    GenerateTerrainTransitions started. Legacy = True
20:54:23.576     0,635s       8ms  12804    Legacy: TexId = 4999 GenTilesCntTemp = 2030
20:54:23.582     0,640s       5ms  12804    TexId = 5463; TexId - fGenTexIdStartILegacy = 464; uniqueTex = 464; totalTex = 1044
20:54:23.589     0,647s       7ms  12804    GeneratedMasks cnt = 16
20:54:23.596     0,654s       7ms  12804    GenerateTerrainTransitions Done
20:54:23.727     0,785s     131ms  12804    Load font started
20:54:23.765     0,823s      38ms  12804    Font load took 38ms
20:54:23.771     0,829s       6ms  12804    Read fonts is done
20:54:23.794     0,852s      23ms  12804    ReadGFX is done
20:54:23.801     0,859s       7ms  12804    Resource loading state - Menu
20:54:23.808     0,866s       7ms   3908    OpenAL init started
20:54:23.831     0,889s      23ms  12804    Music init done, 24 tracks found
                                      Loading campaign images.rxx for HKS
20:54:23.860     0,918s      29ms  16416    Custom - 1
20:54:23.870     0,928s      10ms   3908    Pre-LoadSFX init ... done
20:54:23.880     0,938s      10ms   3908    ALC_MONO_SOURCES 255
20:54:23.887     0,945s       7ms   3908    ALC_STEREO_SOURCES 1
20:54:23.893     0,951s       6ms  12804    Main menu init done
20:54:23.900     0,958s       6ms   3908    OpenAL init done
20:54:23.922     0,980s      21ms  12804    Check game folder 'E:\programowanie\projekty delphi\kam_expansion\' generic permissions: READ: granted; WRITE: granted; EXECUTE: granted; folder is writable: 
20:54:23.929     0,987s       7ms  12804    LoadGameResources ... AlphaShadows: True. Forced: True
20:54:23.936     0,994s       7ms  12804    TKMResSprites.LoadGameResources
20:54:23.944     1,002s       8ms  12804    [AsyncGameResLoader Thread] Started
20:54:23.951     1,009s       7ms  12804    Resource loading state - Game
20:54:23.958     1,016s       7ms  12804    ToggleFullscreen
20:54:23.965     1,023s       7ms  12804    Form Width/Height: 1040:853
20:54:23.971     1,029s       6ms  12804    Panel Width/Height: 1024:814
20:54:23.979     1,037s       8ms  19156    [AsyncGameResLoader Thread] RT = rxTrees Stage = lsLoad
20:54:23.986     1,044s       7ms  19156    [AsyncGameResLoader Thread] Start Load RXX 'Trees.rxx'
20:54:23.992     1,050s       6ms  19156    Load Sprites started
20:54:24.001     1,059s       8ms  19156    Trees - 1216
                                      Loading campaign images.rxx for KSN
20:54:24.019     1,077s      18ms  16416    Custom - 1
20:54:24.028     1,086s       9ms  12804    Saving dev settings to file 'kmr_dev.xml'
20:54:24.076     1,134s      48ms  12804    Saving dev settings to file 'kmr_dev.xml'
                                      Loading campaign images.rxx for KSO
20:54:24.102     1,160s      26ms  16416    Custom - 1
20:54:24.111     1,169s       9ms  12804    Game Load Done in 1186
20:54:24.143     1,201s      32ms  19156    Load Sprites Done
                                      Loading campaign images.rxx for KSU
20:54:24.166     1,224s      23ms  16416    Custom - 1
                                      Loading campaign images.rxx for OFL
20:54:24.218     1,277s      53ms  16416    Custom - 1
20:54:24.249     1,308s      31ms  19156    [AsyncGameResLoader Thread] DONE Load RXX 'Trees.rxa'
                                      Loading campaign images.rxx for OER
20:54:24.265     1,323s      15ms  16416    Custom - 1
20:54:24.271     1,329s       6ms  12804    [AsyncGameResLoader MainTh] [UpdateStateIdle] GenTextures RT = rxTrees Stage = lsGenMain
20:54:24.283     1,341s      12ms  12804    [AsyncGameResLoader MainTh] [UpdateStateIdle] DONE
20:54:24.290     1,348s       7ms  19156    [AsyncGameResLoader Thread] RT = rxTrees Stage = lsOverload
20:54:24.297     1,355s       6ms  19156    [AsyncGameResLoader Thread] OverloadFromFolder RT = rxTrees
                                      Loading campaign images.rxx for TBK
20:54:24.311     1,369s      14ms  16416    Custom - 1
20:54:24.317     1,375s       6ms  19156    [AsyncGameResLoader Thread] DONE OverloadFromFolder RT = rxTrees
20:54:24.327     1,385s      10ms  12804    [AsyncGameResLoader MainTh] [UpdateStateIdle] GenTextures RT = rxTrees Stage = lsGenOverload
20:54:24.332     1,390s       5ms  12804    [AsyncGameResLoader MainTh] [UpdateStateIdle] DONE
20:54:24.341     1,399s       8ms  19156    [AsyncGameResLoader Thread] RT = rxHouses Stage = lsLoad
20:54:24.348     1,406s       7ms  19156    [AsyncGameResLoader Thread] Start Load RXX 'Houses.rxx'
20:54:24.354     1,412s       6ms  19156    Load Sprites started
20:54:24.361     1,419s       7ms  19156    Houses - 2709
                                      Loading campaign images.rxx for TPR
20:54:24.375     1,433s      14ms  16416    Custom - 1
                                      Loading campaign images.rxx for TSK
20:54:24.418     1,476s      43ms  16416    Custom - 1
                                      Loading campaign images.rxx for TUA
20:54:24.454     1,513s      37ms  16416    Custom - 1
20:54:24.551     1,609s      96ms  19156    Load Sprites Done
                                      Loading campaign images.rxx for TMR
20:54:24.614     1,672s      63ms  16416    Custom - 1
20:54:24.691     1,749s      77ms  19156    [AsyncGameResLoader Thread] DONE Load RXX 'Houses.rxa'
20:54:24.699     1,757s       8ms  12804    [AsyncGameResLoader MainTh] [UpdateStateIdle] GenTextures RT = rxHouses Stage = lsGenMain
20:54:24.714     1,772s      15ms  12804    [AsyncGameResLoader MainTh] [UpdateStateIdle] DONE
20:54:24.721     1,779s       7ms  19156    [AsyncGameResLoader Thread] RT = rxHouses Stage = lsOverload
20:54:24.728     1,786s       7ms  19156    [AsyncGameResLoader Thread] OverloadFromFolder RT = rxHouses
20:54:24.841     1,899s     113ms  19156    [AsyncGameResLoader Thread] DONE OverloadFromFolder RT = rxHouses
20:54:24.867     1,926s      27ms  12804    [AsyncGameResLoader MainTh] [UpdateStateIdle] GenTextures RT = rxHouses Stage = lsGenOverload
20:54:24.875     1,933s       7ms  12804    [AsyncGameResLoader MainTh] [UpdateStateIdle] DONE
20:54:24.882     1,940s       7ms  19156    [AsyncGameResLoader Thread] RT = rxUnits Stage = lsLoad
20:54:24.888     1,946s       6ms  19156    [AsyncGameResLoader Thread] Start Load RXX 'Units.rxx'
20:54:24.894     1,952s       6ms  19156    Load Sprites started
20:54:24.901     1,959s       6ms  19156    Units - 14845
20:54:25.400     2,459s     500ms  19156    Load Sprites Done
20:54:26.520     3,578s    1119ms  19156    [AsyncGameResLoader Thread] DONE Load RXX 'Units.rxa'
20:54:26.528     3,586s       8ms  12804    [AsyncGameResLoader MainTh] [UpdateStateIdle] GenTextures RT = rxUnits Stage = lsGenMain
20:54:26.599     3,657s      71ms  12804    [AsyncGameResLoader MainTh] [UpdateStateIdle] DONE
20:54:26.606     3,664s       7ms  19156    [AsyncGameResLoader Thread] RT = rxUnits Stage = lsOverload
20:54:26.611     3,669s       5ms  19156    [AsyncGameResLoader Thread] OverloadFromFolder RT = rxUnits
20:54:26.618     3,676s       6ms  19156    [AsyncGameResLoader Thread] DONE OverloadFromFolder RT = rxUnits
20:54:26.631     3,689s      13ms  12804    [AsyncGameResLoader MainTh] [UpdateStateIdle] GenTextures RT = rxUnits Stage = lsGenOverload
20:54:26.636     3,694s       5ms  12804    [AsyncGameResLoader Thread] Stopped
20:54:26.643     3,701s       7ms  12804    [AsyncGameResLoader MainTh] [UpdateStateIdle] DONE
20:54:39.705    16,764s   13063ms  12804    LoadGameResources ... AlphaShadows: True. Forced: False
20:54:39.713    16,771s       7ms  12804    Resource loading state - Game
20:54:39.739    16,797s      26ms  12804    Saving dev settings to file 'kmr_dev.xml'
20:54:39.796    16,854s      57ms  12804    <== Game creation is done ==>
20:54:39.803    16,861s       7ms  12804    GameStart
20:54:39.809    16,867s       6ms  12804    Loading DAT file: E:\programowanie\projekty delphi\kam_expansion\Maps\Nowa Misja 2\Nowa Misja 2.dat
20:54:39.815    16,873s       6ms  12804    Loading map file: E:\programowanie\projekty delphi\kam_expansion\Maps\Nowa Misja 2\Nowa Misja 2.map
20:54:39.821    16,879s       6ms  12804    Map file loaded
20:54:39.828    16,886s       7ms  12804    Gameplay recording initialized ... done
20:54:39.834    16,892s       6ms  12804    Game options: PT = 0; SpeedPT = 1; SpeedAfterPT = 1; Seed = 0; Difficulty = mdNone
20:54:39.841    16,899s       7ms  12804    Gameplay initialized ... done
20:54:39.847    16,905s       6ms  12804    After game start
20:54:39.853    16,911s       6ms  12804    Set game seed: 2083439336
20:54:39.860    16,918s       7ms  12804    Saving game at tick 0 to 'E:\programowanie\projekty delphi\kam_expansion\Saves\basesave\basesave.bas'
20:54:39.867    16,925s       7ms  12804    After game start ... done
20:54:48.908    25,966s    9041ms  12804    Issue gicGameAutoSave command at tick 600
20:54:48.915    25,973s       7ms  12804    Saving game at tick 600 to 'E:\programowanie\projekty delphi\kam_expansion\Saves\autosave\autosave.sav'
20:55:18.776    55,834s   29861ms  12804    Issue gicGameAutoSave command at tick 1200
20:55:18.784    55,842s       8ms  12804    Saving game at tick 1200 to 'E:\programowanie\projekty delphi\kam_expansion\Saves\autosave\autosave.sav'
20:56:03.592   100,650s   44808ms  12804    Issue gicGameAutoSave command at tick 1800
20:56:03.599   100,657s       7ms  12804    Saving game at tick 1800 to 'E:\programowanie\projekty delphi\kam_expansion\Saves\autosave\autosave.sav'
20:56:35.015   132,073s   31416ms  12804    Saving dev settings to file 'kmr_dev.xml'
20:56:35.799   132,857s     784ms  12804    Stopping game application...
20:56:35.806   132,864s       7ms  12804    Gameplay ended - grSilent /
20:56:35.812   132,870s       6ms  12804    Start saving 'Server settings' to 'C:\Users\szyby\OneDrive\Dokumenty\My Games\Knights and Merchants Remake\KaM Remake Server Settings.ini'
00908604 KaM_Expansion.exe KM_Settings        106 TKMSettings.SaveToDefaultFile
009086d7 KaM_Expansion.exe KM_Settings        113 TKMSettings.SaveToDefaultFile
00908310 KaM_Expansion.exe KM_Settings         65 TKMSettings.Destroy
00a45e3e KaM_Expansion.exe KM_ServerSettings  117 TKMServerSettings.Destroy
0036a764 KaM_Expansion.exe System              23 TObject.Free
00639814 KaM_Expansion.exe KromUtils          281 FreeThenNil
00b125af KaM_Expansion.exe KM_GameApp         330 TKMGameApp.Destroy
0036a764 KaM_Expansion.exe System              23 TObject.Free
00639814 KaM_Expansion.exe KromUtils          281 FreeThenNil
00b1d245 KaM_Expansion.exe KM_Main            376 TKMMain.Stop
00b1d324 KaM_Expansion.exe KM_Main            405 TKMMain.Stop
00d86b0d KaM_Expansion.exe KM_FormMain       2212 TFormMain.FormClose
005e36a7 KaM_Expansion.exe Vcl.Forms              TCustomForm.DoClose
005e9095 KaM_Expansion.exe Vcl.Forms              TCustomForm.Close
005e7cd4 KaM_Expansion.exe Vcl.Forms              TCustomForm.WMClose
00532cfa KaM_Expansion.exe Vcl.Controls           TControl.WndProc
00537ec1 KaM_Expansion.exe Vcl.Controls           TWinControl.WndProc
005e42e8 KaM_Expansion.exe Vcl.Forms              TCustomForm.WndProc
005e4303 KaM_Expansion.exe Vcl.Forms              TCustomForm.WndProc
00d865f9 KaM_Expansion.exe KM_FormMain       2051 TFormMain.WndProc

20:56:35.834   132,892s      22ms  12804    'Server settings' was successfully saved to 'C:\Users\szyby\OneDrive\Dokumenty\My Games\Knights and Merchants Remake\KaM Remake Server Settings.ini'
20:56:36.051   133,109s     217ms  12804    Start saving 'GameApp settings' to 'C:\Users\szyby\OneDrive\Dokumenty\My Games\Knights and Merchants Remake\KaM Remake Settings KingDyronMod.xml'
00908604 KaM_Expansion.exe KM_Settings         106 TKMSettings.SaveToDefaultFile
009086d7 KaM_Expansion.exe KM_Settings         113 TKMSettings.SaveToDefaultFile
00908310 KaM_Expansion.exe KM_Settings          65 TKMSettings.Destroy
00908a6a KaM_Expansion.exe KM_SettingsXML       44 TKMSettingsXML.Destroy
00908d96 KaM_Expansion.exe KM_GameAppSettings   57 TKMGameAppSettings.Destroy
0036a764 KaM_Expansion.exe System               23 TObject.Free
00639814 KaM_Expansion.exe KromUtils           281 FreeThenNil
00b1d24f KaM_Expansion.exe KM_Main             378 TKMMain.Stop
00b1d324 KaM_Expansion.exe KM_Main             405 TKMMain.Stop
00d86b0d KaM_Expansion.exe KM_FormMain        2212 TFormMain.FormClose
005e36a7 KaM_Expansion.exe Vcl.Forms               TCustomForm.DoClose
005e9095 KaM_Expansion.exe Vcl.Forms               TCustomForm.Close
005e7cd4 KaM_Expansion.exe Vcl.Forms               TCustomForm.WMClose
00532cfa KaM_Expansion.exe Vcl.Controls            TControl.WndProc
00537ec1 KaM_Expansion.exe Vcl.Controls            TWinControl.WndProc
005e42e8 KaM_Expansion.exe Vcl.Forms               TCustomForm.WndProc
005e4303 KaM_Expansion.exe Vcl.Forms               TCustomForm.WndProc
00d865f9 KaM_Expansion.exe KM_FormMain        2051 TFormMain.WndProc
005373cc KaM_Expansion.exe Vcl.Controls            TWinControl.MainWndProc
005373e7 KaM_Expansion.exe Vcl.Controls            TWinControl.MainWndProc

20:56:36.065   133,123s      14ms  12804    'GameApp settings' was successfully saved to 'C:\Users\szyby\OneDrive\Dokumenty\My Games\Knights and Merchants Remake\KaM Remake Settings KingDyronMod.xml'
