   Timestamp    Elapsed     Delta  Thread    Description
========================
    Date: 2024.12.31
========================
12:09:59.690     0,001s       1ms   1916    Log is up and running. Game version: KaM Expansion: Co-op & World Update
12:09:59.700     0,010s       9ms   1916    Game Load started
12:09:59.726     0,037s      27ms   1916    Start loading 'GameApp settings' from 'C:\Users\szyby\OneDrive\Dokumenty\My Games\Knights and Merchants Remake\KaM Remake Settings KingDyronMod.xml'
12:09:59.732     0,042s       5ms   1916    'GameApp settings' was successfully loaded from 'C:\Users\szyby\OneDrive\Dokumenty\My Games\Knights and Merchants Remake\KaM Remake Settings KingDyronMod.xml'
12:09:59.738     0,048s       5ms   1916    Start saving 'GameApp settings' to 'C:\Users\szyby\OneDrive\Dokumenty\My Games\Knights and Merchants Remake\KaM Remake Settings KingDyronMod.xml'
00ec2a20 KaM_Expansion.exe KM_Settings        106 TKMSettings.SaveToDefaultFile
00ec2af3 KaM_Expansion.exe KM_Settings        113 TKMSettings.SaveToDefaultFile
00ec26f1 KaM_Expansion.exe KM_Settings         59 TKMSettings.Create
00ec2e2e KaM_Expansion.exe KM_SettingsXML      38 TKMSettingsXML.Create
00ec316f KaM_Expansion.exe KM_GameAppSettings  51 TKMGameAppSettings.Create
010dc594 KaM_Expansion.exe KM_Main            258 TKMMain.Start
010dc818 KaM_Expansion.exe KM_Main            305 TKMMain.Start
0135ab2b KaM_Expansion.exe KaM_Expansion      479 initialization
0135ab5a KaM_Expansion.exe KaM_Expansion      482 initialization
772b7ba7 KERNEL32.DLL                             BaseThreadInitThunk

12:09:59.775     0,086s      38ms   1916    'GameApp settings' was successfully saved to 'C:\Users\szyby\OneDrive\Dokumenty\My Games\Knights and Merchants Remake\KaM Remake Settings KingDyronMod.xml'
12:09:59.810     0,120s      34ms   1916    Start loading 'Server settings' from 'C:\Users\szyby\OneDrive\Dokumenty\My Games\Knights and Merchants Remake\KaM Remake Server Settings.ini'
12:09:59.817     0,128s       7ms   1916    'Server settings' was successfully loaded from 'C:\Users\szyby\OneDrive\Dokumenty\My Games\Knights and Merchants Remake\KaM Remake Server Settings.ini'
12:09:59.824     0,135s       7ms   1916    Start saving 'Server settings' to 'C:\Users\szyby\OneDrive\Dokumenty\My Games\Knights and Merchants Remake\KaM Remake Server Settings.ini'
00ec2a20 KaM_Expansion.exe KM_Settings       106 TKMSettings.SaveToDefaultFile
00ec2af3 KaM_Expansion.exe KM_Settings       113 TKMSettings.SaveToDefaultFile
00ec26f1 KaM_Expansion.exe KM_Settings        59 TKMSettings.Create
0100580c KaM_Expansion.exe KM_ServerSettings 109 TKMServerSettings.Create
010d1914 KaM_Expansion.exe KM_GameApp        213 TKMGameApp.Create
010d1d66 KaM_Expansion.exe KM_GameApp        295 TKMGameApp.Create
010dd83e KaM_Expansion.exe KM_Main           635 TKMMain.ReinitRender
010dda4a KaM_Expansion.exe KM_Main           689 TKMMain.ReinitRender
010dc6aa KaM_Expansion.exe KM_Main           281 TKMMain.Start
010dc818 KaM_Expansion.exe KM_Main           305 TKMMain.Start
0135ab2b KaM_Expansion.exe KaM_Expansion     479 initialization
0135ab5a KaM_Expansion.exe KaM_Expansion     482 initialization
772b7ba7 KERNEL32.DLL                            BaseThreadInitThunk

12:09:59.836     0,147s      12ms   1916    'Server settings' was successfully saved to 'C:\Users\szyby\OneDrive\Dokumenty\My Games\Knights and Merchants Remake\KaM Remake Server Settings.ini'
12:09:59.843     0,154s       7ms   1916    Init Render started
12:10:00.217     0,528s     374ms   1916    GL_MAX_TEXTURE_SIZE = 32768
12:10:00.224     0,535s       7ms   1916    GL_MAX_VIEWPORT_DIM = 32768
                                      OpenGL Vendor: NVIDIA Corporation
                                      OpenGL Renderer: NVIDIA GeForce RTX 3060 Ti/PCIe/SSE2
                                      OpenGL Version: 4.6.0 NVIDIA 560.81
12:10:00.249     0,560s      25ms   1916    Init Render Done
12:10:00.256     0,567s       7ms   1916    Resource loading state - None
12:10:00.263     0,573s       6ms   1916    Reading palettes ... done
12:10:00.272     0,582s       9ms   1916    Reading GUI.rx
12:10:00.279     0,589s       7ms   1916    Load Sprites started
12:10:00.284     0,595s       6ms   1916    GUI - 966
12:10:00.304     0,615s      20ms   1916    Load Sprites Done
12:10:00.341     0,651s      36ms   1916    Reading GUIMain.rx
12:10:00.348     0,659s       8ms   1916    Load Sprites started
12:10:00.355     0,666s       7ms   1916    GUIMain - 105
12:10:00.407     0,718s      52ms   1916    Load Sprites Done
12:10:00.464     0,775s      57ms   1916    Reading Tileset.rx
12:10:00.471     0,782s       7ms   1916    Load Sprites started
12:10:00.478     0,789s       7ms   1916    Tileset - 5449
12:10:00.514     0,825s      36ms   1916    Load Sprites Done
12:10:00.522     0,832s       7ms   1916    GenerateTerrainTransitions started. Legacy = False
12:10:00.528     0,838s       6ms   1916    TexId = 5451 GenTilesCnt = 2100
12:10:00.533     0,844s       6ms   1916    TexId = 6051; TexId - fGenTexIdStartI = 600; uniqueTex = 600; totalTex = 1350
12:10:00.540     0,851s       7ms   1916    GeneratedMasks cnt = 20
12:10:00.547     0,858s       7ms   1916    GenerateTerrainTransitions Done
12:10:00.553     0,864s       6ms   1916    GenerateTerrainTransitions started. Legacy = True
12:10:00.559     0,870s       6ms   1916    Legacy: TexId = 4999 GenTilesCntTemp = 2030
12:10:00.566     0,877s       7ms   1916    TexId = 5463; TexId - fGenTexIdStartILegacy = 464; uniqueTex = 464; totalTex = 1044
12:10:00.573     0,884s       7ms   1916    GeneratedMasks cnt = 16
12:10:00.580     0,891s       7ms   1916    GenerateTerrainTransitions Done
12:10:00.692     1,003s     112ms   1916    Load font started
12:10:00.729     1,040s      37ms   1916    Font load took 37ms
12:10:00.736     1,046s       6ms   1916    Read fonts is done
