   Timestamp    Elapsed     Delta  Thread    Description
========================
    Date: 2024.12.31
========================
12:27:17.409     0,001s       1ms  14672    Log is up and running. Game version: KaM Expansion: Co-op & World Update
12:27:17.414     0,007s       6ms  14672    Game Load started
12:27:17.426     0,018s      11ms  14672    Start loading 'GameApp settings' from 'C:\Users\szyby\OneDrive\Dokumenty\My Games\Knights and Merchants Remake\KaM Remake Settings KingDyronMod.xml'
12:27:17.432     0,024s       6ms  14672    'GameApp settings' was successfully loaded from 'C:\Users\szyby\OneDrive\Dokumenty\My Games\Knights and Merchants Remake\KaM Remake Settings KingDyronMod.xml'
12:27:17.438     0,030s       6ms  14672    Start saving 'GameApp settings' to 'C:\Users\szyby\OneDrive\Dokumenty\My Games\Knights and Merchants Remake\KaM Remake Settings KingDyronMod.xml'
013628cc KaM_Expansion.exe KM_Settings        106 TKMSettings.SaveToDefaultFile
0136299f KaM_Expansion.exe KM_Settings        113 TKMSettings.SaveToDefaultFile
0136259d KaM_Expansion.exe KM_Settings         59 TKMSettings.Create
01362cda KaM_Expansion.exe KM_SettingsXML      38 TKMSettingsXML.Create
0136301b KaM_Expansion.exe KM_GameAppSettings  51 TKMGameAppSettings.Create
0157c3b4 KaM_Expansion.exe KM_Main            258 TKMMain.Start
0157c638 KaM_Expansion.exe KM_Main            305 TKMMain.Start
017fab2b KaM_Expansion.exe KaM_Expansion      479 initialization
017fab5a KaM_Expansion.exe KaM_Expansion      482 initialization
772b7ba7 KERNEL32.DLL                             BaseThreadInitThunk

12:27:17.479     0,071s      41ms  14672    'GameApp settings' was successfully saved to 'C:\Users\szyby\OneDrive\Dokumenty\My Games\Knights and Merchants Remake\KaM Remake Settings KingDyronMod.xml'
12:27:17.505     0,097s      26ms  14672    Start loading 'Server settings' from 'C:\Users\szyby\OneDrive\Dokumenty\My Games\Knights and Merchants Remake\KaM Remake Server Settings.ini'
12:27:17.513     0,105s       8ms  14672    'Server settings' was successfully loaded from 'C:\Users\szyby\OneDrive\Dokumenty\My Games\Knights and Merchants Remake\KaM Remake Server Settings.ini'
12:27:17.521     0,113s       8ms  14672    Start saving 'Server settings' to 'C:\Users\szyby\OneDrive\Dokumenty\My Games\Knights and Merchants Remake\KaM Remake Server Settings.ini'
013628cc KaM_Expansion.exe KM_Settings       106 TKMSettings.SaveToDefaultFile
0136299f KaM_Expansion.exe KM_Settings       113 TKMSettings.SaveToDefaultFile
0136259d KaM_Expansion.exe KM_Settings        59 TKMSettings.Create
014a562c KaM_Expansion.exe KM_ServerSettings 109 TKMServerSettings.Create
01571734 KaM_Expansion.exe KM_GameApp        213 TKMGameApp.Create
01571b86 KaM_Expansion.exe KM_GameApp        295 TKMGameApp.Create
0157d65e KaM_Expansion.exe KM_Main           635 TKMMain.ReinitRender
0157d86a KaM_Expansion.exe KM_Main           689 TKMMain.ReinitRender
0157c4ca KaM_Expansion.exe KM_Main           281 TKMMain.Start
0157c638 KaM_Expansion.exe KM_Main           305 TKMMain.Start
017fab2b KaM_Expansion.exe KaM_Expansion     479 initialization
017fab5a KaM_Expansion.exe KaM_Expansion     482 initialization
772b7ba7 KERNEL32.DLL                            BaseThreadInitThunk

12:27:17.535     0,127s      14ms  14672    'Server settings' was successfully saved to 'C:\Users\szyby\OneDrive\Dokumenty\My Games\Knights and Merchants Remake\KaM Remake Server Settings.ini'
12:27:17.544     0,136s       9ms  14672    Init Render started
12:27:17.693     0,285s     149ms  14672    GL_MAX_TEXTURE_SIZE = 32768
12:27:17.699     0,292s       7ms  14672    GL_MAX_VIEWPORT_DIM = 32768
                                      OpenGL Vendor: NVIDIA Corporation
                                      OpenGL Renderer: NVIDIA GeForce RTX 3060 Ti/PCIe/SSE2
                                      OpenGL Version: 4.6.0 NVIDIA 560.81
12:27:17.729     0,321s      29ms  14672    Init Render Done
12:27:17.736     0,328s       7ms  14672    Resource loading state - None
12:27:17.743     0,335s       7ms  14672    Reading palettes ... done
12:27:17.751     0,344s       9ms  14672    Reading GUI.rx
12:27:17.759     0,351s       7ms  14672    Load Sprites started
12:27:17.767     0,359s       8ms  14672    GUI - 966
12:27:17.792     0,384s      25ms  14672    Load Sprites Done
12:27:17.827     0,419s      35ms  14672    Reading GUIMain.rx
12:27:17.835     0,427s       8ms  14672    Load Sprites started
12:27:17.843     0,436s       9ms  14672    GUIMain - 105
12:27:17.894     0,487s      51ms  14672    Load Sprites Done
12:27:17.953     0,545s      58ms  14672    Reading Tileset.rx
12:27:17.960     0,552s       7ms  14672    Load Sprites started
12:27:17.966     0,558s       6ms  14672    Tileset - 5449
12:27:18.003     0,595s      37ms  14672    Load Sprites Done
12:27:18.010     0,602s       7ms  14672    GenerateTerrainTransitions started. Legacy = False
12:27:18.016     0,608s       6ms  14672    TexId = 5451 GenTilesCnt = 2100
12:27:18.022     0,615s       7ms  14672    TexId = 6051; TexId - fGenTexIdStartI = 600; uniqueTex = 600; totalTex = 1350
12:27:18.030     0,622s       7ms  14672    GeneratedMasks cnt = 20
12:27:18.036     0,628s       6ms  14672    GenerateTerrainTransitions Done
12:27:18.042     0,635s       7ms  14672    GenerateTerrainTransitions started. Legacy = True
12:27:18.049     0,641s       6ms  14672    Legacy: TexId = 4999 GenTilesCntTemp = 2030
12:27:18.055     0,647s       6ms  14672    TexId = 5463; TexId - fGenTexIdStartILegacy = 464; uniqueTex = 464; totalTex = 1044
12:27:18.061     0,654s       7ms  14672    GeneratedMasks cnt = 16
12:27:18.068     0,660s       6ms  14672    GenerateTerrainTransitions Done
12:27:18.183     0,775s     115ms  14672    Load font started
12:27:18.224     0,816s      41ms  14672    Font load took 41ms
12:27:18.231     0,823s       7ms  14672    Read fonts is done
12:27:18.244     0,836s      13ms  14672    Start saving 'Server settings' to 'C:\Users\szyby\OneDrive\Dokumenty\My Games\Knights and Merchants Remake\KaM Remake Server Settings.ini'
013628cc KaM_Expansion.exe KM_Settings        106 TKMSettings.SaveToDefaultFile
0136299f KaM_Expansion.exe KM_Settings        113 TKMSettings.SaveToDefaultFile
013625d8 KaM_Expansion.exe KM_Settings         65 TKMSettings.Destroy
014a5672 KaM_Expansion.exe KM_ServerSettings  117 TKMServerSettings.Destroy
00dca764 KaM_Expansion.exe System              23 TObject.Free
01099814 KaM_Expansion.exe KromUtils          281 FreeThenNil
01571de3 KaM_Expansion.exe KM_GameApp         330 TKMGameApp.Destroy
77ba91b1 ntdll.dll                                KiUserExceptionDispatcher
00e739cf KaM_Expansion.exe madExcept              SetLastExceptionHelper
00e73a36 KaM_Expansion.exe madExcept              MyRaiseExceptProc
010b7e70 KaM_Expansion.exe JsonDataObjects   2532 TJsonDataValue.GetIntValue
010bdcc1 KaM_Expansion.exe JsonDataObjects   7161 TJsonDataValueHelper.&op_Implicit
010c3950 KaM_Expansion.exe KM_JSONUtils       151 JSONArrToValidArr
011ccb79 KaM_Expansion.exe KM_ResMapElements  591 TKMResMapElements.LoadFromJSON
011cc901 KaM_Expansion.exe KM_ResMapElements  546 TKMResMapElements.LoadFromFile
017a4660 KaM_Expansion.exe KM_Resource        207 TKMResource.LoadMainResources
015717f6 KaM_Expansion.exe KM_GameApp         225 TKMGameApp.Create
0157d65e KaM_Expansion.exe KM_Main            635 TKMMain.ReinitRender
0157d86a KaM_Expansion.exe KM_Main            689 TKMMain.ReinitRender
0157c4ca KaM_Expansion.exe KM_Main            281 TKMMain.Start

12:27:18.262     0,854s      18ms  14672    'Server settings' was successfully saved to 'C:\Users\szyby\OneDrive\Dokumenty\My Games\Knights and Merchants Remake\KaM Remake Server Settings.ini'
12:27:18.301     0,893s      39ms  14672    Exception occurred [EJsonCastException]: Cannot cast Array into Integer.
                                      ================================================================================
                                                                      START BUG REPORT                                
                                      ================================================================================
                                      date/time          : 2024-12-31, 12:27:18, 269ms
computer name      : LAPTOP-5CTTUAIM
user name          : szyby
registered owner   : szybyc@wp.pl / HP Inc.
operating system   : Windows 11 x64 build 22631
system language    : Polish
system up time     : 3 hours 55 minutes
program up time    : 1 second
processors         : 12x 11th Gen Intel(R) Core(TM) i5-11400F @ 2.60GHz
physical memory    : 21923/32650 MB (free/total)
free disk space    : (C:) 184,13 GB (E:) 652,95 GB
display mode       : 1920x1080, 32 bit
process id         : $381c
allocated memory   : 107,49 MB
largest free block : 1,96 GB
executable         : KaM_Expansion.exe
exec. date/time    : 2024-12-31 12:27
version            : 1.0.0.0
compiled with      : Delphi 11
madExcept version  : 5.1.4
callstack crc      : $282dbec5, $4efa3650, $4efa3650
exception number   : 1
exception class    : EJsonCastException
exception message  : Cannot cast Array into Integer.

main thread ($3950):
010b7e70 +00c8 KaM_Expansion.exe JsonDataObjects   2532  +26 TJsonDataValue.GetIntValue
010bdcc1 +0009 KaM_Expansion.exe JsonDataObjects   7161   +2 TJsonDataValueHelper.&op_Implicit
010c3950 +00cc KaM_Expansion.exe KM_JSONUtils       151  +11 JSONArrToValidArr
011ccb79 +0171 KaM_Expansion.exe KM_ResMapElements  591  +15 TKMResMapElements.LoadFromJSON
011cc901 +1df5 KaM_Expansion.exe KM_ResMapElements  546 +280 TKMResMapElements.LoadFromFile
017a4660 +01f0 KaM_Expansion.exe KM_Resource        207  +33 TKMResource.LoadMainResources
015717f6 +014e KaM_Expansion.exe KM_GameApp         225  +25 TKMGameApp.Create
0157d65e +0136 KaM_Expansion.exe KM_Main            635  +22 TKMMain.ReinitRender
0157c4ca +036e KaM_Expansion.exe KM_Main            281  +74 TKMMain.Start
017fab2b +0067 KaM_Expansion.exe KaM_Expansion      479   +6 initialization
772b7ba7 +0017 KERNEL32.DLL                                  BaseThreadInitThunk

thread $4860:
772b7ba7 +17 KERNEL32.DLL  BaseThreadInitThunk

thread $2b7c:
772b7ba7 +17 KERNEL32.DLL  BaseThreadInitThunk

thread $574:
772b7ba7 +17 KERNEL32.DLL  BaseThreadInitThunk

thread $2e78:
775e4152 +82 KERNELBASE.dll              WaitForSingleObjectEx
775e40bd +0d KERNELBASE.dll              WaitForSingleObject
00e74add +0d KaM_Expansion.exe madExcept CallThreadProcSafe
00e74b42 +32 KaM_Expansion.exe madExcept ThreadExceptFrame
00e74bb8 +a8 KaM_Expansion.exe madExcept ThreadExceptFrame
772b7ba7 +17 KERNEL32.DLL                BaseThreadInitThunk
>> created by main thread ($3950) at:
788f0276 +00 nvoglv32.dll

thread $27b0:
775e4f79 +189 KERNELBASE.dll              WaitForMultipleObjectsEx
00e74add +00d KaM_Expansion.exe madExcept CallThreadProcSafe
00e74b42 +032 KaM_Expansion.exe madExcept ThreadExceptFrame
00e74bb8 +0a8 KaM_Expansion.exe madExcept ThreadExceptFrame
772b7ba7 +017 KERNEL32.DLL                BaseThreadInitThunk
>> created by main thread ($3950) at:
771b02ff +000 CRYPT32.dll

thread $414:
775e4f79 +189 KERNELBASE.dll              WaitForMultipleObjectsEx
775e4dd3 +013 KERNELBASE.dll              WaitForMultipleObjects
00e74add +00d KaM_Expansion.exe madExcept CallThreadProcSafe
00e74b42 +032 KaM_Expansion.exe madExcept ThreadExceptFrame
00e74bb8 +0a8 KaM_Expansion.exe madExcept ThreadExceptFrame
772b7ba7 +017 KERNEL32.DLL                BaseThreadInitThunk
>> created by main thread ($3950) at:
7891ea4e +000 nvoglv32.dll

thread $368c:
75f42dbc +4c USER32.dll                  MsgWaitForMultipleObjectsEx
75f5245a +1a USER32.dll                  MsgWaitForMultipleObjects
00e74add +0d KaM_Expansion.exe madExcept CallThreadProcSafe
00e74b42 +32 KaM_Expansion.exe madExcept ThreadExceptFrame
00e74bb8 +a8 KaM_Expansion.exe madExcept ThreadExceptFrame
772b7ba7 +17 KERNEL32.DLL                BaseThreadInitThunk
>> created by thread $2e78 at:
788ea0f7 +00 nvoglv32.dll

thread $11dc:
772b7ba7 +17 KERNEL32.DLL  BaseThreadInitThunk

thread $fcc:
772b7ba7 +17 KERNEL32.DLL  BaseThreadInitThunk

modules:
00800000 ogg.dll                                      E:\programowanie\projekty delphi\kam_expansion
009e0000 vorbis.dll                                   E:\programowanie\projekty delphi\kam_expansion
00dc0000 KaM_Expansion.exe        1.0.0.0             E:\programowanie\projekty delphi\kam_expansion
10000000 vorbisfile.dll                               E:\programowanie\projekty delphi\kam_expansion
11000000 bass.dll                 2.4.8.1             E:\programowanie\projekty delphi\kam_expansion
502c0000 libvlccore.dll           3.0.8.0             E:\programowanie\projekty delphi\kam_expansion\lib\vlc
522c0000 nvgpucomp32.dll          32.0.15.6081        C:\WINDOWS\System32\DriverStore\FileRepository\nvmdi.inf_amd64_2e01d57d451be19f
53e40000 nvspcap.dll              11.0.1.163          C:\WINDOWS\system32
58df0000 drvstore.dll             6.2.22621.4541      C:\WINDOWS\SYSTEM32
59860000 libvlc.dll               3.0.8.0             E:\programowanie\projekty delphi\kam_expansion\lib\vlc
598a0000 MSACM32.dll              6.2.22621.1         C:\WINDOWS\SYSTEM32
59ea0000 UMPDC.dll                6.2.22621.1         C:\WINDOWS\SYSTEM32
59eb0000 powrprof.dll             6.2.22621.3958      C:\WINDOWS\SYSTEM32
5c450000 devobj.dll               6.2.22621.2506      C:\WINDOWS\SYSTEM32
5c550000 GLU32.dll                6.2.22621.2506      C:\WINDOWS\SYSTEM32
5dc40000 opengl32.dll             6.2.22621.4541      C:\WINDOWS\SYSTEM32
600d0000 FaultRep.dll             6.2.22621.4541      C:\WINDOWS\SYSTEM32
674c0000 CoreUIComponents.dll     6.2.22621.4541      C:\WINDOWS\SYSTEM32
67760000 CoreMessaging.dll        6.2.22621.4541      C:\WINDOWS\SYSTEM32
67830000 textinputframework.dll   6.2.22621.4541      C:\WINDOWS\SYSTEM32
6cf70000 dxcore.dll               6.2.22621.4541      C:\WINDOWS\SYSTEM32
6e920000 dwmapi.dll               6.2.22621.4541      C:\WINDOWS\SYSTEM32
6ef70000 cryptnet.dll             6.2.22621.1         C:\WINDOWS\SYSTEM32
6efd0000 rsaenh.dll               6.2.22621.4249      C:\WINDOWS\system32
6f000000 CRYPTSP.dll              6.2.22621.3672      C:\WINDOWS\SYSTEM32
6f210000 TextShaping.dll          6.2.22621.4541      C:\WINDOWS\SYSTEM32
70270000 SHFolder.dll             6.2.22621.1         C:\WINDOWS\SYSTEM32
70280000 winspool.drv             6.2.22621.3810      C:\WINDOWS\SYSTEM32
73670000 WINSTA.dll               6.2.22621.4541      C:\WINDOWS\SYSTEM32
73c60000 wldp.dll                 6.2.22621.4541      C:\WINDOWS\SYSTEM32
73de0000 ntmarta.dll              6.2.22621.1         C:\WINDOWS\SYSTEM32
74240000 cfgmgr32.dll             6.2.22621.2506      C:\WINDOWS\SYSTEM32
74280000 propsys.dll              7.0.22621.4249      C:\WINDOWS\system32
74350000 SspiCli.dll              6.2.22621.3810      C:\WINDOWS\SYSTEM32
74380000 winmm.dll                6.2.22621.4541      C:\WINDOWS\SYSTEM32
743c0000 uxtheme.dll              6.2.22621.4541      C:\WINDOWS\system32
74460000 winhttp.dll              6.2.22621.4541      C:\WINDOWS\SYSTEM32
74540000 COMCTL32.dll             6.10.22621.4541     C:\WINDOWS\WinSxS\x86_microsoft.windows.common-controls_6595b64144ccf1df_6.0.22621.4541_none_6ebe089c8800e98b
74960000 msasn1.dll               6.2.22621.2506      C:\WINDOWS\SYSTEM32
74970000 wsock32.dll              6.2.22621.1         C:\WINDOWS\SYSTEM32
74b70000 kernel.appcore.dll       6.2.22621.3958      C:\WINDOWS\SYSTEM32
74bc0000 version.dll              6.2.22621.1         C:\WINDOWS\SYSTEM32
74e50000 profapi.dll              6.2.22621.4541      C:\WINDOWS\SYSTEM32
74e80000 wintypes.dll             6.2.22621.3810      C:\WINDOWS\SYSTEM32
74f50000 windows.storage.dll      6.2.22621.4601      C:\WINDOWS\SYSTEM32
75680000 CRYPTBASE.DLL            6.2.22621.1         C:\WINDOWS\SYSTEM32
75720000 wtsapi32.dll             6.2.22621.1         C:\WINDOWS\SYSTEM32
75750000 comdlg32.dll             6.2.22621.4541      C:\WINDOWS\System32
75810000 oleaut32.dll             6.2.22621.3672      C:\WINDOWS\System32
758b0000 bcryptPrimitives.dll     6.2.22621.4317      C:\WINDOWS\System32
75930000 msvcrt.dll               7.0.22621.2506      C:\WINDOWS\System32
75a00000 IMM32.DLL                6.2.22621.3374      C:\WINDOWS\System32
75a30000 SETUPAPI.dll             6.2.22621.2506      C:\WINDOWS\System32
75e70000 win32u.dll               6.2.22621.4460      C:\WINDOWS\System32
75e90000 sechost.dll              6.2.22621.4541      C:\WINDOWS\System32
75f20000 USER32.dll               6.2.22621.4601      C:\WINDOWS\System32
760d0000 imagehlp.dll             6.2.22621.1         C:\WINDOWS\System32
760f0000 WS2_32.dll               6.2.22621.1         C:\WINDOWS\System32
76150000 advapi32.dll             6.2.22621.4391      C:\WINDOWS\System32
761d0000 ole32.dll                6.2.22621.3958      C:\WINDOWS\System32
763d0000 shlwapi.dll              6.2.22621.4541      C:\WINDOWS\System32
76420000 SHELL32.dll              6.2.22621.4541      C:\WINDOWS\System32
76ad0000 gdi32full.dll            6.2.22621.4601      C:\WINDOWS\System32
76bc0000 ucrtbase.dll             6.2.22621.3593      C:\WINDOWS\System32
76ce0000 shcore.dll               6.2.22621.4541      C:\WINDOWS\System32
76db0000 bcrypt.dll               6.2.22621.2506      C:\WINDOWS\System32
76dd0000 GDI32.dll                6.2.22621.4036      C:\WINDOWS\System32
76e00000 msvcp_win.dll            6.2.22621.3374      C:\WINDOWS\System32
76e80000 WINTRUST.dll             6.2.22621.4541      C:\WINDOWS\System32
76ee0000 RPCRT4.dll               6.2.22621.4249      C:\WINDOWS\System32
77190000 CRYPT32.dll              6.2.22621.4541      C:\WINDOWS\System32
772a0000 KERNEL32.DLL             6.2.22621.4391      C:\WINDOWS\System32
77390000 MSCTF.dll                6.2.22621.4601      C:\WINDOWS\System32
774a0000 KERNELBASE.dll           6.2.22621.4601      C:\WINDOWS\System32
77730000 clbcatq.dll              2001.12.10941.16384 C:\WINDOWS\System32
77820000 combase.dll              6.2.22621.4601      C:\WINDOWS\System32
77b30000 ntdll.dll                6.2.22621.4541      C:\WINDOWS\SYSTEM32
77f10000 AppXDeploymentClient.dll 6.2.22621.4541      C:\Windows\System32
780e0000 nvoglv32.dll             32.0.15.6081        C:\WINDOWS\System32\DriverStore\FileRepository\nvmdi.inf_amd64_2e01d57d451be19f

hardware:
+ {1ed2bbf9-11f0-4084-b21f-ad83a8e6dcdc}
  - Fax
  - G³ówna kolejka wydruku
  - HP Smart Printing
  - Microsoft Print to PDF
  - Microsoft XPS Document Writer
+ {36fc9e60-c465-11cf-8056-444553540000}
  - G³ówny koncentrator USB (USB 3.0)
  - Intel(R) USB 3.20 eXtensible Host Controller - 1.20 (Microsoft)
  - Rodzajowy koncentrator USB
  - Rodzajowy koncentrator USB
  - Rodzajowy koncentrator USB SuperSpeed
  - Urz¹dzenie kompozytowe USB
  - Urz¹dzenie kompozytowe USB
  - Urz¹dzenie pamiêci masowej USB
+ {4d36e966-e325-11ce-bfc1-08002be10318}
  - Komputer oparty na architekturze x64 obs³uguj¹cy interfejs ACPI
  - Micro-Star International Co., Ltd. MS-7D15
+ {4d36e967-e325-11ce-bfc1-08002be10318}
  - ADATA USB Flash Drive USB Device
  - KXG60ZNV512G KIOXIA
  - Samsung SSD 980 1TB
+ {4d36e968-e325-11ce-bfc1-08002be10318}
  - NVIDIA GeForce RTX 3060 Ti (driver 32.0.15.6081)
+ {4d36e96a-e325-11ce-bfc1-08002be10318}
  - Standardowy kontroler SATA AHCI
+ {4d36e96b-e325-11ce-bfc1-08002be10318}
  - Urz¹dzenie klawiatury HID
  - Urz¹dzenie klawiatury HID
+ {4d36e96c-e325-11ce-bfc1-08002be10318}
  - NVIDIA High Definition Audio (driver 1.4.0.1)
  - NVIDIA Virtual Audio Device (Wave Extensible) (WDM) (driver 4.65.0.3)
  - Urz¹dzenie zgodne ze standardem High Definition Audio
+ {4d36e96e-e325-11ce-bfc1-08002be10318}
  - Generic Monitor (Smart TV)
+ {4d36e96f-e325-11ce-bfc1-08002be10318}
  - Mysz zgodna z HID
+ {4d36e972-e325-11ce-bfc1-08002be10318}
  - Microsoft Kernel Debug Network Adapter
  - Realtek Gaming 2.5GbE Family Controller (driver 10.71.312.2024)
  - WAN Miniport (IKEv2)
  - WAN Miniport (IP)
  - WAN Miniport (IPv6)
  - WAN Miniport (L2TP)
  - WAN Miniport (Network Monitor)
  - WAN Miniport (PPPOE)
  - WAN Miniport (PPTP)
  - WAN Miniport (SSTP)
+ {4d36e97b-e325-11ce-bfc1-08002be10318}
  - Kontroler miejsc do magazynowania firmy Microsoft
  - Standardowy kontroler NVM Express
  - Standardowy kontroler NVM Express
  - Xvdd SCSI Miniport (driver 10.0.22020.1)
+ {4d36e97d-e325-11ce-bfc1-08002be10318}
  - Agregator procesora systemu ACPI
  - Alarm wznawiania ACPI
  - AMD Crash Defender (driver 22.20.0.2)
  - Aplikacja zbieraj¹ca informacje o oprogramowaniu urz¹dzeñ Plug and Play
  - Ch³odzenie ACPI
  - Ch³odzenie ACPI
  - Ch³odzenie ACPI
  - Ch³odzenie ACPI
  - Ch³odzenie ACPI
  - Czasomierz systemowy
  - Czasomierz zdarzeniowy wysokiej precyzji
  - Intel(R) GNA - 4C11 (driver 10.1.41.5)
  - Intel(R) Host Bridge/DRAM Registers - 4C53 (driver 10.1.41.5)
  - Intel(R) LPC Controller (B560) - 4387 (driver 10.1.34.10)
  - Intel(R) Management Engine Interface #1 (driver 2131.1.4.0)
  - Intel(R) PCI Express Root Port #21 - 43C4 (driver 10.1.34.10)
  - Intel(R) PCI Express Root Port #6 - 43BD (driver 10.1.34.10)
  - Intel(R) PCI Express Root Port #9 - 43B0 (driver 10.1.34.10)
  - Intel(R) PEG10 - 4C01 (driver 10.1.41.5)
  - Intel(R) Serial IO GPIO Host Controller - INT34C6 (driver 30.100.2051.37)
  - Intel(R) Shared SRAM - 43EF (driver 10.1.34.10)
  - Intel(R) SPI (flash) Controller - 43A4 (driver 10.1.34.10)
  - Intel(R) Watchdog Timer Driver (Intel(R) WDT) (driver 11.7.0.1000)
  - Interfejs zarz¹dzania Microsoft Windows dla ACPI
  - Interfejs zarz¹dzania Microsoft Windows dla ACPI
  - Interfejs zarz¹dzania Microsoft Windows dla ACPI
  - Interfejs zarz¹dzania Microsoft Windows dla ACPI
  - Interfejs zarz¹dzania Microsoft Windows dla ACPI
  - Kontroler zgodny ze standardem High Definition Audio
  - Kontroler zgodny ze standardem High Definition Audio
  - Magistrala readresatora urz¹dzeñ us³ug pulpitu zdalnego
  - Mened¿er woluminów
  - Modu³ wyliczaj¹cy dysku wirtualnego firmy Microsoft
  - Modu³ wyliczaj¹cy magistrali g³ównej UMBus
  - Modu³ wyliczaj¹cy magistrali kompozytowej
  - Modu³ wyliczaj¹cy wirtualnej karty sieciowej NDIS
  - Podstawowy sterownik ekranu firmy Microsoft
  - Podstawowy sterownik renderowania firmy Microsoft
  - Procesor numeryczny
  - Programowalny kontroler przerwañ
  - Przycisk ACPI Fixed Feature
  - Przycisk uœpienia ACPI
  - Przycisk zasilania ACPI
  - Serwer PCI funkcji Microsoft Hyper-V
  - Sterownik BIOS zarz¹dzania systemem firmy Microsoft
  - Sterownik infrastruktury wirtualizacji funkcji Microsoft Hyper-V
  - Sterownik wybierania Ÿród³a ³adowania
  - Strefa termiczna ACPI
  - Synaptics SMBus Driver (driver 19.5.19.95)
  - System zgodny ze standardem Microsoft ACPI
  - System zgodny ze standardem Microsoft UEFI
  - Us³uga hosta funkcji hypervisor firmy Microsoft
  - Wtyczka aparatu zasilania firmy Intel(R)
  - Zasoby p³yty g³ównej
  - Zasoby p³yty g³ównej
  - Zasoby p³yty g³ównej
  - Zasoby p³yty g³ównej
  - Zasoby p³yty g³ównej
  - Zasoby p³yty g³ównej
  - Zasoby p³yty g³ównej
  - Zasoby p³yty g³ównej
  - Zespó³ g³ówny PCI Express
+ {50127dc3-0f36-415e-a6cc-4cb3be910b65}
  - 11th Gen Intel(R) Core(TM) i5-11400F @ 2.60GHz
  - 11th Gen Intel(R) Core(TM) i5-11400F @ 2.60GHz
  - 11th Gen Intel(R) Core(TM) i5-11400F @ 2.60GHz
  - 11th Gen Intel(R) Core(TM) i5-11400F @ 2.60GHz
  - 11th Gen Intel(R) Core(TM) i5-11400F @ 2.60GHz
  - 11th Gen Intel(R) Core(TM) i5-11400F @ 2.60GHz
  - 11th Gen Intel(R) Core(TM) i5-11400F @ 2.60GHz
  - 11th Gen Intel(R) Core(TM) i5-11400F @ 2.60GHz
  - 11th Gen Intel(R) Core(TM) i5-11400F @ 2.60GHz
  - 11th Gen Intel(R) Core(TM) i5-11400F @ 2.60GHz
  - 11th Gen Intel(R) Core(TM) i5-11400F @ 2.60GHz
  - 11th Gen Intel(R) Core(TM) i5-11400F @ 2.60GHz
+ {533c5b84-ec70-11d2-9505-00c04f79deaf}
  - Rodzajowa kopia w tle woluminów
  - Rodzajowa kopia w tle woluminów
  - Rodzajowa kopia w tle woluminów
  - Rodzajowa kopia w tle woluminów
  - Rodzajowa kopia w tle woluminów
+ {5c4c3332-344d-483c-8739-259e934c9cc8}
  - Intel(R) Dynamic Application Loader Host Interface (driver 1.44.2023.710)
  - Intel(R) iCLS Client (driver 1.71.99.0)
  - Intel(R) Management Engine WMI Provider (driver 2408.5.4.0)
+ {62f9c741-b25a-46ce-b54c-9bccce08b6f2}
  - LAPTOP-5CTTUAIM: szybyc@wp.pl:
  - Microsoft Device Association Root Enumerator
  - Microsoft Radio Device Enumeration Bus
  - Microsoft RRAS Root Enumerator
  - POLSATBOX4KLITE-
  - Syntezator SW Microsoft GS Wavetable
+ {745a17a0-74d3-11d0-b6fe-00a0c90f57da}
  - Kontroler systemu zgodny z HID
  - Kontroler systemu zgodny z HID
  - Urz¹dzenie steruj¹ce u¿ytkownika zgodne z HID
  - Urz¹dzenie steruj¹ce u¿ytkownika zgodne z HID
  - Urz¹dzenie wejœciowe USB
  - Urz¹dzenie wejœciowe USB
  - Urz¹dzenie wejœciowe USB
  - Urz¹dzenie wejœciowe USB
  - Urz¹dzenie wejœciowe USB
  - Urz¹dzenie zdefiniowane przez dostawcê zgodne z HID
  - Urz¹dzenie zdefiniowane przez dostawcê zgodne z HID
  - Urz¹dzenie zgodne z HID
+ {c166523c-fe0c-4a94-a586-f1a80cfbbf3e}
  - Cyfrowe urz¹dzenie audio (S/PDIF) (High Definition Audio Device)
  - Mikrofon (High Definition Audio Device)
  - Smart TV (NVIDIA High Definition Audio)
  - S³uchawki (High Definition Audio Device)
+ {eec5ad98-8080-425f-922a-dabf3de3f69a}
  - ADATA UFD
+ {f2e7dd72-6468-4e36-b6f1-6488f42c1b52}
  - Oprogramowanie uk³adowe urz¹dzenia

cpu registers:
eax = 1468b8f0
ebx = 1467afb0
ecx = 00000000
edx = 00835930
esi = 017faac4
edi = 017faac4
eip = 010b7e75
esp = 021cf298
ebp = 021cf2e0

stack dump:
021cf298  75 7e 0b 01 de fa ed 0e - 01 00 00 00 07 00 00 00  u~..............
021cf2a8  ac f2 1c 02 75 7e 0b 01 - f0 b8 68 14 b0 af 67 14  ....u~....h...g.
021cf2b8  c4 aa 7f 01 c4 aa 7f 01 - e0 f2 1c 02 c8 f2 1c 02  ................
021cf2c8  94 16 0b 01 11 00 00 00 - d0 15 0b 01 11 5e dc 00  .............^..
021cf2d8  2c a2 00 02 b0 af 67 14 - 44 f3 1c 02 75 7e 0b 01  ,.....g.D...u~..
021cf2e8  08 f3 1c 02 08 f3 1c 02 - c6 dc 0b 01 00 00 00 00  ................
021cf2f8  55 39 0c 01 4c f3 1c 02 - 9c bb dc 00 44 f3 1c 02  U9..L.......D...
021cf308  b0 af 67 14 00 00 00 00 - 00 00 00 00 00 00 00 00  ..g.............
021cf318  00 00 00 00 00 00 00 00 - 00 00 00 00 00 00 00 00  ................
021cf328  00 00 00 00 01 00 00 00 - 00 00 00 00 00 00 00 00  ................
021cf338  00 00 00 00 e8 f5 1c 02 - 30 0c 3c 14 24 f6 1c 02  ........0.<.$...
021cf348  7e cb 1c 01 2c f6 1c 02 - 9c bb dc 00 24 f6 1c 02  ~...,.......$...
021cf358  88 2b ec 00 00 00 00 00 - 00 00 00 00 00 00 00 00  .+..............
021cf368  00 00 00 00 00 00 00 00 - 00 00 00 00 50 ad 3b 14  ............P.;.
021cf378  00 00 00 00 00 00 00 00 - 00 00 00 00 00 00 00 00  ................
021cf388  00 00 00 00 00 00 00 00 - 00 00 00 00 50 ad 3b 14  ............P.;.
021cf398  00 00 00 00 00 00 00 00 - 00 00 00 00 00 00 00 00  ................
021cf3a8  00 00 00 00 00 00 00 00 - 00 00 00 00 50 ad 3b 14  ............P.;.
021cf3b8  00 00 00 00 00 00 00 00 - 00 00 00 00 00 00 00 00  ................
021cf3c8  00 00 00 00 00 00 00 00 - 00 00 00 00 50 ad 3b 14  ............P.;.

disassembling:
[...]
010b7e38        jmp     loc_10b7e7a
010b7e3a 2522   fld     qword ptr [ebx]
010b7e3c        call    -$2efe29 ($dc8018)     ; System.@TRUNC
010b7e41        mov     [esp], eax
010b7e44        jmp     loc_10b7e7a
010b7e46 2524   movzx   eax, byte ptr [ebx]
010b7e49        mov     [esp], eax
010b7e4c        jmp     loc_10b7e7a
010b7e4e 2527   cmp     byte ptr [$18088a2], 0
010b7e55        jz      loc_10b7e5c
010b7e57        cmp     dword ptr [ebx], 0
010b7e5a        jz      loc_10b7e65
010b7e5c 2528   mov     eax, ebx
010b7e5e        mov     dl, 2
010b7e60        call    +$1c83 ($10b9ae8)      ; JsonDataObjects.TJsonDataValue.TypeCastError
010b7e65 2529   xor     eax, eax
010b7e67        mov     [esp], eax
010b7e6a        jmp     loc_10b7e7a
010b7e6c 2532   mov     eax, ebx
010b7e6e        mov     dl, 2
010b7e70      > call    +$1c73 ($10b9ae8)      ; JsonDataObjects.TJsonDataValue.TypeCastError
010b7e75 2533   xor     eax, eax
010b7e77        mov     [esp], eax
010b7e7a 2535   mov     eax, [esp]
010b7e7d        pop     edx
010b7e7e        pop     ebx
010b7e7f        ret
                                      ================================================================================
                                                                       END BUG REPORT                                 
                                      ================================================================================
12:27:18.505     1,097s     204ms  14672    Attached file: E:\programowanie\projekty delphi\kam_expansion\Logs\KaM_2024-12-31_12-27-17-408.log
12:27:18.512     1,104s       7ms  14672    Attached file: C:\Users\szyby\OneDrive\Dokumenty\My Games\Knights and Merchants Remake\KaM Remake Settings KingDyronMod.xml
12:27:18.518     1,110s       6ms  14672    Attached file: C:\Users\szyby\OneDrive\Dokumenty\My Games\Knights and Merchants Remake\KaM Remake Server Settings.ini
12:27:18.530     1,122s      12ms  14672    Attached file: E:\programowanie\projekty delphi\kam_expansion\KaM Remake Server Settings.ini
