   Timestamp    Elapsed     Delta  Thread    Description
========================
    Date: 2025.01.05
========================
19:28:39.828     0,002s       2ms   9168    Log is up and running. Game version: KaM Expansion: Co-op & World Update
19:28:39.835     0,009s       7ms   9168    Game Load started
19:28:39.843     0,016s       7ms   9168    Start loading 'GameApp settings' from 'C:\Users\szyby\OneDrive\Dokumenty\My Games\Knights and Merchants Remake\KaM Remake Settings KingDyronMod.xml'
19:28:39.849     0,022s       5ms   9168    'GameApp settings' was successfully loaded from 'C:\Users\szyby\OneDrive\Dokumenty\My Games\Knights and Merchants Remake\KaM Remake Settings KingDyronMod.xml'
19:28:39.867     0,041s       5ms   9168    Start saving 'GameApp settings' to 'C:\Users\szyby\OneDrive\Dokumenty\My Games\Knights and Merchants Remake\KaM Remake Settings KingDyronMod.xml'
00798298 KaM_Expansion.exe KM_Settings        106 TKMSettings.SaveToDefaultFile
0079836b KaM_Expansion.exe KM_Settings        113 TKMSettings.SaveToDefaultFile
00797f69 KaM_Expansion.exe KM_Settings         59 TKMSettings.Create
007986a6 KaM_Expansion.exe KM_SettingsXML      38 TKMSettingsXML.Create
007989e7 KaM_Expansion.exe KM_GameAppSettings  51 TKMGameAppSettings.Create
009ac868 KaM_Expansion.exe KM_Main            258 TKMMain.Start
009acad7 KaM_Expansion.exe KM_Main            305 TKMMain.Start
00c2db2b KaM_Expansion.exe KaM_Expansion      480 initialization
00c2db5a KaM_Expansion.exe KaM_Expansion      483 initialization
76c97ba7 KERNEL32.DLL                             BaseThreadInitThunk

19:28:39.905     0,079s      37ms   9168    'GameApp settings' was successfully saved to 'C:\Users\szyby\OneDrive\Dokumenty\My Games\Knights and Merchants Remake\KaM Remake Settings KingDyronMod.xml'
19:28:39.929     0,103s      24ms   9168    Start loading 'Server settings' from 'C:\Users\szyby\OneDrive\Dokumenty\My Games\Knights and Merchants Remake\KaM Remake Server Settings.ini'
19:28:39.937     0,110s       7ms   9168    'Server settings' was successfully loaded from 'C:\Users\szyby\OneDrive\Dokumenty\My Games\Knights and Merchants Remake\KaM Remake Server Settings.ini'
19:28:39.942     0,116s       6ms   9168    Start saving 'Server settings' to 'C:\Users\szyby\OneDrive\Dokumenty\My Games\Knights and Merchants Remake\KaM Remake Server Settings.ini'
00798298 KaM_Expansion.exe KM_Settings       106 TKMSettings.SaveToDefaultFile
0079836b KaM_Expansion.exe KM_Settings       113 TKMSettings.SaveToDefaultFile
00797f69 KaM_Expansion.exe KM_Settings        59 TKMSettings.Create
008d5b28 KaM_Expansion.exe KM_ServerSettings 109 TKMServerSettings.Create
009a1c1c KaM_Expansion.exe KM_GameApp        213 TKMGameApp.Create
009a206e KaM_Expansion.exe KM_GameApp        295 TKMGameApp.Create
009adade KaM_Expansion.exe KM_Main           635 TKMMain.ReinitRender
009adcea KaM_Expansion.exe KM_Main           689 TKMMain.ReinitRender
009ac97e KaM_Expansion.exe KM_Main           281 TKMMain.Start
009acad7 KaM_Expansion.exe KM_Main           305 TKMMain.Start
00c2db2b KaM_Expansion.exe KaM_Expansion     480 initialization
00c2db5a KaM_Expansion.exe KaM_Expansion     483 initialization
76c97ba7 KERNEL32.DLL                            BaseThreadInitThunk

19:28:39.956     0,129s      12ms   9168    'Server settings' was successfully saved to 'C:\Users\szyby\OneDrive\Dokumenty\My Games\Knights and Merchants Remake\KaM Remake Server Settings.ini'
19:28:39.962     0,136s       7ms   9168    Init Render started
19:28:40.093     0,266s     130ms   9168    GL_MAX_TEXTURE_SIZE = 32768
19:28:40.100     0,274s       8ms   9168    GL_MAX_VIEWPORT_DIM = 32768
                                      OpenGL Vendor: NVIDIA Corporation
                                      OpenGL Renderer: NVIDIA GeForce RTX 3060 Ti/PCIe/SSE2
                                      OpenGL Version: 4.6.0 NVIDIA 560.94
19:28:40.126     0,300s      26ms   9168    Init Render Done
19:28:40.133     0,306s       6ms   9168    Resource loading state - None
19:28:40.141     0,314s       8ms   9168    Reading palettes ... done
19:28:40.148     0,322s       8ms   9168    Reading GUI.rx
19:28:40.156     0,330s       8ms   9168    Load Sprites started
19:28:40.163     0,336s       6ms   9168    GUI - 966
19:28:40.183     0,357s      21ms   9168    Load Sprites Done
19:28:40.218     0,391s      34ms   9168    Reading GUIMain.rx
19:28:40.226     0,399s       8ms   9168    Load Sprites started
19:28:40.232     0,406s       7ms   9168    GUIMain - 105
19:28:40.284     0,457s      51ms   9168    Load Sprites Done
19:28:40.337     0,511s      54ms   9168    Reading Tileset.rx
19:28:40.345     0,518s       7ms   9168    Load Sprites started
19:28:40.351     0,525s       7ms   9168    Tileset - 5449
19:28:40.388     0,562s      37ms   9168    Load Sprites Done
19:28:40.395     0,568s       6ms   9168    GenerateTerrainTransitions started. Legacy = False
19:28:40.401     0,575s       7ms   9168    TexId = 5451 GenTilesCnt = 2100
19:28:40.407     0,581s       6ms   9168    TexId = 6051; TexId - fGenTexIdStartI = 600; uniqueTex = 600; totalTex = 1350
19:28:40.414     0,587s       6ms   9168    GeneratedMasks cnt = 20
19:28:40.419     0,592s       5ms   9168    GenerateTerrainTransitions Done
19:28:40.426     0,600s       6ms   9168    GenerateTerrainTransitions started. Legacy = True
19:28:40.432     0,606s       6ms   9168    Legacy: TexId = 4999 GenTilesCntTemp = 2030
19:28:40.439     0,613s       6ms   9168    TexId = 5463; TexId - fGenTexIdStartILegacy = 464; uniqueTex = 464; totalTex = 1044
19:28:40.446     0,619s       6ms   9168    GeneratedMasks cnt = 16
19:28:40.452     0,626s       7ms   9168    GenerateTerrainTransitions Done
19:28:40.559     0,732s     106ms   9168    Load font started
19:28:40.596     0,769s      37ms   9168    Font load took 37ms
19:28:40.602     0,776s       7ms   9168    Read fonts is done
19:28:40.619     0,792s      16ms   9168    ReadGFX is done
19:28:40.626     0,800s       8ms   9168    Resource loading state - Menu
19:28:40.634     0,807s       7ms  21084    OpenAL init started
19:28:41.266     1,439s     632ms   9168    Music init done, 24 tracks found
                                      Loading campaign images.rxx for HKS
19:28:41.290     1,464s      25ms  16864    Custom - 1
19:28:41.300     1,474s      10ms  21084    Pre-LoadSFX init ... done
19:28:41.307     1,481s       7ms  21084    ALC_MONO_SOURCES 255
19:28:41.314     1,487s       6ms  21084    ALC_STEREO_SOURCES 1
19:28:41.320     1,494s       7ms   9168    Main menu init done
19:28:41.327     1,501s       7ms  21084    OpenAL init done
19:28:41.360     1,534s      33ms   9168    Check game folder 'E:\programowanie\projekty delphi\kam_expansion\' generic permissions: READ: granted; WRITE: granted; EXECUTE: granted; folder is writable: 
19:28:41.367     1,541s       7ms   9168    LoadGameResources ... AlphaShadows: True. Forced: True
19:28:41.374     1,547s       6ms   9168    TKMResSprites.LoadGameResources
19:28:41.380     1,554s       7ms   9168    [AsyncGameResLoader Thread] Started
19:28:41.387     1,561s       7ms   9168    Resource loading state - Game
19:28:41.394     1,567s       6ms   9168    ToggleFullscreen
19:28:41.400     1,574s       7ms   9168    Form Width/Height: 1040:805
19:28:41.406     1,580s       6ms   9168    Panel Width/Height: 1024:766
19:28:41.415     1,588s       8ms  20608    [AsyncGameResLoader Thread] RT = rxTrees Stage = lsLoad
19:28:41.421     1,595s       7ms  20608    [AsyncGameResLoader Thread] Start Load RXX 'Trees.rxx'
19:28:41.428     1,602s       7ms  20608    Load Sprites started
19:28:41.436     1,610s       8ms  20608    Trees - 1216
                                      Loading campaign images.rxx for KSN
19:28:41.453     1,628s      18ms  16864    Custom - 1
19:28:41.460     1,634s       6ms   9168    Saving dev settings to file 'kmr_dev.xml'
19:28:41.495     1,669s      35ms   9168    Saving dev settings to file 'kmr_dev.xml'
19:28:41.502     1,676s       7ms   9168    Game Load Done in 1700
                                      Loading campaign images.rxx for KSO
19:28:41.529     1,703s      27ms  16864    Custom - 1
19:28:41.581     1,755s      52ms  20608    Load Sprites Done
                                      Loading campaign images.rxx for KSU
19:28:41.597     1,771s      16ms  16864    Custom - 1
                                      Loading campaign images.rxx for OFL
19:28:41.648     1,822s      51ms  16864    Custom - 1
19:28:41.676     1,850s      28ms  20608    [AsyncGameResLoader Thread] DONE Load RXX 'Trees.rxa'
19:28:41.684     1,857s       7ms   9168    [AsyncGameResLoader MainTh] [UpdateStateIdle] GenTextures RT = rxTrees Stage = lsGenMain
                                      Loading campaign images.rxx for OER
19:28:41.699     1,873s      16ms  16864    Custom - 1
19:28:41.705     1,878s       5ms   9168    [AsyncGameResLoader MainTh] [UpdateStateIdle] DONE
19:28:41.712     1,886s       8ms  20608    [AsyncGameResLoader Thread] RT = rxTrees Stage = lsOverload
19:28:41.719     1,893s       7ms  20608    [AsyncGameResLoader Thread] OverloadFromFolder RT = rxTrees
19:28:41.732     1,905s      11ms  20608    [AsyncGameResLoader Thread] DONE OverloadFromFolder RT = rxTrees
                                      Loading campaign images.rxx for TBK
19:28:41.746     1,920s      15ms   9168    [AsyncGameResLoader MainTh] [UpdateStateIdle] GenTextures RT = rxTrees Stage = lsGenOverload
19:28:41.753     1,926s       6ms   9168    [AsyncGameResLoader MainTh] [UpdateStateIdle] DONE
19:28:41.760     1,934s       8ms  16864    Custom - 1
19:28:41.767     1,941s       7ms  20608    [AsyncGameResLoader Thread] RT = rxHouses Stage = lsLoad
19:28:41.774     1,948s       7ms  20608    [AsyncGameResLoader Thread] Start Load RXX 'Houses.rxx'
19:28:41.781     1,955s       7ms  20608    Load Sprites started
19:28:41.788     1,962s       7ms  20608    Houses - 2709
                                      Loading campaign images.rxx for TPR
19:28:41.821     1,994s      32ms  16864    Custom - 1
                                      Loading campaign images.rxx for TSK
19:28:41.869     2,042s      48ms  16864    Custom - 1
                                      Loading campaign images.rxx for TUA
19:28:41.915     2,088s      46ms  16864    Custom - 1
19:28:41.970     2,144s      56ms  20608    Load Sprites Done
                                      Loading campaign images.rxx for TMR
19:28:42.067     2,240s      95ms  16864    Custom - 1
19:28:42.111     2,285s      45ms  20608    [AsyncGameResLoader Thread] DONE Load RXX 'Houses.rxa'
19:28:42.118     2,292s       6ms   9168    [AsyncGameResLoader MainTh] [UpdateStateIdle] GenTextures RT = rxHouses Stage = lsGenMain
19:28:42.133     2,306s      13ms   9168    [AsyncGameResLoader MainTh] [UpdateStateIdle] DONE
19:28:42.139     2,312s       6ms  20608    [AsyncGameResLoader Thread] RT = rxHouses Stage = lsOverload
19:28:42.145     2,319s       7ms  20608    [AsyncGameResLoader Thread] OverloadFromFolder RT = rxHouses
19:28:42.256     2,430s     111ms  20608    [AsyncGameResLoader Thread] DONE OverloadFromFolder RT = rxHouses
19:28:42.263     2,436s       6ms   9168    [AsyncGameResLoader MainTh] [UpdateStateIdle] GenTextures RT = rxHouses Stage = lsGenOverload
19:28:42.269     2,442s       6ms   9168    [AsyncGameResLoader MainTh] [UpdateStateIdle] DONE
19:28:42.275     2,449s       7ms  20608    [AsyncGameResLoader Thread] RT = rxUnits Stage = lsLoad
19:28:42.282     2,456s       6ms  20608    [AsyncGameResLoader Thread] Start Load RXX 'Units.rxx'
19:28:42.288     2,462s       6ms  20608    Load Sprites started
19:28:42.295     2,469s       7ms  20608    Units - 14845
19:28:43.089     3,263s     794ms  20608    Load Sprites Done
19:28:44.188     4,362s    1099ms  20608    [AsyncGameResLoader Thread] DONE Load RXX 'Units.rxa'
19:28:44.198     4,371s       9ms   9168    [AsyncGameResLoader MainTh] [UpdateStateIdle] GenTextures RT = rxUnits Stage = lsGenMain
19:28:44.274     4,447s      76ms   9168    [AsyncGameResLoader MainTh] [UpdateStateIdle] DONE
19:28:44.282     4,456s       9ms  20608    [AsyncGameResLoader Thread] RT = rxUnits Stage = lsOverload
19:28:44.288     4,462s       6ms  20608    [AsyncGameResLoader Thread] OverloadFromFolder RT = rxUnits
19:28:44.624     4,798s     336ms  20608    [AsyncGameResLoader Thread] DONE OverloadFromFolder RT = rxUnits
19:28:44.635     4,809s      11ms   9168    [AsyncGameResLoader MainTh] [UpdateStateIdle] GenTextures RT = rxUnits Stage = lsGenOverload
19:28:44.642     4,816s       7ms   9168    [AsyncGameResLoader Thread] Stopped
19:28:44.648     4,822s       6ms   9168    [AsyncGameResLoader MainTh] [UpdateStateIdle] DONE
19:28:58.865    19,038s   14216ms   9168    SetGameState from lgsNone to lgsNone
19:28:59.967    20,141s    1103ms   9168    Server: Listening on port 56789
19:28:59.974    20,147s       6ms   9168    SetGameState from lgsNone to lgsConnecting
19:28:59.999    20,173s      26ms   9168    Server: Host rights assigned to 15
19:29:00.007    20,181s       8ms   9168    Server: Client 15 has connected to room 0
19:29:00.036    20,210s      29ms   9168    SetGameState from lgsConnecting to lgsLobby
19:29:25.502    45,676s   25466ms   9168    Saving dev settings to file 'kmr_dev.xml'
19:29:25.510    45,684s       8ms   9168    Stopping game application...
19:29:25.517    45,690s       6ms   9168    Start saving 'Server settings' to 'C:\Users\szyby\OneDrive\Dokumenty\My Games\Knights and Merchants Remake\KaM Remake Server Settings.ini'
00798298 KaM_Expansion.exe KM_Settings        106 TKMSettings.SaveToDefaultFile
0079836b KaM_Expansion.exe KM_Settings        113 TKMSettings.SaveToDefaultFile
00797fa4 KaM_Expansion.exe KM_Settings         65 TKMSettings.Destroy
008d5b6e KaM_Expansion.exe KM_ServerSettings  117 TKMServerSettings.Destroy
001fa764 KaM_Expansion.exe System              23 TObject.Free
004c8fbc KaM_Expansion.exe KromUtils          281 FreeThenNil
009a22cb KaM_Expansion.exe KM_GameApp         330 TKMGameApp.Destroy
001fa764 KaM_Expansion.exe System              23 TObject.Free
004c8fbc KaM_Expansion.exe KromUtils          281 FreeThenNil
009acef9 KaM_Expansion.exe KM_Main            376 TKMMain.Stop
009acfd8 KaM_Expansion.exe KM_Main            405 TKMMain.Stop
00c1893d KaM_Expansion.exe KM_FormMain       2212 TFormMain.FormClose
00472df7 KaM_Expansion.exe Vcl.Forms              TCustomForm.DoClose
004787e5 KaM_Expansion.exe Vcl.Forms              TCustomForm.Close
0047cfcf KaM_Expansion.exe Vcl.Forms              TApplication.WndProc
00330c30 KaM_Expansion.exe System.Classes         StdWndProc
77b1916b ntdll.dll                                KiUserCallbackDispatcher
00330c30 KaM_Expansion.exe System.Classes         StdWndProc
77b1916b ntdll.dll                                KiUserCallbackDispatcher
00c2db3b KaM_Expansion.exe KaM_Expansion      481 initialization

19:29:25.534    45,707s      17ms   9168    'Server settings' was successfully saved to 'C:\Users\szyby\OneDrive\Dokumenty\My Games\Knights and Merchants Remake\KaM Remake Server Settings.ini'
19:29:25.751    45,925s     218ms   9168    Server destroyed
19:29:25.759    45,932s       7ms   9168    Start saving 'GameApp settings' to 'C:\Users\szyby\OneDrive\Dokumenty\My Games\Knights and Merchants Remake\KaM Remake Settings KingDyronMod.xml'
00798298 KaM_Expansion.exe KM_Settings         106 TKMSettings.SaveToDefaultFile
0079836b KaM_Expansion.exe KM_Settings         113 TKMSettings.SaveToDefaultFile
00797fa4 KaM_Expansion.exe KM_Settings          65 TKMSettings.Destroy
007986fe KaM_Expansion.exe KM_SettingsXML       44 TKMSettingsXML.Destroy
00798a2a KaM_Expansion.exe KM_GameAppSettings   57 TKMGameAppSettings.Destroy
001fa764 KaM_Expansion.exe System               23 TObject.Free
004c8fbc KaM_Expansion.exe KromUtils           281 FreeThenNil
009acf03 KaM_Expansion.exe KM_Main             378 TKMMain.Stop
009acfd8 KaM_Expansion.exe KM_Main             405 TKMMain.Stop
00c1893d KaM_Expansion.exe KM_FormMain        2212 TFormMain.FormClose
00472df7 KaM_Expansion.exe Vcl.Forms               TCustomForm.DoClose
004787e5 KaM_Expansion.exe Vcl.Forms               TCustomForm.Close
0047cfcf KaM_Expansion.exe Vcl.Forms               TApplication.WndProc
00330c30 KaM_Expansion.exe System.Classes          StdWndProc
77b1916b ntdll.dll                                 KiUserCallbackDispatcher
00330c30 KaM_Expansion.exe System.Classes          StdWndProc
77b1916b ntdll.dll                                 KiUserCallbackDispatcher
00c2db3b KaM_Expansion.exe KaM_Expansion       481 initialization
00c2db5a KaM_Expansion.exe KaM_Expansion       483 initialization
76c97ba7 KERNEL32.DLL                              BaseThreadInitThunk

19:29:25.772    45,945s      13ms   9168    'GameApp settings' was successfully saved to 'C:\Users\szyby\OneDrive\Dokumenty\My Games\Knights and Merchants Remake\KaM Remake Settings KingDyronMod.xml'
