   Timestamp    Elapsed     Delta  Thread    Description
========================
    Date: 2024.12.31
========================
16:26:51.844     0,001s       1ms  18224    Log is up and running. Game version: KaM Expansion: Co-op & World Update
16:26:51.851     0,008s       7ms  18224    Game Load started
16:26:51.862     0,018s      10ms  18224    Start loading 'GameApp settings' from 'C:\Users\szyby\OneDrive\Dokumenty\My Games\Knights and Merchants Remake\KaM Remake Settings KingDyronMod.xml'
16:26:51.868     0,024s       6ms  18224    'GameApp settings' was successfully loaded from 'C:\Users\szyby\OneDrive\Dokumenty\My Games\Knights and Merchants Remake\KaM Remake Settings KingDyronMod.xml'
16:26:51.874     0,030s       6ms  18224    Start saving 'GameApp settings' to 'C:\Users\szyby\OneDrive\Dokumenty\My Games\Knights and Merchants Remake\KaM Remake Settings KingDyronMod.xml'
014e2b8c KaM_Expansion.exe KM_Settings        106 TKMSettings.SaveToDefaultFile
014e2c5f KaM_Expansion.exe KM_Settings        113 TKMSettings.SaveToDefaultFile
014e285d KaM_Expansion.exe KM_Settings         59 TKMSettings.Create
014e2f9a KaM_Expansion.exe KM_SettingsXML      38 TKMSettingsXML.Create
014e32db KaM_Expansion.exe KM_GameAppSettings  51 TKMGameAppSettings.Create
016fc8f8 KaM_Expansion.exe KM_Main            258 TKMMain.Start
016fcb7c KaM_Expansion.exe KM_Main            305 TKMMain.Start
0197bb2b KaM_Expansion.exe KaM_Expansion      479 initialization
0197bb5a KaM_Expansion.exe KaM_Expansion      482 initialization
772b7ba7 KERNEL32.DLL                             BaseThreadInitThunk

16:26:51.912     0,068s      38ms  18224    'GameApp settings' was successfully saved to 'C:\Users\szyby\OneDrive\Dokumenty\My Games\Knights and Merchants Remake\KaM Remake Settings KingDyronMod.xml'
16:26:51.935     0,091s      23ms  18224    Start loading 'Server settings' from 'C:\Users\szyby\OneDrive\Dokumenty\My Games\Knights and Merchants Remake\KaM Remake Server Settings.ini'
16:26:51.942     0,099s       8ms  18224    'Server settings' was successfully loaded from 'C:\Users\szyby\OneDrive\Dokumenty\My Games\Knights and Merchants Remake\KaM Remake Server Settings.ini'
16:26:51.950     0,107s       8ms  18224    Start saving 'Server settings' to 'C:\Users\szyby\OneDrive\Dokumenty\My Games\Knights and Merchants Remake\KaM Remake Server Settings.ini'
014e2b8c KaM_Expansion.exe KM_Settings       106 TKMSettings.SaveToDefaultFile
014e2c5f KaM_Expansion.exe KM_Settings       113 TKMSettings.SaveToDefaultFile
014e285d KaM_Expansion.exe KM_Settings        59 TKMSettings.Create
01625b70 KaM_Expansion.exe KM_ServerSettings 109 TKMServerSettings.Create
016f1c78 KaM_Expansion.exe KM_GameApp        213 TKMGameApp.Create
016f20ca KaM_Expansion.exe KM_GameApp        295 TKMGameApp.Create
016fdba2 KaM_Expansion.exe KM_Main           635 TKMMain.ReinitRender
016fddae KaM_Expansion.exe KM_Main           689 TKMMain.ReinitRender
016fca0e KaM_Expansion.exe KM_Main           281 TKMMain.Start
016fcb7c KaM_Expansion.exe KM_Main           305 TKMMain.Start
0197bb2b KaM_Expansion.exe KaM_Expansion     479 initialization
0197bb5a KaM_Expansion.exe KaM_Expansion     482 initialization
772b7ba7 KERNEL32.DLL                            BaseThreadInitThunk

16:26:51.964     0,121s      14ms  18224    'Server settings' was successfully saved to 'C:\Users\szyby\OneDrive\Dokumenty\My Games\Knights and Merchants Remake\KaM Remake Server Settings.ini'
16:26:51.970     0,127s       6ms  18224    Init Render started
16:26:52.107     0,263s     136ms  18224    GL_MAX_TEXTURE_SIZE = 32768
16:26:52.115     0,271s       8ms  18224    GL_MAX_VIEWPORT_DIM = 32768
                                      OpenGL Vendor: NVIDIA Corporation
                                      OpenGL Renderer: NVIDIA GeForce RTX 3060 Ti/PCIe/SSE2
                                      OpenGL Version: 4.6.0 NVIDIA 560.81
16:26:52.146     0,302s      31ms  18224    Init Render Done
16:26:52.152     0,309s       7ms  18224    Resource loading state - None
16:26:52.160     0,317s       8ms  18224    Reading palettes ... done
16:26:52.169     0,325s       8ms  18224    Reading GUI.rx
16:26:52.176     0,333s       8ms  18224    Load Sprites started
16:26:52.185     0,341s       8ms  18224    GUI - 966
16:26:52.203     0,359s      18ms  18224    Load Sprites Done
16:26:52.237     0,393s      34ms  18224    Reading GUIMain.rx
16:26:52.244     0,400s       7ms  18224    Load Sprites started
16:26:52.251     0,407s       7ms  18224    GUIMain - 105
16:26:52.300     0,457s      50ms  18224    Load Sprites Done
16:26:52.353     0,510s      53ms  18224    Reading Tileset.rx
16:26:52.360     0,516s       6ms  18224    Load Sprites started
16:26:52.366     0,522s       6ms  18224    Tileset - 5449
16:26:52.402     0,559s      37ms  18224    Load Sprites Done
16:26:52.409     0,565s       6ms  18224    GenerateTerrainTransitions started. Legacy = False
16:26:52.415     0,571s       6ms  18224    TexId = 5451 GenTilesCnt = 2100
16:26:52.422     0,578s       7ms  18224    TexId = 6051; TexId - fGenTexIdStartI = 600; uniqueTex = 600; totalTex = 1350
16:26:52.427     0,583s       5ms  18224    GeneratedMasks cnt = 20
16:26:52.433     0,589s       6ms  18224    GenerateTerrainTransitions Done
16:26:52.439     0,595s       6ms  18224    GenerateTerrainTransitions started. Legacy = True
16:26:52.444     0,600s       5ms  18224    Legacy: TexId = 4999 GenTilesCntTemp = 2030
16:26:52.451     0,607s       7ms  18224    TexId = 5463; TexId - fGenTexIdStartILegacy = 464; uniqueTex = 464; totalTex = 1044
16:26:52.456     0,613s       6ms  18224    GeneratedMasks cnt = 16
16:26:52.463     0,619s       6ms  18224    GenerateTerrainTransitions Done
16:26:52.568     0,724s     105ms  18224    Load font started
16:26:52.604     0,760s      36ms  18224    Font load took 36ms
16:26:52.610     0,766s       6ms  18224    Read fonts is done
16:26:52.628     0,784s      18ms  18224    ReadGFX is done
16:26:52.634     0,791s       7ms  18224    Resource loading state - Menu
16:26:52.641     0,798s       7ms  16664    OpenAL init started
16:26:53.286     1,442s     643ms  18224    Music init done, 24 tracks found
                                      Loading campaign images.rxx for HKS
16:26:53.312     1,468s      26ms  11056    Custom - 1
16:26:53.341     1,497s      29ms  16664    Pre-LoadSFX init ... done
16:26:53.352     1,508s      11ms  16664    ALC_MONO_SOURCES 255
16:26:53.362     1,519s      11ms  16664    ALC_STEREO_SOURCES 1
16:26:53.373     1,530s      11ms  18224    Main menu init done
16:26:53.385     1,541s      11ms  16664    OpenAL init done
16:26:53.416     1,572s      31ms  18224    Check game folder 'E:\programowanie\projekty delphi\kam_expansion\' generic permissions: READ: granted; WRITE: granted; EXECUTE: granted; folder is writable: 
16:26:53.427     1,583s      11ms  18224    LoadGameResources ... AlphaShadows: True. Forced: True
16:26:53.438     1,594s      11ms  18224    TKMResSprites.LoadGameResources
16:26:53.449     1,605s      11ms  18224    [AsyncGameResLoader Thread] Started
16:26:53.459     1,615s      10ms  18224    Resource loading state - Game
16:26:53.470     1,626s      11ms  18224    ToggleFullscreen
16:26:53.480     1,636s      10ms  18224    Form Width/Height: 1040:830
16:26:53.491     1,647s      11ms  18224    Panel Width/Height: 1024:791
16:26:53.499     1,655s       8ms   3608    [AsyncGameResLoader Thread] RT = rxTrees Stage = lsLoad
16:26:53.507     1,663s       8ms   3608    [AsyncGameResLoader Thread] Start Load RXX 'Trees.rxx'
16:26:53.515     1,671s       8ms   3608    Load Sprites started
16:26:53.528     1,684s      13ms   3608    Trees - 1216
16:26:53.540     1,696s      12ms  18224    Saving dev settings to file 'kmr_dev.xml'
                                      Loading campaign images.rxx for KSN
16:26:53.563     1,720s      24ms  11056    Custom - 1
16:26:53.571     1,728s       8ms  18224    Saving dev settings to file 'kmr_dev.xml'
16:26:53.578     1,734s       6ms  18224    Game Load Done in 1757
                                      Loading campaign images.rxx for KSO
16:26:53.647     1,803s      68ms  11056    Custom - 1
16:26:53.664     1,820s      17ms   3608    Load Sprites Done
                                      Loading campaign images.rxx for KSU
16:26:53.706     1,862s      42ms  11056    Custom - 1
                                      Loading campaign images.rxx for OFL
16:26:53.768     1,924s      62ms  11056    Custom - 1
16:26:53.774     1,930s       6ms   3608    [AsyncGameResLoader Thread] DONE Load RXX 'Trees.rxa'
16:26:53.789     1,945s      15ms  18224    [AsyncGameResLoader MainTh] [UpdateStateIdle] GenTextures RT = rxTrees Stage = lsGenMain
16:26:53.801     1,957s      12ms  18224    [AsyncGameResLoader MainTh] [UpdateStateIdle] DONE
16:26:53.807     1,964s       7ms   3608    [AsyncGameResLoader Thread] RT = rxTrees Stage = lsOverload
16:26:53.814     1,970s       6ms   3608    [AsyncGameResLoader Thread] OverloadFromFolder RT = rxTrees
                                      Loading campaign images.rxx for OER
16:26:53.826     1,983s      13ms  11056    Custom - 1
16:26:53.833     1,989s       6ms   3608    [AsyncGameResLoader Thread] DONE OverloadFromFolder RT = rxTrees
16:26:53.839     1,995s       6ms  18224    [AsyncGameResLoader MainTh] [UpdateStateIdle] GenTextures RT = rxTrees Stage = lsGenOverload
16:26:53.845     2,001s       6ms  18224    [AsyncGameResLoader MainTh] [UpdateStateIdle] DONE
16:26:53.851     2,007s       6ms   3608    [AsyncGameResLoader Thread] RT = rxHouses Stage = lsLoad
16:26:53.859     2,015s       8ms   3608    [AsyncGameResLoader Thread] Start Load RXX 'Houses.rxx'
16:26:53.865     2,021s       6ms   3608    Load Sprites started
                                      Loading campaign images.rxx for TBK
16:26:53.878     2,035s      14ms   3608    Houses - 2709
16:26:53.885     2,041s       6ms  11056    Custom - 1
                                      Loading campaign images.rxx for TPR
16:26:53.940     2,097s      55ms  11056    Custom - 1
                                      Loading campaign images.rxx for TSK
16:26:53.992     2,148s      51ms  11056    Custom - 1
                                      Loading campaign images.rxx for TUA
16:26:54.028     2,184s      36ms  11056    Custom - 1
16:26:54.045     2,201s      17ms   3608    Load Sprites Done
                                      Loading campaign images.rxx for TMR
16:26:54.187     2,343s     142ms  11056    Custom - 1
16:26:54.193     2,349s       6ms   3608    [AsyncGameResLoader Thread] DONE Load RXX 'Houses.rxa'
16:26:54.200     2,356s       6ms  18224    [AsyncGameResLoader MainTh] [UpdateStateIdle] GenTextures RT = rxHouses Stage = lsGenMain
16:26:54.214     2,370s      14ms  18224    [AsyncGameResLoader MainTh] [UpdateStateIdle] DONE
16:26:54.220     2,376s       6ms   3608    [AsyncGameResLoader Thread] RT = rxHouses Stage = lsOverload
16:26:54.227     2,383s       7ms   3608    [AsyncGameResLoader Thread] OverloadFromFolder RT = rxHouses
16:26:54.323     2,479s      96ms   3608    [AsyncGameResLoader Thread] DONE OverloadFromFolder RT = rxHouses
16:26:54.330     2,486s       6ms  18224    [AsyncGameResLoader MainTh] [UpdateStateIdle] GenTextures RT = rxHouses Stage = lsGenOverload
16:26:54.336     2,492s       6ms  18224    [AsyncGameResLoader MainTh] [UpdateStateIdle] DONE
16:26:54.343     2,499s       7ms   3608    [AsyncGameResLoader Thread] RT = rxUnits Stage = lsLoad
16:26:54.350     2,506s       7ms   3608    [AsyncGameResLoader Thread] Start Load RXX 'Units.rxx'
16:26:54.355     2,511s       5ms   3608    Load Sprites started
16:26:54.362     2,518s       7ms   3608    Units - 14845
16:26:54.369     2,525s       7ms  16020    Error while loading game info from save of unsupported version r15833
16:26:54.374     2,530s       5ms  16020    Error while loading game info from save of unsupported version r15833
16:26:54.380     2,536s       6ms  16020    Error while loading game info from save of unsupported version r15833
16:26:54.387     2,543s       7ms  16020    Error while loading game info from save of unsupported version r15833
16:26:54.393     2,549s       5ms  16020    Error while loading game info from save of unsupported version r15833
16:26:54.399     2,555s       6ms  16020    Error while loading game info from save of unsupported version r15833
16:26:54.406     2,562s       6ms  16020    Error while loading game info from save of unsupported version r15833
16:26:54.412     2,568s       6ms  16020    Error while loading game info from save of unsupported version r15833
16:26:54.417     2,573s       5ms  16020    Error while loading game info from save of unsupported version r15833
16:26:54.424     2,581s       7ms  16020    Error loading save 'Bridge Disaster'
16:26:54.430     2,586s       5ms  16020    Error loading save 'Bridge Disaster 2024-07-21 #1'
16:26:54.436     2,592s       6ms  16020    Error loading save 'Bridge Disaster 2024-07-22 #1'
16:26:54.443     2,599s       7ms  16020    Error loading save 'Bridge Disaster 2024-07-24 #1'
16:26:54.455     2,611s      12ms  16020    Error while loading game info from save of unsupported version r15833
16:26:54.461     2,617s       6ms  16020    Error loading save 'Nowa Misja 2024-08-11 #1'
16:26:54.467     2,623s       6ms  16020    Error loading save 'Nowa Misja 2024-08-11 #2'
16:26:54.474     2,630s       7ms  16020    Error loading save 'Nowa Misja 2024-08-11 #3'
16:26:54.480     2,636s       6ms  16020    Error loading save 'TMR09 2024-08-05 #1'
16:26:54.487     2,643s       6ms  16020    Error loading save 'TSK 1 2024-10-30 #2'
16:26:54.493     2,649s       6ms  16020    Error loading save 'TSK 18 2024-10-30 #6'
16:26:54.500     2,656s       7ms  16020    Error loading save 'TSK 2 2024-10-30 #5'
16:26:54.507     2,663s       7ms  16020    Error loading save 'TSK 20 2024-10-30 #1'
16:26:54.513     2,670s       7ms  16020    Error loading save 'TSK 3 2024-10-30 #3'
16:26:54.519     2,676s       6ms  16020    Error loading save 'TSK 6 2024-10-30 #4'
16:26:54.532     2,689s      13ms  16020    Error loading save 'TUA22'
16:26:54.854     3,010s     321ms   3608    Load Sprites Done
16:26:55.262     3,418s     408ms  18224    LoadGameResources ... AlphaShadows: True. Forced: False
16:26:55.268     3,424s       6ms  18224    TKMResSprites.LoadGameResources
16:26:55.937     4,093s     668ms   3608    [AsyncGameResLoader Thread] DONE Load RXX 'Units.rxa'
16:26:55.949     4,106s      13ms  18224    [AsyncGameResLoader MainTh] [LoadGameResources] GenTextures RT = rxUnits Stage = lsGenMain
16:26:56.009     4,165s      59ms  18224    [AsyncGameResLoader MainTh] [LoadGameResources] DONE
16:26:56.016     4,172s       7ms   3608    [AsyncGameResLoader Thread] RT = rxUnits Stage = lsOverload
16:26:56.021     4,177s       5ms   3608    [AsyncGameResLoader Thread] OverloadFromFolder RT = rxUnits
16:26:56.027     4,184s       7ms   3608    [AsyncGameResLoader Thread] DONE OverloadFromFolder RT = rxUnits
16:26:56.033     4,189s       5ms  18224    [AsyncGameResLoader MainTh] [LoadGameResources] GenTextures RT = rxUnits Stage = lsGenOverload
16:26:56.039     4,195s       6ms  18224    [AsyncGameResLoader Thread] Stopped
16:26:56.045     4,201s       6ms  18224    [AsyncGameResLoader MainTh] [LoadGameResources] DONE
16:26:56.051     4,207s       6ms  18224    Resource loading state - Game
16:26:56.057     4,213s       6ms  18224    Saving dev settings to file 'kmr_dev.xml'
16:26:56.103     4,259s      46ms  18224    <== Game creation is done ==>
16:26:56.110     4,266s       7ms  18224    Loading game from: E:\programowanie\projekty delphi\kam_expansion\Saves\autosave01\autosave01.sav
16:26:56.120     4,276s      10ms  18224    Terrain loaded
16:26:56.155     4,311s      35ms  18224    Interface loaded
16:26:56.162     4,318s       7ms  18224    Set game seed: 1748690542
16:26:56.177     4,333s      15ms  18224    Loading game ... done
16:26:56.184     4,340s       7ms  18224    After game loading
16:26:56.236     4,392s      52ms  18224    Game options: PT = 0; SpeedPT = 1; SpeedAfterPT = 1; Seed = 0; Difficulty = mdNone
16:26:56.242     4,399s       7ms  18224    After game loading ... done
16:27:06.791    14,947s   10548ms  18224    Saving dev settings to file 'kmr_dev.xml'
16:27:08.886    17,042s    2095ms  18224    Saving dev settings to file 'kmr_dev.xml'
16:27:12.222    20,378s    3336ms  18224    Saving dev settings to file 'kmr_dev.xml'
16:27:13.218    21,374s     996ms  18224    Saving dev settings to file 'kmr_dev.xml'
16:27:16.075    24,231s    2857ms  18224    Issue gicGameAutoSave command at tick 52800
16:27:16.083    24,239s       7ms  18224    Saving game at tick 52800 to 'E:\programowanie\projekty delphi\kam_expansion\Saves\autosave\autosave.sav'
16:27:33.901    42,058s   17819ms  18224    Issue gicGameAutoSave command at tick 53400
16:27:33.908    42,065s       7ms  18224    Saving game at tick 53400 to 'E:\programowanie\projekty delphi\kam_expansion\Saves\autosave\autosave.sav'
16:27:45.100    53,256s   11191ms  18224    Make savepoint at tick 53999
16:27:45.133    53,289s      33ms  18224    Issue gicGameAutoSave command at tick 54000
16:27:45.139    53,295s       6ms  18224    Saving game at tick 54000 to 'E:\programowanie\projekty delphi\kam_expansion\Saves\autosave\autosave.sav'
16:28:01.981    70,137s   16842ms  18224    Issue gicGameAutoSave command at tick 54600
16:28:01.990    70,146s       9ms  18224    Saving game at tick 54600 to 'E:\programowanie\projekty delphi\kam_expansion\Saves\autosave\autosave.sav'
16:28:07.716    75,872s    5726ms  15860    Error while loading game info from save of unsupported version r15833
16:28:07.724    75,880s       8ms  15860    Error while loading game info from save of unsupported version r15833
16:28:07.730    75,886s       6ms  15860    Error while loading game info from save of unsupported version r15833
16:28:07.736    75,892s       5ms  15860    Error while loading game info from save of unsupported version r15833
16:28:07.743    75,899s       7ms  15860    Error while loading game info from save of unsupported version r15833
16:28:07.750    75,906s       7ms  15860    Error while loading game info from save of unsupported version r15833
16:28:07.755    75,911s       5ms  15860    Error while loading game info from save of unsupported version r15833
16:28:07.762    75,918s       7ms  15860    Error while loading game info from save of unsupported version r15833
16:28:07.769    75,925s       7ms  15860    Error while loading game info from save of unsupported version r15833
16:28:07.774    75,930s       5ms  15860    Error loading save 'Bridge Disaster'
16:28:07.780    75,936s       6ms  15860    Error loading save 'Bridge Disaster 2024-07-21 #1'
16:28:07.787    75,943s       7ms  15860    Error loading save 'Bridge Disaster 2024-07-22 #1'
16:28:07.793    75,949s       5ms  15860    Error loading save 'Bridge Disaster 2024-07-24 #1'
16:28:07.801    75,957s       8ms  15860    Error while loading game info from save of unsupported version r15833
16:28:07.807    75,963s       6ms  15860    Error loading save 'Nowa Misja 2024-08-11 #1'
16:28:07.812    75,968s       5ms  15860    Error loading save 'Nowa Misja 2024-08-11 #2'
16:28:07.819    75,975s       7ms  15860    Error loading save 'Nowa Misja 2024-08-11 #3'
16:28:07.826    75,982s       7ms  15860    Error loading save 'TMR09 2024-08-05 #1'
16:28:07.832    75,988s       6ms  15860    Error loading save 'TSK 1 2024-10-30 #2'
16:28:07.838    75,994s       6ms  15860    Error loading save 'TSK 18 2024-10-30 #6'
16:28:07.844    76,000s       6ms  15860    Error loading save 'TSK 2 2024-10-30 #5'
16:28:07.851    76,007s       7ms  15860    Error loading save 'TSK 20 2024-10-30 #1'
16:28:07.857    76,013s       6ms  15860    Error loading save 'TSK 3 2024-10-30 #3'
16:28:07.863    76,019s       6ms  15860    Error loading save 'TSK 6 2024-10-30 #4'
16:28:07.870    76,026s       7ms  15860    Error loading save 'TUA22'
16:28:08.670    76,826s     800ms  18224    Gameplay ended - grSilent /
16:28:08.679    76,835s       9ms  18224    LoadGameResources ... AlphaShadows: True. Forced: False
16:28:08.684    76,841s       6ms  18224    Resource loading state - Game
16:28:08.713    76,869s      28ms  18224    Saving dev settings to file 'kmr_dev.xml'
16:28:08.768    76,924s      55ms  18224    <== Game creation is done ==>
16:28:08.775    76,931s       7ms  18224    Loading game from: E:\programowanie\projekty delphi\kam_expansion\Saves\autosave01\autosave01.sav
16:28:08.783    76,939s       8ms  18224    Terrain loaded
16:28:08.816    76,972s      33ms  18224    Interface loaded
16:28:08.822    76,978s       6ms  18224    Set game seed: 330940946
16:28:08.839    76,995s      17ms  18224    Loading game ... done
16:28:08.845    77,001s       6ms  18224    After game loading
16:28:08.865    77,021s      20ms  18224    Game options: PT = 0; SpeedPT = 1; SpeedAfterPT = 1; Seed = 0; Difficulty = mdNone
16:28:08.870    77,026s       5ms  18224    After game loading ... done
16:28:21.589    89,745s   12719ms   5296    Error while loading game info from save of unsupported version r15833
16:28:21.597    89,753s       8ms   5296    Error while loading game info from save of unsupported version r15833
16:28:21.606    89,762s       9ms   5296    Error while loading game info from save of unsupported version r15833
16:28:21.613    89,769s       7ms   5296    Error while loading game info from save of unsupported version r15833
16:28:21.620    89,776s       7ms   5296    Error while loading game info from save of unsupported version r15833
16:28:21.625    89,781s       5ms   5296    Error while loading game info from save of unsupported version r15833
16:28:21.632    89,788s       7ms   5296    Error while loading game info from save of unsupported version r15833
16:28:21.639    89,795s       7ms   5296    Error while loading game info from save of unsupported version r15833
16:28:21.644    89,800s       5ms   5296    Error while loading game info from save of unsupported version r15833
16:28:21.652    89,808s       8ms   5296    Error loading save 'Bridge Disaster'
16:28:21.658    89,814s       6ms   5296    Error loading save 'Bridge Disaster 2024-07-21 #1'
16:28:21.664    89,820s       6ms   5296    Error loading save 'Bridge Disaster 2024-07-22 #1'
16:28:21.670    89,826s       6ms   5296    Error loading save 'Bridge Disaster 2024-07-24 #1'
16:28:21.677    89,833s       7ms   5296    Error while loading game info from save of unsupported version r15833
16:28:21.684    89,840s       7ms   5296    Error loading save 'Nowa Misja 2024-08-11 #1'
16:28:21.692    89,848s       8ms   5296    Error loading save 'Nowa Misja 2024-08-11 #2'
16:28:21.698    89,854s       6ms   5296    Error loading save 'Nowa Misja 2024-08-11 #3'
16:28:21.705    89,861s       7ms   5296    Error loading save 'TMR09 2024-08-05 #1'
16:28:21.710    89,866s       5ms   5296    Error loading save 'TSK 1 2024-10-30 #2'
16:28:21.717    89,873s       7ms   5296    Error loading save 'TSK 18 2024-10-30 #6'
16:28:21.723    89,879s       6ms   5296    Error loading save 'TSK 2 2024-10-30 #5'
16:28:21.729    89,885s       6ms   5296    Error loading save 'TSK 20 2024-10-30 #1'
16:28:21.736    89,892s       6ms   5296    Error loading save 'TSK 3 2024-10-30 #3'
16:28:21.742    89,898s       6ms   5296    Error loading save 'TSK 6 2024-10-30 #4'
16:28:21.748    89,905s       7ms   5296    Error loading save 'TUA22'
16:28:22.303    90,460s     555ms  18224    Gameplay ended - grSilent /
16:28:22.312    90,468s       8ms  18224    LoadGameResources ... AlphaShadows: True. Forced: False
16:28:22.318    90,475s       7ms  18224    Resource loading state - Game
16:28:22.347    90,503s      28ms  18224    Saving dev settings to file 'kmr_dev.xml'
16:28:22.402    90,558s      55ms  18224    <== Game creation is done ==>
16:28:22.408    90,565s       7ms  18224    Loading game from: E:\programowanie\projekty delphi\kam_expansion\Saves\autosave01\autosave01.sav
16:28:22.418    90,574s       9ms  18224    Terrain loaded
16:28:22.448    90,605s      31ms  18224    Interface loaded
16:28:22.455    90,611s       6ms  18224    Set game seed: 330940946
16:28:22.472    90,628s      17ms  18224    Loading game ... done
16:28:22.479    90,635s       7ms  18224    After game loading
16:28:22.498    90,654s      19ms  18224    Game options: PT = 0; SpeedPT = 1; SpeedAfterPT = 1; Seed = 0; Difficulty = mdNone
16:28:22.505    90,661s       7ms  18224    After game loading ... done
16:28:34.357   102,513s   11852ms  18224    Issue gicGameAutoSave command at tick 55200
16:28:34.365   102,521s       8ms  18224    Saving game at tick 55200 to 'E:\programowanie\projekty delphi\kam_expansion\Saves\autosave\autosave.sav'
16:28:41.955   110,112s    7591ms  18224    Saving dev settings to file 'kmr_dev.xml'
16:28:44.224   112,380s    2268ms  18224    Issue gicGameAutoSave command at tick 55800
16:28:44.230   112,387s       7ms  18224    Saving game at tick 55800 to 'E:\programowanie\projekty delphi\kam_expansion\Saves\autosave\autosave.sav'
16:28:46.433   114,589s    2202ms  18224    Saving dev settings to file 'kmr_dev.xml'
16:29:01.368   129,524s   14935ms   2716    Error while loading game info from save of unsupported version r15833
16:29:01.375   129,531s       7ms   2716    Error while loading game info from save of unsupported version r15833
16:29:01.381   129,537s       6ms   2716    Error while loading game info from save of unsupported version r15833
16:29:01.387   129,543s       6ms   2716    Error while loading game info from save of unsupported version r15833
16:29:01.394   129,550s       7ms   2716    Error while loading game info from save of unsupported version r15833
16:29:01.401   129,557s       7ms   2716    Error while loading game info from save of unsupported version r15833
16:29:01.406   129,562s       5ms   2716    Error while loading game info from save of unsupported version r15833
16:29:01.413   129,569s       7ms   2716    Error while loading game info from save of unsupported version r15833
16:29:01.420   129,576s       7ms   2716    Error while loading game info from save of unsupported version r15833
16:29:01.426   129,582s       6ms   2716    Error loading save 'Bridge Disaster'
16:29:01.433   129,589s       7ms   2716    Error loading save 'Bridge Disaster 2024-07-21 #1'
16:29:01.439   129,595s       6ms   2716    Error loading save 'Bridge Disaster 2024-07-22 #1'
16:29:01.445   129,601s       6ms   2716    Error loading save 'Bridge Disaster 2024-07-24 #1'
16:29:01.452   129,609s       8ms   2716    Error while loading game info from save of unsupported version r15833
16:29:01.458   129,615s       6ms   2716    Error loading save 'Nowa Misja 2024-08-11 #1'
16:29:01.465   129,621s       6ms   2716    Error loading save 'Nowa Misja 2024-08-11 #2'
16:29:01.471   129,627s       6ms   2716    Error loading save 'Nowa Misja 2024-08-11 #3'
16:29:01.477   129,633s       6ms   2716    Error loading save 'TMR09 2024-08-05 #1'
16:29:01.485   129,641s       8ms   2716    Error loading save 'TSK 1 2024-10-30 #2'
16:29:01.491   129,647s       6ms   2716    Error loading save 'TSK 18 2024-10-30 #6'
16:29:01.497   129,653s       6ms   2716    Error loading save 'TSK 2 2024-10-30 #5'
16:29:01.504   129,660s       7ms   2716    Error loading save 'TSK 20 2024-10-30 #1'
16:29:01.510   129,666s       5ms   2716    Error loading save 'TSK 3 2024-10-30 #3'
16:29:01.516   129,672s       6ms   2716    Error loading save 'TSK 6 2024-10-30 #4'
16:29:01.523   129,679s       6ms   2716    Error loading save 'TUA22'
16:29:01.903   130,059s     380ms  18224    Gameplay ended - grSilent /
16:29:01.912   130,068s       9ms  18224    LoadGameResources ... AlphaShadows: True. Forced: False
16:29:01.918   130,075s       7ms  18224    Resource loading state - Game
16:29:01.946   130,102s      27ms  18224    Saving dev settings to file 'kmr_dev.xml'
16:29:02.002   130,158s      56ms  18224    <== Game creation is done ==>
16:29:02.010   130,166s       8ms  18224    Loading game from: E:\programowanie\projekty delphi\kam_expansion\Saves\autosave02\autosave02.sav
16:29:02.021   130,177s      11ms  18224    Terrain loaded
16:29:02.051   130,207s      30ms  18224    Interface loaded
16:29:02.058   130,214s       7ms  18224    Set game seed: 473473001
16:29:02.077   130,233s      19ms  18224    Loading game ... done
16:29:02.083   130,239s       6ms  18224    After game loading
16:29:02.103   130,259s      20ms  18224    Game options: PT = 0; SpeedPT = 1; SpeedAfterPT = 1; Seed = 0; Difficulty = mdNone
16:29:02.109   130,265s       6ms  18224    After game loading ... done
16:29:36.970   165,126s   34861ms  18224    Issue gicGameAutoSave command at tick 55800
16:29:36.977   165,133s       7ms  18224    Saving game at tick 55800 to 'E:\programowanie\projekty delphi\kam_expansion\Saves\autosave\autosave.sav'
16:29:50.170   178,327s   13194ms  18224    Issue gicGameAutoSave command at tick 56400
16:29:50.178   178,334s       7ms  18224    Saving game at tick 56400 to 'E:\programowanie\projekty delphi\kam_expansion\Saves\autosave\autosave.sav'
16:29:55.254   183,410s    5076ms  18224    Saving dev settings to file 'kmr_dev.xml'
16:30:04.591   192,747s    9337ms  18224    Issue gicGameAutoSave command at tick 57000
16:30:04.601   192,757s      10ms  18224    Saving game at tick 57000 to 'E:\programowanie\projekty delphi\kam_expansion\Saves\autosave\autosave.sav'
16:30:17.316   205,473s   12716ms  18224    Saving dev settings to file 'kmr_dev.xml'
16:30:18.875   207,031s    1557ms  18224    Saving dev settings to file 'kmr_dev.xml'
16:30:19.885   208,042s    1011ms  18224    Saving dev settings to file 'kmr_dev.xml'
16:30:23.478   211,634s    3592ms  18224    Issue gicGameAutoSave command at tick 57600
16:30:23.485   211,642s       8ms  18224    Saving game at tick 57600 to 'E:\programowanie\projekty delphi\kam_expansion\Saves\autosave\autosave.sav'
16:30:27.262   215,418s    3776ms  18224    Saving dev settings to file 'kmr_dev.xml'
16:30:28.269   216,425s    1007ms  18224    Saving dev settings to file 'kmr_dev.xml'
16:30:43.320   231,476s   15051ms  18224    Issue gicGameAutoSave command at tick 58200
16:30:43.326   231,482s       6ms  18224    Saving game at tick 58200 to 'E:\programowanie\projekty delphi\kam_expansion\Saves\autosave\autosave.sav'
16:30:52.741   240,898s    9416ms  18224    Issue gicGameAutoSave command at tick 58800
16:30:52.749   240,905s       7ms  18224    Saving game at tick 58800 to 'E:\programowanie\projekty delphi\kam_expansion\Saves\autosave\autosave.sav'
16:30:58.743   246,899s    5994ms  18224    Issue gicGameAutoSave command at tick 59400
16:30:58.750   246,906s       7ms  18224    Saving game at tick 59400 to 'E:\programowanie\projekty delphi\kam_expansion\Saves\autosave\autosave.sav'
16:31:06.273   254,430s    7524ms  18224    Issue gicGameAutoSave command at tick 60000
16:31:06.283   254,439s       9ms  18224    Saving game at tick 60000 to 'E:\programowanie\projekty delphi\kam_expansion\Saves\autosave\autosave.sav'
16:31:13.818   261,974s    7535ms  18224    Issue gicGameAutoSave command at tick 60600
16:31:13.824   261,981s       7ms  18224    Saving game at tick 60600 to 'E:\programowanie\projekty delphi\kam_expansion\Saves\autosave\autosave.sav'
16:31:22.720   270,876s    8895ms  18224    Issue gicGameAutoSave command at tick 61200
16:31:22.730   270,887s      11ms  18224    Saving game at tick 61200 to 'E:\programowanie\projekty delphi\kam_expansion\Saves\autosave\autosave.sav'
16:31:29.134   277,290s    6403ms  18224    Issue gicGameAutoSave command at tick 61800
16:31:29.141   277,297s       7ms  18224    Saving game at tick 61800 to 'E:\programowanie\projekty delphi\kam_expansion\Saves\autosave\autosave.sav'
16:31:44.455   292,611s   15314ms  18224    Issue gicGameAutoSave command at tick 62400
16:31:44.461   292,618s       7ms  18224    Saving game at tick 62400 to 'E:\programowanie\projekty delphi\kam_expansion\Saves\autosave\autosave.sav'
16:31:52.218   300,374s    7756ms  18224    Make savepoint at tick 62999
16:31:52.225   300,381s       7ms  18224    Issue gicGameAutoSave command at tick 63000
16:31:52.231   300,387s       6ms  18224    Saving game at tick 63000 to 'E:\programowanie\projekty delphi\kam_expansion\Saves\autosave\autosave.sav'
16:32:27.069   335,225s   34838ms  18224    Issue gicGameAutoSave command at tick 63600
16:32:27.077   335,234s       9ms  18224    Saving game at tick 63600 to 'E:\programowanie\projekty delphi\kam_expansion\Saves\autosave\autosave.sav'
16:32:52.784   360,940s   25706ms  18224    Issue gicGameAutoSave command at tick 64200
16:32:52.791   360,947s       7ms  18224    Saving game at tick 64200 to 'E:\programowanie\projekty delphi\kam_expansion\Saves\autosave\autosave.sav'
16:33:11.990   380,146s   19199ms  18224    Saving dev settings to file 'kmr_dev.xml'
16:33:15.310   383,467s    3320ms  18224    Issue gicGameAutoSave command at tick 64800
16:33:15.318   383,474s       7ms  18224    Saving game at tick 64800 to 'E:\programowanie\projekty delphi\kam_expansion\Saves\autosave\autosave.sav'
16:33:31.354   399,510s   16036ms  18224    Gameplay ended - grCancel /
16:33:31.441   399,597s      87ms  18224    Saving dev settings to file 'kmr_dev.xml'
                                      Loading campaign images.rxx for HKS
16:33:32.573   400,729s    1132ms  18404    Custom - 1
                                      Loading campaign images.rxx for KSN
16:33:32.671   400,827s      98ms  18404    Custom - 1
                                      Loading campaign images.rxx for KSO
16:33:32.731   400,887s      59ms  18404    Custom - 1
                                      Loading campaign images.rxx for KSU
16:33:32.799   400,955s      68ms  18404    Custom - 1
                                      Loading campaign images.rxx for OFL
16:33:32.846   401,002s      47ms  18404    Custom - 1
                                      Loading campaign images.rxx for OER
16:33:32.888   401,044s      42ms  18404    Custom - 1
                                      Loading campaign images.rxx for TBK
16:33:32.922   401,078s      34ms  18404    Custom - 1
                                      Loading campaign images.rxx for TPR
16:33:32.988   401,144s      66ms  18404    Custom - 1
                                      Loading campaign images.rxx for TSK
16:33:33.036   401,192s      48ms  18404    Custom - 1
                                      Loading campaign images.rxx for TUA
16:33:33.092   401,248s      56ms  18404    Custom - 1
                                      Loading campaign images.rxx for TMR
16:33:33.238   401,394s     146ms  18404    Custom - 1
16:33:35.013   403,169s    1775ms  18224    LoadGameResources ... AlphaShadows: True. Forced: False
16:33:35.023   403,179s       9ms  18224    Resource loading state - Game
16:33:35.047   403,203s      24ms  18224    Saving dev settings to file 'kmr_dev.xml'
16:33:35.088   403,245s      42ms  18224    <== Game creation is done ==>
16:33:35.095   403,251s       6ms  18224    GameStart
16:33:35.101   403,257s       5ms  18224    Loading DAT file: E:\programowanie\projekty delphi\kam_expansion\MapsMP\TMR10\TMR10.dat
16:33:35.107   403,263s       6ms  18224    Loading map file: E:\programowanie\projekty delphi\kam_expansion\MapsMP\TMR10\TMR10.map
16:33:35.119   403,275s      12ms  18224    Map file loaded
16:33:35.279   403,435s     160ms  18224    Gameplay recording initialized ... done
16:33:35.285   403,442s       7ms  18224    Game options: PT = 0; SpeedPT = 1; SpeedAfterPT = 1; Seed = 0; Difficulty = mdNone
16:33:35.290   403,447s       5ms  18224    Gameplay initialized ... done
16:33:35.297   403,453s       6ms  18224    After game start
16:33:35.308   403,465s      12ms  18224    Set game seed: 893524357
16:33:35.314   403,470s       5ms  18224    After game start ... done
16:33:48.963   417,119s   13649ms  18224    Saving from map editor: E:\programowanie\projekty delphi\kam_expansion\MapsMP\TMR10\TMR10.dat
                                      Loading campaign images.rxx for HKS
16:33:50.316   418,472s    1353ms   8352    Custom - 1
16:33:50.322   418,478s       6ms  18224    Gameplay ended - grMapEdEnd /
                                      Loading campaign images.rxx for KSN
16:33:50.413   418,569s      91ms   8352    Custom - 1
                                      Loading campaign images.rxx for KSO
16:33:50.472   418,628s      58ms   8352    Custom - 1
                                      Loading campaign images.rxx for KSU
16:33:50.527   418,683s      55ms   8352    Custom - 1
                                      Loading campaign images.rxx for OFL
16:33:50.584   418,740s      57ms   8352    Custom - 1
                                      Loading campaign images.rxx for OER
16:33:50.623   418,779s      38ms   8352    Custom - 1
                                      Loading campaign images.rxx for TBK
16:33:50.657   418,813s      34ms   8352    Custom - 1
                                      Loading campaign images.rxx for TPR
16:33:50.712   418,868s      55ms   8352    Custom - 1
                                      Loading campaign images.rxx for TSK
16:33:50.767   418,923s      55ms   8352    Custom - 1
                                      Loading campaign images.rxx for TUA
16:33:50.812   418,968s      45ms   8352    Custom - 1
                                      Loading campaign images.rxx for TMR
16:33:50.960   419,116s     148ms   8352    Custom - 1
16:33:53.881   422,037s    2921ms  11084    Error while loading game info from save of unsupported version r15833
16:33:53.889   422,045s       8ms  11084    Error while loading game info from save of unsupported version r15833
16:33:53.895   422,051s       6ms  11084    Error while loading game info from save of unsupported version r15833
16:33:53.902   422,058s       7ms  11084    Error while loading game info from save of unsupported version r15833
16:33:53.907   422,063s       5ms  11084    Error while loading game info from save of unsupported version r15833
16:33:53.913   422,069s       6ms  11084    Error while loading game info from save of unsupported version r15833
16:33:53.920   422,076s       6ms  11084    Error while loading game info from save of unsupported version r15833
16:33:53.925   422,081s       5ms  11084    Error while loading game info from save of unsupported version r15833
16:33:53.931   422,087s       6ms  11084    Error while loading game info from save of unsupported version r15833
16:33:53.938   422,094s       6ms  11084    Error loading save 'Bridge Disaster'
16:33:53.943   422,099s       5ms  11084    Error loading save 'Bridge Disaster 2024-07-21 #1'
16:33:53.950   422,106s       7ms  11084    Error loading save 'Bridge Disaster 2024-07-22 #1'
16:33:53.956   422,112s       6ms  11084    Error loading save 'Bridge Disaster 2024-07-24 #1'
16:33:53.961   422,117s       5ms  11084    Error while loading game info from save of unsupported version r15833
16:33:53.968   422,124s       7ms  11084    Error loading save 'Nowa Misja 2024-08-11 #1'
16:33:53.974   422,130s       6ms  11084    Error loading save 'Nowa Misja 2024-08-11 #2'
16:33:53.980   422,136s       6ms  11084    Error loading save 'Nowa Misja 2024-08-11 #3'
16:33:53.986   422,142s       6ms  11084    Error loading save 'TMR09 2024-08-05 #1'
16:33:53.992   422,148s       6ms  11084    Error loading save 'TSK 1 2024-10-30 #2'
16:33:53.998   422,154s       6ms  11084    Error loading save 'TSK 18 2024-10-30 #6'
16:33:54.004   422,160s       6ms  11084    Error loading save 'TSK 2 2024-10-30 #5'
16:33:54.009   422,165s       5ms  11084    Error loading save 'TSK 20 2024-10-30 #1'
16:33:54.016   422,172s       7ms  11084    Error loading save 'TSK 3 2024-10-30 #3'
16:33:54.022   422,178s       6ms  11084    Error loading save 'TSK 6 2024-10-30 #4'
16:33:54.027   422,183s       5ms  11084    Error loading save 'TUA22'
16:33:55.863   424,020s    1837ms  18224    LoadGameResources ... AlphaShadows: True. Forced: False
16:33:55.874   424,030s      10ms  18224    Resource loading state - Game
16:33:55.896   424,052s      22ms  18224    Saving dev settings to file 'kmr_dev.xml'
16:33:55.953   424,109s      57ms  18224    <== Game creation is done ==>
16:33:55.960   424,116s       7ms  18224    Loading game from: E:\programowanie\projekty delphi\kam_expansion\Saves\autosave01\autosave01.sav
16:33:55.969   424,125s       9ms  18224    Terrain loaded
16:33:55.998   424,155s      30ms  18224    Interface loaded
16:33:56.005   424,161s       6ms  18224    Set game seed: 947506225
16:33:56.021   424,177s      16ms  18224    Loading game ... done
16:33:56.027   424,183s       6ms  18224    After game loading
16:33:56.047   424,203s      20ms  18224    Game options: PT = 0; SpeedPT = 1; SpeedAfterPT = 1; Seed = 0; Difficulty = mdNone
16:33:56.054   424,210s       7ms  18224    After game loading ... done
16:33:57.909   426,065s    1855ms   6876    Error while loading game info from save of unsupported version r15833
16:33:57.916   426,072s       7ms   6876    Error while loading game info from save of unsupported version r15833
16:33:57.923   426,079s       7ms   6876    Error while loading game info from save of unsupported version r15833
16:33:57.930   426,086s       7ms   6876    Error while loading game info from save of unsupported version r15833
16:33:57.936   426,092s       6ms   6876    Error while loading game info from save of unsupported version r15833
16:33:57.943   426,099s       7ms   6876    Error while loading game info from save of unsupported version r15833
16:33:57.949   426,105s       6ms   6876    Error while loading game info from save of unsupported version r15833
16:33:57.956   426,112s       7ms   6876    Error while loading game info from save of unsupported version r15833
16:33:57.963   426,119s       7ms   6876    Error while loading game info from save of unsupported version r15833
16:33:57.969   426,125s       6ms   6876    Error loading save 'Bridge Disaster'
16:33:57.976   426,132s       7ms   6876    Error loading save 'Bridge Disaster 2024-07-21 #1'
16:33:57.982   426,138s       6ms   6876    Error loading save 'Bridge Disaster 2024-07-22 #1'
16:33:57.989   426,145s       7ms   6876    Error loading save 'Bridge Disaster 2024-07-24 #1'
16:33:57.996   426,152s       7ms   6876    Error while loading game info from save of unsupported version r15833
16:33:58.003   426,159s       7ms   6876    Error loading save 'Nowa Misja 2024-08-11 #1'
16:33:58.009   426,165s       6ms   6876    Error loading save 'Nowa Misja 2024-08-11 #2'
16:33:58.016   426,172s       7ms   6876    Error loading save 'Nowa Misja 2024-08-11 #3'
16:33:58.022   426,178s       6ms   6876    Error loading save 'TMR09 2024-08-05 #1'
16:33:58.029   426,185s       7ms   6876    Error loading save 'TSK 1 2024-10-30 #2'
16:33:58.036   426,192s       7ms   6876    Error loading save 'TSK 18 2024-10-30 #6'
16:33:58.042   426,198s       6ms   6876    Error loading save 'TSK 2 2024-10-30 #5'
16:33:58.050   426,206s       7ms   6876    Error loading save 'TSK 20 2024-10-30 #1'
16:33:58.057   426,213s       7ms   6876    Error loading save 'TSK 3 2024-10-30 #3'
16:33:58.063   426,219s       6ms   6876    Error loading save 'TSK 6 2024-10-30 #4'
16:33:58.070   426,226s       7ms   6876    Error loading save 'TUA22'
16:33:59.136   427,292s    1066ms  18224    Gameplay ended - grSilent /
16:33:59.146   427,302s      10ms  18224    LoadGameResources ... AlphaShadows: True. Forced: False
16:33:59.152   427,308s       6ms  18224    Resource loading state - Game
16:33:59.180   427,336s      27ms  18224    Saving dev settings to file 'kmr_dev.xml'
16:33:59.236   427,392s      56ms  18224    <== Game creation is done ==>
16:33:59.242   427,398s       6ms  18224    Loading game from: E:\programowanie\projekty delphi\kam_expansion\Saves\autosave02\autosave02.sav
16:33:59.251   427,407s       8ms  18224    Terrain loaded
16:33:59.282   427,438s      31ms  18224    Interface loaded
16:33:59.289   427,445s       7ms  18224    Set game seed: 1750223805
16:33:59.306   427,462s      17ms  18224    Loading game ... done
16:33:59.313   427,469s       7ms  18224    After game loading
16:33:59.332   427,488s      19ms  18224    Game options: PT = 0; SpeedPT = 1; SpeedAfterPT = 1; Seed = 0; Difficulty = mdNone
16:33:59.339   427,495s       7ms  18224    After game loading ... done
16:34:00.291   428,447s     952ms  18224    Saving dev settings to file 'kmr_dev.xml'
16:34:26.868   455,024s   26577ms  18224    Exception on tick 64476: We already have this Warrior in group (KM_UnitGroup.pas, line 722)
0160e25d KaM_Expansion.exe KM_UnitGroup        723 TKMUnitGroup.AddMember
016121a1 KaM_Expansion.exe KM_UnitGroup       1657 TKMUnitGroup.OrderLinkTo
015f085b KaM_Expansion.exe KM_AIDefensePos     666 TAIDefencePositions.RestockPositionWith
015f079b KaM_Expansion.exe KM_AIDefensePos     646 TAIDefencePositions.FindPlaceForGroup
01486240 KaM_Expansion.exe KM_AIGeneral        583 TKMGeneral.CheckArmy
01487ddf KaM_Expansion.exe KM_AIGeneral       1192 TKMGeneral.UpdateState
0179c99b KaM_Expansion.exe KM_AI               661 TKMHandAI.UpdateState
017aafb0 KaM_Expansion.exe KM_Hand            3093 TKMHand.UpdateState
01777b01 KaM_Expansion.exe KM_HandsCollection 1374 TKMHandsCollection.UpdateState
018ebe96 KaM_Expansion.exe KM_Game            3217 TKMGame.PlayGameTick
018ec49a KaM_Expansion.exe KM_Game            3364 TKMGame.PlayNextTick
018eb4e9 KaM_Expansion.exe KM_Game            3001 DoUpdateGame
018eb555 KaM_Expansion.exe KM_Game            3013 TKMGame.UpdateGame
016f6130 KaM_Expansion.exe KM_GameApp         1578 TKMGameApp.DoGameTick
016fd681 KaM_Expansion.exe KM_Main             552 TKMMain.DoIdle
011cf6b5 KaM_Expansion.exe Vcl.Forms               TApplication.Idle
011ce737 KaM_Expansion.exe Vcl.Forms               TApplication.HandleMessage
011cea69 KaM_Expansion.exe Vcl.Forms               TApplication.Run
0197bb3b KaM_Expansion.exe KaM_Expansion       480 initialization
0197bb5a KaM_Expansion.exe KaM_Expansion       482 initialization
772b7ba7 KERNEL32.DLL                              BaseThreadInitThunk
16:34:26.907   455,063s      39ms  18224    Exception occurred [EAssertionFailed]: We already have this Warrior in group (KM_UnitGroup.pas, line 722).
                                      ================================================================================
                                                                      START BUG REPORT                                
                                      ================================================================================
                                      date/time          : 2024-12-31, 16:34:26, 869ms
computer name      : LAPTOP-5CTTUAIM
user name          : szyby
registered owner   : szybyc@wp.pl / HP Inc.
operating system   : Windows 11 x64 build 22631
system language    : Polish
system up time     : 8 hours 2 minutes
program up time    : 7 minutes 35 seconds
processors         : 12x 11th Gen Intel(R) Core(TM) i5-11400F @ 2.60GHz
physical memory    : 20127/32650 MB (free/total)
free disk space    : (C:) 184,10 GB (E:) 652,85 GB
display mode       : 1920x1080, 32 bit
process id         : $37e8
allocated memory   : 413,64 MB
largest free block : 1,75 GB
executable         : KaM_Expansion.exe
exec. date/time    : 2024-12-31 16:26
version            : 1.0.0.0
compiled with      : Delphi 11
madExcept version  : 5.1.4
callstack crc      : $94b2270c, $f588c119, $3ffc1f39
exception number   : 1
exception class    : EAssertionFailed
exception message  : We already have this Warrior in group (KM_UnitGroup.pas, line 722).

main thread ($4730):
0160e25d +055 KaM_Expansion.exe KM_UnitGroup        723  +3 TKMUnitGroup.AddMember
016121a1 +0fd KaM_Expansion.exe KM_UnitGroup       1657 +21 TKMUnitGroup.OrderLinkTo
015f085b +0b3 KaM_Expansion.exe KM_AIDefensePos     666 +11 TAIDefencePositions.RestockPositionWith
015f079b +44f KaM_Expansion.exe KM_AIDefensePos     646 +55 TAIDefencePositions.FindPlaceForGroup
01486240 +228 KaM_Expansion.exe KM_AIGeneral        583 +29 TKMGeneral.CheckArmy
01487ddf +0d3 KaM_Expansion.exe KM_AIGeneral       1192 +21 TKMGeneral.UpdateState
0179c99b +16b KaM_Expansion.exe KM_AI               661 +27 TKMHandAI.UpdateState
017aafb0 +5e4 KaM_Expansion.exe KM_Hand            3093 +91 TKMHand.UpdateState
01777b01 +091 KaM_Expansion.exe KM_HandsCollection 1374  +7 TKMHandsCollection.UpdateState
018ebe96 +1ca KaM_Expansion.exe KM_Game            3217 +43 TKMGame.PlayGameTick
018ec49a +09e KaM_Expansion.exe KM_Game            3364 +15 TKMGame.PlayNextTick
018eb4e9 +009 KaM_Expansion.exe KM_Game            3001  +1 DoUpdateGame
018eb555 +021 KaM_Expansion.exe KM_Game            3013  +3 TKMGame.UpdateGame
016f6130 +018 KaM_Expansion.exe KM_GameApp         1578  +2 TKMGameApp.DoGameTick
016fd681 +08d KaM_Expansion.exe KM_Main             552 +21 TKMMain.DoIdle
011cf6b5 +099 KaM_Expansion.exe Vcl.Forms                   TApplication.Idle
011ce737 +017 KaM_Expansion.exe Vcl.Forms                   TApplication.HandleMessage
011cea69 +0d1 KaM_Expansion.exe Vcl.Forms                   TApplication.Run
0197bb3b +077 KaM_Expansion.exe KaM_Expansion       480  +7 initialization
0197bb5a +096 KaM_Expansion.exe KaM_Expansion       482  +9 initialization
772b7ba7 +017 KERNEL32.DLL                                  BaseThreadInitThunk

thread $2a4c:
775e4152 +82 KERNELBASE.dll              WaitForSingleObjectEx
775e40bd +0d KERNELBASE.dll              WaitForSingleObject
00ff4add +0d KaM_Expansion.exe madExcept CallThreadProcSafe
00ff4b42 +32 KaM_Expansion.exe madExcept ThreadExceptFrame
00ff4bb8 +a8 KaM_Expansion.exe madExcept ThreadExceptFrame
772b7ba7 +17 KERNEL32.DLL                BaseThreadInitThunk
>> created by main thread ($4730) at:
788f0276 +00 nvoglv32.dll

thread $1264:
775e4f79 +189 KERNELBASE.dll              WaitForMultipleObjectsEx
775e4dd3 +013 KERNELBASE.dll              WaitForMultipleObjects
00ff4add +00d KaM_Expansion.exe madExcept CallThreadProcSafe
00ff4b42 +032 KaM_Expansion.exe madExcept ThreadExceptFrame
00ff4bb8 +0a8 KaM_Expansion.exe madExcept ThreadExceptFrame
772b7ba7 +017 KERNEL32.DLL                BaseThreadInitThunk
>> created by main thread ($4730) at:
7891ea4e +000 nvoglv32.dll

thread $2c50:
75f42dbc +4c USER32.dll                  MsgWaitForMultipleObjectsEx
75f5245a +1a USER32.dll                  MsgWaitForMultipleObjects
00ff4add +0d KaM_Expansion.exe madExcept CallThreadProcSafe
00ff4b42 +32 KaM_Expansion.exe madExcept ThreadExceptFrame
00ff4bb8 +a8 KaM_Expansion.exe madExcept ThreadExceptFrame
772b7ba7 +17 KERNEL32.DLL                BaseThreadInitThunk
>> created by thread $2a4c at:
788ea0f7 +00 nvoglv32.dll

thread $1fd0: <priority:15>
775e4f79 +189 KERNELBASE.dll              WaitForMultipleObjectsEx
775e4dd3 +013 KERNELBASE.dll              WaitForMultipleObjects
00ff4add +00d KaM_Expansion.exe madExcept CallThreadProcSafe
00ff4b42 +032 KaM_Expansion.exe madExcept ThreadExceptFrame
00ff4bb8 +0a8 KaM_Expansion.exe madExcept ThreadExceptFrame
772b7ba7 +017 KERNEL32.DLL                BaseThreadInitThunk
>> created by main thread ($4730) at:
59cef555 +000 dsound.DLL

thread $349c: <priority:15>
775e4f79 +189 KERNELBASE.dll              WaitForMultipleObjectsEx
775e4dd3 +013 KERNELBASE.dll              WaitForMultipleObjects
00ff4add +00d KaM_Expansion.exe madExcept CallThreadProcSafe
00ff4b42 +032 KaM_Expansion.exe madExcept ThreadExceptFrame
00ff4bb8 +0a8 KaM_Expansion.exe madExcept ThreadExceptFrame
772b7ba7 +017 KERNEL32.DLL                BaseThreadInitThunk
>> created by main thread ($4730) at:
59cef555 +000 dsound.DLL

thread $53d4: <priority:15>
775e4152 +82 KERNELBASE.dll              WaitForSingleObjectEx
775e40bd +0d KERNELBASE.dll              WaitForSingleObject
7599857c +8c msvcrt.dll                  _endthreadex
00ff4add +0d KaM_Expansion.exe madExcept CallThreadProcSafe
00ff4b42 +32 KaM_Expansion.exe madExcept ThreadExceptFrame
00ff4bb8 +a8 KaM_Expansion.exe madExcept ThreadExceptFrame
772b7ba7 +17 KERNEL32.DLL                BaseThreadInitThunk
>> created by main thread ($4730) at:
7599845f +7f msvcrt.dll                  _beginthreadex

thread $1ccc: <priority:2>
775e4f79 +189 KERNELBASE.dll              WaitForMultipleObjectsEx
775e4dd3 +013 KERNELBASE.dll              WaitForMultipleObjects
7599857c +08c msvcrt.dll                  _endthreadex
00ff4add +00d KaM_Expansion.exe madExcept CallThreadProcSafe
00ff4b42 +032 KaM_Expansion.exe madExcept ThreadExceptFrame
00ff4bb8 +0a8 KaM_Expansion.exe madExcept ThreadExceptFrame
772b7ba7 +017 KERNEL32.DLL                BaseThreadInitThunk
>> created by main thread ($4730) at:
7599845f +07f msvcrt.dll                  _beginthreadex

thread $4c8c: <priority:15>
775e4152 +82 KERNELBASE.dll              WaitForSingleObjectEx
759983cc +9c msvcrt.dll                  _endthread
00ff4add +0d KaM_Expansion.exe madExcept CallThreadProcSafe
00ff4b42 +32 KaM_Expansion.exe madExcept ThreadExceptFrame
00ff4bb8 +a8 KaM_Expansion.exe madExcept ThreadExceptFrame
772b7ba7 +17 KERNEL32.DLL                BaseThreadInitThunk
>> created by main thread ($4730) at:
75998291 +71 msvcrt.dll                  _beginthread

thread $239c: <priority:14>
775e4f79 +189 KERNELBASE.dll              WaitForMultipleObjectsEx
775e4dd3 +013 KERNELBASE.dll              WaitForMultipleObjects
00ff4add +00d KaM_Expansion.exe madExcept CallThreadProcSafe
00ff4b42 +032 KaM_Expansion.exe madExcept ThreadExceptFrame
00ff4bb8 +0a8 KaM_Expansion.exe madExcept ThreadExceptFrame
772b7ba7 +017 KERNEL32.DLL                BaseThreadInitThunk
>> created by thread $4118 at:
59d0970d +000 dsound.DLL

thread $50dc: <priority:15>
00ff4add +0d KaM_Expansion.exe madExcept CallThreadProcSafe
00ff4b42 +32 KaM_Expansion.exe madExcept ThreadExceptFrame
00ff4bb8 +a8 KaM_Expansion.exe madExcept ThreadExceptFrame
772b7ba7 +17 KERNEL32.DLL                BaseThreadInitThunk
>> created by thread $4118 at:
74386555 +00 winmm.dll

thread $26f4 (TKMWorkerThread):
775e4152 +082 KERNELBASE.dll                            WaitForSingleObjectEx
775e40bd +00d KERNELBASE.dll                            WaitForSingleObject
00fa062e +002 KaM_Expansion.exe System.SysUtils         WaitForSyncWaitObj
00fa081f +01f KaM_Expansion.exe System.SysUtils         WaitOrSignalObj
00f4b6b1 +065 KaM_Expansion.exe System           23  +0 TMonitor.Wait
00f4b6ee +0a2 KaM_Expansion.exe System           23  +0 TMonitor.Wait
00f4b726 +022 KaM_Expansion.exe System           23  +0 TMonitor.Wait
0120c489 +0dd KaM_Expansion.exe KM_WorkerThread 153 +27 TKMWorkerThread.Execute
0120c4e1 +135 KaM_Expansion.exe KM_WorkerThread 159 +33 TKMWorkerThread.Execute
0120c55b +1af KaM_Expansion.exe KM_WorkerThread 175 +49 TKMWorkerThread.Execute
00ff4bf7 +02b KaM_Expansion.exe madExcept               HookedTThreadExecute
00ff4c62 +096 KaM_Expansion.exe madExcept               HookedTThreadExecute
0107cf71 +049 KaM_Expansion.exe System.Classes          ThreadProc
0107cfd4 +0ac KaM_Expansion.exe System.Classes          ThreadProc
00f4c4b4 +028 KaM_Expansion.exe System           23  +0 ThreadWrapper
00ff4add +00d KaM_Expansion.exe madExcept               CallThreadProcSafe
00ff4b42 +032 KaM_Expansion.exe madExcept               ThreadExceptFrame
00ff4bb8 +0a8 KaM_Expansion.exe madExcept               ThreadExceptFrame
772b7ba7 +017 KERNEL32.DLL                              BaseThreadInitThunk
>> created by main thread ($4730) at:
0107d038 +018 KaM_Expansion.exe System.Classes          TThread.Create

thread $4a14 (TKMWorkerThread):
775e4152 +082 KERNELBASE.dll                            WaitForSingleObjectEx
775e40bd +00d KERNELBASE.dll                            WaitForSingleObject
00fa062e +002 KaM_Expansion.exe System.SysUtils         WaitForSyncWaitObj
00fa081f +01f KaM_Expansion.exe System.SysUtils         WaitOrSignalObj
00f4b6b1 +065 KaM_Expansion.exe System           23  +0 TMonitor.Wait
00f4b6ee +0a2 KaM_Expansion.exe System           23  +0 TMonitor.Wait
00f4b726 +022 KaM_Expansion.exe System           23  +0 TMonitor.Wait
0120c489 +0dd KaM_Expansion.exe KM_WorkerThread 153 +27 TKMWorkerThread.Execute
0120c4e1 +135 KaM_Expansion.exe KM_WorkerThread 159 +33 TKMWorkerThread.Execute
0120c55b +1af KaM_Expansion.exe KM_WorkerThread 175 +49 TKMWorkerThread.Execute
00ff4bf7 +02b KaM_Expansion.exe madExcept               HookedTThreadExecute
00ff4c62 +096 KaM_Expansion.exe madExcept               HookedTThreadExecute
0107cf71 +049 KaM_Expansion.exe System.Classes          ThreadProc
0107cfd4 +0ac KaM_Expansion.exe System.Classes          ThreadProc
00f4c4b4 +028 KaM_Expansion.exe System           23  +0 ThreadWrapper
00ff4add +00d KaM_Expansion.exe madExcept               CallThreadProcSafe
00ff4b42 +032 KaM_Expansion.exe madExcept               ThreadExceptFrame
00ff4bb8 +0a8 KaM_Expansion.exe madExcept               ThreadExceptFrame
772b7ba7 +017 KERNEL32.DLL                              BaseThreadInitThunk
>> created by main thread ($4730) at:
0107d038 +018 KaM_Expansion.exe System.Classes          TThread.Create

thread $4bf4 (TKMWorkerThread):
775e4152 +082 KERNELBASE.dll                            WaitForSingleObjectEx
775e40bd +00d KERNELBASE.dll                            WaitForSingleObject
00fa062e +002 KaM_Expansion.exe System.SysUtils         WaitForSyncWaitObj
00fa081f +01f KaM_Expansion.exe System.SysUtils         WaitOrSignalObj
00f4b6b1 +065 KaM_Expansion.exe System           23  +0 TMonitor.Wait
00f4b6ee +0a2 KaM_Expansion.exe System           23  +0 TMonitor.Wait
00f4b726 +022 KaM_Expansion.exe System           23  +0 TMonitor.Wait
0120c489 +0dd KaM_Expansion.exe KM_WorkerThread 153 +27 TKMWorkerThread.Execute
0120c4e1 +135 KaM_Expansion.exe KM_WorkerThread 159 +33 TKMWorkerThread.Execute
0120c55b +1af KaM_Expansion.exe KM_WorkerThread 175 +49 TKMWorkerThread.Execute
00ff4bf7 +02b KaM_Expansion.exe madExcept               HookedTThreadExecute
00ff4c62 +096 KaM_Expansion.exe madExcept               HookedTThreadExecute
0107cf71 +049 KaM_Expansion.exe System.Classes          ThreadProc
0107cfd4 +0ac KaM_Expansion.exe System.Classes          ThreadProc
00f4c4b4 +028 KaM_Expansion.exe System           23  +0 ThreadWrapper
00ff4add +00d KaM_Expansion.exe madExcept               CallThreadProcSafe
00ff4b42 +032 KaM_Expansion.exe madExcept               ThreadExceptFrame
00ff4bb8 +0a8 KaM_Expansion.exe madExcept               ThreadExceptFrame
772b7ba7 +017 KERNEL32.DLL                              BaseThreadInitThunk
>> created by main thread ($4730) at:
0107d038 +018 KaM_Expansion.exe System.Classes          TThread.Create

thread $1794 (TKMWorkerThread):
775e4152 +082 KERNELBASE.dll                            WaitForSingleObjectEx
775e40bd +00d KERNELBASE.dll                            WaitForSingleObject
00fa062e +002 KaM_Expansion.exe System.SysUtils         WaitForSyncWaitObj
00fa081f +01f KaM_Expansion.exe System.SysUtils         WaitOrSignalObj
00f4b6b1 +065 KaM_Expansion.exe System           23  +0 TMonitor.Wait
00f4b6ee +0a2 KaM_Expansion.exe System           23  +0 TMonitor.Wait
00f4b726 +022 KaM_Expansion.exe System           23  +0 TMonitor.Wait
0120c489 +0dd KaM_Expansion.exe KM_WorkerThread 153 +27 TKMWorkerThread.Execute
0120c4e1 +135 KaM_Expansion.exe KM_WorkerThread 159 +33 TKMWorkerThread.Execute
0120c55b +1af KaM_Expansion.exe KM_WorkerThread 175 +49 TKMWorkerThread.Execute
00ff4bf7 +02b KaM_Expansion.exe madExcept               HookedTThreadExecute
00ff4c62 +096 KaM_Expansion.exe madExcept               HookedTThreadExecute
0107cf71 +049 KaM_Expansion.exe System.Classes          ThreadProc
0107cfd4 +0ac KaM_Expansion.exe System.Classes          ThreadProc
00f4c4b4 +028 KaM_Expansion.exe System           23  +0 ThreadWrapper
00ff4add +00d KaM_Expansion.exe madExcept               CallThreadProcSafe
00ff4b42 +032 KaM_Expansion.exe madExcept               ThreadExceptFrame
00ff4bb8 +0a8 KaM_Expansion.exe madExcept               ThreadExceptFrame
772b7ba7 +017 KERNEL32.DLL                              BaseThreadInitThunk
>> created by main thread ($4730) at:
0107d038 +018 KaM_Expansion.exe System.Classes          TThread.Create

thread $42c4:
775e4f79 +189 KERNELBASE.dll              WaitForMultipleObjectsEx
00ff4add +00d KaM_Expansion.exe madExcept CallThreadProcSafe
00ff4b42 +032 KaM_Expansion.exe madExcept ThreadExceptFrame
00ff4bb8 +0a8 KaM_Expansion.exe madExcept ThreadExceptFrame
772b7ba7 +017 KERNEL32.DLL                BaseThreadInitThunk
>> created by main thread ($4730) at:
778b587e +000 combase.dll

thread $5068:
772b7ba7 +17 KERNEL32.DLL  BaseThreadInitThunk

thread $2190:
772b7ba7 +17 KERNEL32.DLL  BaseThreadInitThunk

thread $1520:
772b7ba7 +17 KERNEL32.DLL  BaseThreadInitThunk

modules:
00db0000 vorbis.dll                                          E:\programowanie\projekty delphi\kam_expansion
00dd0000 ogg.dll                                             E:\programowanie\projekty delphi\kam_expansion
00f40000 KaM_Expansion.exe               1.0.0.0             E:\programowanie\projekty delphi\kam_expansion
10000000 vorbisfile.dll                                      E:\programowanie\projekty delphi\kam_expansion
11000000 bass.dll                        2.4.8.1             E:\programowanie\projekty delphi\kam_expansion
13db0000 OpenAL32.dll                    6.14.357.24         C:\WINDOWS\SYSTEM32
156a0000 wrap_oal.dll                    2.2.0.5             C:\WINDOWS\SYSTEM32
502c0000 libvlccore.dll                  3.0.8.0             E:\programowanie\projekty delphi\kam_expansion\lib\vlc
522c0000 nvgpucomp32.dll                 32.0.15.6081        C:\WINDOWS\System32\DriverStore\FileRepository\nvmdi.inf_amd64_2e01d57d451be19f
53e40000 nvspcap.dll                     11.0.1.163          C:\WINDOWS\system32
58df0000 drvstore.dll                    6.2.22621.4541      C:\WINDOWS\SYSTEM32
597d0000 Windows.FileExplorer.Common.dll 6.2.22621.4541      C:\Windows\System32
59860000 libvlc.dll                      3.0.8.0             E:\programowanie\projekty delphi\kam_expansion\lib\vlc
59890000 midimap.dll                     6.2.22621.2506      C:\WINDOWS\SYSTEM32
598a0000 MSACM32.dll                     6.2.22621.1         C:\WINDOWS\SYSTEM32
598c0000 msacm32.drv                     6.2.22621.2506      C:\WINDOWS\SYSTEM32
598d0000 AUDIOSES.DLL                    6.2.22621.4541      C:\WINDOWS\SYSTEM32
59ae0000 AVRT.dll                        6.2.22621.2506      C:\WINDOWS\SYSTEM32
59af0000 ksuser.dll                      6.2.22621.1         C:\WINDOWS\SYSTEM32
59b00000 wdmaud.drv                      6.2.22621.3527      C:\WINDOWS\SYSTEM32
59b40000 MMDevAPI.DLL                    6.2.22621.4111      C:\WINDOWS\SYSTEM32
59be0000 msdmo.dll                       6.2.22621.1         C:\WINDOWS\SYSTEM32
59bf0000 ResampleDmo.DLL                 6.2.22621.2506      C:\WINDOWS\SYSTEM32
59c90000 winmmbase.dll                   6.2.22621.1         C:\WINDOWS\SYSTEM32
59cb0000 dsound.DLL                      6.2.22621.3527      C:\WINDOWS\SYSTEM32
59ea0000 UMPDC.dll                       6.2.22621.1         C:\WINDOWS\SYSTEM32
59eb0000 powrprof.dll                    6.2.22621.3958      C:\WINDOWS\SYSTEM32
5b360000 mssprxy.dll                     7.0.22621.4249      C:\WINDOWS\system32
5b460000 Windows.StateRepositoryPS.dll   6.2.22621.4036      C:\Windows\System32
5c450000 devobj.dll                      6.2.22621.2506      C:\WINDOWS\SYSTEM32
5c550000 GLU32.dll                       6.2.22621.2506      C:\WINDOWS\SYSTEM32
5dc40000 opengl32.dll                    6.2.22621.4541      C:\WINDOWS\SYSTEM32
5fc70000 windows.staterepositorycore.dll 6.2.22621.4036      C:\WINDOWS\SYSTEM32
5fc90000 Windows.System.Launcher.dll     6.2.22621.4541      C:\Windows\System32
600d0000 FaultRep.dll                    6.2.22621.4541      C:\WINDOWS\SYSTEM32
66e10000 msvcp110_win.dll                6.2.22621.1         C:\Windows\System32
674c0000 CoreUIComponents.dll            6.2.22621.4541      C:\WINDOWS\SYSTEM32
67760000 CoreMessaging.dll               6.2.22621.4541      C:\WINDOWS\SYSTEM32
67830000 textinputframework.dll          6.2.22621.4541      C:\WINDOWS\SYSTEM32
6cf70000 dxcore.dll                      6.2.22621.4541      C:\WINDOWS\SYSTEM32
6e920000 dwmapi.dll                      6.2.22621.4541      C:\WINDOWS\SYSTEM32
6ef70000 cryptnet.dll                    6.2.22621.1         C:\WINDOWS\SYSTEM32
6efd0000 rsaenh.dll                      6.2.22621.4249      C:\WINDOWS\system32
6f000000 CRYPTSP.dll                     6.2.22621.3672      C:\WINDOWS\SYSTEM32
6f210000 TextShaping.dll                 6.2.22621.4541      C:\WINDOWS\SYSTEM32
70270000 SHFolder.dll                    6.2.22621.1         C:\WINDOWS\SYSTEM32
70280000 winspool.drv                    6.2.22621.3810      C:\WINDOWS\SYSTEM32
73670000 WINSTA.dll                      6.2.22621.4541      C:\WINDOWS\SYSTEM32
73c60000 wldp.dll                        6.2.22621.4541      C:\WINDOWS\SYSTEM32
73cd0000 resourcepolicyclient.dll        6.2.22621.3527      C:\WINDOWS\SYSTEM32
73de0000 ntmarta.dll                     6.2.22621.1         C:\WINDOWS\SYSTEM32
73e10000 iertutil.dll                    11.0.22621.4541     C:\Windows\System32
74050000 srvcli.dll                      6.2.22621.4249      C:\Windows\System32
74070000 urlmon.dll                      11.0.22621.4169     C:\Windows\System32
74240000 CFGMGR32.dll                    6.2.22621.2506      C:\WINDOWS\SYSTEM32
74280000 propsys.dll                     7.0.22621.4249      C:\WINDOWS\system32
74350000 SspiCli.dll                     6.2.22621.3810      C:\WINDOWS\SYSTEM32
74380000 winmm.dll                       6.2.22621.4541      C:\WINDOWS\SYSTEM32
743c0000 uxtheme.dll                     6.2.22621.4541      C:\WINDOWS\system32
74460000 winhttp.dll                     6.2.22621.4541      C:\WINDOWS\SYSTEM32
74540000 COMCTL32.dll                    6.10.22621.4541     C:\WINDOWS\WinSxS\x86_microsoft.windows.common-controls_6595b64144ccf1df_6.0.22621.4541_none_6ebe089c8800e98b
74960000 msasn1.dll                      6.2.22621.2506      C:\WINDOWS\SYSTEM32
74970000 wsock32.dll                     6.2.22621.1         C:\WINDOWS\SYSTEM32
74b70000 kernel.appcore.dll              6.2.22621.3958      C:\WINDOWS\SYSTEM32
74b90000 netutils.dll                    6.2.22621.2506      C:\Windows\System32
74bc0000 version.dll                     6.2.22621.1         C:\WINDOWS\SYSTEM32
74e50000 profapi.dll                     6.2.22621.4541      C:\WINDOWS\SYSTEM32
74e80000 wintypes.dll                    6.2.22621.3810      C:\WINDOWS\SYSTEM32
74f50000 windows.storage.dll             6.2.22621.4601      C:\WINDOWS\SYSTEM32
75680000 CRYPTBASE.DLL                   6.2.22621.1         C:\WINDOWS\SYSTEM32
75700000 USERENV.dll                     6.2.22621.3527      C:\WINDOWS\SYSTEM32
75720000 wtsapi32.dll                    6.2.22621.1         C:\WINDOWS\SYSTEM32
75750000 comdlg32.dll                    6.2.22621.4541      C:\WINDOWS\System32
75810000 oleaut32.dll                    6.2.22621.3672      C:\WINDOWS\System32
758b0000 bcryptPrimitives.dll            6.2.22621.4317      C:\WINDOWS\System32
75930000 msvcrt.dll                      7.0.22621.2506      C:\WINDOWS\System32
75a00000 IMM32.DLL                       6.2.22621.3374      C:\WINDOWS\System32
75a30000 SETUPAPI.dll                    6.2.22621.2506      C:\WINDOWS\System32
75e70000 win32u.dll                      6.2.22621.4460      C:\WINDOWS\System32
75e90000 sechost.dll                     6.2.22621.4541      C:\WINDOWS\System32
75f20000 USER32.dll                      6.2.22621.4601      C:\WINDOWS\System32
760d0000 imagehlp.dll                    6.2.22621.1         C:\WINDOWS\System32
760f0000 WS2_32.dll                      6.2.22621.1         C:\WINDOWS\System32
76150000 advapi32.dll                    6.2.22621.4391      C:\WINDOWS\System32
761d0000 ole32.dll                       6.2.22621.3958      C:\WINDOWS\System32
763d0000 shlwapi.dll                     6.2.22621.4541      C:\WINDOWS\System32
76420000 SHELL32.dll                     6.2.22621.4541      C:\WINDOWS\System32
76ad0000 gdi32full.dll                   6.2.22621.4601      C:\WINDOWS\System32
76bc0000 ucrtbase.dll                    6.2.22621.3593      C:\WINDOWS\System32
76ce0000 shcore.dll                      6.2.22621.4541      C:\WINDOWS\System32
76db0000 bcrypt.dll                      6.2.22621.2506      C:\WINDOWS\System32
76dd0000 GDI32.dll                       6.2.22621.4036      C:\WINDOWS\System32
76e00000 msvcp_win.dll                   6.2.22621.3374      C:\WINDOWS\System32
76e80000 WINTRUST.dll                    6.2.22621.4541      C:\WINDOWS\System32
76ee0000 RPCRT4.dll                      6.2.22621.4249      C:\WINDOWS\System32
76fa0000 PSAPI.dll                       6.2.22621.1         C:\WINDOWS\System32
77120000 coml2.dll                       6.2.22621.3672      C:\WINDOWS\System32
77190000 CRYPT32.dll                     6.2.22621.4541      C:\WINDOWS\System32
772a0000 KERNEL32.DLL                    6.2.22621.4391      C:\WINDOWS\System32
77390000 MSCTF.dll                       6.2.22621.4601      C:\WINDOWS\System32
774a0000 KERNELBASE.dll                  6.2.22621.4601      C:\WINDOWS\System32
77730000 clbcatq.dll                     2001.12.10941.16384 C:\WINDOWS\System32
77820000 combase.dll                     6.2.22621.4601      C:\WINDOWS\System32
77b30000 ntdll.dll                       6.2.22621.4541      C:\WINDOWS\SYSTEM32
77e00000 Windows.UI.dll                  6.2.22621.4541      C:\Windows\System32
77f10000 AppXDeploymentClient.dll        6.2.22621.4541      C:\Windows\System32
780e0000 nvoglv32.dll                    32.0.15.6081        C:\WINDOWS\System32\DriverStore\FileRepository\nvmdi.inf_amd64_2e01d57d451be19f

hardware:
+ {1ed2bbf9-11f0-4084-b21f-ad83a8e6dcdc}
  - Fax
  - Gwna kolejka wydruku
  - HP Smart Printing
  - Microsoft Print to PDF
  - Microsoft XPS Document Writer
+ {36fc9e60-c465-11cf-8056-444553540000}
  - Gwny koncentrator USB (USB 3.0)
  - Intel(R) USB 3.20 eXtensible Host Controller - 1.20 (Microsoft)
  - Rodzajowy koncentrator USB
  - Rodzajowy koncentrator USB
  - Rodzajowy koncentrator USB SuperSpeed
  - Urzdzenie kompozytowe USB
  - Urzdzenie kompozytowe USB
  - Urzdzenie pamici masowej USB
+ {4d36e966-e325-11ce-bfc1-08002be10318}
  - Komputer oparty na architekturze x64 obsugujcy interfejs ACPI
  - Micro-Star International Co., Ltd. MS-7D15
+ {4d36e967-e325-11ce-bfc1-08002be10318}
  - ADATA USB Flash Drive USB Device
  - KXG60ZNV512G KIOXIA
  - Samsung SSD 980 1TB
+ {4d36e968-e325-11ce-bfc1-08002be10318}
  - NVIDIA GeForce RTX 3060 Ti (driver 32.0.15.6081)
+ {4d36e96a-e325-11ce-bfc1-08002be10318}
  - Standardowy kontroler SATA AHCI
+ {4d36e96b-e325-11ce-bfc1-08002be10318}
  - Urzdzenie klawiatury HID
  - Urzdzenie klawiatury HID
+ {4d36e96c-e325-11ce-bfc1-08002be10318}
  - NVIDIA High Definition Audio (driver 1.4.0.1)
  - NVIDIA Virtual Audio Device (Wave Extensible) (WDM) (driver 4.65.0.3)
  - Urzdzenie zgodne ze standardem High Definition Audio
+ {4d36e96e-e325-11ce-bfc1-08002be10318}
  - Generic Monitor (Smart TV)
+ {4d36e96f-e325-11ce-bfc1-08002be10318}
  - Mysz zgodna z HID
+ {4d36e972-e325-11ce-bfc1-08002be10318}
  - Microsoft Kernel Debug Network Adapter
  - Realtek Gaming 2.5GbE Family Controller (driver 10.71.312.2024)
  - WAN Miniport (IKEv2)
  - WAN Miniport (IP)
  - WAN Miniport (IPv6)
  - WAN Miniport (L2TP)
  - WAN Miniport (Network Monitor)
  - WAN Miniport (PPPOE)
  - WAN Miniport (PPTP)
  - WAN Miniport (SSTP)
+ {4d36e97b-e325-11ce-bfc1-08002be10318}
  - Kontroler miejsc do magazynowania firmy Microsoft
  - Standardowy kontroler NVM Express
  - Standardowy kontroler NVM Express
  - Xvdd SCSI Miniport (driver 10.0.22020.1)
+ {4d36e97d-e325-11ce-bfc1-08002be10318}
  - Agregator procesora systemu ACPI
  - Alarm wznawiania ACPI
  - AMD Crash Defender (driver 22.20.0.2)
  - Aplikacja zbierajca informacje o oprogramowaniu urzdze Plug and Play
  - Chodzenie ACPI
  - Chodzenie ACPI
  - Chodzenie ACPI
  - Chodzenie ACPI
  - Chodzenie ACPI
  - Czasomierz systemowy
  - Czasomierz zdarzeniowy wysokiej precyzji
  - Intel(R) GNA - 4C11 (driver 10.1.41.5)
  - Intel(R) Host Bridge/DRAM Registers - 4C53 (driver 10.1.41.5)
  - Intel(R) LPC Controller (B560) - 4387 (driver 10.1.34.10)
  - Intel(R) Management Engine Interface #1 (driver 2131.1.4.0)
  - Intel(R) PCI Express Root Port #21 - 43C4 (driver 10.1.34.10)
  - Intel(R) PCI Express Root Port #6 - 43BD (driver 10.1.34.10)
  - Intel(R) PCI Express Root Port #9 - 43B0 (driver 10.1.34.10)
  - Intel(R) PEG10 - 4C01 (driver 10.1.41.5)
  - Intel(R) Serial IO GPIO Host Controller - INT34C6 (driver 30.100.2051.37)
  - Intel(R) Shared SRAM - 43EF (driver 10.1.34.10)
  - Intel(R) SPI (flash) Controller - 43A4 (driver 10.1.34.10)
  - Intel(R) Watchdog Timer Driver (Intel(R) WDT) (driver 11.7.0.1000)
  - Interfejs zarzdzania Microsoft Windows dla ACPI
  - Interfejs zarzdzania Microsoft Windows dla ACPI
  - Interfejs zarzdzania Microsoft Windows dla ACPI
  - Interfejs zarzdzania Microsoft Windows dla ACPI
  - Interfejs zarzdzania Microsoft Windows dla ACPI
  - Kontroler zgodny ze standardem High Definition Audio
  - Kontroler zgodny ze standardem High Definition Audio
  - Magistrala readresatora urzdze usug pulpitu zdalnego
  - Meneder woluminw
  - Modu wyliczajcy dysku wirtualnego firmy Microsoft
  - Modu wyliczajcy magistrali gwnej UMBus
  - Modu wyliczajcy magistrali kompozytowej
  - Modu wyliczajcy wirtualnej karty sieciowej NDIS
  - Podstawowy sterownik ekranu firmy Microsoft
  - Podstawowy sterownik renderowania firmy Microsoft
  - Procesor numeryczny
  - Programowalny kontroler przerwa
  - Przycisk ACPI Fixed Feature
  - Przycisk upienia ACPI
  - Przycisk zasilania ACPI
  - Serwer PCI funkcji Microsoft Hyper-V
  - Sterownik BIOS zarzdzania systemem firmy Microsoft
  - Sterownik infrastruktury wirtualizacji funkcji Microsoft Hyper-V
  - Sterownik wybierania rda adowania
  - Strefa termiczna ACPI
  - Synaptics SMBus Driver (driver 19.5.19.95)
  - System zgodny ze standardem Microsoft ACPI
  - System zgodny ze standardem Microsoft UEFI
  - Usuga hosta funkcji hypervisor firmy Microsoft
  - Wtyczka aparatu zasilania firmy Intel(R)
  - Zasoby pyty gwnej
  - Zasoby pyty gwnej
  - Zasoby pyty gwnej
  - Zasoby pyty gwnej
  - Zasoby pyty gwnej
  - Zasoby pyty gwnej
  - Zasoby pyty gwnej
  - Zasoby pyty gwnej
  - Zesp gwny PCI Express
+ {50127dc3-0f36-415e-a6cc-4cb3be910b65}
  - 11th Gen Intel(R) Core(TM) i5-11400F @ 2.60GHz
  - 11th Gen Intel(R) Core(TM) i5-11400F @ 2.60GHz
  - 11th Gen Intel(R) Core(TM) i5-11400F @ 2.60GHz
  - 11th Gen Intel(R) Core(TM) i5-11400F @ 2.60GHz
  - 11th Gen Intel(R) Core(TM) i5-11400F @ 2.60GHz
  - 11th Gen Intel(R) Core(TM) i5-11400F @ 2.60GHz
  - 11th Gen Intel(R) Core(TM) i5-11400F @ 2.60GHz
  - 11th Gen Intel(R) Core(TM) i5-11400F @ 2.60GHz
  - 11th Gen Intel(R) Core(TM) i5-11400F @ 2.60GHz
  - 11th Gen Intel(R) Core(TM) i5-11400F @ 2.60GHz
  - 11th Gen Intel(R) Core(TM) i5-11400F @ 2.60GHz
  - 11th Gen Intel(R) Core(TM) i5-11400F @ 2.60GHz
+ {533c5b84-ec70-11d2-9505-00c04f79deaf}
  - Rodzajowa kopia w tle woluminw
  - Rodzajowa kopia w tle woluminw
  - Rodzajowa kopia w tle woluminw
  - Rodzajowa kopia w tle woluminw
  - Rodzajowa kopia w tle woluminw
+ {5c4c3332-344d-483c-8739-259e934c9cc8}
  - Intel(R) Dynamic Application Loader Host Interface (driver 1.44.2023.710)
  - Intel(R) iCLS Client (driver 1.71.99.0)
  - Intel(R) Management Engine WMI Provider (driver 2408.5.4.0)
+ {62f9c741-b25a-46ce-b54c-9bccce08b6f2}
  - LAPTOP-5CTTUAIM: szybyc@wp.pl:
  - Microsoft Device Association Root Enumerator
  - Microsoft Radio Device Enumeration Bus
  - Microsoft RRAS Root Enumerator
  - POLSATBOX4KLITE-
  - Syntezator SW Microsoft GS Wavetable
+ {745a17a0-74d3-11d0-b6fe-00a0c90f57da}
  - Kontroler systemu zgodny z HID
  - Kontroler systemu zgodny z HID
  - Urzdzenie sterujce uytkownika zgodne z HID
  - Urzdzenie sterujce uytkownika zgodne z HID
  - Urzdzenie wejciowe USB
  - Urzdzenie wejciowe USB
  - Urzdzenie wejciowe USB
  - Urzdzenie wejciowe USB
  - Urzdzenie wejciowe USB
  - Urzdzenie zdefiniowane przez dostawc zgodne z HID
  - Urzdzenie zdefiniowane przez dostawc zgodne z HID
  - Urzdzenie zgodne z HID
+ {c166523c-fe0c-4a94-a586-f1a80cfbbf3e}
  - Cyfrowe urzdzenie audio (S/PDIF) (High Definition Audio Device)
  - Mikrofon (High Definition Audio Device)
  - Smart TV (NVIDIA High Definition Audio)
  - Suchawki (High Definition Audio Device)
+ {eec5ad98-8080-425f-922a-dabf3de3f69a}
  - ADATA UFD
+ {f2e7dd72-6468-4e36-b6f1-6488f42c1b52}
  - Oprogramowanie ukadowe urzdzenia

cpu registers:
eax = 13c742a0
ebx = 00000000
ecx = 00000000
edx = 00bea4f8
esi = 0197bac4
edi = 0197bac4
eip = 0160e25d
esp = 0234f9fc
ebp = 0234fa70

stack dump:
0234f9fc  5d e2 60 01 de fa ed 0e - 01 00 00 00 07 00 00 00  ].`.............
0234fa0c  10 fa 34 02 5d e2 60 01 - a0 42 c7 13 00 00 00 00  ..4.].`..B......
0234fa1c  c4 ba 97 01 c4 ba 97 01 - 70 fa 34 02 2c fa 34 02  ........p.4.,.4.
0234fa2c  14 fb 34 02 9c bb f4 00 - 70 fa 34 02 00 00 00 00  ..4.....p.4.....
0234fa3c  00 00 00 00 00 00 00 00 - 00 00 00 00 c0 e3 60 01  ..............`.
0234fa4c  11 02 f5 00 c4 57 94 18 - 11 fa 34 02 d2 02 00 00  .....W....4.....
0234fa5c  00 35 98 01 00 00 00 00 - d2 02 00 00 20 e3 60 01  .5.......... .`.
0234fa6c  c0 e3 60 01 88 fa 34 02 - 7b c4 f4 00 5d e2 60 01  ..`...4.{...].`.
0234fa7c  d2 02 00 00 20 e3 60 01 - c0 e3 60 01 08 fb 34 02  .... .`...`...4.
0234fa8c  5d e2 60 01 00 00 00 00 - 00 00 00 80 ff bf 00 00  ].`.............
0234fa9c  0e 01 00 00 1c 01 01 01 - a8 00 00 00 d1 00 f5 00  ................
0234faac  c4 ba 97 01 c4 ba 97 01 - c4 ba 97 01 00 00 00 00  ................
0234fabc  7e 50 79 01 01 00 00 00 - 40 1b 6b 23 ec fa 34 02  ~Py.....@.k#..4.
0234facc  58 1e 61 01 a0 55 3f 05 - a0 55 3f 05 a0 55 3f 05  X.a..U?..U?..U?.
0234fadc  01 00 00 00 00 00 00 00 - e8 fa 34 02 00 00 00 00  ..........4.....
0234faec  a4 55 3f 05 00 00 00 00 - 40 1b 6b 23 a0 55 3f 05  .U?.....@.k#.U?.
0234fafc  ff ff ff ff 40 1b 6b 23 - c8 b6 6a 23 6c fb 34 02  ....@.k#..j#l.4.
0234fb0c  a6 21 61 01 00 00 00 00 - a0 fc 34 02 9c bb f4 00  .!a.......4.....
0234fb1c  6c fb 34 02 02 00 00 00 - c4 ba 97 01 c0 f7 25 0a  l.4...........%.
0234fb2c  7e 50 79 01 01 00 00 00 - c4 ba 97 01 c0 f7 25 0a  ~Py...........%.

disassembling:
[...]
0160e217 722   mov     eax, [ebp-4]
0160e21a       mov     eax, [eax+$18]
0160e21d       mov     [ebp-$10], eax
0160e220       mov     eax, [ebp-8]
0160e223       mov     [ebp-$14], eax
0160e226       mov     eax, [ebp-$10]
0160e229       add     eax, 4
0160e22c       mov     [ebp-$1c], eax
0160e22f       lea     edx, [ebp-$14]
0160e232       mov     eax, [ebp-$1c]
0160e235       call    -$56eb66 ($109f6d4)    ; System.Generics.Collections.TListHelper.DoIndexOfFwd4
0160e23a       mov     [ebp-$20], eax
0160e23d       mov     eax, [ebp-$20]
0160e240       mov     [ebp-$18], eax
0160e243       cmp     dword ptr [ebp-$18], -1
0160e247       jz      loc_160e25d
0160e249       mov     ecx, $2d2
0160e24e       mov     edx, $160e320
0160e253       mov     eax, $160e3c0
0160e258       call    -$6c1e0d ($f4c450)     ; System.@Assert
0160e25d 723 > cmp     dword ptr [ebp-$c], -1
0160e261       jz      loc_160e28a
0160e263 724   mov     eax, [ebp-4]
0160e266       mov     eax, [eax+$18]
0160e269       mov     [ebp-$24], eax
0160e26c       mov     eax, [ebp-8]
0160e26f       call    -$129fc ($15fb878)     ; KM_UnitWarrior.TKMUnitWarrior.GetPointer
0160e274       mov     [ebp-$28], eax
0160e277       lea     ecx, [ebp-$28]
0160e27a       mov     eax, [ebp-$24]
0160e27d       add     eax, 4
0160e280       mov     edx, [ebp-$c]
0160e283       call    -$56d0d0 ($10a11b8)    ; System.Generics.Collections.TListHelper.InternalInsert4
0160e288       jmp     loc_160e2af
0160e28a 726   mov     eax, [ebp-4]
0160e28d       mov     eax, [eax+$18]
0160e290       mov     [ebp-$2c], eax
0160e293       mov     eax, [ebp-8]
0160e296       call    -$12a23 ($15fb878)     ; KM_UnitWarrior.TKMUnitWarrior.GetPointer
0160e29b       mov     [ebp-$30], eax
0160e29e       lea     edx, [ebp-$30]
[...]
                                      ================================================================================
                                                                       END BUG REPORT                                 
                                      ================================================================================
16:34:27.178   455,334s     271ms  18224    Creating crash report...
16:34:27.184   455,340s       6ms  18224    Saving game at tick 64476 to 'E:\programowanie\projekty delphi\kam_expansion\Saves\crashreport\crashreport.sav'
16:34:27.720   455,876s     536ms  18224    Attached file: E:\programowanie\projekty delphi\kam_expansion\Saves\crashreport\crashreport.sav
16:34:27.726   455,882s       6ms  18224    Attached file: E:\programowanie\projekty delphi\kam_expansion\Saves\crashreport\crashreport.bas
16:34:27.732   455,888s       6ms  18224    Attached file: E:\programowanie\projekty delphi\kam_expansion\Saves\crashreport\crashreport.rpl
16:34:27.738   455,894s       6ms  18224    Attached file: E:\programowanie\projekty delphi\kam_expansion\Saves\crashreport\crashreport.rng
16:34:27.744   455,900s       6ms  18224    Attached file: E:\programowanie\projekty delphi\kam_expansion\MapsMP\TMR10\TMR10.dat
16:34:27.749   455,906s       6ms  18224    Attached file: E:\programowanie\projekty delphi\kam_expansion\MapsMP\TMR10\TMR10.map
16:34:27.755   455,911s       5ms  18224    Attached file: E:\programowanie\projekty delphi\kam_expansion\MapsMP\TMR10\TMR10.txt
16:34:27.762   455,918s       7ms  18224    Attached file: E:\programowanie\projekty delphi\kam_expansion\MapsMP\TMR10\TMR10.script
16:34:27.769   455,925s       7ms  18224    Attached file: E:\programowanie\projekty delphi\kam_expansion\MapsMP\TMR10\TMR10.pol.libx
16:34:27.776   455,932s       7ms  18224    Attaching game loaded file: E:\programowanie\projekty delphi\kam_expansion\Saves\autosave02\autosave02.sav
16:34:27.782   455,938s       6ms  18224    Attached file: E:\programowanie\projekty delphi\kam_expansion\Saves\autosave02\autosave02.sav
16:34:27.787   455,943s       5ms  18224    Attached file: E:\programowanie\projekty delphi\kam_expansion\Saves\autosave02\autosave02.bas
16:34:27.793   455,949s       6ms  18224    Attached file: E:\programowanie\projekty delphi\kam_expansion\Saves\autosave02\autosave02.rpl
16:34:27.799   455,955s       6ms  18224    Attached file: E:\programowanie\projekty delphi\kam_expansion\Saves\autosave02\autosave02.rng
16:34:27.808   455,965s      10ms  18224    Crash report created
16:34:27.816   455,972s       7ms  18224    UI at crash time: MainPanel sizes: (1660;966), cursor pos: (59;75), 
CtrlDown = nil
CtrlOver = ID=4 ParentID=0 Class=TKMMinimapView AbsPos: (10;10) Pos: (10;10) Sizes: [176;176]
CtrlUp = ID=4 ParentID=0 Class=TKMMinimapView AbsPos: (10;10) Pos: (10;10) Sizes: [176;176]
CtrlFocus = nil
16:34:27.823   455,980s       8ms  18224    Attached file: E:\programowanie\projekty delphi\kam_expansion\Logs\KaM_2024-12-31_16-26-51-843.log
16:34:27.830   455,987s       7ms  18224    Attached file: C:\Users\szyby\OneDrive\Dokumenty\My Games\Knights and Merchants Remake\KaM Remake Settings KingDyronMod.xml
