   Timestamp    Elapsed     Delta  Thread    Description
========================
    Date: 2025.01.04
========================
17:41:41.788     0,001s       1ms  11096    Log is up and running. Game version: KaM Expansion: Co-op & World Update
17:41:41.794     0,007s       6ms  11096    Game Load started
17:41:41.804     0,017s      10ms  11096    Start loading 'GameApp settings' from 'C:\Users\szyby\OneDrive\Dokumenty\My Games\Knights and Merchants Remake\KaM Remake Settings KingDyronMod.xml'
17:41:41.809     0,022s       5ms  11096    'GameApp settings' was successfully loaded from 'C:\Users\szyby\OneDrive\Dokumenty\My Games\Knights and Merchants Remake\KaM Remake Settings KingDyronMod.xml'
17:41:41.823     0,037s       7ms  11096    Start saving 'GameApp settings' to 'C:\Users\szyby\OneDrive\Dokumenty\My Games\Knights and Merchants Remake\KaM Remake Settings KingDyronMod.xml'
010f9084 KaM_Expansion.exe KM_Settings        106 TKMSettings.SaveToDefaultFile
010f9157 KaM_Expansion.exe KM_Settings        113 TKMSettings.SaveToDefaultFile
010f8d55 KaM_Expansion.exe KM_Settings         59 TKMSettings.Create
010f9492 KaM_Expansion.exe KM_SettingsXML      38 TKMSettingsXML.Create
010f97d3 KaM_Expansion.exe KM_GameAppSettings  51 TKMGameAppSettings.Create
0130fdac KaM_Expansion.exe KM_Main            258 TKMMain.Start
0131001b KaM_Expansion.exe KM_Main            305 TKMMain.Start
0158fb2b KaM_Expansion.exe KaM_Expansion      480 initialization
0158fb5a KaM_Expansion.exe KaM_Expansion      483 initialization
76c97ba7 KERNEL32.DLL                             BaseThreadInitThunk

17:41:41.861     0,074s      37ms  11096    'GameApp settings' was successfully saved to 'C:\Users\szyby\OneDrive\Dokumenty\My Games\Knights and Merchants Remake\KaM Remake Settings KingDyronMod.xml'
17:41:41.884     0,097s      23ms  11096    Start loading 'Server settings' from 'C:\Users\szyby\OneDrive\Dokumenty\My Games\Knights and Merchants Remake\KaM Remake Server Settings.ini'
17:41:41.890     0,103s       6ms  11096    'Server settings' was successfully loaded from 'C:\Users\szyby\OneDrive\Dokumenty\My Games\Knights and Merchants Remake\KaM Remake Server Settings.ini'
17:41:41.896     0,109s       6ms  11096    Start saving 'Server settings' to 'C:\Users\szyby\OneDrive\Dokumenty\My Games\Knights and Merchants Remake\KaM Remake Server Settings.ini'
010f9084 KaM_Expansion.exe KM_Settings       106 TKMSettings.SaveToDefaultFile
010f9157 KaM_Expansion.exe KM_Settings       113 TKMSettings.SaveToDefaultFile
010f8d55 KaM_Expansion.exe KM_Settings        59 TKMSettings.Create
01239058 KaM_Expansion.exe KM_ServerSettings 109 TKMServerSettings.Create
01305160 KaM_Expansion.exe KM_GameApp        213 TKMGameApp.Create
013055b2 KaM_Expansion.exe KM_GameApp        295 TKMGameApp.Create
01311022 KaM_Expansion.exe KM_Main           635 TKMMain.ReinitRender
0131122e KaM_Expansion.exe KM_Main           689 TKMMain.ReinitRender
0130fec2 KaM_Expansion.exe KM_Main           281 TKMMain.Start
0131001b KaM_Expansion.exe KM_Main           305 TKMMain.Start
0158fb2b KaM_Expansion.exe KaM_Expansion     480 initialization
0158fb5a KaM_Expansion.exe KaM_Expansion     483 initialization
76c97ba7 KERNEL32.DLL                            BaseThreadInitThunk

17:41:41.910     0,123s      14ms  11096    'Server settings' was successfully saved to 'C:\Users\szyby\OneDrive\Dokumenty\My Games\Knights and Merchants Remake\KaM Remake Server Settings.ini'
17:41:41.917     0,130s       7ms  11096    Init Render started
17:41:42.052     0,266s     136ms  11096    GL_MAX_TEXTURE_SIZE = 32768
17:41:42.058     0,272s       6ms  11096    GL_MAX_VIEWPORT_DIM = 32768
                                      OpenGL Vendor: NVIDIA Corporation
                                      OpenGL Renderer: NVIDIA GeForce RTX 3060 Ti/PCIe/SSE2
                                      OpenGL Version: 4.6.0 NVIDIA 560.94
17:41:42.083     0,297s      25ms  11096    Init Render Done
17:41:42.090     0,303s       6ms  11096    Resource loading state - None
17:41:42.096     0,309s       6ms  11096    Reading palettes ... done
17:41:42.104     0,318s       9ms  11096    Reading GUI.rx
17:41:42.111     0,324s       6ms  11096    Load Sprites started
17:41:42.118     0,331s       7ms  11096    GUI - 966
17:41:42.139     0,352s      21ms  11096    Load Sprites Done
17:41:42.174     0,388s      36ms  11096    Reading GUIMain.rx
17:41:42.182     0,395s       7ms  11096    Load Sprites started
17:41:42.188     0,401s       6ms  11096    GUIMain - 105
17:41:42.238     0,451s      50ms  11096    Load Sprites Done
17:41:42.290     0,503s      52ms  11096    Reading Tileset.rx
17:41:42.297     0,510s       7ms  11096    Load Sprites started
17:41:42.304     0,517s       7ms  11096    Tileset - 5449
17:41:42.339     0,552s      35ms  11096    Load Sprites Done
17:41:42.346     0,559s       7ms  11096    GenerateTerrainTransitions started. Legacy = False
17:41:42.352     0,566s       7ms  11096    TexId = 5451 GenTilesCnt = 2100
17:41:42.358     0,572s       6ms  11096    TexId = 6051; TexId - fGenTexIdStartI = 600; uniqueTex = 600; totalTex = 1350
17:41:42.364     0,577s       5ms  11096    GeneratedMasks cnt = 20
17:41:42.370     0,584s       7ms  11096    GenerateTerrainTransitions Done
17:41:42.376     0,590s       6ms  11096    GenerateTerrainTransitions started. Legacy = True
17:41:42.382     0,595s       5ms  11096    Legacy: TexId = 4999 GenTilesCntTemp = 2030
17:41:42.388     0,601s       6ms  11096    TexId = 5463; TexId - fGenTexIdStartILegacy = 464; uniqueTex = 464; totalTex = 1044
17:41:42.394     0,607s       6ms  11096    GeneratedMasks cnt = 16
17:41:42.401     0,614s       7ms  11096    GenerateTerrainTransitions Done
17:41:42.504     0,717s     103ms  11096    Load font started
17:41:42.540     0,753s      36ms  11096    Font load took 36ms
17:41:42.547     0,760s       7ms  11096    Read fonts is done
17:41:42.565     0,778s      18ms  11096    ReadGFX is done
17:41:42.572     0,785s       7ms  11096    Resource loading state - Menu
17:41:42.579     0,792s       7ms   5712    OpenAL init started
17:41:43.195     1,409s     617ms  11096    Music init done, 24 tracks found
                                      Loading campaign images.rxx for HKS
17:41:43.220     1,433s      24ms   1208    Custom - 1
17:41:43.228     1,441s       8ms   5712    Pre-LoadSFX init ... done
17:41:43.235     1,448s       7ms   5712    ALC_MONO_SOURCES 255
17:41:43.242     1,455s       7ms   5712    ALC_STEREO_SOURCES 1
17:41:43.248     1,461s       6ms  11096    Main menu init done
17:41:43.254     1,467s       6ms   5712    OpenAL init done
17:41:43.276     1,489s      22ms  11096    Check game folder 'E:\programowanie\projekty delphi\kam_expansion\' generic permissions: READ: granted; WRITE: granted; EXECUTE: granted; folder is writable: 
17:41:43.282     1,496s       7ms  11096    LoadGameResources ... AlphaShadows: True. Forced: True
17:41:43.288     1,502s       5ms  11096    TKMResSprites.LoadGameResources
17:41:43.296     1,509s       6ms  11096    [AsyncGameResLoader Thread] Started
17:41:43.302     1,516s       7ms  11096    Resource loading state - Game
17:41:43.308     1,522s       6ms  11096    ToggleFullscreen
17:41:43.314     1,527s       5ms  11096    Form Width/Height: 1040:759
17:41:43.320     1,533s       6ms  11096    Panel Width/Height: 1024:720
17:41:43.327     1,540s       7ms  18536    [AsyncGameResLoader Thread] RT = rxTrees Stage = lsLoad
17:41:43.334     1,547s       7ms  18536    [AsyncGameResLoader Thread] Start Load RXX 'Trees.rxx'
17:41:43.340     1,554s       7ms  18536    Load Sprites started
17:41:43.349     1,563s       8ms  18536    Trees - 1216
17:41:43.360     1,573s      10ms  11096    Saving dev settings to file 'kmr_dev.xml'
17:41:43.379     1,592s      18ms  11096    Saving dev settings to file 'kmr_dev.xml'
17:41:43.387     1,600s       8ms  11096    Game Load Done in 1622
                                      Loading campaign images.rxx for KSN
17:41:43.401     1,614s      14ms   1208    Custom - 1
                                      Loading campaign images.rxx for KSO
17:41:43.472     1,685s      71ms   1208    Custom - 1
17:41:43.482     1,695s      10ms  18536    Load Sprites Done
                                      Loading campaign images.rxx for KSU
17:41:43.529     1,742s      47ms   1208    Custom - 1
                                      Loading campaign images.rxx for OFL
17:41:43.580     1,793s      50ms   1208    Custom - 1
17:41:43.587     1,800s       7ms  18536    [AsyncGameResLoader Thread] DONE Load RXX 'Trees.rxa'
17:41:43.601     1,814s      14ms  11096    [AsyncGameResLoader MainTh] [UpdateStateIdle] GenTextures RT = rxTrees Stage = lsGenMain
17:41:43.611     1,825s      11ms  11096    [AsyncGameResLoader MainTh] [UpdateStateIdle] DONE
17:41:43.618     1,832s       7ms  18536    [AsyncGameResLoader Thread] RT = rxTrees Stage = lsOverload
17:41:43.625     1,838s       6ms  18536    [AsyncGameResLoader Thread] OverloadFromFolder RT = rxTrees
                                      Loading campaign images.rxx for OER
17:41:43.638     1,852s      14ms   1208    Custom - 1
17:41:43.645     1,858s       6ms  18536    [AsyncGameResLoader Thread] DONE OverloadFromFolder RT = rxTrees
17:41:43.665     1,878s      20ms  11096    [AsyncGameResLoader MainTh] [UpdateStateIdle] GenTextures RT = rxTrees Stage = lsGenOverload
17:41:43.672     1,885s       7ms  11096    [AsyncGameResLoader MainTh] [UpdateStateIdle] DONE
17:41:43.679     1,892s       7ms  18536    [AsyncGameResLoader Thread] RT = rxHouses Stage = lsLoad
                                      Loading campaign images.rxx for TBK
17:41:43.693     1,906s      14ms  18536    [AsyncGameResLoader Thread] Start Load RXX 'Houses.rxx'
17:41:43.699     1,913s       7ms  18536    Load Sprites started
17:41:43.706     1,920s       7ms   1208    Custom - 1
17:41:43.713     1,926s       6ms  18536    Houses - 2709
                                      Loading campaign images.rxx for TPR
17:41:43.758     1,971s      45ms   1208    Custom - 1
                                      Loading campaign images.rxx for TSK
17:41:43.825     2,038s      67ms   1208    Custom - 1
                                      Loading campaign images.rxx for TUA
17:41:43.863     2,077s      38ms   1208    Custom - 1
17:41:43.897     2,110s      33ms  18536    Load Sprites Done
                                      Loading campaign images.rxx for TMR
17:41:44.016     2,229s     119ms   1208    Custom - 1
17:41:44.027     2,241s      12ms  18536    [AsyncGameResLoader Thread] DONE Load RXX 'Houses.rxa'
17:41:44.035     2,248s       7ms  11096    [AsyncGameResLoader MainTh] [UpdateStateIdle] GenTextures RT = rxHouses Stage = lsGenMain
17:41:44.048     2,262s      14ms  11096    [AsyncGameResLoader MainTh] [UpdateStateIdle] DONE
17:41:44.057     2,270s       8ms  18536    [AsyncGameResLoader Thread] RT = rxHouses Stage = lsOverload
17:41:44.064     2,278s       8ms  18536    [AsyncGameResLoader Thread] OverloadFromFolder RT = rxHouses
17:41:44.178     2,391s     113ms  18536    [AsyncGameResLoader Thread] DONE OverloadFromFolder RT = rxHouses
17:41:44.188     2,401s      10ms  11096    [AsyncGameResLoader MainTh] [UpdateStateIdle] GenTextures RT = rxHouses Stage = lsGenOverload
17:41:44.194     2,408s       7ms  11096    [AsyncGameResLoader MainTh] [UpdateStateIdle] DONE
17:41:44.201     2,414s       6ms  18536    [AsyncGameResLoader Thread] RT = rxUnits Stage = lsLoad
17:41:44.208     2,421s       6ms  18536    [AsyncGameResLoader Thread] Start Load RXX 'Units.rxx'
17:41:44.215     2,428s       7ms  18536    Load Sprites started
17:41:44.221     2,435s       7ms  18536    Units - 14845
17:41:45.012     3,225s     790ms  18536    Load Sprites Done
17:41:46.111     4,325s    1100ms  18536    [AsyncGameResLoader Thread] DONE Load RXX 'Units.rxa'
17:41:46.120     4,333s       8ms  11096    [AsyncGameResLoader MainTh] [UpdateStateIdle] GenTextures RT = rxUnits Stage = lsGenMain
17:41:46.187     4,401s      68ms  11096    [AsyncGameResLoader MainTh] [UpdateStateIdle] DONE
17:41:46.195     4,408s       7ms  18536    [AsyncGameResLoader Thread] RT = rxUnits Stage = lsOverload
17:41:46.202     4,416s       8ms  18536    [AsyncGameResLoader Thread] OverloadFromFolder RT = rxUnits
17:41:46.536     4,750s     334ms  18536    [AsyncGameResLoader Thread] DONE OverloadFromFolder RT = rxUnits
17:41:46.543     4,756s       6ms  11096    [AsyncGameResLoader MainTh] [UpdateStateIdle] GenTextures RT = rxUnits Stage = lsGenOverload
17:41:46.550     4,763s       7ms  11096    [AsyncGameResLoader Thread] Stopped
17:41:46.556     4,769s       6ms  11096    [AsyncGameResLoader MainTh] [UpdateStateIdle] DONE
                                      Loading campaign images.rxx for HKS
17:44:54.217   192,430s  187661ms  13688    Custom - 1
                                      Loading campaign images.rxx for KSN
17:44:54.296   192,509s      79ms  13688    Custom - 1
                                      Loading campaign images.rxx for KSO
17:44:54.382   192,596s      86ms  13688    Custom - 1
                                      Loading campaign images.rxx for KSU
17:44:54.465   192,678s      82ms  13688    Custom - 1
                                      Loading campaign images.rxx for OFL
17:44:54.515   192,729s      51ms  13688    Custom - 1
                                      Loading campaign images.rxx for OER
17:44:54.555   192,769s      40ms  13688    Custom - 1
                                      Loading campaign images.rxx for TBK
17:44:54.595   192,808s      39ms  13688    Custom - 1
                                      Loading campaign images.rxx for TPR
17:44:54.659   192,872s      64ms  13688    Custom - 1
                                      Loading campaign images.rxx for TSK
17:44:54.697   192,910s      38ms  13688    Custom - 1
17:44:54.714   192,927s      17ms  11096    LoadGameResources ... AlphaShadows: True. Forced: False
17:44:54.721   192,935s       8ms  11096    Resource loading state - Game
17:44:54.747   192,961s      26ms  11096    Saving dev settings to file 'kmr_dev.xml'
17:44:54.791   193,004s      43ms  11096    <== Game creation is done ==>
17:44:54.798   193,011s       7ms  11096    GameStart
17:44:54.805   193,018s       7ms  11096    Loading DAT file: E:\programowanie\projekty delphi\kam_expansion\Maps\7.Elite\7.Elite.dat
17:44:54.811   193,025s       7ms  11096    Loading map file: E:\programowanie\projekty delphi\kam_expansion\Maps\7.Elite\7.Elite.map
17:44:54.817   193,031s       6ms  11096    Map file loaded
17:44:54.983   193,197s     166ms  11096    Gameplay recording initialized ... done
17:44:54.989   193,203s       6ms  11096    Game options: PT = 0; SpeedPT = 1; SpeedAfterPT = 1; Seed = 0; Difficulty = mdNone
17:44:54.997   193,210s       6ms  11096    Gameplay initialized ... done
17:44:55.002   193,215s       5ms  11096    After game start
17:44:55.009   193,222s       7ms  11096    Set game seed: 77704231
17:44:55.016   193,229s       7ms  11096    After game start ... done
                                      Loading campaign images.rxx for TUA
17:44:55.038   193,252s      23ms  13688    Custom - 1
                                      Loading campaign images.rxx for TMR
17:44:55.184   193,397s     145ms  13688    Custom - 1
17:47:39.143   357,357s  163960ms  11096    Saving from map editor: E:\programowanie\projekty delphi\kam_expansion\Maps\7.Elite\7.Elite.dat
17:47:39.359   357,573s     216ms  11096    LoadGameResources ... AlphaShadows: True. Forced: False
17:47:39.368   357,581s       8ms  11096    Resource loading state - Game
17:47:39.382   357,595s      14ms  11096    Saving dev settings to file 'kmr_dev.xml'
17:47:39.440   357,653s      58ms  11096    <== Game creation is done ==>
17:47:39.447   357,661s       8ms  11096    GameStart
17:47:39.454   357,667s       6ms  11096    Loading DAT file: E:\programowanie\projekty delphi\kam_expansion\Maps\7.Elite\7.Elite.dat
17:47:39.461   357,674s       7ms  11096    Loading map file: E:\programowanie\projekty delphi\kam_expansion\Maps\7.Elite\7.Elite.map
17:47:39.467   357,681s       7ms  11096    Map file loaded
17:47:39.487   357,701s      20ms  11096    Gameplay recording initialized ... done
17:47:39.494   357,707s       6ms  11096    Game options: PT = 0; SpeedPT = 1; SpeedAfterPT = 1; Seed = 0; Difficulty = mdNone
17:47:39.501   357,714s       7ms  11096    Gameplay initialized ... done
17:47:39.507   357,721s       7ms  11096    After game start
17:47:39.514   357,727s       6ms  11096    Set game seed: 220494020
17:47:39.521   357,735s       8ms  11096    Saving game at tick 0 to 'E:\programowanie\projekty delphi\kam_expansion\Saves\basesave\basesave.bas'
17:47:39.529   357,743s       8ms  11096    After game start ... done
17:48:07.023   385,236s   27493ms  11096    Issue gicGameAutoSave command at tick 600
17:48:07.034   385,247s      11ms  11096    Saving game at tick 600 to 'E:\programowanie\projekty delphi\kam_expansion\Saves\autosave\autosave.sav'
17:48:17.409   395,622s   10375ms  11096    Issue gicGameAutoSave command at tick 1200
17:48:17.416   395,630s       8ms  11096    Saving game at tick 1200 to 'E:\programowanie\projekty delphi\kam_expansion\Saves\autosave\autosave.sav'
17:48:23.423   401,636s    6005ms  11096    Issue gicGameAutoSave command at tick 1800
17:48:23.429   401,643s       7ms  11096    Saving game at tick 1800 to 'E:\programowanie\projekty delphi\kam_expansion\Saves\autosave\autosave.sav'
17:48:29.391   407,605s    5962ms  11096    Issue gicGameAutoSave command at tick 2400
17:48:29.399   407,612s       7ms  11096    Saving game at tick 2400 to 'E:\programowanie\projekty delphi\kam_expansion\Saves\autosave\autosave.sav'
17:48:35.423   413,636s    6024ms  11096    Issue gicGameAutoSave command at tick 3000
17:48:35.431   413,644s       8ms  11096    Saving game at tick 3000 to 'E:\programowanie\projekty delphi\kam_expansion\Saves\autosave\autosave.sav'
17:48:48.974   427,188s   13544ms  11096    Issue gicGameAutoSave command at tick 3600
17:48:48.981   427,195s       7ms  11096    Saving game at tick 3600 to 'E:\programowanie\projekty delphi\kam_expansion\Saves\autosave\autosave.sav'
17:48:56.620   434,834s    7639ms  11096    Gameplay ended - grSilent /
17:48:56.648   434,862s      28ms  11096    LoadGameResources ... AlphaShadows: True. Forced: False
17:48:56.658   434,871s       9ms  11096    Resource loading state - Game
17:48:56.681   434,895s      24ms  11096    Saving dev settings to file 'kmr_dev.xml'
17:48:56.740   434,953s      57ms  11096    <== Game creation is done ==>
17:48:56.747   434,961s       8ms  11096    GameStart
17:48:56.753   434,966s       5ms  11096    Loading DAT file: E:\programowanie\projekty delphi\kam_expansion\Maps\7.Elite\7.Elite.dat
17:48:56.760   434,973s       6ms  11096    Loading map file: E:\programowanie\projekty delphi\kam_expansion\Maps\7.Elite\7.Elite.map
17:48:56.766   434,980s       7ms  11096    Map file loaded
17:48:56.784   434,998s      18ms  11096    Gameplay recording initialized ... done
17:48:56.791   435,005s       7ms  11096    Game options: PT = 0; SpeedPT = 1; SpeedAfterPT = 1; Seed = 0; Difficulty = mdNone
17:48:56.798   435,011s       6ms  11096    Gameplay initialized ... done
17:48:56.804   435,017s       6ms  11096    After game start
17:48:56.816   435,030s      13ms  11096    Set game seed: 2100624173
17:48:56.822   435,035s       5ms  11096    Saving game at tick 0 to 'E:\programowanie\projekty delphi\kam_expansion\Saves\basesave\basesave.bas'
17:48:56.830   435,043s       8ms  11096    After game start ... done
17:49:03.315   441,529s    6486ms  11096    Issue gicGameAutoSave command at tick 600
17:49:03.323   441,536s       7ms  11096    Saving game at tick 600 to 'E:\programowanie\projekty delphi\kam_expansion\Saves\autosave\autosave.sav'
17:49:12.788   451,001s    9465ms  11096    Issue gicGameAutoSave command at tick 1200
17:49:12.797   451,011s      10ms  11096    Saving game at tick 1200 to 'E:\programowanie\projekty delphi\kam_expansion\Saves\autosave\autosave.sav'
17:49:18.988   457,201s    6190ms  11096    Issue gicGameAutoSave command at tick 1800
17:49:18.995   457,209s       8ms  11096    Saving game at tick 1800 to 'E:\programowanie\projekty delphi\kam_expansion\Saves\autosave\autosave.sav'
17:49:29.219   467,433s   10224ms  11096    Issue gicGameAutoSave command at tick 2400
17:49:29.227   467,440s       7ms  11096    Saving game at tick 2400 to 'E:\programowanie\projekty delphi\kam_expansion\Saves\autosave\autosave.sav'
17:50:05.289   503,502s   36062ms  11096    Issue gicGameAutoSave command at tick 3000
17:50:05.297   503,511s       9ms  11096    Saving game at tick 3000 to 'E:\programowanie\projekty delphi\kam_expansion\Saves\autosave\autosave.sav'
17:50:11.307   509,520s    6009ms  11096    Issue gicGameAutoSave command at tick 3600
17:50:11.314   509,528s       7ms  11096    Saving game at tick 3600 to 'E:\programowanie\projekty delphi\kam_expansion\Saves\autosave\autosave.sav'
17:50:17.289   515,502s    5974ms  11096    Issue gicGameAutoSave command at tick 4200
17:50:17.298   515,512s      10ms  11096    Saving game at tick 4200 to 'E:\programowanie\projekty delphi\kam_expansion\Saves\autosave\autosave.sav'
17:50:23.288   521,501s    5989ms  11096    Issue gicGameAutoSave command at tick 4800
17:50:23.295   521,509s       8ms  11096    Saving game at tick 4800 to 'E:\programowanie\projekty delphi\kam_expansion\Saves\autosave\autosave.sav'
17:50:40.441   538,654s   17145ms  11096    Issue gicGameAutoSave command at tick 5400
17:50:40.455   538,668s      13ms  11096    Saving game at tick 5400 to 'E:\programowanie\projekty delphi\kam_expansion\Saves\autosave\autosave.sav'
17:50:46.442   544,655s    5987ms  11096    Issue gicGameAutoSave command at tick 6000
17:50:46.450   544,663s       8ms  11096    Saving game at tick 6000 to 'E:\programowanie\projekty delphi\kam_expansion\Saves\autosave\autosave.sav'
17:50:52.440   550,653s    5990ms  11096    Issue gicGameAutoSave command at tick 6600
17:50:52.447   550,660s       7ms  11096    Saving game at tick 6600 to 'E:\programowanie\projekty delphi\kam_expansion\Saves\autosave\autosave.sav'
17:50:58.440   556,653s    5993ms  11096    Issue gicGameAutoSave command at tick 7200
17:50:58.447   556,661s       8ms  11096    Saving game at tick 7200 to 'E:\programowanie\projekty delphi\kam_expansion\Saves\autosave\autosave.sav'
17:51:06.657   564,871s    8209ms  11096    Issue gicGameAutoSave command at tick 7800
17:51:06.666   564,879s       8ms  11096    Saving game at tick 7800 to 'E:\programowanie\projekty delphi\kam_expansion\Saves\autosave\autosave.sav'
17:51:14.806   573,019s    8140ms  11096    Issue gicGameAutoSave command at tick 8400
17:51:14.813   573,027s       8ms  11096    Saving game at tick 8400 to 'E:\programowanie\projekty delphi\kam_expansion\Saves\autosave\autosave.sav'
17:51:23.206   581,420s    8393ms  11096    Make savepoint at tick 8999
17:51:23.222   581,436s      16ms  11096    Issue gicGameAutoSave command at tick 9000
17:51:23.233   581,446s      10ms  11096    Saving game at tick 9000 to 'E:\programowanie\projekty delphi\kam_expansion\Saves\autosave\autosave.sav'
17:51:34.539   592,752s   11306ms  11096    Issue gicGameAutoSave command at tick 9600
17:51:34.546   592,760s       8ms  11096    Saving game at tick 9600 to 'E:\programowanie\projekty delphi\kam_expansion\Saves\autosave\autosave.sav'
17:51:51.307   609,521s   16761ms  11096    Issue gicGameAutoSave command at tick 10200
17:51:51.315   609,528s       7ms  11096    Saving game at tick 10200 to 'E:\programowanie\projekty delphi\kam_expansion\Saves\autosave\autosave.sav'
17:51:57.306   615,519s    5991ms  11096    Issue gicGameAutoSave command at tick 10800
17:51:57.313   615,526s       7ms  11096    Saving game at tick 10800 to 'E:\programowanie\projekty delphi\kam_expansion\Saves\autosave\autosave.sav'
17:52:03.307   621,521s    5995ms  11096    Issue gicGameAutoSave command at tick 11400
17:52:03.315   621,528s       7ms  11096    Saving game at tick 11400 to 'E:\programowanie\projekty delphi\kam_expansion\Saves\autosave\autosave.sav'
17:52:21.456   639,669s   18140ms  11096    Issue gicGameAutoSave command at tick 12000
17:52:21.464   639,677s       8ms  11096    Saving game at tick 12000 to 'E:\programowanie\projekty delphi\kam_expansion\Saves\autosave\autosave.sav'
17:52:28.139   646,352s    6675ms  11096    Issue gicGameAutoSave command at tick 12600
17:52:28.149   646,362s      10ms  11096    Saving game at tick 12600 to 'E:\programowanie\projekty delphi\kam_expansion\Saves\autosave\autosave.sav'
17:52:51.806   670,019s   23657ms  11096    Issue gicGameAutoSave command at tick 13200
17:52:51.813   670,027s       8ms  11096    Saving game at tick 13200 to 'E:\programowanie\projekty delphi\kam_expansion\Saves\autosave\autosave.sav'
17:53:02.521   680,734s   10706ms  11096    Gameplay ended - grSilent /
17:53:02.549   680,763s      29ms  11096    LoadGameResources ... AlphaShadows: True. Forced: False
17:53:02.556   680,769s       6ms  11096    Resource loading state - Game
17:53:02.582   680,796s      26ms  11096    Saving dev settings to file 'kmr_dev.xml'
17:53:02.639   680,852s      56ms  11096    <== Game creation is done ==>
17:53:02.647   680,861s       9ms  11096    GameStart
17:53:02.654   680,867s       6ms  11096    Loading DAT file: E:\programowanie\projekty delphi\kam_expansion\Maps\7.Elite\7.Elite.dat
17:53:02.662   680,876s       9ms  11096    Loading map file: E:\programowanie\projekty delphi\kam_expansion\Maps\7.Elite\7.Elite.map
17:53:02.669   680,883s       7ms  11096    Map file loaded
17:53:02.688   680,901s      18ms  11096    Gameplay recording initialized ... done
17:53:02.695   680,908s       7ms  11096    Game options: PT = 0; SpeedPT = 1; SpeedAfterPT = 1; Seed = 0; Difficulty = mdNone
17:53:02.702   680,915s       7ms  11096    Gameplay initialized ... done
17:53:02.708   680,922s       7ms  11096    After game start
17:53:02.715   680,928s       6ms  11096    Set game seed: 389427604
17:53:02.721   680,934s       6ms  11096    Saving game at tick 0 to 'E:\programowanie\projekty delphi\kam_expansion\Saves\basesave\basesave.bas'
17:53:02.727   680,940s       6ms  11096    After game start ... done
17:53:04.538   682,752s    1812ms  11096    Issue gicGameAutoSave command at tick 600
17:53:04.545   682,758s       6ms  11096    Saving game at tick 600 to 'E:\programowanie\projekty delphi\kam_expansion\Saves\autosave\autosave.sav'
17:53:05.538   683,751s     993ms  11096    Issue gicGameAutoSave command at tick 1200
17:53:05.544   683,758s       7ms  11096    Saving game at tick 1200 to 'E:\programowanie\projekty delphi\kam_expansion\Saves\autosave\autosave.sav'
17:53:06.530   684,743s     985ms  11096    Issue gicGameAutoSave command at tick 1800
17:53:06.537   684,751s       8ms  11096    Saving game at tick 1800 to 'E:\programowanie\projekty delphi\kam_expansion\Saves\autosave\autosave.sav'
17:53:07.530   685,743s     992ms  11096    Issue gicGameAutoSave command at tick 2400
17:53:07.537   685,750s       7ms  11096    Saving game at tick 2400 to 'E:\programowanie\projekty delphi\kam_expansion\Saves\autosave\autosave.sav'
17:53:08.520   686,733s     983ms  11096    Issue gicGameAutoSave command at tick 3000
17:53:08.528   686,741s       8ms  11096    Saving game at tick 3000 to 'E:\programowanie\projekty delphi\kam_expansion\Saves\autosave\autosave.sav'
17:53:09.527   687,741s    1000ms  11096    Issue gicGameAutoSave command at tick 3600
17:53:09.536   687,749s       8ms  11096    Saving game at tick 3600 to 'E:\programowanie\projekty delphi\kam_expansion\Saves\autosave\autosave.sav'
17:53:10.513   688,726s     977ms  11096    Issue gicGameAutoSave command at tick 4200
17:53:10.521   688,734s       8ms  11096    Saving game at tick 4200 to 'E:\programowanie\projekty delphi\kam_expansion\Saves\autosave\autosave.sav'
17:53:11.528   689,741s    1007ms  11096    Issue gicGameAutoSave command at tick 4800
17:53:11.536   689,749s       8ms  11096    Saving game at tick 4800 to 'E:\programowanie\projekty delphi\kam_expansion\Saves\autosave\autosave.sav'
17:53:12.530   690,743s     994ms  11096    Issue gicGameAutoSave command at tick 5400
17:53:12.537   690,751s       8ms  11096    Saving game at tick 5400 to 'E:\programowanie\projekty delphi\kam_expansion\Saves\autosave\autosave.sav'
17:53:13.529   691,743s     992ms  11096    Issue gicGameAutoSave command at tick 6000
17:53:13.537   691,750s       7ms  11096    Saving game at tick 6000 to 'E:\programowanie\projekty delphi\kam_expansion\Saves\autosave\autosave.sav'
17:53:14.538   692,751s    1001ms  11096    Issue gicGameAutoSave command at tick 6600
17:53:14.546   692,759s       8ms  11096    Saving game at tick 6600 to 'E:\programowanie\projekty delphi\kam_expansion\Saves\autosave\autosave.sav'
17:53:15.527   693,741s     982ms  11096    Issue gicGameAutoSave command at tick 7200
17:53:15.535   693,748s       7ms  11096    Saving game at tick 7200 to 'E:\programowanie\projekty delphi\kam_expansion\Saves\autosave\autosave.sav'
17:53:16.540   694,754s    1006ms  11096    Issue gicGameAutoSave command at tick 7800
17:53:16.549   694,762s       8ms  11096    Saving game at tick 7800 to 'E:\programowanie\projekty delphi\kam_expansion\Saves\autosave\autosave.sav'
17:53:17.507   695,720s     958ms  11096    Issue gicGameAutoSave command at tick 8400
17:53:17.514   695,727s       7ms  11096    Saving game at tick 8400 to 'E:\programowanie\projekty delphi\kam_expansion\Saves\autosave\autosave.sav'
17:53:18.509   696,722s     995ms  11096    Make savepoint at tick 8999
17:53:18.516   696,730s       8ms  11096    Issue gicGameAutoSave command at tick 9000
17:53:18.523   696,736s       6ms  11096    Saving game at tick 9000 to 'E:\programowanie\projekty delphi\kam_expansion\Saves\autosave\autosave.sav'
17:53:19.527   697,741s    1005ms  11096    Issue gicGameAutoSave command at tick 9600
17:53:19.535   697,748s       7ms  11096    Saving game at tick 9600 to 'E:\programowanie\projekty delphi\kam_expansion\Saves\autosave\autosave.sav'
17:53:20.528   698,742s     994ms  11096    Issue gicGameAutoSave command at tick 10200
17:53:20.535   698,749s       7ms  11096    Saving game at tick 10200 to 'E:\programowanie\projekty delphi\kam_expansion\Saves\autosave\autosave.sav'
17:53:21.528   699,741s     992ms  11096    Issue gicGameAutoSave command at tick 10800
17:53:21.535   699,749s       8ms  11096    Saving game at tick 10800 to 'E:\programowanie\projekty delphi\kam_expansion\Saves\autosave\autosave.sav'
17:53:22.528   700,741s     992ms  11096    Issue gicGameAutoSave command at tick 11400
17:53:22.535   700,749s       8ms  11096    Saving game at tick 11400 to 'E:\programowanie\projekty delphi\kam_expansion\Saves\autosave\autosave.sav'
17:53:23.527   701,741s     992ms  11096    Issue gicGameAutoSave command at tick 12000
17:53:23.535   701,748s       7ms  11096    Saving game at tick 12000 to 'E:\programowanie\projekty delphi\kam_expansion\Saves\autosave\autosave.sav'
17:53:24.540   702,753s    1005ms  11096    Issue gicGameAutoSave command at tick 12600
17:53:24.547   702,761s       8ms  11096    Saving game at tick 12600 to 'E:\programowanie\projekty delphi\kam_expansion\Saves\autosave\autosave.sav'
17:53:25.510   703,723s     962ms  11096    Issue gicGameAutoSave command at tick 13200
17:53:25.518   703,731s       8ms  11096    Saving game at tick 13200 to 'E:\programowanie\projekty delphi\kam_expansion\Saves\autosave\autosave.sav'
17:53:26.509   704,723s     992ms  11096    Issue gicGameAutoSave command at tick 13800
17:53:26.517   704,730s       7ms  11096    Saving game at tick 13800 to 'E:\programowanie\projekty delphi\kam_expansion\Saves\autosave\autosave.sav'
17:53:27.528   705,742s    1012ms  11096    Issue gicGameAutoSave command at tick 14400
17:53:27.536   705,749s       7ms  11096    Saving game at tick 14400 to 'E:\programowanie\projekty delphi\kam_expansion\Saves\autosave\autosave.sav'
17:53:28.541   706,754s    1005ms  11096    Issue gicGameAutoSave command at tick 15000
17:53:28.550   706,764s      10ms  11096    Saving game at tick 15000 to 'E:\programowanie\projekty delphi\kam_expansion\Saves\autosave\autosave.sav'
17:53:29.528   707,742s     978ms  11096    Issue gicGameAutoSave command at tick 15600
17:53:29.537   707,750s       8ms  11096    Saving game at tick 15600 to 'E:\programowanie\projekty delphi\kam_expansion\Saves\autosave\autosave.sav'
17:53:33.960   712,173s    4423ms  11096    Issue gicGameAutoSave command at tick 16200
17:53:33.966   712,180s       7ms  11096    Saving game at tick 16200 to 'E:\programowanie\projekty delphi\kam_expansion\Saves\autosave\autosave.sav'
17:53:34.968   713,181s    1000ms  11096    Issue gicGameAutoSave command at tick 16800
17:53:34.974   713,188s       7ms  11096    Saving game at tick 16800 to 'E:\programowanie\projekty delphi\kam_expansion\Saves\autosave\autosave.sav'
17:53:35.971   714,184s     996ms  11096    Issue gicGameAutoSave command at tick 17400
17:53:35.978   714,192s       8ms  11096    Saving game at tick 17400 to 'E:\programowanie\projekty delphi\kam_expansion\Saves\autosave\autosave.sav'
17:54:07.691   745,904s   31712ms  11096    Make savepoint at tick 17999
17:54:07.791   746,004s     100ms  11096    Issue gicGameAutoSave command at tick 18000
17:54:07.798   746,012s       8ms  11096    Saving game at tick 18000 to 'E:\programowanie\projekty delphi\kam_expansion\Saves\autosave\autosave.sav'
17:54:11.223   749,436s    3424ms  11096    Gameplay ended - grSilent /
17:54:11.249   749,463s      27ms  11096    LoadGameResources ... AlphaShadows: True. Forced: False
17:54:11.256   749,470s       7ms  11096    Resource loading state - Game
17:54:11.283   749,496s      26ms  11096    Saving dev settings to file 'kmr_dev.xml'
17:54:11.340   749,554s      58ms  11096    <== Game creation is done ==>
17:54:11.347   749,560s       6ms  11096    GameStart
17:54:11.353   749,567s       7ms  11096    Loading DAT file: E:\programowanie\projekty delphi\kam_expansion\Maps\7.Elite\7.Elite.dat
17:54:11.359   749,573s       6ms  11096    Loading map file: E:\programowanie\projekty delphi\kam_expansion\Maps\7.Elite\7.Elite.map
17:54:11.365   749,578s       5ms  11096    Map file loaded
17:54:11.384   749,597s      19ms  11096    Gameplay recording initialized ... done
17:54:11.390   749,603s       6ms  11096    Game options: PT = 0; SpeedPT = 1; SpeedAfterPT = 1; Seed = 0; Difficulty = mdNone
17:54:11.396   749,610s       7ms  11096    Gameplay initialized ... done
17:54:11.402   749,616s       6ms  11096    After game start
17:54:11.409   749,622s       6ms  11096    Set game seed: 1577550294
17:54:11.415   749,628s       6ms  11096    Saving game at tick 0 to 'E:\programowanie\projekty delphi\kam_expansion\Saves\basesave\basesave.bas'
17:54:11.422   749,636s       8ms  11096    After game start ... done
17:54:13.014   751,227s    1591ms  11096    Issue gicGameAutoSave command at tick 600
17:54:13.021   751,234s       7ms  11096    Saving game at tick 600 to 'E:\programowanie\projekty delphi\kam_expansion\Saves\autosave\autosave.sav'
17:54:14.013   752,227s     993ms  11096    Issue gicGameAutoSave command at tick 1200
17:54:14.020   752,235s       8ms  11096    Saving game at tick 1200 to 'E:\programowanie\projekty delphi\kam_expansion\Saves\autosave\autosave.sav'
17:54:15.022   753,236s    1001ms  11096    Issue gicGameAutoSave command at tick 1800
17:54:15.029   753,242s       6ms  11096    Saving game at tick 1800 to 'E:\programowanie\projekty delphi\kam_expansion\Saves\autosave\autosave.sav'
17:54:16.015   754,229s     987ms  11096    Issue gicGameAutoSave command at tick 2400
17:54:16.021   754,235s       6ms  11096    Saving game at tick 2400 to 'E:\programowanie\projekty delphi\kam_expansion\Saves\autosave\autosave.sav'
17:54:17.014   755,228s     993ms  11096    Issue gicGameAutoSave command at tick 3000
17:54:17.022   755,236s       8ms  11096    Saving game at tick 3000 to 'E:\programowanie\projekty delphi\kam_expansion\Saves\autosave\autosave.sav'
17:54:18.016   756,229s     993ms  11096    Issue gicGameAutoSave command at tick 3600
17:54:18.022   756,236s       7ms  11096    Saving game at tick 3600 to 'E:\programowanie\projekty delphi\kam_expansion\Saves\autosave\autosave.sav'
17:54:19.016   757,229s     992ms  11096    Issue gicGameAutoSave command at tick 4200
17:54:19.023   757,237s       8ms  11096    Saving game at tick 4200 to 'E:\programowanie\projekty delphi\kam_expansion\Saves\autosave\autosave.sav'
17:54:20.014   758,228s     991ms  11096    Issue gicGameAutoSave command at tick 4800
17:54:20.021   758,235s       7ms  11096    Saving game at tick 4800 to 'E:\programowanie\projekty delphi\kam_expansion\Saves\autosave\autosave.sav'
17:54:21.015   759,228s     993ms  11096    Issue gicGameAutoSave command at tick 5400
17:54:21.023   759,236s       8ms  11096    Saving game at tick 5400 to 'E:\programowanie\projekty delphi\kam_expansion\Saves\autosave\autosave.sav'
17:54:22.014   760,228s     992ms  11096    Issue gicGameAutoSave command at tick 6000
17:54:22.021   760,235s       6ms  11096    Saving game at tick 6000 to 'E:\programowanie\projekty delphi\kam_expansion\Saves\autosave\autosave.sav'
17:54:23.021   761,235s    1000ms  11096    Issue gicGameAutoSave command at tick 6600
17:54:23.028   761,241s       6ms  11096    Saving game at tick 6600 to 'E:\programowanie\projekty delphi\kam_expansion\Saves\autosave\autosave.sav'
17:54:24.022   762,235s     994ms  11096    Issue gicGameAutoSave command at tick 7200
17:54:24.030   762,243s       8ms  11096    Saving game at tick 7200 to 'E:\programowanie\projekty delphi\kam_expansion\Saves\autosave\autosave.sav'
17:54:25.015   763,229s     986ms  11096    Issue gicGameAutoSave command at tick 7800
17:54:25.023   763,236s       7ms  11096    Saving game at tick 7800 to 'E:\programowanie\projekty delphi\kam_expansion\Saves\autosave\autosave.sav'
17:54:26.018   764,231s     995ms  11096    Issue gicGameAutoSave command at tick 8400
17:54:26.025   764,238s       7ms  11096    Saving game at tick 8400 to 'E:\programowanie\projekty delphi\kam_expansion\Saves\autosave\autosave.sav'
17:54:27.017   765,231s     993ms  11096    Make savepoint at tick 8999
17:54:27.024   765,237s       6ms  11096    Issue gicGameAutoSave command at tick 9000
17:54:27.030   765,243s       6ms  11096    Saving game at tick 9000 to 'E:\programowanie\projekty delphi\kam_expansion\Saves\autosave\autosave.sav'
17:54:31.107   769,320s    4076ms  11096    Issue gicGameAutoSave command at tick 9600
17:54:31.116   769,329s       9ms  11096    Saving game at tick 9600 to 'E:\programowanie\projekty delphi\kam_expansion\Saves\autosave\autosave.sav'
17:54:32.099   770,312s     983ms  11096    Issue gicGameAutoSave command at tick 10200
17:54:32.105   770,319s       7ms  11096    Saving game at tick 10200 to 'E:\programowanie\projekty delphi\kam_expansion\Saves\autosave\autosave.sav'
17:54:33.106   771,319s    1000ms  11096    Issue gicGameAutoSave command at tick 10800
17:54:33.112   771,326s       7ms  11096    Saving game at tick 10800 to 'E:\programowanie\projekty delphi\kam_expansion\Saves\autosave\autosave.sav'
17:54:34.101   772,314s     988ms  11096    Issue gicGameAutoSave command at tick 11400
17:54:34.107   772,321s       7ms  11096    Saving game at tick 11400 to 'E:\programowanie\projekty delphi\kam_expansion\Saves\autosave\autosave.sav'
17:54:35.212   773,425s    1104ms  11096    Saving dev settings to file 'kmr_dev.xml'
17:54:35.258   773,472s      47ms  11096    Issue gicGameAutoSave command at tick 12000
17:54:35.267   773,480s       8ms  11096    Saving game at tick 12000 to 'E:\programowanie\projekty delphi\kam_expansion\Saves\autosave\autosave.sav'
17:54:35.586   773,799s     319ms  11096    Saving dev settings to file 'kmr_dev.xml'
17:54:36.083   774,296s     496ms  11096    Issue gicGameAutoSave command at tick 12600
17:54:36.090   774,303s       7ms  11096    Saving game at tick 12600 to 'E:\programowanie\projekty delphi\kam_expansion\Saves\autosave\autosave.sav'
17:54:37.108   775,321s    1018ms  11096    Issue gicGameAutoSave command at tick 13200
17:54:37.115   775,328s       7ms  11096    Saving game at tick 13200 to 'E:\programowanie\projekty delphi\kam_expansion\Saves\autosave\autosave.sav'
17:54:38.108   776,321s     993ms  11096    Issue gicGameAutoSave command at tick 13800
17:54:38.115   776,328s       7ms  11096    Saving game at tick 13800 to 'E:\programowanie\projekty delphi\kam_expansion\Saves\autosave\autosave.sav'
17:54:39.109   777,322s     993ms  11096    Issue gicGameAutoSave command at tick 14400
17:54:39.115   777,329s       7ms  11096    Saving game at tick 14400 to 'E:\programowanie\projekty delphi\kam_expansion\Saves\autosave\autosave.sav'
17:54:40.099   778,312s     983ms  11096    Issue gicGameAutoSave command at tick 15000
17:54:40.106   778,319s       7ms  11096    Saving game at tick 15000 to 'E:\programowanie\projekty delphi\kam_expansion\Saves\autosave\autosave.sav'
17:54:41.107   779,320s    1001ms  11096    Issue gicGameAutoSave command at tick 15600
17:54:41.113   779,326s       6ms  11096    Saving game at tick 15600 to 'E:\programowanie\projekty delphi\kam_expansion\Saves\autosave\autosave.sav'
17:55:17.657   815,870s   36544ms  11096    Issue gicGameAutoSave command at tick 16200
17:55:17.664   815,877s       7ms  11096    Saving game at tick 16200 to 'E:\programowanie\projekty delphi\kam_expansion\Saves\autosave\autosave.sav'
17:56:17.658   875,871s   59994ms  11096    Issue gicGameAutoSave command at tick 16800
17:56:17.666   875,879s       8ms  11096    Saving game at tick 16800 to 'E:\programowanie\projekty delphi\kam_expansion\Saves\autosave\autosave.sav'
17:57:17.646   935,859s   59980ms  11096    Issue gicGameAutoSave command at tick 17400
17:57:17.653   935,867s       8ms  11096    Saving game at tick 17400 to 'E:\programowanie\projekty delphi\kam_expansion\Saves\autosave\autosave.sav'
17:58:17.557   995,770s   59903ms  11096    Make savepoint at tick 17999
17:58:17.657   995,870s     100ms  11096    Issue gicGameAutoSave command at tick 18000
17:58:17.664   995,878s       8ms  11096    Saving game at tick 18000 to 'E:\programowanie\projekty delphi\kam_expansion\Saves\autosave\autosave.sav'
17:59:17.658  1055,871s   59993ms  11096    Issue gicGameAutoSave command at tick 18600
17:59:17.668  1055,882s      10ms  11096    Saving game at tick 18600 to 'E:\programowanie\projekty delphi\kam_expansion\Saves\autosave\autosave.sav'
18:00:17.657  1115,871s   59989ms  11096    Issue gicGameAutoSave command at tick 19200
18:00:17.665  1115,878s       7ms  11096    Saving game at tick 19200 to 'E:\programowanie\projekty delphi\kam_expansion\Saves\autosave\autosave.sav'
18:00:51.539  1149,752s   33874ms  11096    Gameplay ended - grSilent /
18:00:51.568  1149,781s      29ms  11096    LoadGameResources ... AlphaShadows: True. Forced: False
18:00:51.576  1149,790s       9ms  11096    Resource loading state - Game
18:00:51.601  1149,814s      24ms  11096    Saving dev settings to file 'kmr_dev.xml'
18:00:51.658  1149,872s      57ms  11096    <== Game creation is done ==>
18:00:51.665  1149,878s       6ms  11096    GameStart
18:00:51.671  1149,884s       6ms  11096    Loading DAT file: E:\programowanie\projekty delphi\kam_expansion\Maps\7.Elite\7.Elite.dat
18:00:51.676  1149,890s       6ms  11096    Loading map file: E:\programowanie\projekty delphi\kam_expansion\Maps\7.Elite\7.Elite.map
18:00:51.682  1149,896s       6ms  11096    Map file loaded
18:00:51.699  1149,913s      17ms  11096    Script: Script compile hints: 
[Hint] Variable 'PALADINEQUIPPED' never used in 'E:\programowanie\projekty delphi\kam_expansion\Maps\7.Elite\7.Elite.script' at [226:5]
18:00:51.706  1149,919s       6ms  11096    Gameplay recording initialized ... done
18:00:51.712  1149,925s       6ms  11096    Game options: PT = 0; SpeedPT = 1; SpeedAfterPT = 1; Seed = 0; Difficulty = mdNone
18:00:51.717  1149,931s       6ms  11096    Gameplay initialized ... done
18:00:51.724  1149,937s       6ms  11096    After game start
18:00:51.730  1149,943s       6ms  11096    Set game seed: 194282641
18:00:51.735  1149,949s       6ms  11096    Saving game at tick 0 to 'E:\programowanie\projekty delphi\kam_expansion\Saves\basesave\basesave.bas'
18:00:51.742  1149,956s       7ms  11096    After game start ... done
18:00:59.206  1157,419s    7463ms  11096    Issue gicGameAutoSave command at tick 600
18:00:59.213  1157,426s       7ms  11096    Saving game at tick 600 to 'E:\programowanie\projekty delphi\kam_expansion\Saves\autosave\autosave.sav'
18:01:07.191  1165,405s    7979ms  11096    Issue gicGameAutoSave command at tick 1200
18:01:07.199  1165,412s       7ms  11096    Saving game at tick 1200 to 'E:\programowanie\projekty delphi\kam_expansion\Saves\autosave\autosave.sav'
18:01:09.657  1167,871s    2459ms  11096    Issue gicGameAutoSave command at tick 1800
18:01:09.665  1167,878s       7ms  11096    Saving game at tick 1800 to 'E:\programowanie\projekty delphi\kam_expansion\Saves\autosave\autosave.sav'
18:01:10.666  1168,879s    1001ms  11096    Issue gicGameAutoSave command at tick 2400
18:01:10.673  1168,886s       7ms  11096    Saving game at tick 2400 to 'E:\programowanie\projekty delphi\kam_expansion\Saves\autosave\autosave.sav'
18:01:16.842  1175,055s    6169ms  11096    Issue gicGameAutoSave command at tick 3000
18:01:16.849  1175,062s       7ms  11096    Saving game at tick 3000 to 'E:\programowanie\projekty delphi\kam_expansion\Saves\autosave\autosave.sav'
18:01:22.423  1180,636s    5574ms  11096    Issue gicGameAutoSave command at tick 3600
18:01:22.432  1180,645s       9ms  11096    Saving game at tick 3600 to 'E:\programowanie\projekty delphi\kam_expansion\Saves\autosave\autosave.sav'
18:01:23.423  1181,636s     991ms  11096    Issue gicGameAutoSave command at tick 4200
18:01:23.430  1181,644s       8ms  11096    Saving game at tick 4200 to 'E:\programowanie\projekty delphi\kam_expansion\Saves\autosave\autosave.sav'
18:01:24.422  1182,635s     991ms  11096    Issue gicGameAutoSave command at tick 4800
18:01:24.429  1182,643s       8ms  11096    Saving game at tick 4800 to 'E:\programowanie\projekty delphi\kam_expansion\Saves\autosave\autosave.sav'
18:01:25.421  1183,634s     991ms  11096    Issue gicGameAutoSave command at tick 5400
18:01:25.429  1183,642s       8ms  11096    Saving game at tick 5400 to 'E:\programowanie\projekty delphi\kam_expansion\Saves\autosave\autosave.sav'
18:01:26.419  1184,633s     991ms  11096    Issue gicGameAutoSave command at tick 6000
18:01:26.427  1184,640s       7ms  11096    Saving game at tick 6000 to 'E:\programowanie\projekty delphi\kam_expansion\Saves\autosave\autosave.sav'
18:01:27.423  1185,636s     996ms  11096    Issue gicGameAutoSave command at tick 6600
18:01:27.430  1185,643s       7ms  11096    Saving game at tick 6600 to 'E:\programowanie\projekty delphi\kam_expansion\Saves\autosave\autosave.sav'
18:01:35.542  1193,755s    8112ms  11096    Issue gicGameAutoSave command at tick 7200
18:01:35.548  1193,762s       7ms  11096    Saving game at tick 7200 to 'E:\programowanie\projekty delphi\kam_expansion\Saves\autosave\autosave.sav'
18:01:41.539  1199,752s    5989ms  11096    Issue gicGameAutoSave command at tick 7800
18:01:41.546  1199,760s       8ms  11096    Saving game at tick 7800 to 'E:\programowanie\projekty delphi\kam_expansion\Saves\autosave\autosave.sav'
18:01:58.523  1216,736s   16976ms  11096    Issue gicGameAutoSave command at tick 8400
18:01:58.531  1216,744s       8ms  11096    Saving game at tick 8400 to 'E:\programowanie\projekty delphi\kam_expansion\Saves\autosave\autosave.sav'
18:02:12.040  1230,253s   13509ms  11096    Make savepoint at tick 8999
18:02:12.047  1230,260s       7ms  11096    Issue gicGameAutoSave command at tick 9000
18:02:12.054  1230,267s       7ms  11096    Saving game at tick 9000 to 'E:\programowanie\projekty delphi\kam_expansion\Saves\autosave\autosave.sav'
18:02:18.041  1236,255s    5988ms  11096    Issue gicGameAutoSave command at tick 9600
18:02:18.048  1236,261s       6ms  11096    Saving game at tick 9600 to 'E:\programowanie\projekty delphi\kam_expansion\Saves\autosave\autosave.sav'
18:02:24.043  1242,256s    5995ms  11096    Issue gicGameAutoSave command at tick 10200
18:02:24.052  1242,265s       9ms  11096    Saving game at tick 10200 to 'E:\programowanie\projekty delphi\kam_expansion\Saves\autosave\autosave.sav'
18:02:30.041  1248,255s    5990ms  11096    Issue gicGameAutoSave command at tick 10800
18:02:30.048  1248,261s       6ms  11096    Saving game at tick 10800 to 'E:\programowanie\projekty delphi\kam_expansion\Saves\autosave\autosave.sav'
18:02:36.042  1254,255s    5994ms  11096    Issue gicGameAutoSave command at tick 11400
18:02:36.049  1254,262s       7ms  11096    Saving game at tick 11400 to 'E:\programowanie\projekty delphi\kam_expansion\Saves\autosave\autosave.sav'
18:02:51.828  1270,042s   15780ms  11096    Issue gicGameAutoSave command at tick 12000
18:02:51.836  1270,049s       6ms  11096    Saving game at tick 12000 to 'E:\programowanie\projekty delphi\kam_expansion\Saves\autosave\autosave.sav'
18:03:04.008  1282,221s   12172ms  11096    Issue gicGameAutoSave command at tick 12600
18:03:04.015  1282,228s       7ms  11096    Saving game at tick 12600 to 'E:\programowanie\projekty delphi\kam_expansion\Saves\autosave\autosave.sav'
18:03:11.206  1289,420s    7192ms  11096    Issue gicGameAutoSave command at tick 13200
18:03:11.213  1289,427s       7ms  11096    Saving game at tick 13200 to 'E:\programowanie\projekty delphi\kam_expansion\Saves\autosave\autosave.sav'
18:03:18.647  1296,860s    7433ms  11096    Issue gicGameAutoSave command at tick 13800
18:03:18.654  1296,868s       8ms  11096    Saving game at tick 13800 to 'E:\programowanie\projekty delphi\kam_expansion\Saves\autosave\autosave.sav'
18:03:25.142  1303,355s    6487ms  11096    Issue gicGameAutoSave command at tick 14400
18:03:25.150  1303,364s       9ms  11096    Saving game at tick 14400 to 'E:\programowanie\projekty delphi\kam_expansion\Saves\autosave\autosave.sav'
18:04:08.726  1346,940s   43576ms  11096    Issue gicGameAutoSave command at tick 15000
18:04:08.733  1346,946s       6ms  11096    Saving game at tick 15000 to 'E:\programowanie\projekty delphi\kam_expansion\Saves\autosave\autosave.sav'
18:04:25.609  1363,822s   16876ms  11096    Issue gicGameAutoSave command at tick 15600
18:04:25.619  1363,832s      10ms  11096    Saving game at tick 15600 to 'E:\programowanie\projekty delphi\kam_expansion\Saves\autosave\autosave.sav'
18:04:27.201  1365,414s    1582ms  11096    Issue gicGameAutoSave command at tick 16200
18:04:27.208  1365,421s       7ms  11096    Saving game at tick 16200 to 'E:\programowanie\projekty delphi\kam_expansion\Saves\autosave\autosave.sav'
18:04:28.200  1366,413s     992ms  11096    Issue gicGameAutoSave command at tick 16800
18:04:28.208  1366,422s       9ms  11096    Saving game at tick 16800 to 'E:\programowanie\projekty delphi\kam_expansion\Saves\autosave\autosave.sav'
18:04:32.260  1370,473s    4051ms  11096    Issue gicGameAutoSave command at tick 17400
18:04:32.266  1370,480s       7ms  11096    Saving game at tick 17400 to 'E:\programowanie\projekty delphi\kam_expansion\Saves\autosave\autosave.sav'
18:04:51.539  1389,752s   19272ms  11096    Make savepoint at tick 17999
18:04:51.556  1389,769s      17ms  11096    Issue gicGameAutoSave command at tick 18000
18:04:51.563  1389,776s       7ms  11096    Saving game at tick 18000 to 'E:\programowanie\projekty delphi\kam_expansion\Saves\autosave\autosave.sav'
18:04:57.558  1395,771s    5995ms  11096    Issue gicGameAutoSave command at tick 18600
18:04:57.565  1395,778s       7ms  11096    Saving game at tick 18600 to 'E:\programowanie\projekty delphi\kam_expansion\Saves\autosave\autosave.sav'
18:05:00.190  1398,403s    2625ms  11096    Issue gicGameAutoSave command at tick 19200
18:05:00.197  1398,411s       8ms  11096    Saving game at tick 19200 to 'E:\programowanie\projekty delphi\kam_expansion\Saves\autosave\autosave.sav'
18:05:01.190  1399,403s     992ms  11096    Issue gicGameAutoSave command at tick 19800
18:05:01.196  1399,410s       7ms  11096    Saving game at tick 19800 to 'E:\programowanie\projekty delphi\kam_expansion\Saves\autosave\autosave.sav'
18:05:02.191  1400,404s     993ms  11096    Issue gicGameAutoSave command at tick 20400
18:05:02.197  1400,411s       7ms  11096    Saving game at tick 20400 to 'E:\programowanie\projekty delphi\kam_expansion\Saves\autosave\autosave.sav'
18:05:03.191  1401,404s     993ms  11096    Issue gicGameAutoSave command at tick 21000
18:05:03.199  1401,412s       6ms  11096    Saving game at tick 21000 to 'E:\programowanie\projekty delphi\kam_expansion\Saves\autosave\autosave.sav'
18:05:04.192  1402,405s     993ms  11096    Issue gicGameAutoSave command at tick 21600
18:05:04.198  1402,412s       7ms  11096    Saving game at tick 21600 to 'E:\programowanie\projekty delphi\kam_expansion\Saves\autosave\autosave.sav'
18:05:05.189  1403,402s     990ms  11096    Issue gicGameAutoSave command at tick 22200
18:05:05.196  1403,410s       8ms  11096    Saving game at tick 22200 to 'E:\programowanie\projekty delphi\kam_expansion\Saves\autosave\autosave.sav'
18:05:06.192  1404,405s     995ms  11096    Issue gicGameAutoSave command at tick 22800
18:05:06.200  1404,413s       8ms  11096    Saving game at tick 22800 to 'E:\programowanie\projekty delphi\kam_expansion\Saves\autosave\autosave.sav'
18:05:07.189  1405,403s     990ms  11096    Issue gicGameAutoSave command at tick 23400
18:05:07.197  1405,410s       7ms  11096    Saving game at tick 23400 to 'E:\programowanie\projekty delphi\kam_expansion\Saves\autosave\autosave.sav'
18:05:34.871  1433,084s   27674ms  11096    Saving dev settings to file 'kmr_dev.xml'
18:05:35.589  1433,803s     719ms  11096    Stopping game application...
18:05:35.597  1433,810s       7ms  11096    Gameplay ended - grSilent /
18:05:35.605  1433,818s       8ms  11096    Start saving 'Server settings' to 'C:\Users\szyby\OneDrive\Dokumenty\My Games\Knights and Merchants Remake\KaM Remake Server Settings.ini'
010f9084 KaM_Expansion.exe KM_Settings        106 TKMSettings.SaveToDefaultFile
010f9157 KaM_Expansion.exe KM_Settings        113 TKMSettings.SaveToDefaultFile
010f8d90 KaM_Expansion.exe KM_Settings         65 TKMSettings.Destroy
0123909e KaM_Expansion.exe KM_ServerSettings  117 TKMServerSettings.Destroy
00b5a764 KaM_Expansion.exe System              23 TObject.Free
00e28fbc KaM_Expansion.exe KromUtils          281 FreeThenNil
0130580f KaM_Expansion.exe KM_GameApp         330 TKMGameApp.Destroy
00b5a764 KaM_Expansion.exe System              23 TObject.Free
00e28fbc KaM_Expansion.exe KromUtils          281 FreeThenNil
0131043d KaM_Expansion.exe KM_Main            376 TKMMain.Stop
0131051c KaM_Expansion.exe KM_Main            405 TKMMain.Stop
0157a951 KaM_Expansion.exe KM_FormMain       2212 TFormMain.FormClose
00dd2df7 KaM_Expansion.exe Vcl.Forms              TCustomForm.DoClose
00dd87e5 KaM_Expansion.exe Vcl.Forms              TCustomForm.Close
00dd7424 KaM_Expansion.exe Vcl.Forms              TCustomForm.WMClose
00d22cfa KaM_Expansion.exe Vcl.Controls           TControl.WndProc
00d27ec1 KaM_Expansion.exe Vcl.Controls           TWinControl.WndProc
00dd3a38 KaM_Expansion.exe Vcl.Forms              TCustomForm.WndProc
00dd3a53 KaM_Expansion.exe Vcl.Forms              TCustomForm.WndProc
0157a43d KaM_Expansion.exe KM_FormMain       2051 TFormMain.WndProc

18:05:35.628  1433,841s      23ms  11096    'Server settings' was successfully saved to 'C:\Users\szyby\OneDrive\Dokumenty\My Games\Knights and Merchants Remake\KaM Remake Server Settings.ini'
18:05:35.851  1434,065s     224ms  11096    Start saving 'GameApp settings' to 'C:\Users\szyby\OneDrive\Dokumenty\My Games\Knights and Merchants Remake\KaM Remake Settings KingDyronMod.xml'
010f9084 KaM_Expansion.exe KM_Settings         106 TKMSettings.SaveToDefaultFile
010f9157 KaM_Expansion.exe KM_Settings         113 TKMSettings.SaveToDefaultFile
010f8d90 KaM_Expansion.exe KM_Settings          65 TKMSettings.Destroy
010f94ea KaM_Expansion.exe KM_SettingsXML       44 TKMSettingsXML.Destroy
010f9816 KaM_Expansion.exe KM_GameAppSettings   57 TKMGameAppSettings.Destroy
00b5a764 KaM_Expansion.exe System               23 TObject.Free
00e28fbc KaM_Expansion.exe KromUtils           281 FreeThenNil
01310447 KaM_Expansion.exe KM_Main             378 TKMMain.Stop
0131051c KaM_Expansion.exe KM_Main             405 TKMMain.Stop
0157a951 KaM_Expansion.exe KM_FormMain        2212 TFormMain.FormClose
00dd2df7 KaM_Expansion.exe Vcl.Forms               TCustomForm.DoClose
00dd87e5 KaM_Expansion.exe Vcl.Forms               TCustomForm.Close
00dd7424 KaM_Expansion.exe Vcl.Forms               TCustomForm.WMClose
00d22cfa KaM_Expansion.exe Vcl.Controls            TControl.WndProc
00d27ec1 KaM_Expansion.exe Vcl.Controls            TWinControl.WndProc
00dd3a38 KaM_Expansion.exe Vcl.Forms               TCustomForm.WndProc
00dd3a53 KaM_Expansion.exe Vcl.Forms               TCustomForm.WndProc
0157a43d KaM_Expansion.exe KM_FormMain        2051 TFormMain.WndProc
00d273cc KaM_Expansion.exe Vcl.Controls            TWinControl.MainWndProc
00d273e7 KaM_Expansion.exe Vcl.Controls            TWinControl.MainWndProc

18:05:35.867  1434,081s      16ms  11096    'GameApp settings' was successfully saved to 'C:\Users\szyby\OneDrive\Dokumenty\My Games\Knights and Merchants Remake\KaM Remake Settings KingDyronMod.xml'
