   Timestamp    Elapsed     Delta  Thread    Description
========================
    Date: 2025.01.03
========================
19:43:48.997     0,001s       1ms  15988    Log is up and running. Game version: KaM Expansion: Co-op & World Update
19:43:49.003     0,006s       5ms  15988    Game Load started
19:43:49.013     0,017s      11ms  15988    Start loading 'GameApp settings' from 'C:\Users\szyby\OneDrive\Dokumenty\My Games\Knights and Merchants Remake\KaM Remake Settings KingDyronMod.xml'
19:43:49.019     0,022s       5ms  15988    'GameApp settings' was successfully loaded from 'C:\Users\szyby\OneDrive\Dokumenty\My Games\Knights and Merchants Remake\KaM Remake Settings KingDyronMod.xml'
19:43:49.036     0,039s       5ms  15988    Start saving 'GameApp settings' to 'C:\Users\szyby\OneDrive\Dokumenty\My Games\Knights and Merchants Remake\KaM Remake Settings KingDyronMod.xml'
01258144 KaM_Expansion.exe KM_Settings        106 TKMSettings.SaveToDefaultFile
01258217 KaM_Expansion.exe KM_Settings        113 TKMSettings.SaveToDefaultFile
01257e15 KaM_Expansion.exe KM_Settings         59 TKMSettings.Create
01258552 KaM_Expansion.exe KM_SettingsXML      38 TKMSettingsXML.Create
01258893 KaM_Expansion.exe KM_GameAppSettings  51 TKMGameAppSettings.Create
0146e468 KaM_Expansion.exe KM_Main            259 TKMMain.Start
0146e6d7 KaM_Expansion.exe KM_Main            306 TKMMain.Start
016f1b2b KaM_Expansion.exe KaM_Expansion      480 initialization
016f1b5a KaM_Expansion.exe KaM_Expansion      483 initialization
762b7ba7 KERNEL32.DLL                             BaseThreadInitThunk

19:43:49.074     0,077s      38ms  15988    'GameApp settings' was successfully saved to 'C:\Users\szyby\OneDrive\Dokumenty\My Games\Knights and Merchants Remake\KaM Remake Settings KingDyronMod.xml'
19:43:49.100     0,103s      26ms  15988    Start loading 'Server settings' from 'C:\Users\szyby\OneDrive\Dokumenty\My Games\Knights and Merchants Remake\KaM Remake Server Settings.ini'
19:43:49.106     0,109s       6ms  15988    'Server settings' was successfully loaded from 'C:\Users\szyby\OneDrive\Dokumenty\My Games\Knights and Merchants Remake\KaM Remake Server Settings.ini'
19:43:49.113     0,116s       7ms  15988    Start saving 'Server settings' to 'C:\Users\szyby\OneDrive\Dokumenty\My Games\Knights and Merchants Remake\KaM Remake Server Settings.ini'
01258144 KaM_Expansion.exe KM_Settings       106 TKMSettings.SaveToDefaultFile
01258217 KaM_Expansion.exe KM_Settings       113 TKMSettings.SaveToDefaultFile
01257e15 KaM_Expansion.exe KM_Settings        59 TKMSettings.Create
01397714 KaM_Expansion.exe KM_ServerSettings 109 TKMServerSettings.Create
0146381c KaM_Expansion.exe KM_GameApp        213 TKMGameApp.Create
01463c6e KaM_Expansion.exe KM_GameApp        295 TKMGameApp.Create
0146f6de KaM_Expansion.exe KM_Main           636 TKMMain.ReinitRender
0146f8ea KaM_Expansion.exe KM_Main           691 TKMMain.ReinitRender
0146e57e KaM_Expansion.exe KM_Main           282 TKMMain.Start
0146e6d7 KaM_Expansion.exe KM_Main           306 TKMMain.Start
016f1b2b KaM_Expansion.exe KaM_Expansion     480 initialization
016f1b5a KaM_Expansion.exe KaM_Expansion     483 initialization
762b7ba7 KERNEL32.DLL                            BaseThreadInitThunk

19:43:49.126     0,129s      13ms  15988    'Server settings' was successfully saved to 'C:\Users\szyby\OneDrive\Dokumenty\My Games\Knights and Merchants Remake\KaM Remake Server Settings.ini'
19:43:49.132     0,136s       7ms  15988    Init Render started
19:43:49.269     0,273s     137ms  15988    GL_MAX_TEXTURE_SIZE = 32768
19:43:49.276     0,280s       7ms  15988    GL_MAX_VIEWPORT_DIM = 32768
                                      OpenGL Vendor: NVIDIA Corporation
                                      OpenGL Renderer: NVIDIA GeForce RTX 3060 Ti/PCIe/SSE2
                                      OpenGL Version: 4.6.0 NVIDIA 560.94
19:43:49.304     0,307s      27ms  15988    Init Render Done
19:43:49.310     0,313s       6ms  15988    Resource loading state - None
19:43:49.317     0,320s       7ms  15988    Reading palettes ... done
19:43:49.323     0,326s       6ms  15988    Reading GUI.rx
19:43:49.330     0,333s       7ms  15988    Load Sprites started
19:43:49.337     0,340s       7ms  15988    GUI - 966
19:43:49.358     0,362s      22ms  15988    Load Sprites Done
19:43:49.391     0,394s      32ms  15988    Reading GUIMain.rx
19:43:49.398     0,401s       7ms  15988    Load Sprites started
19:43:49.406     0,409s       8ms  15988    GUIMain - 105
19:43:49.459     0,462s      52ms  15988    Load Sprites Done
19:43:49.510     0,513s      51ms  15988    Reading Tileset.rx
19:43:49.517     0,520s       7ms  15988    Load Sprites started
19:43:49.523     0,526s       6ms  15988    Tileset - 5449
19:43:49.560     0,563s      37ms  15988    Load Sprites Done
19:43:49.566     0,569s       6ms  15988    GenerateTerrainTransitions started. Legacy = False
19:43:49.574     0,577s       8ms  15988    TexId = 5451 GenTilesCnt = 2100
19:43:49.580     0,583s       6ms  15988    TexId = 6051; TexId - fGenTexIdStartI = 600; uniqueTex = 600; totalTex = 1350
19:43:49.586     0,589s       5ms  15988    GeneratedMasks cnt = 20
19:43:49.593     0,596s       7ms  15988    GenerateTerrainTransitions Done
19:43:49.600     0,603s       7ms  15988    GenerateTerrainTransitions started. Legacy = True
19:43:49.606     0,610s       7ms  15988    Legacy: TexId = 4999 GenTilesCntTemp = 2030
19:43:49.612     0,615s       5ms  15988    TexId = 5463; TexId - fGenTexIdStartILegacy = 464; uniqueTex = 464; totalTex = 1044
19:43:49.619     0,622s       6ms  15988    GeneratedMasks cnt = 16
19:43:49.625     0,628s       6ms  15988    GenerateTerrainTransitions Done
19:43:49.734     0,737s     109ms  15988    Load font started
19:43:49.771     0,774s      37ms  15988    Font load took 37ms
19:43:49.778     0,781s       7ms  15988    Read fonts is done
19:43:49.794     0,797s      16ms  15988    ReadGFX is done
19:43:49.802     0,805s       8ms  15988    Resource loading state - Menu
19:43:49.809     0,812s       7ms  12864    OpenAL init started
19:43:50.438     1,441s     628ms  15988    Music init done, 24 tracks found
                                      Loading campaign images.rxx for HKS
19:43:50.463     1,466s      25ms  17880    Custom - 1
19:43:50.470     1,473s       7ms  12864    Pre-LoadSFX init ... done
19:43:50.477     1,480s       7ms  12864    ALC_MONO_SOURCES 255
19:43:50.484     1,487s       7ms  12864    ALC_STEREO_SOURCES 1
19:43:50.490     1,493s       6ms  15988    Main menu init done
19:43:50.497     1,500s       7ms  12864    OpenAL init done
19:43:50.519     1,522s      22ms  15988    Check game folder 'E:\programowanie\projekty delphi\kam_expansion\' generic permissions: READ: granted; WRITE: granted; EXECUTE: granted; folder is writable: 
19:43:50.526     1,529s       7ms  15988    LoadGameResources ... AlphaShadows: True. Forced: True
19:43:50.532     1,535s       6ms  15988    TKMResSprites.LoadGameResources
19:43:50.540     1,543s       7ms  15988    [AsyncGameResLoader Thread] Started
19:43:50.547     1,550s       7ms  15988    Resource loading state - Game
19:43:50.553     1,556s       6ms  15988    ToggleFullscreen
19:43:50.559     1,562s       6ms  15988    Form Width/Height: 1040:759
19:43:50.566     1,569s       7ms  15988    Panel Width/Height: 1024:720
19:43:50.572     1,575s       6ms  17412    [AsyncGameResLoader Thread] RT = rxTrees Stage = lsLoad
19:43:50.581     1,584s       9ms  17412    [AsyncGameResLoader Thread] Start Load RXX 'Trees.rxx'
19:43:50.587     1,590s       6ms  17412    Load Sprites started
19:43:50.595     1,598s       8ms  17412    Trees - 1216
                                      Loading campaign images.rxx for KSN
19:43:50.613     1,616s      18ms  17880    Custom - 1
19:43:50.620     1,624s       8ms  15988    Saving dev settings to file 'kmr_dev.xml'
19:43:50.658     1,661s      37ms  15988    Saving dev settings to file 'kmr_dev.xml'
19:43:50.666     1,669s       8ms  15988    Game Load Done in 1693
                                      Loading campaign images.rxx for KSO
19:43:50.702     1,705s      36ms  17880    Custom - 1
19:43:50.733     1,736s      31ms  17412    Load Sprites Done
                                      Loading campaign images.rxx for KSU
19:43:50.771     1,774s      38ms  17880    Custom - 1
                                      Loading campaign images.rxx for OFL
19:43:50.820     1,823s      49ms  17880    Custom - 1
19:43:50.835     1,838s      15ms  17412    [AsyncGameResLoader Thread] DONE Load RXX 'Trees.rxa'
19:43:50.849     1,852s      14ms  15988    [AsyncGameResLoader MainTh] [UpdateStateIdle] GenTextures RT = rxTrees Stage = lsGenMain
                                      Loading campaign images.rxx for OER
19:43:50.865     1,869s      17ms  17880    Custom - 1
19:43:50.872     1,875s       6ms  15988    [AsyncGameResLoader MainTh] [UpdateStateIdle] DONE
19:43:50.878     1,882s       7ms  17412    [AsyncGameResLoader Thread] RT = rxTrees Stage = lsOverload
19:43:50.884     1,888s       6ms  17412    [AsyncGameResLoader Thread] OverloadFromFolder RT = rxTrees
                                      Loading campaign images.rxx for TBK
19:43:50.900     1,903s      14ms  17880    Custom - 1
19:43:50.907     1,910s       7ms  17412    [AsyncGameResLoader Thread] DONE OverloadFromFolder RT = rxTrees
19:43:50.914     1,917s       7ms  15988    [AsyncGameResLoader MainTh] [UpdateStateIdle] GenTextures RT = rxTrees Stage = lsGenOverload
19:43:50.920     1,923s       6ms  15988    [AsyncGameResLoader MainTh] [UpdateStateIdle] DONE
19:43:50.926     1,929s       6ms  17412    [AsyncGameResLoader Thread] RT = rxHouses Stage = lsLoad
19:43:50.933     1,936s       7ms  17412    [AsyncGameResLoader Thread] Start Load RXX 'Houses.rxx'
19:43:50.939     1,942s       6ms  17412    Load Sprites started
19:43:50.946     1,949s       7ms  17412    Houses - 2709
                                      Loading campaign images.rxx for TPR
19:43:50.965     1,968s      19ms  17880    Custom - 1
                                      Loading campaign images.rxx for TSK
19:43:51.004     2,007s      39ms  17880    Custom - 1
                                      Loading campaign images.rxx for TUA
19:43:51.054     2,057s      50ms  17880    Custom - 1
19:43:51.142     2,145s      88ms  17412    Load Sprites Done
                                      Loading campaign images.rxx for TMR
19:43:51.217     2,220s      75ms  17880    Custom - 1
19:43:51.291     2,294s      74ms  17412    [AsyncGameResLoader Thread] DONE Load RXX 'Houses.rxa'
19:43:51.299     2,302s       8ms  15988    [AsyncGameResLoader MainTh] [UpdateStateIdle] GenTextures RT = rxHouses Stage = lsGenMain
19:43:51.312     2,315s      13ms  15988    [AsyncGameResLoader MainTh] [UpdateStateIdle] DONE
19:43:51.320     2,323s       8ms  17412    [AsyncGameResLoader Thread] RT = rxHouses Stage = lsOverload
19:43:51.325     2,328s       5ms  17412    [AsyncGameResLoader Thread] OverloadFromFolder RT = rxHouses
19:43:51.440     2,443s     115ms  17412    [AsyncGameResLoader Thread] DONE OverloadFromFolder RT = rxHouses
19:43:51.447     2,450s       7ms  15988    [AsyncGameResLoader MainTh] [UpdateStateIdle] GenTextures RT = rxHouses Stage = lsGenOverload
19:43:51.452     2,456s       6ms  15988    [AsyncGameResLoader MainTh] [UpdateStateIdle] DONE
19:43:51.459     2,462s       6ms  17412    [AsyncGameResLoader Thread] RT = rxUnits Stage = lsLoad
19:43:51.466     2,469s       7ms  17412    [AsyncGameResLoader Thread] Start Load RXX 'Units.rxx'
19:43:51.473     2,476s       7ms  17412    Load Sprites started
19:43:51.479     2,482s       6ms  17412    Units - 14845
19:43:52.015     3,018s     536ms  15988    Stopping game application...
19:43:52.021     3,025s       7ms  15988    Start saving 'Server settings' to 'C:\Users\szyby\OneDrive\Dokumenty\My Games\Knights and Merchants Remake\KaM Remake Server Settings.ini'
01258144 KaM_Expansion.exe KM_Settings           106 TKMSettings.SaveToDefaultFile
01258217 KaM_Expansion.exe KM_Settings           113 TKMSettings.SaveToDefaultFile
01257e50 KaM_Expansion.exe KM_Settings            65 TKMSettings.Destroy
0139775a KaM_Expansion.exe KM_ServerSettings     117 TKMServerSettings.Destroy
00cba764 KaM_Expansion.exe System                 23 TObject.Free
00f88fbc KaM_Expansion.exe KromUtils             281 FreeThenNil
01463ecb KaM_Expansion.exe KM_GameApp            330 TKMGameApp.Destroy
00cba764 KaM_Expansion.exe System                 23 TObject.Free
00f88fbc KaM_Expansion.exe KromUtils             281 FreeThenNil
0146eaf9 KaM_Expansion.exe KM_Main               377 TKMMain.Stop
0146ebd8 KaM_Expansion.exe KM_Main               406 TKMMain.Stop
013a96ae KaM_Expansion.exe KM_GUIMenuMain        123 TKMMenuMain.ButtonClick
013a96ce KaM_Expansion.exe KM_GUIMenuMain        124 TKMMenuMain.ButtonClick
01674fa1 KaM_Expansion.exe KM_Controls          1242 TKMControl.DoClick
016735a4 KaM_Expansion.exe KM_Controls           690 TKMControl.MouseUp
0166b5ce KaM_Expansion.exe KM_ControlsBase       805 TKMButton.MouseUp
0165fffb KaM_Expansion.exe KM_Game              2820 TKMGame.LoadFromFile
01677695 KaM_Expansion.exe KM_Controls          2274 TKMMasterControl.MouseUp
01448389 KaM_Expansion.exe KM_InterfaceMainMenu  479 TKMMainMenuInterface.MouseUp
01464a9a KaM_Expansion.exe KM_GameApp            559 TKMGameApp.MouseUp

19:43:52.040     3,043s      18ms  15988    'Server settings' was successfully saved to 'C:\Users\szyby\OneDrive\Dokumenty\My Games\Knights and Merchants Remake\KaM Remake Server Settings.ini'
19:43:52.283     3,286s     243ms  17412    Load Sprites Done
19:43:52.291     3,294s       7ms  15988    [AsyncGameResLoader Thread] Stopped
19:43:52.512     3,515s     221ms  15988    Start saving 'GameApp settings' to 'C:\Users\szyby\OneDrive\Dokumenty\My Games\Knights and Merchants Remake\KaM Remake Settings KingDyronMod.xml'
01258144 KaM_Expansion.exe KM_Settings           106 TKMSettings.SaveToDefaultFile
01258217 KaM_Expansion.exe KM_Settings           113 TKMSettings.SaveToDefaultFile
01257e50 KaM_Expansion.exe KM_Settings            65 TKMSettings.Destroy
012585aa KaM_Expansion.exe KM_SettingsXML         44 TKMSettingsXML.Destroy
012588d6 KaM_Expansion.exe KM_GameAppSettings     57 TKMGameAppSettings.Destroy
00cba764 KaM_Expansion.exe System                 23 TObject.Free
00f88fbc KaM_Expansion.exe KromUtils             281 FreeThenNil
0146eb03 KaM_Expansion.exe KM_Main               379 TKMMain.Stop
0146ebd8 KaM_Expansion.exe KM_Main               406 TKMMain.Stop
013a96ae KaM_Expansion.exe KM_GUIMenuMain        123 TKMMenuMain.ButtonClick
013a96ce KaM_Expansion.exe KM_GUIMenuMain        124 TKMMenuMain.ButtonClick
01674fa1 KaM_Expansion.exe KM_Controls          1242 TKMControl.DoClick
016735a4 KaM_Expansion.exe KM_Controls           690 TKMControl.MouseUp
0166b5ce KaM_Expansion.exe KM_ControlsBase       805 TKMButton.MouseUp
0165fffb KaM_Expansion.exe KM_Game              2820 TKMGame.LoadFromFile
01677695 KaM_Expansion.exe KM_Controls          2274 TKMMasterControl.MouseUp
01448389 KaM_Expansion.exe KM_InterfaceMainMenu  479 TKMMainMenuInterface.MouseUp
01464a9a KaM_Expansion.exe KM_GameApp            559 TKMGameApp.MouseUp
016d4d11 KaM_Expansion.exe KM_FormMain           697 TFormMain.RenderAreaMouseUp
00e83644 KaM_Expansion.exe Vcl.Controls              TControl.MouseUp

19:43:52.526     3,530s      15ms  15988    'GameApp settings' was successfully saved to 'C:\Users\szyby\OneDrive\Dokumenty\My Games\Knights and Merchants Remake\KaM Remake Settings KingDyronMod.xml'
