   Timestamp    Elapsed     Delta  Thread    Description
========================
    Date: 2024.12.27
========================
13:50:22.225     0,002s       2ms   2984    Log is up and running. Game version: KaM Expansion: Co-op & World Update
13:50:22.232     0,010s       8ms   2984    Game Load started
13:50:22.243     0,020s      10ms   2984    Start loading 'GameApp settings' from 'C:\Users\szyby\OneDrive\Dokumenty\My Games\Knights and Merchants Remake\KaM Remake Settings KingDyronMod.xml'
13:50:22.249     0,027s       6ms   2984    'GameApp settings' was successfully loaded from 'C:\Users\szyby\OneDrive\Dokumenty\My Games\Knights and Merchants Remake\KaM Remake Settings KingDyronMod.xml'
13:50:22.262     0,039s       5ms   2984    Start saving 'GameApp settings' to 'C:\Users\szyby\OneDrive\Dokumenty\My Games\Knights and Merchants Remake\KaM Remake Settings KingDyronMod.xml'
00705b40 KaM_Expansion.exe KM_Settings        106 TKMSettings.SaveToDefaultFile
00705c13 KaM_Expansion.exe KM_Settings        113 TKMSettings.SaveToDefaultFile
00705811 KaM_Expansion.exe KM_Settings         59 TKMSettings.Create
00705f4e KaM_Expansion.exe KM_SettingsXML      38 TKMSettingsXML.Create
0070628f KaM_Expansion.exe KM_GameAppSettings  51 TKMGameAppSettings.Create
009201d4 KaM_Expansion.exe KM_Main            258 TKMMain.Start
00920458 KaM_Expansion.exe KM_Main            305 TKMMain.Start
00b9db2b KaM_Expansion.exe KaM_Expansion      479 initialization
00b9db5a KaM_Expansion.exe KaM_Expansion      482 initialization
75e37ba7 KERNEL32.DLL                             BaseThreadInitThunk

13:50:22.308     0,086s      47ms   2984    'GameApp settings' was successfully saved to 'C:\Users\szyby\OneDrive\Dokumenty\My Games\Knights and Merchants Remake\KaM Remake Settings KingDyronMod.xml'
13:50:22.325     0,103s      17ms   2984    Start loading 'Server settings' from 'C:\Users\szyby\OneDrive\Dokumenty\My Games\Knights and Merchants Remake\KaM Remake Server Settings.ini'
13:50:22.333     0,110s       7ms   2984    'Server settings' was successfully loaded from 'C:\Users\szyby\OneDrive\Dokumenty\My Games\Knights and Merchants Remake\KaM Remake Server Settings.ini'
13:50:22.342     0,120s      10ms   2984    Start saving 'Server settings' to 'C:\Users\szyby\OneDrive\Dokumenty\My Games\Knights and Merchants Remake\KaM Remake Server Settings.ini'
00705b40 KaM_Expansion.exe KM_Settings       106 TKMSettings.SaveToDefaultFile
00705c13 KaM_Expansion.exe KM_Settings       113 TKMSettings.SaveToDefaultFile
00705811 KaM_Expansion.exe KM_Settings        59 TKMSettings.Create
00849484 KaM_Expansion.exe KM_ServerSettings 109 TKMServerSettings.Create
00915554 KaM_Expansion.exe KM_GameApp        213 TKMGameApp.Create
009159a6 KaM_Expansion.exe KM_GameApp        295 TKMGameApp.Create
0092147e KaM_Expansion.exe KM_Main           635 TKMMain.ReinitRender
0092168a KaM_Expansion.exe KM_Main           689 TKMMain.ReinitRender
009202ea KaM_Expansion.exe KM_Main           281 TKMMain.Start
00920458 KaM_Expansion.exe KM_Main           305 TKMMain.Start
00b9db2b KaM_Expansion.exe KaM_Expansion     479 initialization
00b9db5a KaM_Expansion.exe KaM_Expansion     482 initialization
75e37ba7 KERNEL32.DLL                            BaseThreadInitThunk

13:50:22.356     0,134s      14ms   2984    'Server settings' was successfully saved to 'C:\Users\szyby\OneDrive\Dokumenty\My Games\Knights and Merchants Remake\KaM Remake Server Settings.ini'
13:50:22.363     0,141s       7ms   2984    Init Render started
13:50:24.400     2,178s    2037ms   2984    GL_MAX_TEXTURE_SIZE = 32768
13:50:24.409     2,186s       8ms   2984    GL_MAX_VIEWPORT_DIM = 32768
                                      OpenGL Vendor: NVIDIA Corporation
                                      OpenGL Renderer: NVIDIA GeForce RTX 3060 Ti/PCIe/SSE2
                                      OpenGL Version: 4.6.0 NVIDIA 560.81
13:50:24.446     2,224s      37ms   2984    Init Render Done
13:50:24.453     2,231s       6ms   2984    Resource loading state - None
13:50:24.462     2,239s       8ms   2984    Reading palettes ... done
13:50:24.471     2,249s      10ms   2984    Reading GUI.rx
13:50:24.481     2,258s       9ms   2984    Load Sprites started
13:50:24.489     2,267s       9ms   2984    GUI - 966
13:50:24.513     2,290s      22ms   2984    Load Sprites Done
13:50:24.556     2,333s      43ms   2984    Reading GUIMain.rx
13:50:24.565     2,342s       9ms   2984    Load Sprites started
13:50:24.574     2,351s       9ms   2984    GUIMain - 105
13:50:24.641     2,418s      66ms   2984    Load Sprites Done
13:50:24.720     2,498s      79ms   2984    Reading Tileset.rx
13:50:24.730     2,508s      10ms   2984    Load Sprites started
13:50:24.738     2,516s       8ms   2984    Tileset - 5449
13:50:24.758     2,535s      19ms   2984    Load Sprites Done
13:50:24.766     2,543s       8ms   2984    GenerateTerrainTransitions started. Legacy = False
13:50:24.772     2,549s       6ms   2984    TexId = 5451 GenTilesCnt = 2100
13:50:24.780     2,557s       8ms   2984    TexId = 6051; TexId - fGenTexIdStartI = 600; uniqueTex = 600; totalTex = 1350
13:50:24.787     2,565s       8ms   2984    GeneratedMasks cnt = 20
13:50:24.795     2,572s       7ms   2984    GenerateTerrainTransitions Done
13:50:24.802     2,579s       7ms   2984    GenerateTerrainTransitions started. Legacy = True
13:50:24.810     2,588s       9ms   2984    Legacy: TexId = 4999 GenTilesCntTemp = 2030
13:50:24.820     2,597s       9ms   2984    TexId = 5463; TexId - fGenTexIdStartILegacy = 464; uniqueTex = 464; totalTex = 1044
13:50:24.833     2,610s      13ms   2984    GeneratedMasks cnt = 16
13:50:24.845     2,622s      12ms   2984    GenerateTerrainTransitions Done
13:50:25.013     2,791s     169ms   2984    Load font started
13:50:25.072     2,849s      58ms   2984    Font load took 58ms
13:50:25.083     2,861s      12ms   2984    Read fonts is done
13:50:25.117     2,895s      34ms   2984    ReadGFX is done
13:50:25.133     2,911s      16ms   2984    Resource loading state - Menu
13:50:25.152     2,930s      19ms   9740    OpenAL init started
13:50:26.207     3,984s    1054ms   2984    Music init done, 24 tracks found
                                      Loading campaign images.rxx for HKS
13:50:26.233     4,011s      27ms  19272    Custom - 1
13:50:26.244     4,022s      11ms   9740    Pre-LoadSFX init ... done
13:50:26.254     4,032s      10ms   9740    ALC_MONO_SOURCES 255
13:50:26.263     4,040s       8ms   9740    ALC_STEREO_SOURCES 1
13:50:26.271     4,048s       8ms   2984    Main menu init done
13:50:26.279     4,056s       8ms   9740    OpenAL init done
13:50:26.301     4,078s      22ms   2984    Check game folder 'E:\programowanie\projekty delphi\kam_expansion\' generic permissions: READ: granted; WRITE: granted; EXECUTE: granted; folder is writable: 
13:50:26.310     4,087s       9ms   2984    LoadGameResources ... AlphaShadows: True. Forced: True
13:50:26.321     4,098s      11ms   2984    TKMResSprites.LoadGameResources
13:50:26.328     4,106s       8ms   2984    [AsyncGameResLoader Thread] Started
13:50:26.336     4,113s       7ms   2984    Resource loading state - Game
13:50:26.345     4,123s      10ms   2984    ToggleFullscreen
13:50:26.356     4,133s      10ms   2984    Form Width/Height: 1040:830
13:50:26.364     4,141s       7ms   2984    Panel Width/Height: 1024:791
13:50:26.371     4,149s       8ms  14836    [AsyncGameResLoader Thread] RT = rxTrees Stage = lsLoad
13:50:26.378     4,155s       6ms  14836    [AsyncGameResLoader Thread] Start Load RXX 'Trees.rxx'
13:50:26.387     4,164s       9ms  14836    Load Sprites started
13:50:26.395     4,173s       9ms  14836    Trees - 1216
13:50:26.440     4,217s      44ms   2984    Saving dev settings to file 'kmr_dev.xml'
13:50:26.457     4,234s      16ms   2984    Saving dev settings to file 'kmr_dev.xml'
13:50:26.472     4,250s      16ms   2984    Game Load Done in 4270
                                      Loading campaign images.rxx for KSN
13:50:26.490     4,268s      18ms  19272    Custom - 1
                                      Loading campaign images.rxx for KSO
13:50:26.561     4,339s      71ms  19272    Custom - 1
                                      Loading campaign images.rxx for KSU
13:50:26.630     4,407s      68ms  19272    Custom - 1
13:50:26.637     4,414s       7ms  14836    Load Sprites Done
                                      Loading campaign images.rxx for OFL
13:50:26.688     4,465s      51ms  19272    Custom - 1
                                      Loading campaign images.rxx for OER
13:50:26.735     4,512s      47ms  19272    Custom - 1
13:50:26.743     4,520s       8ms  14836    [AsyncGameResLoader Thread] DONE Load RXX 'Trees.rxa'
13:50:26.751     4,528s       8ms   2984    [AsyncGameResLoader MainTh] [UpdateStateIdle] GenTextures RT = rxTrees Stage = lsGenMain
13:50:26.764     4,541s      13ms   2984    [AsyncGameResLoader MainTh] [UpdateStateIdle] DONE
13:50:26.774     4,551s      10ms  14836    [AsyncGameResLoader Thread] RT = rxTrees Stage = lsOverload
13:50:26.783     4,561s      10ms  14836    [AsyncGameResLoader Thread] OverloadFromFolder RT = rxTrees
                                      Loading campaign images.rxx for TBK
13:50:26.802     4,580s      19ms  19272    Custom - 1
13:50:26.847     4,624s      43ms  14836    [AsyncGameResLoader Thread] DONE OverloadFromFolder RT = rxTrees
13:50:26.859     4,636s      12ms   2984    [AsyncGameResLoader MainTh] [UpdateStateIdle] GenTextures RT = rxTrees Stage = lsGenOverload
13:50:26.865     4,642s       6ms   2984    [AsyncGameResLoader MainTh] [UpdateStateIdle] DONE
13:50:26.872     4,650s       8ms  14836    [AsyncGameResLoader Thread] RT = rxHouses Stage = lsLoad
                                      Loading campaign images.rxx for TPR
13:50:26.886     4,663s      13ms  14836    [AsyncGameResLoader Thread] Start Load RXX 'Houses.rxx'
13:50:26.893     4,670s       7ms  14836    Load Sprites started
13:50:26.900     4,677s       7ms  19272    Custom - 1
13:50:26.913     4,690s      13ms  14836    Houses - 2709
                                      Loading campaign images.rxx for TSK
13:50:26.952     4,730s      40ms  19272    Custom - 1
                                      Loading campaign images.rxx for TUA
13:50:26.988     4,765s      35ms  19272    Custom - 1
                                      Loading campaign images.rxx for TMR
13:50:27.162     4,939s     174ms  19272    Custom - 1
13:50:27.205     4,982s      43ms  14836    Load Sprites Done
13:50:27.355     5,132s     150ms  14836    [AsyncGameResLoader Thread] DONE Load RXX 'Houses.rxa'
13:50:27.371     5,148s      16ms   2984    [AsyncGameResLoader MainTh] [UpdateStateIdle] GenTextures RT = rxHouses Stage = lsGenMain
13:50:27.388     5,165s      17ms   2984    [AsyncGameResLoader MainTh] [UpdateStateIdle] DONE
13:50:27.398     5,176s      11ms  14836    [AsyncGameResLoader Thread] RT = rxHouses Stage = lsOverload
13:50:27.407     5,184s       8ms  14836    [AsyncGameResLoader Thread] OverloadFromFolder RT = rxHouses
13:50:27.592     5,369s     185ms  14836    [AsyncGameResLoader Thread] DONE OverloadFromFolder RT = rxHouses
13:50:27.599     5,377s       8ms   2984    [AsyncGameResLoader MainTh] [UpdateStateIdle] GenTextures RT = rxHouses Stage = lsGenOverload
13:50:27.610     5,387s      10ms   2984    [AsyncGameResLoader MainTh] [UpdateStateIdle] DONE
13:50:27.617     5,394s       7ms  14836    [AsyncGameResLoader Thread] RT = rxUnits Stage = lsLoad
13:50:27.623     5,400s       6ms  14836    [AsyncGameResLoader Thread] Start Load RXX 'Units.rxx'
13:50:27.631     5,408s       8ms  14836    Load Sprites started
                                      Loading campaign images.rxx for HKS
13:50:27.644     5,421s      13ms  14836    Units - 14845
13:50:27.650     5,428s       7ms  14448    Custom - 1
                                      Loading campaign images.rxx for KSN
13:50:27.730     5,508s      80ms  14448    Custom - 1
                                      Loading campaign images.rxx for KSO
13:50:27.814     5,591s      83ms  14448    Custom - 1
                                      Loading campaign images.rxx for KSU
13:50:27.912     5,689s      98ms  14448    Custom - 1
                                      Loading campaign images.rxx for OFL
13:50:27.968     5,745s      56ms  14448    Custom - 1
                                      Loading campaign images.rxx for OER
13:50:28.014     5,791s      46ms  14448    Custom - 1
                                      Loading campaign images.rxx for TBK
13:50:28.067     5,844s      53ms  14448    Custom - 1
                                      Loading campaign images.rxx for TPR
13:50:28.139     5,917s      73ms  14448    Custom - 1
                                      Loading campaign images.rxx for TSK
13:50:28.201     5,978s      61ms  14448    Custom - 1
                                      Loading campaign images.rxx for TUA
13:50:28.244     6,022s      44ms  14448    Custom - 1
                                      Loading campaign images.rxx for TMR
13:50:28.402     6,179s     157ms  14448    Custom - 1
13:50:28.412     6,189s      10ms   2984    LoadGameResources ... AlphaShadows: True. Forced: False
13:50:28.419     6,196s       7ms   2984    TKMResSprites.LoadGameResources
13:50:29.308     7,086s     890ms  14836    Load Sprites Done
13:50:30.414     8,191s    1105ms  14836    [AsyncGameResLoader Thread] DONE Load RXX 'Units.rxa'
13:50:30.421     8,199s       8ms   2984    [AsyncGameResLoader MainTh] [LoadGameResources] GenTextures RT = rxUnits Stage = lsGenMain
13:50:30.479     8,257s      58ms   2984    [AsyncGameResLoader MainTh] [LoadGameResources] DONE
13:50:30.487     8,264s       7ms  14836    [AsyncGameResLoader Thread] RT = rxUnits Stage = lsOverload
13:50:30.493     8,270s       6ms  14836    [AsyncGameResLoader Thread] OverloadFromFolder RT = rxUnits
13:50:31.522     9,299s    1029ms  14836    [AsyncGameResLoader Thread] DONE OverloadFromFolder RT = rxUnits
13:50:31.528     9,306s       7ms   2984    [AsyncGameResLoader MainTh] [LoadGameResources] GenTextures RT = rxUnits Stage = lsGenOverload
13:50:31.564     9,341s      35ms   2984    [AsyncGameResLoader Thread] Stopped
13:50:31.571     9,348s       7ms   2984    [AsyncGameResLoader MainTh] [LoadGameResources] DONE
13:50:31.578     9,355s       7ms   2984    Resource loading state - Game
13:50:31.585     9,363s       8ms   2984    Saving dev settings to file 'kmr_dev.xml'
13:50:31.613     9,391s      28ms   2984    <== Game creation is done ==>
13:50:31.621     9,398s       7ms   2984    GameStart
13:50:31.627     9,405s       7ms   2984    Loading DAT file: E:\programowanie\projekty delphi\kam_expansion\Maps\Nowa Misja\Nowa Misja.dat
13:50:31.633     9,411s       6ms   2984    Loading map file: E:\programowanie\projekty delphi\kam_expansion\Maps\Nowa Misja\Nowa Misja.map
13:50:31.648     9,425s      14ms   2984    Map file loaded
13:50:31.816     9,593s     168ms   2984    Gameplay recording initialized ... done
13:50:31.823     9,600s       7ms   2984    Game options: PT = 0; SpeedPT = 1; SpeedAfterPT = 1; Seed = 0; Difficulty = mdNone
13:50:31.829     9,607s       7ms   2984    Gameplay initialized ... done
13:50:31.836     9,613s       6ms   2984    After game start
13:50:31.848     9,626s      13ms   2984    Set game seed: 1050580623
13:50:31.856     9,634s       8ms   2984    After game start ... done
13:50:45.930    23,707s   14073ms   2984    Exception occurred [ERangeError]: Range check error.
                                      ================================================================================
                                                                      START BUG REPORT                                
                                      ================================================================================
                                      date/time          : 2024-12-27, 13:50:45, 873ms
computer name      : LAPTOP-5CTTUAIM
user name          : szyby
registered owner   : szybyc@wp.pl / HP Inc.
operating system   : Windows 11 x64 build 22631
system language    : Polish
system up time     : 2 days
program up time    : 23 seconds
processors         : 12x 11th Gen Intel(R) Core(TM) i5-11400F @ 2.60GHz
physical memory    : 21894/32650 MB (free/total)
free disk space    : (C:) 186,18 GB (E:) 653,19 GB
display mode       : 1920x1080, 32 bit
process id         : $3a0c
allocated memory   : 981,95 MB
largest free block : 1,17 GB
executable         : KaM_Expansion.exe
exec. date/time    : 2024-12-27 13:50
version            : 1.0.0.0
compiled with      : Delphi 11
madExcept version  : 5.1.4
callstack crc      : $034d7188, $228a0fec, $228a0fec
exception number   : 1
exception class    : ERangeError
exception message  : Range check error.

main thread ($ba8):
0062d881 +065 KaM_Expansion.exe KM_TerrainPainter  488  +5 TKMTerrainPainter.IsTerrainRepresentTerKind
0062eef8 +678 KaM_Expansion.exe KM_TerrainPainter  797 +78 TKMTerrainPainter.RebuildTile
0062e876 +022 KaM_Expansion.exe KM_TerrainPainter  710  +1 TKMTerrainPainter.RebuildTile
00b287ae +3ba KaM_Expansion.exe KM_Utils           230 +74 IterateOverArea
0062f2b3 +033 KaM_Expansion.exe KM_TerrainPainter  831  +1 TKMTerrainPainter.RebuildMap
0063234c +0b8 KaM_Expansion.exe KM_TerrainPainter 1541 +14 TKMTerrainPainter.DoApplyBrush
00632289 +071 KaM_Expansion.exe KM_TerrainPainter 1519  +7 TKMTerrainPainter.ApplyBrush
0063709b +153 KaM_Expansion.exe KM_TerrainPainter 2351 +21 TKMTerrainPainter.UpdateStateIdle
006ba6a4 +010 KaM_Expansion.exe KM_MapEditor      1664  +1 TKMMapEditor.UpdateStateIdle
00b0f34d +029 KaM_Expansion.exe KM_Game           3500  +5 TKMGame.UpdateStateIdle
00919994 +020 KaM_Expansion.exe KM_GameApp        1567  +1 TKMGameApp.UpdateStateIdle
00920d8f +037 KaM_Expansion.exe KM_Main            478  +5 TKMMain.DoRender
00920fe8 +118 KaM_Expansion.exe KM_Main            571 +40 TKMMain.DoIdle
003ff6b5 +099 KaM_Expansion.exe Vcl.Forms                  TApplication.Idle
003fe737 +017 KaM_Expansion.exe Vcl.Forms                  TApplication.HandleMessage
003fea69 +0d1 KaM_Expansion.exe Vcl.Forms                  TApplication.Run
00b9db3b +077 KaM_Expansion.exe KaM_Expansion      480  +7 initialization
00b9db5a +096 KaM_Expansion.exe KaM_Expansion      482  +9 initialization
75e37ba7 +017 KERNEL32.DLL                                 BaseThreadInitThunk

thread $4d08:
75e37ba7 +17 KERNEL32.DLL  BaseThreadInitThunk

thread $3d18:
75e37ba7 +17 KERNEL32.DLL  BaseThreadInitThunk

thread $4224:
75e37ba7 +17 KERNEL32.DLL  BaseThreadInitThunk

thread $521c:
76b84152 +82 KERNELBASE.dll              WaitForSingleObjectEx
76b840bd +0d KERNELBASE.dll              WaitForSingleObject
00224add +0d KaM_Expansion.exe madExcept CallThreadProcSafe
00224b42 +32 KaM_Expansion.exe madExcept ThreadExceptFrame
00224bb8 +a8 KaM_Expansion.exe madExcept ThreadExceptFrame
75e37ba7 +17 KERNEL32.DLL                BaseThreadInitThunk
>> created by main thread ($ba8) at:
79400276 +00 nvoglv32.dll

thread $5440:
76b84f79 +189 KERNELBASE.dll              WaitForMultipleObjectsEx
00224add +00d KaM_Expansion.exe madExcept CallThreadProcSafe
00224b42 +032 KaM_Expansion.exe madExcept ThreadExceptFrame
00224bb8 +0a8 KaM_Expansion.exe madExcept ThreadExceptFrame
75e37ba7 +017 KERNEL32.DLL                BaseThreadInitThunk
>> created by main thread ($ba8) at:
762502ff +000 CRYPT32.dll

thread $11a8:
76b84f79 +189 KERNELBASE.dll              WaitForMultipleObjectsEx
76b84dd3 +013 KERNELBASE.dll              WaitForMultipleObjects
00224add +00d KaM_Expansion.exe madExcept CallThreadProcSafe
00224b42 +032 KaM_Expansion.exe madExcept ThreadExceptFrame
00224bb8 +0a8 KaM_Expansion.exe madExcept ThreadExceptFrame
75e37ba7 +017 KERNEL32.DLL                BaseThreadInitThunk
>> created by main thread ($ba8) at:
7942ea4e +000 nvoglv32.dll

thread $4838:
77062dbc +4c USER32.dll                  MsgWaitForMultipleObjectsEx
7707245a +1a USER32.dll                  MsgWaitForMultipleObjects
00224add +0d KaM_Expansion.exe madExcept CallThreadProcSafe
00224b42 +32 KaM_Expansion.exe madExcept ThreadExceptFrame
00224bb8 +a8 KaM_Expansion.exe madExcept ThreadExceptFrame
75e37ba7 +17 KERNEL32.DLL                BaseThreadInitThunk
>> created by thread $521c at:
793fa0f7 +00 nvoglv32.dll

thread $428:
75e37ba7 +17 KERNEL32.DLL  BaseThreadInitThunk

thread $22e8:
75e37ba7 +17 KERNEL32.DLL  BaseThreadInitThunk

thread $1b2c: <priority:15>
76b84f79 +189 KERNELBASE.dll              WaitForMultipleObjectsEx
76b84dd3 +013 KERNELBASE.dll              WaitForMultipleObjects
00224add +00d KaM_Expansion.exe madExcept CallThreadProcSafe
00224b42 +032 KaM_Expansion.exe madExcept ThreadExceptFrame
00224bb8 +0a8 KaM_Expansion.exe madExcept ThreadExceptFrame
75e37ba7 +017 KERNEL32.DLL                BaseThreadInitThunk
>> created by main thread ($ba8) at:
6d13f555 +000 dsound.DLL

thread $32a8: <priority:15>
76b84f79 +189 KERNELBASE.dll              WaitForMultipleObjectsEx
76b84dd3 +013 KERNELBASE.dll              WaitForMultipleObjects
00224add +00d KaM_Expansion.exe madExcept CallThreadProcSafe
00224b42 +032 KaM_Expansion.exe madExcept ThreadExceptFrame
00224bb8 +0a8 KaM_Expansion.exe madExcept ThreadExceptFrame
75e37ba7 +017 KERNEL32.DLL                BaseThreadInitThunk
>> created by main thread ($ba8) at:
6d13f555 +000 dsound.DLL

thread $27b4: <priority:15>
76b84152 +82 KERNELBASE.dll              WaitForSingleObjectEx
76b840bd +0d KERNELBASE.dll              WaitForSingleObject
7543857c +8c msvcrt.dll                  _endthreadex
00224add +0d KaM_Expansion.exe madExcept CallThreadProcSafe
00224b42 +32 KaM_Expansion.exe madExcept ThreadExceptFrame
00224bb8 +a8 KaM_Expansion.exe madExcept ThreadExceptFrame
75e37ba7 +17 KERNEL32.DLL                BaseThreadInitThunk
>> created by main thread ($ba8) at:
7543845f +7f msvcrt.dll                  _beginthreadex

thread $1810: <priority:2>
76b84f79 +189 KERNELBASE.dll              WaitForMultipleObjectsEx
76b84dd3 +013 KERNELBASE.dll              WaitForMultipleObjects
7543857c +08c msvcrt.dll                  _endthreadex
00224add +00d KaM_Expansion.exe madExcept CallThreadProcSafe
00224b42 +032 KaM_Expansion.exe madExcept ThreadExceptFrame
00224bb8 +0a8 KaM_Expansion.exe madExcept ThreadExceptFrame
75e37ba7 +017 KERNEL32.DLL                BaseThreadInitThunk
>> created by main thread ($ba8) at:
7543845f +07f msvcrt.dll                  _beginthreadex

thread $4f70: <priority:15>
76b84152 +82 KERNELBASE.dll              WaitForSingleObjectEx
754383cc +9c msvcrt.dll                  _endthread
00224add +0d KaM_Expansion.exe madExcept CallThreadProcSafe
00224b42 +32 KaM_Expansion.exe madExcept ThreadExceptFrame
00224bb8 +a8 KaM_Expansion.exe madExcept ThreadExceptFrame
75e37ba7 +17 KERNEL32.DLL                BaseThreadInitThunk
>> created by main thread ($ba8) at:
75438291 +71 msvcrt.dll                  _beginthread

thread $31d4: <priority:14>
76b84f79 +189 KERNELBASE.dll              WaitForMultipleObjectsEx
76b84dd3 +013 KERNELBASE.dll              WaitForMultipleObjects
00224add +00d KaM_Expansion.exe madExcept CallThreadProcSafe
00224b42 +032 KaM_Expansion.exe madExcept ThreadExceptFrame
00224bb8 +0a8 KaM_Expansion.exe madExcept ThreadExceptFrame
75e37ba7 +017 KERNEL32.DLL                BaseThreadInitThunk
>> created by thread $260c at:
6d15970d +000 dsound.DLL

thread $4718: <priority:15>
00224add +0d KaM_Expansion.exe madExcept CallThreadProcSafe
00224b42 +32 KaM_Expansion.exe madExcept ThreadExceptFrame
00224bb8 +a8 KaM_Expansion.exe madExcept ThreadExceptFrame
75e37ba7 +17 KERNEL32.DLL                BaseThreadInitThunk
>> created by thread $260c at:
73a96555 +00 winmm.dll

modules:
00170000 KaM_Expansion.exe        1.0.0.0             E:\programowanie\projekty delphi\kam_expansion
01b00000 ogg.dll                                      E:\programowanie\projekty delphi\kam_expansion
03490000 vorbis.dll                                   E:\programowanie\projekty delphi\kam_expansion
10000000 vorbisfile.dll                               E:\programowanie\projekty delphi\kam_expansion
10990000 OpenAL32.dll             6.14.357.24         C:\WINDOWS\SYSTEM32
11000000 bass.dll                 2.4.8.1             E:\programowanie\projekty delphi\kam_expansion
13b00000 wrap_oal.dll             2.2.0.5             C:\WINDOWS\SYSTEM32
53630000 nvgpucomp32.dll          32.0.15.6081        C:\WINDOWS\System32\DriverStore\FileRepository\nvmdi.inf_amd64_2e01d57d451be19f
58800000 FaultRep.dll             6.2.22621.4541      C:\WINDOWS\SYSTEM32
5f750000 CoreUIComponents.dll     6.2.22621.4541      C:\WINDOWS\SYSTEM32
5f9f0000 textinputframework.dll   6.2.22621.4541      C:\WINDOWS\SYSTEM32
66da0000 nvspcap.dll              11.0.1.163          C:\WINDOWS\system32
684a0000 TextShaping.dll          6.2.22621.4541      C:\WINDOWS\SYSTEM32
6bd50000 drvstore.dll             6.2.22621.4541      C:\WINDOWS\SYSTEM32
6c2f0000 cryptnet.dll             6.2.22621.1         C:\WINDOWS\SYSTEM32
6c350000 rsaenh.dll               6.2.22621.4249      C:\WINDOWS\system32
6c380000 CRYPTSP.dll              6.2.22621.3672      C:\WINDOWS\SYSTEM32
6cbe0000 midimap.dll              6.2.22621.2506      C:\WINDOWS\SYSTEM32
6cbf0000 MSACM32.dll              6.2.22621.1         C:\WINDOWS\SYSTEM32
6cc10000 AUDIOSES.DLL             6.2.22621.4541      C:\WINDOWS\SYSTEM32
6cf30000 wdmaud.drv               6.2.22621.3527      C:\WINDOWS\SYSTEM32
6cf70000 MMDevAPI.DLL             6.2.22621.4111      C:\WINDOWS\SYSTEM32
6d060000 ResampleDmo.DLL          6.2.22621.2506      C:\WINDOWS\SYSTEM32
6d100000 dsound.DLL               6.2.22621.3527      C:\WINDOWS\SYSTEM32
6d180000 powrprof.dll             6.2.22621.3958      C:\WINDOWS\SYSTEM32
6fed0000 uxtheme.dll              6.2.22621.4541      C:\WINDOWS\system32
6ff60000 COMCTL32.dll             6.10.22621.4541     C:\WINDOWS\WinSxS\x86_microsoft.windows.common-controls_6595b64144ccf1df_6.0.22621.4541_none_6ebe089c8800e98b
70190000 winhttp.dll              6.2.22621.4541      C:\WINDOWS\SYSTEM32
70640000 Windows.UI.dll           6.2.22621.4541      C:\Windows\System32
70e60000 CoreMessaging.dll        6.2.22621.4541      C:\WINDOWS\SYSTEM32
71a90000 opengl32.dll             6.2.22621.4541      C:\WINDOWS\SYSTEM32
736c0000 msacm32.drv              6.2.22621.2506      C:\WINDOWS\SYSTEM32
736e0000 winspool.drv             6.2.22621.3810      C:\WINDOWS\SYSTEM32
73760000 wldp.dll                 6.2.22621.4541      C:\WINDOWS\SYSTEM32
737d0000 ksuser.dll               6.2.22621.1         C:\WINDOWS\SYSTEM32
737e0000 AVRT.dll                 6.2.22621.2506      C:\WINDOWS\SYSTEM32
73a90000 winmm.dll                6.2.22621.4541      C:\WINDOWS\SYSTEM32
73ae0000 winmmbase.dll            6.2.22621.1         C:\WINDOWS\SYSTEM32
73d10000 cfgmgr32.dll             6.2.22621.2506      C:\WINDOWS\SYSTEM32
73d50000 dwmapi.dll               6.2.22621.4541      C:\WINDOWS\SYSTEM32
73d80000 propsys.dll              7.0.22621.4249      C:\WINDOWS\system32
73e50000 SspiCli.dll              6.2.22621.3810      C:\WINDOWS\SYSTEM32
73e80000 msasn1.dll               6.2.22621.2506      C:\WINDOWS\SYSTEM32
73e90000 msdmo.dll                6.2.22621.1         C:\WINDOWS\SYSTEM32
73ea0000 devobj.dll               6.2.22621.2506      C:\WINDOWS\SYSTEM32
73ed0000 wsock32.dll              6.2.22621.1         C:\WINDOWS\SYSTEM32
73ef0000 UMPDC.dll                6.2.22621.1         C:\WINDOWS\SYSTEM32
73f20000 dxcore.dll               6.2.22621.4541      C:\WINDOWS\SYSTEM32
73f80000 AppXDeploymentClient.dll 6.2.22621.4541      C:\Windows\System32
74070000 GLU32.dll                6.2.22621.2506      C:\WINDOWS\SYSTEM32
740f0000 SHFolder.dll             6.2.22621.1         C:\WINDOWS\SYSTEM32
74230000 ntmarta.dll              6.2.22621.1         C:\WINDOWS\SYSTEM32
743c0000 resourcepolicyclient.dll 6.2.22621.3527      C:\WINDOWS\SYSTEM32
743d0000 libvlc.dll               3.0.8.0             E:\programowanie\projekty delphi\kam_expansion\lib\vlc
74420000 WINSTA.dll               6.2.22621.4541      C:\WINDOWS\SYSTEM32
746d0000 kernel.appcore.dll       6.2.22621.3958      C:\WINDOWS\SYSTEM32
74720000 version.dll              6.2.22621.1         C:\WINDOWS\SYSTEM32
749b0000 profapi.dll              6.2.22621.4541      C:\WINDOWS\SYSTEM32
749e0000 wintypes.dll             6.2.22621.3810      C:\WINDOWS\SYSTEM32
74ab0000 windows.storage.dll      6.2.22621.4601      C:\WINDOWS\SYSTEM32
751e0000 CRYPTBASE.DLL            6.2.22621.1         C:\WINDOWS\SYSTEM32
75280000 wtsapi32.dll             6.2.22621.1         C:\WINDOWS\SYSTEM32
752b0000 WS2_32.dll               6.2.22621.1         C:\WINDOWS\System32
75320000 WINTRUST.dll             6.2.22621.4541      C:\WINDOWS\System32
75380000 imagehlp.dll             6.2.22621.1         C:\WINDOWS\System32
753a0000 GDI32.dll                6.2.22621.4036      C:\WINDOWS\System32
753d0000 msvcrt.dll               7.0.22621.2506      C:\WINDOWS\System32
754a0000 SHELL32.dll              6.2.22621.4541      C:\WINDOWS\System32
75b50000 gdi32full.dll            6.2.22621.4601      C:\WINDOWS\System32
75c40000 comdlg32.dll             6.2.22621.4541      C:\WINDOWS\System32
75d00000 ucrtbase.dll             6.2.22621.3593      C:\WINDOWS\System32
75e20000 KERNEL32.DLL             6.2.22621.4391      C:\WINDOWS\System32
75f10000 msvcp_win.dll            6.2.22621.3374      C:\WINDOWS\System32
75f90000 IMM32.DLL                6.2.22621.3374      C:\WINDOWS\System32
76020000 bcryptPrimitives.dll     6.2.22621.4317      C:\WINDOWS\System32
76100000 clbcatq.dll              2001.12.10941.16384 C:\WINDOWS\System32
76230000 CRYPT32.dll              6.2.22621.4541      C:\WINDOWS\System32
76340000 bcrypt.dll               6.2.22621.2506      C:\WINDOWS\System32
76360000 PSAPI.dll                6.2.22621.1         C:\WINDOWS\System32
76370000 combase.dll              6.2.22621.4601      C:\WINDOWS\System32
76600000 SETUPAPI.dll             6.2.22621.2506      C:\WINDOWS\System32
76a40000 KERNELBASE.dll           6.2.22621.4601      C:\WINDOWS\System32
76d40000 MSCTF.dll                6.2.22621.4601      C:\WINDOWS\System32
76e50000 shcore.dll               6.2.22621.4541      C:\WINDOWS\System32
76f20000 oleaut32.dll             6.2.22621.3672      C:\WINDOWS\System32
76fc0000 advapi32.dll             6.2.22621.4391      C:\WINDOWS\System32
77040000 USER32.dll               6.2.22621.4601      C:\WINDOWS\System32
771f0000 shlwapi.dll              6.2.22621.4541      C:\WINDOWS\System32
773b0000 win32u.dll               6.2.22621.4460      C:\WINDOWS\System32
773d0000 ole32.dll                6.2.22621.3958      C:\WINDOWS\System32
77530000 RPCRT4.dll               6.2.22621.4249      C:\WINDOWS\System32
775f0000 sechost.dll              6.2.22621.4541      C:\WINDOWS\System32
77690000 ntdll.dll                6.2.22621.4541      C:\WINDOWS\SYSTEM32
779b0000 libvlccore.dll           3.0.8.0             E:\programowanie\projekty delphi\kam_expansion\lib\vlc
78bf0000 nvoglv32.dll             32.0.15.6081        C:\WINDOWS\System32\DriverStore\FileRepository\nvmdi.inf_amd64_2e01d57d451be19f

hardware:
+ {1ed2bbf9-11f0-4084-b21f-ad83a8e6dcdc}
  - Fax
  - G³ówna kolejka wydruku
  - HP Smart Printing
  - Microsoft Print to PDF
  - Microsoft XPS Document Writer
+ {36fc9e60-c465-11cf-8056-444553540000}
  - G³ówny koncentrator USB (USB 3.0)
  - Intel(R) USB 3.20 eXtensible Host Controller - 1.20 (Microsoft)
  - Rodzajowy koncentrator USB
  - Rodzajowy koncentrator USB
  - Rodzajowy koncentrator USB SuperSpeed
  - Urz¹dzenie kompozytowe USB
  - Urz¹dzenie kompozytowe USB
+ {4d36e966-e325-11ce-bfc1-08002be10318}
  - Komputer oparty na architekturze x64 obs³uguj¹cy interfejs ACPI
  - Micro-Star International Co., Ltd. MS-7D15
+ {4d36e967-e325-11ce-bfc1-08002be10318}
  - KXG60ZNV512G KIOXIA
  - Samsung SSD 980 1TB
+ {4d36e968-e325-11ce-bfc1-08002be10318}
  - NVIDIA GeForce RTX 3060 Ti (driver 32.0.15.6081)
+ {4d36e96a-e325-11ce-bfc1-08002be10318}
  - Standardowy kontroler SATA AHCI
+ {4d36e96b-e325-11ce-bfc1-08002be10318}
  - Urz¹dzenie klawiatury HID
  - Urz¹dzenie klawiatury HID
+ {4d36e96c-e325-11ce-bfc1-08002be10318}
  - NVIDIA High Definition Audio (driver 1.4.0.1)
  - NVIDIA Virtual Audio Device (Wave Extensible) (WDM) (driver 4.65.0.3)
  - Urz¹dzenie zgodne ze standardem High Definition Audio
+ {4d36e96e-e325-11ce-bfc1-08002be10318}
  - Generic Monitor (Smart TV)
+ {4d36e96f-e325-11ce-bfc1-08002be10318}
  - Mysz zgodna z HID
+ {4d36e972-e325-11ce-bfc1-08002be10318}
  - Microsoft Kernel Debug Network Adapter
  - Realtek Gaming 2.5GbE Family Controller (driver 10.71.312.2024)
  - WAN Miniport (IKEv2)
  - WAN Miniport (IP)
  - WAN Miniport (IPv6)
  - WAN Miniport (L2TP)
  - WAN Miniport (Network Monitor)
  - WAN Miniport (PPPOE)
  - WAN Miniport (PPTP)
  - WAN Miniport (SSTP)
+ {4d36e97b-e325-11ce-bfc1-08002be10318}
  - Kontroler miejsc do magazynowania firmy Microsoft
  - Standardowy kontroler NVM Express
  - Standardowy kontroler NVM Express
  - Xvdd SCSI Miniport (driver 10.0.22020.1)
+ {4d36e97d-e325-11ce-bfc1-08002be10318}
  - Agregator procesora systemu ACPI
  - Alarm wznawiania ACPI
  - AMD Crash Defender (driver 22.20.0.2)
  - Aplikacja zbieraj¹ca informacje o oprogramowaniu urz¹dzeñ Plug and Play
  - Ch³odzenie ACPI
  - Ch³odzenie ACPI
  - Ch³odzenie ACPI
  - Ch³odzenie ACPI
  - Ch³odzenie ACPI
  - Czasomierz systemowy
  - Czasomierz zdarzeniowy wysokiej precyzji
  - Intel(R) GNA - 4C11 (driver 10.1.41.5)
  - Intel(R) Host Bridge/DRAM Registers - 4C53 (driver 10.1.41.5)
  - Intel(R) LPC Controller (B560) - 4387 (driver 10.1.34.10)
  - Intel(R) Management Engine Interface #1 (driver 2131.1.4.0)
  - Intel(R) PCI Express Root Port #21 - 43C4 (driver 10.1.34.10)
  - Intel(R) PCI Express Root Port #6 - 43BD (driver 10.1.34.10)
  - Intel(R) PCI Express Root Port #9 - 43B0 (driver 10.1.34.10)
  - Intel(R) PEG10 - 4C01 (driver 10.1.41.5)
  - Intel(R) Serial IO GPIO Host Controller - INT34C6 (driver 30.100.2051.37)
  - Intel(R) Shared SRAM - 43EF (driver 10.1.34.10)
  - Intel(R) SPI (flash) Controller - 43A4 (driver 10.1.34.10)
  - Intel(R) Watchdog Timer Driver (Intel(R) WDT) (driver 11.7.0.1000)
  - Interfejs zarz¹dzania Microsoft Windows dla ACPI
  - Interfejs zarz¹dzania Microsoft Windows dla ACPI
  - Interfejs zarz¹dzania Microsoft Windows dla ACPI
  - Interfejs zarz¹dzania Microsoft Windows dla ACPI
  - Interfejs zarz¹dzania Microsoft Windows dla ACPI
  - Kontroler zgodny ze standardem High Definition Audio
  - Kontroler zgodny ze standardem High Definition Audio
  - Magistrala readresatora urz¹dzeñ us³ug pulpitu zdalnego
  - Mened¿er woluminów
  - Modu³ wyliczaj¹cy dysku wirtualnego firmy Microsoft
  - Modu³ wyliczaj¹cy magistrali g³ównej UMBus
  - Modu³ wyliczaj¹cy magistrali kompozytowej
  - Modu³ wyliczaj¹cy wirtualnej karty sieciowej NDIS
  - Podstawowy sterownik ekranu firmy Microsoft
  - Podstawowy sterownik renderowania firmy Microsoft
  - Procesor numeryczny
  - Programowalny kontroler przerwañ
  - Przycisk ACPI Fixed Feature
  - Przycisk uœpienia ACPI
  - Przycisk zasilania ACPI
  - Serwer PCI funkcji Microsoft Hyper-V
  - Sterownik BIOS zarz¹dzania systemem firmy Microsoft
  - Sterownik infrastruktury wirtualizacji funkcji Microsoft Hyper-V
  - Sterownik wybierania Ÿród³a ³adowania
  - Strefa termiczna ACPI
  - Synaptics SMBus Driver (driver 19.5.19.95)
  - System zgodny ze standardem Microsoft ACPI
  - System zgodny ze standardem Microsoft UEFI
  - Us³uga hosta funkcji hypervisor firmy Microsoft
  - Wtyczka aparatu zasilania firmy Intel(R)
  - Zasoby p³yty g³ównej
  - Zasoby p³yty g³ównej
  - Zasoby p³yty g³ównej
  - Zasoby p³yty g³ównej
  - Zasoby p³yty g³ównej
  - Zasoby p³yty g³ównej
  - Zasoby p³yty g³ównej
  - Zasoby p³yty g³ównej
  - Zespó³ g³ówny PCI Express
+ {50127dc3-0f36-415e-a6cc-4cb3be910b65}
  - 11th Gen Intel(R) Core(TM) i5-11400F @ 2.60GHz
  - 11th Gen Intel(R) Core(TM) i5-11400F @ 2.60GHz
  - 11th Gen Intel(R) Core(TM) i5-11400F @ 2.60GHz
  - 11th Gen Intel(R) Core(TM) i5-11400F @ 2.60GHz
  - 11th Gen Intel(R) Core(TM) i5-11400F @ 2.60GHz
  - 11th Gen Intel(R) Core(TM) i5-11400F @ 2.60GHz
  - 11th Gen Intel(R) Core(TM) i5-11400F @ 2.60GHz
  - 11th Gen Intel(R) Core(TM) i5-11400F @ 2.60GHz
  - 11th Gen Intel(R) Core(TM) i5-11400F @ 2.60GHz
  - 11th Gen Intel(R) Core(TM) i5-11400F @ 2.60GHz
  - 11th Gen Intel(R) Core(TM) i5-11400F @ 2.60GHz
  - 11th Gen Intel(R) Core(TM) i5-11400F @ 2.60GHz
+ {533c5b84-ec70-11d2-9505-00c04f79deaf}
  - Rodzajowa kopia w tle woluminów
  - Rodzajowa kopia w tle woluminów
  - Rodzajowa kopia w tle woluminów
  - Rodzajowa kopia w tle woluminów
+ {5c4c3332-344d-483c-8739-259e934c9cc8}
  - Intel(R) Dynamic Application Loader Host Interface (driver 1.44.2023.710)
  - Intel(R) iCLS Client (driver 1.71.99.0)
  - Intel(R) Management Engine WMI Provider (driver 2408.5.4.0)
+ {62f9c741-b25a-46ce-b54c-9bccce08b6f2}
  - LAPTOP-5CTTUAIM: szybyc@wp.pl:
  - Microsoft Device Association Root Enumerator
  - Microsoft Radio Device Enumeration Bus
  - Microsoft RRAS Root Enumerator
  - POLSATBOX4KLITE-
  - Syntezator SW Microsoft GS Wavetable
+ {745a17a0-74d3-11d0-b6fe-00a0c90f57da}
  - Kontroler systemu zgodny z HID
  - Kontroler systemu zgodny z HID
  - Urz¹dzenie steruj¹ce u¿ytkownika zgodne z HID
  - Urz¹dzenie steruj¹ce u¿ytkownika zgodne z HID
  - Urz¹dzenie wejœciowe USB
  - Urz¹dzenie wejœciowe USB
  - Urz¹dzenie wejœciowe USB
  - Urz¹dzenie wejœciowe USB
  - Urz¹dzenie wejœciowe USB
  - Urz¹dzenie zdefiniowane przez dostawcê zgodne z HID
  - Urz¹dzenie zdefiniowane przez dostawcê zgodne z HID
  - Urz¹dzenie zgodne z HID
+ {c166523c-fe0c-4a94-a586-f1a80cfbbf3e}
  - Cyfrowe urz¹dzenie audio (S/PDIF) (High Definition Audio Device)
  - Mikrofon (High Definition Audio Device)
  - Smart TV (NVIDIA High Definition Audio)
  - S³uchawki (High Definition Audio Device)
+ {f2e7dd72-6468-4e36-b6f1-6488f42c1b52}
  - Oprogramowanie uk³adowe urz¹dzenia

cpu registers:
eax = 13850a98
ebx = 0062d881
ecx = 00000000
edx = 07e491d8
esi = 0062d881
edi = 00b9dac4
eip = 0062d881
esp = 017ff870
ebp = 017ff8b8

stack dump:
017ff870  81 d8 62 00 de fa ed 0e - 01 00 00 00 07 00 00 00  ..b.............
017ff880  84 f8 7f 01 81 d8 62 00 - 98 0a 85 13 81 d8 62 00  ......b.......b.
017ff890  81 d8 62 00 c4 da b9 00 - b8 f8 7f 01 a0 f8 7f 01  ..b.............
017ff8a0  04 00 00 00 f0 71 17 00 - c4 da b9 00 68 f4 26 00  .....q......h.&.
017ff8b0  33 72 17 00 0b 00 00 04 - d0 f8 7f 01 81 d8 62 00  3r............b.
017ff8c0  ab 02 00 00 10 00 00 00 - 00 0b 3b 01 70 cd d6 21  ..........;.p..!
017ff8d0  00 f9 7f 01 fd ee 62 00 - 00 0b 0b 0b 0b 0b 0b 00  ......b.........
017ff8e0  00 00 00 00 02 00 00 00 - 04 00 00 00 57 00 00 00  ............W...
017ff8f0  45 00 00 00 45 00 00 00 - 57 00 00 00 70 cd d6 21  E...E...W...p..!
017ff900  18 f9 7f 01 7b e8 62 00 - 00 cd d6 21 45 00 00 00  ....{.b....!E...
017ff910  57 00 00 00 70 cd d6 21 - 98 f9 7f 01 b1 87 b2 00  W...p..!........
017ff920  2c f9 7f 01 9c bb 17 00 - 98 f9 7f 01 90 fa 7f 01  ,...............
017ff930  9c bb 17 00 98 f9 7f 01 - e0 4e eb 04 00 00 00 00  .........N......
017ff940  00 00 00 00 08 00 00 00 - 0c 00 00 00 0c 00 00 00  ................
017ff950  00 00 00 00 14 00 00 00 - 0e 01 00 01 57 00 00 00  ............W...
017ff960  45 00 00 00 00 00 00 00 - 04 00 00 00 02 00 00 00  E...............
017ff970  01 00 00 00 08 00 00 00 - 0c 00 00 00 b0 dd 27 21  ..............'!
017ff980  04 00 00 00 08 00 00 00 - 00 00 00 00 ac f9 7f 01  ................
017ff990  47 00 00 00 56 00 00 00 - c0 f9 7f 01 b8 f2 62 00  G...V.........b.
017ff9a0  01 cd d6 21 54 e8 62 00 - 70 cd d6 21 56 00 00 00  ...!T.b.p..!V...

disassembling:
[...]
0062d83b       cmp     ax, [ebp-6]
0062d83f       setz    byte ptr [ebp-8]
0062d843 485   xor     eax, eax
0062d845       mov     al, [ebp-7]
0062d848       imul    eax, eax, 4
0062d84b       jno     loc_62d852
0062d84d       call    -$4b34e2 ($17a370)     ; System.@IntOver
0062d852       movzx   eax, word ptr [eax*8+$bae942]
0062d85a       test    eax, eax
0062d85c       jle     loc_62d8b2
0062d85e       mov     [ebp-$10], eax
0062d861       mov     dword ptr [ebp-$c], 1
0062d868 487   cmp     byte ptr [ebp-8], 0
0062d86c       jnz     loc_62d8b2
0062d86e 488   cmp     byte ptr [ebp-8], 0
0062d872       jnz     loc_62d8a5
0062d874       mov     eax, [ebp-$c]
0062d877       cmp     eax, $f
0062d87a       jbe     loc_62d881
0062d87c       call    -$4b3519 ($17a368)     ; System.@BoundErr
0062d881     > xor     edx, edx
0062d883       mov     dl, [ebp-7]
0062d886       imul    edx, edx, 4
0062d889       jno     loc_62d890
0062d88b       call    -$4b3520 ($17a370)     ; System.@IntOver
0062d890       lea     edx, [edx*8+$bae942]
0062d897       mov     ax, [edx+eax*2]
0062d89b       cmp     ax, [ebp-6]
0062d89f       jz      loc_62d8a5
0062d8a1       xor     eax, eax
0062d8a3       jmp     loc_62d8a7
0062d8a5       mov     al, 1
0062d8a7       mov     [ebp-8], al
0062d8aa 489   inc     dword ptr [ebp-$c]
0062d8ad 485   dec     dword ptr [ebp-$10]
0062d8b0       jnz     loc_62d868
0062d8b2 490   mov     al, [ebp-8]
0062d8b5       mov     esp, ebp
0062d8b7       pop     ebp
0062d8b8       ret
                                      ================================================================================
                                                                       END BUG REPORT                                 
                                      ================================================================================
13:50:46.409    24,187s     480ms   2984    Creating crash report...
13:50:46.416    24,193s       6ms   2984    Attached file: E:\programowanie\projekty delphi\kam_expansion\Maps\Nowa Misja\Nowa Misja.dat
13:50:46.422    24,199s       6ms   2984    Attached file: E:\programowanie\projekty delphi\kam_expansion\Maps\Nowa Misja\Nowa Misja.map
13:50:46.427    24,205s       6ms   2984    Attached file: E:\programowanie\projekty delphi\kam_expansion\Maps\Nowa Misja\Nowa Misja.script
13:50:46.433    24,211s       6ms   2984    File already attached: E:\programowanie\projekty delphi\kam_expansion\Maps\Nowa Misja\Nowa Misja.script
13:50:46.441    24,218s       7ms   2984    Crash report created
13:50:46.447    24,224s       6ms   2984    UI at crash time: MainPanel sizes: (1920;1009), cursor pos: (839;817), 
CtrlDown = nil
CtrlOver = nil
CtrlUp = ID=126 ParentID=110 Class=TKMButtonFlat AbsPos: (18;485) Pos: (9;120) Sizes: [34;34]
CtrlFocus = nil
13:50:46.453    24,230s       6ms   2984    Attached file: E:\programowanie\projekty delphi\kam_expansion\Logs\KaM_2024-12-27_13-50-22-223.log
13:50:46.459    24,237s       7ms   2984    Attached file: C:\Users\szyby\OneDrive\Dokumenty\My Games\Knights and Merchants Remake\KaM Remake Settings KingDyronMod.xml
