   Timestamp    Elapsed     Delta  Thread    Description
========================
    Date: 2024.12.31
========================
13:08:17.569     0,001s       1ms   1272    Log is up and running. Game version: KaM Expansion: Co-op & World Update
13:08:17.576     0,007s       6ms   1272    Game Load started
13:08:17.668     0,099s      92ms   1272    Start loading 'GameApp settings' from 'C:\Users\szyby\OneDrive\Dokumenty\My Games\Knights and Merchants Remake\KaM Remake Settings KingDyronMod.xml'
13:08:17.674     0,105s       6ms   1272    'GameApp settings' was successfully loaded from 'C:\Users\szyby\OneDrive\Dokumenty\My Games\Knights and Merchants Remake\KaM Remake Settings KingDyronMod.xml'
13:08:17.679     0,110s       5ms   1272    Start saving 'GameApp settings' to 'C:\Users\szyby\OneDrive\Dokumenty\My Games\Knights and Merchants Remake\KaM Remake Settings KingDyronMod.xml'
00c22b20 KaM_Expansion.exe KM_Settings        106 TKMSettings.SaveToDefaultFile
00c22bf3 KaM_Expansion.exe KM_Settings        113 TKMSettings.SaveToDefaultFile
00c227f1 KaM_Expansion.exe KM_Settings         59 TKMSettings.Create
00c22f2e KaM_Expansion.exe KM_SettingsXML      38 TKMSettingsXML.Create
00c2326f KaM_Expansion.exe KM_GameAppSettings  51 TKMGameAppSettings.Create
00e3c694 KaM_Expansion.exe KM_Main            258 TKMMain.Start
00e3c918 KaM_Expansion.exe KM_Main            305 TKMMain.Start
010bab2b KaM_Expansion.exe KaM_Expansion      479 initialization
010bab5a KaM_Expansion.exe KaM_Expansion      482 initialization
772b7ba7 KERNEL32.DLL                             BaseThreadInitThunk

13:08:17.717     0,148s      38ms   1272    'GameApp settings' was successfully saved to 'C:\Users\szyby\OneDrive\Dokumenty\My Games\Knights and Merchants Remake\KaM Remake Settings KingDyronMod.xml'
13:08:17.753     0,184s      36ms   1272    Start loading 'Server settings' from 'C:\Users\szyby\OneDrive\Dokumenty\My Games\Knights and Merchants Remake\KaM Remake Server Settings.ini'
13:08:17.760     0,192s       8ms   1272    'Server settings' was successfully loaded from 'C:\Users\szyby\OneDrive\Dokumenty\My Games\Knights and Merchants Remake\KaM Remake Server Settings.ini'
13:08:17.767     0,198s       6ms   1272    Start saving 'Server settings' to 'C:\Users\szyby\OneDrive\Dokumenty\My Games\Knights and Merchants Remake\KaM Remake Server Settings.ini'
00c22b20 KaM_Expansion.exe KM_Settings       106 TKMSettings.SaveToDefaultFile
00c22bf3 KaM_Expansion.exe KM_Settings       113 TKMSettings.SaveToDefaultFile
00c227f1 KaM_Expansion.exe KM_Settings        59 TKMSettings.Create
00d6590c KaM_Expansion.exe KM_ServerSettings 109 TKMServerSettings.Create
00e31a14 KaM_Expansion.exe KM_GameApp        213 TKMGameApp.Create
00e31e66 KaM_Expansion.exe KM_GameApp        295 TKMGameApp.Create
00e3d93e KaM_Expansion.exe KM_Main           635 TKMMain.ReinitRender
00e3db4a KaM_Expansion.exe KM_Main           689 TKMMain.ReinitRender
00e3c7aa KaM_Expansion.exe KM_Main           281 TKMMain.Start
00e3c918 KaM_Expansion.exe KM_Main           305 TKMMain.Start
010bab2b KaM_Expansion.exe KaM_Expansion     479 initialization
010bab5a KaM_Expansion.exe KaM_Expansion     482 initialization
772b7ba7 KERNEL32.DLL                            BaseThreadInitThunk

13:08:17.780     0,211s      13ms   1272    'Server settings' was successfully saved to 'C:\Users\szyby\OneDrive\Dokumenty\My Games\Knights and Merchants Remake\KaM Remake Server Settings.ini'
13:08:17.786     0,218s       7ms   1272    Init Render started
13:08:17.919     0,351s     133ms   1272    GL_MAX_TEXTURE_SIZE = 32768
13:08:17.927     0,358s       7ms   1272    GL_MAX_VIEWPORT_DIM = 32768
                                      OpenGL Vendor: NVIDIA Corporation
                                      OpenGL Renderer: NVIDIA GeForce RTX 3060 Ti/PCIe/SSE2
                                      OpenGL Version: 4.6.0 NVIDIA 560.81
13:08:17.954     0,385s      27ms   1272    Init Render Done
13:08:17.960     0,392s       7ms   1272    Resource loading state - None
13:08:17.968     0,399s       7ms   1272    Reading palettes ... done
13:08:17.976     0,407s       8ms   1272    Reading GUI.rx
13:08:17.982     0,413s       6ms   1272    Load Sprites started
13:08:17.988     0,420s       7ms   1272    GUI - 966
13:08:18.008     0,439s      19ms   1272    Load Sprites Done
13:08:18.042     0,474s      35ms   1272    Reading GUIMain.rx
13:08:18.049     0,480s       6ms   1272    Load Sprites started
13:08:18.056     0,488s       8ms   1272    GUIMain - 105
13:08:18.105     0,536s      48ms   1272    Load Sprites Done
13:08:18.160     0,592s      56ms   1272    Reading Tileset.rx
13:08:18.168     0,599s       7ms   1272    Load Sprites started
13:08:18.174     0,605s       6ms   1272    Tileset - 5449
13:08:18.209     0,641s      36ms   1272    Load Sprites Done
13:08:18.217     0,648s       7ms   1272    GenerateTerrainTransitions started. Legacy = False
13:08:18.224     0,655s       7ms   1272    TexId = 5451 GenTilesCnt = 2100
13:08:18.229     0,661s       6ms   1272    TexId = 6051; TexId - fGenTexIdStartI = 600; uniqueTex = 600; totalTex = 1350
13:08:18.236     0,667s       7ms   1272    GeneratedMasks cnt = 20
13:08:18.243     0,674s       6ms   1272    GenerateTerrainTransitions Done
13:08:18.248     0,680s       6ms   1272    GenerateTerrainTransitions started. Legacy = True
13:08:18.256     0,687s       7ms   1272    Legacy: TexId = 4999 GenTilesCntTemp = 2030
13:08:18.261     0,693s       6ms   1272    TexId = 5463; TexId - fGenTexIdStartILegacy = 464; uniqueTex = 464; totalTex = 1044
13:08:18.268     0,699s       6ms   1272    GeneratedMasks cnt = 16
13:08:18.274     0,705s       6ms   1272    GenerateTerrainTransitions Done
13:08:18.381     0,813s     108ms   1272    Load font started
13:08:18.418     0,850s      37ms   1272    Font load took 37ms
13:08:18.424     0,856s       6ms   1272    Read fonts is done
13:08:18.443     0,874s      18ms   1272    ReadGFX is done
13:08:18.450     0,881s       7ms   1272    Resource loading state - Menu
13:08:18.458     0,890s       8ms  19176    OpenAL init started
13:08:18.478     0,909s      19ms   1272    Music init done, 24 tracks found
                                      Loading campaign images.rxx for HKS
13:08:18.504     0,935s      26ms   5000    Custom - 1
13:08:18.512     0,943s       8ms  19176    Pre-LoadSFX init ... done
13:08:18.519     0,951s       8ms  19176    ALC_MONO_SOURCES 255
13:08:18.525     0,957s       6ms  19176    ALC_STEREO_SOURCES 1
13:08:18.532     0,963s       6ms  19176    OpenAL init done
13:08:18.539     0,971s       8ms   1272    Main menu init done
13:08:18.580     1,012s      41ms   1272    Check game folder 'E:\programowanie\projekty delphi\kam_expansion\' generic permissions: READ: granted; WRITE: granted; EXECUTE: granted; folder is writable: 
13:08:18.588     1,019s       7ms   1272    LoadGameResources ... AlphaShadows: True. Forced: True
13:08:18.594     1,026s       7ms   1272    TKMResSprites.LoadGameResources
13:08:18.601     1,033s       7ms   1272    [AsyncGameResLoader Thread] Started
13:08:18.607     1,038s       5ms   1272    Resource loading state - Game
13:08:18.613     1,044s       6ms   1272    ToggleFullscreen
13:08:18.620     1,052s       8ms   1272    Form Width/Height: 1040:830
13:08:18.627     1,058s       6ms   1272    Panel Width/Height: 1024:791
13:08:18.635     1,066s       8ms   6924    [AsyncGameResLoader Thread] RT = rxTrees Stage = lsLoad
13:08:18.642     1,074s       8ms   6924    [AsyncGameResLoader Thread] Start Load RXX 'Trees.rxx'
13:08:18.649     1,080s       6ms   6924    Load Sprites started
13:08:18.656     1,088s       8ms   6924    Trees - 1216
                                      Loading campaign images.rxx for KSN
13:08:18.673     1,104s      16ms   5000    Custom - 1
13:08:18.680     1,112s       8ms   1272    Saving dev settings to file 'kmr_dev.xml'
13:08:18.728     1,159s      47ms   1272    Saving dev settings to file 'kmr_dev.xml'
13:08:18.735     1,166s       7ms   1272    Game Load Done in 1188
                                      Loading campaign images.rxx for KSO
13:08:18.755     1,186s      20ms   5000    Custom - 1
13:08:18.787     1,218s      32ms   6924    Load Sprites Done
                                      Loading campaign images.rxx for KSU
13:08:18.811     1,242s      24ms   5000    Custom - 1
                                      Loading campaign images.rxx for OFL
13:08:18.860     1,292s      50ms   5000    Custom - 1
13:08:18.884     1,316s      24ms   6924    [AsyncGameResLoader Thread] DONE Load RXX 'Trees.rxa'
                                      Loading campaign images.rxx for OER
13:08:18.899     1,331s      15ms   5000    Custom - 1
13:08:18.906     1,337s       6ms   1272    [AsyncGameResLoader MainTh] [UpdateStateIdle] GenTextures RT = rxTrees Stage = lsGenMain
13:08:18.918     1,350s      14ms   1272    [AsyncGameResLoader MainTh] [UpdateStateIdle] DONE
13:08:18.926     1,357s       6ms   6924    [AsyncGameResLoader Thread] RT = rxTrees Stage = lsOverload
13:08:18.936     1,368s      11ms   6924    [AsyncGameResLoader Thread] OverloadFromFolder RT = rxTrees
                                      Loading campaign images.rxx for TBK
13:08:18.948     1,380s      12ms   5000    Custom - 1
13:08:18.954     1,386s       6ms   6924    [AsyncGameResLoader Thread] DONE OverloadFromFolder RT = rxTrees
13:08:18.962     1,393s       7ms   1272    [AsyncGameResLoader MainTh] [UpdateStateIdle] GenTextures RT = rxTrees Stage = lsGenOverload
13:08:18.968     1,399s       6ms   1272    [AsyncGameResLoader MainTh] [UpdateStateIdle] DONE
13:08:18.975     1,406s       7ms   6924    [AsyncGameResLoader Thread] RT = rxHouses Stage = lsLoad
13:08:18.981     1,413s       7ms   6924    [AsyncGameResLoader Thread] Start Load RXX 'Houses.rxx'
13:08:18.987     1,420s       7ms   6924    Load Sprites started
13:08:18.998     1,429s       9ms   6924    Houses - 2709
                                      Loading campaign images.rxx for TPR
13:08:19.010     1,442s      13ms   5000    Custom - 1
                                      Loading campaign images.rxx for TSK
13:08:19.047     1,479s      37ms   5000    Custom - 1
                                      Loading campaign images.rxx for TUA
13:08:19.082     1,513s      34ms   5000    Custom - 1
13:08:19.170     1,601s      88ms   6924    Load Sprites Done
                                      Loading campaign images.rxx for TMR
13:08:19.234     1,666s      65ms   5000    Custom - 1
13:08:19.303     1,734s      68ms   6924    [AsyncGameResLoader Thread] DONE Load RXX 'Houses.rxa'
13:08:19.310     1,742s       8ms   1272    [AsyncGameResLoader MainTh] [UpdateStateIdle] GenTextures RT = rxHouses Stage = lsGenMain
13:08:19.324     1,756s      14ms   1272    [AsyncGameResLoader MainTh] [UpdateStateIdle] DONE
13:08:19.331     1,762s       6ms   6924    [AsyncGameResLoader Thread] RT = rxHouses Stage = lsOverload
13:08:19.337     1,769s       7ms   6924    [AsyncGameResLoader Thread] OverloadFromFolder RT = rxHouses
                                      Loading campaign images.rxx for HKS
13:08:19.398     1,830s      61ms  21108    Custom - 1
13:08:19.444     1,875s      44ms   6924    [AsyncGameResLoader Thread] DONE OverloadFromFolder RT = rxHouses
13:08:19.503     1,934s      59ms   1272    [AsyncGameResLoader MainTh] [UpdateStateIdle] GenTextures RT = rxHouses Stage = lsGenOverload
13:08:19.509     1,941s       7ms   1272    [AsyncGameResLoader MainTh] [UpdateStateIdle] DONE
13:08:19.517     1,948s       6ms   6924    [AsyncGameResLoader Thread] RT = rxUnits Stage = lsLoad
13:08:19.523     1,955s       7ms   6924    [AsyncGameResLoader Thread] Start Load RXX 'Units.rxx'
13:08:19.529     1,960s       5ms   6924    Load Sprites started
                                      Loading campaign images.rxx for KSN
13:08:19.541     1,973s      13ms   6924    Units - 14845
13:08:19.547     1,978s       5ms  21108    Custom - 1
                                      Loading campaign images.rxx for KSO
13:08:19.638     2,070s      91ms  21108    Custom - 1
                                      Loading campaign images.rxx for KSU
13:08:19.718     2,150s      80ms  21108    Custom - 1
                                      Loading campaign images.rxx for OFL
13:08:19.768     2,199s      49ms  21108    Custom - 1
                                      Loading campaign images.rxx for OER
13:08:19.861     2,292s      93ms  21108    Custom - 1
                                      Loading campaign images.rxx for TBK
13:08:19.967     2,398s     106ms  21108    Custom - 1
                                      Loading campaign images.rxx for TPR
13:08:20.040     2,471s      72ms  21108    Custom - 1
13:08:20.085     2,516s      45ms   6924    Load Sprites Done
                                      Loading campaign images.rxx for TSK
13:08:20.098     2,529s      13ms  21108    Custom - 1
                                      Loading campaign images.rxx for TUA
13:08:20.134     2,565s      36ms  21108    Custom - 1
                                      Loading campaign images.rxx for TMR
13:08:20.284     2,716s     151ms  21108    Custom - 1
13:08:20.716     3,147s     431ms   1272    LoadGameResources ... AlphaShadows: True. Forced: False
13:08:20.723     3,155s       8ms   1272    TKMResSprites.LoadGameResources
13:08:21.189     3,620s     465ms   6924    [AsyncGameResLoader Thread] DONE Load RXX 'Units.rxa'
13:08:21.196     3,628s       8ms   1272    [AsyncGameResLoader MainTh] [LoadGameResources] GenTextures RT = rxUnits Stage = lsGenMain
13:08:21.254     3,685s      57ms   1272    [AsyncGameResLoader MainTh] [LoadGameResources] DONE
13:08:21.260     3,692s       7ms   6924    [AsyncGameResLoader Thread] RT = rxUnits Stage = lsOverload
13:08:21.266     3,697s       5ms   6924    [AsyncGameResLoader Thread] OverloadFromFolder RT = rxUnits
13:08:21.272     3,703s       6ms   6924    [AsyncGameResLoader Thread] DONE OverloadFromFolder RT = rxUnits
13:08:21.278     3,709s       6ms   1272    [AsyncGameResLoader MainTh] [LoadGameResources] GenTextures RT = rxUnits Stage = lsGenOverload
13:08:21.284     3,715s       6ms   1272    [AsyncGameResLoader Thread] Stopped
13:08:21.289     3,721s       6ms   1272    [AsyncGameResLoader MainTh] [LoadGameResources] DONE
13:08:21.295     3,727s       6ms   1272    Resource loading state - Game
13:08:21.302     3,733s       6ms   1272    Saving dev settings to file 'kmr_dev.xml'
13:08:21.332     3,763s      30ms   1272    <== Game creation is done ==>
13:08:21.339     3,771s       7ms   1272    GameStart
13:08:21.344     3,776s       5ms   1272    Loading DAT file: E:\programowanie\projekty delphi\kam_expansion\Maps\Nowa Misja 2\Nowa Misja 2.dat
13:08:21.351     3,782s       6ms   1272    Loading map file: E:\programowanie\projekty delphi\kam_expansion\Maps\Nowa Misja 2\Nowa Misja 2.map
13:08:21.358     3,789s       7ms   1272    Map file loaded
13:08:21.554     3,985s     196ms   1272    Gameplay recording initialized ... done
13:08:21.560     3,992s       7ms   1272    Game options: PT = 0; SpeedPT = 1; SpeedAfterPT = 1; Seed = 0; Difficulty = mdNone
13:08:21.566     3,997s       5ms   1272    Gameplay initialized ... done
13:08:21.571     4,002s       5ms   1272    After game start
13:08:21.577     4,009s       7ms   1272    Set game seed: 1995813982
13:08:21.583     4,014s       5ms   1272    After game start ... done
13:08:51.872    34,304s   30290ms   1272    Saving dev settings to file 'kmr_dev.xml'
13:08:52.766    35,197s     892ms   1272    Stopping game application...
13:08:52.801    35,233s      36ms   1272    Gameplay ended - grSilent /
13:08:52.809    35,240s       7ms   1272    Start saving 'Server settings' to 'C:\Users\szyby\OneDrive\Dokumenty\My Games\Knights and Merchants Remake\KaM Remake Server Settings.ini'
00c22b20 KaM_Expansion.exe KM_Settings        106 TKMSettings.SaveToDefaultFile
00c22bf3 KaM_Expansion.exe KM_Settings        113 TKMSettings.SaveToDefaultFile
00c2282c KaM_Expansion.exe KM_Settings         65 TKMSettings.Destroy
00d65952 KaM_Expansion.exe KM_ServerSettings  117 TKMServerSettings.Destroy
0068a764 KaM_Expansion.exe System              23 TObject.Free
00959814 KaM_Expansion.exe KromUtils          281 FreeThenNil
00e320c3 KaM_Expansion.exe KM_GameApp         330 TKMGameApp.Destroy
0068a764 KaM_Expansion.exe System              23 TObject.Free
00959814 KaM_Expansion.exe KromUtils          281 FreeThenNil
00e3cd59 KaM_Expansion.exe KM_Main            376 TKMMain.Stop
00e3ce38 KaM_Expansion.exe KM_Main            405 TKMMain.Stop
010a5e91 KaM_Expansion.exe KM_FormMain       2212 TFormMain.FormClose
009036a7 KaM_Expansion.exe Vcl.Forms              TCustomForm.DoClose
00909095 KaM_Expansion.exe Vcl.Forms              TCustomForm.Close
00907cd4 KaM_Expansion.exe Vcl.Forms              TCustomForm.WMClose
00852cfa KaM_Expansion.exe Vcl.Controls           TControl.WndProc
00857ec1 KaM_Expansion.exe Vcl.Controls           TWinControl.WndProc
009042e8 KaM_Expansion.exe Vcl.Forms              TCustomForm.WndProc
00904303 KaM_Expansion.exe Vcl.Forms              TCustomForm.WndProc
010a597d KaM_Expansion.exe KM_FormMain       2051 TFormMain.WndProc

13:08:52.830    35,262s      22ms   1272    'Server settings' was successfully saved to 'C:\Users\szyby\OneDrive\Dokumenty\My Games\Knights and Merchants Remake\KaM Remake Server Settings.ini'
13:08:53.050    35,482s     220ms   1272    Start saving 'GameApp settings' to 'C:\Users\szyby\OneDrive\Dokumenty\My Games\Knights and Merchants Remake\KaM Remake Settings KingDyronMod.xml'
00c22b20 KaM_Expansion.exe KM_Settings         106 TKMSettings.SaveToDefaultFile
00c22bf3 KaM_Expansion.exe KM_Settings         113 TKMSettings.SaveToDefaultFile
00c2282c KaM_Expansion.exe KM_Settings          65 TKMSettings.Destroy
00c22f86 KaM_Expansion.exe KM_SettingsXML       44 TKMSettingsXML.Destroy
00c232b2 KaM_Expansion.exe KM_GameAppSettings   57 TKMGameAppSettings.Destroy
0068a764 KaM_Expansion.exe System               23 TObject.Free
00959814 KaM_Expansion.exe KromUtils           281 FreeThenNil
00e3cd63 KaM_Expansion.exe KM_Main             378 TKMMain.Stop
00e3ce38 KaM_Expansion.exe KM_Main             405 TKMMain.Stop
010a5e91 KaM_Expansion.exe KM_FormMain        2212 TFormMain.FormClose
009036a7 KaM_Expansion.exe Vcl.Forms               TCustomForm.DoClose
00909095 KaM_Expansion.exe Vcl.Forms               TCustomForm.Close
00907cd4 KaM_Expansion.exe Vcl.Forms               TCustomForm.WMClose
00852cfa KaM_Expansion.exe Vcl.Controls            TControl.WndProc
00857ec1 KaM_Expansion.exe Vcl.Controls            TWinControl.WndProc
009042e8 KaM_Expansion.exe Vcl.Forms               TCustomForm.WndProc
00904303 KaM_Expansion.exe Vcl.Forms               TCustomForm.WndProc
010a597d KaM_Expansion.exe KM_FormMain        2051 TFormMain.WndProc
008573cc KaM_Expansion.exe Vcl.Controls            TWinControl.MainWndProc
008573e7 KaM_Expansion.exe Vcl.Controls            TWinControl.MainWndProc

13:08:53.065    35,496s      14ms   1272    'GameApp settings' was successfully saved to 'C:\Users\szyby\OneDrive\Dokumenty\My Games\Knights and Merchants Remake\KaM Remake Settings KingDyronMod.xml'
