   Timestamp    Elapsed     Delta  Thread    Description
========================
    Date: 2024.12.27
========================
14:05:57.391     0,001s       1ms  16028    Log is up and running. Game version: KaM Expansion: Co-op & World Update
14:05:57.397     0,006s       5ms  16028    Game Load started
14:05:57.404     0,014s       8ms  16028    Start loading 'GameApp settings' from 'C:\Users\szyby\OneDrive\Dokumenty\My Games\Knights and Merchants Remake\KaM Remake Settings KingDyronMod.xml'
14:05:57.410     0,019s       5ms  16028    'GameApp settings' was successfully loaded from 'C:\Users\szyby\OneDrive\Dokumenty\My Games\Knights and Merchants Remake\KaM Remake Settings KingDyronMod.xml'
14:05:57.427     0,036s       5ms  16028    Start saving 'GameApp settings' to 'C:\Users\szyby\OneDrive\Dokumenty\My Games\Knights and Merchants Remake\KaM Remake Settings KingDyronMod.xml'
01035e00 KaM_Expansion.exe KM_Settings        106 TKMSettings.SaveToDefaultFile
01035ed3 KaM_Expansion.exe KM_Settings        113 TKMSettings.SaveToDefaultFile
01035ad1 KaM_Expansion.exe KM_Settings         59 TKMSettings.Create
0103620e KaM_Expansion.exe KM_SettingsXML      38 TKMSettingsXML.Create
0103654f KaM_Expansion.exe KM_GameAppSettings  51 TKMGameAppSettings.Create
01250494 KaM_Expansion.exe KM_Main            258 TKMMain.Start
01250718 KaM_Expansion.exe KM_Main            305 TKMMain.Start
014ceb2b KaM_Expansion.exe KaM_Expansion      479 initialization
014ceb5a KaM_Expansion.exe KaM_Expansion      482 initialization
75e37ba7 KERNEL32.DLL                             BaseThreadInitThunk

14:05:57.464     0,073s      37ms  16028    'GameApp settings' was successfully saved to 'C:\Users\szyby\OneDrive\Dokumenty\My Games\Knights and Merchants Remake\KaM Remake Settings KingDyronMod.xml'
14:05:57.508     0,118s      44ms  16028    Start loading 'Server settings' from 'C:\Users\szyby\OneDrive\Dokumenty\My Games\Knights and Merchants Remake\KaM Remake Server Settings.ini'
14:05:57.515     0,125s       7ms  16028    'Server settings' was successfully loaded from 'C:\Users\szyby\OneDrive\Dokumenty\My Games\Knights and Merchants Remake\KaM Remake Server Settings.ini'
14:05:57.524     0,133s       8ms  16028    Start saving 'Server settings' to 'C:\Users\szyby\OneDrive\Dokumenty\My Games\Knights and Merchants Remake\KaM Remake Server Settings.ini'
01035e00 KaM_Expansion.exe KM_Settings       106 TKMSettings.SaveToDefaultFile
01035ed3 KaM_Expansion.exe KM_Settings       113 TKMSettings.SaveToDefaultFile
01035ad1 KaM_Expansion.exe KM_Settings        59 TKMSettings.Create
01179744 KaM_Expansion.exe KM_ServerSettings 109 TKMServerSettings.Create
01245814 KaM_Expansion.exe KM_GameApp        213 TKMGameApp.Create
01245c66 KaM_Expansion.exe KM_GameApp        295 TKMGameApp.Create
0125173e KaM_Expansion.exe KM_Main           635 TKMMain.ReinitRender
0125194a KaM_Expansion.exe KM_Main           689 TKMMain.ReinitRender
012505aa KaM_Expansion.exe KM_Main           281 TKMMain.Start
01250718 KaM_Expansion.exe KM_Main           305 TKMMain.Start
014ceb2b KaM_Expansion.exe KaM_Expansion     479 initialization
014ceb5a KaM_Expansion.exe KaM_Expansion     482 initialization
75e37ba7 KERNEL32.DLL                            BaseThreadInitThunk

14:05:57.537     0,147s      14ms  16028    'Server settings' was successfully saved to 'C:\Users\szyby\OneDrive\Dokumenty\My Games\Knights and Merchants Remake\KaM Remake Server Settings.ini'
14:05:57.544     0,153s       6ms  16028    Init Render started
14:05:57.675     0,285s     132ms  16028    GL_MAX_TEXTURE_SIZE = 32768
14:05:57.682     0,291s       6ms  16028    GL_MAX_VIEWPORT_DIM = 32768
                                      OpenGL Vendor: NVIDIA Corporation
                                      OpenGL Renderer: NVIDIA GeForce RTX 3060 Ti/PCIe/SSE2
                                      OpenGL Version: 4.6.0 NVIDIA 560.81
14:05:57.710     0,319s      28ms  16028    Init Render Done
14:05:57.716     0,325s       6ms  16028    Resource loading state - None
14:05:57.723     0,333s       8ms  16028    Reading palettes ... done
14:05:57.732     0,341s       8ms  16028    Reading GUI.rx
14:05:57.739     0,348s       7ms  16028    Load Sprites started
14:05:57.745     0,354s       6ms  16028    GUI - 966
14:05:57.765     0,374s      20ms  16028    Load Sprites Done
14:05:57.802     0,411s      37ms  16028    Reading GUIMain.rx
14:05:57.809     0,418s       7ms  16028    Load Sprites started
14:05:57.815     0,424s       6ms  16028    GUIMain - 105
14:05:57.871     0,480s      56ms  16028    Load Sprites Done
14:05:57.926     0,535s      55ms  16028    Reading Tileset.rx
14:05:57.934     0,543s       8ms  16028    Load Sprites started
14:05:57.941     0,551s       8ms  16028    Tileset - 5449
14:05:57.957     0,567s      16ms  16028    Load Sprites Done
14:05:57.965     0,574s       7ms  16028    GenerateTerrainTransitions started. Legacy = False
14:05:57.972     0,581s       7ms  16028    TexId = 5451 GenTilesCnt = 2100
14:05:57.979     0,588s       7ms  16028    TexId = 6051; TexId - fGenTexIdStartI = 600; uniqueTex = 600; totalTex = 1350
14:05:57.985     0,594s       6ms  16028    GeneratedMasks cnt = 20
14:05:57.991     0,601s       7ms  16028    GenerateTerrainTransitions Done
14:05:57.998     0,608s       7ms  16028    GenerateTerrainTransitions started. Legacy = True
14:05:58.006     0,615s       7ms  16028    Legacy: TexId = 4999 GenTilesCntTemp = 2030
14:05:58.012     0,621s       6ms  16028    TexId = 5463; TexId - fGenTexIdStartILegacy = 464; uniqueTex = 464; totalTex = 1044
14:05:58.018     0,628s       7ms  16028    GeneratedMasks cnt = 16
14:05:58.024     0,634s       6ms  16028    GenerateTerrainTransitions Done
14:05:58.135     0,744s     110ms  16028    Load font started
14:05:58.172     0,781s      37ms  16028    Font load took 37ms
14:05:58.180     0,789s       8ms  16028    Read fonts is done
14:05:58.196     0,805s      16ms  16028    ReadGFX is done
14:05:58.203     0,812s       7ms  16028    Resource loading state - Menu
14:05:58.212     0,821s       9ms  19816    OpenAL init started
14:05:58.232     0,841s      20ms  16028    Music init done, 24 tracks found
                                      Loading campaign images.rxx for HKS
14:05:58.268     0,877s      36ms  15788    Custom - 1
14:05:58.275     0,884s       7ms  19816    Pre-LoadSFX init ... done
14:05:58.282     0,891s       7ms  19816    ALC_MONO_SOURCES 255
14:05:58.289     0,898s       7ms  19816    ALC_STEREO_SOURCES 1
14:05:58.296     0,905s       7ms  16028    Main menu init done
14:05:58.304     0,913s       8ms  19816    OpenAL init done
14:05:58.325     0,934s      21ms  16028    Check game folder 'E:\programowanie\projekty delphi\kam_expansion\' generic permissions: READ: granted; WRITE: granted; EXECUTE: granted; folder is writable: 
14:05:58.332     0,941s       7ms  16028    LoadGameResources ... AlphaShadows: True. Forced: True
14:05:58.339     0,948s       7ms  16028    TKMResSprites.LoadGameResources
14:05:58.346     0,955s       7ms  16028    [AsyncGameResLoader Thread] Started
14:05:58.352     0,961s       6ms  16028    Resource loading state - Game
14:05:58.358     0,968s       7ms  16028    ToggleFullscreen
14:05:58.365     0,975s       7ms  16028    Form Width/Height: 1040:830
14:05:58.372     0,981s       6ms  16028    Panel Width/Height: 1024:791
14:05:58.378     0,987s       6ms  13388    [AsyncGameResLoader Thread] RT = rxTrees Stage = lsLoad
14:05:58.386     0,995s       8ms  13388    [AsyncGameResLoader Thread] Start Load RXX 'Trees.rxx'
14:05:58.394     1,003s       8ms  13388    Load Sprites started
14:05:58.405     1,015s      12ms  13388    Trees - 1216
14:05:58.414     1,024s       9ms  16028    Saving dev settings to file 'kmr_dev.xml'
                                      Loading campaign images.rxx for KSN
14:05:58.433     1,043s      19ms  15788    Custom - 1
14:05:58.442     1,051s       8ms  16028    Saving dev settings to file 'kmr_dev.xml'
14:05:58.465     1,074s      23ms  16028    Game Load Done in 1103
                                      Loading campaign images.rxx for KSO
14:05:58.519     1,128s      54ms  15788    Custom - 1
                                      Loading campaign images.rxx for KSU
14:05:58.576     1,186s      58ms  15788    Custom - 1
14:05:58.582     1,192s       6ms  13388    Load Sprites Done
                                      Loading campaign images.rxx for OFL
14:05:58.632     1,241s      49ms  15788    Custom - 1
                                      Loading campaign images.rxx for OER
14:05:58.675     1,284s      43ms  15788    Custom - 1
14:05:58.683     1,292s       8ms  13388    [AsyncGameResLoader Thread] DONE Load RXX 'Trees.rxa'
14:05:58.690     1,299s       7ms  16028    [AsyncGameResLoader MainTh] [UpdateStateIdle] GenTextures RT = rxTrees Stage = lsGenMain
14:05:58.701     1,310s      11ms  16028    [AsyncGameResLoader MainTh] [UpdateStateIdle] DONE
14:05:58.708     1,317s       7ms  13388    [AsyncGameResLoader Thread] RT = rxTrees Stage = lsOverload
14:05:58.715     1,324s       7ms  13388    [AsyncGameResLoader Thread] OverloadFromFolder RT = rxTrees
                                      Loading campaign images.rxx for TBK
14:05:58.728     1,337s      13ms  15788    Custom - 1
14:05:58.771     1,380s      43ms  13388    [AsyncGameResLoader Thread] DONE OverloadFromFolder RT = rxTrees
14:05:58.781     1,390s      10ms  16028    [AsyncGameResLoader MainTh] [UpdateStateIdle] GenTextures RT = rxTrees Stage = lsGenOverload
14:05:58.787     1,396s       6ms  16028    [AsyncGameResLoader MainTh] [UpdateStateIdle] DONE
14:05:58.794     1,403s       7ms  13388    [AsyncGameResLoader Thread] RT = rxHouses Stage = lsLoad
                                      Loading campaign images.rxx for TPR
14:05:58.808     1,417s      14ms  13388    [AsyncGameResLoader Thread] Start Load RXX 'Houses.rxx'
14:05:58.816     1,425s       8ms  13388    Load Sprites started
14:05:58.823     1,432s       7ms  15788    Custom - 1
14:05:58.829     1,438s       6ms  13388    Houses - 2709
                                      Loading campaign images.rxx for TSK
14:05:58.868     1,478s      40ms  15788    Custom - 1
                                      Loading campaign images.rxx for TUA
14:05:58.929     1,538s      59ms  15788    Custom - 1
14:05:59.057     1,666s     128ms  13388    Load Sprites Done
                                      Loading campaign images.rxx for TMR
14:05:59.081     1,691s      25ms  15788    Custom - 1
14:05:59.192     1,801s     110ms  13388    [AsyncGameResLoader Thread] DONE Load RXX 'Houses.rxa'
14:05:59.211     1,820s      19ms  16028    [AsyncGameResLoader MainTh] [UpdateStateIdle] GenTextures RT = rxHouses Stage = lsGenMain
14:05:59.227     1,836s      15ms  16028    [AsyncGameResLoader MainTh] [UpdateStateIdle] DONE
14:05:59.234     1,843s       7ms  13388    [AsyncGameResLoader Thread] RT = rxHouses Stage = lsOverload
14:05:59.242     1,851s       8ms  13388    [AsyncGameResLoader Thread] OverloadFromFolder RT = rxHouses
                                      Loading campaign images.rxx for HKS
14:05:59.257     1,866s      15ms  16996    Custom - 1
                                      Loading campaign images.rxx for KSN
14:05:59.336     1,945s      79ms  16996    Custom - 1
                                      Loading campaign images.rxx for KSO
14:05:59.395     2,004s      59ms  16996    Custom - 1
14:05:59.421     2,030s      25ms  13388    [AsyncGameResLoader Thread] DONE OverloadFromFolder RT = rxHouses
14:05:59.432     2,041s      11ms  16028    [AsyncGameResLoader MainTh] [UpdateStateIdle] GenTextures RT = rxHouses Stage = lsGenOverload
14:05:59.440     2,049s       8ms  16028    [AsyncGameResLoader MainTh] [UpdateStateIdle] DONE
14:05:59.447     2,056s       7ms  13388    [AsyncGameResLoader Thread] RT = rxUnits Stage = lsLoad
                                      Loading campaign images.rxx for KSU
14:05:59.461     2,070s      14ms  13388    [AsyncGameResLoader Thread] Start Load RXX 'Units.rxx'
14:05:59.467     2,076s       6ms  13388    Load Sprites started
14:05:59.474     2,084s       8ms  16996    Custom - 1
14:05:59.482     2,091s       7ms  13388    Units - 14845
                                      Loading campaign images.rxx for OFL
14:05:59.535     2,144s      53ms  16996    Custom - 1
                                      Loading campaign images.rxx for OER
14:05:59.575     2,184s      40ms  16996    Custom - 1
                                      Loading campaign images.rxx for TBK
14:05:59.638     2,248s      64ms  16996    Custom - 1
                                      Loading campaign images.rxx for TPR
14:05:59.705     2,314s      66ms  16996    Custom - 1
14:05:59.735     2,345s      31ms  16028    LoadGameResources ... AlphaShadows: True. Forced: False
14:05:59.743     2,352s       7ms  16028    TKMResSprites.LoadGameResources
14:06:00.924     3,534s    1182ms  13388    Load Sprites Done
14:06:01.979     4,588s    1054ms  13388    [AsyncGameResLoader Thread] DONE Load RXX 'Units.rxa'
14:06:01.986     4,595s       7ms  16028    [AsyncGameResLoader MainTh] [LoadGameResources] GenTextures RT = rxUnits Stage = lsGenMain
14:06:02.043     4,653s      58ms  16028    [AsyncGameResLoader MainTh] [LoadGameResources] DONE
14:06:02.051     4,660s       6ms  13388    [AsyncGameResLoader Thread] RT = rxUnits Stage = lsOverload
14:06:02.057     4,666s       6ms  13388    [AsyncGameResLoader Thread] OverloadFromFolder RT = rxUnits
14:06:03.059     5,668s    1002ms  13388    [AsyncGameResLoader Thread] DONE OverloadFromFolder RT = rxUnits
14:06:03.067     5,676s       8ms  16028    [AsyncGameResLoader MainTh] [LoadGameResources] GenTextures RT = rxUnits Stage = lsGenOverload
14:06:03.074     5,683s       7ms  16028    [AsyncGameResLoader Thread] Stopped
14:06:03.081     5,690s       7ms  16028    [AsyncGameResLoader MainTh] [LoadGameResources] DONE
14:06:03.088     5,697s       7ms  16028    Resource loading state - Game
14:06:03.095     5,704s       7ms  16028    Saving dev settings to file 'kmr_dev.xml'
                                      Loading campaign images.rxx for TSK
14:06:03.108     5,718s      14ms  16996    Custom - 1
14:06:03.128     5,738s      20ms  16028    <== Game creation is done ==>
14:06:03.135     5,744s       6ms  16028    GameStart
14:06:03.141     5,751s       7ms  16028    Loading DAT file: E:\programowanie\projekty delphi\kam_expansion\Maps\Nowa Misja\Nowa Misja.dat
14:06:03.148     5,758s       7ms  16028    Loading map file: E:\programowanie\projekty delphi\kam_expansion\Maps\Nowa Misja\Nowa Misja.map
14:06:03.161     5,770s      12ms  16028    Map file loaded
14:06:03.319     5,929s     159ms  16028    Gameplay recording initialized ... done
14:06:03.326     5,936s       7ms  16028    Game options: PT = 0; SpeedPT = 1; SpeedAfterPT = 1; Seed = 0; Difficulty = mdNone
14:06:03.333     5,942s       6ms  16028    Gameplay initialized ... done
14:06:03.339     5,949s       7ms  16028    After game start
14:06:03.353     5,962s      13ms  16028    Set game seed: 953427541
14:06:03.359     5,968s       6ms  16028    After game start ... done
                                      Loading campaign images.rxx for TUA
14:06:03.384     5,993s      25ms  16996    Custom - 1
                                      Loading campaign images.rxx for TMR
14:06:03.527     6,137s     144ms  16996    Custom - 1
14:07:54.690   117,299s  111162ms  16028    Saving dev settings to file 'kmr_dev.xml'
14:07:55.401   118,010s     711ms  16028    Stopping game application...
14:07:55.428   118,037s      27ms  16028    Gameplay ended - grSilent /
14:07:55.435   118,045s       8ms  16028    Start saving 'Server settings' to 'C:\Users\szyby\OneDrive\Dokumenty\My Games\Knights and Merchants Remake\KaM Remake Server Settings.ini'
01035e00 KaM_Expansion.exe KM_Settings        106 TKMSettings.SaveToDefaultFile
01035ed3 KaM_Expansion.exe KM_Settings        113 TKMSettings.SaveToDefaultFile
01035b0c KaM_Expansion.exe KM_Settings         65 TKMSettings.Destroy
0117978a KaM_Expansion.exe KM_ServerSettings  117 TKMServerSettings.Destroy
00aaa764 KaM_Expansion.exe System              20 TObject.Free
00d797fc KaM_Expansion.exe KromUtils          281 FreeThenNil
01245ec3 KaM_Expansion.exe KM_GameApp         330 TKMGameApp.Destroy
00aaa764 KaM_Expansion.exe System              20 TObject.Free
00d797fc KaM_Expansion.exe KromUtils          281 FreeThenNil
01250b59 KaM_Expansion.exe KM_Main            376 TKMMain.Stop
01250c38 KaM_Expansion.exe KM_Main            405 TKMMain.Stop
014b8fdd KaM_Expansion.exe KM_FormMain       2212 TFormMain.FormClose
00d236a7 KaM_Expansion.exe Vcl.Forms              TCustomForm.DoClose
00d29095 KaM_Expansion.exe Vcl.Forms              TCustomForm.Close
00d27cd4 KaM_Expansion.exe Vcl.Forms              TCustomForm.WMClose
00c72cfa KaM_Expansion.exe Vcl.Controls           TControl.WndProc
00c77ec1 KaM_Expansion.exe Vcl.Controls           TWinControl.WndProc
00d242e8 KaM_Expansion.exe Vcl.Forms              TCustomForm.WndProc
00d24303 KaM_Expansion.exe Vcl.Forms              TCustomForm.WndProc
014b8ac9 KaM_Expansion.exe KM_FormMain       2051 TFormMain.WndProc

14:07:55.457   118,067s      22ms  16028    'Server settings' was successfully saved to 'C:\Users\szyby\OneDrive\Dokumenty\My Games\Knights and Merchants Remake\KaM Remake Server Settings.ini'
14:07:55.675   118,284s     217ms  16028    Start saving 'GameApp settings' to 'C:\Users\szyby\OneDrive\Dokumenty\My Games\Knights and Merchants Remake\KaM Remake Settings KingDyronMod.xml'
01035e00 KaM_Expansion.exe KM_Settings         106 TKMSettings.SaveToDefaultFile
01035ed3 KaM_Expansion.exe KM_Settings         113 TKMSettings.SaveToDefaultFile
01035b0c KaM_Expansion.exe KM_Settings          65 TKMSettings.Destroy
01036266 KaM_Expansion.exe KM_SettingsXML       44 TKMSettingsXML.Destroy
01036592 KaM_Expansion.exe KM_GameAppSettings   57 TKMGameAppSettings.Destroy
00aaa764 KaM_Expansion.exe System               20 TObject.Free
00d797fc KaM_Expansion.exe KromUtils           281 FreeThenNil
01250b63 KaM_Expansion.exe KM_Main             378 TKMMain.Stop
01250c38 KaM_Expansion.exe KM_Main             405 TKMMain.Stop
014b8fdd KaM_Expansion.exe KM_FormMain        2212 TFormMain.FormClose
00d236a7 KaM_Expansion.exe Vcl.Forms               TCustomForm.DoClose
00d29095 KaM_Expansion.exe Vcl.Forms               TCustomForm.Close
00d27cd4 KaM_Expansion.exe Vcl.Forms               TCustomForm.WMClose
00c72cfa KaM_Expansion.exe Vcl.Controls            TControl.WndProc
00c77ec1 KaM_Expansion.exe Vcl.Controls            TWinControl.WndProc
00d242e8 KaM_Expansion.exe Vcl.Forms               TCustomForm.WndProc
00d24303 KaM_Expansion.exe Vcl.Forms               TCustomForm.WndProc
014b8ac9 KaM_Expansion.exe KM_FormMain        2051 TFormMain.WndProc
00c773cc KaM_Expansion.exe Vcl.Controls            TWinControl.MainWndProc
00c773e7 KaM_Expansion.exe Vcl.Controls            TWinControl.MainWndProc

14:07:55.690   118,299s      15ms  16028    'GameApp settings' was successfully saved to 'C:\Users\szyby\OneDrive\Dokumenty\My Games\Knights and Merchants Remake\KaM Remake Settings KingDyronMod.xml'
