   Timestamp    Elapsed     Delta  Thread    Description
========================
    Date: 2025.01.02
========================
19:10:50.476     0,001s       1ms   7032    Log is up and running. Game version: KaM Expansion: Co-op & World Update
19:10:50.483     0,008s       7ms   7032    Game Load started
19:10:50.503     0,028s      20ms   7032    Start loading 'GameApp settings' from 'C:\Users\szyby\OneDrive\Dokumenty\My Games\Knights and Merchants Remake\KaM Remake Settings KingDyronMod.xml'
19:10:50.509     0,034s       6ms   7032    'GameApp settings' was successfully loaded from 'C:\Users\szyby\OneDrive\Dokumenty\My Games\Knights and Merchants Remake\KaM Remake Settings KingDyronMod.xml'
19:10:50.525     0,050s       5ms   7032    Start saving 'GameApp settings' to 'C:\Users\szyby\OneDrive\Dokumenty\My Games\Knights and Merchants Remake\KaM Remake Settings KingDyronMod.xml'
005b85ec KaM_Expansion.exe KM_Settings        106 TKMSettings.SaveToDefaultFile
005b86bf KaM_Expansion.exe KM_Settings        113 TKMSettings.SaveToDefaultFile
005b82bd KaM_Expansion.exe KM_Settings         59 TKMSettings.Create
005b89fa KaM_Expansion.exe KM_SettingsXML      38 TKMSettingsXML.Create
005b8d3b KaM_Expansion.exe KM_GameAppSettings  51 TKMGameAppSettings.Create
007ccb68 KaM_Expansion.exe KM_Main            258 TKMMain.Start
007ccdec KaM_Expansion.exe KM_Main            305 TKMMain.Start
00a4bb2b KaM_Expansion.exe KaM_Expansion      480 initialization
00a4bb5a KaM_Expansion.exe KaM_Expansion      483 initialization
75c17ba7 KERNEL32.DLL                             BaseThreadInitThunk

19:10:50.564     0,089s      39ms   7032    'GameApp settings' was successfully saved to 'C:\Users\szyby\OneDrive\Dokumenty\My Games\Knights and Merchants Remake\KaM Remake Settings KingDyronMod.xml'
19:10:50.607     0,132s      43ms   7032    Start loading 'Server settings' from 'C:\Users\szyby\OneDrive\Dokumenty\My Games\Knights and Merchants Remake\KaM Remake Server Settings.ini'
19:10:50.614     0,139s       7ms   7032    'Server settings' was successfully loaded from 'C:\Users\szyby\OneDrive\Dokumenty\My Games\Knights and Merchants Remake\KaM Remake Server Settings.ini'
19:10:50.621     0,145s       6ms   7032    Start saving 'Server settings' to 'C:\Users\szyby\OneDrive\Dokumenty\My Games\Knights and Merchants Remake\KaM Remake Server Settings.ini'
005b85ec KaM_Expansion.exe KM_Settings       106 TKMSettings.SaveToDefaultFile
005b86bf KaM_Expansion.exe KM_Settings       113 TKMSettings.SaveToDefaultFile
005b82bd KaM_Expansion.exe KM_Settings        59 TKMSettings.Create
006f5de0 KaM_Expansion.exe KM_ServerSettings 109 TKMServerSettings.Create
007c1ee8 KaM_Expansion.exe KM_GameApp        213 TKMGameApp.Create
007c233a KaM_Expansion.exe KM_GameApp        295 TKMGameApp.Create
007cde12 KaM_Expansion.exe KM_Main           635 TKMMain.ReinitRender
007ce01e KaM_Expansion.exe KM_Main           689 TKMMain.ReinitRender
007ccc7e KaM_Expansion.exe KM_Main           281 TKMMain.Start
007ccdec KaM_Expansion.exe KM_Main           305 TKMMain.Start
00a4bb2b KaM_Expansion.exe KaM_Expansion     480 initialization
00a4bb5a KaM_Expansion.exe KaM_Expansion     483 initialization
75c17ba7 KERNEL32.DLL                            BaseThreadInitThunk

19:10:50.633     0,157s      12ms   7032    'Server settings' was successfully saved to 'C:\Users\szyby\OneDrive\Dokumenty\My Games\Knights and Merchants Remake\KaM Remake Server Settings.ini'
19:10:50.639     0,163s       6ms   7032    Init Render started
19:10:51.018     0,542s     379ms   7032    GL_MAX_TEXTURE_SIZE = 32768
19:10:51.025     0,549s       6ms   7032    GL_MAX_VIEWPORT_DIM = 32768
                                      OpenGL Vendor: NVIDIA Corporation
                                      OpenGL Renderer: NVIDIA GeForce RTX 3060 Ti/PCIe/SSE2
                                      OpenGL Version: 4.6.0 NVIDIA 560.94
19:10:51.050     0,574s      25ms   7032    Init Render Done
19:10:51.055     0,579s       5ms   7032    Resource loading state - None
19:10:51.061     0,585s       6ms   7032    Reading palettes ... done
19:10:51.070     0,594s       8ms   7032    Reading GUI.rx
19:10:51.076     0,600s       6ms   7032    Load Sprites started
19:10:51.083     0,607s       7ms   7032    GUI - 966
19:10:51.101     0,625s      18ms   7032    Load Sprites Done
19:10:51.136     0,660s      35ms   7032    Reading GUIMain.rx
19:10:51.143     0,667s       7ms   7032    Load Sprites started
19:10:51.149     0,673s       6ms   7032    GUIMain - 105
19:10:51.199     0,723s      50ms   7032    Load Sprites Done
19:10:51.252     0,777s      54ms   7032    Reading Tileset.rx
19:10:51.258     0,783s       6ms   7032    Load Sprites started
19:10:51.265     0,790s       7ms   7032    Tileset - 5449
19:10:51.301     0,826s      36ms   7032    Load Sprites Done
19:10:51.308     0,833s       7ms   7032    GenerateTerrainTransitions started. Legacy = False
19:10:51.314     0,838s       5ms   7032    TexId = 5451 GenTilesCnt = 2100
19:10:51.320     0,844s       6ms   7032    TexId = 6051; TexId - fGenTexIdStartI = 600; uniqueTex = 600; totalTex = 1350
19:10:51.326     0,850s       6ms   7032    GeneratedMasks cnt = 20
19:10:51.333     0,857s       7ms   7032    GenerateTerrainTransitions Done
19:10:51.342     0,866s       9ms   7032    GenerateTerrainTransitions started. Legacy = True
19:10:51.348     0,872s       6ms   7032    Legacy: TexId = 4999 GenTilesCntTemp = 2030
19:10:51.354     0,878s       6ms   7032    TexId = 5463; TexId - fGenTexIdStartILegacy = 464; uniqueTex = 464; totalTex = 1044
19:10:51.360     0,884s       6ms   7032    GeneratedMasks cnt = 16
19:10:51.366     0,890s       6ms   7032    GenerateTerrainTransitions Done
19:10:51.471     0,996s     106ms   7032    Load font started
19:10:51.509     1,033s      37ms   7032    Font load took 37ms
19:10:51.516     1,040s       7ms   7032    Read fonts is done
19:10:51.534     1,058s      18ms   7032    ReadGFX is done
19:10:51.540     1,064s       6ms   7032    Resource loading state - Menu
19:10:51.554     1,078s      14ms  13664    OpenAL init started
19:10:51.713     1,237s     159ms   7032    Music init done, 24 tracks found
                                      Loading campaign images.rxx for HKS
19:10:51.839     1,364s     127ms   3844    Custom - 1
19:10:51.845     1,370s       6ms   7032    Main menu init done
19:10:51.877     1,402s      31ms  13664    Pre-LoadSFX init ... done
19:10:51.884     1,409s       7ms  13664    ALC_MONO_SOURCES 255
19:10:51.891     1,415s       6ms  13664    ALC_STEREO_SOURCES 1
19:10:51.897     1,421s       6ms  13664    OpenAL init done
19:10:51.911     1,436s      15ms   7032    Check game folder 'E:\programowanie\projekty delphi\kam_expansion\' generic permissions: READ: granted; WRITE: granted; EXECUTE: granted; folder is writable: 
19:10:51.918     1,443s       7ms   7032    LoadGameResources ... AlphaShadows: True. Forced: True
19:10:51.925     1,449s       6ms   7032    TKMResSprites.LoadGameResources
19:10:51.931     1,456s       7ms   7032    [AsyncGameResLoader Thread] Started
19:10:51.944     1,469s      13ms   7032    Resource loading state - Game
19:10:51.951     1,476s       7ms   2268    [AsyncGameResLoader Thread] RT = rxTrees Stage = lsLoad
19:10:51.957     1,481s       5ms   7032    ToggleFullscreen
19:10:51.964     1,488s       7ms   7032    Form Width/Height: 1040:853
19:10:51.969     1,493s       5ms   7032    Panel Width/Height: 764:771
19:10:51.976     1,501s       8ms   2268    [AsyncGameResLoader Thread] Start Load RXX 'Trees.rxx'
19:10:51.982     1,507s       6ms   2268    Load Sprites started
19:10:51.990     1,515s       8ms   2268    Trees - 1216
19:10:52.117     1,642s     127ms   2268    Load Sprites Done
19:10:52.216     1,741s      99ms   2268    [AsyncGameResLoader Thread] DONE Load RXX 'Trees.rxa'
                                      Loading campaign images.rxx for KSN
19:10:52.233     1,757s      16ms   3844    Custom - 1
19:10:52.277     1,802s      45ms   7032    Saving dev settings to file 'kmr_dev.xml'
                                      Loading campaign images.rxx for KSO
19:10:52.367     1,892s      90ms   3844    Custom - 1
19:10:52.406     1,930s      38ms   7032    Saving dev settings to file 'kmr_dev.xml'
19:10:52.412     1,937s       7ms   7032    Game Load Done in 1979
19:10:52.420     1,945s       8ms   7032    [AsyncGameResLoader MainTh] [UpdateStateIdle] GenTextures RT = rxTrees Stage = lsGenMain
                                      Loading campaign images.rxx for KSU
19:10:52.437     1,961s      16ms   3844    Custom - 1
19:10:52.442     1,967s       6ms   7032    [AsyncGameResLoader MainTh] [UpdateStateIdle] DONE
19:10:52.448     1,973s       6ms   2268    [AsyncGameResLoader Thread] RT = rxTrees Stage = lsOverload
19:10:52.455     1,979s       6ms   2268    [AsyncGameResLoader Thread] OverloadFromFolder RT = rxTrees
19:10:52.466     1,991s      12ms   2268    [AsyncGameResLoader Thread] DONE OverloadFromFolder RT = rxTrees
19:10:52.480     2,005s      14ms   7032    [AsyncGameResLoader MainTh] [UpdateStateIdle] GenTextures RT = rxTrees Stage = lsGenOverload
19:10:52.487     2,012s       7ms   7032    [AsyncGameResLoader MainTh] [UpdateStateIdle] DONE
19:10:52.494     2,018s       6ms   2268    [AsyncGameResLoader Thread] RT = rxHouses Stage = lsLoad
19:10:52.499     2,023s       5ms   2268    [AsyncGameResLoader Thread] Start Load RXX 'Houses.rxx'
19:10:52.505     2,030s       7ms   2268    Load Sprites started
                                      Loading campaign images.rxx for OFL
19:10:52.517     2,042s      12ms   2268    Houses - 2709
19:10:52.524     2,048s       5ms   3844    Custom - 1
                                      Loading campaign images.rxx for OER
19:10:52.567     2,092s      44ms   3844    Custom - 1
                                      Loading campaign images.rxx for TBK
19:10:52.603     2,127s      35ms   3844    Custom - 1
                                      Loading campaign images.rxx for TPR
19:10:52.659     2,183s      56ms   3844    Custom - 1
                                      Loading campaign images.rxx for TSK
19:10:52.709     2,234s      51ms   3844    Custom - 1
19:10:52.721     2,246s      12ms   2268    Load Sprites Done
                                      Loading campaign images.rxx for TUA
19:10:52.745     2,270s      24ms   3844    Custom - 1
19:10:52.857     2,382s     112ms   2268    [AsyncGameResLoader Thread] DONE Load RXX 'Houses.rxa'
19:10:52.884     2,408s      25ms   7032    [AsyncGameResLoader MainTh] [UpdateStateIdle] GenTextures RT = rxHouses Stage = lsGenMain
                                      Loading campaign images.rxx for TMR
19:10:52.901     2,425s      17ms   3844    Custom - 1
19:10:52.908     2,432s       7ms   7032    [AsyncGameResLoader MainTh] [UpdateStateIdle] DONE
19:10:52.914     2,439s       7ms   2268    [AsyncGameResLoader Thread] RT = rxHouses Stage = lsOverload
19:10:52.921     2,445s       6ms   2268    [AsyncGameResLoader Thread] OverloadFromFolder RT = rxHouses
19:10:53.035     2,560s     115ms   2268    [AsyncGameResLoader Thread] DONE OverloadFromFolder RT = rxHouses
19:10:53.051     2,576s      16ms   7032    [AsyncGameResLoader MainTh] [UpdateStateIdle] GenTextures RT = rxHouses Stage = lsGenOverload
19:10:53.058     2,583s       7ms   7032    [AsyncGameResLoader MainTh] [UpdateStateIdle] DONE
19:10:53.064     2,589s       6ms   2268    [AsyncGameResLoader Thread] RT = rxUnits Stage = lsLoad
19:10:53.070     2,595s       6ms   2268    [AsyncGameResLoader Thread] Start Load RXX 'Units.rxx'
19:10:53.076     2,601s       6ms   2268    Load Sprites started
19:10:53.083     2,607s       6ms   2268    Units - 14845
19:10:53.542     3,067s     460ms   2268    Load Sprites Done
19:10:54.606     4,131s    1064ms   2268    [AsyncGameResLoader Thread] DONE Load RXX 'Units.rxa'
19:10:54.614     4,138s       7ms   7032    [AsyncGameResLoader MainTh] [UpdateStateIdle] GenTextures RT = rxUnits Stage = lsGenMain
19:10:54.687     4,212s      74ms   7032    [AsyncGameResLoader MainTh] [UpdateStateIdle] DONE
19:10:54.694     4,218s       6ms   2268    [AsyncGameResLoader Thread] RT = rxUnits Stage = lsOverload
19:10:54.700     4,225s       6ms   2268    [AsyncGameResLoader Thread] OverloadFromFolder RT = rxUnits
19:10:54.706     4,231s       6ms   2268    [AsyncGameResLoader Thread] DONE OverloadFromFolder RT = rxUnits
19:10:54.714     4,238s       7ms   7032    [AsyncGameResLoader MainTh] [UpdateStateIdle] GenTextures RT = rxUnits Stage = lsGenOverload
19:10:54.730     4,254s      16ms   7032    [AsyncGameResLoader Thread] Stopped
19:10:54.736     4,261s       7ms   7032    [AsyncGameResLoader MainTh] [UpdateStateIdle] DONE
19:10:56.245     5,770s    1509ms   7032    LoadGameResources ... AlphaShadows: True. Forced: False
19:10:56.252     5,777s       7ms   7032    Resource loading state - Game
19:10:56.279     5,803s      26ms   7032    Saving dev settings to file 'kmr_dev.xml'
19:10:56.335     5,860s      57ms   7032    <== Game creation is done ==>
19:10:56.342     5,866s       6ms   7032    GameStart
19:10:56.347     5,871s       5ms   7032    Loading DAT file: E:\programowanie\projekty delphi\kam_expansion\Tutorials\8.Alternatives\8.Alternatives.dat
19:10:56.352     5,877s       6ms   7032    Loading map file: E:\programowanie\projekty delphi\kam_expansion\Tutorials\8.Alternatives\8.Alternatives.map
19:10:56.358     5,883s       6ms   7032    Map file loaded
19:10:56.372     5,897s      14ms   7032    Gameplay recording initialized ... done
19:10:56.378     5,902s       5ms   7032    Game options: PT = 0; SpeedPT = 1; SpeedAfterPT = 1; Seed = 0; Difficulty = mdNone
19:10:56.384     5,909s       7ms   7032    Gameplay initialized ... done
19:10:56.389     5,914s       5ms   7032    After game start
19:10:56.395     5,919s       5ms   7032    Set game seed: 1041622603
19:10:56.412     5,936s      17ms   7032    Saving game at tick 0 to 'E:\programowanie\projekty delphi\kam_expansion\Saves\basesave\basesave.bas'
19:10:56.421     5,945s       9ms   7032    After game start ... done
19:10:56.593     6,118s     173ms   7032    Saving dev settings to file 'kmr_dev.xml'
19:10:58.956     8,480s    2362ms   7032    Saving dev settings to file 'kmr_dev.xml'
19:10:59.596     9,121s     640ms   7032    Issue gicGameAutoSave command at tick 600
19:10:59.612     9,137s      16ms   7032    Saving game at tick 600 to 'E:\programowanie\projekty delphi\kam_expansion\Saves\autosave\autosave.sav'
19:10:59.746     9,270s     133ms   7032    Issue gicGameAutoSave command at tick 1200
19:10:59.752     9,277s       7ms   7032    Saving game at tick 1200 to 'E:\programowanie\projekty delphi\kam_expansion\Saves\autosave\autosave.sav'
19:10:59.901     9,425s     148ms   7032    Issue gicGameAutoSave command at tick 1800
19:10:59.907     9,431s       6ms   7032    Saving game at tick 1800 to 'E:\programowanie\projekty delphi\kam_expansion\Saves\autosave\autosave.sav'
19:11:00.044     9,569s     138ms   7032    Issue gicGameAutoSave command at tick 2400
19:11:00.051     9,576s       6ms   7032    Saving game at tick 2400 to 'E:\programowanie\projekty delphi\kam_expansion\Saves\autosave\autosave.sav'
19:11:00.199     9,724s     147ms   7032    Exception on tick 2922: TKMTerrain.UpdatePassability (KM_Terrain.pas, line 6136)
00819cfc KaM_Expansion.exe KM_Terrain    6138 TKMTerrain.UpdatePassability
00834d69 KaM_Expansion.exe KM_Terrain    9079 TKMTerrain.UpdateState
009bc088 KaM_Expansion.exe KM_Game       3214 TKMGame.PlayGameTick
009bc6c6 KaM_Expansion.exe KM_Game       3366 TKMGame.PlayNextTick
009bb6f9 KaM_Expansion.exe KM_Game       3001 DoUpdateGame
009bb7fe KaM_Expansion.exe KM_Game       3025 TKMGame.UpdateGame
007c63a0 KaM_Expansion.exe KM_GameApp    1578 TKMGameApp.DoGameTick
007cd8f1 KaM_Expansion.exe KM_Main        552 TKMMain.DoIdle
0029f6b5 KaM_Expansion.exe Vcl.Forms          TApplication.Idle
0029e737 KaM_Expansion.exe Vcl.Forms          TApplication.HandleMessage
0029ea69 KaM_Expansion.exe Vcl.Forms          TApplication.Run
00a4bb3b KaM_Expansion.exe KaM_Expansion  481 initialization
00a4bb5a KaM_Expansion.exe KaM_Expansion  483 initialization
75c17ba7 KERNEL32.DLL                         BaseThreadInitThunk
19:11:00.287     9,812s      88ms   7032    Exception occurred [EAssertionFailed]: TKMTerrain.UpdatePassability (KM_Terrain.pas, line 6136).
                                      ================================================================================
                                                                      START BUG REPORT                                
                                      ================================================================================
                                      date/time          : 2025-01-02, 19:11:00, 217ms
computer name      : LAPTOP-5CTTUAIM
user name          : szyby
registered owner   : szybyc@wp.pl / HP Inc.
operating system   : Windows 11 x64 build 22631
system language    : Polish
system up time     : 23 hours 59 minutes
program up time    : 9 seconds
processors         : 12x 11th Gen Intel(R) Core(TM) i5-11400F @ 2.60GHz
physical memory    : 22950/32650 MB (free/total)
free disk space    : (C:) 176,86 GB (E:) 652,62 GB
display mode       : 1920x1080, 32 bit
process id         : $449c
allocated memory   : 269,45 MB
largest free block : 1,86 GB
executable         : KaM_Expansion.exe
exec. date/time    : 2025-01-02 19:10
version            : 1.0.0.0
compiled with      : Delphi 11
madExcept version  : 5.1.4
callstack crc      : $021c51c8, $e67fb184, $aa6a3b6d
exception number   : 1
exception class    : EAssertionFailed
exception message  : TKMTerrain.UpdatePassability (KM_Terrain.pas, line 6136).

main thread ($1b78):
00819cfc +070 KaM_Expansion.exe KM_Terrain    6138   +3 TKMTerrain.UpdatePassability
00834d69 +865 KaM_Expansion.exe KM_Terrain    9079 +133 TKMTerrain.UpdateState
009bc088 +190 KaM_Expansion.exe KM_Game       3214  +38 TKMGame.PlayGameTick
009bc6c6 +09e KaM_Expansion.exe KM_Game       3366  +15 TKMGame.PlayNextTick
009bb6f9 +009 KaM_Expansion.exe KM_Game       3001   +1 DoUpdateGame
009bb7fe +0ba KaM_Expansion.exe KM_Game       3025  +15 TKMGame.UpdateGame
007c63a0 +018 KaM_Expansion.exe KM_GameApp    1578   +2 TKMGameApp.DoGameTick
007cd8f1 +08d KaM_Expansion.exe KM_Main        552  +21 TKMMain.DoIdle
0029f6b5 +099 KaM_Expansion.exe Vcl.Forms               TApplication.Idle
0029e737 +017 KaM_Expansion.exe Vcl.Forms               TApplication.HandleMessage
0029ea69 +0d1 KaM_Expansion.exe Vcl.Forms               TApplication.Run
00a4bb3b +077 KaM_Expansion.exe KaM_Expansion  481   +7 initialization
00a4bb5a +096 KaM_Expansion.exe KaM_Expansion  483   +9 initialization
75c17ba7 +017 KERNEL32.DLL                              BaseThreadInitThunk

thread $4be4:
75c17ba7 +17 KERNEL32.DLL  BaseThreadInitThunk

thread $28e4:
75c17ba7 +17 KERNEL32.DLL  BaseThreadInitThunk

thread $5298:
75c17ba7 +17 KERNEL32.DLL  BaseThreadInitThunk

thread $2e10:
74e54152 +82 KERNELBASE.dll              WaitForSingleObjectEx
74e540bd +0d KERNELBASE.dll              WaitForSingleObject
000c4add +0d KaM_Expansion.exe madExcept CallThreadProcSafe
000c4b42 +32 KaM_Expansion.exe madExcept ThreadExceptFrame
000c4bb8 +a8 KaM_Expansion.exe madExcept ThreadExceptFrame
75c17ba7 +17 KERNEL32.DLL                BaseThreadInitThunk
>> created by main thread ($1b78) at:
7a7f0276 +00 nvoglv32.dll

thread $10dc:
74e54f79 +189 KERNELBASE.dll              WaitForMultipleObjectsEx
000c4add +00d KaM_Expansion.exe madExcept CallThreadProcSafe
000c4b42 +032 KaM_Expansion.exe madExcept ThreadExceptFrame
000c4bb8 +0a8 KaM_Expansion.exe madExcept ThreadExceptFrame
75c17ba7 +017 KERNEL32.DLL                BaseThreadInitThunk
>> created by main thread ($1b78) at:
762102ff +000 CRYPT32.dll

thread $2c28:
74e54f79 +189 KERNELBASE.dll              WaitForMultipleObjectsEx
74e54dd3 +013 KERNELBASE.dll              WaitForMultipleObjects
000c4add +00d KaM_Expansion.exe madExcept CallThreadProcSafe
000c4b42 +032 KaM_Expansion.exe madExcept ThreadExceptFrame
000c4bb8 +0a8 KaM_Expansion.exe madExcept ThreadExceptFrame
75c17ba7 +017 KERNEL32.DLL                BaseThreadInitThunk
>> created by main thread ($1b78) at:
7a81ea4e +000 nvoglv32.dll

thread $2a24:
76cf2dbc +4c USER32.dll                  MsgWaitForMultipleObjectsEx
76d0245a +1a USER32.dll                  MsgWaitForMultipleObjects
000c4add +0d KaM_Expansion.exe madExcept CallThreadProcSafe
000c4b42 +32 KaM_Expansion.exe madExcept ThreadExceptFrame
000c4bb8 +a8 KaM_Expansion.exe madExcept ThreadExceptFrame
75c17ba7 +17 KERNEL32.DLL                BaseThreadInitThunk
>> created by thread $2e10 at:
7a7ea0f7 +00 nvoglv32.dll

thread $2c54:
75c17ba7 +17 KERNEL32.DLL  BaseThreadInitThunk

thread $3734:
75c17ba7 +17 KERNEL32.DLL  BaseThreadInitThunk

thread $2af0: <priority:15>
74e54f79 +189 KERNELBASE.dll              WaitForMultipleObjectsEx
74e54dd3 +013 KERNELBASE.dll              WaitForMultipleObjects
000c4add +00d KaM_Expansion.exe madExcept CallThreadProcSafe
000c4b42 +032 KaM_Expansion.exe madExcept ThreadExceptFrame
000c4bb8 +0a8 KaM_Expansion.exe madExcept ThreadExceptFrame
75c17ba7 +017 KERNEL32.DLL                BaseThreadInitThunk
>> created by main thread ($1b78) at:
687af555 +000 dsound.DLL

thread $166c: <priority:15>
74e54f79 +189 KERNELBASE.dll              WaitForMultipleObjectsEx
74e54dd3 +013 KERNELBASE.dll              WaitForMultipleObjects
000c4add +00d KaM_Expansion.exe madExcept CallThreadProcSafe
000c4b42 +032 KaM_Expansion.exe madExcept ThreadExceptFrame
000c4bb8 +0a8 KaM_Expansion.exe madExcept ThreadExceptFrame
75c17ba7 +017 KERNEL32.DLL                BaseThreadInitThunk
>> created by main thread ($1b78) at:
687af555 +000 dsound.DLL

thread $10f0: <priority:15>
74e54152 +82 KERNELBASE.dll              WaitForSingleObjectEx
74e540bd +0d KERNELBASE.dll              WaitForSingleObject
7512857c +8c msvcrt.dll                  _endthreadex
000c4add +0d KaM_Expansion.exe madExcept CallThreadProcSafe
000c4b42 +32 KaM_Expansion.exe madExcept ThreadExceptFrame
000c4bb8 +a8 KaM_Expansion.exe madExcept ThreadExceptFrame
75c17ba7 +17 KERNEL32.DLL                BaseThreadInitThunk
>> created by main thread ($1b78) at:
7512845f +7f msvcrt.dll                  _beginthreadex

thread $480c: <priority:2>
74e54f79 +189 KERNELBASE.dll              WaitForMultipleObjectsEx
74e54dd3 +013 KERNELBASE.dll              WaitForMultipleObjects
7512857c +08c msvcrt.dll                  _endthreadex
000c4add +00d KaM_Expansion.exe madExcept CallThreadProcSafe
000c4b42 +032 KaM_Expansion.exe madExcept ThreadExceptFrame
000c4bb8 +0a8 KaM_Expansion.exe madExcept ThreadExceptFrame
75c17ba7 +017 KERNEL32.DLL                BaseThreadInitThunk
>> created by main thread ($1b78) at:
7512845f +07f msvcrt.dll                  _beginthreadex

thread $3f0: <priority:15>
74e54152 +82 KERNELBASE.dll              WaitForSingleObjectEx
751283cc +9c msvcrt.dll                  _endthread
000c4add +0d KaM_Expansion.exe madExcept CallThreadProcSafe
000c4b42 +32 KaM_Expansion.exe madExcept ThreadExceptFrame
000c4bb8 +a8 KaM_Expansion.exe madExcept ThreadExceptFrame
75c17ba7 +17 KERNEL32.DLL                BaseThreadInitThunk
>> created by main thread ($1b78) at:
75128291 +71 msvcrt.dll                  _beginthread

thread $4868: <priority:14>
74e54f79 +189 KERNELBASE.dll              WaitForMultipleObjectsEx
74e54dd3 +013 KERNELBASE.dll              WaitForMultipleObjects
000c4add +00d KaM_Expansion.exe madExcept CallThreadProcSafe
000c4b42 +032 KaM_Expansion.exe madExcept ThreadExceptFrame
000c4bb8 +0a8 KaM_Expansion.exe madExcept ThreadExceptFrame
75c17ba7 +017 KERNEL32.DLL                BaseThreadInitThunk
>> created by thread $3560 at:
687c970d +000 dsound.DLL

thread $b94: <priority:15>
000c4add +0d KaM_Expansion.exe madExcept CallThreadProcSafe
000c4b42 +32 KaM_Expansion.exe madExcept ThreadExceptFrame
000c4bb8 +a8 KaM_Expansion.exe madExcept ThreadExceptFrame
75c17ba7 +17 KERNEL32.DLL                BaseThreadInitThunk
>> created by thread $3560 at:
73266555 +00 winmm.dll

thread $3938 (TKMWorkerThread):
74e54152 +082 KERNELBASE.dll                            WaitForSingleObjectEx
74e540bd +00d KERNELBASE.dll                            WaitForSingleObject
0007062e +002 KaM_Expansion.exe System.SysUtils         WaitForSyncWaitObj
0007081f +01f KaM_Expansion.exe System.SysUtils         WaitOrSignalObj
0001b6b1 +065 KaM_Expansion.exe System           23  +0 TMonitor.Wait
0001b6ee +0a2 KaM_Expansion.exe System           23  +0 TMonitor.Wait
0001b726 +022 KaM_Expansion.exe System           23  +0 TMonitor.Wait
002dc489 +0dd KaM_Expansion.exe KM_WorkerThread 153 +27 TKMWorkerThread.Execute
002dc4e1 +135 KaM_Expansion.exe KM_WorkerThread 159 +33 TKMWorkerThread.Execute
002dc55b +1af KaM_Expansion.exe KM_WorkerThread 175 +49 TKMWorkerThread.Execute
000c4bf7 +02b KaM_Expansion.exe madExcept               HookedTThreadExecute
000c4c62 +096 KaM_Expansion.exe madExcept               HookedTThreadExecute
0014cf71 +049 KaM_Expansion.exe System.Classes          ThreadProc
0014cfd4 +0ac KaM_Expansion.exe System.Classes          ThreadProc
0001c4b4 +028 KaM_Expansion.exe System           23  +0 ThreadWrapper
000c4add +00d KaM_Expansion.exe madExcept               CallThreadProcSafe
000c4b42 +032 KaM_Expansion.exe madExcept               ThreadExceptFrame
000c4bb8 +0a8 KaM_Expansion.exe madExcept               ThreadExceptFrame
75c17ba7 +017 KERNEL32.DLL                              BaseThreadInitThunk
>> created by main thread ($1b78) at:
0014d038 +018 KaM_Expansion.exe System.Classes          TThread.Create

thread $2920:
74e54f79 +189 KERNELBASE.dll              WaitForMultipleObjectsEx
000c4add +00d KaM_Expansion.exe madExcept CallThreadProcSafe
000c4b42 +032 KaM_Expansion.exe madExcept ThreadExceptFrame
000c4bb8 +0a8 KaM_Expansion.exe madExcept ThreadExceptFrame
75c17ba7 +017 KERNEL32.DLL                BaseThreadInitThunk
>> created by thread $3938 (TKMWorkerThread) at:
75f1587e +000 combase.dll

thread $2ec8:
76cf2dbc +4c USER32.dll                  MsgWaitForMultipleObjectsEx
000c4add +0d KaM_Expansion.exe madExcept CallThreadProcSafe
000c4b42 +32 KaM_Expansion.exe madExcept ThreadExceptFrame
000c4bb8 +a8 KaM_Expansion.exe madExcept ThreadExceptFrame
75c17ba7 +17 KERNEL32.DLL                BaseThreadInitThunk
>> created by thread $3938 (TKMWorkerThread) at:
751c628b +00 shcore.dll

thread $4e0c:
75c17ba7 +17 KERNEL32.DLL  BaseThreadInitThunk

thread $2bc8 (TKMWorkerThread):
74e54152 +082 KERNELBASE.dll                            WaitForSingleObjectEx
74e540bd +00d KERNELBASE.dll                            WaitForSingleObject
0007062e +002 KaM_Expansion.exe System.SysUtils         WaitForSyncWaitObj
0007081f +01f KaM_Expansion.exe System.SysUtils         WaitOrSignalObj
0001b6b1 +065 KaM_Expansion.exe System           23  +0 TMonitor.Wait
0001b6ee +0a2 KaM_Expansion.exe System           23  +0 TMonitor.Wait
0001b726 +022 KaM_Expansion.exe System           23  +0 TMonitor.Wait
002dc489 +0dd KaM_Expansion.exe KM_WorkerThread 153 +27 TKMWorkerThread.Execute
002dc4e1 +135 KaM_Expansion.exe KM_WorkerThread 159 +33 TKMWorkerThread.Execute
002dc55b +1af KaM_Expansion.exe KM_WorkerThread 175 +49 TKMWorkerThread.Execute
000c4bf7 +02b KaM_Expansion.exe madExcept               HookedTThreadExecute
000c4c62 +096 KaM_Expansion.exe madExcept               HookedTThreadExecute
0014cf71 +049 KaM_Expansion.exe System.Classes          ThreadProc
0014cfd4 +0ac KaM_Expansion.exe System.Classes          ThreadProc
0001c4b4 +028 KaM_Expansion.exe System           23  +0 ThreadWrapper
000c4add +00d KaM_Expansion.exe madExcept               CallThreadProcSafe
000c4b42 +032 KaM_Expansion.exe madExcept               ThreadExceptFrame
000c4bb8 +0a8 KaM_Expansion.exe madExcept               ThreadExceptFrame
75c17ba7 +017 KERNEL32.DLL                              BaseThreadInitThunk
>> created by main thread ($1b78) at:
0014d038 +018 KaM_Expansion.exe System.Classes          TThread.Create

thread $4290 (TKMWorkerThread):
74e54152 +082 KERNELBASE.dll                            WaitForSingleObjectEx
74e540bd +00d KERNELBASE.dll                            WaitForSingleObject
0007062e +002 KaM_Expansion.exe System.SysUtils         WaitForSyncWaitObj
0007081f +01f KaM_Expansion.exe System.SysUtils         WaitOrSignalObj
0001b6b1 +065 KaM_Expansion.exe System           23  +0 TMonitor.Wait
0001b6ee +0a2 KaM_Expansion.exe System           23  +0 TMonitor.Wait
0001b726 +022 KaM_Expansion.exe System           23  +0 TMonitor.Wait
002dc489 +0dd KaM_Expansion.exe KM_WorkerThread 153 +27 TKMWorkerThread.Execute
002dc4e1 +135 KaM_Expansion.exe KM_WorkerThread 159 +33 TKMWorkerThread.Execute
002dc55b +1af KaM_Expansion.exe KM_WorkerThread 175 +49 TKMWorkerThread.Execute
000c4bf7 +02b KaM_Expansion.exe madExcept               HookedTThreadExecute
000c4c62 +096 KaM_Expansion.exe madExcept               HookedTThreadExecute
0014cf71 +049 KaM_Expansion.exe System.Classes          ThreadProc
0014cfd4 +0ac KaM_Expansion.exe System.Classes          ThreadProc
0001c4b4 +028 KaM_Expansion.exe System           23  +0 ThreadWrapper
000c4add +00d KaM_Expansion.exe madExcept               CallThreadProcSafe
000c4b42 +032 KaM_Expansion.exe madExcept               ThreadExceptFrame
000c4bb8 +0a8 KaM_Expansion.exe madExcept               ThreadExceptFrame
75c17ba7 +017 KERNEL32.DLL                              BaseThreadInitThunk
>> created by main thread ($1b78) at:
0014d038 +018 KaM_Expansion.exe System.Classes          TThread.Create

modules:
00010000 KaM_Expansion.exe               1.0.0.0             E:\programowanie\projekty delphi\kam_expansion
00df0000 ogg.dll                                             E:\programowanie\projekty delphi\kam_expansion
01840000 vorbis.dll                                          E:\programowanie\projekty delphi\kam_expansion
0be00000 nvgpucomp32.dll                 32.0.15.6094        C:\WINDOWS\System32\DriverStore\FileRepository\nvmd.inf_amd64_aa54f7a758543a0a
10000000 vorbisfile.dll                                      E:\programowanie\projekty delphi\kam_expansion
10c20000 OpenAL32.dll                    6.14.357.24         C:\WINDOWS\SYSTEM32
11000000 bass.dll                        2.4.8.1             E:\programowanie\projekty delphi\kam_expansion
17980000 wrap_oal.dll                    2.2.0.5             C:\WINDOWS\SYSTEM32
50010000 Windows.System.Launcher.dll     6.2.22621.4541      C:\Windows\System32
501b0000 FaultRep.dll                    6.2.22621.4541      C:\WINDOWS\SYSTEM32
681c0000 AVRT.dll                        6.2.22621.2506      C:\WINDOWS\SYSTEM32
681d0000 wdmaud.drv                      6.2.22621.3527      C:\WINDOWS\SYSTEM32
682e0000 MMDevAPI.DLL                    6.2.22621.4111      C:\WINDOWS\SYSTEM32
68380000 ResampleDmo.DLL                 6.2.22621.2506      C:\WINDOWS\SYSTEM32
68500000 nvspcap.dll                     11.0.1.163          C:\WINDOWS\system32
68750000 ksuser.dll                      6.2.22621.1         C:\WINDOWS\SYSTEM32
68760000 msdmo.dll                       6.2.22621.1         C:\WINDOWS\SYSTEM32
68770000 dsound.DLL                      6.2.22621.3527      C:\WINDOWS\SYSTEM32
6a2e0000 Windows.UI.dll                  6.2.22621.4541      C:\Windows\System32
6afe0000 msvcp110_win.dll                6.2.22621.1         C:\Windows\System32
6b910000 winspool.drv                    6.2.22621.3810      C:\WINDOWS\SYSTEM32
6be90000 midimap.dll                     6.2.22621.2506      C:\WINDOWS\SYSTEM32
6bea0000 MSACM32.dll                     6.2.22621.1         C:\WINDOWS\SYSTEM32
6bec0000 msacm32.drv                     6.2.22621.2506      C:\WINDOWS\SYSTEM32
6bed0000 AUDIOSES.DLL                    6.2.22621.4541      C:\WINDOWS\SYSTEM32
6d510000 drvstore.dll                    6.2.22621.4541      C:\WINDOWS\SYSTEM32
6d620000 winmmbase.dll                   6.2.22621.1         C:\WINDOWS\SYSTEM32
6d650000 UMPDC.dll                       6.2.22621.1         C:\WINDOWS\SYSTEM32
6d660000 powrprof.dll                    6.2.22621.3958      C:\WINDOWS\SYSTEM32
6dbc0000 cryptnet.dll                    6.2.22621.1         C:\WINDOWS\SYSTEM32
6dc20000 rsaenh.dll                      6.2.22621.4249      C:\WINDOWS\system32
6dc50000 CRYPTSP.dll                     6.2.22621.3672      C:\WINDOWS\SYSTEM32
6e5c0000 dwmapi.dll                      6.2.22621.4541      C:\WINDOWS\SYSTEM32
6ea20000 devobj.dll                      6.2.22621.2506      C:\WINDOWS\SYSTEM32
70950000 GLU32.dll                       6.2.22621.2506      C:\WINDOWS\SYSTEM32
70df0000 opengl32.dll                    6.2.22621.4541      C:\WINDOWS\SYSTEM32
71f70000 TextShaping.dll                 6.2.22621.4541      C:\WINDOWS\SYSTEM32
72010000 CoreUIComponents.dll            6.2.22621.4541      C:\WINDOWS\SYSTEM32
722b0000 CoreMessaging.dll               6.2.22621.4541      C:\WINDOWS\SYSTEM32
72380000 textinputframework.dll          6.2.22621.4541      C:\WINDOWS\SYSTEM32
72a20000 dxcore.dll                      6.2.22621.4541      C:\WINDOWS\SYSTEM32
72dc0000 COMCTL32.dll                    6.10.22621.4541     C:\WINDOWS\WinSxS\x86_microsoft.windows.common-controls_6595b64144ccf1df_6.0.22621.4541_none_6ebe089c8800e98b
730e0000 WINSTA.dll                      6.2.22621.4541      C:\WINDOWS\SYSTEM32
73130000 winhttp.dll                     6.2.22621.4541      C:\WINDOWS\SYSTEM32
73230000 ntmarta.dll                     6.2.22621.1         C:\WINDOWS\SYSTEM32
73260000 winmm.dll                       6.2.22621.4541      C:\WINDOWS\SYSTEM32
732f0000 wldp.dll                        6.2.22621.4541      C:\WINDOWS\SYSTEM32
73340000 srvcli.dll                      6.2.22621.4249      C:\Windows\System32
73360000 iertutil.dll                    11.0.22621.4541     C:\Windows\System32
735d0000 urlmon.dll                      11.0.22621.4169     C:\Windows\System32
737a0000 cfgmgr32.dll                    6.2.22621.2506      C:\WINDOWS\SYSTEM32
737e0000 propsys.dll                     7.0.22621.4249      C:\WINDOWS\system32
738b0000 msasn1.dll                      6.2.22621.2506      C:\WINDOWS\SYSTEM32
738c0000 wsock32.dll                     6.2.22621.1         C:\WINDOWS\SYSTEM32
738d0000 SspiCli.dll                     6.2.22621.3810      C:\Windows\System32
73910000 uxtheme.dll                     6.2.22621.4541      C:\WINDOWS\system32
739b0000 SHFolder.dll                    6.2.22621.1         C:\WINDOWS\SYSTEM32
73bf0000 mssprxy.dll                     7.0.22621.4249      C:\WINDOWS\system32
73c00000 resourcepolicyclient.dll        6.2.22621.3527      C:\WINDOWS\SYSTEM32
73c10000 libvlc.dll                      3.0.8.0             E:\programowanie\projekty delphi\kam_expansion\lib\vlc
73c40000 libvlccore.dll                  3.0.8.0             E:\programowanie\projekty delphi\kam_expansion\lib\vlc
740d0000 kernel.appcore.dll              6.2.22621.3958      C:\WINDOWS\SYSTEM32
740f0000 netutils.dll                    6.2.22621.2506      C:\Windows\System32
74120000 version.dll                     6.2.22621.1         C:\WINDOWS\SYSTEM32
743b0000 profapi.dll                     6.2.22621.4541      C:\WINDOWS\SYSTEM32
743e0000 wintypes.dll                    6.2.22621.3810      C:\WINDOWS\SYSTEM32
744b0000 windows.storage.dll             6.2.22621.4601      C:\WINDOWS\SYSTEM32
74c50000 CRYPTBASE.DLL                   6.2.22621.1         C:\WINDOWS\SYSTEM32
74c80000 wtsapi32.dll                    6.2.22621.1         C:\WINDOWS\SYSTEM32
74d10000 KERNELBASE.dll                  6.2.22621.4601      C:\WINDOWS\System32
74fa0000 ucrtbase.dll                    6.2.22621.3593      C:\WINDOWS\System32
750c0000 msvcrt.dll                      7.0.22621.2506      C:\WINDOWS\System32
75190000 shcore.dll                      6.2.22621.4541      C:\WINDOWS\System32
75260000 oleaut32.dll                    6.2.22621.3672      C:\WINDOWS\System32
75470000 win32u.dll                      6.2.22621.4460      C:\WINDOWS\System32
75490000 SHELL32.dll                     6.2.22621.4541      C:\WINDOWS\System32
75b40000 RPCRT4.dll                      6.2.22621.4249      C:\WINDOWS\System32
75c00000 KERNEL32.DLL                    6.2.22621.4391      C:\WINDOWS\System32
75cf0000 gdi32full.dll                   6.2.22621.4601      C:\WINDOWS\System32
75e80000 combase.dll                     6.2.22621.4601      C:\WINDOWS\System32
76110000 WINTRUST.dll                    6.2.22621.4541      C:\WINDOWS\System32
76170000 msvcp_win.dll                   6.2.22621.3374      C:\WINDOWS\System32
761f0000 CRYPT32.dll                     6.2.22621.4541      C:\WINDOWS\System32
76300000 GDI32.dll                       6.2.22621.4036      C:\WINDOWS\System32
76330000 SETUPAPI.dll                    6.2.22621.2506      C:\WINDOWS\System32
76770000 coml2.dll                       6.2.22621.3672      C:\WINDOWS\System32
767e0000 MSCTF.dll                       6.2.22621.4601      C:\WINDOWS\System32
768f0000 ole32.dll                       6.2.22621.3958      C:\WINDOWS\System32
76a50000 bcrypt.dll                      6.2.22621.2506      C:\WINDOWS\System32
76a80000 advapi32.dll                    6.2.22621.4391      C:\WINDOWS\System32
76b00000 sechost.dll                     6.2.22621.4541      C:\WINDOWS\System32
76b90000 WS2_32.dll                      6.2.22621.1         C:\WINDOWS\System32
76bf0000 clbcatq.dll                     2001.12.10941.16384 C:\WINDOWS\System32
76c80000 shlwapi.dll                     6.2.22621.4541      C:\WINDOWS\System32
76cd0000 USER32.dll                      6.2.22621.4601      C:\WINDOWS\System32
76e80000 comdlg32.dll                    6.2.22621.4541      C:\WINDOWS\System32
76f40000 imagehlp.dll                    6.2.22621.1         C:\WINDOWS\System32
76f60000 IMM32.DLL                       6.2.22621.3374      C:\WINDOWS\System32
76ff0000 PSAPI.dll                       6.2.22621.1         C:\WINDOWS\System32
77010000 bcryptPrimitives.dll            6.2.22621.4317      C:\WINDOWS\System32
77090000 ntdll.dll                       6.2.22621.4541      C:\WINDOWS\SYSTEM32
775a0000 AppXDeploymentClient.dll        6.2.22621.4541      C:\Windows\System32
77fe0000 windows.staterepositorycore.dll 6.2.22621.4036      C:\WINDOWS\SYSTEM32
79fe0000 nvoglv32.dll                    32.0.15.6094        C:\WINDOWS\System32\DriverStore\FileRepository\nvmd.inf_amd64_aa54f7a758543a0a
7ba80000 Windows.FileExplorer.Common.dll 6.2.22621.4541      C:\Windows\System32
7bbd0000 Windows.StateRepositoryPS.dll   6.2.22621.4036      C:\Windows\System32

hardware:
+ {1ed2bbf9-11f0-4084-b21f-ad83a8e6dcdc}
  - Fax
  - G³ówna kolejka wydruku
  - HP Smart Printing
  - Microsoft Print to PDF
  - Microsoft XPS Document Writer
+ {36fc9e60-c465-11cf-8056-444553540000}
  - G³ówny koncentrator USB (USB 3.0)
  - Intel(R) USB 3.20 eXtensible Host Controller - 1.20 (Microsoft)
  - Rodzajowy koncentrator USB
  - Rodzajowy koncentrator USB
  - Rodzajowy koncentrator USB SuperSpeed
  - Urz¹dzenie kompozytowe USB
  - Urz¹dzenie kompozytowe USB
+ {4d36e966-e325-11ce-bfc1-08002be10318}
  - Komputer oparty na architekturze x64 obs³uguj¹cy interfejs ACPI
  - Micro-Star International Co., Ltd. MS-7D15
+ {4d36e967-e325-11ce-bfc1-08002be10318}
  - KXG60ZNV512G KIOXIA
  - Samsung SSD 980 1TB
+ {4d36e968-e325-11ce-bfc1-08002be10318}
  - NVIDIA GeForce RTX 3060 Ti (driver 32.0.15.6094)
+ {4d36e96a-e325-11ce-bfc1-08002be10318}
  - Standardowy kontroler SATA AHCI
+ {4d36e96b-e325-11ce-bfc1-08002be10318}
  - Urz¹dzenie klawiatury HID
  - Urz¹dzenie klawiatury HID
+ {4d36e96c-e325-11ce-bfc1-08002be10318}
  - NVIDIA High Definition Audio (driver 1.4.0.1)
  - NVIDIA Virtual Audio Device (Wave Extensible) (WDM) (driver 4.65.0.3)
  - Urz¹dzenie zgodne ze standardem High Definition Audio
+ {4d36e96e-e325-11ce-bfc1-08002be10318}
  - Generic Monitor (Smart TV)
+ {4d36e96f-e325-11ce-bfc1-08002be10318}
  - Mysz zgodna z HID
+ {4d36e972-e325-11ce-bfc1-08002be10318}
  - Microsoft Kernel Debug Network Adapter
  - Realtek Gaming 2.5GbE Family Controller (driver 10.71.312.2024)
  - WAN Miniport (IKEv2)
  - WAN Miniport (IP)
  - WAN Miniport (IPv6)
  - WAN Miniport (L2TP)
  - WAN Miniport (Network Monitor)
  - WAN Miniport (PPPOE)
  - WAN Miniport (PPTP)
  - WAN Miniport (SSTP)
+ {4d36e97b-e325-11ce-bfc1-08002be10318}
  - Kontroler miejsc do magazynowania firmy Microsoft
  - Standardowy kontroler NVM Express
  - Standardowy kontroler NVM Express
  - Xvdd SCSI Miniport (driver 10.0.22020.1)
+ {4d36e97d-e325-11ce-bfc1-08002be10318}
  - Agregator procesora systemu ACPI
  - Alarm wznawiania ACPI
  - AMD Crash Defender (driver 22.20.0.2)
  - Aplikacja zbieraj¹ca informacje o oprogramowaniu urz¹dzeñ Plug and Play
  - Ch³odzenie ACPI
  - Ch³odzenie ACPI
  - Ch³odzenie ACPI
  - Ch³odzenie ACPI
  - Ch³odzenie ACPI
  - Czasomierz systemowy
  - Czasomierz zdarzeniowy wysokiej precyzji
  - Intel(R) GNA - 4C11 (driver 10.1.41.5)
  - Intel(R) Host Bridge/DRAM Registers - 4C53 (driver 10.1.41.5)
  - Intel(R) LPC Controller (B560) - 4387 (driver 10.1.34.10)
  - Intel(R) Management Engine Interface #1 (driver 2131.1.4.0)
  - Intel(R) PCI Express Root Port #21 - 43C4 (driver 10.1.34.10)
  - Intel(R) PCI Express Root Port #6 - 43BD (driver 10.1.34.10)
  - Intel(R) PCI Express Root Port #9 - 43B0 (driver 10.1.34.10)
  - Intel(R) PEG10 - 4C01 (driver 10.1.41.5)
  - Intel(R) Serial IO GPIO Host Controller - INT34C6 (driver 30.100.2051.37)
  - Intel(R) Shared SRAM - 43EF (driver 10.1.34.10)
  - Intel(R) SPI (flash) Controller - 43A4 (driver 10.1.34.10)
  - Intel(R) Watchdog Timer Driver (Intel(R) WDT) (driver 11.7.0.1000)
  - Interfejs zarz¹dzania Microsoft Windows dla ACPI
  - Interfejs zarz¹dzania Microsoft Windows dla ACPI
  - Interfejs zarz¹dzania Microsoft Windows dla ACPI
  - Interfejs zarz¹dzania Microsoft Windows dla ACPI
  - Interfejs zarz¹dzania Microsoft Windows dla ACPI
  - Kontroler zgodny ze standardem High Definition Audio
  - Kontroler zgodny ze standardem High Definition Audio
  - Magistrala readresatora urz¹dzeñ us³ug pulpitu zdalnego
  - Mened¿er woluminów
  - Modu³ wyliczaj¹cy dysku wirtualnego firmy Microsoft
  - Modu³ wyliczaj¹cy magistrali g³ównej UMBus
  - Modu³ wyliczaj¹cy magistrali kompozytowej
  - Modu³ wyliczaj¹cy wirtualnej karty sieciowej NDIS
  - Podstawowy sterownik ekranu firmy Microsoft
  - Podstawowy sterownik renderowania firmy Microsoft
  - Procesor numeryczny
  - Programowalny kontroler przerwañ
  - Przycisk ACPI Fixed Feature
  - Przycisk uœpienia ACPI
  - Przycisk zasilania ACPI
  - Serwer PCI funkcji Microsoft Hyper-V
  - Sterownik BIOS zarz¹dzania systemem firmy Microsoft
  - Sterownik infrastruktury wirtualizacji funkcji Microsoft Hyper-V
  - Sterownik wybierania Ÿród³a ³adowania
  - Strefa termiczna ACPI
  - Synaptics SMBus Driver (driver 19.5.19.95)
  - System zgodny ze standardem Microsoft ACPI
  - System zgodny ze standardem Microsoft UEFI
  - Us³uga hosta funkcji hypervisor firmy Microsoft
  - Wtyczka aparatu zasilania firmy Intel(R)
  - Zasoby p³yty g³ównej
  - Zasoby p³yty g³ównej
  - Zasoby p³yty g³ównej
  - Zasoby p³yty g³ównej
  - Zasoby p³yty g³ównej
  - Zasoby p³yty g³ównej
  - Zasoby p³yty g³ównej
  - Zasoby p³yty g³ównej
  - Zespó³ g³ówny PCI Express
+ {50127dc3-0f36-415e-a6cc-4cb3be910b65}
  - 11th Gen Intel(R) Core(TM) i5-11400F @ 2.60GHz
  - 11th Gen Intel(R) Core(TM) i5-11400F @ 2.60GHz
  - 11th Gen Intel(R) Core(TM) i5-11400F @ 2.60GHz
  - 11th Gen Intel(R) Core(TM) i5-11400F @ 2.60GHz
  - 11th Gen Intel(R) Core(TM) i5-11400F @ 2.60GHz
  - 11th Gen Intel(R) Core(TM) i5-11400F @ 2.60GHz
  - 11th Gen Intel(R) Core(TM) i5-11400F @ 2.60GHz
  - 11th Gen Intel(R) Core(TM) i5-11400F @ 2.60GHz
  - 11th Gen Intel(R) Core(TM) i5-11400F @ 2.60GHz
  - 11th Gen Intel(R) Core(TM) i5-11400F @ 2.60GHz
  - 11th Gen Intel(R) Core(TM) i5-11400F @ 2.60GHz
  - 11th Gen Intel(R) Core(TM) i5-11400F @ 2.60GHz
+ {533c5b84-ec70-11d2-9505-00c04f79deaf}
  - Rodzajowa kopia w tle woluminów
  - Rodzajowa kopia w tle woluminów
  - Rodzajowa kopia w tle woluminów
  - Rodzajowa kopia w tle woluminów
  - Rodzajowa kopia w tle woluminów
  - Rodzajowa kopia w tle woluminów
+ {5c4c3332-344d-483c-8739-259e934c9cc8}
  - Intel(R) Dynamic Application Loader Host Interface (driver 1.44.2023.710)
  - Intel(R) iCLS Client (driver 1.71.99.0)
  - Intel(R) Management Engine WMI Provider (driver 2408.5.4.0)
+ {62f9c741-b25a-46ce-b54c-9bccce08b6f2}
  - LAPTOP-5CTTUAIM: szybyc@wp.pl:
  - Microsoft Device Association Root Enumerator
  - Microsoft Radio Device Enumeration Bus
  - Microsoft RRAS Root Enumerator
  - POLSATBOX4KLITE-
  - Syntezator SW Microsoft GS Wavetable
+ {745a17a0-74d3-11d0-b6fe-00a0c90f57da}
  - Kontroler systemu zgodny z HID
  - Kontroler systemu zgodny z HID
  - Urz¹dzenie steruj¹ce u¿ytkownika zgodne z HID
  - Urz¹dzenie steruj¹ce u¿ytkownika zgodne z HID
  - Urz¹dzenie wejœciowe USB
  - Urz¹dzenie wejœciowe USB
  - Urz¹dzenie wejœciowe USB
  - Urz¹dzenie wejœciowe USB
  - Urz¹dzenie wejœciowe USB
  - Urz¹dzenie zdefiniowane przez dostawcê zgodne z HID
  - Urz¹dzenie zdefiniowane przez dostawcê zgodne z HID
  - Urz¹dzenie zgodne z HID
+ {c166523c-fe0c-4a94-a586-f1a80cfbbf3e}
  - Cyfrowe urz¹dzenie audio (S/PDIF) (High Definition Audio Device)
  - Mikrofon (High Definition Audio Device)
  - Smart TV (NVIDIA High Definition Audio)
  - S³uchawki (High Definition Audio Device)
+ {f2e7dd72-6468-4e36-b6f1-6488f42c1b52}
  - Oprogramowanie uk³adowe urz¹dzenia

cpu registers:
eax = 1be1d160
ebx = 00000000
ecx = 00000000
edx = 0fc795f0
esi = 00a4bac4
edi = 00a4bac4
eip = 00819cfc
esp = 017ff628
ebp = 017ff69c

stack dump:
017ff628  fc 9c 81 00 de fa ed 0e - 01 00 00 00 07 00 00 00  ................
017ff638  3c f6 7f 01 fc 9c 81 00 - 60 d1 e1 1b 00 00 00 00  <.......`.......
017ff648  c4 ba a4 00 c4 ba a4 00 - 9c f6 7f 01 58 f6 7f 01  ............X...
017ff658  7c f7 7f 01 9c bb 01 00 - 9c f6 7f 01 20 4c fe 08  |........... L..
017ff668  00 00 00 00 00 00 00 00 - 00 00 00 00 b4 cb 81 00  ................
017ff678  11 fa 13 00 5c 4b cd 04 - 11 00 00 00 f8 17 00 00  ....\K..........
017ff688  00 3e 8d 1d 00 00 00 00 - f8 17 00 00 14 cb 81 00  .>..............
017ff698  b4 cb 81 00 b4 f6 7f 01 - 7b c4 01 00 fc 9c 81 00  ........{.......
017ff6a8  f8 17 00 00 14 cb 81 00 - b4 cb 81 00 74 f7 7f 01  ............t...
017ff6b8  fc 9c 81 00 c4 ba a4 00 - c4 ba a4 00 20 4c fe 08  ............ L..
017ff6c8  00 00 00 00 90 72 a1 00 - d4 a3 6a 00 00 00 00 00  .....r....j.....
017ff6d8  f0 f6 7f 01 7d 72 a1 00 - 44 4b 8b 34 80 0b 00 01  ....}r..DK.4....
017ff6e8  00 00 00 00 6c f7 7f 01 - 24 f7 7f 01 bb a2 6a 00  ....l...$.....j.
017ff6f8  c4 ba a4 00 00 00 00 00 - a4 f7 7f 01 88 73 57 00  .............sW.
017ff708  01 6f a1 00 44 4b 8b 34 - 44 4b 8b 34 00 00 00 00  .o..DK.4DK.4....
017ff718  18 f7 01 01 44 4b 8b 34 - 00 00 16 00 00 00 00 00  ....DK.4........
017ff728  01 6f a1 00 44 4b 8b 34 - 44 4b 8b 34 00 00 00 00  .o..DK.4DK.4....
017ff738  18 f7 01 01 44 4b 8b 34 - 00 00 16 00 00 00 00 00  ....DK.4........
017ff748  00 00 00 00 b6 70 01 00 - 00 00 00 00 c4 ba a4 00  .....p..........
017ff758  1d 00 00 00 c4 f7 7f 01 - 84 f7 7f 01 88 63 0d 77  .............c.w

disassembling:
[...]
00819cb1        mov     edx, [ebp-4]
00819cb4        movzx   edx, word ptr [edx+$120001a]
00819cbb        sub     edx, 1
00819cbe        jno     loc_819cc5
00819cc0        call    -$7ff955 ($1a370)      ; System.@IntOver
00819cc5        cmp     eax, edx
00819cc7        jg      loc_819ce8
00819cc9        cmp     dword ptr [ebp-$1c], 1
00819ccd        jl      loc_819ce8
00819ccf        mov     eax, [ebp-4]
00819cd2        movzx   eax, word ptr [eax+$120001c]
00819cd9        sub     eax, 1
00819cdc        jno     loc_819ce3
00819cde        call    -$7ff973 ($1a370)      ; System.@IntOver
00819ce3        cmp     eax, [ebp-$1c]
00819ce6        jge     loc_819cfc
00819ce8        mov     ecx, $17f8
00819ced        mov     edx, $81cb14
00819cf2        mov     eax, $81cbb4
00819cf7        call    -$7fd8ac ($1c450)      ; System.@Assert
00819cfc 6138 > mov     eax, [ebp-$c]
00819cff        mov     eax, [eax+4]
00819d02        dec     eax
00819d03        cmp     eax, $1ff
00819d08        jbe     loc_819d0f
00819d0a        call    -$7ff9a7 ($1a368)      ; System.@BoundErr
00819d0f        inc     eax
00819d10        imul    eax, eax, $1000
00819d16        jno     loc_819d1d
00819d18        call    -$7ff9ad ($1a370)      ; System.@IntOver
00819d1d        mov     edx, [ebp-4]
00819d20        mov     edx, [edx+$140005c]
00819d26        lea     eax, [edx+eax*8]
00819d29        mov     edx, [ebp-$c]
00819d2c        mov     edx, [edx]
00819d2e        dec     edx
00819d2f        cmp     edx, $1ff
00819d35        jbe     loc_819d3c
00819d37        call    -$7ff9d4 ($1a368)      ; System.@BoundErr
00819d3c        inc     edx
00819d3d        imul    edx, edx, 8
[...]
                                      ================================================================================
                                                                       END BUG REPORT                                 
                                      ================================================================================
19:11:00.673    10,197s     385ms   7032    Creating crash report...
19:11:00.689    10,214s      17ms   7032    Saving game at tick 2922 to 'E:\programowanie\projekty delphi\kam_expansion\Saves\crashreport\crashreport.sav'
19:11:01.905    11,429s    1214ms   7032    Attached file: E:\programowanie\projekty delphi\kam_expansion\Saves\crashreport\crashreport.sav
19:11:01.911    11,436s       7ms   7032    Attached file: E:\programowanie\projekty delphi\kam_expansion\Saves\crashreport\crashreport.bas
19:11:01.918    11,443s       7ms   7032    Attached file: E:\programowanie\projekty delphi\kam_expansion\Saves\crashreport\crashreport.rpl
19:11:01.926    11,450s       7ms   7032    Attached file: E:\programowanie\projekty delphi\kam_expansion\Saves\crashreport\crashreport.rng
19:11:01.932    11,457s       7ms   7032    Attached file: E:\programowanie\projekty delphi\kam_expansion\Tutorials\8.Alternatives\8.Alternatives.dat
19:11:01.938    11,463s       5ms   7032    Attached file: E:\programowanie\projekty delphi\kam_expansion\Tutorials\8.Alternatives\8.Alternatives.map
19:11:01.945    11,469s       6ms   7032    Attached file: E:\programowanie\projekty delphi\kam_expansion\Tutorials\8.Alternatives\8.Alternatives.txt
19:11:01.951    11,475s       6ms   7032    Attached file: E:\programowanie\projekty delphi\kam_expansion\Tutorials\8.Alternatives\8.Alternatives.script
19:11:01.958    11,482s       7ms   7032    Attached file: E:\programowanie\projekty delphi\kam_expansion\Tutorials\8.Alternatives\8.Alternatives.eng.libx
19:11:01.963    11,489s       7ms   7032    Attached file: E:\programowanie\projekty delphi\kam_expansion\Tutorials\8.Alternatives\8.Alternatives.pol.libx
19:11:01.969    11,494s       5ms   7032    Attached file: E:\programowanie\projekty delphi\kam_expansion\Saves\autosave04\autosave04.sav
19:11:01.976    11,500s       6ms   7032    Attached file: E:\programowanie\projekty delphi\kam_expansion\Saves\autosave04\autosave04.bas
19:11:01.981    11,506s       6ms   7032    Attached file: E:\programowanie\projekty delphi\kam_expansion\Saves\autosave04\autosave04.rpl
19:11:01.992    11,516s      10ms   7032    Attached file: E:\programowanie\projekty delphi\kam_expansion\Saves\autosave04\autosave04.rng
19:11:01.998    11,522s       6ms   7032    Attached file: E:\programowanie\projekty delphi\kam_expansion\Saves\autosave02\autosave02.sav
19:11:02.003    11,528s       6ms   7032    Attached file: E:\programowanie\projekty delphi\kam_expansion\Saves\autosave02\autosave02.bas
19:11:02.009    11,534s       6ms   7032    Attached file: E:\programowanie\projekty delphi\kam_expansion\Saves\autosave02\autosave02.rpl
19:11:02.015    11,539s       5ms   7032    Attached file: E:\programowanie\projekty delphi\kam_expansion\Saves\autosave02\autosave02.rng
19:11:02.020    11,545s       6ms   7032    Attached file: E:\programowanie\projekty delphi\kam_expansion\Saves\autosave01\autosave01.sav
19:11:02.026    11,551s       6ms   7032    Attached file: E:\programowanie\projekty delphi\kam_expansion\Saves\autosave01\autosave01.bas
19:11:02.032    11,556s       5ms   7032    Attached file: E:\programowanie\projekty delphi\kam_expansion\Saves\autosave01\autosave01.rpl
19:11:02.037    11,561s       5ms   7032    Attached file: E:\programowanie\projekty delphi\kam_expansion\Saves\autosave01\autosave01.rng
19:11:02.043    11,568s       7ms   7032    Crash report created
19:11:02.048    11,573s       5ms   7032    UI at crash time: MainPanel sizes: (1660;966), cursor pos: (1655;45), 
CtrlDown = nil
CtrlOver = nil
CtrlUp = ID=2 ParentID=0 Class=TKMImage AbsPos: (0;0) Pos: (0;0) Sizes: [224;200]
CtrlFocus = nil
19:11:02.054    11,578s       5ms   7032    Attached file: E:\programowanie\projekty delphi\kam_expansion\Logs\KaM_2025-01-02_19-10-50-475.log
19:11:02.060    11,585s       7ms   7032    Attached file: C:\Users\szyby\OneDrive\Dokumenty\My Games\Knights and Merchants Remake\KaM Remake Settings KingDyronMod.xml
19:11:08.456    17,981s    6396ms   7032    Exception on tick 2956: TKMTerrain.UpdatePassability (KM_Terrain.pas, line 6136)
00819cfc KaM_Expansion.exe KM_Terrain    6138 TKMTerrain.UpdatePassability
00834d69 KaM_Expansion.exe KM_Terrain    9079 TKMTerrain.UpdateState
009bc088 KaM_Expansion.exe KM_Game       3214 TKMGame.PlayGameTick
009bc6c6 KaM_Expansion.exe KM_Game       3366 TKMGame.PlayNextTick
009bb6f9 KaM_Expansion.exe KM_Game       3001 DoUpdateGame
009bb765 KaM_Expansion.exe KM_Game       3013 TKMGame.UpdateGame
007c63a0 KaM_Expansion.exe KM_GameApp    1578 TKMGameApp.DoGameTick
007cd8f1 KaM_Expansion.exe KM_Main        552 TKMMain.DoIdle
0029f6b5 KaM_Expansion.exe Vcl.Forms          TApplication.Idle
0029e737 KaM_Expansion.exe Vcl.Forms          TApplication.HandleMessage
0029ea69 KaM_Expansion.exe Vcl.Forms          TApplication.Run
00a4bb3b KaM_Expansion.exe KaM_Expansion  481 initialization
00a4bb5a KaM_Expansion.exe KaM_Expansion  483 initialization
75c17ba7 KERNEL32.DLL                         BaseThreadInitThunk
19:11:08.530    18,054s      73ms   7032    Exception occurred [EAssertionFailed]: TKMTerrain.UpdatePassability (KM_Terrain.pas, line 6136).
                                      ================================================================================
                                                                      START BUG REPORT                                
                                      ================================================================================
                                      date/time          : 2025-01-02, 19:11:08, 475ms
computer name      : LAPTOP-5CTTUAIM
user name          : szyby
registered owner   : szybyc@wp.pl / HP Inc.
operating system   : Windows 11 x64 build 22631
system language    : Polish
system up time     : 1 day
program up time    : 18 seconds
processors         : 12x 11th Gen Intel(R) Core(TM) i5-11400F @ 2.60GHz
physical memory    : 22956/32650 MB (free/total)
free disk space    : (C:) 176,86 GB (E:) 652,62 GB
display mode       : 1920x1080, 32 bit
process id         : $449c
allocated memory   : 248,28 MB
largest free block : 1,86 GB
executable         : KaM_Expansion.exe
exec. date/time    : 2025-01-02 19:10
version            : 1.0.0.0
compiled with      : Delphi 11
madExcept version  : 5.1.4
callstack crc      : $021c51c8, $4eaf0b33, $d7708d3b
exception number   : 2
exception class    : EAssertionFailed
exception message  : TKMTerrain.UpdatePassability (KM_Terrain.pas, line 6136).

main thread ($1b78):
00819cfc +070 KaM_Expansion.exe KM_Terrain    6138   +3 TKMTerrain.UpdatePassability
00834d69 +865 KaM_Expansion.exe KM_Terrain    9079 +133 TKMTerrain.UpdateState
009bc088 +190 KaM_Expansion.exe KM_Game       3214  +38 TKMGame.PlayGameTick
009bc6c6 +09e KaM_Expansion.exe KM_Game       3366  +15 TKMGame.PlayNextTick
009bb6f9 +009 KaM_Expansion.exe KM_Game       3001   +1 DoUpdateGame
009bb765 +021 KaM_Expansion.exe KM_Game       3013   +3 TKMGame.UpdateGame
007c63a0 +018 KaM_Expansion.exe KM_GameApp    1578   +2 TKMGameApp.DoGameTick
007cd8f1 +08d KaM_Expansion.exe KM_Main        552  +21 TKMMain.DoIdle
0029f6b5 +099 KaM_Expansion.exe Vcl.Forms               TApplication.Idle
0029e737 +017 KaM_Expansion.exe Vcl.Forms               TApplication.HandleMessage
0029ea69 +0d1 KaM_Expansion.exe Vcl.Forms               TApplication.Run
00a4bb3b +077 KaM_Expansion.exe KaM_Expansion  481   +7 initialization
00a4bb5a +096 KaM_Expansion.exe KaM_Expansion  483   +9 initialization
75c17ba7 +017 KERNEL32.DLL                              BaseThreadInitThunk

thread $4be4:
75c17ba7 +17 KERNEL32.DLL  BaseThreadInitThunk

thread $28e4:
75c17ba7 +17 KERNEL32.DLL  BaseThreadInitThunk

thread $5298:
75c17ba7 +17 KERNEL32.DLL  BaseThreadInitThunk

thread $2e10:
74e54152 +82 KERNELBASE.dll              WaitForSingleObjectEx
74e540bd +0d KERNELBASE.dll              WaitForSingleObject
000c4add +0d KaM_Expansion.exe madExcept CallThreadProcSafe
000c4b42 +32 KaM_Expansion.exe madExcept ThreadExceptFrame
000c4bb8 +a8 KaM_Expansion.exe madExcept ThreadExceptFrame
75c17ba7 +17 KERNEL32.DLL                BaseThreadInitThunk
>> created by main thread ($1b78) at:
7a7f0276 +00 nvoglv32.dll

thread $10dc:
74e54f79 +189 KERNELBASE.dll              WaitForMultipleObjectsEx
000c4add +00d KaM_Expansion.exe madExcept CallThreadProcSafe
000c4b42 +032 KaM_Expansion.exe madExcept ThreadExceptFrame
000c4bb8 +0a8 KaM_Expansion.exe madExcept ThreadExceptFrame
75c17ba7 +017 KERNEL32.DLL                BaseThreadInitThunk
>> created by main thread ($1b78) at:
762102ff +000 CRYPT32.dll

thread $2c28:
74e54f79 +189 KERNELBASE.dll              WaitForMultipleObjectsEx
74e54dd3 +013 KERNELBASE.dll              WaitForMultipleObjects
000c4add +00d KaM_Expansion.exe madExcept CallThreadProcSafe
000c4b42 +032 KaM_Expansion.exe madExcept ThreadExceptFrame
000c4bb8 +0a8 KaM_Expansion.exe madExcept ThreadExceptFrame
75c17ba7 +017 KERNEL32.DLL                BaseThreadInitThunk
>> created by main thread ($1b78) at:
7a81ea4e +000 nvoglv32.dll

thread $2a24:
76cf2dbc +4c USER32.dll                  MsgWaitForMultipleObjectsEx
76d0245a +1a USER32.dll                  MsgWaitForMultipleObjects
000c4add +0d KaM_Expansion.exe madExcept CallThreadProcSafe
000c4b42 +32 KaM_Expansion.exe madExcept ThreadExceptFrame
000c4bb8 +a8 KaM_Expansion.exe madExcept ThreadExceptFrame
75c17ba7 +17 KERNEL32.DLL                BaseThreadInitThunk
>> created by thread $2e10 at:
7a7ea0f7 +00 nvoglv32.dll

thread $2c54:
75c17ba7 +17 KERNEL32.DLL  BaseThreadInitThunk

thread $3734:
75c17ba7 +17 KERNEL32.DLL  BaseThreadInitThunk

thread $2af0: <priority:15>
74e54f79 +189 KERNELBASE.dll              WaitForMultipleObjectsEx
74e54dd3 +013 KERNELBASE.dll              WaitForMultipleObjects
000c4add +00d KaM_Expansion.exe madExcept CallThreadProcSafe
000c4b42 +032 KaM_Expansion.exe madExcept ThreadExceptFrame
000c4bb8 +0a8 KaM_Expansion.exe madExcept ThreadExceptFrame
75c17ba7 +017 KERNEL32.DLL                BaseThreadInitThunk
>> created by main thread ($1b78) at:
687af555 +000 dsound.DLL

thread $166c: <priority:15>
74e54f79 +189 KERNELBASE.dll              WaitForMultipleObjectsEx
74e54dd3 +013 KERNELBASE.dll              WaitForMultipleObjects
000c4add +00d KaM_Expansion.exe madExcept CallThreadProcSafe
000c4b42 +032 KaM_Expansion.exe madExcept ThreadExceptFrame
000c4bb8 +0a8 KaM_Expansion.exe madExcept ThreadExceptFrame
75c17ba7 +017 KERNEL32.DLL                BaseThreadInitThunk
>> created by main thread ($1b78) at:
687af555 +000 dsound.DLL

thread $10f0: <priority:15>
74e54152 +82 KERNELBASE.dll              WaitForSingleObjectEx
74e540bd +0d KERNELBASE.dll              WaitForSingleObject
7512857c +8c msvcrt.dll                  _endthreadex
000c4add +0d KaM_Expansion.exe madExcept CallThreadProcSafe
000c4b42 +32 KaM_Expansion.exe madExcept ThreadExceptFrame
000c4bb8 +a8 KaM_Expansion.exe madExcept ThreadExceptFrame
75c17ba7 +17 KERNEL32.DLL                BaseThreadInitThunk
>> created by main thread ($1b78) at:
7512845f +7f msvcrt.dll                  _beginthreadex

thread $480c: <priority:2>
74e54f79 +189 KERNELBASE.dll              WaitForMultipleObjectsEx
74e54dd3 +013 KERNELBASE.dll              WaitForMultipleObjects
7512857c +08c msvcrt.dll                  _endthreadex
000c4add +00d KaM_Expansion.exe madExcept CallThreadProcSafe
000c4b42 +032 KaM_Expansion.exe madExcept ThreadExceptFrame
000c4bb8 +0a8 KaM_Expansion.exe madExcept ThreadExceptFrame
75c17ba7 +017 KERNEL32.DLL                BaseThreadInitThunk
>> created by main thread ($1b78) at:
7512845f +07f msvcrt.dll                  _beginthreadex

thread $3f0: <priority:15>
74e54152 +82 KERNELBASE.dll              WaitForSingleObjectEx
751283cc +9c msvcrt.dll                  _endthread
000c4add +0d KaM_Expansion.exe madExcept CallThreadProcSafe
000c4b42 +32 KaM_Expansion.exe madExcept ThreadExceptFrame
000c4bb8 +a8 KaM_Expansion.exe madExcept ThreadExceptFrame
75c17ba7 +17 KERNEL32.DLL                BaseThreadInitThunk
>> created by main thread ($1b78) at:
75128291 +71 msvcrt.dll                  _beginthread

thread $4868: <priority:14>
74e54f79 +189 KERNELBASE.dll              WaitForMultipleObjectsEx
74e54dd3 +013 KERNELBASE.dll              WaitForMultipleObjects
000c4add +00d KaM_Expansion.exe madExcept CallThreadProcSafe
000c4b42 +032 KaM_Expansion.exe madExcept ThreadExceptFrame
000c4bb8 +0a8 KaM_Expansion.exe madExcept ThreadExceptFrame
75c17ba7 +017 KERNEL32.DLL                BaseThreadInitThunk
>> created by thread $3560 at:
687c970d +000 dsound.DLL

thread $b94: <priority:15>
000c4add +0d KaM_Expansion.exe madExcept CallThreadProcSafe
000c4b42 +32 KaM_Expansion.exe madExcept ThreadExceptFrame
000c4bb8 +a8 KaM_Expansion.exe madExcept ThreadExceptFrame
75c17ba7 +17 KERNEL32.DLL                BaseThreadInitThunk
>> created by thread $3560 at:
73266555 +00 winmm.dll

thread $3938 (TKMWorkerThread):
74e54152 +082 KERNELBASE.dll                            WaitForSingleObjectEx
74e540bd +00d KERNELBASE.dll                            WaitForSingleObject
0007062e +002 KaM_Expansion.exe System.SysUtils         WaitForSyncWaitObj
0007081f +01f KaM_Expansion.exe System.SysUtils         WaitOrSignalObj
0001b6b1 +065 KaM_Expansion.exe System           23  +0 TMonitor.Wait
0001b6ee +0a2 KaM_Expansion.exe System           23  +0 TMonitor.Wait
0001b726 +022 KaM_Expansion.exe System           23  +0 TMonitor.Wait
002dc489 +0dd KaM_Expansion.exe KM_WorkerThread 153 +27 TKMWorkerThread.Execute
002dc4e1 +135 KaM_Expansion.exe KM_WorkerThread 159 +33 TKMWorkerThread.Execute
002dc55b +1af KaM_Expansion.exe KM_WorkerThread 175 +49 TKMWorkerThread.Execute
000c4bf7 +02b KaM_Expansion.exe madExcept               HookedTThreadExecute
000c4c62 +096 KaM_Expansion.exe madExcept               HookedTThreadExecute
0014cf71 +049 KaM_Expansion.exe System.Classes          ThreadProc
0014cfd4 +0ac KaM_Expansion.exe System.Classes          ThreadProc
0001c4b4 +028 KaM_Expansion.exe System           23  +0 ThreadWrapper
000c4add +00d KaM_Expansion.exe madExcept               CallThreadProcSafe
000c4b42 +032 KaM_Expansion.exe madExcept               ThreadExceptFrame
000c4bb8 +0a8 KaM_Expansion.exe madExcept               ThreadExceptFrame
75c17ba7 +017 KERNEL32.DLL                              BaseThreadInitThunk
>> created by main thread ($1b78) at:
0014d038 +018 KaM_Expansion.exe System.Classes          TThread.Create

thread $2920:
74e54f79 +189 KERNELBASE.dll              WaitForMultipleObjectsEx
000c4add +00d KaM_Expansion.exe madExcept CallThreadProcSafe
000c4b42 +032 KaM_Expansion.exe madExcept ThreadExceptFrame
000c4bb8 +0a8 KaM_Expansion.exe madExcept ThreadExceptFrame
75c17ba7 +017 KERNEL32.DLL                BaseThreadInitThunk
>> created by thread $3938 (TKMWorkerThread) at:
75f1587e +000 combase.dll

thread $2ec8:
76cf2dbc +4c USER32.dll                  MsgWaitForMultipleObjectsEx
000c4add +0d KaM_Expansion.exe madExcept CallThreadProcSafe
000c4b42 +32 KaM_Expansion.exe madExcept ThreadExceptFrame
000c4bb8 +a8 KaM_Expansion.exe madExcept ThreadExceptFrame
75c17ba7 +17 KERNEL32.DLL                BaseThreadInitThunk
>> created by thread $3938 (TKMWorkerThread) at:
751c628b +00 shcore.dll

thread $4e0c:
75c17ba7 +17 KERNEL32.DLL  BaseThreadInitThunk

thread $2bc8 (TKMWorkerThread):
74e54152 +082 KERNELBASE.dll                            WaitForSingleObjectEx
74e540bd +00d KERNELBASE.dll                            WaitForSingleObject
0007062e +002 KaM_Expansion.exe System.SysUtils         WaitForSyncWaitObj
0007081f +01f KaM_Expansion.exe System.SysUtils         WaitOrSignalObj
0001b6b1 +065 KaM_Expansion.exe System           23  +0 TMonitor.Wait
0001b6ee +0a2 KaM_Expansion.exe System           23  +0 TMonitor.Wait
0001b726 +022 KaM_Expansion.exe System           23  +0 TMonitor.Wait
002dc489 +0dd KaM_Expansion.exe KM_WorkerThread 153 +27 TKMWorkerThread.Execute
002dc4e1 +135 KaM_Expansion.exe KM_WorkerThread 159 +33 TKMWorkerThread.Execute
002dc55b +1af KaM_Expansion.exe KM_WorkerThread 175 +49 TKMWorkerThread.Execute
000c4bf7 +02b KaM_Expansion.exe madExcept               HookedTThreadExecute
000c4c62 +096 KaM_Expansion.exe madExcept               HookedTThreadExecute
0014cf71 +049 KaM_Expansion.exe System.Classes          ThreadProc
0014cfd4 +0ac KaM_Expansion.exe System.Classes          ThreadProc
0001c4b4 +028 KaM_Expansion.exe System           23  +0 ThreadWrapper
000c4add +00d KaM_Expansion.exe madExcept               CallThreadProcSafe
000c4b42 +032 KaM_Expansion.exe madExcept               ThreadExceptFrame
000c4bb8 +0a8 KaM_Expansion.exe madExcept               ThreadExceptFrame
75c17ba7 +017 KERNEL32.DLL                              BaseThreadInitThunk
>> created by main thread ($1b78) at:
0014d038 +018 KaM_Expansion.exe System.Classes          TThread.Create

thread $4290 (TKMWorkerThread):
74e54152 +082 KERNELBASE.dll                            WaitForSingleObjectEx
74e540bd +00d KERNELBASE.dll                            WaitForSingleObject
0007062e +002 KaM_Expansion.exe System.SysUtils         WaitForSyncWaitObj
0007081f +01f KaM_Expansion.exe System.SysUtils         WaitOrSignalObj
0001b6b1 +065 KaM_Expansion.exe System           23  +0 TMonitor.Wait
0001b6ee +0a2 KaM_Expansion.exe System           23  +0 TMonitor.Wait
0001b726 +022 KaM_Expansion.exe System           23  +0 TMonitor.Wait
002dc489 +0dd KaM_Expansion.exe KM_WorkerThread 153 +27 TKMWorkerThread.Execute
002dc4e1 +135 KaM_Expansion.exe KM_WorkerThread 159 +33 TKMWorkerThread.Execute
002dc55b +1af KaM_Expansion.exe KM_WorkerThread 175 +49 TKMWorkerThread.Execute
000c4bf7 +02b KaM_Expansion.exe madExcept               HookedTThreadExecute
000c4c62 +096 KaM_Expansion.exe madExcept               HookedTThreadExecute
0014cf71 +049 KaM_Expansion.exe System.Classes          ThreadProc
0014cfd4 +0ac KaM_Expansion.exe System.Classes          ThreadProc
0001c4b4 +028 KaM_Expansion.exe System           23  +0 ThreadWrapper
000c4add +00d KaM_Expansion.exe madExcept               CallThreadProcSafe
000c4b42 +032 KaM_Expansion.exe madExcept               ThreadExceptFrame
000c4bb8 +0a8 KaM_Expansion.exe madExcept               ThreadExceptFrame
75c17ba7 +017 KERNEL32.DLL                              BaseThreadInitThunk
>> created by main thread ($1b78) at:
0014d038 +018 KaM_Expansion.exe System.Classes          TThread.Create

thread $27f4 (TKMWorkerThread):
74e54152 +082 KERNELBASE.dll                            WaitForSingleObjectEx
74e540bd +00d KERNELBASE.dll                            WaitForSingleObject
0007062e +002 KaM_Expansion.exe System.SysUtils         WaitForSyncWaitObj
0007081f +01f KaM_Expansion.exe System.SysUtils         WaitOrSignalObj
0001b6b1 +065 KaM_Expansion.exe System           23  +0 TMonitor.Wait
0001b6ee +0a2 KaM_Expansion.exe System           23  +0 TMonitor.Wait
0001b726 +022 KaM_Expansion.exe System           23  +0 TMonitor.Wait
002dc489 +0dd KaM_Expansion.exe KM_WorkerThread 153 +27 TKMWorkerThread.Execute
002dc4e1 +135 KaM_Expansion.exe KM_WorkerThread 159 +33 TKMWorkerThread.Execute
002dc55b +1af KaM_Expansion.exe KM_WorkerThread 175 +49 TKMWorkerThread.Execute
000c4bf7 +02b KaM_Expansion.exe madExcept               HookedTThreadExecute
000c4c62 +096 KaM_Expansion.exe madExcept               HookedTThreadExecute
0014cf71 +049 KaM_Expansion.exe System.Classes          ThreadProc
0014cfd4 +0ac KaM_Expansion.exe System.Classes          ThreadProc
0001c4b4 +028 KaM_Expansion.exe System           23  +0 ThreadWrapper
000c4add +00d KaM_Expansion.exe madExcept               CallThreadProcSafe
000c4b42 +032 KaM_Expansion.exe madExcept               ThreadExceptFrame
000c4bb8 +0a8 KaM_Expansion.exe madExcept               ThreadExceptFrame
75c17ba7 +017 KERNEL32.DLL                              BaseThreadInitThunk
>> created by main thread ($1b78) at:
0014d038 +018 KaM_Expansion.exe System.Classes          TThread.Create

modules:
00010000 KaM_Expansion.exe               1.0.0.0             E:\programowanie\projekty delphi\kam_expansion
00df0000 ogg.dll                                             E:\programowanie\projekty delphi\kam_expansion
01840000 vorbis.dll                                          E:\programowanie\projekty delphi\kam_expansion
0be00000 nvgpucomp32.dll                 32.0.15.6094        C:\WINDOWS\System32\DriverStore\FileRepository\nvmd.inf_amd64_aa54f7a758543a0a
10000000 vorbisfile.dll                                      E:\programowanie\projekty delphi\kam_expansion
10c20000 OpenAL32.dll                    6.14.357.24         C:\WINDOWS\SYSTEM32
11000000 bass.dll                        2.4.8.1             E:\programowanie\projekty delphi\kam_expansion
17980000 wrap_oal.dll                    2.2.0.5             C:\WINDOWS\SYSTEM32
50010000 Windows.System.Launcher.dll     6.2.22621.4541      C:\Windows\System32
501b0000 FaultRep.dll                    6.2.22621.4541      C:\WINDOWS\SYSTEM32
5a520000 gdiplus.dll                     6.2.22621.4541      C:\WINDOWS\WinSxS\x86_microsoft.windows.gdiplus_6595b64144ccf1df_1.1.22621.4541_none_9fa8fb81e2936359
681c0000 AVRT.dll                        6.2.22621.2506      C:\WINDOWS\SYSTEM32
681d0000 wdmaud.drv                      6.2.22621.3527      C:\WINDOWS\SYSTEM32
682e0000 MMDevAPI.DLL                    6.2.22621.4111      C:\WINDOWS\SYSTEM32
68380000 ResampleDmo.DLL                 6.2.22621.2506      C:\WINDOWS\SYSTEM32
68500000 nvspcap.dll                     11.0.1.163          C:\WINDOWS\system32
68750000 ksuser.dll                      6.2.22621.1         C:\WINDOWS\SYSTEM32
68760000 msdmo.dll                       6.2.22621.1         C:\WINDOWS\SYSTEM32
68770000 dsound.DLL                      6.2.22621.3527      C:\WINDOWS\SYSTEM32
6a2e0000 Windows.UI.dll                  6.2.22621.4541      C:\Windows\System32
6afe0000 msvcp110_win.dll                6.2.22621.1         C:\Windows\System32
6b0e0000 ntshrui.dll                     6.2.22621.4541      C:\WINDOWS\system32
6b910000 winspool.drv                    6.2.22621.3810      C:\WINDOWS\SYSTEM32
6be90000 midimap.dll                     6.2.22621.2506      C:\WINDOWS\SYSTEM32
6bea0000 MSACM32.dll                     6.2.22621.1         C:\WINDOWS\SYSTEM32
6bec0000 msacm32.drv                     6.2.22621.2506      C:\WINDOWS\SYSTEM32
6bed0000 AUDIOSES.DLL                    6.2.22621.4541      C:\WINDOWS\SYSTEM32
6d3c0000 cscapi.dll                      6.2.22621.1         C:\WINDOWS\SYSTEM32
6d3d0000 LINKINFO.dll                    6.2.22621.1         C:\WINDOWS\SYSTEM32
6d510000 drvstore.dll                    6.2.22621.4541      C:\WINDOWS\SYSTEM32
6d620000 winmmbase.dll                   6.2.22621.1         C:\WINDOWS\SYSTEM32
6d650000 UMPDC.dll                       6.2.22621.1         C:\WINDOWS\SYSTEM32
6d660000 powrprof.dll                    6.2.22621.3958      C:\WINDOWS\SYSTEM32
6dbc0000 cryptnet.dll                    6.2.22621.1         C:\WINDOWS\SYSTEM32
6dc20000 rsaenh.dll                      6.2.22621.4249      C:\WINDOWS\system32
6dc50000 CRYPTSP.dll                     6.2.22621.3672      C:\WINDOWS\SYSTEM32
6e5c0000 dwmapi.dll                      6.2.22621.4541      C:\WINDOWS\SYSTEM32
6ea20000 devobj.dll                      6.2.22621.2506      C:\WINDOWS\SYSTEM32
70950000 GLU32.dll                       6.2.22621.2506      C:\WINDOWS\SYSTEM32
70df0000 opengl32.dll                    6.2.22621.4541      C:\WINDOWS\SYSTEM32
71f70000 TextShaping.dll                 6.2.22621.4541      C:\WINDOWS\SYSTEM32
72010000 CoreUIComponents.dll            6.2.22621.4541      C:\WINDOWS\SYSTEM32
722b0000 CoreMessaging.dll               6.2.22621.4541      C:\WINDOWS\SYSTEM32
72380000 textinputframework.dll          6.2.22621.4541      C:\WINDOWS\SYSTEM32
72a20000 dxcore.dll                      6.2.22621.4541      C:\WINDOWS\SYSTEM32
72c80000 apphelp.dll                     6.2.22621.4391      C:\WINDOWS\SYSTEM32
72dc0000 COMCTL32.dll                    6.10.22621.4541     C:\WINDOWS\WinSxS\x86_microsoft.windows.common-controls_6595b64144ccf1df_6.0.22621.4541_none_6ebe089c8800e98b
730e0000 WINSTA.dll                      6.2.22621.4541      C:\WINDOWS\SYSTEM32
73130000 winhttp.dll                     6.2.22621.4541      C:\WINDOWS\SYSTEM32
73230000 ntmarta.dll                     6.2.22621.1         C:\WINDOWS\SYSTEM32
73260000 winmm.dll                       6.2.22621.4541      C:\WINDOWS\SYSTEM32
732b0000 MPR.dll                         6.2.22621.1         C:\WINDOWS\SYSTEM32
732f0000 wldp.dll                        6.2.22621.4541      C:\WINDOWS\SYSTEM32
73340000 srvcli.dll                      6.2.22621.4249      C:\Windows\System32
73360000 iertutil.dll                    11.0.22621.4541     C:\Windows\System32
735d0000 urlmon.dll                      11.0.22621.4169     C:\Windows\System32
737a0000 cfgmgr32.dll                    6.2.22621.2506      C:\WINDOWS\SYSTEM32
737e0000 propsys.dll                     7.0.22621.4249      C:\WINDOWS\system32
738b0000 msasn1.dll                      6.2.22621.2506      C:\WINDOWS\SYSTEM32
738c0000 wsock32.dll                     6.2.22621.1         C:\WINDOWS\SYSTEM32
738d0000 SspiCli.dll                     6.2.22621.3810      C:\Windows\System32
73910000 uxtheme.dll                     6.2.22621.4541      C:\WINDOWS\system32
739b0000 SHFolder.dll                    6.2.22621.1         C:\WINDOWS\SYSTEM32
73bf0000 mssprxy.dll                     7.0.22621.4249      C:\WINDOWS\system32
73c00000 resourcepolicyclient.dll        6.2.22621.3527      C:\WINDOWS\SYSTEM32
73c10000 libvlc.dll                      3.0.8.0             E:\programowanie\projekty delphi\kam_expansion\lib\vlc
73c40000 libvlccore.dll                  3.0.8.0             E:\programowanie\projekty delphi\kam_expansion\lib\vlc
740d0000 kernel.appcore.dll              6.2.22621.3958      C:\WINDOWS\SYSTEM32
740f0000 netutils.dll                    6.2.22621.2506      C:\Windows\System32
74100000 wkscli.dll                      6.2.22621.4249      C:\WINDOWS\System32
74120000 version.dll                     6.2.22621.1         C:\WINDOWS\SYSTEM32
743b0000 profapi.dll                     6.2.22621.4541      C:\WINDOWS\SYSTEM32
743e0000 wintypes.dll                    6.2.22621.3810      C:\WINDOWS\SYSTEM32
744b0000 windows.storage.dll             6.2.22621.4601      C:\WINDOWS\SYSTEM32
74c50000 CRYPTBASE.DLL                   6.2.22621.1         C:\WINDOWS\SYSTEM32
74c60000 USERENV.dll                     6.2.22621.3527      C:\WINDOWS\SYSTEM32
74c80000 wtsapi32.dll                    6.2.22621.1         C:\WINDOWS\SYSTEM32
74d10000 KERNELBASE.dll                  6.2.22621.4601      C:\WINDOWS\System32
74fa0000 ucrtbase.dll                    6.2.22621.3593      C:\WINDOWS\System32
750c0000 msvcrt.dll                      7.0.22621.2506      C:\WINDOWS\System32
75190000 shcore.dll                      6.2.22621.4541      C:\WINDOWS\System32
75260000 oleaut32.dll                    6.2.22621.3672      C:\WINDOWS\System32
75470000 win32u.dll                      6.2.22621.4460      C:\WINDOWS\System32
75490000 SHELL32.dll                     6.2.22621.4541      C:\WINDOWS\System32
75b40000 RPCRT4.dll                      6.2.22621.4249      C:\WINDOWS\System32
75c00000 KERNEL32.DLL                    6.2.22621.4391      C:\WINDOWS\System32
75cf0000 gdi32full.dll                   6.2.22621.4601      C:\WINDOWS\System32
75e80000 combase.dll                     6.2.22621.4601      C:\WINDOWS\System32
76110000 WINTRUST.dll                    6.2.22621.4541      C:\WINDOWS\System32
76170000 msvcp_win.dll                   6.2.22621.3374      C:\WINDOWS\System32
761f0000 CRYPT32.dll                     6.2.22621.4541      C:\WINDOWS\System32
76300000 GDI32.dll                       6.2.22621.4036      C:\WINDOWS\System32
76330000 SETUPAPI.dll                    6.2.22621.2506      C:\WINDOWS\System32
76770000 coml2.dll                       6.2.22621.3672      C:\WINDOWS\System32
767e0000 MSCTF.dll                       6.2.22621.4601      C:\WINDOWS\System32
768f0000 ole32.dll                       6.2.22621.3958      C:\WINDOWS\System32
76a50000 bcrypt.dll                      6.2.22621.2506      C:\WINDOWS\System32
76a80000 advapi32.dll                    6.2.22621.4391      C:\WINDOWS\System32
76b00000 sechost.dll                     6.2.22621.4541      C:\WINDOWS\System32
76b90000 WS2_32.dll                      6.2.22621.1         C:\WINDOWS\System32
76bf0000 clbcatq.dll                     2001.12.10941.16384 C:\WINDOWS\System32
76c80000 shlwapi.dll                     6.2.22621.4541      C:\WINDOWS\System32
76cd0000 USER32.dll                      6.2.22621.4601      C:\WINDOWS\System32
76e80000 comdlg32.dll                    6.2.22621.4541      C:\WINDOWS\System32
76f40000 imagehlp.dll                    6.2.22621.1         C:\WINDOWS\System32
76f60000 IMM32.DLL                       6.2.22621.3374      C:\WINDOWS\System32
76ff0000 PSAPI.dll                       6.2.22621.1         C:\WINDOWS\System32
77010000 bcryptPrimitives.dll            6.2.22621.4317      C:\WINDOWS\System32
77090000 ntdll.dll                       6.2.22621.4541      C:\WINDOWS\SYSTEM32
77250000 drprov.dll                      6.2.22621.1         C:\WINDOWS\System32
77500000 wpdshext.dll                    6.2.22621.4541      C:\WINDOWS\system32
775a0000 AppXDeploymentClient.dll        6.2.22621.4541      C:\Windows\System32
77fe0000 windows.staterepositorycore.dll 6.2.22621.4036      C:\WINDOWS\SYSTEM32
787a0000 NetworkExplorer.dll             6.2.22621.3527      C:\WINDOWS\system32
79fe0000 nvoglv32.dll                    32.0.15.6094        C:\WINDOWS\System32\DriverStore\FileRepository\nvmd.inf_amd64_aa54f7a758543a0a
7ba80000 Windows.FileExplorer.Common.dll 6.2.22621.4541      C:\Windows\System32
7bbd0000 Windows.StateRepositoryPS.dll   6.2.22621.4036      C:\Windows\System32
7c1a0000 p9np.dll                        6.2.22621.4541      C:\WINDOWS\System32
7c1d0000 ntlanman.dll                    6.2.22621.4249      C:\WINDOWS\System32
7c1f0000 davclnt.dll                     6.2.22621.1         C:\WINDOWS\System32

hardware:
+ {1ed2bbf9-11f0-4084-b21f-ad83a8e6dcdc}
  - Fax
  - G³ówna kolejka wydruku
  - HP Smart Printing
  - Microsoft Print to PDF
  - Microsoft XPS Document Writer
+ {36fc9e60-c465-11cf-8056-444553540000}
  - G³ówny koncentrator USB (USB 3.0)
  - Intel(R) USB 3.20 eXtensible Host Controller - 1.20 (Microsoft)
  - Rodzajowy koncentrator USB
  - Rodzajowy koncentrator USB
  - Rodzajowy koncentrator USB SuperSpeed
  - Urz¹dzenie kompozytowe USB
  - Urz¹dzenie kompozytowe USB
+ {4d36e966-e325-11ce-bfc1-08002be10318}
  - Komputer oparty na architekturze x64 obs³uguj¹cy interfejs ACPI
  - Micro-Star International Co., Ltd. MS-7D15
+ {4d36e967-e325-11ce-bfc1-08002be10318}
  - KXG60ZNV512G KIOXIA
  - Samsung SSD 980 1TB
+ {4d36e968-e325-11ce-bfc1-08002be10318}
  - NVIDIA GeForce RTX 3060 Ti (driver 32.0.15.6094)
+ {4d36e96a-e325-11ce-bfc1-08002be10318}
  - Standardowy kontroler SATA AHCI
+ {4d36e96b-e325-11ce-bfc1-08002be10318}
  - Urz¹dzenie klawiatury HID
  - Urz¹dzenie klawiatury HID
+ {4d36e96c-e325-11ce-bfc1-08002be10318}
  - NVIDIA High Definition Audio (driver 1.4.0.1)
  - NVIDIA Virtual Audio Device (Wave Extensible) (WDM) (driver 4.65.0.3)
  - Urz¹dzenie zgodne ze standardem High Definition Audio
+ {4d36e96e-e325-11ce-bfc1-08002be10318}
  - Generic Monitor (Smart TV)
+ {4d36e96f-e325-11ce-bfc1-08002be10318}
  - Mysz zgodna z HID
+ {4d36e972-e325-11ce-bfc1-08002be10318}
  - Microsoft Kernel Debug Network Adapter
  - Realtek Gaming 2.5GbE Family Controller (driver 10.71.312.2024)
  - WAN Miniport (IKEv2)
  - WAN Miniport (IP)
  - WAN Miniport (IPv6)
  - WAN Miniport (L2TP)
  - WAN Miniport (Network Monitor)
  - WAN Miniport (PPPOE)
  - WAN Miniport (PPTP)
  - WAN Miniport (SSTP)
+ {4d36e97b-e325-11ce-bfc1-08002be10318}
  - Kontroler miejsc do magazynowania firmy Microsoft
  - Standardowy kontroler NVM Express
  - Standardowy kontroler NVM Express
  - Xvdd SCSI Miniport (driver 10.0.22020.1)
+ {4d36e97d-e325-11ce-bfc1-08002be10318}
  - Agregator procesora systemu ACPI
  - Alarm wznawiania ACPI
  - AMD Crash Defender (driver 22.20.0.2)
  - Aplikacja zbieraj¹ca informacje o oprogramowaniu urz¹dzeñ Plug and Play
  - Ch³odzenie ACPI
  - Ch³odzenie ACPI
  - Ch³odzenie ACPI
  - Ch³odzenie ACPI
  - Ch³odzenie ACPI
  - Czasomierz systemowy
  - Czasomierz zdarzeniowy wysokiej precyzji
  - Intel(R) GNA - 4C11 (driver 10.1.41.5)
  - Intel(R) Host Bridge/DRAM Registers - 4C53 (driver 10.1.41.5)
  - Intel(R) LPC Controller (B560) - 4387 (driver 10.1.34.10)
  - Intel(R) Management Engine Interface #1 (driver 2131.1.4.0)
  - Intel(R) PCI Express Root Port #21 - 43C4 (driver 10.1.34.10)
  - Intel(R) PCI Express Root Port #6 - 43BD (driver 10.1.34.10)
  - Intel(R) PCI Express Root Port #9 - 43B0 (driver 10.1.34.10)
  - Intel(R) PEG10 - 4C01 (driver 10.1.41.5)
  - Intel(R) Serial IO GPIO Host Controller - INT34C6 (driver 30.100.2051.37)
  - Intel(R) Shared SRAM - 43EF (driver 10.1.34.10)
  - Intel(R) SPI (flash) Controller - 43A4 (driver 10.1.34.10)
  - Intel(R) Watchdog Timer Driver (Intel(R) WDT) (driver 11.7.0.1000)
  - Interfejs zarz¹dzania Microsoft Windows dla ACPI
  - Interfejs zarz¹dzania Microsoft Windows dla ACPI
  - Interfejs zarz¹dzania Microsoft Windows dla ACPI
  - Interfejs zarz¹dzania Microsoft Windows dla ACPI
  - Interfejs zarz¹dzania Microsoft Windows dla ACPI
  - Kontroler zgodny ze standardem High Definition Audio
  - Kontroler zgodny ze standardem High Definition Audio
  - Magistrala readresatora urz¹dzeñ us³ug pulpitu zdalnego
  - Mened¿er woluminów
  - Modu³ wyliczaj¹cy dysku wirtualnego firmy Microsoft
  - Modu³ wyliczaj¹cy magistrali g³ównej UMBus
  - Modu³ wyliczaj¹cy magistrali kompozytowej
  - Modu³ wyliczaj¹cy wirtualnej karty sieciowej NDIS
  - Podstawowy sterownik ekranu firmy Microsoft
  - Podstawowy sterownik renderowania firmy Microsoft
  - Procesor numeryczny
  - Programowalny kontroler przerwañ
  - Przycisk ACPI Fixed Feature
  - Przycisk uœpienia ACPI
  - Przycisk zasilania ACPI
  - Serwer PCI funkcji Microsoft Hyper-V
  - Sterownik BIOS zarz¹dzania systemem firmy Microsoft
  - Sterownik infrastruktury wirtualizacji funkcji Microsoft Hyper-V
  - Sterownik wybierania Ÿród³a ³adowania
  - Strefa termiczna ACPI
  - Synaptics SMBus Driver (driver 19.5.19.95)
  - System zgodny ze standardem Microsoft ACPI
  - System zgodny ze standardem Microsoft UEFI
  - Us³uga hosta funkcji hypervisor firmy Microsoft
  - Wtyczka aparatu zasilania firmy Intel(R)
  - Zasoby p³yty g³ównej
  - Zasoby p³yty g³ównej
  - Zasoby p³yty g³ównej
  - Zasoby p³yty g³ównej
  - Zasoby p³yty g³ównej
  - Zasoby p³yty g³ównej
  - Zasoby p³yty g³ównej
  - Zasoby p³yty g³ównej
  - Zespó³ g³ówny PCI Express
+ {50127dc3-0f36-415e-a6cc-4cb3be910b65}
  - 11th Gen Intel(R) Core(TM) i5-11400F @ 2.60GHz
  - 11th Gen Intel(R) Core(TM) i5-11400F @ 2.60GHz
  - 11th Gen Intel(R) Core(TM) i5-11400F @ 2.60GHz
  - 11th Gen Intel(R) Core(TM) i5-11400F @ 2.60GHz
  - 11th Gen Intel(R) Core(TM) i5-11400F @ 2.60GHz
  - 11th Gen Intel(R) Core(TM) i5-11400F @ 2.60GHz
  - 11th Gen Intel(R) Core(TM) i5-11400F @ 2.60GHz
  - 11th Gen Intel(R) Core(TM) i5-11400F @ 2.60GHz
  - 11th Gen Intel(R) Core(TM) i5-11400F @ 2.60GHz
  - 11th Gen Intel(R) Core(TM) i5-11400F @ 2.60GHz
  - 11th Gen Intel(R) Core(TM) i5-11400F @ 2.60GHz
  - 11th Gen Intel(R) Core(TM) i5-11400F @ 2.60GHz
+ {533c5b84-ec70-11d2-9505-00c04f79deaf}
  - Rodzajowa kopia w tle woluminów
  - Rodzajowa kopia w tle woluminów
  - Rodzajowa kopia w tle woluminów
  - Rodzajowa kopia w tle woluminów
  - Rodzajowa kopia w tle woluminów
  - Rodzajowa kopia w tle woluminów
+ {5c4c3332-344d-483c-8739-259e934c9cc8}
  - Intel(R) Dynamic Application Loader Host Interface (driver 1.44.2023.710)
  - Intel(R) iCLS Client (driver 1.71.99.0)
  - Intel(R) Management Engine WMI Provider (driver 2408.5.4.0)
+ {62f9c741-b25a-46ce-b54c-9bccce08b6f2}
  - LAPTOP-5CTTUAIM: szybyc@wp.pl:
  - Microsoft Device Association Root Enumerator
  - Microsoft Radio Device Enumeration Bus
  - Microsoft RRAS Root Enumerator
  - POLSATBOX4KLITE-
  - Syntezator SW Microsoft GS Wavetable
+ {745a17a0-74d3-11d0-b6fe-00a0c90f57da}
  - Kontroler systemu zgodny z HID
  - Kontroler systemu zgodny z HID
  - Urz¹dzenie steruj¹ce u¿ytkownika zgodne z HID
  - Urz¹dzenie steruj¹ce u¿ytkownika zgodne z HID
  - Urz¹dzenie wejœciowe USB
  - Urz¹dzenie wejœciowe USB
  - Urz¹dzenie wejœciowe USB
  - Urz¹dzenie wejœciowe USB
  - Urz¹dzenie wejœciowe USB
  - Urz¹dzenie zdefiniowane przez dostawcê zgodne z HID
  - Urz¹dzenie zdefiniowane przez dostawcê zgodne z HID
  - Urz¹dzenie zgodne z HID
+ {c166523c-fe0c-4a94-a586-f1a80cfbbf3e}
  - Cyfrowe urz¹dzenie audio (S/PDIF) (High Definition Audio Device)
  - Mikrofon (High Definition Audio Device)
  - Smart TV (NVIDIA High Definition Audio)
  - S³uchawki (High Definition Audio Device)
+ {f2e7dd72-6468-4e36-b6f1-6488f42c1b52}
  - Oprogramowanie uk³adowe urz¹dzenia

cpu registers:
eax = 1be1d5c0
ebx = 00000000
ecx = 00000000
edx = 0fde7338
esi = 00a4bac4
edi = 00a4bac4
eip = 00819cfc
esp = 017ff628
ebp = 017ff69c

stack dump:
017ff628  fc 9c 81 00 de fa ed 0e - 01 00 00 00 07 00 00 00  ................
017ff638  3c f6 7f 01 fc 9c 81 00 - c0 d5 e1 1b 00 00 00 00  <...............
017ff648  c4 ba a4 00 c4 ba a4 00 - 9c f6 7f 01 58 f6 7f 01  ............X...
017ff658  7c f7 7f 01 9c bb 01 00 - 9c f6 7f 01 20 4c fe 08  |........... L..
017ff668  00 00 00 00 00 00 00 00 - 00 00 00 00 b4 cb 81 00  ................
017ff678  11 00 00 00 5c 35 b7 15 - 11 00 00 00 f8 17 00 00  ....\5..........
017ff688  00 00 00 00 00 00 00 00 - f8 17 00 00 14 cb 81 00  ................
017ff698  b4 cb 81 00 b4 f6 7f 01 - 7b c4 01 00 fc 9c 81 00  ........{.......
017ff6a8  f8 17 00 00 14 cb 81 00 - b4 cb 81 00 74 f7 7f 01  ............t...
017ff6b8  fc 9c 81 00 00 00 df 70 - 03 00 00 00 56 5c 0d 77  .......p....V\.w
017ff6c8  00 00 00 00 dc f7 7f 01 - 60 de d1 75 00 00 00 00  ........`..u....
017ff6d8  00 00 00 00 00 00 00 00 - 00 00 00 00 6a e1 d5 75  ............j..u
017ff6e8  09 00 00 00 20 00 00 00 - c0 c1 e2 70 60 de d1 75  .... ......p`..u
017ff6f8  04 00 00 00 00 10 fe 7f - 64 aa 00 00 c2 1a 0f 77  ........d......w
017ff708  60 f7 7f 01 64 f7 7f 01 - 84 f8 7f 01 ff ff ff ff  `...d...........
017ff718  18 fc 3a 6b fe ff ff ff - 7c f7 7f 01 8d 0a 12 77  ..:k....|......w
017ff728  80 aa df 0f b4 0a 12 77 - 88 aa df 0f 00 00 87 01  .......w........
017ff738  dc 4d 5f 1d b4 f7 7f 01 - b0 17 0f 77 ff ff ff ff  .M_........w....
017ff748  64 f7 7f 01 ca 18 0f 77 - 00 00 00 00 c4 ba a4 00  d......w........
017ff758  0b 00 00 00 c4 f7 7f 01 - 84 f7 7f 01 88 63 0d 77  .............c.w

disassembling:
[...]
00819cb1        mov     edx, [ebp-4]
00819cb4        movzx   edx, word ptr [edx+$120001a]
00819cbb        sub     edx, 1
00819cbe        jno     loc_819cc5
00819cc0        call    -$7ff955 ($1a370)      ; System.@IntOver
00819cc5        cmp     eax, edx
00819cc7        jg      loc_819ce8
00819cc9        cmp     dword ptr [ebp-$1c], 1
00819ccd        jl      loc_819ce8
00819ccf        mov     eax, [ebp-4]
00819cd2        movzx   eax, word ptr [eax+$120001c]
00819cd9        sub     eax, 1
00819cdc        jno     loc_819ce3
00819cde        call    -$7ff973 ($1a370)      ; System.@IntOver
00819ce3        cmp     eax, [ebp-$1c]
00819ce6        jge     loc_819cfc
00819ce8        mov     ecx, $17f8
00819ced        mov     edx, $81cb14
00819cf2        mov     eax, $81cbb4
00819cf7        call    -$7fd8ac ($1c450)      ; System.@Assert
00819cfc 6138 > mov     eax, [ebp-$c]
00819cff        mov     eax, [eax+4]
00819d02        dec     eax
00819d03        cmp     eax, $1ff
00819d08        jbe     loc_819d0f
00819d0a        call    -$7ff9a7 ($1a368)      ; System.@BoundErr
00819d0f        inc     eax
00819d10        imul    eax, eax, $1000
00819d16        jno     loc_819d1d
00819d18        call    -$7ff9ad ($1a370)      ; System.@IntOver
00819d1d        mov     edx, [ebp-4]
00819d20        mov     edx, [edx+$140005c]
00819d26        lea     eax, [edx+eax*8]
00819d29        mov     edx, [ebp-$c]
00819d2c        mov     edx, [edx]
00819d2e        dec     edx
00819d2f        cmp     edx, $1ff
00819d35        jbe     loc_819d3c
00819d37        call    -$7ff9d4 ($1a368)      ; System.@BoundErr
00819d3c        inc     edx
00819d3d        imul    edx, edx, 8
[...]
                                      ================================================================================
                                                                       END BUG REPORT                                 
                                      ================================================================================
19:11:08.924    18,448s     394ms   7032    Creating crash report...
19:11:08.929    18,453s       5ms   7032    Saving game at tick 2956 to 'E:\programowanie\projekty delphi\kam_expansion\Saves\crashreport\crashreport.sav'
19:11:09.829    19,353s     900ms   7032    Attached file: E:\programowanie\projekty delphi\kam_expansion\Saves\crashreport\crashreport.sav
19:11:09.835    19,360s       7ms   7032    Attached file: E:\programowanie\projekty delphi\kam_expansion\Saves\crashreport\crashreport.bas
19:11:09.844    19,368s       7ms   7032    Attached file: E:\programowanie\projekty delphi\kam_expansion\Saves\crashreport\crashreport.rpl
19:11:09.850    19,375s       7ms   7032    Attached file: E:\programowanie\projekty delphi\kam_expansion\Saves\crashreport\crashreport.rng
19:11:09.858    19,382s       7ms   7032    Attached file: E:\programowanie\projekty delphi\kam_expansion\Tutorials\8.Alternatives\8.Alternatives.dat
19:11:09.864    19,388s       6ms   7032    Attached file: E:\programowanie\projekty delphi\kam_expansion\Tutorials\8.Alternatives\8.Alternatives.map
19:11:09.870    19,395s       7ms   7032    Attached file: E:\programowanie\projekty delphi\kam_expansion\Tutorials\8.Alternatives\8.Alternatives.txt
19:11:09.877    19,402s       7ms   7032    Attached file: E:\programowanie\projekty delphi\kam_expansion\Tutorials\8.Alternatives\8.Alternatives.script
19:11:09.883    19,408s       6ms   7032    Attached file: E:\programowanie\projekty delphi\kam_expansion\Tutorials\8.Alternatives\8.Alternatives.eng.libx
19:11:09.889    19,414s       6ms   7032    Attached file: E:\programowanie\projekty delphi\kam_expansion\Tutorials\8.Alternatives\8.Alternatives.pol.libx
19:11:09.896    19,420s       6ms   7032    Attached file: E:\programowanie\projekty delphi\kam_expansion\Saves\autosave04\autosave04.sav
19:11:09.902    19,426s       6ms   7032    Attached file: E:\programowanie\projekty delphi\kam_expansion\Saves\autosave04\autosave04.bas
19:11:09.908    19,432s       6ms   7032    Attached file: E:\programowanie\projekty delphi\kam_expansion\Saves\autosave04\autosave04.rpl
19:11:09.922    19,447s      15ms   7032    Attached file: E:\programowanie\projekty delphi\kam_expansion\Saves\autosave04\autosave04.rng
19:11:09.928    19,453s       6ms   7032    Attached file: E:\programowanie\projekty delphi\kam_expansion\Saves\autosave02\autosave02.sav
19:11:09.934    19,459s       6ms   7032    Attached file: E:\programowanie\projekty delphi\kam_expansion\Saves\autosave02\autosave02.bas
19:11:09.940    19,465s       6ms   7032    Attached file: E:\programowanie\projekty delphi\kam_expansion\Saves\autosave02\autosave02.rpl
19:11:09.948    19,472s       7ms   7032    Attached file: E:\programowanie\projekty delphi\kam_expansion\Saves\autosave02\autosave02.rng
19:11:09.954    19,479s       7ms   7032    Attached file: E:\programowanie\projekty delphi\kam_expansion\Saves\autosave01\autosave01.sav
19:11:09.960    19,485s       6ms   7032    Attached file: E:\programowanie\projekty delphi\kam_expansion\Saves\autosave01\autosave01.bas
19:11:09.967    19,491s       6ms   7032    Attached file: E:\programowanie\projekty delphi\kam_expansion\Saves\autosave01\autosave01.rpl
19:11:09.972    19,497s       6ms   7032    Attached file: E:\programowanie\projekty delphi\kam_expansion\Saves\autosave01\autosave01.rng
19:11:09.978    19,503s       6ms   7032    Crash report created
19:11:09.984    19,508s       5ms   7032    UI at crash time: MainPanel sizes: (1660;966), cursor pos: (964;956), 
CtrlDown = nil
CtrlOver = nil
CtrlUp = ID=2 ParentID=0 Class=TKMImage AbsPos: (0;0) Pos: (0;0) Sizes: [224;200]
CtrlFocus = nil
19:11:09.990    19,515s       6ms   7032    Attached file: E:\programowanie\projekty delphi\kam_expansion\Logs\KaM_2025-01-02_19-10-50-475.log
19:11:09.996    19,521s       6ms   7032    Attached file: C:\Users\szyby\OneDrive\Dokumenty\My Games\Knights and Merchants Remake\KaM Remake Settings KingDyronMod.xml
