   Timestamp    Elapsed     Delta  Thread    Description
========================
    Date: 2024.12.31
========================
11:45:28.157     0,001s       1ms  20768    Log is up and running. Game version: KaM Expansion: Co-op & World Update
11:45:28.162     0,006s       5ms  20768    Game Load started
11:45:28.183     0,027s      21ms  20768    Start loading 'GameApp settings' from 'C:\Users\szyby\OneDrive\Dokumenty\My Games\Knights and Merchants Remake\KaM Remake Settings KingDyronMod.xml'
11:45:28.189     0,033s       6ms  20768    'GameApp settings' was successfully loaded from 'C:\Users\szyby\OneDrive\Dokumenty\My Games\Knights and Merchants Remake\KaM Remake Settings KingDyronMod.xml'
11:45:28.205     0,049s       5ms  20768    Start saving 'GameApp settings' to 'C:\Users\szyby\OneDrive\Dokumenty\My Games\Knights and Merchants Remake\KaM Remake Settings KingDyronMod.xml'
010326fc KaM_Expansion.exe KM_Settings        106 TKMSettings.SaveToDefaultFile
010327cf KaM_Expansion.exe KM_Settings        113 TKMSettings.SaveToDefaultFile
010323cd KaM_Expansion.exe KM_Settings         59 TKMSettings.Create
01032b0a KaM_Expansion.exe KM_SettingsXML      38 TKMSettingsXML.Create
01032e4b KaM_Expansion.exe KM_GameAppSettings  51 TKMGameAppSettings.Create
0124c270 KaM_Expansion.exe KM_Main            258 TKMMain.Start
0124c4f4 KaM_Expansion.exe KM_Main            305 TKMMain.Start
014cab2b KaM_Expansion.exe KaM_Expansion      479 initialization
014cab5a KaM_Expansion.exe KaM_Expansion      482 initialization
772b7ba7 KERNEL32.DLL                             BaseThreadInitThunk

11:45:28.243     0,087s      38ms  20768    'GameApp settings' was successfully saved to 'C:\Users\szyby\OneDrive\Dokumenty\My Games\Knights and Merchants Remake\KaM Remake Settings KingDyronMod.xml'
11:45:28.284     0,128s      41ms  20768    Start loading 'Server settings' from 'C:\Users\szyby\OneDrive\Dokumenty\My Games\Knights and Merchants Remake\KaM Remake Server Settings.ini'
11:45:28.291     0,134s       6ms  20768    'Server settings' was successfully loaded from 'C:\Users\szyby\OneDrive\Dokumenty\My Games\Knights and Merchants Remake\KaM Remake Server Settings.ini'
11:45:28.297     0,140s       6ms  20768    Start saving 'Server settings' to 'C:\Users\szyby\OneDrive\Dokumenty\My Games\Knights and Merchants Remake\KaM Remake Server Settings.ini'
010326fc KaM_Expansion.exe KM_Settings       106 TKMSettings.SaveToDefaultFile
010327cf KaM_Expansion.exe KM_Settings       113 TKMSettings.SaveToDefaultFile
010323cd KaM_Expansion.exe KM_Settings        59 TKMSettings.Create
011754e8 KaM_Expansion.exe KM_ServerSettings 109 TKMServerSettings.Create
012415f0 KaM_Expansion.exe KM_GameApp        213 TKMGameApp.Create
01241a42 KaM_Expansion.exe KM_GameApp        295 TKMGameApp.Create
0124d51a KaM_Expansion.exe KM_Main           635 TKMMain.ReinitRender
0124d726 KaM_Expansion.exe KM_Main           689 TKMMain.ReinitRender
0124c386 KaM_Expansion.exe KM_Main           281 TKMMain.Start
0124c4f4 KaM_Expansion.exe KM_Main           305 TKMMain.Start
014cab2b KaM_Expansion.exe KaM_Expansion     479 initialization
014cab5a KaM_Expansion.exe KaM_Expansion     482 initialization
772b7ba7 KERNEL32.DLL                            BaseThreadInitThunk

11:45:28.310     0,154s      14ms  20768    'Server settings' was successfully saved to 'C:\Users\szyby\OneDrive\Dokumenty\My Games\Knights and Merchants Remake\KaM Remake Server Settings.ini'
11:45:28.317     0,161s       7ms  20768    Init Render started
11:45:28.684     0,528s     367ms  20768    GL_MAX_TEXTURE_SIZE = 32768
11:45:28.691     0,535s       7ms  20768    GL_MAX_VIEWPORT_DIM = 32768
                                      OpenGL Vendor: NVIDIA Corporation
                                      OpenGL Renderer: NVIDIA GeForce RTX 3060 Ti/PCIe/SSE2
                                      OpenGL Version: 4.6.0 NVIDIA 560.81
11:45:28.720     0,564s      29ms  20768    Init Render Done
11:45:28.727     0,571s       7ms  20768    Resource loading state - None
11:45:28.734     0,578s       7ms  20768    Reading palettes ... done
11:45:28.743     0,587s       9ms  20768    Reading GUI.rx
11:45:28.750     0,594s       7ms  20768    Load Sprites started
11:45:28.756     0,600s       6ms  20768    GUI - 966
11:45:28.775     0,619s      19ms  20768    Load Sprites Done
11:45:28.810     0,654s      35ms  20768    Reading GUIMain.rx
11:45:28.818     0,662s       8ms  20768    Load Sprites started
11:45:28.825     0,668s       6ms  20768    GUIMain - 105
11:45:28.875     0,718s      50ms  20768    Load Sprites Done
11:45:28.929     0,774s      55ms  20768    Reading Tileset.rx
11:45:28.936     0,780s       6ms  20768    Load Sprites started
11:45:28.943     0,787s       7ms  20768    Tileset - 5449
11:45:28.979     0,823s      36ms  20768    Load Sprites Done
11:45:28.985     0,829s       6ms  20768    GenerateTerrainTransitions started. Legacy = False
11:45:28.991     0,835s       6ms  20768    TexId = 5451 GenTilesCnt = 2100
11:45:28.998     0,842s       7ms  20768    TexId = 6051; TexId - fGenTexIdStartI = 600; uniqueTex = 600; totalTex = 1350
11:45:29.004     0,848s       6ms  20768    GeneratedMasks cnt = 20
11:45:29.009     0,853s       5ms  20768    GenerateTerrainTransitions Done
11:45:29.016     0,860s       7ms  20768    GenerateTerrainTransitions started. Legacy = True
11:45:29.022     0,866s       6ms  20768    Legacy: TexId = 4999 GenTilesCntTemp = 2030
11:45:29.028     0,872s       6ms  20768    TexId = 5463; TexId - fGenTexIdStartILegacy = 464; uniqueTex = 464; totalTex = 1044
11:45:29.036     0,880s       8ms  20768    GeneratedMasks cnt = 16
11:45:29.042     0,886s       6ms  20768    GenerateTerrainTransitions Done
11:45:29.154     0,998s     112ms  20768    Load font started
11:45:29.191     1,035s      37ms  20768    Font load took 37ms
11:45:29.199     1,043s       7ms  20768    Read fonts is done
11:45:29.217     1,061s      18ms  20768    ReadGFX is done
11:45:29.224     1,068s       7ms  20768    Resource loading state - Menu
11:45:29.236     1,080s      12ms   5500    OpenAL init started
11:45:29.393     1,237s     157ms  20768    Music init done, 24 tracks found
                                      Loading campaign images.rxx for HKS
11:45:29.510     1,354s     116ms   8944    Custom - 1
11:45:29.541     1,385s      31ms   5500    Pre-LoadSFX init ... done
11:45:29.547     1,391s       6ms   5500    ALC_MONO_SOURCES 255
11:45:29.554     1,398s       7ms   5500    ALC_STEREO_SOURCES 1
11:45:29.561     1,405s       7ms  20768    Main menu init done
11:45:29.567     1,411s       6ms   5500    OpenAL init done
11:45:29.589     1,433s      22ms  20768    Check game folder 'E:\programowanie\projekty delphi\kam_expansion\' generic permissions: READ: granted; WRITE: granted; EXECUTE: granted; folder is writable: 
11:45:29.596     1,440s       7ms  20768    LoadGameResources ... AlphaShadows: True. Forced: True
11:45:29.603     1,447s       7ms  20768    TKMResSprites.LoadGameResources
11:45:29.609     1,453s       6ms  20768    [AsyncGameResLoader Thread] Started
11:45:29.624     1,468s      15ms  20768    Resource loading state - Game
11:45:29.631     1,475s       7ms  20768    ToggleFullscreen
11:45:29.637     1,481s       6ms  20768    Form Width/Height: 1040:830
11:45:29.644     1,488s       7ms  20768    Panel Width/Height: 1024:791
11:45:29.650     1,494s       6ms   2252    [AsyncGameResLoader Thread] RT = rxTrees Stage = lsLoad
11:45:29.657     1,501s       7ms   2252    [AsyncGameResLoader Thread] Start Load RXX 'Trees.rxx'
11:45:29.664     1,508s       7ms   2252    Load Sprites started
11:45:29.673     1,516s       8ms   2252    Trees - 1216
11:45:29.685     1,529s      13ms  20768    Saving dev settings to file 'kmr_dev.xml'
                                      Loading campaign images.rxx for KSN
11:45:29.712     1,555s      26ms   8944    Custom - 1
11:45:29.727     1,571s      16ms  20768    Saving dev settings to file 'kmr_dev.xml'
11:45:29.736     1,579s       8ms  20768    Game Load Done in 1623
                                      Loading campaign images.rxx for KSO
11:45:29.801     1,645s      66ms   8944    Custom - 1
11:45:29.836     1,680s      35ms   2252    Load Sprites Done
                                      Loading campaign images.rxx for KSU
11:45:29.873     1,717s      37ms   8944    Custom - 1
                                      Loading campaign images.rxx for OFL
11:45:29.923     1,766s      48ms   8944    Custom - 1
11:45:29.933     1,776s       9ms   2252    [AsyncGameResLoader Thread] DONE Load RXX 'Trees.rxa'
11:45:29.939     1,783s       7ms  20768    [AsyncGameResLoader MainTh] [UpdateStateIdle] GenTextures RT = rxTrees Stage = lsGenMain
11:45:29.950     1,794s      11ms  20768    [AsyncGameResLoader MainTh] [UpdateStateIdle] DONE
11:45:29.957     1,801s       7ms   2252    [AsyncGameResLoader Thread] RT = rxTrees Stage = lsOverload
11:45:29.963     1,807s       6ms   2252    [AsyncGameResLoader Thread] OverloadFromFolder RT = rxTrees
                                      Loading campaign images.rxx for OER
11:45:29.987     1,831s      12ms   2252    [AsyncGameResLoader Thread] DONE OverloadFromFolder RT = rxTrees
11:45:29.993     1,837s       6ms   8944    Custom - 1
11:45:30.000     1,844s       7ms  20768    [AsyncGameResLoader MainTh] [UpdateStateIdle] GenTextures RT = rxTrees Stage = lsGenOverload
11:45:30.006     1,850s       6ms  20768    [AsyncGameResLoader MainTh] [UpdateStateIdle] DONE
11:45:30.013     1,857s       7ms   2252    [AsyncGameResLoader Thread] RT = rxHouses Stage = lsLoad
11:45:30.021     1,865s       8ms   2252    [AsyncGameResLoader Thread] Start Load RXX 'Houses.rxx'
11:45:30.027     1,871s       6ms   2252    Load Sprites started
                                      Loading campaign images.rxx for TBK
11:45:30.040     1,884s      13ms   2252    Houses - 2709
11:45:30.052     1,896s      12ms   8944    Custom - 1
                                      Loading campaign images.rxx for TPR
11:45:30.109     1,953s      57ms   8944    Custom - 1
                                      Loading campaign images.rxx for TSK
11:45:30.169     2,013s      60ms   8944    Custom - 1
                                      Loading campaign images.rxx for TUA
11:45:30.212     2,056s      43ms   8944    Custom - 1
11:45:30.225     2,068s      11ms   2252    Load Sprites Done
                                      Loading campaign images.rxx for TMR
11:45:30.362     2,206s     138ms   8944    Custom - 1
11:45:30.370     2,214s       7ms   2252    [AsyncGameResLoader Thread] DONE Load RXX 'Houses.rxa'
11:45:30.384     2,228s      14ms  20768    [AsyncGameResLoader MainTh] [UpdateStateIdle] GenTextures RT = rxHouses Stage = lsGenMain
11:45:30.398     2,242s      14ms  20768    [AsyncGameResLoader MainTh] [UpdateStateIdle] DONE
11:45:30.405     2,249s       7ms   2252    [AsyncGameResLoader Thread] RT = rxHouses Stage = lsOverload
11:45:30.412     2,256s       7ms   2252    [AsyncGameResLoader Thread] OverloadFromFolder RT = rxHouses
11:45:30.526     2,370s     114ms   2252    [AsyncGameResLoader Thread] DONE OverloadFromFolder RT = rxHouses
11:45:30.533     2,377s       7ms  20768    [AsyncGameResLoader MainTh] [UpdateStateIdle] GenTextures RT = rxHouses Stage = lsGenOverload
11:45:30.539     2,383s       6ms  20768    [AsyncGameResLoader MainTh] [UpdateStateIdle] DONE
11:45:30.545     2,389s       6ms   2252    [AsyncGameResLoader Thread] RT = rxUnits Stage = lsLoad
11:45:30.551     2,395s       6ms   2252    [AsyncGameResLoader Thread] Start Load RXX 'Units.rxx'
11:45:30.557     2,401s       6ms   2252    Load Sprites started
11:45:30.563     2,407s       6ms   2252    Units - 14845
11:45:31.029     2,873s     466ms   2252    Load Sprites Done
11:45:32.156     4,000s    1127ms   2252    [AsyncGameResLoader Thread] DONE Load RXX 'Units.rxa'
11:45:32.164     4,007s       7ms  20768    [AsyncGameResLoader MainTh] [UpdateStateIdle] GenTextures RT = rxUnits Stage = lsGenMain
11:45:32.236     4,080s      73ms  20768    [AsyncGameResLoader MainTh] [UpdateStateIdle] DONE
11:45:32.244     4,088s       8ms   2252    [AsyncGameResLoader Thread] RT = rxUnits Stage = lsOverload
11:45:32.250     4,094s       6ms   2252    [AsyncGameResLoader Thread] OverloadFromFolder RT = rxUnits
11:45:32.256     4,100s       6ms  20768    LoadGameResources ... AlphaShadows: True. Forced: False
11:45:32.262     4,106s       6ms  20768    TKMResSprites.LoadGameResources
11:45:32.269     4,113s       7ms   2252    [AsyncGameResLoader Thread] DONE OverloadFromFolder RT = rxUnits
11:45:32.275     4,119s       6ms  20768    [AsyncGameResLoader MainTh] [LoadGameResources] GenTextures RT = rxUnits Stage = lsGenOverload
11:45:32.289     4,133s      14ms  20768    [AsyncGameResLoader Thread] Stopped
11:45:32.296     4,140s       7ms  20768    [AsyncGameResLoader MainTh] [LoadGameResources] DONE
11:45:32.303     4,147s       7ms  20768    Resource loading state - Game
11:45:32.309     4,153s       6ms  20768    Saving dev settings to file 'kmr_dev.xml'
11:45:32.355     4,199s      46ms  20768    <== Game creation is done ==>
11:45:32.363     4,206s       7ms  20768    GameStart
11:45:32.368     4,212s       6ms  20768    Loading DAT file: E:\programowanie\projekty delphi\kam_expansion\Maps\Nowa Misja 2\Nowa Misja 2.dat
11:45:32.374     4,218s       6ms  20768    Loading map file: E:\programowanie\projekty delphi\kam_expansion\Maps\Nowa Misja 2\Nowa Misja 2.map
11:45:32.380     4,224s       6ms  20768    Map file loaded
11:45:32.388     4,232s       8ms  20768    Gameplay recording initialized ... done
11:45:32.395     4,239s       7ms  20768    Game options: PT = 0; SpeedPT = 1; SpeedAfterPT = 1; Seed = 0; Difficulty = mdNone
11:45:32.402     4,246s       7ms  20768    Gameplay initialized ... done
11:45:32.407     4,251s       5ms  20768    After game start
11:45:32.413     4,257s       6ms  20768    Set game seed: 269708172
11:45:32.427     4,271s      14ms  20768    Saving game at tick 0 to 'E:\programowanie\projekty delphi\kam_expansion\Saves\basesave\basesave.bas'
11:45:32.435     4,278s       7ms  20768    After game start ... done
11:47:02.159    94,003s   89725ms  20768    Issue gicGameAutoSave command at tick 600
11:47:02.175    94,019s      16ms  20768    Saving game at tick 600 to 'E:\programowanie\projekty delphi\kam_expansion\Saves\autosave\autosave.sav'
11:47:04.865    96,709s    2690ms  20768    Issue gicGameAutoSave command at tick 1200
11:47:04.871    96,715s       6ms  20768    Saving game at tick 1200 to 'E:\programowanie\projekty delphi\kam_expansion\Saves\autosave\autosave.sav'
11:47:10.865   102,709s    5994ms  20768    Issue gicGameAutoSave command at tick 1800
11:47:10.872   102,716s       7ms  20768    Saving game at tick 1800 to 'E:\programowanie\projekty delphi\kam_expansion\Saves\autosave\autosave.sav'
11:47:16.866   108,710s    5994ms  20768    Issue gicGameAutoSave command at tick 2400
11:47:16.874   108,718s       7ms  20768    Saving game at tick 2400 to 'E:\programowanie\projekty delphi\kam_expansion\Saves\autosave\autosave.sav'
11:47:22.865   114,708s    5989ms  20768    Issue gicGameAutoSave command at tick 3000
11:47:22.879   114,723s      15ms  20768    Saving game at tick 3000 to 'E:\programowanie\projekty delphi\kam_expansion\Saves\autosave\autosave.sav'
11:47:28.865   120,709s    5986ms  20768    Issue gicGameAutoSave command at tick 3600
11:47:28.872   120,715s       6ms  20768    Saving game at tick 3600 to 'E:\programowanie\projekty delphi\kam_expansion\Saves\autosave\autosave.sav'
11:47:34.864   126,708s    5993ms  20768    Issue gicGameAutoSave command at tick 4200
11:47:34.871   126,715s       7ms  20768    Saving game at tick 4200 to 'E:\programowanie\projekty delphi\kam_expansion\Saves\autosave\autosave.sav'
11:47:40.859   132,703s    5988ms  20768    Issue gicGameAutoSave command at tick 4800
11:47:40.865   132,709s       6ms  20768    Saving game at tick 4800 to 'E:\programowanie\projekty delphi\kam_expansion\Saves\autosave\autosave.sav'
11:47:47.352   139,196s    6487ms  20768    Issue gicGameAutoSave command at tick 5400
11:47:47.359   139,204s       8ms  20768    Saving game at tick 5400 to 'E:\programowanie\projekty delphi\kam_expansion\Saves\autosave\autosave.sav'
11:47:50.983   142,827s    3623ms  20768    Issue gicGameAutoSave command at tick 6000
11:47:50.991   142,835s       8ms  20768    Saving game at tick 6000 to 'E:\programowanie\projekty delphi\kam_expansion\Saves\autosave\autosave.sav'
11:47:51.982   143,826s     991ms  20768    Issue gicGameAutoSave command at tick 6600
11:47:51.989   143,833s       7ms  20768    Saving game at tick 6600 to 'E:\programowanie\projekty delphi\kam_expansion\Saves\autosave\autosave.sav'
11:47:52.983   144,827s     994ms  20768    Issue gicGameAutoSave command at tick 7200
11:47:52.994   144,838s       6ms  20768    Saving game at tick 7200 to 'E:\programowanie\projekty delphi\kam_expansion\Saves\autosave\autosave.sav'
11:47:53.983   145,827s     989ms  20768    Issue gicGameAutoSave command at tick 7800
11:47:53.990   145,834s       7ms  20768    Saving game at tick 7800 to 'E:\programowanie\projekty delphi\kam_expansion\Saves\autosave\autosave.sav'
11:47:54.983   146,827s     993ms  20768    Issue gicGameAutoSave command at tick 8400
11:47:54.991   146,835s       7ms  20768    Saving game at tick 8400 to 'E:\programowanie\projekty delphi\kam_expansion\Saves\autosave\autosave.sav'
11:47:55.983   147,827s     992ms  20768    Make savepoint at tick 8999
11:47:55.992   147,836s       9ms  20768    Issue gicGameAutoSave command at tick 9000
11:47:55.998   147,842s       6ms  20768    Saving game at tick 9000 to 'E:\programowanie\projekty delphi\kam_expansion\Saves\autosave\autosave.sav'
11:47:56.983   148,827s     985ms  20768    Issue gicGameAutoSave command at tick 9600
11:47:56.991   148,835s       8ms  20768    Saving game at tick 9600 to 'E:\programowanie\projekty delphi\kam_expansion\Saves\autosave\autosave.sav'
11:47:57.978   149,821s     986ms  20768    Issue gicGameAutoSave command at tick 10200
11:47:57.987   149,831s      10ms  20768    Saving game at tick 10200 to 'E:\programowanie\projekty delphi\kam_expansion\Saves\autosave\autosave.sav'
11:48:34.715   186,558s   36727ms  20768    Issue gicGameAutoSave command at tick 10800
11:48:34.722   186,566s       8ms  20768    Saving game at tick 10800 to 'E:\programowanie\projekty delphi\kam_expansion\Saves\autosave\autosave.sav'
11:48:40.703   192,547s    5981ms  20768    Issue gicGameAutoSave command at tick 11400
11:48:40.709   192,553s       6ms  20768    Saving game at tick 11400 to 'E:\programowanie\projekty delphi\kam_expansion\Saves\autosave\autosave.sav'
11:48:46.717   198,561s    6008ms  20768    Issue gicGameAutoSave command at tick 12000
11:48:46.726   198,570s       9ms  20768    Saving game at tick 12000 to 'E:\programowanie\projekty delphi\kam_expansion\Saves\autosave\autosave.sav'
11:48:52.716   204,560s    5990ms  20768    Issue gicGameAutoSave command at tick 12600
11:48:52.725   204,569s       8ms  20768    Saving game at tick 12600 to 'E:\programowanie\projekty delphi\kam_expansion\Saves\autosave\autosave.sav'
11:49:27.766   239,610s   35041ms  20768    Issue gicGameAutoSave command at tick 13200
11:49:27.776   239,620s       9ms  20768    Saving game at tick 13200 to 'E:\programowanie\projekty delphi\kam_expansion\Saves\autosave\autosave.sav'
