   Timestamp    Elapsed     Delta  Thread    Description
========================
    Date: 2024.12.30
========================
15:32:41.230     0,001s       1ms  11932    Log is up and running. Game version: KaM Expansion: Co-op & World Update
15:32:41.236     0,007s       6ms  11932    Game Load started
15:32:41.246     0,017s      10ms  11932    Start loading 'GameApp settings' from 'C:\Users\szyby\OneDrive\Dokumenty\My Games\Knights and Merchants Remake\KaM Remake Settings KingDyronMod.xml'
15:32:41.251     0,022s       5ms  11932    'GameApp settings' was successfully loaded from 'C:\Users\szyby\OneDrive\Dokumenty\My Games\Knights and Merchants Remake\KaM Remake Settings KingDyronMod.xml'
15:32:41.256     0,028s       6ms  11932    Start saving 'GameApp settings' to 'C:\Users\szyby\OneDrive\Dokumenty\My Games\Knights and Merchants Remake\KaM Remake Settings KingDyronMod.xml'
01124978 KaM_Expansion.exe KM_Settings        106 TKMSettings.SaveToDefaultFile
01124a4b KaM_Expansion.exe KM_Settings        113 TKMSettings.SaveToDefaultFile
01124649 KaM_Expansion.exe KM_Settings         59 TKMSettings.Create
01124d86 KaM_Expansion.exe KM_SettingsXML      38 TKMSettingsXML.Create
011250c7 KaM_Expansion.exe KM_GameAppSettings  51 TKMGameAppSettings.Create
0133e4ec KaM_Expansion.exe KM_Main            258 TKMMain.Start
0133e770 KaM_Expansion.exe KM_Main            305 TKMMain.Start
015bbb2b KaM_Expansion.exe KaM_Expansion      479 initialization
015bbb5a KaM_Expansion.exe KaM_Expansion      482 initialization
75337ba7 KERNEL32.DLL                             BaseThreadInitThunk

15:32:41.293     0,065s      37ms  11932    'GameApp settings' was successfully saved to 'C:\Users\szyby\OneDrive\Dokumenty\My Games\Knights and Merchants Remake\KaM Remake Settings KingDyronMod.xml'
15:32:41.314     0,085s      20ms  11932    Start loading 'Server settings' from 'C:\Users\szyby\OneDrive\Dokumenty\My Games\Knights and Merchants Remake\KaM Remake Server Settings.ini'
15:32:41.320     0,092s       7ms  11932    'Server settings' was successfully loaded from 'C:\Users\szyby\OneDrive\Dokumenty\My Games\Knights and Merchants Remake\KaM Remake Server Settings.ini'
15:32:41.326     0,097s       5ms  11932    Start saving 'Server settings' to 'C:\Users\szyby\OneDrive\Dokumenty\My Games\Knights and Merchants Remake\KaM Remake Server Settings.ini'
01124978 KaM_Expansion.exe KM_Settings       106 TKMSettings.SaveToDefaultFile
01124a4b KaM_Expansion.exe KM_Settings       113 TKMSettings.SaveToDefaultFile
01124649 KaM_Expansion.exe KM_Settings        59 TKMSettings.Create
01267764 KaM_Expansion.exe KM_ServerSettings 109 TKMServerSettings.Create
0133386c KaM_Expansion.exe KM_GameApp        213 TKMGameApp.Create
01333cbe KaM_Expansion.exe KM_GameApp        295 TKMGameApp.Create
0133f796 KaM_Expansion.exe KM_Main           635 TKMMain.ReinitRender
0133f9a2 KaM_Expansion.exe KM_Main           689 TKMMain.ReinitRender
0133e602 KaM_Expansion.exe KM_Main           281 TKMMain.Start
0133e770 KaM_Expansion.exe KM_Main           305 TKMMain.Start
015bbb2b KaM_Expansion.exe KaM_Expansion     479 initialization
015bbb5a KaM_Expansion.exe KaM_Expansion     482 initialization
75337ba7 KERNEL32.DLL                            BaseThreadInitThunk

15:32:41.339     0,110s      13ms  11932    'Server settings' was successfully saved to 'C:\Users\szyby\OneDrive\Dokumenty\My Games\Knights and Merchants Remake\KaM Remake Server Settings.ini'
15:32:41.345     0,116s       6ms  11932    Init Render started
15:32:41.472     0,243s     127ms  11932    GL_MAX_TEXTURE_SIZE = 32768
15:32:41.479     0,251s       8ms  11932    GL_MAX_VIEWPORT_DIM = 32768
                                      OpenGL Vendor: NVIDIA Corporation
                                      OpenGL Renderer: NVIDIA GeForce RTX 3060 Ti/PCIe/SSE2
                                      OpenGL Version: 4.6.0 NVIDIA 560.81
15:32:41.504     0,275s      24ms  11932    Init Render Done
15:32:41.511     0,283s       8ms  11932    Resource loading state - None
15:32:41.517     0,289s       6ms  11932    Reading palettes ... done
15:32:41.526     0,298s       9ms  11932    Reading GUI.rx
15:32:41.533     0,305s       7ms  11932    Load Sprites started
15:32:41.539     0,311s       6ms  11932    GUI - 966
15:32:41.558     0,330s      19ms  11932    Load Sprites Done
15:32:41.593     0,364s      34ms  11932    Reading GUIMain.rx
15:32:41.599     0,371s       7ms  11932    Load Sprites started
15:32:41.606     0,378s       7ms  11932    GUIMain - 105
15:32:41.656     0,427s      49ms  11932    Load Sprites Done
15:32:41.710     0,482s      55ms  11932    Reading Tileset.rx
15:32:41.717     0,489s       7ms  11932    Load Sprites started
15:32:41.723     0,494s       5ms  11932    Tileset - 5449
15:32:41.760     0,531s      37ms  11932    Load Sprites Done
15:32:41.766     0,538s       7ms  11932    GenerateTerrainTransitions started. Legacy = False
15:32:41.772     0,543s       5ms  11932    TexId = 5451 GenTilesCnt = 2100
15:32:41.779     0,551s       8ms  11932    TexId = 6051; TexId - fGenTexIdStartI = 600; uniqueTex = 600; totalTex = 1350
15:32:41.785     0,557s       6ms  11932    GeneratedMasks cnt = 20
15:32:41.791     0,563s       6ms  11932    GenerateTerrainTransitions Done
15:32:41.798     0,569s       6ms  11932    GenerateTerrainTransitions started. Legacy = True
15:32:41.803     0,576s       7ms  11932    Legacy: TexId = 4999 GenTilesCntTemp = 2030
15:32:41.810     0,582s       6ms  11932    TexId = 5463; TexId - fGenTexIdStartILegacy = 464; uniqueTex = 464; totalTex = 1044
15:32:41.817     0,588s       6ms  11932    GeneratedMasks cnt = 16
15:32:41.824     0,596s       8ms  11932    GenerateTerrainTransitions Done
15:32:41.931     0,703s     107ms  11932    Load font started
15:32:41.968     0,740s      37ms  11932    Font load took 37ms
15:32:41.975     0,746s       5ms  11932    Read fonts is done
15:32:41.993     0,765s      19ms  11932    ReadGFX is done
15:32:42.000     0,772s       7ms  11932    Resource loading state - Menu
15:32:42.007     0,778s       6ms  12988    OpenAL init started
15:32:42.628     1,399s     621ms  11932    Music init done, 24 tracks found
                                      Loading campaign images.rxx for HKS
15:32:42.652     1,423s      24ms   9816    Custom - 1
15:32:42.664     1,435s      12ms  11932    Main menu init done
15:32:42.672     1,443s       8ms  12988    Pre-LoadSFX init ... done
15:32:42.678     1,449s       6ms  12988    ALC_MONO_SOURCES 255
15:32:42.684     1,455s       6ms  12988    ALC_STEREO_SOURCES 1
15:32:42.690     1,461s       6ms  12988    OpenAL init done
15:32:42.696     1,467s       6ms  11932    Check game folder 'E:\programowanie\projekty delphi\kam_expansion\' generic permissions: READ: granted; WRITE: granted; EXECUTE: granted; folder is writable: 
15:32:42.703     1,474s       7ms  11932    LoadGameResources ... AlphaShadows: True. Forced: True
15:32:42.708     1,479s       5ms  11932    TKMResSprites.LoadGameResources
15:32:42.714     1,486s       7ms  11932    [AsyncGameResLoader Thread] Started
15:32:42.721     1,492s       6ms  11932    Resource loading state - Game
15:32:42.728     1,499s       7ms  11932    ToggleFullscreen
15:32:42.733     1,505s       6ms  11932    Form Width/Height: 1040:830
15:32:42.739     1,510s       5ms  11932    Panel Width/Height: 1024:791
15:32:42.747     1,518s       8ms  13388    [AsyncGameResLoader Thread] RT = rxTrees Stage = lsLoad
15:32:42.753     1,524s       6ms  13388    [AsyncGameResLoader Thread] Start Load RXX 'Trees.rxx'
15:32:42.759     1,530s       6ms  13388    Load Sprites started
15:32:42.767     1,538s       8ms  13388    Trees - 1216
15:32:42.777     1,548s      10ms  11932    Saving dev settings to file 'kmr_dev.xml'
                                      Loading campaign images.rxx for KSN
15:32:42.799     1,570s      22ms   9816    Custom - 1
15:32:42.805     1,576s       6ms  11932    Saving dev settings to file 'kmr_dev.xml'
15:32:42.812     1,583s       7ms  11932    Game Load Done in 1601
                                      Loading campaign images.rxx for KSO
15:32:42.859     1,630s      47ms   9816    Custom - 1
15:32:42.910     1,681s      51ms  13388    Load Sprites Done
                                      Loading campaign images.rxx for KSU
15:32:42.926     1,697s      16ms   9816    Custom - 1
                                      Loading campaign images.rxx for OFL
15:32:42.975     1,746s      49ms   9816    Custom - 1
                                      Loading campaign images.rxx for OER
15:32:43.015     1,786s      40ms   9816    Custom - 1
15:32:43.022     1,793s       7ms  13388    [AsyncGameResLoader Thread] DONE Load RXX 'Trees.rxa'
15:32:43.045     1,816s      23ms  11932    [AsyncGameResLoader MainTh] [UpdateStateIdle] GenTextures RT = rxTrees Stage = lsGenMain
                                      Loading campaign images.rxx for TBK
15:32:43.061     1,832s      16ms   9816    Custom - 1
15:32:43.068     1,839s       7ms  11932    [AsyncGameResLoader MainTh] [UpdateStateIdle] DONE
15:32:43.074     1,845s       6ms  13388    [AsyncGameResLoader Thread] RT = rxTrees Stage = lsOverload
15:32:43.080     1,851s       6ms  13388    [AsyncGameResLoader Thread] OverloadFromFolder RT = rxTrees
15:32:43.086     1,857s       6ms  13388    [AsyncGameResLoader Thread] DONE OverloadFromFolder RT = rxTrees
15:32:43.094     1,865s       8ms  11932    [AsyncGameResLoader MainTh] [UpdateStateIdle] GenTextures RT = rxTrees Stage = lsGenOverload
15:32:43.100     1,871s       6ms  11932    [AsyncGameResLoader MainTh] [UpdateStateIdle] DONE
15:32:43.107     1,878s       7ms  13388    [AsyncGameResLoader Thread] RT = rxHouses Stage = lsLoad
15:32:43.113     1,884s       6ms  13388    [AsyncGameResLoader Thread] Start Load RXX 'Houses.rxx'
15:32:43.119     1,890s       5ms  13388    Load Sprites started
                                      Loading campaign images.rxx for TPR
15:32:43.133     1,904s      14ms  13388    Houses - 2709
15:32:43.140     1,911s       7ms   9816    Custom - 1
                                      Loading campaign images.rxx for TSK
15:32:43.218     1,989s      78ms   9816    Custom - 1
                                      Loading campaign images.rxx for TUA
15:32:43.262     2,034s      45ms   9816    Custom - 1
15:32:43.298     2,069s      35ms  13388    Load Sprites Done
                                      Loading campaign images.rxx for TMR
15:32:43.408     2,179s     110ms   9816    Custom - 1
15:32:43.431     2,203s      24ms  13388    [AsyncGameResLoader Thread] DONE Load RXX 'Houses.rxa'
15:32:43.439     2,210s       6ms  11932    [AsyncGameResLoader MainTh] [UpdateStateIdle] GenTextures RT = rxHouses Stage = lsGenMain
15:32:43.453     2,224s      14ms  11932    [AsyncGameResLoader MainTh] [UpdateStateIdle] DONE
15:32:43.459     2,231s       7ms  13388    [AsyncGameResLoader Thread] RT = rxHouses Stage = lsOverload
15:32:43.467     2,238s       6ms  13388    [AsyncGameResLoader Thread] OverloadFromFolder RT = rxHouses
15:32:43.563     2,334s      96ms  13388    [AsyncGameResLoader Thread] DONE OverloadFromFolder RT = rxHouses
15:32:43.574     2,345s      11ms  11932    [AsyncGameResLoader MainTh] [UpdateStateIdle] GenTextures RT = rxHouses Stage = lsGenOverload
15:32:43.580     2,351s       6ms  11932    [AsyncGameResLoader MainTh] [UpdateStateIdle] DONE
15:32:43.585     2,356s       5ms  13388    [AsyncGameResLoader Thread] RT = rxUnits Stage = lsLoad
15:32:43.596     2,367s      11ms  13388    [AsyncGameResLoader Thread] Start Load RXX 'Units.rxx'
15:32:43.603     2,374s       7ms  13388    Load Sprites started
15:32:43.610     2,381s       7ms  13388    Units - 14845
15:32:44.077     2,848s     467ms  13388    Load Sprites Done
15:32:44.528     3,299s     451ms   9028    Error while loading game info from save of unsupported version r15833
15:32:44.534     3,305s       6ms   9028    Error while loading game info from save of unsupported version r15833
15:32:44.541     3,312s       7ms   9028    Error while loading game info from save of unsupported version r15833
15:32:44.549     3,320s       8ms   9028    Error while loading game info from save of unsupported version r15833
15:32:44.554     3,325s       5ms   9028    Error while loading game info from save of unsupported version r15833
15:32:44.561     3,332s       7ms   9028    Error while loading game info from save of unsupported version r15833
15:32:44.568     3,339s       7ms   9028    Error while loading game info from save of unsupported version r15833
15:32:44.574     3,345s       5ms   9028    Error while loading game info from save of unsupported version r15833
15:32:44.582     3,353s       8ms   9028    Error while loading game info from save of unsupported version r15833
15:32:44.589     3,360s       7ms   9028    Error loading save 'Bridge Disaster'
15:32:44.596     3,367s       7ms   9028    Error loading save 'Bridge Disaster 2024-07-21 #1'
15:32:44.603     3,374s       7ms   9028    Error loading save 'Bridge Disaster 2024-07-22 #1'
15:32:44.609     3,380s       6ms   9028    Error loading save 'Bridge Disaster 2024-07-24 #1'
15:32:44.617     3,388s       8ms   9028    Error while loading game info from save of unsupported version r15833
15:32:44.623     3,394s       6ms   9028    Error loading save 'Nowa Misja 2024-08-11 #1'
15:32:44.630     3,401s       7ms   9028    Error loading save 'Nowa Misja 2024-08-11 #2'
15:32:44.637     3,408s       7ms   9028    Error loading save 'Nowa Misja 2024-08-11 #3'
15:32:44.644     3,415s       7ms   9028    Error loading save 'TMR09 2024-08-05 #1'
15:32:44.650     3,421s       6ms   9028    Error loading save 'TSK 1 2024-10-30 #2'
15:32:44.658     3,429s       8ms   9028    Error loading save 'TSK 18 2024-10-30 #6'
15:32:44.664     3,435s       6ms   9028    Error loading save 'TSK 2 2024-10-30 #5'
15:32:44.671     3,442s       7ms   9028    Error loading save 'TSK 20 2024-10-30 #1'
15:32:44.678     3,449s       7ms   9028    Error loading save 'TSK 3 2024-10-30 #3'
15:32:44.685     3,456s       6ms   9028    Error loading save 'TSK 6 2024-10-30 #4'
15:32:44.692     3,463s       7ms   9028    Error loading save 'TUA22'
15:32:45.169     3,940s     477ms  13388    [AsyncGameResLoader Thread] DONE Load RXX 'Units.rxa'
15:32:45.177     3,948s       8ms  11932    [AsyncGameResLoader MainTh] [UpdateStateIdle] GenTextures RT = rxUnits Stage = lsGenMain
15:32:45.252     4,023s      75ms  11932    [AsyncGameResLoader MainTh] [UpdateStateIdle] DONE
15:32:45.260     4,031s       8ms  13388    [AsyncGameResLoader Thread] RT = rxUnits Stage = lsOverload
15:32:45.267     4,038s       7ms  13388    [AsyncGameResLoader Thread] OverloadFromFolder RT = rxUnits
15:32:45.274     4,045s       7ms  13388    [AsyncGameResLoader Thread] DONE OverloadFromFolder RT = rxUnits
15:32:45.286     4,057s      12ms  11932    [AsyncGameResLoader MainTh] [UpdateStateIdle] GenTextures RT = rxUnits Stage = lsGenOverload
15:32:45.292     4,063s       6ms  11932    [AsyncGameResLoader Thread] Stopped
15:32:45.298     4,069s       5ms  11932    [AsyncGameResLoader MainTh] [UpdateStateIdle] DONE
15:32:45.476     4,247s     178ms  11932    LoadGameResources ... AlphaShadows: True. Forced: False
15:32:45.482     4,253s       6ms  11932    Resource loading state - Game
15:32:45.509     4,280s      27ms  11932    Saving dev settings to file 'kmr_dev.xml'
15:32:45.567     4,338s      58ms  11932    <== Game creation is done ==>
15:32:45.573     4,344s       6ms  11932    Loading game from: E:\programowanie\projekty delphi\kam_expansion\Saves\autosave01\autosave01.sav
15:32:45.588     4,359s      14ms  11932    Terrain loaded
15:32:45.629     4,400s      41ms  11932    Interface loaded
15:32:45.635     4,406s       6ms  11932    Set game seed: 105566384
15:32:45.657     4,428s      22ms  11932    Loading game ... done
15:32:45.664     4,435s       7ms  11932    After game loading
15:32:45.721     4,492s      57ms  11932    Game options: PT = 0; SpeedPT = 1; SpeedAfterPT = 1; Seed = 0; Difficulty = mdNone
15:32:45.727     4,498s       6ms  11932    After game loading ... done
15:33:06.313    25,084s   20586ms  11932    Issue gicGameAutoSave command at tick 76800
15:33:06.321    25,092s       8ms  11932    Saving game at tick 76800 to 'E:\programowanie\projekty delphi\kam_expansion\Saves\autosave\autosave.sav'
15:33:28.451    47,222s   22130ms  11932    Issue gicGameAutoSave command at tick 77400
15:33:28.457    47,228s       6ms  11932    Saving game at tick 77400 to 'E:\programowanie\projekty delphi\kam_expansion\Saves\autosave\autosave.sav'
15:33:54.334    73,105s   25877ms  11932    Issue gicGameAutoSave command at tick 78000
15:33:54.340    73,111s       6ms  11932    Saving game at tick 78000 to 'E:\programowanie\projekty delphi\kam_expansion\Saves\autosave\autosave.sav'
15:34:27.084   105,855s   32744ms  11932    Issue gicGameAutoSave command at tick 78600
15:34:27.093   105,864s       9ms  11932    Saving game at tick 78600 to 'E:\programowanie\projekty delphi\kam_expansion\Saves\autosave\autosave.sav'
15:34:41.666   120,437s   14573ms  11932    Issue gicGameAutoSave command at tick 79200
15:34:41.672   120,444s       7ms  11932    Saving game at tick 79200 to 'E:\programowanie\projekty delphi\kam_expansion\Saves\autosave\autosave.sav'
15:34:54.934   133,705s   13261ms  11932    Issue gicGameAutoSave command at tick 79800
15:34:54.941   133,712s       7ms  11932    Saving game at tick 79800 to 'E:\programowanie\projekty delphi\kam_expansion\Saves\autosave\autosave.sav'
15:35:09.033   147,804s   14092ms  11932    Issue gicGameAutoSave command at tick 80400
15:35:09.040   147,811s       7ms  11932    Saving game at tick 80400 to 'E:\programowanie\projekty delphi\kam_expansion\Saves\autosave\autosave.sav'
15:35:23.000   161,771s   13960ms  11932    Make savepoint at tick 80999
15:35:23.007   161,778s       7ms  11932    Issue gicGameAutoSave command at tick 81000
15:35:23.013   161,784s       6ms  11932    Saving game at tick 81000 to 'E:\programowanie\projekty delphi\kam_expansion\Saves\autosave\autosave.sav'
15:35:29.284   168,055s    6271ms  11932    Issue gicGameAutoSave command at tick 81600
15:35:29.293   168,064s       9ms  11932    Saving game at tick 81600 to 'E:\programowanie\projekty delphi\kam_expansion\Saves\autosave\autosave.sav'
15:35:35.284   174,055s    5991ms  11932    Issue gicGameAutoSave command at tick 82200
15:35:35.291   174,062s       7ms  11932    Saving game at tick 82200 to 'E:\programowanie\projekty delphi\kam_expansion\Saves\autosave\autosave.sav'
15:35:41.284   180,055s    5993ms  11932    Issue gicGameAutoSave command at tick 82800
15:35:41.291   180,062s       7ms  11932    Saving game at tick 82800 to 'E:\programowanie\projekty delphi\kam_expansion\Saves\autosave\autosave.sav'
15:35:47.951   186,722s    6659ms  11932    Issue gicGameAutoSave command at tick 83400
15:35:47.958   186,729s       7ms  11932    Saving game at tick 83400 to 'E:\programowanie\projekty delphi\kam_expansion\Saves\autosave\autosave.sav'
15:35:53.951   192,722s    5993ms  11932    Issue gicGameAutoSave command at tick 84000
15:35:53.958   192,729s       7ms  11932    Saving game at tick 84000 to 'E:\programowanie\projekty delphi\kam_expansion\Saves\autosave\autosave.sav'
15:35:59.951   198,722s    5993ms  11932    Issue gicGameAutoSave command at tick 84600
15:35:59.958   198,729s       7ms  11932    Saving game at tick 84600 to 'E:\programowanie\projekty delphi\kam_expansion\Saves\autosave\autosave.sav'
15:36:07.398   206,169s    7440ms  11932    Issue gicGameAutoSave command at tick 85200
15:36:07.405   206,176s       7ms  11932    Saving game at tick 85200 to 'E:\programowanie\projekty delphi\kam_expansion\Saves\autosave\autosave.sav'
15:36:26.883   225,655s   19479ms  11932    Saving dev settings to file 'kmr_dev.xml'
15:36:28.079   226,850s    1195ms  11932    Saving dev settings to file 'kmr_dev.xml'
15:36:52.634   251,405s   24555ms  11932    Issue gicGameAutoSave command at tick 85800
15:36:52.642   251,413s       8ms  11932    Saving game at tick 85800 to 'E:\programowanie\projekty delphi\kam_expansion\Saves\autosave\autosave.sav'
15:36:56.434   255,205s    3792ms  11932    Issue gicGameAutoSave command at tick 86400
15:36:56.441   255,212s       7ms  11932    Saving game at tick 86400 to 'E:\programowanie\projekty delphi\kam_expansion\Saves\autosave\autosave.sav'
15:37:25.519   284,290s   29078ms  11932    Issue gicGameAutoSave command at tick 87000
15:37:25.525   284,296s       6ms  11932    Saving game at tick 87000 to 'E:\programowanie\projekty delphi\kam_expansion\Saves\autosave\autosave.sav'
15:37:42.208   300,979s   16683ms  11932    Saving dev settings to file 'kmr_dev.xml'
15:37:43.094   301,865s     886ms  11932    Saving dev settings to file 'kmr_dev.xml'
15:37:48.135   306,906s    5041ms  11932    Issue gicGameAutoSave command at tick 87600
15:37:48.141   306,912s       6ms  11932    Saving game at tick 87600 to 'E:\programowanie\projekty delphi\kam_expansion\Saves\autosave\autosave.sav'
15:37:57.784   316,555s    9643ms  11932    Issue gicGameAutoSave command at tick 88200
15:37:57.790   316,561s       6ms  11932    Saving game at tick 88200 to 'E:\programowanie\projekty delphi\kam_expansion\Saves\autosave\autosave.sav'
15:38:04.788   323,559s    6998ms  11932    Saving dev settings to file 'kmr_dev.xml'
15:38:06.341   325,112s    1553ms  11932    Saving dev settings to file 'kmr_dev.xml'
15:38:10.489   329,260s    4148ms  11932    Saving dev settings to file 'kmr_dev.xml'
15:38:11.507   330,278s    1018ms  11932    Saving dev settings to file 'kmr_dev.xml'
15:38:14.204   332,975s    2697ms  11932    Saving dev settings to file 'kmr_dev.xml'
15:38:15.378   334,149s    1174ms  11932    Saving dev settings to file 'kmr_dev.xml'
15:38:32.485   351,256s   17107ms  11932    Issue gicGameAutoSave command at tick 88800
15:38:32.491   351,262s       6ms  11932    Saving game at tick 88800 to 'E:\programowanie\projekty delphi\kam_expansion\Saves\autosave\autosave.sav'
15:38:48.999   367,770s   16508ms  11932    Issue gicGameAutoSave command at tick 89400
15:38:49.007   367,778s       8ms  11932    Saving game at tick 89400 to 'E:\programowanie\projekty delphi\kam_expansion\Saves\autosave\autosave.sav'
15:39:00.488   379,260s   11482ms  11932    Make savepoint at tick 89999
15:39:00.495   379,266s       6ms  11932    Issue gicGameAutoSave command at tick 90000
15:39:00.501   379,272s       6ms  11932    Saving game at tick 90000 to 'E:\programowanie\projekty delphi\kam_expansion\Saves\autosave\autosave.sav'
15:39:14.917   393,688s   14416ms  11932    Issue gicGameAutoSave command at tick 90600
15:39:14.924   393,695s       7ms  11932    Saving game at tick 90600 to 'E:\programowanie\projekty delphi\kam_expansion\Saves\autosave\autosave.sav'
15:39:34.669   413,440s   19745ms  11932    Issue gicGameAutoSave command at tick 91200
15:39:34.676   413,447s       7ms  11932    Saving game at tick 91200 to 'E:\programowanie\projekty delphi\kam_expansion\Saves\autosave\autosave.sav'
15:39:41.882   420,653s    7206ms  11932    Issue gicGameAutoSave command at tick 91800
15:39:41.889   420,660s       7ms  11932    Saving game at tick 91800 to 'E:\programowanie\projekty delphi\kam_expansion\Saves\autosave\autosave.sav'
15:39:46.418   425,189s    4529ms  11932    Saving dev settings to file 'kmr_dev.xml'
15:39:46.839   425,610s     421ms  11932    Saving dev settings to file 'kmr_dev.xml'
15:40:00.315   439,087s   13476ms  11932    Issue gicGameAutoSave command at tick 92400
15:40:00.333   439,104s      17ms  11932    Saving game at tick 92400 to 'E:\programowanie\projekty delphi\kam_expansion\Saves\autosave\autosave.sav'
15:40:11.756   450,527s   11423ms  11932    Saving dev settings to file 'kmr_dev.xml'
15:40:12.602   451,373s     846ms  11932    Issue gicGameAutoSave command at tick 93000
15:40:12.608   451,379s       6ms  11932    Saving game at tick 93000 to 'E:\programowanie\projekty delphi\kam_expansion\Saves\autosave\autosave.sav'
15:40:13.129   451,900s     521ms  11932    Saving dev settings to file 'kmr_dev.xml'
15:40:40.671   479,442s   27538ms  11932    Saving dev settings to file 'kmr_dev.xml'
15:40:41.896   480,667s    1225ms  11932    Saving dev settings to file 'kmr_dev.xml'
15:40:43.434   482,205s    1538ms  11932    Issue gicGameAutoSave command at tick 93600
15:40:43.440   482,211s       6ms  11932    Saving game at tick 93600 to 'E:\programowanie\projekty delphi\kam_expansion\Saves\autosave\autosave.sav'
15:40:54.616   493,387s   11176ms  11932    Issue gicGameAutoSave command at tick 94200
15:40:54.624   493,395s       8ms  11932    Saving game at tick 94200 to 'E:\programowanie\projekty delphi\kam_expansion\Saves\autosave\autosave.sav'
15:41:12.502   511,273s   17878ms  11932    Issue gicGameAutoSave command at tick 94800
15:41:12.508   511,279s       6ms  11932    Saving game at tick 94800 to 'E:\programowanie\projekty delphi\kam_expansion\Saves\autosave\autosave.sav'
15:41:56.802   555,573s   44294ms  11932    Issue gicGameAutoSave command at tick 95400
15:41:56.810   555,581s       8ms  11932    Saving game at tick 95400 to 'E:\programowanie\projekty delphi\kam_expansion\Saves\autosave\autosave.sav'
15:42:06.518   565,289s    9708ms  11932    Issue gicGameAutoSave command at tick 96000
15:42:06.525   565,296s       7ms  11932    Saving game at tick 96000 to 'E:\programowanie\projekty delphi\kam_expansion\Saves\autosave\autosave.sav'
15:42:15.805   574,577s    9281ms  11932    Issue gicGameAutoSave command at tick 96600
15:42:15.813   574,584s       6ms  11932    Saving game at tick 96600 to 'E:\programowanie\projekty delphi\kam_expansion\Saves\autosave\autosave.sav'
15:42:28.836   587,607s   13023ms  11932    Issue gicGameAutoSave command at tick 97200
15:42:28.842   587,614s       7ms  11932    Saving game at tick 97200 to 'E:\programowanie\projekty delphi\kam_expansion\Saves\autosave\autosave.sav'
15:42:42.803   601,574s   13960ms  11932    Issue gicGameAutoSave command at tick 97800
15:42:42.810   601,581s       7ms  11932    Saving game at tick 97800 to 'E:\programowanie\projekty delphi\kam_expansion\Saves\autosave\autosave.sav'
15:43:15.901   634,672s   33091ms  11932    Issue gicGameAutoSave command at tick 98400
15:43:15.909   634,680s       8ms  11932    Saving game at tick 98400 to 'E:\programowanie\projekty delphi\kam_expansion\Saves\autosave\autosave.sav'
15:43:37.369   656,140s   21460ms  11932    Make savepoint at tick 98999
15:43:37.376   656,147s       7ms  11932    Issue gicGameAutoSave command at tick 99000
15:43:37.382   656,153s       6ms  11932    Saving game at tick 99000 to 'E:\programowanie\projekty delphi\kam_expansion\Saves\autosave\autosave.sav'
15:43:48.720   667,491s   11338ms  11932    Issue gicGameAutoSave command at tick 99600
15:43:48.726   667,497s       6ms  11932    Saving game at tick 99600 to 'E:\programowanie\projekty delphi\kam_expansion\Saves\autosave\autosave.sav'
15:44:09.285   688,056s   20558ms  11932    Issue gicGameAutoSave command at tick 100200
15:44:09.292   688,063s       7ms  11932    Saving game at tick 100200 to 'E:\programowanie\projekty delphi\kam_expansion\Saves\autosave\autosave.sav'
15:44:34.251   713,022s   24959ms  11932    Issue gicGameAutoSave command at tick 100800
15:44:34.260   713,031s       9ms  11932    Saving game at tick 100800 to 'E:\programowanie\projekty delphi\kam_expansion\Saves\autosave\autosave.sav'
15:44:49.818   728,589s   15558ms  11932    Issue gicGameAutoSave command at tick 101400
15:44:49.824   728,595s       6ms  11932    Saving game at tick 101400 to 'E:\programowanie\projekty delphi\kam_expansion\Saves\autosave\autosave.sav'
15:44:58.384   737,155s    8560ms  11932    Issue gicGameAutoSave command at tick 102000
15:44:58.391   737,162s       6ms  11932    Saving game at tick 102000 to 'E:\programowanie\projekty delphi\kam_expansion\Saves\autosave\autosave.sav'
15:45:05.401   744,172s    7009ms  11932    Issue gicGameAutoSave command at tick 102600
15:45:05.407   744,178s       6ms  11932    Saving game at tick 102600 to 'E:\programowanie\projekty delphi\kam_expansion\Saves\autosave\autosave.sav'
15:45:18.602   757,373s   13195ms  11932    Issue gicGameAutoSave command at tick 103200
15:45:18.609   757,380s       7ms  11932    Saving game at tick 103200 to 'E:\programowanie\projekty delphi\kam_expansion\Saves\autosave\autosave.sav'
15:45:24.601   763,372s    5992ms  11932    Issue gicGameAutoSave command at tick 103800
15:45:24.608   763,379s       7ms  11932    Saving game at tick 103800 to 'E:\programowanie\projekty delphi\kam_expansion\Saves\autosave\autosave.sav'
15:45:30.870   769,642s    6263ms  11932    Issue gicGameAutoSave command at tick 104400
15:45:30.879   769,650s       8ms  11932    Saving game at tick 104400 to 'E:\programowanie\projekty delphi\kam_expansion\Saves\autosave\autosave.sav'
15:45:45.273   784,044s   14394ms  11932    Issue gicGameAutoSave command at tick 105000
15:45:45.281   784,052s       8ms  11932    Saving game at tick 105000 to 'E:\programowanie\projekty delphi\kam_expansion\Saves\autosave\autosave.sav'
15:45:56.704   795,475s   11423ms  11932    Issue gicGameAutoSave command at tick 105600
15:45:56.709   795,480s       5ms  11932    Saving game at tick 105600 to 'E:\programowanie\projekty delphi\kam_expansion\Saves\autosave\autosave.sav'
15:46:09.122   807,893s   12412ms  11932    Issue gicGameAutoSave command at tick 106200
15:46:09.129   807,900s       7ms  11932    Saving game at tick 106200 to 'E:\programowanie\projekty delphi\kam_expansion\Saves\autosave\autosave.sav'
15:46:18.288   817,059s    9159ms  11932    Issue gicGameAutoSave command at tick 106800
15:46:18.294   817,065s       6ms  11932    Saving game at tick 106800 to 'E:\programowanie\projekty delphi\kam_expansion\Saves\autosave\autosave.sav'
15:46:25.754   824,525s    7460ms  11932    Issue gicGameAutoSave command at tick 107400
15:46:25.761   824,532s       7ms  11932    Saving game at tick 107400 to 'E:\programowanie\projekty delphi\kam_expansion\Saves\autosave\autosave.sav'
15:46:31.736   830,507s    5975ms  11932    Make savepoint at tick 107999
15:46:31.754   830,525s      18ms  11932    Issue gicGameAutoSave command at tick 108000
15:46:31.760   830,532s       7ms  11932    Saving game at tick 108000 to 'E:\programowanie\projekty delphi\kam_expansion\Saves\autosave\autosave.sav'
15:46:40.386   839,157s    8625ms  11932    Issue gicGameAutoSave command at tick 108600
15:46:40.394   839,165s       8ms  11932    Saving game at tick 108600 to 'E:\programowanie\projekty delphi\kam_expansion\Saves\autosave\autosave.sav'
15:46:49.536   848,307s    9142ms  11932    Issue gicGameAutoSave command at tick 109200
15:46:49.546   848,317s      10ms  11932    Saving game at tick 109200 to 'E:\programowanie\projekty delphi\kam_expansion\Saves\autosave\autosave.sav'
15:47:01.192   859,963s   11646ms  11932    Issue gicGameAutoSave command at tick 109800
15:47:01.199   859,970s       7ms  11932    Saving game at tick 109800 to 'E:\programowanie\projekty delphi\kam_expansion\Saves\autosave\autosave.sav'
15:47:02.347   861,118s    1148ms  11932    Saving dev settings to file 'kmr_dev.xml'
15:47:03.487   862,259s    1141ms  11932    Saving dev settings to file 'kmr_dev.xml'
15:47:09.958   868,729s    6470ms  11932    Saving dev settings to file 'kmr_dev.xml'
15:47:10.141   868,912s     183ms  11932    Saving dev settings to file 'kmr_dev.xml'
15:47:10.605   869,376s     464ms  11932    Saving dev settings to file 'kmr_dev.xml'
15:47:11.663   870,434s    1058ms  11932    Saving dev settings to file 'kmr_dev.xml'
15:47:18.054   876,826s    6392ms  11932    Issue gicGameAutoSave command at tick 110400
15:47:18.061   876,832s       6ms  11932    Saving game at tick 110400 to 'E:\programowanie\projekty delphi\kam_expansion\Saves\autosave\autosave.sav'
15:47:30.535   889,306s   12468ms  11932    Issue gicGameAutoSave command at tick 111000
15:47:30.542   889,313s       7ms  11932    Saving game at tick 111000 to 'E:\programowanie\projekty delphi\kam_expansion\Saves\autosave\autosave.sav'
15:47:47.117   905,889s   16576ms  11932    Issue gicGameAutoSave command at tick 111600
15:47:47.125   905,896s       7ms  11932    Saving game at tick 111600 to 'E:\programowanie\projekty delphi\kam_expansion\Saves\autosave\autosave.sav'
15:48:02.397   921,168s   15272ms  11932    Issue gicGameAutoSave command at tick 112200
15:48:02.406   921,177s       9ms  11932    Saving game at tick 112200 to 'E:\programowanie\projekty delphi\kam_expansion\Saves\autosave\autosave.sav'
15:48:28.719   947,490s   26313ms  11932    Issue gicGameAutoSave command at tick 112800
15:48:28.726   947,498s       8ms  11932    Saving game at tick 112800 to 'E:\programowanie\projekty delphi\kam_expansion\Saves\autosave\autosave.sav'
15:48:56.419   975,191s   27693ms  11932    Issue gicGameAutoSave command at tick 113400
15:48:56.426   975,198s       7ms  11932    Saving game at tick 113400 to 'E:\programowanie\projekty delphi\kam_expansion\Saves\autosave\autosave.sav'
15:49:11.051   989,822s   14624ms  11932    Issue gicGameAutoSave command at tick 114000
15:49:11.059   989,830s       8ms  11932    Saving game at tick 114000 to 'E:\programowanie\projekty delphi\kam_expansion\Saves\autosave\autosave.sav'
15:49:26.490  1005,261s   15431ms  11932    Exception on tick 114460: Access violation at address 00000000 in module 'KaM_Expansion.exe'. Execution of address 00000000
00000000 ???                                        
01108833 KaM_Expansion.exe KM_AIRecordBuilding  428 TKMAIRecorder.UpdateState
01111cf9 KaM_Expansion.exe KM_AIMayor          1715 TKMayor.UpdateState
013dd59d KaM_Expansion.exe KM_AI                660 TKMHandAI.UpdateState
013ebbc0 KaM_Expansion.exe KM_Hand             3093 TKMHand.UpdateState
01068ddb KaM_Expansion.exe KM_AIInfluences      761 TKMInfluences.UpdateState
013b9155 KaM_Expansion.exe KM_HandsCollection  1374 TKMHandsCollection.UpdateState
0152c5a6 KaM_Expansion.exe KM_Game             3217 TKMGame.PlayGameTick
0152cbaa KaM_Expansion.exe KM_Game             3364 TKMGame.PlayNextTick
0152bbf9 KaM_Expansion.exe KM_Game             3001 DoUpdateGame
0152bc65 KaM_Expansion.exe KM_Game             3013 TKMGame.UpdateGame
01337d24 KaM_Expansion.exe KM_GameApp          1578 TKMGameApp.DoGameTick
0133f275 KaM_Expansion.exe KM_Main              552 TKMMain.DoIdle
00e0f6b5 KaM_Expansion.exe Vcl.Forms                TApplication.Idle
00e0e737 KaM_Expansion.exe Vcl.Forms                TApplication.HandleMessage
00e0ea69 KaM_Expansion.exe Vcl.Forms                TApplication.Run
015bbb3b KaM_Expansion.exe KaM_Expansion        480 initialization
015bbb5a KaM_Expansion.exe KaM_Expansion        482 initialization
75337ba7 KERNEL32.DLL                               BaseThreadInitThunk
15:49:26.527  1005,298s      37ms  11932    Exception occurred [EAccessViolation]: Access violation at address 00000000 in module 'KaM_Expansion.exe'. Execution of address 00000000.
                                      ================================================================================
                                                                      START BUG REPORT                                
                                      ================================================================================
                                      date/time          : 2024-12-30, 15:49:26, 491ms
computer name      : LAPTOP-5CTTUAIM
user name          : szyby
registered owner   : szybyc@wp.pl / HP Inc.
operating system   : Windows 11 x64 build 22631
system language    : Polish
system up time     : 6 hours 16 minutes
program up time    : 16 minutes 45 seconds
processors         : 12x 11th Gen Intel(R) Core(TM) i5-11400F @ 2.60GHz
physical memory    : 25876/32650 MB (free/total)
free disk space    : (C:) 184,46 GB (E:) 653,00 GB
display mode       : 1920x1080, 32 bit
process id         : $2748
allocated memory   : 375,77 MB
largest free block : 1,77 GB
executable         : KaM_Expansion.exe
exec. date/time    : 2024-12-30 15:32
version            : 1.0.0.0
compiled with      : Delphi 11
madExcept version  : 5.1.4
callstack crc      : $00000000, $ec3b7065, $1b35d7d5
exception number   : 1
exception class    : EAccessViolation
exception message  : Access violation at address 00000000 in module 'KaM_Expansion.exe'. Execution of address 00000000.

main thread ($2e9c):
00000000 +000 ???
01108833 +063 KaM_Expansion.exe KM_AIRecordBuilding  428  +7 TKMAIRecorder.UpdateState
01111cf9 +031 KaM_Expansion.exe KM_AIMayor          1715  +5 TKMayor.UpdateState
013dd59d +15d KaM_Expansion.exe KM_AI                660 +26 TKMHandAI.UpdateState
013ebbc0 +5e4 KaM_Expansion.exe KM_Hand             3093 +91 TKMHand.UpdateState
01068ddb +10b KaM_Expansion.exe KM_AIInfluences      761 +17 TKMInfluences.UpdateState
013b9155 +091 KaM_Expansion.exe KM_HandsCollection  1374  +7 TKMHandsCollection.UpdateState
0152c5a6 +1ca KaM_Expansion.exe KM_Game             3217 +43 TKMGame.PlayGameTick
0152cbaa +09e KaM_Expansion.exe KM_Game             3364 +15 TKMGame.PlayNextTick
0152bbf9 +009 KaM_Expansion.exe KM_Game             3001  +1 DoUpdateGame
0152bc65 +021 KaM_Expansion.exe KM_Game             3013  +3 TKMGame.UpdateGame
01337d24 +018 KaM_Expansion.exe KM_GameApp          1578  +2 TKMGameApp.DoGameTick
0133f275 +08d KaM_Expansion.exe KM_Main              552 +21 TKMMain.DoIdle
00e0f6b5 +099 KaM_Expansion.exe Vcl.Forms                    TApplication.Idle
00e0e737 +017 KaM_Expansion.exe Vcl.Forms                    TApplication.HandleMessage
00e0ea69 +0d1 KaM_Expansion.exe Vcl.Forms                    TApplication.Run
015bbb3b +077 KaM_Expansion.exe KaM_Expansion        480  +7 initialization
015bbb5a +096 KaM_Expansion.exe KaM_Expansion        482  +9 initialization
75337ba7 +017 KERNEL32.DLL                                   BaseThreadInitThunk

thread $4148:
76d94152 +82 KERNELBASE.dll              WaitForSingleObjectEx
76d940bd +0d KERNELBASE.dll              WaitForSingleObject
00c34add +0d KaM_Expansion.exe madExcept CallThreadProcSafe
00c34b42 +32 KaM_Expansion.exe madExcept ThreadExceptFrame
00c34bb8 +a8 KaM_Expansion.exe madExcept ThreadExceptFrame
75337ba7 +17 KERNEL32.DLL                BaseThreadInitThunk
>> created by main thread ($2e9c) at:
5ccb0276 +00 nvoglv32.dll

thread $6a8:
76d94f79 +189 KERNELBASE.dll              WaitForMultipleObjectsEx
76d94dd3 +013 KERNELBASE.dll              WaitForMultipleObjects
00c34add +00d KaM_Expansion.exe madExcept CallThreadProcSafe
00c34b42 +032 KaM_Expansion.exe madExcept ThreadExceptFrame
00c34bb8 +0a8 KaM_Expansion.exe madExcept ThreadExceptFrame
75337ba7 +017 KERNEL32.DLL                BaseThreadInitThunk
>> created by main thread ($2e9c) at:
5ccdea4e +000 nvoglv32.dll

thread $3120:
75182dbc +4c USER32.dll                  MsgWaitForMultipleObjectsEx
7519245a +1a USER32.dll                  MsgWaitForMultipleObjects
00c34add +0d KaM_Expansion.exe madExcept CallThreadProcSafe
00c34b42 +32 KaM_Expansion.exe madExcept ThreadExceptFrame
00c34bb8 +a8 KaM_Expansion.exe madExcept ThreadExceptFrame
75337ba7 +17 KERNEL32.DLL                BaseThreadInitThunk
>> created by thread $4148 at:
5ccaa0f7 +00 nvoglv32.dll

thread $4518: <priority:15>
76d94f79 +189 KERNELBASE.dll              WaitForMultipleObjectsEx
76d94dd3 +013 KERNELBASE.dll              WaitForMultipleObjects
00c34add +00d KaM_Expansion.exe madExcept CallThreadProcSafe
00c34b42 +032 KaM_Expansion.exe madExcept ThreadExceptFrame
00c34bb8 +0a8 KaM_Expansion.exe madExcept ThreadExceptFrame
75337ba7 +017 KERNEL32.DLL                BaseThreadInitThunk
>> created by main thread ($2e9c) at:
6246f555 +000 dsound.DLL

thread $3e10: <priority:15>
76d94f79 +189 KERNELBASE.dll              WaitForMultipleObjectsEx
76d94dd3 +013 KERNELBASE.dll              WaitForMultipleObjects
00c34add +00d KaM_Expansion.exe madExcept CallThreadProcSafe
00c34b42 +032 KaM_Expansion.exe madExcept ThreadExceptFrame
00c34bb8 +0a8 KaM_Expansion.exe madExcept ThreadExceptFrame
75337ba7 +017 KERNEL32.DLL                BaseThreadInitThunk
>> created by main thread ($2e9c) at:
6246f555 +000 dsound.DLL

thread $407c: <priority:15>
76d94152 +82 KERNELBASE.dll              WaitForSingleObjectEx
76d940bd +0d KERNELBASE.dll              WaitForSingleObject
761f857c +8c msvcrt.dll                  _endthreadex
00c34add +0d KaM_Expansion.exe madExcept CallThreadProcSafe
00c34b42 +32 KaM_Expansion.exe madExcept ThreadExceptFrame
00c34bb8 +a8 KaM_Expansion.exe madExcept ThreadExceptFrame
75337ba7 +17 KERNEL32.DLL                BaseThreadInitThunk
>> created by main thread ($2e9c) at:
761f845f +7f msvcrt.dll                  _beginthreadex

thread $abc: <priority:2>
76d94f79 +189 KERNELBASE.dll              WaitForMultipleObjectsEx
76d94dd3 +013 KERNELBASE.dll              WaitForMultipleObjects
761f857c +08c msvcrt.dll                  _endthreadex
00c34add +00d KaM_Expansion.exe madExcept CallThreadProcSafe
00c34b42 +032 KaM_Expansion.exe madExcept ThreadExceptFrame
00c34bb8 +0a8 KaM_Expansion.exe madExcept ThreadExceptFrame
75337ba7 +017 KERNEL32.DLL                BaseThreadInitThunk
>> created by main thread ($2e9c) at:
761f845f +07f msvcrt.dll                  _beginthreadex

thread $423c: <priority:15>
76d94152 +82 KERNELBASE.dll              WaitForSingleObjectEx
761f83cc +9c msvcrt.dll                  _endthread
00c34add +0d KaM_Expansion.exe madExcept CallThreadProcSafe
00c34b42 +32 KaM_Expansion.exe madExcept ThreadExceptFrame
00c34bb8 +a8 KaM_Expansion.exe madExcept ThreadExceptFrame
75337ba7 +17 KERNEL32.DLL                BaseThreadInitThunk
>> created by main thread ($2e9c) at:
761f8291 +71 msvcrt.dll                  _beginthread

thread $1150: <priority:14>
76d94f79 +189 KERNELBASE.dll              WaitForMultipleObjectsEx
76d94dd3 +013 KERNELBASE.dll              WaitForMultipleObjects
00c34add +00d KaM_Expansion.exe madExcept CallThreadProcSafe
00c34b42 +032 KaM_Expansion.exe madExcept ThreadExceptFrame
00c34bb8 +0a8 KaM_Expansion.exe madExcept ThreadExceptFrame
75337ba7 +017 KERNEL32.DLL                BaseThreadInitThunk
>> created by thread $32bc at:
6248970d +000 dsound.DLL

thread $7d8: <priority:15>
00c34add +0d KaM_Expansion.exe madExcept CallThreadProcSafe
00c34b42 +32 KaM_Expansion.exe madExcept ThreadExceptFrame
00c34bb8 +a8 KaM_Expansion.exe madExcept ThreadExceptFrame
75337ba7 +17 KERNEL32.DLL                BaseThreadInitThunk
>> created by thread $32bc at:
737f6555 +00 winmm.dll

thread $6b0 (TKMWorkerThread):
76d94152 +082 KERNELBASE.dll                            WaitForSingleObjectEx
76d940bd +00d KERNELBASE.dll                            WaitForSingleObject
00be062e +002 KaM_Expansion.exe System.SysUtils         WaitForSyncWaitObj
00be081f +01f KaM_Expansion.exe System.SysUtils         WaitOrSignalObj
00b8b6b1 +065 KaM_Expansion.exe System           23  +0 TMonitor.Wait
00b8b6ee +0a2 KaM_Expansion.exe System           23  +0 TMonitor.Wait
00b8b726 +022 KaM_Expansion.exe System           23  +0 TMonitor.Wait
00e4c481 +0dd KaM_Expansion.exe KM_WorkerThread 153 +27 TKMWorkerThread.Execute
00e4c4d9 +135 KaM_Expansion.exe KM_WorkerThread 159 +33 TKMWorkerThread.Execute
00e4c553 +1af KaM_Expansion.exe KM_WorkerThread 175 +49 TKMWorkerThread.Execute
00c34bf7 +02b KaM_Expansion.exe madExcept               HookedTThreadExecute
00c34c62 +096 KaM_Expansion.exe madExcept               HookedTThreadExecute
00cbcf71 +049 KaM_Expansion.exe System.Classes          ThreadProc
00cbcfd4 +0ac KaM_Expansion.exe System.Classes          ThreadProc
00b8c4b4 +028 KaM_Expansion.exe System           23  +0 ThreadWrapper
00c34add +00d KaM_Expansion.exe madExcept               CallThreadProcSafe
00c34b42 +032 KaM_Expansion.exe madExcept               ThreadExceptFrame
00c34bb8 +0a8 KaM_Expansion.exe madExcept               ThreadExceptFrame
75337ba7 +017 KERNEL32.DLL                              BaseThreadInitThunk
>> created by main thread ($2e9c) at:
00cbd038 +018 KaM_Expansion.exe System.Classes          TThread.Create

thread $34ec (TKMWorkerThread):
76d94152 +082 KERNELBASE.dll                            WaitForSingleObjectEx
76d940bd +00d KERNELBASE.dll                            WaitForSingleObject
00be062e +002 KaM_Expansion.exe System.SysUtils         WaitForSyncWaitObj
00be081f +01f KaM_Expansion.exe System.SysUtils         WaitOrSignalObj
00b8b6b1 +065 KaM_Expansion.exe System           23  +0 TMonitor.Wait
00b8b6ee +0a2 KaM_Expansion.exe System           23  +0 TMonitor.Wait
00b8b726 +022 KaM_Expansion.exe System           23  +0 TMonitor.Wait
00e4c481 +0dd KaM_Expansion.exe KM_WorkerThread 153 +27 TKMWorkerThread.Execute
00e4c4d9 +135 KaM_Expansion.exe KM_WorkerThread 159 +33 TKMWorkerThread.Execute
00e4c553 +1af KaM_Expansion.exe KM_WorkerThread 175 +49 TKMWorkerThread.Execute
00c34bf7 +02b KaM_Expansion.exe madExcept               HookedTThreadExecute
00c34c62 +096 KaM_Expansion.exe madExcept               HookedTThreadExecute
00cbcf71 +049 KaM_Expansion.exe System.Classes          ThreadProc
00cbcfd4 +0ac KaM_Expansion.exe System.Classes          ThreadProc
00b8c4b4 +028 KaM_Expansion.exe System           23  +0 ThreadWrapper
00c34add +00d KaM_Expansion.exe madExcept               CallThreadProcSafe
00c34b42 +032 KaM_Expansion.exe madExcept               ThreadExceptFrame
00c34bb8 +0a8 KaM_Expansion.exe madExcept               ThreadExceptFrame
75337ba7 +017 KERNEL32.DLL                              BaseThreadInitThunk
>> created by main thread ($2e9c) at:
00cbd038 +018 KaM_Expansion.exe System.Classes          TThread.Create

thread $28b4 (TKMWorkerThread):
76d94152 +082 KERNELBASE.dll                            WaitForSingleObjectEx
76d940bd +00d KERNELBASE.dll                            WaitForSingleObject
00be062e +002 KaM_Expansion.exe System.SysUtils         WaitForSyncWaitObj
00be081f +01f KaM_Expansion.exe System.SysUtils         WaitOrSignalObj
00b8b6b1 +065 KaM_Expansion.exe System           23  +0 TMonitor.Wait
00b8b6ee +0a2 KaM_Expansion.exe System           23  +0 TMonitor.Wait
00b8b726 +022 KaM_Expansion.exe System           23  +0 TMonitor.Wait
00e4c481 +0dd KaM_Expansion.exe KM_WorkerThread 153 +27 TKMWorkerThread.Execute
00e4c4d9 +135 KaM_Expansion.exe KM_WorkerThread 159 +33 TKMWorkerThread.Execute
00e4c553 +1af KaM_Expansion.exe KM_WorkerThread 175 +49 TKMWorkerThread.Execute
00c34bf7 +02b KaM_Expansion.exe madExcept               HookedTThreadExecute
00c34c62 +096 KaM_Expansion.exe madExcept               HookedTThreadExecute
00cbcf71 +049 KaM_Expansion.exe System.Classes          ThreadProc
00cbcfd4 +0ac KaM_Expansion.exe System.Classes          ThreadProc
00b8c4b4 +028 KaM_Expansion.exe System           23  +0 ThreadWrapper
00c34add +00d KaM_Expansion.exe madExcept               CallThreadProcSafe
00c34b42 +032 KaM_Expansion.exe madExcept               ThreadExceptFrame
00c34bb8 +0a8 KaM_Expansion.exe madExcept               ThreadExceptFrame
75337ba7 +017 KERNEL32.DLL                              BaseThreadInitThunk
>> created by main thread ($2e9c) at:
00cbd038 +018 KaM_Expansion.exe System.Classes          TThread.Create

thread $3878 (TKMWorkerThread):
76d94152 +082 KERNELBASE.dll                            WaitForSingleObjectEx
76d940bd +00d KERNELBASE.dll                            WaitForSingleObject
00be062e +002 KaM_Expansion.exe System.SysUtils         WaitForSyncWaitObj
00be081f +01f KaM_Expansion.exe System.SysUtils         WaitOrSignalObj
00b8b6b1 +065 KaM_Expansion.exe System           23  +0 TMonitor.Wait
00b8b6ee +0a2 KaM_Expansion.exe System           23  +0 TMonitor.Wait
00b8b726 +022 KaM_Expansion.exe System           23  +0 TMonitor.Wait
00e4c481 +0dd KaM_Expansion.exe KM_WorkerThread 153 +27 TKMWorkerThread.Execute
00e4c4d9 +135 KaM_Expansion.exe KM_WorkerThread 159 +33 TKMWorkerThread.Execute
00e4c553 +1af KaM_Expansion.exe KM_WorkerThread 175 +49 TKMWorkerThread.Execute
00c34bf7 +02b KaM_Expansion.exe madExcept               HookedTThreadExecute
00c34c62 +096 KaM_Expansion.exe madExcept               HookedTThreadExecute
00cbcf71 +049 KaM_Expansion.exe System.Classes          ThreadProc
00cbcfd4 +0ac KaM_Expansion.exe System.Classes          ThreadProc
00b8c4b4 +028 KaM_Expansion.exe System           23  +0 ThreadWrapper
00c34add +00d KaM_Expansion.exe madExcept               CallThreadProcSafe
00c34b42 +032 KaM_Expansion.exe madExcept               ThreadExceptFrame
00c34bb8 +0a8 KaM_Expansion.exe madExcept               ThreadExceptFrame
75337ba7 +017 KERNEL32.DLL                              BaseThreadInitThunk
>> created by main thread ($2e9c) at:
00cbd038 +018 KaM_Expansion.exe System.Classes          TThread.Create

thread $2eac:
75337ba7 +17 KERNEL32.DLL  BaseThreadInitThunk

modules:
00b80000 KaM_Expansion.exe               1.0.0.0             E:\programowanie\projekty delphi\kam_expansion
02420000 ogg.dll                                             E:\programowanie\projekty delphi\kam_expansion
02430000 vorbis.dll                                          E:\programowanie\projekty delphi\kam_expansion
10000000 vorbisfile.dll                                      E:\programowanie\projekty delphi\kam_expansion
10d90000 OpenAL32.dll                    6.14.357.24         C:\WINDOWS\SYSTEM32
11000000 bass.dll                        2.4.8.1             E:\programowanie\projekty delphi\kam_expansion
15ad0000 wrap_oal.dll                    2.2.0.5             C:\WINDOWS\SYSTEM32
538a0000 Windows.StateRepositoryPS.dll   6.2.22621.4036      C:\Windows\System32
5a590000 AUDIOSES.DLL                    6.2.22621.4541      C:\WINDOWS\SYSTEM32
5a720000 MMDevAPI.DLL                    6.2.22621.4111      C:\WINDOWS\SYSTEM32
5a800000 Windows.UI.dll                  6.2.22621.4541      C:\Windows\System32
5a910000 nvgpucomp32.dll                 32.0.15.6081        C:\WINDOWS\System32\DriverStore\FileRepository\nvmdi.inf_amd64_2e01d57d451be19f
5c410000 Windows.FileExplorer.Common.dll 6.2.22621.4541      C:\Windows\System32
5c4a0000 nvoglv32.dll                    32.0.15.6081        C:\WINDOWS\System32\DriverStore\FileRepository\nvmdi.inf_amd64_2e01d57d451be19f
5dc60000 libvlccore.dll                  3.0.8.0             E:\programowanie\projekty delphi\kam_expansion\lib\vlc
5df00000 CoreUIComponents.dll            6.2.22621.4541      C:\WINDOWS\SYSTEM32
5eb30000 FaultRep.dll                    6.2.22621.4541      C:\WINDOWS\SYSTEM32
62080000 windows.staterepositorycore.dll 6.2.22621.4036      C:\WINDOWS\SYSTEM32
620a0000 Windows.System.Launcher.dll     6.2.22621.4541      C:\Windows\System32
62320000 mssprxy.dll                     7.0.22621.4249      C:\WINDOWS\system32
62330000 resourcepolicyclient.dll        6.2.22621.3527      C:\WINDOWS\SYSTEM32
62340000 midimap.dll                     6.2.22621.2506      C:\WINDOWS\SYSTEM32
62350000 wdmaud.drv                      6.2.22621.3527      C:\WINDOWS\SYSTEM32
62390000 ResampleDmo.DLL                 6.2.22621.2506      C:\WINDOWS\SYSTEM32
62430000 dsound.DLL                      6.2.22621.3527      C:\WINDOWS\SYSTEM32
65dd0000 msvcp110_win.dll                6.2.22621.1         C:\Windows\System32
66470000 textinputframework.dll          6.2.22621.4541      C:\WINDOWS\SYSTEM32
68b50000 dwmapi.dll                      6.2.22621.4541      C:\WINDOWS\SYSTEM32
68c90000 nvspcap.dll                     11.0.1.163          C:\WINDOWS\system32
68f70000 msacm32.drv                     6.2.22621.2506      C:\WINDOWS\SYSTEM32
6d870000 CoreMessaging.dll               6.2.22621.4541      C:\WINDOWS\SYSTEM32
6e120000 devobj.dll                      6.2.22621.2506      C:\WINDOWS\SYSTEM32
6e150000 drvstore.dll                    6.2.22621.4541      C:\WINDOWS\SYSTEM32
6e340000 dxcore.dll                      6.2.22621.4541      C:\WINDOWS\SYSTEM32
6e8b0000 cryptnet.dll                    6.2.22621.1         C:\WINDOWS\SYSTEM32
6e910000 rsaenh.dll                      6.2.22621.4249      C:\WINDOWS\system32
6e940000 CRYPTSP.dll                     6.2.22621.3672      C:\WINDOWS\SYSTEM32
6eb50000 TextShaping.dll                 6.2.22621.4541      C:\WINDOWS\SYSTEM32
6fbe0000 winspool.drv                    6.2.22621.3810      C:\WINDOWS\SYSTEM32
731a0000 winhttp.dll                     6.2.22621.4541      C:\WINDOWS\SYSTEM32
73280000 COMCTL32.dll                    6.10.22621.4541     C:\WINDOWS\WinSxS\x86_microsoft.windows.common-controls_6595b64144ccf1df_6.0.22621.4541_none_6ebe089c8800e98b
735e0000 AVRT.dll                        6.2.22621.2506      C:\WINDOWS\SYSTEM32
735f0000 ksuser.dll                      6.2.22621.1         C:\WINDOWS\SYSTEM32
73600000 winmmbase.dll                   6.2.22621.1         C:\WINDOWS\SYSTEM32
73620000 powrprof.dll                    6.2.22621.3958      C:\WINDOWS\SYSTEM32
73670000 wldp.dll                        6.2.22621.4541      C:\WINDOWS\SYSTEM32
73710000 ntmarta.dll                     6.2.22621.1         C:\WINDOWS\SYSTEM32
73740000 cfgmgr32.dll                    6.2.22621.2506      C:\WINDOWS\SYSTEM32
73790000 SHFolder.dll                    6.2.22621.1         C:\WINDOWS\SYSTEM32
737a0000 WINSTA.dll                      6.2.22621.4541      C:\WINDOWS\SYSTEM32
737f0000 winmm.dll                       6.2.22621.4541      C:\WINDOWS\SYSTEM32
73830000 srvcli.dll                      6.2.22621.4249      C:\Windows\System32
73850000 iertutil.dll                    11.0.22621.4541     C:\Windows\System32
73ab0000 msdmo.dll                       6.2.22621.1         C:\WINDOWS\SYSTEM32
73ac0000 urlmon.dll                      11.0.22621.4169     C:\Windows\System32
73c90000 propsys.dll                     7.0.22621.4249      C:\WINDOWS\system32
73d60000 msasn1.dll                      6.2.22621.2506      C:\WINDOWS\SYSTEM32
73d70000 wsock32.dll                     6.2.22621.1         C:\WINDOWS\SYSTEM32
73d80000 SspiCli.dll                     6.2.22621.3810      C:\WINDOWS\SYSTEM32
73dd0000 uxtheme.dll                     6.2.22621.4541      C:\WINDOWS\system32
74040000 UMPDC.dll                       6.2.22621.1         C:\WINDOWS\SYSTEM32
74050000 AppXDeploymentClient.dll        6.2.22621.4541      C:\Windows\System32
74140000 libvlc.dll                      3.0.8.0             E:\programowanie\projekty delphi\kam_expansion\lib\vlc
74170000 MSACM32.dll                     6.2.22621.1         C:\WINDOWS\SYSTEM32
74190000 GLU32.dll                       6.2.22621.2506      C:\WINDOWS\SYSTEM32
741e0000 opengl32.dll                    6.2.22621.4541      C:\WINDOWS\SYSTEM32
74580000 kernel.appcore.dll              6.2.22621.3958      C:\WINDOWS\SYSTEM32
745a0000 netutils.dll                    6.2.22621.2506      C:\Windows\System32
745d0000 version.dll                     6.2.22621.1         C:\WINDOWS\SYSTEM32
74860000 profapi.dll                     6.2.22621.4541      C:\WINDOWS\SYSTEM32
74890000 wintypes.dll                    6.2.22621.3810      C:\WINDOWS\SYSTEM32
74960000 windows.storage.dll             6.2.22621.4601      C:\WINDOWS\SYSTEM32
75090000 CRYPTBASE.DLL                   6.2.22621.1         C:\WINDOWS\SYSTEM32
75110000 USERENV.dll                     6.2.22621.3527      C:\WINDOWS\SYSTEM32
75130000 wtsapi32.dll                    6.2.22621.1         C:\WINDOWS\SYSTEM32
75160000 USER32.dll                      6.2.22621.4601      C:\WINDOWS\System32
75320000 KERNEL32.DLL                    6.2.22621.4391      C:\WINDOWS\System32
75410000 ucrtbase.dll                    6.2.22621.3593      C:\WINDOWS\System32
75530000 IMM32.DLL                       6.2.22621.3374      C:\WINDOWS\System32
75560000 WINTRUST.dll                    6.2.22621.4541      C:\WINDOWS\System32
755c0000 SHELL32.dll                     6.2.22621.4541      C:\WINDOWS\System32
75d70000 win32u.dll                      6.2.22621.4460      C:\WINDOWS\System32
75d90000 shcore.dll                      6.2.22621.4541      C:\WINDOWS\System32
75e60000 oleaut32.dll                    6.2.22621.3672      C:\WINDOWS\System32
75f00000 combase.dll                     6.2.22621.4601      C:\WINDOWS\System32
76190000 msvcrt.dll                      7.0.22621.2506      C:\WINDOWS\System32
76260000 imagehlp.dll                    6.2.22621.1         C:\WINDOWS\System32
762e0000 msvcp_win.dll                   6.2.22621.3374      C:\WINDOWS\System32
76360000 SETUPAPI.dll                    6.2.22621.2506      C:\WINDOWS\System32
767a0000 gdi32full.dll                   6.2.22621.4601      C:\WINDOWS\System32
768a0000 bcryptPrimitives.dll            6.2.22621.4317      C:\WINDOWS\System32
76910000 MSCTF.dll                       6.2.22621.4601      C:\WINDOWS\System32
76a20000 advapi32.dll                    6.2.22621.4391      C:\WINDOWS\System32
76aa0000 WS2_32.dll                      6.2.22621.1         C:\WINDOWS\System32
76b00000 comdlg32.dll                    6.2.22621.4541      C:\WINDOWS\System32
76bc0000 bcrypt.dll                      6.2.22621.2506      C:\WINDOWS\System32
76be0000 coml2.dll                       6.2.22621.3672      C:\WINDOWS\System32
76c50000 KERNELBASE.dll                  6.2.22621.4601      C:\WINDOWS\System32
77050000 shlwapi.dll                     6.2.22621.4541      C:\WINDOWS\System32
770a0000 sechost.dll                     6.2.22621.4541      C:\WINDOWS\System32
77130000 clbcatq.dll                     2001.12.10941.16384 C:\WINDOWS\System32
771c0000 ole32.dll                       6.2.22621.3958      C:\WINDOWS\System32
77320000 CRYPT32.dll                     6.2.22621.4541      C:\WINDOWS\System32
77430000 RPCRT4.dll                      6.2.22621.4249      C:\WINDOWS\System32
774f0000 PSAPI.dll                       6.2.22621.1         C:\WINDOWS\System32
77500000 GDI32.dll                       6.2.22621.4036      C:\WINDOWS\System32
77540000 ntdll.dll                       6.2.22621.4541      C:\WINDOWS\SYSTEM32

hardware:
+ {1ed2bbf9-11f0-4084-b21f-ad83a8e6dcdc}
  - Fax
  - Gwna kolejka wydruku
  - HP Smart Printing
  - Microsoft Print to PDF
  - Microsoft XPS Document Writer
+ {36fc9e60-c465-11cf-8056-444553540000}
  - Gwny koncentrator USB (USB 3.0)
  - Intel(R) USB 3.20 eXtensible Host Controller - 1.20 (Microsoft)
  - Rodzajowy koncentrator USB
  - Rodzajowy koncentrator USB
  - Rodzajowy koncentrator USB SuperSpeed
  - Urzdzenie kompozytowe USB
  - Urzdzenie kompozytowe USB
+ {4d36e966-e325-11ce-bfc1-08002be10318}
  - Komputer oparty na architekturze x64 obsugujcy interfejs ACPI
  - Micro-Star International Co., Ltd. MS-7D15
+ {4d36e967-e325-11ce-bfc1-08002be10318}
  - KXG60ZNV512G KIOXIA
  - Samsung SSD 980 1TB
+ {4d36e968-e325-11ce-bfc1-08002be10318}
  - NVIDIA GeForce RTX 3060 Ti (driver 32.0.15.6081)
+ {4d36e96a-e325-11ce-bfc1-08002be10318}
  - Standardowy kontroler SATA AHCI
+ {4d36e96b-e325-11ce-bfc1-08002be10318}
  - Urzdzenie klawiatury HID
  - Urzdzenie klawiatury HID
+ {4d36e96c-e325-11ce-bfc1-08002be10318}
  - NVIDIA High Definition Audio (driver 1.4.0.1)
  - NVIDIA Virtual Audio Device (Wave Extensible) (WDM) (driver 4.65.0.3)
  - Urzdzenie zgodne ze standardem High Definition Audio
+ {4d36e96e-e325-11ce-bfc1-08002be10318}
  - Generic Monitor (Smart TV)
+ {4d36e96f-e325-11ce-bfc1-08002be10318}
  - Mysz zgodna z HID
+ {4d36e972-e325-11ce-bfc1-08002be10318}
  - Microsoft Kernel Debug Network Adapter
  - Realtek Gaming 2.5GbE Family Controller (driver 10.71.312.2024)
  - WAN Miniport (IKEv2)
  - WAN Miniport (IP)
  - WAN Miniport (IPv6)
  - WAN Miniport (L2TP)
  - WAN Miniport (Network Monitor)
  - WAN Miniport (PPPOE)
  - WAN Miniport (PPTP)
  - WAN Miniport (SSTP)
+ {4d36e97b-e325-11ce-bfc1-08002be10318}
  - Kontroler miejsc do magazynowania firmy Microsoft
  - Standardowy kontroler NVM Express
  - Standardowy kontroler NVM Express
  - Xvdd SCSI Miniport (driver 10.0.22020.1)
+ {4d36e97d-e325-11ce-bfc1-08002be10318}
  - Agregator procesora systemu ACPI
  - Alarm wznawiania ACPI
  - AMD Crash Defender (driver 22.20.0.2)
  - Aplikacja zbierajca informacje o oprogramowaniu urzdze Plug and Play
  - Chodzenie ACPI
  - Chodzenie ACPI
  - Chodzenie ACPI
  - Chodzenie ACPI
  - Chodzenie ACPI
  - Czasomierz systemowy
  - Czasomierz zdarzeniowy wysokiej precyzji
  - Intel(R) GNA - 4C11 (driver 10.1.41.5)
  - Intel(R) Host Bridge/DRAM Registers - 4C53 (driver 10.1.41.5)
  - Intel(R) LPC Controller (B560) - 4387 (driver 10.1.34.10)
  - Intel(R) Management Engine Interface #1 (driver 2131.1.4.0)
  - Intel(R) PCI Express Root Port #21 - 43C4 (driver 10.1.34.10)
  - Intel(R) PCI Express Root Port #6 - 43BD (driver 10.1.34.10)
  - Intel(R) PCI Express Root Port #9 - 43B0 (driver 10.1.34.10)
  - Intel(R) PEG10 - 4C01 (driver 10.1.41.5)
  - Intel(R) Serial IO GPIO Host Controller - INT34C6 (driver 30.100.2051.37)
  - Intel(R) Shared SRAM - 43EF (driver 10.1.34.10)
  - Intel(R) SPI (flash) Controller - 43A4 (driver 10.1.34.10)
  - Intel(R) Watchdog Timer Driver (Intel(R) WDT) (driver 11.7.0.1000)
  - Interfejs zarzdzania Microsoft Windows dla ACPI
  - Interfejs zarzdzania Microsoft Windows dla ACPI
  - Interfejs zarzdzania Microsoft Windows dla ACPI
  - Interfejs zarzdzania Microsoft Windows dla ACPI
  - Interfejs zarzdzania Microsoft Windows dla ACPI
  - Kontroler zgodny ze standardem High Definition Audio
  - Kontroler zgodny ze standardem High Definition Audio
  - Magistrala readresatora urzdze usug pulpitu zdalnego
  - Meneder woluminw
  - Modu wyliczajcy dysku wirtualnego firmy Microsoft
  - Modu wyliczajcy magistrali gwnej UMBus
  - Modu wyliczajcy magistrali kompozytowej
  - Modu wyliczajcy wirtualnej karty sieciowej NDIS
  - Podstawowy sterownik ekranu firmy Microsoft
  - Podstawowy sterownik renderowania firmy Microsoft
  - Procesor numeryczny
  - Programowalny kontroler przerwa
  - Przycisk ACPI Fixed Feature
  - Przycisk upienia ACPI
  - Przycisk zasilania ACPI
  - Serwer PCI funkcji Microsoft Hyper-V
  - Sterownik BIOS zarzdzania systemem firmy Microsoft
  - Sterownik infrastruktury wirtualizacji funkcji Microsoft Hyper-V
  - Sterownik wybierania rda adowania
  - Strefa termiczna ACPI
  - Synaptics SMBus Driver (driver 19.5.19.95)
  - System zgodny ze standardem Microsoft ACPI
  - System zgodny ze standardem Microsoft UEFI
  - Usuga hosta funkcji hypervisor firmy Microsoft
  - Wtyczka aparatu zasilania firmy Intel(R)
  - Zasoby pyty gwnej
  - Zasoby pyty gwnej
  - Zasoby pyty gwnej
  - Zasoby pyty gwnej
  - Zasoby pyty gwnej
  - Zasoby pyty gwnej
  - Zasoby pyty gwnej
  - Zasoby pyty gwnej
  - Zesp gwny PCI Express
+ {50127dc3-0f36-415e-a6cc-4cb3be910b65}
  - 11th Gen Intel(R) Core(TM) i5-11400F @ 2.60GHz
  - 11th Gen Intel(R) Core(TM) i5-11400F @ 2.60GHz
  - 11th Gen Intel(R) Core(TM) i5-11400F @ 2.60GHz
  - 11th Gen Intel(R) Core(TM) i5-11400F @ 2.60GHz
  - 11th Gen Intel(R) Core(TM) i5-11400F @ 2.60GHz
  - 11th Gen Intel(R) Core(TM) i5-11400F @ 2.60GHz
  - 11th Gen Intel(R) Core(TM) i5-11400F @ 2.60GHz
  - 11th Gen Intel(R) Core(TM) i5-11400F @ 2.60GHz
  - 11th Gen Intel(R) Core(TM) i5-11400F @ 2.60GHz
  - 11th Gen Intel(R) Core(TM) i5-11400F @ 2.60GHz
  - 11th Gen Intel(R) Core(TM) i5-11400F @ 2.60GHz
  - 11th Gen Intel(R) Core(TM) i5-11400F @ 2.60GHz
+ {533c5b84-ec70-11d2-9505-00c04f79deaf}
  - Rodzajowa kopia w tle woluminw
  - Rodzajowa kopia w tle woluminw
  - Rodzajowa kopia w tle woluminw
  - Rodzajowa kopia w tle woluminw
  - Rodzajowa kopia w tle woluminw
+ {5c4c3332-344d-483c-8739-259e934c9cc8}
  - Intel(R) Dynamic Application Loader Host Interface (driver 1.44.2023.710)
  - Intel(R) iCLS Client (driver 1.71.99.0)
  - Intel(R) Management Engine WMI Provider (driver 2408.5.4.0)
+ {62f9c741-b25a-46ce-b54c-9bccce08b6f2}
  - LAPTOP-5CTTUAIM: szybyc@wp.pl:
  - Microsoft Device Association Root Enumerator
  - Microsoft Radio Device Enumeration Bus
  - Microsoft RRAS Root Enumerator
  - POLSATBOX4KLITE-
  - Syntezator SW Microsoft GS Wavetable
+ {745a17a0-74d3-11d0-b6fe-00a0c90f57da}
  - Kontroler systemu zgodny z HID
  - Kontroler systemu zgodny z HID
  - Urzdzenie sterujce uytkownika zgodne z HID
  - Urzdzenie sterujce uytkownika zgodne z HID
  - Urzdzenie wejciowe USB
  - Urzdzenie wejciowe USB
  - Urzdzenie wejciowe USB
  - Urzdzenie wejciowe USB
  - Urzdzenie wejciowe USB
  - Urzdzenie zdefiniowane przez dostawc zgodne z HID
  - Urzdzenie zdefiniowane przez dostawc zgodne z HID
  - Urzdzenie zgodne z HID
+ {c166523c-fe0c-4a94-a586-f1a80cfbbf3e}
  - Cyfrowe urzdzenie audio (S/PDIF) (High Definition Audio Device)
  - Mikrofon (High Definition Audio Device)
  - Smart TV (NVIDIA High Definition Audio)
  - Suchawki (High Definition Audio Device)
+ {f2e7dd72-6468-4e36-b6f1-6488f42c1b52}
  - Oprogramowanie ukadowe urzdzenia

cpu registers:
eax = 1a0ba180
ebx = 09b101c0
ecx = 013f7040
edx = 021ff880
esi = 015bbac4
edi = 015bbac4
eip = 00000000
esp = 021ff878
ebp = 021ffa0c

stack dump:
021ff878  d7 81 10 01 c0 01 b1 09 - 69 00 00 00 b9 00 00 00  ........i.......
021ff888  ca 00 00 00 37 00 00 00 - cf 00 00 00 04 00 00 00  ....7...........
021ff898  10 02 2a 1d 37 00 00 00 - cf 00 00 00 04 00 00 00  ..*.7...........
021ff8a8  10 02 2a 1d 01 00 00 00 - 00 00 80 01 f0 49 0a 1a  ..*..........I..
021ff8b8  c8 f8 1f 02 bf 43 3e 01 - 90 34 28 00 00 00 00 00  .....C>..4(.....
021ff8c8  b6 70 b8 00 c4 04 b9 00 - 20 00 00 00 09 71 b8 00  .p...... ....q..
021ff8d8  00 5d 37 0f d1 00 ff ff - 00 5d 37 0f f4 f8 1f 02  .]7......]7.....
021ff8e8  ba 33 40 01 07 00 ff ff - 30 a6 dc 2c 30 a6 dc 1a  .3@.....0..,0...
021ff8f8  f4 95 ff 00 b6 70 b8 00 - c4 04 b9 00 10 fa 1f 02  .....p..........
021ff908  6a ec b8 00 6c fa 1f 02 - 81 ec b8 00 30 f9 1f 02  j...l.......0...
021ff918  c4 ba 5b 01 c4 ba 5b 01 - f4 95 ff 00 00 00 00 00  ..[...[.........
021ff928  b8 a3 00 01 1c fa 1f 02 - 64 fa 1f 02 2f af 00 01  ........d.../...
021ff938  39 af 00 01 c0 01 b1 09 - 00 00 00 00 00 00 00 00  9...............
021ff948  00 00 00 00 00 00 00 00 - 00 00 00 00 00 00 00 00  ................
021ff958  00 00 00 00 00 00 00 00 - 00 00 00 00 00 00 00 00  ................
021ff968  00 00 00 00 00 00 00 00 - 00 00 00 00 00 00 00 00  ................
021ff978  00 00 00 00 00 00 00 00 - 00 00 00 00 00 00 00 00  ................
021ff988  00 00 00 00 00 00 00 00 - 00 00 00 00 00 00 00 00  ................
021ff998  00 00 00 00 00 00 00 00 - 00 00 00 00 00 00 00 00  ................
021ff9a8  00 00 00 00 00 00 00 00 - 00 00 00 00 00 00 00 00  ................

disassembling:
[...]
011087f5       cmp     eax, 0
011087f8       jl      loc_1108853
011087fa       mov     [ebp-$c], eax
011087fd 426   lea     ecx, [ebp-$54]
01108800       mov     eax, [ebp-4]
01108803       add     eax, $10
01108806       mov     edx, [ebp-$c]
01108809       call    +$49e ($1108cac)       ; KM_AIRecordBuilding.{KM_CommonClasses}TKMArray<KM_AIRecordBuilding.TKMAICommand>.GetItem
0110880e       cmp     byte ptr [ebp-$47], 0
01108812       jnz     loc_110884a
01108814 427   lea     ecx, [ebp-$54]
01108817       mov     eax, [ebp-4]
0110881a       add     eax, $10
0110881d       mov     edx, [ebp-$c]
01108820       call    +$487 ($1108cac)       ; KM_AIRecordBuilding.{KM_CommonClasses}TKMArray<KM_AIRecordBuilding.TKMAICommand>.GetItem
01108825       mov     eax, [ebp-$44]
01108828       cmp     eax, [ebp-8]
0110882b       ja      loc_110884a
0110882d 428   mov     edx, [ebp-$c]
01108830       mov     eax, [ebp-4]
01108833     > call    -$1334 ($1107504)      ; KM_AIRecordBuilding.TKMAIRecorder.MakeCommand
01108838       test    al, al
0110883a       jz      loc_110884a
0110883c 431   mov     eax, [ebp-4]
0110883f       add     eax, $10
01108842       mov     edx, [ebp-$c]
01108845       call    +$59e ($1108de8)       ; KM_AIRecordBuilding.{KM_CommonClasses}TKMArray<KM_AIRecordBuilding.TKMAICommand>.Remove
0110884a 435   dec     dword ptr [ebp-$c]
0110884d 425   cmp     dword ptr [ebp-$c], -1
01108851       jnz     loc_11087fd
01108853 437   mov     esp, ebp
01108855       pop     ebp
01108856       ret
                                      ================================================================================
                                                                       END BUG REPORT                                 
                                      ================================================================================
15:49:26.844  1005,615s     317ms  11932    Creating crash report...
15:49:26.850  1005,621s       6ms  11932    Saving game at tick 114460 to 'E:\programowanie\projekty delphi\kam_expansion\Saves\crashreport\crashreport.sav'
15:49:27.823  1006,594s     973ms  11932    Attached file: E:\programowanie\projekty delphi\kam_expansion\Saves\crashreport\crashreport.sav
15:49:27.830  1006,601s       7ms  11932    Attached file: E:\programowanie\projekty delphi\kam_expansion\Saves\crashreport\crashreport.bas
15:49:27.836  1006,607s       6ms  11932    Attached file: E:\programowanie\projekty delphi\kam_expansion\Saves\crashreport\crashreport.rpl
15:49:27.843  1006,614s       7ms  11932    Attached file: E:\programowanie\projekty delphi\kam_expansion\Saves\crashreport\crashreport.rng
15:49:27.850  1006,621s       7ms  11932    Attached file: E:\programowanie\projekty delphi\kam_expansion\MapsMP\TMR07\TMR07.dat
15:49:27.856  1006,627s       6ms  11932    Attached file: E:\programowanie\projekty delphi\kam_expansion\MapsMP\TMR07\TMR07.map
15:49:27.861  1006,632s       5ms  11932    Attached file: E:\programowanie\projekty delphi\kam_expansion\MapsMP\TMR07\TMR07.txt
15:49:27.866  1006,637s       5ms  11932    Attached file: E:\programowanie\projekty delphi\kam_expansion\MapsMP\TMR07\TMR07.script
15:49:27.872  1006,643s       6ms  11932    Attached file: E:\programowanie\projekty delphi\kam_expansion\MapsMP\TMR07\TMR07.pol.libx
15:49:27.877  1006,648s       5ms  11932    Attached file: E:\programowanie\projekty delphi\kam_expansion\Saves\autosave05\autosave05.sav
15:49:27.882  1006,653s       4ms  11932    Attached file: E:\programowanie\projekty delphi\kam_expansion\Saves\autosave05\autosave05.bas
15:49:27.888  1006,659s       6ms  11932    Attached file: E:\programowanie\projekty delphi\kam_expansion\Saves\autosave05\autosave05.rpl
15:49:27.893  1006,665s       6ms  11932    Attached file: E:\programowanie\projekty delphi\kam_expansion\Saves\autosave05\autosave05.rng
15:49:27.899  1006,670s       5ms  11932    Attached file: E:\programowanie\projekty delphi\kam_expansion\Saves\autosave03\autosave03.sav
15:49:27.904  1006,675s       5ms  11932    Attached file: E:\programowanie\projekty delphi\kam_expansion\Saves\autosave03\autosave03.bas
15:49:27.910  1006,681s       6ms  11932    Attached file: E:\programowanie\projekty delphi\kam_expansion\Saves\autosave03\autosave03.rpl
15:49:27.915  1006,686s       5ms  11932    Attached file: E:\programowanie\projekty delphi\kam_expansion\Saves\autosave03\autosave03.rng
15:49:27.920  1006,691s       5ms  11932    Attached file: E:\programowanie\projekty delphi\kam_expansion\Saves\autosave01\autosave01.sav
15:49:27.925  1006,696s       5ms  11932    Attached file: E:\programowanie\projekty delphi\kam_expansion\Saves\autosave01\autosave01.bas
15:49:27.931  1006,702s       6ms  11932    Attached file: E:\programowanie\projekty delphi\kam_expansion\Saves\autosave01\autosave01.rpl
15:49:27.936  1006,707s       5ms  11932    Attached file: E:\programowanie\projekty delphi\kam_expansion\Saves\autosave01\autosave01.rng
15:49:27.941  1006,712s       5ms  11932    Attaching game loaded file: E:\programowanie\projekty delphi\kam_expansion\Saves\autosave01\autosave01.sav
15:49:27.947  1006,718s       6ms  11932    File already attached: E:\programowanie\projekty delphi\kam_expansion\Saves\autosave01\autosave01.sav
15:49:27.952  1006,723s       5ms  11932    File already attached: E:\programowanie\projekty delphi\kam_expansion\Saves\autosave01\autosave01.bas
15:49:27.958  1006,729s       6ms  11932    File already attached: E:\programowanie\projekty delphi\kam_expansion\Saves\autosave01\autosave01.rpl
15:49:27.963  1006,734s       5ms  11932    File already attached: E:\programowanie\projekty delphi\kam_expansion\Saves\autosave01\autosave01.rng
15:49:27.968  1006,739s       5ms  11932    Crash report created
15:49:27.973  1006,744s       4ms  11932    UI at crash time: MainPanel sizes: (1920;1009), cursor pos: (1670;260), 
CtrlDown = nil
CtrlOver = ID=13 ParentID=0 Class=TKMImage AbsPos: (1653;243) Pos: (1653;243) Sizes: [35;36]
CtrlUp = nil
CtrlFocus = nil
15:49:27.978  1006,749s       5ms  11932    Attached file: E:\programowanie\projekty delphi\kam_expansion\Logs\KaM_2024-12-30_15-32-41-229.log
15:49:27.985  1006,756s       7ms  11932    Attached file: C:\Users\szyby\OneDrive\Dokumenty\My Games\Knights and Merchants Remake\KaM Remake Settings KingDyronMod.xml
