   Timestamp    Elapsed     Delta  Thread    Description
========================
    Date: 2025.01.02
========================
20:56:48.297     0,001s       1ms   3440    Log is up and running. Game version: KaM Expansion: Co-op & World Update
20:56:48.303     0,007s       6ms   3440    Game Load started
20:56:48.322     0,026s      19ms   3440    Start loading 'GameApp settings' from 'C:\Users\szyby\OneDrive\Dokumenty\My Games\Knights and Merchants Remake\KaM Remake Settings KingDyronMod.xml'
20:56:48.327     0,031s       5ms   3440    'GameApp settings' was successfully loaded from 'C:\Users\szyby\OneDrive\Dokumenty\My Games\Knights and Merchants Remake\KaM Remake Settings KingDyronMod.xml'
20:56:48.345     0,049s       5ms   3440    Start saving 'GameApp settings' to 'C:\Users\szyby\OneDrive\Dokumenty\My Games\Knights and Merchants Remake\KaM Remake Settings KingDyronMod.xml'
01268604 KaM_Expansion.exe KM_Settings        106 TKMSettings.SaveToDefaultFile
012686d7 KaM_Expansion.exe KM_Settings        113 TKMSettings.SaveToDefaultFile
012682d5 KaM_Expansion.exe KM_Settings         59 TKMSettings.Create
01268a12 KaM_Expansion.exe KM_SettingsXML      38 TKMSettingsXML.Create
01268d53 KaM_Expansion.exe KM_GameAppSettings  51 TKMGameAppSettings.Create
0147cb80 KaM_Expansion.exe KM_Main            258 TKMMain.Start
0147ce04 KaM_Expansion.exe KM_Main            305 TKMMain.Start
016fbb2b KaM_Expansion.exe KaM_Expansion      480 initialization
016fbb5a KaM_Expansion.exe KaM_Expansion      483 initialization
75c17ba7 KERNEL32.DLL                             BaseThreadInitThunk

20:56:48.382     0,086s      37ms   3440    'GameApp settings' was successfully saved to 'C:\Users\szyby\OneDrive\Dokumenty\My Games\Knights and Merchants Remake\KaM Remake Settings KingDyronMod.xml'
20:56:48.426     0,130s      44ms   3440    Start loading 'Server settings' from 'C:\Users\szyby\OneDrive\Dokumenty\My Games\Knights and Merchants Remake\KaM Remake Server Settings.ini'
20:56:48.433     0,138s       8ms   3440    'Server settings' was successfully loaded from 'C:\Users\szyby\OneDrive\Dokumenty\My Games\Knights and Merchants Remake\KaM Remake Server Settings.ini'
20:56:48.439     0,143s       5ms   3440    Start saving 'Server settings' to 'C:\Users\szyby\OneDrive\Dokumenty\My Games\Knights and Merchants Remake\KaM Remake Server Settings.ini'
01268604 KaM_Expansion.exe KM_Settings       106 TKMSettings.SaveToDefaultFile
012686d7 KaM_Expansion.exe KM_Settings       113 TKMSettings.SaveToDefaultFile
012682d5 KaM_Expansion.exe KM_Settings        59 TKMSettings.Create
013a5df8 KaM_Expansion.exe KM_ServerSettings 109 TKMServerSettings.Create
01471f00 KaM_Expansion.exe KM_GameApp        213 TKMGameApp.Create
01472352 KaM_Expansion.exe KM_GameApp        295 TKMGameApp.Create
0147de2a KaM_Expansion.exe KM_Main           635 TKMMain.ReinitRender
0147e036 KaM_Expansion.exe KM_Main           689 TKMMain.ReinitRender
0147cc96 KaM_Expansion.exe KM_Main           281 TKMMain.Start
0147ce04 KaM_Expansion.exe KM_Main           305 TKMMain.Start
016fbb2b KaM_Expansion.exe KaM_Expansion     480 initialization
016fbb5a KaM_Expansion.exe KaM_Expansion     483 initialization
75c17ba7 KERNEL32.DLL                            BaseThreadInitThunk

20:56:48.452     0,156s      13ms   3440    'Server settings' was successfully saved to 'C:\Users\szyby\OneDrive\Dokumenty\My Games\Knights and Merchants Remake\KaM Remake Server Settings.ini'
20:56:48.458     0,162s       6ms   3440    Init Render started
20:56:48.834     0,538s     376ms   3440    GL_MAX_TEXTURE_SIZE = 32768
20:56:48.841     0,546s       8ms   3440    GL_MAX_VIEWPORT_DIM = 32768
                                      OpenGL Vendor: NVIDIA Corporation
                                      OpenGL Renderer: NVIDIA GeForce RTX 3060 Ti/PCIe/SSE2
                                      OpenGL Version: 4.6.0 NVIDIA 560.94
20:56:48.867     0,572s      26ms   3440    Init Render Done
20:56:48.874     0,579s       7ms   3440    Resource loading state - None
20:56:48.881     0,585s       6ms   3440    Reading palettes ... done
20:56:48.889     0,593s       8ms   3440    Reading GUI.rx
20:56:48.896     0,600s       7ms   3440    Load Sprites started
20:56:48.903     0,607s       7ms   3440    GUI - 966
20:56:48.921     0,625s      18ms   3440    Load Sprites Done
20:56:48.955     0,660s      35ms   3440    Reading GUIMain.rx
20:56:48.963     0,667s       6ms   3440    Load Sprites started
20:56:48.969     0,673s       6ms   3440    GUIMain - 105
20:56:49.020     0,725s      52ms   3440    Load Sprites Done
20:56:49.074     0,778s      53ms   3440    Reading Tileset.rx
20:56:49.082     0,786s       8ms   3440    Load Sprites started
20:56:49.087     0,791s       5ms   3440    Tileset - 5449
20:56:49.124     0,828s      36ms   3440    Load Sprites Done
20:56:49.130     0,834s       6ms   3440    GenerateTerrainTransitions started. Legacy = False
20:56:49.136     0,840s       6ms   3440    TexId = 5451 GenTilesCnt = 2100
20:56:49.143     0,847s       7ms   3440    TexId = 6051; TexId - fGenTexIdStartI = 600; uniqueTex = 600; totalTex = 1350
20:56:49.149     0,853s       6ms   3440    GeneratedMasks cnt = 20
20:56:49.155     0,859s       6ms   3440    GenerateTerrainTransitions Done
20:56:49.161     0,866s       7ms   3440    GenerateTerrainTransitions started. Legacy = True
20:56:49.167     0,872s       6ms   3440    Legacy: TexId = 4999 GenTilesCntTemp = 2030
20:56:49.173     0,877s       5ms   3440    TexId = 5463; TexId - fGenTexIdStartILegacy = 464; uniqueTex = 464; totalTex = 1044
20:56:49.179     0,884s       7ms   3440    GeneratedMasks cnt = 16
20:56:49.185     0,890s       6ms   3440    GenerateTerrainTransitions Done
20:56:49.292     0,997s     107ms   3440    Load font started
20:56:49.330     1,034s      37ms   3440    Font load took 37ms
20:56:49.340     1,045s      11ms   3440    Read fonts is done
20:56:49.358     1,062s      17ms   3440    ReadGFX is done
20:56:49.365     1,069s       7ms   3440    Resource loading state - Menu
20:56:49.379     1,083s      14ms   8540    OpenAL init started
20:56:49.532     1,236s     153ms   3440    Music init done, 24 tracks found
                                      Loading campaign images.rxx for HKS
20:56:49.656     1,361s     125ms  20936    Custom - 1
20:56:49.663     1,367s       6ms   3440    Main menu init done
20:56:49.690     1,394s      27ms   8540    Pre-LoadSFX init ... done
20:56:49.697     1,401s       7ms   8540    ALC_MONO_SOURCES 255
20:56:49.702     1,406s       5ms   8540    ALC_STEREO_SOURCES 1
20:56:49.710     1,414s       8ms   8540    OpenAL init done
20:56:49.723     1,427s      13ms   3440    Check game folder 'E:\programowanie\projekty delphi\kam_expansion\' generic permissions: READ: granted; WRITE: granted; EXECUTE: granted; folder is writable: 
20:56:49.731     1,435s       8ms   3440    LoadGameResources ... AlphaShadows: True. Forced: True
20:56:49.737     1,441s       6ms   3440    TKMResSprites.LoadGameResources
20:56:49.743     1,447s       6ms   3440    [AsyncGameResLoader Thread] Started
20:56:49.757     1,461s      14ms   3440    Resource loading state - Game
20:56:49.764     1,469s       8ms   3440    ToggleFullscreen
20:56:49.771     1,475s       6ms   3440    Form Width/Height: 1040:853
20:56:49.777     1,481s       6ms   3440    Panel Width/Height: 1024:814
20:56:49.783     1,488s       7ms   5656    [AsyncGameResLoader Thread] RT = rxTrees Stage = lsLoad
20:56:49.790     1,494s       6ms   5656    [AsyncGameResLoader Thread] Start Load RXX 'Trees.rxx'
20:56:49.797     1,501s       7ms   5656    Load Sprites started
20:56:49.804     1,509s       8ms   5656    Trees - 1216
20:56:49.816     1,521s      12ms   3440    Saving dev settings to file 'kmr_dev.xml'
                                      Loading campaign images.rxx for KSN
20:56:49.842     1,546s      25ms  20936    Custom - 1
20:56:49.866     1,570s      24ms   3440    Saving dev settings to file 'kmr_dev.xml'
20:56:49.874     1,578s       8ms   3440    Game Load Done in 1620
                                      Loading campaign images.rxx for KSO
20:56:49.938     1,643s      65ms  20936    Custom - 1
20:56:49.976     1,680s      37ms   5656    Load Sprites Done
                                      Loading campaign images.rxx for KSU
20:56:50.009     1,713s      33ms  20936    Custom - 1
                                      Loading campaign images.rxx for OFL
20:56:50.059     1,763s      50ms  20936    Custom - 1
20:56:50.075     1,779s      16ms   5656    [AsyncGameResLoader Thread] DONE Load RXX 'Trees.rxa'
20:56:50.083     1,787s       7ms   3440    [AsyncGameResLoader MainTh] [UpdateStateIdle] GenTextures RT = rxTrees Stage = lsGenMain
20:56:50.094     1,798s      11ms   3440    [AsyncGameResLoader MainTh] [UpdateStateIdle] DONE
20:56:50.101     1,805s       7ms   5656    [AsyncGameResLoader Thread] RT = rxTrees Stage = lsOverload
20:56:50.107     1,811s       6ms   5656    [AsyncGameResLoader Thread] OverloadFromFolder RT = rxTrees
                                      Loading campaign images.rxx for OER
20:56:50.119     1,823s      12ms  20936    Custom - 1
20:56:50.126     1,830s       7ms   5656    [AsyncGameResLoader Thread] DONE OverloadFromFolder RT = rxTrees
20:56:50.142     1,846s      16ms   3440    [AsyncGameResLoader MainTh] [UpdateStateIdle] GenTextures RT = rxTrees Stage = lsGenOverload
20:56:50.148     1,852s       6ms   3440    [AsyncGameResLoader MainTh] [UpdateStateIdle] DONE
20:56:50.155     1,860s       8ms   5656    [AsyncGameResLoader Thread] RT = rxHouses Stage = lsLoad
                                      Loading campaign images.rxx for TBK
20:56:50.167     1,871s      11ms   5656    [AsyncGameResLoader Thread] Start Load RXX 'Houses.rxx'
20:56:50.173     1,878s       7ms   5656    Load Sprites started
20:56:50.179     1,884s       6ms  20936    Custom - 1
20:56:50.186     1,891s       7ms   5656    Houses - 2709
                                      Loading campaign images.rxx for TPR
20:56:50.234     1,939s      48ms  20936    Custom - 1
                                      Loading campaign images.rxx for TSK
20:56:50.289     1,993s      54ms  20936    Custom - 1
                                      Loading campaign images.rxx for TUA
20:56:50.323     2,027s      34ms  20936    Custom - 1
20:56:50.384     2,088s      61ms   5656    Load Sprites Done
                                      Loading campaign images.rxx for TMR
20:56:50.471     2,176s      88ms  20936    Custom - 1
20:56:50.519     2,223s      47ms   5656    [AsyncGameResLoader Thread] DONE Load RXX 'Houses.rxa'
20:56:50.532     2,236s      13ms   3440    [AsyncGameResLoader MainTh] [UpdateStateIdle] GenTextures RT = rxHouses Stage = lsGenMain
20:56:50.548     2,252s      15ms   3440    [AsyncGameResLoader MainTh] [UpdateStateIdle] DONE
20:56:50.554     2,259s       7ms   5656    [AsyncGameResLoader Thread] RT = rxHouses Stage = lsOverload
20:56:50.562     2,266s       7ms   5656    [AsyncGameResLoader Thread] OverloadFromFolder RT = rxHouses
20:56:50.686     2,390s     124ms   5656    [AsyncGameResLoader Thread] DONE OverloadFromFolder RT = rxHouses
20:56:50.702     2,406s      16ms   3440    [AsyncGameResLoader MainTh] [UpdateStateIdle] GenTextures RT = rxHouses Stage = lsGenOverload
20:56:50.708     2,413s       7ms   3440    [AsyncGameResLoader MainTh] [UpdateStateIdle] DONE
20:56:50.716     2,420s       7ms   5656    [AsyncGameResLoader Thread] RT = rxUnits Stage = lsLoad
20:56:50.721     2,425s       5ms   5656    [AsyncGameResLoader Thread] Start Load RXX 'Units.rxx'
20:56:50.728     2,432s       7ms   5656    Load Sprites started
20:56:50.734     2,438s       6ms   5656    Units - 14845
20:56:51.234     2,938s     500ms   5656    Load Sprites Done
20:56:51.472     3,177s     239ms   3440    LoadGameResources ... AlphaShadows: True. Forced: False
20:56:51.479     3,183s       6ms   3440    TKMResSprites.LoadGameResources
20:56:52.293     3,998s     815ms   5656    [AsyncGameResLoader Thread] DONE Load RXX 'Units.rxa'
20:56:52.300     4,004s       6ms   3440    [AsyncGameResLoader MainTh] [LoadGameResources] GenTextures RT = rxUnits Stage = lsGenMain
20:56:52.361     4,065s      61ms   3440    [AsyncGameResLoader MainTh] [LoadGameResources] DONE
20:56:52.368     4,072s       7ms   5656    [AsyncGameResLoader Thread] RT = rxUnits Stage = lsOverload
20:56:52.374     4,078s       6ms   5656    [AsyncGameResLoader Thread] OverloadFromFolder RT = rxUnits
20:56:52.379     4,084s       6ms   5656    [AsyncGameResLoader Thread] DONE OverloadFromFolder RT = rxUnits
20:56:52.385     4,089s       5ms   3440    [AsyncGameResLoader MainTh] [LoadGameResources] GenTextures RT = rxUnits Stage = lsGenOverload
20:56:52.399     4,104s      15ms   3440    [AsyncGameResLoader Thread] Stopped
20:56:52.405     4,110s       6ms   3440    [AsyncGameResLoader MainTh] [LoadGameResources] DONE
20:56:52.412     4,116s       6ms   3440    Resource loading state - Game
20:56:52.418     4,122s       6ms   3440    Saving dev settings to file 'kmr_dev.xml'
20:56:52.465     4,169s      47ms   3440    <== Game creation is done ==>
20:56:52.472     4,176s       7ms   3440    GameStart
20:56:52.480     4,184s       8ms   3440    Loading DAT file: E:\programowanie\projekty delphi\kam_expansion\Maps\Nowa Misja 2\Nowa Misja 2.dat
20:56:52.487     4,191s       7ms   3440    Loading map file: E:\programowanie\projekty delphi\kam_expansion\Maps\Nowa Misja 2\Nowa Misja 2.map
20:56:52.494     4,198s       7ms   3440    Map file loaded
20:56:52.503     4,208s      10ms   3440    Gameplay recording initialized ... done
20:56:52.511     4,215s       7ms   3440    Game options: PT = 0; SpeedPT = 1; SpeedAfterPT = 1; Seed = 0; Difficulty = mdNone
20:56:52.517     4,221s       6ms   3440    Gameplay initialized ... done
20:56:52.525     4,229s       8ms   3440    After game start
20:56:52.532     4,236s       7ms   3440    Set game seed: 536998715
20:56:52.545     4,250s      14ms   3440    Saving game at tick 0 to 'E:\programowanie\projekty delphi\kam_expansion\Saves\basesave\basesave.bas'
20:56:52.554     4,258s       8ms   3440    After game start ... done
20:57:30.308    42,013s   37755ms   3440    Issue gicGameAutoSave command at tick 600
20:57:30.323    42,028s      15ms   3440    Saving game at tick 600 to 'E:\programowanie\projekty delphi\kam_expansion\Saves\autosave\autosave.sav'
20:57:47.895    59,599s   17571ms   3440    Issue gicGameAutoSave command at tick 1200
20:57:47.907    59,611s      11ms   3440    Saving game at tick 1200 to 'E:\programowanie\projekty delphi\kam_expansion\Saves\autosave\autosave.sav'
20:57:53.928    65,633s    6022ms   3440    Issue gicGameAutoSave command at tick 1800
20:57:53.935    65,640s       7ms   3440    Saving game at tick 1800 to 'E:\programowanie\projekty delphi\kam_expansion\Saves\autosave\autosave.sav'
20:57:59.927    71,631s    5991ms   3440    Issue gicGameAutoSave command at tick 2400
20:57:59.934    71,639s       8ms   3440    Saving game at tick 2400 to 'E:\programowanie\projekty delphi\kam_expansion\Saves\autosave\autosave.sav'
20:58:05.909    77,613s    5974ms   3440    Issue gicGameAutoSave command at tick 3000
20:58:05.916    77,620s       7ms   3440    Saving game at tick 3000 to 'E:\programowanie\projekty delphi\kam_expansion\Saves\autosave\autosave.sav'
20:58:11.909    83,613s    5993ms   3440    Issue gicGameAutoSave command at tick 3600
20:58:11.916    83,621s       8ms   3440    Saving game at tick 3600 to 'E:\programowanie\projekty delphi\kam_expansion\Saves\autosave\autosave.sav'
20:58:17.908    89,613s    5992ms   3440    Issue gicGameAutoSave command at tick 4200
20:58:17.915    89,620s       7ms   3440    Saving game at tick 4200 to 'E:\programowanie\projekty delphi\kam_expansion\Saves\autosave\autosave.sav'
20:58:23.908    95,613s    5993ms   3440    Issue gicGameAutoSave command at tick 4800
20:58:23.915    95,619s       6ms   3440    Saving game at tick 4800 to 'E:\programowanie\projekty delphi\kam_expansion\Saves\autosave\autosave.sav'
20:59:50.785   182,490s   86871ms   3440    Issue gicGameAutoSave command at tick 5400
20:59:50.794   182,498s       8ms   3440    Saving game at tick 5400 to 'E:\programowanie\projekty delphi\kam_expansion\Saves\autosave\autosave.sav'
20:59:57.337   189,041s    6543ms   3440    Issue gicGameAutoSave command at tick 6000
20:59:57.343   189,048s       7ms   3440    Saving game at tick 6000 to 'E:\programowanie\projekty delphi\kam_expansion\Saves\autosave\autosave.sav'
20:59:57.457   189,161s     112ms   3440    Issue gicGameAutoSave command at tick 6600
20:59:57.463   189,168s       7ms   3440    Saving game at tick 6600 to 'E:\programowanie\projekty delphi\kam_expansion\Saves\autosave\autosave.sav'
20:59:57.577   189,282s     114ms   3440    Issue gicGameAutoSave command at tick 7200
20:59:57.584   189,288s       6ms   3440    Saving game at tick 7200 to 'E:\programowanie\projekty delphi\kam_expansion\Saves\autosave\autosave.sav'
20:59:57.697   189,401s     113ms   3440    Issue gicGameAutoSave command at tick 7800
20:59:57.703   189,408s       7ms   3440    Saving game at tick 7800 to 'E:\programowanie\projekty delphi\kam_expansion\Saves\autosave\autosave.sav'
20:59:57.818   189,522s     114ms   3440    Issue gicGameAutoSave command at tick 8400
20:59:57.824   189,528s       6ms   3440    Saving game at tick 8400 to 'E:\programowanie\projekty delphi\kam_expansion\Saves\autosave\autosave.sav'
20:59:57.938   189,642s     114ms   3440    Make savepoint at tick 8999
20:59:57.945   189,649s       7ms   3440    Issue gicGameAutoSave command at tick 9000
20:59:57.950   189,655s       6ms   3440    Saving game at tick 9000 to 'E:\programowanie\projekty delphi\kam_expansion\Saves\autosave\autosave.sav'
20:59:58.056   189,760s     105ms   3440    Issue gicGameAutoSave command at tick 9600
20:59:58.062   189,767s       6ms   3440    Saving game at tick 9600 to 'E:\programowanie\projekty delphi\kam_expansion\Saves\autosave\autosave.sav'
20:59:58.223   189,927s     159ms   3440    Issue gicGameAutoSave command at tick 10200
20:59:58.229   189,934s       7ms   3440    Saving game at tick 10200 to 'E:\programowanie\projekty delphi\kam_expansion\Saves\autosave\autosave.sav'
20:59:58.456   190,160s     226ms   3440    Issue gicGameAutoSave command at tick 10800
20:59:58.463   190,167s       7ms   3440    Saving game at tick 10800 to 'E:\programowanie\projekty delphi\kam_expansion\Saves\autosave\autosave.sav'
20:59:58.576   190,280s     113ms   3440    Issue gicGameAutoSave command at tick 11400
20:59:58.582   190,287s       7ms   3440    Saving game at tick 11400 to 'E:\programowanie\projekty delphi\kam_expansion\Saves\autosave\autosave.sav'
20:59:58.702   190,407s     120ms   3440    Issue gicGameAutoSave command at tick 12000
20:59:58.709   190,413s       6ms   3440    Saving game at tick 12000 to 'E:\programowanie\projekty delphi\kam_expansion\Saves\autosave\autosave.sav'
