   Timestamp    Elapsed     Delta  Thread    Description
========================
    Date: 2025.01.03
========================
19:21:40.541     0,002s       2ms  20528    Log is up and running. Game version: KaM Expansion: Co-op & World Update
19:21:40.547     0,008s       6ms  20528    Game Load started
19:21:40.558     0,019s      11ms  20528    Start loading 'GameApp settings' from 'C:\Users\szyby\OneDrive\Dokumenty\My Games\Knights and Merchants Remake\KaM Remake Settings KingDyronMod.xml'
19:21:40.562     0,023s       4ms  20528    'GameApp settings' was successfully loaded from 'C:\Users\szyby\OneDrive\Dokumenty\My Games\Knights and Merchants Remake\KaM Remake Settings KingDyronMod.xml'
19:21:40.579     0,040s       5ms  20528    Start saving 'GameApp settings' to 'C:\Users\szyby\OneDrive\Dokumenty\My Games\Knights and Merchants Remake\KaM Remake Settings KingDyronMod.xml'
012a8110 KaM_Expansion.exe KM_Settings        106 TKMSettings.SaveToDefaultFile
012a81e3 KaM_Expansion.exe KM_Settings        113 TKMSettings.SaveToDefaultFile
012a7de1 KaM_Expansion.exe KM_Settings         59 TKMSettings.Create
012a851e KaM_Expansion.exe KM_SettingsXML      38 TKMSettingsXML.Create
012a885f KaM_Expansion.exe KM_GameAppSettings  51 TKMGameAppSettings.Create
014be4b4 KaM_Expansion.exe KM_Main            259 TKMMain.Start
014be723 KaM_Expansion.exe KM_Main            306 TKMMain.Start
01741b2b KaM_Expansion.exe KaM_Expansion      480 initialization
01741b5a KaM_Expansion.exe KaM_Expansion      483 initialization
762b7ba7 KERNEL32.DLL                             BaseThreadInitThunk

19:21:40.618     0,079s      39ms  20528    'GameApp settings' was successfully saved to 'C:\Users\szyby\OneDrive\Dokumenty\My Games\Knights and Merchants Remake\KaM Remake Settings KingDyronMod.xml'
19:21:40.648     0,109s      30ms  20528    Start loading 'Server settings' from 'C:\Users\szyby\OneDrive\Dokumenty\My Games\Knights and Merchants Remake\KaM Remake Server Settings.ini'
19:21:40.654     0,115s       6ms  20528    'Server settings' was successfully loaded from 'C:\Users\szyby\OneDrive\Dokumenty\My Games\Knights and Merchants Remake\KaM Remake Server Settings.ini'
19:21:40.662     0,123s       8ms  20528    Start saving 'Server settings' to 'C:\Users\szyby\OneDrive\Dokumenty\My Games\Knights and Merchants Remake\KaM Remake Server Settings.ini'
012a8110 KaM_Expansion.exe KM_Settings       106 TKMSettings.SaveToDefaultFile
012a81e3 KaM_Expansion.exe KM_Settings       113 TKMSettings.SaveToDefaultFile
012a7de1 KaM_Expansion.exe KM_Settings        59 TKMSettings.Create
013e7760 KaM_Expansion.exe KM_ServerSettings 109 TKMServerSettings.Create
014b3868 KaM_Expansion.exe KM_GameApp        213 TKMGameApp.Create
014b3cba KaM_Expansion.exe KM_GameApp        295 TKMGameApp.Create
014bf72c KaM_Expansion.exe KM_Main           636 TKMMain.ReinitRender
014bf95f KaM_Expansion.exe KM_Main           691 TKMMain.ReinitRender
014be5ca KaM_Expansion.exe KM_Main           282 TKMMain.Start
014be723 KaM_Expansion.exe KM_Main           306 TKMMain.Start
01741b2b KaM_Expansion.exe KaM_Expansion     480 initialization
01741b5a KaM_Expansion.exe KaM_Expansion     483 initialization
762b7ba7 KERNEL32.DLL                            BaseThreadInitThunk

19:21:40.675     0,136s      13ms  20528    'Server settings' was successfully saved to 'C:\Users\szyby\OneDrive\Dokumenty\My Games\Knights and Merchants Remake\KaM Remake Server Settings.ini'
19:21:40.681     0,142s       6ms  20528    Init Render started
19:21:40.822     0,283s     141ms  20528    GL_MAX_TEXTURE_SIZE = 32768
19:21:40.829     0,290s       7ms  20528    GL_MAX_VIEWPORT_DIM = 32768
                                      OpenGL Vendor: NVIDIA Corporation
                                      OpenGL Renderer: NVIDIA GeForce RTX 3060 Ti/PCIe/SSE2
                                      OpenGL Version: 4.6.0 NVIDIA 560.94
19:21:40.857     0,318s      28ms  20528    Init Render Done
19:21:40.864     0,325s       6ms  20528    Resource loading state - None
19:21:40.872     0,333s       8ms  20528    Reading palettes ... done
19:21:40.886     0,347s      14ms  20528    Reading GUI.rx
19:21:40.894     0,355s       8ms  20528    Load Sprites started
19:21:40.900     0,361s       6ms  20528    GUI - 966
19:21:40.921     0,382s      20ms  20528    Load Sprites Done
19:21:40.957     0,417s      35ms  20528    Reading GUIMain.rx
19:21:40.964     0,425s       8ms  20528    Load Sprites started
19:21:40.969     0,431s       6ms  20528    GUIMain - 105
19:21:41.022     0,483s      52ms  20528    Load Sprites Done
19:21:41.076     0,537s      54ms  20528    Reading Tileset.rx
19:21:41.083     0,544s       7ms  20528    Load Sprites started
19:21:41.089     0,550s       6ms  20528    Tileset - 5449
19:21:41.127     0,588s      38ms  20528    Load Sprites Done
19:21:41.135     0,596s       8ms  20528    GenerateTerrainTransitions started. Legacy = False
19:21:41.145     0,606s      10ms  20528    TexId = 5451 GenTilesCnt = 2100
19:21:41.152     0,613s       6ms  20528    TexId = 6051; TexId - fGenTexIdStartI = 600; uniqueTex = 600; totalTex = 1350
19:21:41.158     0,619s       6ms  20528    GeneratedMasks cnt = 20
19:21:41.164     0,625s       6ms  20528    GenerateTerrainTransitions Done
19:21:41.171     0,632s       6ms  20528    GenerateTerrainTransitions started. Legacy = True
19:21:41.178     0,639s       7ms  20528    Legacy: TexId = 4999 GenTilesCntTemp = 2030
19:21:41.183     0,644s       5ms  20528    TexId = 5463; TexId - fGenTexIdStartILegacy = 464; uniqueTex = 464; totalTex = 1044
19:21:41.191     0,652s       8ms  20528    GeneratedMasks cnt = 16
19:21:41.197     0,658s       6ms  20528    GenerateTerrainTransitions Done
19:21:41.312     0,773s     115ms  20528    Load font started
19:21:41.348     0,809s      36ms  20528    Font load took 36ms
19:21:41.355     0,816s       7ms  20528    Read fonts is done
19:21:41.392     0,853s      37ms  20528    ReadGFX is done
19:21:41.398     0,859s       6ms  20528    Resource loading state - Menu
19:21:41.407     0,868s       9ms   8732    OpenAL init started
19:21:42.037     1,498s     630ms  20528    Music init done, 24 tracks found
19:21:42.067     1,528s      30ms   8732    Pre-LoadSFX init ... done
19:21:42.073     1,534s       6ms   8732    ALC_MONO_SOURCES 255
19:21:42.080     1,541s       7ms   8732    ALC_STEREO_SOURCES 1
                                      Loading campaign images.rxx for HKS
19:21:42.093     1,554s      13ms  20528    Main menu init done
19:21:42.099     1,560s       6ms   8732    OpenAL init done
19:21:42.105     1,566s       6ms   9080    Custom - 1
                                      Loading campaign images.rxx for KSN
19:21:42.193     1,654s      87ms   9080    Custom - 1
                                      Loading campaign images.rxx for KSO
19:21:42.253     1,714s      60ms   9080    Custom - 1
                                      Loading campaign images.rxx for KSU
19:21:42.310     1,771s      57ms   9080    Custom - 1
                                      Loading campaign images.rxx for OFL
19:21:42.362     1,823s      52ms   9080    Custom - 1
                                      Loading campaign images.rxx for OER
19:21:42.402     1,863s      40ms   9080    Custom - 1
                                      Loading campaign images.rxx for TBK
19:21:42.438     1,899s      36ms   9080    Custom - 1
                                      Loading campaign images.rxx for TPR
19:21:42.489     1,950s      51ms   9080    Custom - 1
                                      Loading campaign images.rxx for TSK
19:21:42.527     1,988s      38ms   9080    Custom - 1
                                      Loading campaign images.rxx for TUA
19:21:42.559     2,020s      32ms   9080    Custom - 1
                                      Loading campaign images.rxx for TMR
19:21:42.703     2,164s     144ms   9080    Custom - 1
19:21:45.905     5,365s    3201ms  20528    Check game folder 'E:\programowanie\projekty delphi\kam_expansion\' generic permissions: READ: granted; WRITE: granted; EXECUTE: granted; folder is writable: 
19:21:45.912     5,373s       8ms  20528    LoadGameResources ... AlphaShadows: True. Forced: True
19:21:45.918     5,379s       6ms  20528    TKMResSprites.LoadGameResources
19:21:45.925     5,385s       6ms  20528    [AsyncGameResLoader Thread] Started
19:21:45.931     5,392s       7ms  20528    Resource loading state - Game
19:21:45.937     5,398s       6ms  20328    [AsyncGameResLoader Thread] RT = rxTrees Stage = lsLoad
19:21:45.944     5,404s       6ms  20328    [AsyncGameResLoader Thread] Start Load RXX 'Trees.rxx'
19:21:45.950     5,410s       6ms  20328    Load Sprites started
19:21:45.955     5,416s       6ms  20528    ToggleFullscreen
19:21:45.962     5,423s       7ms  20528    Form Width/Height: 1040:759
19:21:45.968     5,429s       6ms  20528    Panel Width/Height: 1024:720
19:21:45.974     5,435s       6ms  20328    Trees - 1216
19:21:45.984     5,445s       8ms  20528    Saving dev settings to file 'kmr_dev.xml'
19:21:46.003     5,464s      19ms  20528    Saving dev settings to file 'kmr_dev.xml'
19:21:46.013     5,474s      10ms  20528    Game Load Done in 5495
19:21:46.109     5,570s      96ms  20328    Load Sprites Done
19:21:46.208     5,669s      99ms  20328    [AsyncGameResLoader Thread] DONE Load RXX 'Trees.rxa'
19:21:46.231     5,692s      23ms  20528    [AsyncGameResLoader MainTh] [UpdateStateIdle] GenTextures RT = rxTrees Stage = lsGenMain
19:21:46.243     5,704s      12ms  20528    [AsyncGameResLoader MainTh] [UpdateStateIdle] DONE
19:21:46.249     5,710s       6ms  20328    [AsyncGameResLoader Thread] RT = rxTrees Stage = lsOverload
19:21:46.256     5,717s       6ms  20328    [AsyncGameResLoader Thread] OverloadFromFolder RT = rxTrees
19:21:46.269     5,729s      12ms  20328    [AsyncGameResLoader Thread] DONE OverloadFromFolder RT = rxTrees
19:21:46.276     5,737s       8ms  20528    [AsyncGameResLoader MainTh] [UpdateStateIdle] GenTextures RT = rxTrees Stage = lsGenOverload
19:21:46.282     5,742s       5ms  20528    [AsyncGameResLoader MainTh] [UpdateStateIdle] DONE
19:21:46.289     5,749s       7ms  20328    [AsyncGameResLoader Thread] RT = rxHouses Stage = lsLoad
19:21:46.295     5,756s       7ms  20328    [AsyncGameResLoader Thread] Start Load RXX 'Houses.rxx'
19:21:46.302     5,763s       7ms  20328    Load Sprites started
19:21:46.308     5,769s       6ms  20328    Houses - 2709
19:21:46.487     5,948s     179ms  20328    Load Sprites Done
19:21:46.620     6,081s     133ms  20328    [AsyncGameResLoader Thread] DONE Load RXX 'Houses.rxa'
19:21:46.629     6,089s       8ms  20528    [AsyncGameResLoader MainTh] [UpdateStateIdle] GenTextures RT = rxHouses Stage = lsGenMain
19:21:46.654     6,115s      26ms  20528    [AsyncGameResLoader MainTh] [UpdateStateIdle] DONE
19:21:46.662     6,123s       8ms  20328    [AsyncGameResLoader Thread] RT = rxHouses Stage = lsOverload
19:21:46.668     6,129s       6ms  20328    [AsyncGameResLoader Thread] OverloadFromFolder RT = rxHouses
19:21:46.779     6,240s     111ms  20328    [AsyncGameResLoader Thread] DONE OverloadFromFolder RT = rxHouses
19:21:46.786     6,247s       7ms  20528    [AsyncGameResLoader MainTh] [UpdateStateIdle] GenTextures RT = rxHouses Stage = lsGenOverload
19:21:46.793     6,254s       7ms  20528    [AsyncGameResLoader MainTh] [UpdateStateIdle] DONE
19:21:46.799     6,260s       6ms  20328    [AsyncGameResLoader Thread] RT = rxUnits Stage = lsLoad
19:21:46.806     6,267s       7ms  20328    [AsyncGameResLoader Thread] Start Load RXX 'Units.rxx'
19:21:46.812     6,273s       6ms  20328    Load Sprites started
19:21:46.819     6,280s       7ms  20328    Units - 14845
19:21:46.990     6,451s     171ms  20528    Saving dev settings to file 'kmr_dev.xml'
19:21:47.014     6,475s      24ms  20528    Stopping game application...
19:21:47.021     6,482s       7ms  20528    Start saving 'Server settings' to 'C:\Users\szyby\OneDrive\Dokumenty\My Games\Knights and Merchants Remake\KaM Remake Server Settings.ini'
012a8110 KaM_Expansion.exe KM_Settings        106 TKMSettings.SaveToDefaultFile
012a81e3 KaM_Expansion.exe KM_Settings        113 TKMSettings.SaveToDefaultFile
012a7e1c KaM_Expansion.exe KM_Settings         65 TKMSettings.Destroy
013e77a6 KaM_Expansion.exe KM_ServerSettings  117 TKMServerSettings.Destroy
00d0a764 KaM_Expansion.exe System              23 TObject.Free
00fd8fbc KaM_Expansion.exe KromUtils          281 FreeThenNil
014b3f17 KaM_Expansion.exe KM_GameApp         330 TKMGameApp.Destroy
00d0a764 KaM_Expansion.exe System              23 TObject.Free
00fd8fbc KaM_Expansion.exe KromUtils          281 FreeThenNil
014beb45 KaM_Expansion.exe KM_Main            377 TKMMain.Stop
014bec24 KaM_Expansion.exe KM_Main            406 TKMMain.Stop
0172c0fd KaM_Expansion.exe KM_FormMain       2212 TFormMain.FormClose
00f82df7 KaM_Expansion.exe Vcl.Forms              TCustomForm.DoClose
00f887e5 KaM_Expansion.exe Vcl.Forms              TCustomForm.Close
00f87424 KaM_Expansion.exe Vcl.Forms              TCustomForm.WMClose
00ed2cfa KaM_Expansion.exe Vcl.Controls           TControl.WndProc
00ed7ec1 KaM_Expansion.exe Vcl.Controls           TWinControl.WndProc
00f83a38 KaM_Expansion.exe Vcl.Forms              TCustomForm.WndProc
00f83a53 KaM_Expansion.exe Vcl.Forms              TCustomForm.WndProc
0172bbe9 KaM_Expansion.exe KM_FormMain       2051 TFormMain.WndProc

19:21:47.055     6,515s      33ms  20528    'Server settings' was successfully saved to 'C:\Users\szyby\OneDrive\Dokumenty\My Games\Knights and Merchants Remake\KaM Remake Server Settings.ini'
19:21:47.601     7,062s     547ms  20328    Load Sprites Done
19:21:47.608     7,069s       7ms  20528    [AsyncGameResLoader Thread] Stopped
19:21:47.829     7,290s     221ms  20528    Start saving 'GameApp settings' to 'C:\Users\szyby\OneDrive\Dokumenty\My Games\Knights and Merchants Remake\KaM Remake Settings KingDyronMod.xml'
012a8110 KaM_Expansion.exe KM_Settings         106 TKMSettings.SaveToDefaultFile
012a81e3 KaM_Expansion.exe KM_Settings         113 TKMSettings.SaveToDefaultFile
012a7e1c KaM_Expansion.exe KM_Settings          65 TKMSettings.Destroy
012a8576 KaM_Expansion.exe KM_SettingsXML       44 TKMSettingsXML.Destroy
012a88a2 KaM_Expansion.exe KM_GameAppSettings   57 TKMGameAppSettings.Destroy
00d0a764 KaM_Expansion.exe System               23 TObject.Free
00fd8fbc KaM_Expansion.exe KromUtils           281 FreeThenNil
014beb4f KaM_Expansion.exe KM_Main             379 TKMMain.Stop
014bec24 KaM_Expansion.exe KM_Main             406 TKMMain.Stop
0172c0fd KaM_Expansion.exe KM_FormMain        2212 TFormMain.FormClose
00f82df7 KaM_Expansion.exe Vcl.Forms               TCustomForm.DoClose
00f887e5 KaM_Expansion.exe Vcl.Forms               TCustomForm.Close
00f87424 KaM_Expansion.exe Vcl.Forms               TCustomForm.WMClose
00ed2cfa KaM_Expansion.exe Vcl.Controls            TControl.WndProc
00ed7ec1 KaM_Expansion.exe Vcl.Controls            TWinControl.WndProc
00f83a38 KaM_Expansion.exe Vcl.Forms               TCustomForm.WndProc
00f83a53 KaM_Expansion.exe Vcl.Forms               TCustomForm.WndProc
0172bbe9 KaM_Expansion.exe KM_FormMain        2051 TFormMain.WndProc
00ed73cc KaM_Expansion.exe Vcl.Controls            TWinControl.MainWndProc
00ed73e7 KaM_Expansion.exe Vcl.Controls            TWinControl.MainWndProc

19:21:47.844     7,305s      15ms  20528    'GameApp settings' was successfully saved to 'C:\Users\szyby\OneDrive\Dokumenty\My Games\Knights and Merchants Remake\KaM Remake Settings KingDyronMod.xml'
