   Timestamp    Elapsed     Delta  Thread    Description
========================
    Date: 2024.12.26
========================
14:38:43.112     0,001s       1ms   4948    Log is up and running. Game version: KaM Expansion: Co-op & World Update
14:38:43.117     0,006s       5ms   4948    Game Load started
14:38:43.128     0,017s      11ms   4948    Start loading 'GameApp settings' from 'C:\Users\szyby\OneDrive\Dokumenty\My Games\Knights and Merchants Remake\KaM Remake Settings KingDyronMod.xml'
14:38:43.132     0,021s       4ms   4948    'GameApp settings' was successfully loaded from 'C:\Users\szyby\OneDrive\Dokumenty\My Games\Knights and Merchants Remake\KaM Remake Settings KingDyronMod.xml'
14:38:43.149     0,038s       5ms   4948    Start saving 'GameApp settings' to 'C:\Users\szyby\OneDrive\Dokumenty\My Games\Knights and Merchants Remake\KaM Remake Settings KingDyronMod.xml'
00d41d94 KaM_Expansion.exe KM_Settings        106 TKMSettings.SaveToDefaultFile
00d41e67 KaM_Expansion.exe KM_Settings        113 TKMSettings.SaveToDefaultFile
00d41a65 KaM_Expansion.exe KM_Settings         59 TKMSettings.Create
00d421a2 KaM_Expansion.exe KM_SettingsXML      38 TKMSettingsXML.Create
00d424e3 KaM_Expansion.exe KM_GameAppSettings  51 TKMGameAppSettings.Create
00f5cd7c KaM_Expansion.exe KM_Main            258 TKMMain.Start
00f5d000 KaM_Expansion.exe KM_Main            305 TKMMain.Start
011dab2b KaM_Expansion.exe KaM_Expansion      479 initialization
011dab5a KaM_Expansion.exe KaM_Expansion      482 initialization
75e37ba7 KERNEL32.DLL                             BaseThreadInitThunk

14:38:43.186     0,075s      37ms   4948    'GameApp settings' was successfully saved to 'C:\Users\szyby\OneDrive\Dokumenty\My Games\Knights and Merchants Remake\KaM Remake Settings KingDyronMod.xml'
14:38:43.210     0,099s      24ms   4948    Start loading 'Server settings' from 'C:\Users\szyby\OneDrive\Dokumenty\My Games\Knights and Merchants Remake\KaM Remake Server Settings.ini'
14:38:43.216     0,105s       6ms   4948    'Server settings' was successfully loaded from 'C:\Users\szyby\OneDrive\Dokumenty\My Games\Knights and Merchants Remake\KaM Remake Server Settings.ini'
14:38:43.222     0,111s       6ms   4948    Start saving 'Server settings' to 'C:\Users\szyby\OneDrive\Dokumenty\My Games\Knights and Merchants Remake\KaM Remake Server Settings.ini'
00d41d94 KaM_Expansion.exe KM_Settings       106 TKMSettings.SaveToDefaultFile
00d41e67 KaM_Expansion.exe KM_Settings       113 TKMSettings.SaveToDefaultFile
00d41a65 KaM_Expansion.exe KM_Settings        59 TKMSettings.Create
00e85ff4 KaM_Expansion.exe KM_ServerSettings 109 TKMServerSettings.Create
00f520fc KaM_Expansion.exe KM_GameApp        213 TKMGameApp.Create
00f5254e KaM_Expansion.exe KM_GameApp        295 TKMGameApp.Create
00f5e026 KaM_Expansion.exe KM_Main           635 TKMMain.ReinitRender
00f5e232 KaM_Expansion.exe KM_Main           689 TKMMain.ReinitRender
00f5ce92 KaM_Expansion.exe KM_Main           281 TKMMain.Start
00f5d000 KaM_Expansion.exe KM_Main           305 TKMMain.Start
011dab2b KaM_Expansion.exe KaM_Expansion     479 initialization
011dab5a KaM_Expansion.exe KaM_Expansion     482 initialization
75e37ba7 KERNEL32.DLL                            BaseThreadInitThunk

14:38:43.233     0,122s      11ms   4948    'Server settings' was successfully saved to 'C:\Users\szyby\OneDrive\Dokumenty\My Games\Knights and Merchants Remake\KaM Remake Server Settings.ini'
14:38:43.239     0,128s       5ms   4948    Init Render started
14:38:43.370     0,259s     131ms   4948    GL_MAX_TEXTURE_SIZE = 32768
14:38:43.377     0,266s       7ms   4948    GL_MAX_VIEWPORT_DIM = 32768
                                      OpenGL Vendor: NVIDIA Corporation
                                      OpenGL Renderer: NVIDIA GeForce RTX 3060 Ti/PCIe/SSE2
                                      OpenGL Version: 4.6.0 NVIDIA 560.81
14:38:43.400     0,289s      23ms   4948    Init Render Done
14:38:43.406     0,295s       6ms   4948    Resource loading state - None
14:38:43.413     0,302s       7ms   4948    Reading palettes ... done
14:38:43.421     0,310s       8ms   4948    Reading GUI.rx
14:38:43.428     0,317s       7ms   4948    Load Sprites started
14:38:43.433     0,322s       5ms   4948    GUI - 965
14:38:43.453     0,342s      20ms   4948    Load Sprites Done
14:38:43.488     0,377s      35ms   4948    Reading GUIMain.rx
14:38:43.495     0,384s       7ms   4948    Load Sprites started
14:38:43.501     0,390s       6ms   4948    GUIMain - 105
14:38:43.555     0,444s      54ms   4948    Load Sprites Done
14:38:43.611     0,500s      56ms   4948    Reading Tileset.rx
14:38:43.617     0,506s       6ms   4948    Load Sprites started
14:38:43.622     0,511s       5ms   4948    Tileset - 5449
14:38:43.639     0,528s      16ms   4948    Load Sprites Done
14:38:43.645     0,534s       6ms   4948    GenerateTerrainTransitions started. Legacy = False
14:38:43.651     0,540s       6ms   4948    TexId = 5451 GenTilesCnt = 2030
14:38:43.657     0,546s       6ms   4948    TexId = 6031; TexId - fGenTexIdStartI = 580; uniqueTex = 580; totalTex = 1305
14:38:43.664     0,553s       7ms   4948    GeneratedMasks cnt = 20
14:38:43.669     0,558s       5ms   4948    GenerateTerrainTransitions Done
14:38:43.675     0,564s       6ms   4948    GenerateTerrainTransitions started. Legacy = True
14:38:43.682     0,571s       7ms   4948    Legacy: TexId = 4999 GenTilesCntTemp = 1960
14:38:43.688     0,577s       6ms   4948    TexId = 5447; TexId - fGenTexIdStartILegacy = 448; uniqueTex = 448; totalTex = 1008
14:38:43.694     0,583s       6ms   4948    GeneratedMasks cnt = 16
14:38:43.699     0,588s       5ms   4948    GenerateTerrainTransitions Done
14:38:43.815     0,704s     116ms   4948    Load font started
14:38:43.852     0,741s      37ms   4948    Font load took 37ms
14:38:43.859     0,748s       7ms   4948    Read fonts is done
14:38:43.876     0,765s      17ms   4948    ReadGFX is done
14:38:43.883     0,772s       7ms   4948    Resource loading state - Menu
14:38:43.889     0,778s       6ms  20444    OpenAL init started
14:38:44.298     1,187s     409ms   4948    Music init done, 24 tracks found
                                      Loading campaign images.rxx for HKS
14:38:44.323     1,212s      25ms   3784    Custom - 1
14:38:44.336     1,225s      13ms   4948    Main menu init done
14:38:44.346     1,235s      10ms  20444    Pre-LoadSFX init ... done
14:38:44.352     1,241s       6ms  20444    ALC_MONO_SOURCES 255
14:38:44.357     1,246s       5ms  20444    ALC_STEREO_SOURCES 1
14:38:44.363     1,252s       6ms  20444    OpenAL init done
14:38:44.369     1,258s       6ms   4948    Check game folder 'E:\programowanie\projekty delphi\kam_expansion\' generic permissions: READ: granted; WRITE: granted; EXECUTE: granted; folder is writable: 
14:38:44.375     1,264s       6ms   4948    LoadGameResources ... AlphaShadows: True. Forced: True
14:38:44.381     1,270s       6ms   4948    TKMResSprites.LoadGameResources
14:38:44.386     1,275s       5ms   4948    [AsyncGameResLoader Thread] Started
14:38:44.392     1,281s       6ms   4948    Resource loading state - Game
14:38:44.398     1,287s       6ms   4948    ToggleFullscreen
14:38:44.403     1,292s       5ms   4948    Form Width/Height: 1040:830
14:38:44.409     1,298s       6ms   4948    Panel Width/Height: 1024:791
14:38:44.415     1,303s       5ms  19316    [AsyncGameResLoader Thread] RT = rxTrees Stage = lsLoad
14:38:44.422     1,311s       8ms  19316    [AsyncGameResLoader Thread] Start Load RXX 'Trees.rxx'
14:38:44.427     1,316s       5ms  19316    Load Sprites started
14:38:44.433     1,322s       6ms  19316    Trees - 1214
14:38:44.450     1,339s      17ms   4948    Saving dev settings to file 'kmr_dev.xml'
14:38:44.465     1,354s      15ms   4948    Saving dev settings to file 'kmr_dev.xml'
14:38:44.473     1,362s       8ms   4948    Game Load Done in 1386
                                      Loading campaign images.rxx for KSN
14:38:44.493     1,382s      20ms   3784    Custom - 1
                                      Loading campaign images.rxx for KSO
14:38:44.564     1,453s      71ms   3784    Custom - 1
14:38:44.597     1,486s      33ms  19316    Load Sprites Done
                                      Loading campaign images.rxx for KSU
14:38:44.623     1,512s      26ms   3784    Custom - 1
                                      Loading campaign images.rxx for OFL
14:38:44.676     1,565s      53ms   3784    Custom - 1
14:38:44.695     1,583s      18ms  19316    [AsyncGameResLoader Thread] DONE Load RXX 'Trees.rxa'
14:38:44.710     1,599s      16ms   4948    [AsyncGameResLoader MainTh] [UpdateStateIdle] GenTextures RT = rxTrees Stage = lsGenMain
14:38:44.722     1,611s      12ms   4948    [AsyncGameResLoader MainTh] [UpdateStateIdle] DONE
14:38:44.728     1,617s       6ms  19316    [AsyncGameResLoader Thread] RT = rxTrees Stage = lsOverload
14:38:44.734     1,623s       6ms  19316    [AsyncGameResLoader Thread] OverloadFromFolder RT = rxTrees
                                      Loading campaign images.rxx for OER
14:38:44.746     1,635s      12ms   3784    Custom - 1
14:38:44.752     1,641s       6ms  19316    [AsyncGameResLoader Thread] DONE OverloadFromFolder RT = rxTrees
14:38:44.776     1,665s      24ms   4948    [AsyncGameResLoader MainTh] [UpdateStateIdle] GenTextures RT = rxTrees Stage = lsGenOverload
14:38:44.782     1,671s       6ms   4948    [AsyncGameResLoader MainTh] [UpdateStateIdle] DONE
14:38:44.788     1,677s       6ms  19316    [AsyncGameResLoader Thread] RT = rxHouses Stage = lsLoad
                                      Loading campaign images.rxx for TBK
14:38:44.799     1,688s      11ms  19316    [AsyncGameResLoader Thread] Start Load RXX 'Houses.rxx'
14:38:44.804     1,693s       5ms  19316    Load Sprites started
14:38:44.810     1,699s       6ms   3784    Custom - 1
14:38:44.816     1,705s       6ms  19316    Houses - 2582
                                      Loading campaign images.rxx for TPR
14:38:44.871     1,760s      55ms   3784    Custom - 1
                                      Loading campaign images.rxx for TSK
14:38:44.909     1,798s      38ms   3784    Custom - 1
                                      Loading campaign images.rxx for TUA
14:38:44.943     1,832s      33ms   3784    Custom - 1
14:38:45.060     1,948s     116ms  19316    Load Sprites Done
                                      Loading campaign images.rxx for TMR
14:38:45.088     1,977s      29ms   3784    Custom - 1
14:38:45.194     2,083s     106ms  19316    [AsyncGameResLoader Thread] DONE Load RXX 'Houses.rxa'
14:38:45.221     2,110s      27ms   4948    [AsyncGameResLoader MainTh] [UpdateStateIdle] GenTextures RT = rxHouses Stage = lsGenMain
14:38:45.236     2,125s      15ms   4948    [AsyncGameResLoader MainTh] [UpdateStateIdle] DONE
14:38:45.243     2,131s       6ms  19316    [AsyncGameResLoader Thread] RT = rxHouses Stage = lsOverload
14:38:45.249     2,138s       7ms  19316    [AsyncGameResLoader Thread] OverloadFromFolder RT = rxHouses
14:38:45.418     2,307s     169ms  19316    [AsyncGameResLoader Thread] DONE OverloadFromFolder RT = rxHouses
14:38:45.424     2,313s       6ms   4948    [AsyncGameResLoader MainTh] [UpdateStateIdle] GenTextures RT = rxHouses Stage = lsGenOverload
14:38:45.431     2,320s       7ms   4948    [AsyncGameResLoader MainTh] [UpdateStateIdle] DONE
14:38:45.438     2,326s       6ms  19316    [AsyncGameResLoader Thread] RT = rxUnits Stage = lsLoad
14:38:45.444     2,332s       6ms  19316    [AsyncGameResLoader Thread] Start Load RXX 'Units.rxx'
14:38:45.450     2,339s       7ms  19316    Load Sprites started
14:38:45.456     2,345s       6ms  19316    Units - 14842
14:38:46.932     3,821s    1476ms  19316    Load Sprites Done
14:38:48.039     4,928s    1106ms  19316    [AsyncGameResLoader Thread] DONE Load RXX 'Units.rxa'
14:38:48.046     4,934s       6ms   4948    [AsyncGameResLoader MainTh] [UpdateStateIdle] GenTextures RT = rxUnits Stage = lsGenMain
14:38:48.117     5,006s      71ms   4948    [AsyncGameResLoader MainTh] [UpdateStateIdle] DONE
14:38:48.124     5,013s       7ms  19316    [AsyncGameResLoader Thread] RT = rxUnits Stage = lsOverload
14:38:48.131     5,019s       6ms  19316    [AsyncGameResLoader Thread] OverloadFromFolder RT = rxUnits
14:38:49.184     6,073s    1054ms  19316    [AsyncGameResLoader Thread] DONE OverloadFromFolder RT = rxUnits
14:38:49.193     6,082s       9ms   4948    [AsyncGameResLoader MainTh] [UpdateStateIdle] GenTextures RT = rxUnits Stage = lsGenOverload
14:38:49.200     6,089s       7ms   4948    [AsyncGameResLoader Thread] Stopped
14:38:49.205     6,094s       5ms   4948    [AsyncGameResLoader MainTh] [UpdateStateIdle] DONE
14:38:50.559     7,447s    1353ms   4948    LoadGameResources ... AlphaShadows: True. Forced: False
14:38:50.564     7,453s       6ms   4948    Resource loading state - Game
14:38:50.592     7,480s      27ms   4948    Saving dev settings to file 'kmr_dev.xml'
14:38:50.648     7,537s      57ms   4948    <== Game creation is done ==>
14:38:50.655     7,544s       7ms   4948    GameStart
14:38:50.662     7,551s       7ms   4948    Loading DAT file: E:\programowanie\projekty delphi\kam_expansion\Maps\Nowa Misja\Nowa Misja.dat
14:38:50.668     7,557s       6ms   4948    Loading map file: E:\programowanie\projekty delphi\kam_expansion\Maps\Nowa Misja\Nowa Misja.map
14:38:50.680     7,569s      12ms   4948    Map file loaded
14:38:50.707     7,596s      27ms   4948    Gameplay recording initialized ... done
14:38:50.713     7,602s       6ms   4948    Game options: PT = 0; SpeedPT = 1; SpeedAfterPT = 1; Seed = 0; Difficulty = mdNone
14:38:50.719     7,607s       5ms   4948    Gameplay initialized ... done
14:38:50.724     7,613s       6ms   4948    After game start
14:38:50.745     7,634s      21ms   4948    Set game seed: 1947795034
14:38:50.751     7,640s       6ms   4948    Saving game at tick 0 to 'E:\programowanie\projekty delphi\kam_expansion\Saves\basesave\basesave.bas'
14:38:50.758     7,647s       7ms   4948    Script: "Size": {"X": 2, "Y": 1},|"Tiles": [|	{"Tile": [1, 693, 0, 255]},      {"Tile": [1, 693, 2, 255]}       |]
14:38:50.765     7,654s       7ms   4948    After game start ... done
14:39:42.199    59,087s   51433ms   4948    Gameplay ended - grCancel /
                                      Loading campaign images.rxx for HKS
14:39:43.518    60,407s    1319ms  14412    Custom - 1
                                      Loading campaign images.rxx for KSN
14:39:43.590    60,479s      72ms  14412    Custom - 1
                                      Loading campaign images.rxx for KSO
14:39:43.648    60,537s      58ms  14412    Custom - 1
                                      Loading campaign images.rxx for KSU
14:39:43.716    60,605s      68ms  14412    Custom - 1
                                      Loading campaign images.rxx for OFL
14:39:43.776    60,665s      60ms  14412    Custom - 1
                                      Loading campaign images.rxx for OER
14:39:43.817    60,706s      41ms  14412    Custom - 1
                                      Loading campaign images.rxx for TBK
14:39:43.860    60,749s      43ms  14412    Custom - 1
                                      Loading campaign images.rxx for TPR
14:39:43.914    60,803s      54ms  14412    Custom - 1
                                      Loading campaign images.rxx for TSK
14:39:43.969    60,858s      55ms  14412    Custom - 1
                                      Loading campaign images.rxx for TUA
14:39:44.009    60,898s      40ms  14412    Custom - 1
                                      Loading campaign images.rxx for TMR
14:39:44.157    61,046s     148ms  14412    Custom - 1
14:39:44.375    61,264s     218ms   4948    LoadGameResources ... AlphaShadows: True. Forced: False
14:39:44.381    61,270s       6ms   4948    Resource loading state - Game
14:39:44.409    61,298s      28ms   4948    Saving dev settings to file 'kmr_dev.xml'
14:39:44.450    61,339s      41ms   4948    <== Game creation is done ==>
14:39:44.456    61,345s       6ms   4948    GameStart
14:39:44.462    61,351s       6ms   4948    Loading DAT file: E:\programowanie\projekty delphi\kam_expansion\Maps\Nowa Misja\Nowa Misja.dat
14:39:44.467    61,356s       5ms   4948    Loading map file: E:\programowanie\projekty delphi\kam_expansion\Maps\Nowa Misja\Nowa Misja.map
14:39:44.480    61,369s      13ms   4948    Map file loaded
14:39:44.641    61,530s     161ms   4948    Gameplay recording initialized ... done
14:39:44.647    61,536s       6ms   4948    Game options: PT = 0; SpeedPT = 1; SpeedAfterPT = 1; Seed = 0; Difficulty = mdNone
14:39:44.652    61,541s       5ms   4948    Gameplay initialized ... done
14:39:44.657    61,546s       5ms   4948    After game start
14:39:44.670    61,559s      13ms   4948    Set game seed: 1207133245
14:39:44.676    61,565s       6ms   4948    After game start ... done
14:40:08.579    85,468s   23903ms   4948    Saving from map editor: E:\programowanie\projekty delphi\kam_expansion\Maps\Nowa Misja\Nowa Misja.dat
14:40:08.763    85,652s     184ms   4948    LoadGameResources ... AlphaShadows: True. Forced: False
14:40:08.769    85,658s       6ms   4948    Resource loading state - Game
14:40:08.791    85,680s      22ms   4948    Saving dev settings to file 'kmr_dev.xml'
14:40:08.849    85,738s      58ms   4948    <== Game creation is done ==>
14:40:08.854    85,743s       5ms   4948    GameStart
14:40:08.861    85,750s       7ms   4948    Loading DAT file: E:\programowanie\projekty delphi\kam_expansion\Maps\Nowa Misja\Nowa Misja.dat
14:40:08.866    85,755s       5ms   4948    Loading map file: E:\programowanie\projekty delphi\kam_expansion\Maps\Nowa Misja\Nowa Misja.map
14:40:08.878    85,767s      12ms   4948    Map file loaded
14:40:08.904    85,793s      26ms   4948    Gameplay recording initialized ... done
14:40:08.911    85,800s       7ms   4948    Game options: PT = 0; SpeedPT = 1; SpeedAfterPT = 1; Seed = 0; Difficulty = mdNone
14:40:08.916    85,805s       5ms   4948    Gameplay initialized ... done
14:40:08.921    85,810s       5ms   4948    After game start
14:40:08.940    85,829s      19ms   4948    Set game seed: 2036395316
14:40:08.946    85,835s       6ms   4948    Saving game at tick 0 to 'E:\programowanie\projekty delphi\kam_expansion\Saves\basesave\basesave.bas'
14:40:08.953    85,842s       7ms   4948    Script: "Size": {"X": 2, "Y": 1},|"Tiles": [|	{"Tile": [1, 693, 0, 255]},      {"Tile": [1, 693, 2, 255]}       |]
14:40:08.959    85,848s       6ms   4948    After game start ... done
14:40:17.016    93,905s    8057ms   4948    Issue gicGameAutoSave command at tick 600
14:40:17.021    93,910s       5ms   4948    Saving game at tick 600 to 'E:\programowanie\projekty delphi\kam_expansion\Saves\autosave\autosave.sav'
14:40:23.014    99,903s    5993ms   4948    Issue gicGameAutoSave command at tick 1200
14:40:23.020    99,909s       6ms   4948    Saving game at tick 1200 to 'E:\programowanie\projekty delphi\kam_expansion\Saves\autosave\autosave.sav'
14:40:29.015   105,904s    5994ms   4948    Issue gicGameAutoSave command at tick 1800
14:40:29.024   105,912s       8ms   4948    Saving game at tick 1800 to 'E:\programowanie\projekty delphi\kam_expansion\Saves\autosave\autosave.sav'
14:40:35.034   111,923s    6011ms   4948    Issue gicGameAutoSave command at tick 2400
14:40:35.040   111,929s       6ms   4948    Saving game at tick 2400 to 'E:\programowanie\projekty delphi\kam_expansion\Saves\autosave\autosave.sav'
14:40:41.014   117,903s    5974ms   4948    Warning: HouseUnoccupiedMsgId for house type ord=54 could not be determined.
14:40:41.020   117,909s       6ms   4948    Warning: HouseUnoccupiedMsgId for house type ord=54 could not be determined.
14:40:41.025   117,914s       5ms   4948    Warning: HouseUnoccupiedMsgId for house type ord=54 could not be determined.
14:40:41.031   117,920s       6ms   4948    Warning: HouseUnoccupiedMsgId for house type ord=55 could not be determined.
14:40:41.037   117,926s       6ms   4948    Issue gicGameAutoSave command at tick 3000
14:40:41.042   117,931s       5ms   4948    Saving game at tick 3000 to 'E:\programowanie\projekty delphi\kam_expansion\Saves\autosave\autosave.sav'
14:40:47.015   123,904s    5973ms   4948    Issue gicGameAutoSave command at tick 3600
14:40:47.021   123,910s       6ms   4948    Saving game at tick 3600 to 'E:\programowanie\projekty delphi\kam_expansion\Saves\autosave\autosave.sav'
14:40:53.033   129,922s    6012ms   4948    Issue gicGameAutoSave command at tick 4200
14:40:53.038   129,927s       5ms   4948    Saving game at tick 4200 to 'E:\programowanie\projekty delphi\kam_expansion\Saves\autosave\autosave.sav'
14:40:59.033   135,922s    5994ms   4948    Issue gicGameAutoSave command at tick 4800
14:40:59.039   135,928s       6ms   4948    Saving game at tick 4800 to 'E:\programowanie\projekty delphi\kam_expansion\Saves\autosave\autosave.sav'
14:41:05.015   141,904s    5976ms   4948    Issue gicGameAutoSave command at tick 5400
14:41:05.021   141,910s       6ms   4948    Saving game at tick 5400 to 'E:\programowanie\projekty delphi\kam_expansion\Saves\autosave\autosave.sav'
14:41:11.015   147,904s    5994ms   4948    Warning: HouseUnoccupiedMsgId for house type ord=54 could not be determined.
14:41:11.022   147,911s       7ms   4948    Warning: HouseUnoccupiedMsgId for house type ord=54 could not be determined.
14:41:11.027   147,916s       5ms   4948    Warning: HouseUnoccupiedMsgId for house type ord=54 could not be determined.
14:41:11.032   147,921s       5ms   4948    Warning: HouseUnoccupiedMsgId for house type ord=55 could not be determined.
14:41:11.038   147,927s       6ms   4948    Issue gicGameAutoSave command at tick 6000
14:41:11.043   147,932s       5ms   4948    Saving game at tick 6000 to 'E:\programowanie\projekty delphi\kam_expansion\Saves\autosave\autosave.sav'
14:41:17.031   153,920s    5988ms   4948    Issue gicGameAutoSave command at tick 6600
14:41:17.038   153,926s       6ms   4948    Saving game at tick 6600 to 'E:\programowanie\projekty delphi\kam_expansion\Saves\autosave\autosave.sav'
14:41:23.014   159,903s    5977ms   4948    Issue gicGameAutoSave command at tick 7200
14:41:23.021   159,910s       7ms   4948    Saving game at tick 7200 to 'E:\programowanie\projekty delphi\kam_expansion\Saves\autosave\autosave.sav'
14:41:29.015   165,904s    5994ms   4948    Issue gicGameAutoSave command at tick 7800
14:41:29.023   165,912s       8ms   4948    Saving game at tick 7800 to 'E:\programowanie\projekty delphi\kam_expansion\Saves\autosave\autosave.sav'
14:41:35.016   171,905s    5993ms   4948    Issue gicGameAutoSave command at tick 8400
14:41:35.022   171,911s       6ms   4948    Saving game at tick 8400 to 'E:\programowanie\projekty delphi\kam_expansion\Saves\autosave\autosave.sav'
14:41:41.015   177,904s    5993ms   4948    Make savepoint at tick 8999
14:41:41.021   177,910s       6ms   4948    Warning: HouseUnoccupiedMsgId for house type ord=54 could not be determined.
14:41:41.028   177,917s       7ms   4948    Warning: HouseUnoccupiedMsgId for house type ord=54 could not be determined.
14:41:41.033   177,922s       5ms   4948    Warning: HouseUnoccupiedMsgId for house type ord=54 could not be determined.
14:41:41.038   177,927s       5ms   4948    Warning: HouseUnoccupiedMsgId for house type ord=55 could not be determined.
14:41:41.043   177,932s       5ms   4948    Issue gicGameAutoSave command at tick 9000
14:41:41.049   177,937s       5ms   4948    Saving game at tick 9000 to 'E:\programowanie\projekty delphi\kam_expansion\Saves\autosave\autosave.sav'
14:41:47.015   183,904s    5966ms   4948    Issue gicGameAutoSave command at tick 9600
14:41:47.021   183,910s       6ms   4948    Saving game at tick 9600 to 'E:\programowanie\projekty delphi\kam_expansion\Saves\autosave\autosave.sav'
14:41:53.015   189,904s    5994ms   4948    Issue gicGameAutoSave command at tick 10200
14:41:53.021   189,910s       6ms   4948    Saving game at tick 10200 to 'E:\programowanie\projekty delphi\kam_expansion\Saves\autosave\autosave.sav'
14:41:59.032   195,920s    6010ms   4948    Issue gicGameAutoSave command at tick 10800
14:41:59.038   195,927s       7ms   4948    Saving game at tick 10800 to 'E:\programowanie\projekty delphi\kam_expansion\Saves\autosave\autosave.sav'
14:42:05.032   201,920s    5993ms   4948    Issue gicGameAutoSave command at tick 11400
14:42:05.037   201,926s       6ms   4948    Saving game at tick 11400 to 'E:\programowanie\projekty delphi\kam_expansion\Saves\autosave\autosave.sav'
14:42:11.015   207,904s    5978ms   4948    Warning: HouseUnoccupiedMsgId for house type ord=54 could not be determined.
14:42:11.021   207,910s       6ms   4948    Warning: HouseUnoccupiedMsgId for house type ord=54 could not be determined.
14:42:11.026   207,915s       5ms   4948    Warning: HouseUnoccupiedMsgId for house type ord=54 could not be determined.
14:42:11.032   207,921s       6ms   4948    Warning: HouseUnoccupiedMsgId for house type ord=55 could not be determined.
14:42:11.038   207,927s       6ms   4948    Issue gicGameAutoSave command at tick 12000
14:42:11.043   207,932s       5ms   4948    Saving game at tick 12000 to 'E:\programowanie\projekty delphi\kam_expansion\Saves\autosave\autosave.sav'
14:42:17.035   213,924s    5992ms   4948    Issue gicGameAutoSave command at tick 12600
14:42:17.040   213,929s       5ms   4948    Saving game at tick 12600 to 'E:\programowanie\projekty delphi\kam_expansion\Saves\autosave\autosave.sav'
14:42:23.015   219,904s    5974ms   4948    Issue gicGameAutoSave command at tick 13200
14:42:23.021   219,910s       6ms   4948    Saving game at tick 13200 to 'E:\programowanie\projekty delphi\kam_expansion\Saves\autosave\autosave.sav'
14:42:29.016   225,905s    5995ms   4948    Issue gicGameAutoSave command at tick 13800
14:42:29.025   225,914s       9ms   4948    Saving game at tick 13800 to 'E:\programowanie\projekty delphi\kam_expansion\Saves\autosave\autosave.sav'
14:42:35.034   231,923s    6009ms   4948    Issue gicGameAutoSave command at tick 14400
14:42:35.039   231,928s       5ms   4948    Saving game at tick 14400 to 'E:\programowanie\projekty delphi\kam_expansion\Saves\autosave\autosave.sav'
14:42:40.999   237,888s    5960ms   4948    Warning: HouseUnoccupiedMsgId for house type ord=54 could not be determined.
14:42:41.005   237,894s       6ms   4948    Warning: HouseUnoccupiedMsgId for house type ord=54 could not be determined.
14:42:41.012   237,901s       7ms   4948    Warning: HouseUnoccupiedMsgId for house type ord=54 could not be determined.
14:42:41.017   237,906s       5ms   4948    Warning: HouseUnoccupiedMsgId for house type ord=55 could not be determined.
14:42:41.027   237,916s      10ms   4948    Issue gicGameAutoSave command at tick 15000
14:42:41.033   237,922s       6ms   4948    Saving game at tick 15000 to 'E:\programowanie\projekty delphi\kam_expansion\Saves\autosave\autosave.sav'
14:42:47.033   243,922s    6000ms   4948    Issue gicGameAutoSave command at tick 15600
14:42:47.038   243,927s       5ms   4948    Saving game at tick 15600 to 'E:\programowanie\projekty delphi\kam_expansion\Saves\autosave\autosave.sav'
14:42:53.015   249,904s    5977ms   4948    Issue gicGameAutoSave command at tick 16200
14:42:53.022   249,911s       7ms   4948    Saving game at tick 16200 to 'E:\programowanie\projekty delphi\kam_expansion\Saves\autosave\autosave.sav'
14:42:59.035   255,924s    6013ms   4948    Issue gicGameAutoSave command at tick 16800
14:42:59.042   255,930s       6ms   4948    Saving game at tick 16800 to 'E:\programowanie\projekty delphi\kam_expansion\Saves\autosave\autosave.sav'
14:43:05.011   261,900s    5970ms   4948    Issue gicGameAutoSave command at tick 17400
14:43:05.018   261,907s       7ms   4948    Saving game at tick 17400 to 'E:\programowanie\projekty delphi\kam_expansion\Saves\autosave\autosave.sav'
14:43:05.365   262,254s     347ms   4948    Saving dev settings to file 'kmr_dev.xml'
14:43:06.041   262,930s     676ms   4948    Stopping game application...
14:43:06.050   262,939s       8ms   4948    Gameplay ended - grSilent /
14:43:06.056   262,945s       6ms   4948    Start saving 'Server settings' to 'C:\Users\szyby\OneDrive\Dokumenty\My Games\Knights and Merchants Remake\KaM Remake Server Settings.ini'
00d41d94 KaM_Expansion.exe KM_Settings        106 TKMSettings.SaveToDefaultFile
00d41e67 KaM_Expansion.exe KM_Settings        113 TKMSettings.SaveToDefaultFile
00d41aa0 KaM_Expansion.exe KM_Settings         65 TKMSettings.Destroy
00e8603a KaM_Expansion.exe KM_ServerSettings  117 TKMServerSettings.Destroy
007aa764 KaM_Expansion.exe System              20 TObject.Free
00a797f0 KaM_Expansion.exe KromUtils          281 FreeThenNil
00f527ab KaM_Expansion.exe KM_GameApp         330 TKMGameApp.Destroy
007aa764 KaM_Expansion.exe System              20 TObject.Free
00a797f0 KaM_Expansion.exe KromUtils          281 FreeThenNil
00f5d441 KaM_Expansion.exe KM_Main            376 TKMMain.Stop
00f5d520 KaM_Expansion.exe KM_Main            405 TKMMain.Stop
011c56cd KaM_Expansion.exe KM_FormMain       2212 TFormMain.FormClose
00a236a7 KaM_Expansion.exe Vcl.Forms              TCustomForm.DoClose
00a29095 KaM_Expansion.exe Vcl.Forms              TCustomForm.Close
00a27cd4 KaM_Expansion.exe Vcl.Forms              TCustomForm.WMClose
00972cfa KaM_Expansion.exe Vcl.Controls           TControl.WndProc
00977ec1 KaM_Expansion.exe Vcl.Controls           TWinControl.WndProc
00a242e8 KaM_Expansion.exe Vcl.Forms              TCustomForm.WndProc
00a24303 KaM_Expansion.exe Vcl.Forms              TCustomForm.WndProc
011c51b9 KaM_Expansion.exe KM_FormMain       2051 TFormMain.WndProc

14:43:06.079   262,968s      23ms   4948    'Server settings' was successfully saved to 'C:\Users\szyby\OneDrive\Dokumenty\My Games\Knights and Merchants Remake\KaM Remake Server Settings.ini'
14:43:06.298   263,187s     219ms   4948    Start saving 'GameApp settings' to 'C:\Users\szyby\OneDrive\Dokumenty\My Games\Knights and Merchants Remake\KaM Remake Settings KingDyronMod.xml'
00d41d94 KaM_Expansion.exe KM_Settings         106 TKMSettings.SaveToDefaultFile
00d41e67 KaM_Expansion.exe KM_Settings         113 TKMSettings.SaveToDefaultFile
00d41aa0 KaM_Expansion.exe KM_Settings          65 TKMSettings.Destroy
00d421fa KaM_Expansion.exe KM_SettingsXML       44 TKMSettingsXML.Destroy
00d42526 KaM_Expansion.exe KM_GameAppSettings   57 TKMGameAppSettings.Destroy
007aa764 KaM_Expansion.exe System               20 TObject.Free
00a797f0 KaM_Expansion.exe KromUtils           281 FreeThenNil
00f5d44b KaM_Expansion.exe KM_Main             378 TKMMain.Stop
00f5d520 KaM_Expansion.exe KM_Main             405 TKMMain.Stop
011c56cd KaM_Expansion.exe KM_FormMain        2212 TFormMain.FormClose
00a236a7 KaM_Expansion.exe Vcl.Forms               TCustomForm.DoClose
00a29095 KaM_Expansion.exe Vcl.Forms               TCustomForm.Close
00a27cd4 KaM_Expansion.exe Vcl.Forms               TCustomForm.WMClose
00972cfa KaM_Expansion.exe Vcl.Controls            TControl.WndProc
00977ec1 KaM_Expansion.exe Vcl.Controls            TWinControl.WndProc
00a242e8 KaM_Expansion.exe Vcl.Forms               TCustomForm.WndProc
00a24303 KaM_Expansion.exe Vcl.Forms               TCustomForm.WndProc
011c51b9 KaM_Expansion.exe KM_FormMain        2051 TFormMain.WndProc
009773cc KaM_Expansion.exe Vcl.Controls            TWinControl.MainWndProc
009773e7 KaM_Expansion.exe Vcl.Controls            TWinControl.MainWndProc

14:43:06.313   263,202s      15ms   4948    'GameApp settings' was successfully saved to 'C:\Users\szyby\OneDrive\Dokumenty\My Games\Knights and Merchants Remake\KaM Remake Settings KingDyronMod.xml'
