   Timestamp    Elapsed     Delta  Thread    Description
========================
    Date: 2024.12.31
========================
12:31:21.406     0,001s       1ms  12332    Log is up and running. Game version: KaM Expansion: Co-op & World Update
12:31:21.413     0,008s       6ms  12332    Game Load started
12:31:21.523     0,118s     110ms  12332    Start loading 'GameApp settings' from 'C:\Users\szyby\OneDrive\Dokumenty\My Games\Knights and Merchants Remake\KaM Remake Settings KingDyronMod.xml'
12:31:21.529     0,124s       6ms  12332    'GameApp settings' was successfully loaded from 'C:\Users\szyby\OneDrive\Dokumenty\My Games\Knights and Merchants Remake\KaM Remake Settings KingDyronMod.xml'
12:31:21.545     0,140s       4ms  12332    Start saving 'GameApp settings' to 'C:\Users\szyby\OneDrive\Dokumenty\My Games\Knights and Merchants Remake\KaM Remake Settings KingDyronMod.xml'
005b28cc KaM_Expansion.exe KM_Settings        106 TKMSettings.SaveToDefaultFile
005b299f KaM_Expansion.exe KM_Settings        113 TKMSettings.SaveToDefaultFile
005b259d KaM_Expansion.exe KM_Settings         59 TKMSettings.Create
005b2cda KaM_Expansion.exe KM_SettingsXML      38 TKMSettingsXML.Create
005b301b KaM_Expansion.exe KM_GameAppSettings  51 TKMGameAppSettings.Create
007cc3b4 KaM_Expansion.exe KM_Main            258 TKMMain.Start
007cc638 KaM_Expansion.exe KM_Main            305 TKMMain.Start
00a4ab2b KaM_Expansion.exe KaM_Expansion      479 initialization
00a4ab5a KaM_Expansion.exe KaM_Expansion      482 initialization
772b7ba7 KERNEL32.DLL                             BaseThreadInitThunk

12:31:21.584     0,179s      37ms  12332    'GameApp settings' was successfully saved to 'C:\Users\szyby\OneDrive\Dokumenty\My Games\Knights and Merchants Remake\KaM Remake Settings KingDyronMod.xml'
12:31:21.623     0,218s      39ms  12332    Start loading 'Server settings' from 'C:\Users\szyby\OneDrive\Dokumenty\My Games\Knights and Merchants Remake\KaM Remake Server Settings.ini'
12:31:21.632     0,227s       8ms  12332    'Server settings' was successfully loaded from 'C:\Users\szyby\OneDrive\Dokumenty\My Games\Knights and Merchants Remake\KaM Remake Server Settings.ini'
12:31:21.637     0,232s       5ms  12332    Start saving 'Server settings' to 'C:\Users\szyby\OneDrive\Dokumenty\My Games\Knights and Merchants Remake\KaM Remake Server Settings.ini'
005b28cc KaM_Expansion.exe KM_Settings       106 TKMSettings.SaveToDefaultFile
005b299f KaM_Expansion.exe KM_Settings       113 TKMSettings.SaveToDefaultFile
005b259d KaM_Expansion.exe KM_Settings        59 TKMSettings.Create
006f562c KaM_Expansion.exe KM_ServerSettings 109 TKMServerSettings.Create
007c1734 KaM_Expansion.exe KM_GameApp        213 TKMGameApp.Create
007c1b86 KaM_Expansion.exe KM_GameApp        295 TKMGameApp.Create
007cd65e KaM_Expansion.exe KM_Main           635 TKMMain.ReinitRender
007cd86a KaM_Expansion.exe KM_Main           689 TKMMain.ReinitRender
007cc4ca KaM_Expansion.exe KM_Main           281 TKMMain.Start
007cc638 KaM_Expansion.exe KM_Main           305 TKMMain.Start
00a4ab2b KaM_Expansion.exe KaM_Expansion     479 initialization
00a4ab5a KaM_Expansion.exe KaM_Expansion     482 initialization
772b7ba7 KERNEL32.DLL                            BaseThreadInitThunk

12:31:21.652     0,247s      15ms  12332    'Server settings' was successfully saved to 'C:\Users\szyby\OneDrive\Dokumenty\My Games\Knights and Merchants Remake\KaM Remake Server Settings.ini'
12:31:21.659     0,254s       7ms  12332    Init Render started
12:31:21.812     0,407s     153ms  12332    GL_MAX_TEXTURE_SIZE = 32768
12:31:21.820     0,415s       8ms  12332    GL_MAX_VIEWPORT_DIM = 32768
                                      OpenGL Vendor: NVIDIA Corporation
                                      OpenGL Renderer: NVIDIA GeForce RTX 3060 Ti/PCIe/SSE2
                                      OpenGL Version: 4.6.0 NVIDIA 560.81
12:31:21.845     0,440s      25ms  12332    Init Render Done
12:31:21.850     0,445s       5ms  12332    Resource loading state - None
12:31:21.859     0,454s       8ms  12332    Reading palettes ... done
12:31:21.867     0,462s       8ms  12332    Reading GUI.rx
12:31:21.874     0,469s       7ms  12332    Load Sprites started
12:31:21.881     0,476s       7ms  12332    GUI - 966
12:31:21.899     0,494s      18ms  12332    Load Sprites Done
12:31:21.935     0,530s      36ms  12332    Reading GUIMain.rx
12:31:21.942     0,537s       7ms  12332    Load Sprites started
12:31:21.948     0,543s       6ms  12332    GUIMain - 105
12:31:21.999     0,594s      51ms  12332    Load Sprites Done
12:31:22.053     0,648s      54ms  12332    Reading Tileset.rx
12:31:22.060     0,655s       7ms  12332    Load Sprites started
12:31:22.067     0,662s       7ms  12332    Tileset - 5449
12:31:22.102     0,697s      35ms  12332    Load Sprites Done
12:31:22.109     0,704s       7ms  12332    GenerateTerrainTransitions started. Legacy = False
12:31:22.115     0,710s       6ms  12332    TexId = 5451 GenTilesCnt = 2100
12:31:22.121     0,716s       6ms  12332    TexId = 6051; TexId - fGenTexIdStartI = 600; uniqueTex = 600; totalTex = 1350
12:31:22.128     0,723s       7ms  12332    GeneratedMasks cnt = 20
12:31:22.135     0,730s       7ms  12332    GenerateTerrainTransitions Done
12:31:22.145     0,740s      10ms  12332    GenerateTerrainTransitions started. Legacy = True
12:31:22.154     0,749s       9ms  12332    Legacy: TexId = 4999 GenTilesCntTemp = 2030
12:31:22.161     0,756s       7ms  12332    TexId = 5463; TexId - fGenTexIdStartILegacy = 464; uniqueTex = 464; totalTex = 1044
12:31:22.168     0,763s       7ms  12332    GeneratedMasks cnt = 16
12:31:22.174     0,769s       6ms  12332    GenerateTerrainTransitions Done
12:31:22.282     0,877s     108ms  12332    Load font started
12:31:22.322     0,917s      39ms  12332    Font load took 39ms
12:31:22.329     0,924s       7ms  12332    Read fonts is done
12:31:22.346     0,941s      17ms  12332    ReadGFX is done
12:31:22.353     0,948s       7ms  12332    Resource loading state - Menu
12:31:22.360     0,955s       7ms   5640    OpenAL init started
12:31:22.382     0,977s      22ms  12332    Music init done, 24 tracks found
                                      Loading campaign images.rxx for HKS
12:31:22.406     1,001s      24ms  18012    Custom - 1
12:31:22.414     1,009s       7ms   5640    Pre-LoadSFX init ... done
12:31:22.421     1,016s       7ms   5640    ALC_MONO_SOURCES 255
12:31:22.427     1,022s       6ms   5640    ALC_STEREO_SOURCES 1
12:31:22.433     1,028s       6ms  12332    Main menu init done
12:31:22.440     1,035s       7ms   5640    OpenAL init done
12:31:22.462     1,057s      22ms  12332    Check game folder 'E:\programowanie\projekty delphi\kam_expansion\' generic permissions: READ: granted; WRITE: granted; EXECUTE: granted; folder is writable: 
12:31:22.468     1,063s       6ms  12332    LoadGameResources ... AlphaShadows: True. Forced: True
12:31:22.475     1,070s       7ms  12332    TKMResSprites.LoadGameResources
12:31:22.481     1,076s       6ms  12332    [AsyncGameResLoader Thread] Started
12:31:22.487     1,082s       6ms  12332    Resource loading state - Game
12:31:22.493     1,088s       6ms  12332    ToggleFullscreen
12:31:22.499     1,094s       6ms  12332    Form Width/Height: 1040:830
12:31:22.504     1,099s       5ms  12332    Panel Width/Height: 1024:791
12:31:22.511     1,106s       6ms  16148    [AsyncGameResLoader Thread] RT = rxTrees Stage = lsLoad
12:31:22.517     1,112s       6ms  16148    [AsyncGameResLoader Thread] Start Load RXX 'Trees.rxx'
12:31:22.526     1,121s       8ms  16148    Load Sprites started
12:31:22.534     1,129s       8ms  16148    Trees - 1216
12:31:22.543     1,138s       9ms  12332    Saving dev settings to file 'kmr_dev.xml'
                                      Loading campaign images.rxx for KSN
12:31:22.556     1,151s      13ms  18012    Custom - 1
12:31:22.567     1,162s      11ms  12332    Saving dev settings to file 'kmr_dev.xml'
12:31:22.574     1,169s       7ms  12332    Game Load Done in 1193
                                      Loading campaign images.rxx for KSO
12:31:22.628     1,223s      54ms  18012    Custom - 1
12:31:22.666     1,261s      38ms  16148    Load Sprites Done
                                      Loading campaign images.rxx for KSU
12:31:22.687     1,282s      21ms  18012    Custom - 1
                                      Loading campaign images.rxx for OFL
12:31:22.741     1,336s      54ms  18012    Custom - 1
12:31:22.765     1,360s      24ms  16148    [AsyncGameResLoader Thread] DONE Load RXX 'Trees.rxa'
12:31:22.774     1,369s       9ms  12332    [AsyncGameResLoader MainTh] [UpdateStateIdle] GenTextures RT = rxTrees Stage = lsGenMain
                                      Loading campaign images.rxx for OER
12:31:22.789     1,384s      15ms  18012    Custom - 1
12:31:22.795     1,390s       6ms  12332    [AsyncGameResLoader MainTh] [UpdateStateIdle] DONE
12:31:22.801     1,396s       5ms  16148    [AsyncGameResLoader Thread] RT = rxTrees Stage = lsOverload
12:31:22.808     1,403s       7ms  16148    [AsyncGameResLoader Thread] OverloadFromFolder RT = rxTrees
12:31:22.814     1,409s       6ms  16148    [AsyncGameResLoader Thread] DONE OverloadFromFolder RT = rxTrees
                                      Loading campaign images.rxx for TBK
12:31:22.826     1,421s      12ms  18012    Custom - 1
12:31:22.832     1,427s       6ms  12332    [AsyncGameResLoader MainTh] [UpdateStateIdle] GenTextures RT = rxTrees Stage = lsGenOverload
12:31:22.839     1,434s       7ms  12332    [AsyncGameResLoader MainTh] [UpdateStateIdle] DONE
12:31:22.845     1,440s       6ms  16148    [AsyncGameResLoader Thread] RT = rxHouses Stage = lsLoad
12:31:22.851     1,446s       6ms  16148    [AsyncGameResLoader Thread] Start Load RXX 'Houses.rxx'
12:31:22.859     1,454s       8ms  16148    Load Sprites started
12:31:22.865     1,460s       6ms  16148    Houses - 2709
                                      Loading campaign images.rxx for TPR
12:31:22.888     1,483s      23ms  18012    Custom - 1
                                      Loading campaign images.rxx for TSK
12:31:22.935     1,530s      47ms  18012    Custom - 1
                                      Loading campaign images.rxx for TUA
12:31:22.973     1,568s      38ms  18012    Custom - 1
12:31:23.034     1,629s      61ms  16148    Load Sprites Done
                                      Loading campaign images.rxx for TMR
12:31:23.136     1,732s     103ms  18012    Custom - 1
12:31:23.167     1,762s      30ms  16148    [AsyncGameResLoader Thread] DONE Load RXX 'Houses.rxa'
12:31:23.174     1,769s       7ms  12332    [AsyncGameResLoader MainTh] [UpdateStateIdle] GenTextures RT = rxHouses Stage = lsGenMain
12:31:23.189     1,784s      15ms  12332    [AsyncGameResLoader MainTh] [UpdateStateIdle] DONE
12:31:23.196     1,791s       7ms  16148    [AsyncGameResLoader Thread] RT = rxHouses Stage = lsOverload
12:31:23.202     1,797s       6ms  16148    [AsyncGameResLoader Thread] OverloadFromFolder RT = rxHouses
12:31:23.302     1,897s     100ms  16148    [AsyncGameResLoader Thread] DONE OverloadFromFolder RT = rxHouses
12:31:23.318     1,913s      16ms  12332    [AsyncGameResLoader MainTh] [UpdateStateIdle] GenTextures RT = rxHouses Stage = lsGenOverload
12:31:23.323     1,918s       5ms  12332    [AsyncGameResLoader MainTh] [UpdateStateIdle] DONE
12:31:23.330     1,925s       7ms  16148    [AsyncGameResLoader Thread] RT = rxUnits Stage = lsLoad
12:31:23.335     1,930s       5ms  16148    [AsyncGameResLoader Thread] Start Load RXX 'Units.rxx'
12:31:23.341     1,936s       6ms  16148    Load Sprites started
12:31:23.347     1,942s       6ms  16148    Units - 14845
12:31:23.806     2,401s     459ms  16148    Load Sprites Done
12:31:24.878     3,473s    1072ms  16148    [AsyncGameResLoader Thread] DONE Load RXX 'Units.rxa'
12:31:24.890     3,485s      12ms  12332    [AsyncGameResLoader MainTh] [UpdateStateIdle] GenTextures RT = rxUnits Stage = lsGenMain
12:31:24.966     3,561s      76ms  12332    [AsyncGameResLoader MainTh] [UpdateStateIdle] DONE
12:31:24.973     3,568s       7ms  16148    [AsyncGameResLoader Thread] RT = rxUnits Stage = lsOverload
12:31:24.986     3,581s      13ms  16148    [AsyncGameResLoader Thread] OverloadFromFolder RT = rxUnits
12:31:24.993     3,588s       7ms  16148    [AsyncGameResLoader Thread] DONE OverloadFromFolder RT = rxUnits
12:31:25.000     3,595s       7ms  12332    [AsyncGameResLoader MainTh] [UpdateStateIdle] GenTextures RT = rxUnits Stage = lsGenOverload
12:31:25.006     3,601s       6ms  12332    [AsyncGameResLoader Thread] Stopped
12:31:25.012     3,607s       6ms  12332    [AsyncGameResLoader MainTh] [UpdateStateIdle] DONE
                                      Loading campaign images.rxx for HKS
12:31:33.579    12,174s    8567ms    360    Custom - 1
                                      Loading campaign images.rxx for KSN
12:31:33.677    12,272s      98ms    360    Custom - 1
                                      Loading campaign images.rxx for KSO
12:31:33.736    12,331s      59ms    360    Custom - 1
                                      Loading campaign images.rxx for KSU
12:31:33.804    12,399s      68ms    360    Custom - 1
                                      Loading campaign images.rxx for OFL
12:31:33.864    12,459s      60ms    360    Custom - 1
                                      Loading campaign images.rxx for OER
12:31:33.910    12,505s      46ms    360    Custom - 1
                                      Loading campaign images.rxx for TBK
12:31:33.958    12,553s      48ms    360    Custom - 1
                                      Loading campaign images.rxx for TPR
12:31:34.010    12,605s      52ms    360    Custom - 1
                                      Loading campaign images.rxx for TSK
12:31:34.048    12,643s      38ms    360    Custom - 1
                                      Loading campaign images.rxx for TUA
12:31:34.080    12,675s      32ms    360    Custom - 1
                                      Loading campaign images.rxx for TMR
12:31:34.248    12,843s     161ms    360    Custom - 1
12:31:35.240    13,835s     991ms  12332    LoadGameResources ... AlphaShadows: True. Forced: False
12:31:35.247    13,842s       7ms  12332    Resource loading state - Game
12:31:35.274    13,869s      27ms  12332    Saving dev settings to file 'kmr_dev.xml'
12:31:35.316    13,911s      42ms  12332    <== Game creation is done ==>
12:31:35.322    13,917s       6ms  12332    GameStart
12:31:35.328    13,923s       6ms  12332    Loading DAT file: E:\programowanie\projekty delphi\kam_expansion\Maps\THE MERCHANT REVOLUTION 03\THE MERCHANT REVOLUTION 03.dat
12:31:35.334    13,929s       6ms  12332    Loading map file: E:\programowanie\projekty delphi\kam_expansion\Maps\THE MERCHANT REVOLUTION 03\THE MERCHANT REVOLUTION 03.map
12:31:35.377    13,972s      43ms  12332    Map file loaded
12:31:35.532    14,127s     155ms  12332    Gameplay recording initialized ... done
12:31:35.538    14,133s       6ms  12332    Game options: PT = 0; SpeedPT = 1; SpeedAfterPT = 1; Seed = 0; Difficulty = mdNone
12:31:35.544    14,139s       6ms  12332    Gameplay initialized ... done
12:31:35.550    14,145s       6ms  12332    After game start
12:31:35.581    14,176s      31ms  12332    Set game seed: 1561070290
12:31:35.623    14,218s      42ms  12332    After game start ... done
12:32:08.862    47,457s   33239ms  12332    Saving dev settings to file 'kmr_dev.xml'
12:32:09.533    48,128s     671ms  12332    Stopping game application...
12:32:09.564    48,159s      31ms  12332    Gameplay ended - grSilent /
12:32:09.571    48,166s       7ms  12332    Start saving 'Server settings' to 'C:\Users\szyby\OneDrive\Dokumenty\My Games\Knights and Merchants Remake\KaM Remake Server Settings.ini'
005b28cc KaM_Expansion.exe KM_Settings        106 TKMSettings.SaveToDefaultFile
005b299f KaM_Expansion.exe KM_Settings        113 TKMSettings.SaveToDefaultFile
005b25d8 KaM_Expansion.exe KM_Settings         65 TKMSettings.Destroy
006f5672 KaM_Expansion.exe KM_ServerSettings  117 TKMServerSettings.Destroy
0001a764 KaM_Expansion.exe System              23 TObject.Free
002e9814 KaM_Expansion.exe KromUtils          281 FreeThenNil
007c1de3 KaM_Expansion.exe KM_GameApp         330 TKMGameApp.Destroy
0001a764 KaM_Expansion.exe System              23 TObject.Free
002e9814 KaM_Expansion.exe KromUtils          281 FreeThenNil
007cca79 KaM_Expansion.exe KM_Main            376 TKMMain.Stop
007ccb58 KaM_Expansion.exe KM_Main            405 TKMMain.Stop
00a358c1 KaM_Expansion.exe KM_FormMain       2212 TFormMain.FormClose
002936a7 KaM_Expansion.exe Vcl.Forms              TCustomForm.DoClose
00299095 KaM_Expansion.exe Vcl.Forms              TCustomForm.Close
00297cd4 KaM_Expansion.exe Vcl.Forms              TCustomForm.WMClose
001e2cfa KaM_Expansion.exe Vcl.Controls           TControl.WndProc
001e7ec1 KaM_Expansion.exe Vcl.Controls           TWinControl.WndProc
002942e8 KaM_Expansion.exe Vcl.Forms              TCustomForm.WndProc
00294303 KaM_Expansion.exe Vcl.Forms              TCustomForm.WndProc
00a353ad KaM_Expansion.exe KM_FormMain       2051 TFormMain.WndProc

12:32:09.596    48,191s      25ms  12332    'Server settings' was successfully saved to 'C:\Users\szyby\OneDrive\Dokumenty\My Games\Knights and Merchants Remake\KaM Remake Server Settings.ini'
12:32:09.812    48,407s     216ms  12332    Start saving 'GameApp settings' to 'C:\Users\szyby\OneDrive\Dokumenty\My Games\Knights and Merchants Remake\KaM Remake Settings KingDyronMod.xml'
005b28cc KaM_Expansion.exe KM_Settings         106 TKMSettings.SaveToDefaultFile
005b299f KaM_Expansion.exe KM_Settings         113 TKMSettings.SaveToDefaultFile
005b25d8 KaM_Expansion.exe KM_Settings          65 TKMSettings.Destroy
005b2d32 KaM_Expansion.exe KM_SettingsXML       44 TKMSettingsXML.Destroy
005b305e KaM_Expansion.exe KM_GameAppSettings   57 TKMGameAppSettings.Destroy
0001a764 KaM_Expansion.exe System               23 TObject.Free
002e9814 KaM_Expansion.exe KromUtils           281 FreeThenNil
007cca83 KaM_Expansion.exe KM_Main             378 TKMMain.Stop
007ccb58 KaM_Expansion.exe KM_Main             405 TKMMain.Stop
00a358c1 KaM_Expansion.exe KM_FormMain        2212 TFormMain.FormClose
002936a7 KaM_Expansion.exe Vcl.Forms               TCustomForm.DoClose
00299095 KaM_Expansion.exe Vcl.Forms               TCustomForm.Close
00297cd4 KaM_Expansion.exe Vcl.Forms               TCustomForm.WMClose
001e2cfa KaM_Expansion.exe Vcl.Controls            TControl.WndProc
001e7ec1 KaM_Expansion.exe Vcl.Controls            TWinControl.WndProc
002942e8 KaM_Expansion.exe Vcl.Forms               TCustomForm.WndProc
00294303 KaM_Expansion.exe Vcl.Forms               TCustomForm.WndProc
00a353ad KaM_Expansion.exe KM_FormMain        2051 TFormMain.WndProc
001e73cc KaM_Expansion.exe Vcl.Controls            TWinControl.MainWndProc
001e73e7 KaM_Expansion.exe Vcl.Controls            TWinControl.MainWndProc

12:32:09.829    48,424s      17ms  12332    'GameApp settings' was successfully saved to 'C:\Users\szyby\OneDrive\Dokumenty\My Games\Knights and Merchants Remake\KaM Remake Settings KingDyronMod.xml'
