   Timestamp    Elapsed     Delta  Thread    Description
========================
    Date: 2025.01.02
========================
19:15:49.751     0,001s       1ms   2460    Log is up and running. Game version: KaM Expansion: Co-op & World Update
19:15:49.756     0,005s       4ms   2460    Game Load started
19:15:49.765     0,014s       9ms   2460    Start loading 'GameApp settings' from 'C:\Users\szyby\OneDrive\Dokumenty\My Games\Knights and Merchants Remake\KaM Remake Settings KingDyronMod.xml'
19:15:49.771     0,021s       5ms   2460    'GameApp settings' was successfully loaded from 'C:\Users\szyby\OneDrive\Dokumenty\My Games\Knights and Merchants Remake\KaM Remake Settings KingDyronMod.xml'
19:15:49.776     0,025s       4ms   2460    Start saving 'GameApp settings' to 'C:\Users\szyby\OneDrive\Dokumenty\My Games\Knights and Merchants Remake\KaM Remake Settings KingDyronMod.xml'
00b285ec KaM_Expansion.exe KM_Settings        106 TKMSettings.SaveToDefaultFile
00b286bf KaM_Expansion.exe KM_Settings        113 TKMSettings.SaveToDefaultFile
00b282bd KaM_Expansion.exe KM_Settings         59 TKMSettings.Create
00b289fa KaM_Expansion.exe KM_SettingsXML      38 TKMSettingsXML.Create
00b28d3b KaM_Expansion.exe KM_GameAppSettings  51 TKMGameAppSettings.Create
00d3cb68 KaM_Expansion.exe KM_Main            258 TKMMain.Start
00d3cdec KaM_Expansion.exe KM_Main            305 TKMMain.Start
00fbbb2b KaM_Expansion.exe KaM_Expansion      480 initialization
00fbbb5a KaM_Expansion.exe KaM_Expansion      483 initialization
75c17ba7 KERNEL32.DLL                             BaseThreadInitThunk

19:15:49.813     0,062s      37ms   2460    'GameApp settings' was successfully saved to 'C:\Users\szyby\OneDrive\Dokumenty\My Games\Knights and Merchants Remake\KaM Remake Settings KingDyronMod.xml'
19:15:49.839     0,088s      26ms   2460    Start loading 'Server settings' from 'C:\Users\szyby\OneDrive\Dokumenty\My Games\Knights and Merchants Remake\KaM Remake Server Settings.ini'
19:15:49.845     0,094s       6ms   2460    'Server settings' was successfully loaded from 'C:\Users\szyby\OneDrive\Dokumenty\My Games\Knights and Merchants Remake\KaM Remake Server Settings.ini'
19:15:49.852     0,101s       7ms   2460    Start saving 'Server settings' to 'C:\Users\szyby\OneDrive\Dokumenty\My Games\Knights and Merchants Remake\KaM Remake Server Settings.ini'
00b285ec KaM_Expansion.exe KM_Settings       106 TKMSettings.SaveToDefaultFile
00b286bf KaM_Expansion.exe KM_Settings       113 TKMSettings.SaveToDefaultFile
00b282bd KaM_Expansion.exe KM_Settings        59 TKMSettings.Create
00c65de0 KaM_Expansion.exe KM_ServerSettings 109 TKMServerSettings.Create
00d31ee8 KaM_Expansion.exe KM_GameApp        213 TKMGameApp.Create
00d3233a KaM_Expansion.exe KM_GameApp        295 TKMGameApp.Create
00d3de12 KaM_Expansion.exe KM_Main           635 TKMMain.ReinitRender
00d3e01e KaM_Expansion.exe KM_Main           689 TKMMain.ReinitRender
00d3cc7e KaM_Expansion.exe KM_Main           281 TKMMain.Start
00d3cdec KaM_Expansion.exe KM_Main           305 TKMMain.Start
00fbbb2b KaM_Expansion.exe KaM_Expansion     480 initialization
00fbbb5a KaM_Expansion.exe KaM_Expansion     483 initialization
75c17ba7 KERNEL32.DLL                            BaseThreadInitThunk

19:15:49.864     0,113s      12ms   2460    'Server settings' was successfully saved to 'C:\Users\szyby\OneDrive\Dokumenty\My Games\Knights and Merchants Remake\KaM Remake Server Settings.ini'
19:15:49.870     0,119s       6ms   2460    Init Render started
19:15:50.013     0,263s     144ms   2460    GL_MAX_TEXTURE_SIZE = 32768
19:15:50.020     0,270s       7ms   2460    GL_MAX_VIEWPORT_DIM = 32768
                                      OpenGL Vendor: NVIDIA Corporation
                                      OpenGL Renderer: NVIDIA GeForce RTX 3060 Ti/PCIe/SSE2
                                      OpenGL Version: 4.6.0 NVIDIA 560.94
19:15:50.043     0,293s      23ms   2460    Init Render Done
19:15:50.049     0,299s       6ms   2460    Resource loading state - None
19:15:50.055     0,305s       6ms   2460    Reading palettes ... done
19:15:50.063     0,313s       8ms   2460    Reading GUI.rx
19:15:50.070     0,320s       7ms   2460    Load Sprites started
19:15:50.076     0,326s       6ms   2460    GUI - 966
19:15:50.094     0,344s      18ms   2460    Load Sprites Done
19:15:50.128     0,378s      34ms   2460    Reading GUIMain.rx
19:15:50.135     0,385s       7ms   2460    Load Sprites started
19:15:50.141     0,391s       6ms   2460    GUIMain - 105
19:15:50.191     0,441s      50ms   2460    Load Sprites Done
19:15:50.249     0,498s      57ms   2460    Reading Tileset.rx
19:15:50.257     0,506s       8ms   2460    Load Sprites started
19:15:50.264     0,513s       7ms   2460    Tileset - 5449
19:15:50.300     0,549s      35ms   2460    Load Sprites Done
19:15:50.306     0,556s       7ms   2460    GenerateTerrainTransitions started. Legacy = False
19:15:50.312     0,562s       6ms   2460    TexId = 5451 GenTilesCnt = 2100
19:15:50.319     0,569s       7ms   2460    TexId = 6051; TexId - fGenTexIdStartI = 600; uniqueTex = 600; totalTex = 1350
19:15:50.324     0,574s       5ms   2460    GeneratedMasks cnt = 20
19:15:50.331     0,581s       7ms   2460    GenerateTerrainTransitions Done
19:15:50.337     0,587s       6ms   2460    GenerateTerrainTransitions started. Legacy = True
19:15:50.343     0,593s       6ms   2460    Legacy: TexId = 4999 GenTilesCntTemp = 2030
19:15:50.350     0,600s       7ms   2460    TexId = 5463; TexId - fGenTexIdStartILegacy = 464; uniqueTex = 464; totalTex = 1044
19:15:50.356     0,606s       6ms   2460    GeneratedMasks cnt = 16
19:15:50.362     0,612s       6ms   2460    GenerateTerrainTransitions Done
19:15:50.473     0,722s     110ms   2460    Load font started
19:15:50.509     0,759s      37ms   2460    Font load took 37ms
19:15:50.516     0,766s       7ms   2460    Read fonts is done
19:15:50.534     0,784s      18ms   2460    ReadGFX is done
19:15:50.540     0,790s       6ms   2460    Resource loading state - Menu
19:15:50.549     0,798s       8ms   5300    OpenAL init started
19:15:50.570     0,819s      21ms   2460    Music init done, 24 tracks found
                                      Loading campaign images.rxx for HKS
19:15:50.595     0,844s      25ms   2352    Custom - 1
19:15:50.609     0,859s      15ms   5300    Pre-LoadSFX init ... done
19:15:50.616     0,866s       7ms   5300    ALC_MONO_SOURCES 255
19:15:50.624     0,873s       7ms   5300    ALC_STEREO_SOURCES 1
19:15:50.630     0,880s       7ms   2460    Main menu init done
19:15:50.637     0,886s       6ms   5300    OpenAL init done
19:15:50.659     0,908s      22ms   2460    Check game folder 'E:\programowanie\projekty delphi\kam_expansion\' generic permissions: READ: granted; WRITE: granted; EXECUTE: granted; folder is writable: 
19:15:50.666     0,915s       7ms   2460    LoadGameResources ... AlphaShadows: True. Forced: True
19:15:50.672     0,922s       7ms   2460    TKMResSprites.LoadGameResources
19:15:50.678     0,927s       5ms   2460    [AsyncGameResLoader Thread] Started
19:15:50.685     0,934s       7ms   2460    Resource loading state - Game
19:15:50.690     0,940s       6ms   2460    ToggleFullscreen
19:15:50.695     0,945s       5ms   2460    Form Width/Height: 1040:853
19:15:50.702     0,951s       6ms   2460    Panel Width/Height: 764:771
19:15:50.708     0,957s       6ms  20432    [AsyncGameResLoader Thread] RT = rxTrees Stage = lsLoad
19:15:50.715     0,964s       7ms  20432    [AsyncGameResLoader Thread] Start Load RXX 'Trees.rxx'
19:15:50.721     0,970s       6ms  20432    Load Sprites started
19:15:50.726     0,976s       6ms  20432    Trees - 1216
19:15:50.855     1,105s     129ms  20432    Load Sprites Done
                                      Loading campaign images.rxx for KSN
19:15:50.921     1,170s      65ms   2352    Custom - 1
19:15:50.959     1,208s      38ms   2460    Saving dev settings to file 'kmr_dev.xml'
19:15:50.968     1,217s       9ms  20432    [AsyncGameResLoader Thread] DONE Load RXX 'Trees.rxa'
                                      Loading campaign images.rxx for KSO
19:15:51.004     1,254s      37ms   2352    Custom - 1
19:15:51.045     1,294s      40ms   2460    Saving dev settings to file 'kmr_dev.xml'
                                      Loading campaign images.rxx for KSU
19:15:51.061     1,311s      17ms   2352    Custom - 1
19:15:51.068     1,317s       6ms   2460    Game Load Done in 1336
19:15:51.074     1,323s       6ms   2460    [AsyncGameResLoader MainTh] [UpdateStateIdle] GenTextures RT = rxTrees Stage = lsGenMain
19:15:51.085     1,335s      11ms   2460    [AsyncGameResLoader MainTh] [UpdateStateIdle] DONE
19:15:51.093     1,342s       7ms  20432    [AsyncGameResLoader Thread] RT = rxTrees Stage = lsOverload
19:15:51.100     1,350s       8ms  20432    [AsyncGameResLoader Thread] OverloadFromFolder RT = rxTrees
                                      Loading campaign images.rxx for OFL
19:15:51.116     1,365s      15ms   2352    Custom - 1
19:15:51.122     1,372s       7ms  20432    [AsyncGameResLoader Thread] DONE OverloadFromFolder RT = rxTrees
19:15:51.130     1,379s       7ms   2460    [AsyncGameResLoader MainTh] [UpdateStateIdle] GenTextures RT = rxTrees Stage = lsGenOverload
19:15:51.137     1,386s       7ms   2460    [AsyncGameResLoader MainTh] [UpdateStateIdle] DONE
19:15:51.144     1,394s       8ms  20432    [AsyncGameResLoader Thread] RT = rxHouses Stage = lsLoad
19:15:51.153     1,402s       8ms  20432    [AsyncGameResLoader Thread] Start Load RXX 'Houses.rxx'
19:15:51.160     1,410s       8ms  20432    Load Sprites started
                                      Loading campaign images.rxx for OER
19:15:51.173     1,422s      12ms  20432    Houses - 2709
19:15:51.179     1,429s       7ms   2352    Custom - 1
                                      Loading campaign images.rxx for TBK
19:15:51.225     1,474s      45ms   2352    Custom - 1
                                      Loading campaign images.rxx for TPR
19:15:51.279     1,528s      54ms   2352    Custom - 1
                                      Loading campaign images.rxx for TSK
19:15:51.317     1,566s      38ms   2352    Custom - 1
                                      Loading campaign images.rxx for TUA
19:15:51.351     1,600s      34ms   2352    Custom - 1
19:15:51.359     1,609s       9ms  20432    Load Sprites Done
19:15:51.494     1,744s     135ms  20432    [AsyncGameResLoader Thread] DONE Load RXX 'Houses.rxa'
                                      Loading campaign images.rxx for TMR
19:15:51.507     1,757s      13ms   2352    Custom - 1
19:15:51.514     1,764s       7ms   2460    [AsyncGameResLoader MainTh] [UpdateStateIdle] GenTextures RT = rxHouses Stage = lsGenMain
19:15:51.529     1,779s      15ms   2460    [AsyncGameResLoader MainTh] [UpdateStateIdle] DONE
19:15:51.536     1,785s       6ms  20432    [AsyncGameResLoader Thread] RT = rxHouses Stage = lsOverload
19:15:51.542     1,791s       6ms  20432    [AsyncGameResLoader Thread] OverloadFromFolder RT = rxHouses
19:15:51.657     1,906s     114ms  20432    [AsyncGameResLoader Thread] DONE OverloadFromFolder RT = rxHouses
19:15:51.681     1,930s      24ms   2460    [AsyncGameResLoader MainTh] [UpdateStateIdle] GenTextures RT = rxHouses Stage = lsGenOverload
19:15:51.688     1,937s       7ms   2460    [AsyncGameResLoader MainTh] [UpdateStateIdle] DONE
19:15:51.694     1,943s       6ms  20432    [AsyncGameResLoader Thread] RT = rxUnits Stage = lsLoad
19:15:51.702     1,951s       8ms  20432    [AsyncGameResLoader Thread] Start Load RXX 'Units.rxx'
19:15:51.707     1,956s       5ms  20432    Load Sprites started
19:15:51.714     1,963s       7ms  20432    Units - 14845
19:15:52.168     2,418s     455ms  20432    Load Sprites Done
                                      Loading campaign images.rxx for HKS
19:15:52.505     2,755s     337ms   3680    Custom - 1
                                      Loading campaign images.rxx for KSN
19:15:52.614     2,863s     108ms   3680    Custom - 1
                                      Loading campaign images.rxx for KSO
19:15:52.682     2,931s      68ms   3680    Custom - 1
                                      Loading campaign images.rxx for KSU
19:15:52.754     3,003s      72ms   3680    Custom - 1
                                      Loading campaign images.rxx for OFL
19:15:52.807     3,056s      53ms   3680    Custom - 1
                                      Loading campaign images.rxx for OER
19:15:52.860     3,110s      54ms   3680    Custom - 1
                                      Loading campaign images.rxx for TBK
19:15:52.900     3,150s      40ms   3680    Custom - 1
                                      Loading campaign images.rxx for TPR
19:15:52.952     3,201s      51ms   3680    Custom - 1
                                      Loading campaign images.rxx for TSK
19:15:52.988     3,238s      37ms   3680    Custom - 1
                                      Loading campaign images.rxx for TUA
19:15:53.021     3,270s      32ms   3680    Custom - 1
                                      Loading campaign images.rxx for TMR
19:15:53.168     3,418s     148ms   3680    Custom - 1
19:15:53.270     3,520s     102ms  20432    [AsyncGameResLoader Thread] DONE Load RXX 'Units.rxa'
19:15:53.316     3,565s      45ms   2460    [AsyncGameResLoader MainTh] [UpdateStateIdle] GenTextures RT = rxUnits Stage = lsGenMain
19:15:53.373     3,623s      58ms   2460    [AsyncGameResLoader MainTh] [UpdateStateIdle] DONE
19:15:53.381     3,630s       7ms  20432    [AsyncGameResLoader Thread] RT = rxUnits Stage = lsOverload
19:15:53.387     3,637s       6ms  20432    [AsyncGameResLoader Thread] OverloadFromFolder RT = rxUnits
19:15:53.394     3,644s       7ms  20432    [AsyncGameResLoader Thread] DONE OverloadFromFolder RT = rxUnits
19:15:53.400     3,649s       5ms   2460    [AsyncGameResLoader MainTh] [UpdateStateIdle] GenTextures RT = rxUnits Stage = lsGenOverload
19:15:53.406     3,655s       5ms   2460    [AsyncGameResLoader Thread] Stopped
19:15:53.411     3,661s       6ms   2460    [AsyncGameResLoader MainTh] [UpdateStateIdle] DONE
19:15:56.097     6,346s    2685ms   2460    LoadGameResources ... AlphaShadows: True. Forced: False
19:15:56.107     6,356s      10ms   2460    Resource loading state - Game
19:15:56.129     6,380s      24ms   2460    Saving dev settings to file 'kmr_dev.xml'
19:15:56.172     6,422s      42ms   2460    <== Game creation is done ==>
19:15:56.179     6,428s       6ms   2460    GameStart
19:15:56.185     6,434s       6ms   2460    Loading DAT file: E:\programowanie\projekty delphi\kam_expansion\Maps\8.Alternatives\8.Alternatives.dat
19:15:56.190     6,440s       6ms   2460    Loading map file: E:\programowanie\projekty delphi\kam_expansion\Maps\8.Alternatives\8.Alternatives.map
19:15:56.197     6,446s       6ms   2460    Map file loaded
19:15:56.346     6,596s     150ms   2460    Gameplay recording initialized ... done
19:15:56.353     6,602s       6ms   2460    Game options: PT = 0; SpeedPT = 1; SpeedAfterPT = 1; Seed = 0; Difficulty = mdNone
19:15:56.358     6,608s       6ms   2460    Gameplay initialized ... done
19:15:56.364     6,614s       6ms   2460    After game start
19:15:56.372     6,621s       7ms   2460    Set game seed: 500916597
19:15:56.377     6,627s       6ms   2460    After game start ... done
                                      Loading campaign images.rxx for HKS
19:15:58.571     8,821s    2194ms  18500    Custom - 1
19:15:58.587     8,836s      15ms   2460    Gameplay ended - grMapEdEnd /
                                      Loading campaign images.rxx for KSN
19:15:58.659     8,908s      72ms  18500    Custom - 1
                                      Loading campaign images.rxx for KSO
19:15:58.723     8,973s      65ms  18500    Custom - 1
                                      Loading campaign images.rxx for KSU
19:15:58.778     9,028s      55ms  18500    Custom - 1
                                      Loading campaign images.rxx for OFL
19:15:58.827     9,077s      49ms  18500    Custom - 1
                                      Loading campaign images.rxx for OER
19:15:58.867     9,117s      40ms  18500    Custom - 1
                                      Loading campaign images.rxx for TBK
19:15:58.904     9,153s      36ms  18500    Custom - 1
                                      Loading campaign images.rxx for TPR
19:15:58.955     9,205s      52ms  18500    Custom - 1
                                      Loading campaign images.rxx for TSK
19:15:58.992     9,241s      36ms  18500    Custom - 1
                                      Loading campaign images.rxx for TUA
19:15:59.029     9,278s      37ms  18500    Custom - 1
                                      Loading campaign images.rxx for TMR
19:15:59.178     9,428s     150ms  18500    Custom - 1
19:16:04.764    15,014s    5586ms   2460    LoadGameResources ... AlphaShadows: True. Forced: False
19:16:04.774    15,023s       9ms   2460    Resource loading state - Game
19:16:04.797    15,047s      24ms   2460    Saving dev settings to file 'kmr_dev.xml'
19:16:04.839    15,088s      41ms   2460    <== Game creation is done ==>
19:16:04.846    15,095s       7ms   2460    GameStart
19:16:04.851    15,101s       6ms   2460    Loading DAT file: E:\programowanie\projekty delphi\kam_expansion\MapsMP\TMR07\TMR07.dat
19:16:04.858    15,107s       6ms   2460    Loading map file: E:\programowanie\projekty delphi\kam_expansion\MapsMP\TMR07\TMR07.map
19:16:04.882    15,131s      24ms   2460    Map file loaded
19:16:05.058    15,307s     176ms   2460    Gameplay recording initialized ... done
19:16:05.064    15,313s       6ms   2460    Game options: PT = 0; SpeedPT = 1; SpeedAfterPT = 1; Seed = 0; Difficulty = mdNone
19:16:05.070    15,319s       6ms   2460    Gameplay initialized ... done
19:16:05.075    15,325s       6ms   2460    After game start
19:16:05.097    15,347s      22ms   2460    Set game seed: 1996923514
19:16:05.108    15,357s      10ms   2460    After game start ... done
19:16:06.491    16,741s    1384ms   2460    Saving dev settings to file 'kmr_dev.xml'
19:16:12.015    22,265s    5524ms   2460    LoadGameResources ... AlphaShadows: True. Forced: False
19:16:12.023    22,272s       7ms   2460    Resource loading state - Game
19:16:12.047    22,296s      24ms   2460    Saving dev settings to file 'kmr_dev.xml'
19:16:12.104    22,353s      57ms   2460    <== Game creation is done ==>
19:16:12.110    22,360s       7ms   2460    GameStart
19:16:12.116    22,366s       6ms   2460    Loading DAT file: E:\programowanie\projekty delphi\kam_expansion\MapsMP\TMR07\TMR07.dat
19:16:12.123    22,372s       6ms   2460    Loading map file: E:\programowanie\projekty delphi\kam_expansion\MapsMP\TMR07\TMR07.map
19:16:12.144    22,393s      21ms   2460    Map file loaded
19:16:12.199    22,448s      54ms   2460    Gameplay recording initialized ... done
19:16:12.219    22,469s      21ms   2460    Game options: PT = 0; SpeedPT = 1; SpeedAfterPT = 1; Seed = 0; Difficulty = mdNone
19:16:12.225    22,475s       6ms   2460    Gameplay initialized ... done
19:16:12.231    22,480s       5ms   2460    After game start
19:16:12.272    22,522s      42ms   2460    Set game seed: 919428718
19:16:12.279    22,528s       6ms   2460    Saving game at tick 0 to 'E:\programowanie\projekty delphi\kam_expansion\Saves\basesave\basesave.bas'
19:16:12.286    22,535s       7ms   2460    After game start ... done
19:16:13.925    24,175s    1640ms   2460    Exception on tick 25: Access violation at address 0058AB64 in module 'KaM_Expansion.exe'. Read of address 8B55FF5B
0058ab64 KaM_Expansion.exe System               23 TObject.InheritsFrom
0058aa4e KaM_Expansion.exe System               23 @IsClass
00dd4f35 KaM_Expansion.exe KM_Units           2833 TKMUnit.IsDeadOrDying
00dfd5ff KaM_Expansion.exe KM_Houses          2186 TKMHouse.CurrentWorkersTypeCount
00b0e5c3 KaM_Expansion.exe KM_AIMayor          281 TKMayor.CheckUnitCount
00b159a3 KaM_Expansion.exe KM_AIMayor         1725 TKMayor.UpdateState
00ddc889 KaM_Expansion.exe KM_AI               660 TKMHandAI.UpdateState
00deaf14 KaM_Expansion.exe KM_Hand            3096 TKMHand.UpdateState
00db7f21 KaM_Expansion.exe KM_HandsCollection 1374 TKMHandsCollection.UpdateState
00f2c0d2 KaM_Expansion.exe KM_Game            3219 TKMGame.PlayGameTick
00f2c6d6 KaM_Expansion.exe KM_Game            3366 TKMGame.PlayNextTick
00f2b709 KaM_Expansion.exe KM_Game            3001 DoUpdateGame
00f2b80e KaM_Expansion.exe KM_Game            3025 TKMGame.UpdateGame
00d363a0 KaM_Expansion.exe KM_GameApp         1578 TKMGameApp.DoGameTick
00d3d8f1 KaM_Expansion.exe KM_Main             552 TKMMain.DoIdle
0080f6b5 KaM_Expansion.exe Vcl.Forms               TApplication.Idle
0080e737 KaM_Expansion.exe Vcl.Forms               TApplication.HandleMessage
0080ea69 KaM_Expansion.exe Vcl.Forms               TApplication.Run
00fbbb3b KaM_Expansion.exe KaM_Expansion       481 initialization
00fbbb5a KaM_Expansion.exe KaM_Expansion       483 initialization
75c17ba7 KERNEL32.DLL                              BaseThreadInitThunk
19:16:13.963    24,212s      37ms   2460    Exception occurred [EAccessViolation]: Access violation at address 0058AB64 in module 'KaM_Expansion.exe'. Read of address 8B55FF5B.
                                      ================================================================================
                                                                      START BUG REPORT                                
                                      ================================================================================
                                      date/time          : 2025-01-02, 19:16:13, 927ms
computer name      : LAPTOP-5CTTUAIM
user name          : szyby
registered owner   : szybyc@wp.pl / HP Inc.
operating system   : Windows 11 x64 build 22631
system language    : Polish
system up time     : 1 day
program up time    : 24 seconds
processors         : 12x 11th Gen Intel(R) Core(TM) i5-11400F @ 2.60GHz
physical memory    : 22700/32650 MB (free/total)
free disk space    : (C:) 176,83 GB (E:) 652,62 GB
display mode       : 1920x1080, 32 bit
process id         : $10e8
allocated memory   : 354,49 MB
largest free block : 1,77 GB
executable         : KaM_Expansion.exe
exec. date/time    : 2025-01-02 19:13
version            : 1.0.0.0
compiled with      : Delphi 11
madExcept version  : 5.1.4
callstack crc      : $886ec43f, $05c8b7ca, $6de7cb9f
exception number   : 1
exception class    : EAccessViolation
exception message  : Access violation at address 0058AB64 in module 'KaM_Expansion.exe'. Read of address 8B55FF5B.

main thread ($99c):
0058ab64 +004 KaM_Expansion.exe System               23  +0 TObject.InheritsFrom
0058aa4e +00e KaM_Expansion.exe System               23  +0 @IsClass
00dd4f35 +02d KaM_Expansion.exe KM_Units           2833  +1 TKMUnit.IsDeadOrDying
00dfd5ff +057 KaM_Expansion.exe KM_Houses          2186  +2 TKMHouse.CurrentWorkersTypeCount
00b0e5c3 +1bb KaM_Expansion.exe KM_AIMayor          281 +21 TKMayor.CheckUnitCount
00b159a3 +067 KaM_Expansion.exe KM_AIMayor         1725 +12 TKMayor.UpdateState
00ddc889 +15d KaM_Expansion.exe KM_AI               660 +26 TKMHandAI.UpdateState
00deaf14 +5e4 KaM_Expansion.exe KM_Hand            3096 +91 TKMHand.UpdateState
00db7f21 +091 KaM_Expansion.exe KM_HandsCollection 1374  +7 TKMHandsCollection.UpdateState
00f2c0d2 +1ca KaM_Expansion.exe KM_Game            3219 +43 TKMGame.PlayGameTick
00f2c6d6 +09e KaM_Expansion.exe KM_Game            3366 +15 TKMGame.PlayNextTick
00f2b709 +009 KaM_Expansion.exe KM_Game            3001  +1 DoUpdateGame
00f2b80e +0ba KaM_Expansion.exe KM_Game            3025 +15 TKMGame.UpdateGame
00d363a0 +018 KaM_Expansion.exe KM_GameApp         1578  +2 TKMGameApp.DoGameTick
00d3d8f1 +08d KaM_Expansion.exe KM_Main             552 +21 TKMMain.DoIdle
0080f6b5 +099 KaM_Expansion.exe Vcl.Forms                   TApplication.Idle
0080e737 +017 KaM_Expansion.exe Vcl.Forms                   TApplication.HandleMessage
0080ea69 +0d1 KaM_Expansion.exe Vcl.Forms                   TApplication.Run
00fbbb3b +077 KaM_Expansion.exe KaM_Expansion       481  +7 initialization
00fbbb5a +096 KaM_Expansion.exe KaM_Expansion       483  +9 initialization
75c17ba7 +017 KERNEL32.DLL                                  BaseThreadInitThunk

thread $12b0:
75c17ba7 +17 KERNEL32.DLL  BaseThreadInitThunk

thread $1b3c:
75c17ba7 +17 KERNEL32.DLL  BaseThreadInitThunk

thread $170c:
75c17ba7 +17 KERNEL32.DLL  BaseThreadInitThunk

thread $950:
74e54152 +82 KERNELBASE.dll              WaitForSingleObjectEx
74e540bd +0d KERNELBASE.dll              WaitForSingleObject
00634add +0d KaM_Expansion.exe madExcept CallThreadProcSafe
00634b42 +32 KaM_Expansion.exe madExcept ThreadExceptFrame
00634bb8 +a8 KaM_Expansion.exe madExcept ThreadExceptFrame
75c17ba7 +17 KERNEL32.DLL                BaseThreadInitThunk
>> created by main thread ($99c) at:
7a7f0276 +00 nvoglv32.dll

thread $1880:
74e54f79 +189 KERNELBASE.dll              WaitForMultipleObjectsEx
00634add +00d KaM_Expansion.exe madExcept CallThreadProcSafe
00634b42 +032 KaM_Expansion.exe madExcept ThreadExceptFrame
00634bb8 +0a8 KaM_Expansion.exe madExcept ThreadExceptFrame
75c17ba7 +017 KERNEL32.DLL                BaseThreadInitThunk
>> created by main thread ($99c) at:
762102ff +000 CRYPT32.dll

thread $2774:
74e54f79 +189 KERNELBASE.dll              WaitForMultipleObjectsEx
74e54dd3 +013 KERNELBASE.dll              WaitForMultipleObjects
00634add +00d KaM_Expansion.exe madExcept CallThreadProcSafe
00634b42 +032 KaM_Expansion.exe madExcept ThreadExceptFrame
00634bb8 +0a8 KaM_Expansion.exe madExcept ThreadExceptFrame
75c17ba7 +017 KERNEL32.DLL                BaseThreadInitThunk
>> created by main thread ($99c) at:
7a81ea4e +000 nvoglv32.dll

thread $50c0:
76cf2dbc +4c USER32.dll                  MsgWaitForMultipleObjectsEx
76d0245a +1a USER32.dll                  MsgWaitForMultipleObjects
00634add +0d KaM_Expansion.exe madExcept CallThreadProcSafe
00634b42 +32 KaM_Expansion.exe madExcept ThreadExceptFrame
00634bb8 +a8 KaM_Expansion.exe madExcept ThreadExceptFrame
75c17ba7 +17 KERNEL32.DLL                BaseThreadInitThunk
>> created by thread $950 at:
7a7ea0f7 +00 nvoglv32.dll

thread $1218:
75c17ba7 +17 KERNEL32.DLL  BaseThreadInitThunk

thread $ed0:
75c17ba7 +17 KERNEL32.DLL  BaseThreadInitThunk

thread $b90: <priority:15>
74e54f79 +189 KERNELBASE.dll              WaitForMultipleObjectsEx
74e54dd3 +013 KERNELBASE.dll              WaitForMultipleObjects
00634add +00d KaM_Expansion.exe madExcept CallThreadProcSafe
00634b42 +032 KaM_Expansion.exe madExcept ThreadExceptFrame
00634bb8 +0a8 KaM_Expansion.exe madExcept ThreadExceptFrame
75c17ba7 +017 KERNEL32.DLL                BaseThreadInitThunk
>> created by main thread ($99c) at:
687af555 +000 dsound.DLL

thread $48b4: <priority:15>
74e54f79 +189 KERNELBASE.dll              WaitForMultipleObjectsEx
74e54dd3 +013 KERNELBASE.dll              WaitForMultipleObjects
00634add +00d KaM_Expansion.exe madExcept CallThreadProcSafe
00634b42 +032 KaM_Expansion.exe madExcept ThreadExceptFrame
00634bb8 +0a8 KaM_Expansion.exe madExcept ThreadExceptFrame
75c17ba7 +017 KERNEL32.DLL                BaseThreadInitThunk
>> created by main thread ($99c) at:
687af555 +000 dsound.DLL

thread $2e78: <priority:15>
74e54152 +82 KERNELBASE.dll              WaitForSingleObjectEx
74e540bd +0d KERNELBASE.dll              WaitForSingleObject
7512857c +8c msvcrt.dll                  _endthreadex
00634add +0d KaM_Expansion.exe madExcept CallThreadProcSafe
00634b42 +32 KaM_Expansion.exe madExcept ThreadExceptFrame
00634bb8 +a8 KaM_Expansion.exe madExcept ThreadExceptFrame
75c17ba7 +17 KERNEL32.DLL                BaseThreadInitThunk
>> created by main thread ($99c) at:
7512845f +7f msvcrt.dll                  _beginthreadex

thread $25d8: <priority:2>
74e54f79 +189 KERNELBASE.dll              WaitForMultipleObjectsEx
74e54dd3 +013 KERNELBASE.dll              WaitForMultipleObjects
7512857c +08c msvcrt.dll                  _endthreadex
00634add +00d KaM_Expansion.exe madExcept CallThreadProcSafe
00634b42 +032 KaM_Expansion.exe madExcept ThreadExceptFrame
00634bb8 +0a8 KaM_Expansion.exe madExcept ThreadExceptFrame
75c17ba7 +017 KERNEL32.DLL                BaseThreadInitThunk
>> created by main thread ($99c) at:
7512845f +07f msvcrt.dll                  _beginthreadex

thread $168c: <priority:15>
74e54152 +82 KERNELBASE.dll              WaitForSingleObjectEx
751283cc +9c msvcrt.dll                  _endthread
00634add +0d KaM_Expansion.exe madExcept CallThreadProcSafe
00634b42 +32 KaM_Expansion.exe madExcept ThreadExceptFrame
00634bb8 +a8 KaM_Expansion.exe madExcept ThreadExceptFrame
75c17ba7 +17 KERNEL32.DLL                BaseThreadInitThunk
>> created by main thread ($99c) at:
75128291 +71 msvcrt.dll                  _beginthread

thread $37a8: <priority:14>
74e54f79 +189 KERNELBASE.dll              WaitForMultipleObjectsEx
74e54dd3 +013 KERNELBASE.dll              WaitForMultipleObjects
00634add +00d KaM_Expansion.exe madExcept CallThreadProcSafe
00634b42 +032 KaM_Expansion.exe madExcept ThreadExceptFrame
00634bb8 +0a8 KaM_Expansion.exe madExcept ThreadExceptFrame
75c17ba7 +017 KERNEL32.DLL                BaseThreadInitThunk
>> created by thread $14b4 at:
687c970d +000 dsound.DLL

thread $15ec: <priority:15>
00634add +0d KaM_Expansion.exe madExcept CallThreadProcSafe
00634b42 +32 KaM_Expansion.exe madExcept ThreadExceptFrame
00634bb8 +a8 KaM_Expansion.exe madExcept ThreadExceptFrame
75c17ba7 +17 KERNEL32.DLL                BaseThreadInitThunk
>> created by thread $14b4 at:
73266555 +00 winmm.dll

thread $43d4 (TKMWorkerThread):
74e54152 +082 KERNELBASE.dll                            WaitForSingleObjectEx
74e540bd +00d KERNELBASE.dll                            WaitForSingleObject
005e062e +002 KaM_Expansion.exe System.SysUtils         WaitForSyncWaitObj
005e081f +01f KaM_Expansion.exe System.SysUtils         WaitOrSignalObj
0058b6b1 +065 KaM_Expansion.exe System           23  +0 TMonitor.Wait
0058b6ee +0a2 KaM_Expansion.exe System           23  +0 TMonitor.Wait
0058b726 +022 KaM_Expansion.exe System           23  +0 TMonitor.Wait
0084c489 +0dd KaM_Expansion.exe KM_WorkerThread 153 +27 TKMWorkerThread.Execute
0084c4e1 +135 KaM_Expansion.exe KM_WorkerThread 159 +33 TKMWorkerThread.Execute
0084c55b +1af KaM_Expansion.exe KM_WorkerThread 175 +49 TKMWorkerThread.Execute
00634bf7 +02b KaM_Expansion.exe madExcept               HookedTThreadExecute
00634c62 +096 KaM_Expansion.exe madExcept               HookedTThreadExecute
006bcf71 +049 KaM_Expansion.exe System.Classes          ThreadProc
006bcfd4 +0ac KaM_Expansion.exe System.Classes          ThreadProc
0058c4b4 +028 KaM_Expansion.exe System           23  +0 ThreadWrapper
00634add +00d KaM_Expansion.exe madExcept               CallThreadProcSafe
00634b42 +032 KaM_Expansion.exe madExcept               ThreadExceptFrame
00634bb8 +0a8 KaM_Expansion.exe madExcept               ThreadExceptFrame
75c17ba7 +017 KERNEL32.DLL                              BaseThreadInitThunk
>> created by main thread ($99c) at:
006bd038 +018 KaM_Expansion.exe System.Classes          TThread.Create

thread $ebc:
74e54f79 +189 KERNELBASE.dll              WaitForMultipleObjectsEx
00634add +00d KaM_Expansion.exe madExcept CallThreadProcSafe
00634b42 +032 KaM_Expansion.exe madExcept ThreadExceptFrame
00634bb8 +0a8 KaM_Expansion.exe madExcept ThreadExceptFrame
75c17ba7 +017 KERNEL32.DLL                BaseThreadInitThunk
>> created by thread $43d4 (TKMWorkerThread) at:
75f1587e +000 combase.dll

thread $3ae8:
76cf2dbc +4c USER32.dll                  MsgWaitForMultipleObjectsEx
00634add +0d KaM_Expansion.exe madExcept CallThreadProcSafe
00634b42 +32 KaM_Expansion.exe madExcept ThreadExceptFrame
00634bb8 +a8 KaM_Expansion.exe madExcept ThreadExceptFrame
75c17ba7 +17 KERNEL32.DLL                BaseThreadInitThunk
>> created by thread $43d4 (TKMWorkerThread) at:
751c628b +00 shcore.dll

thread $25e8:
75c17ba7 +17 KERNEL32.DLL  BaseThreadInitThunk

modules:
00580000 KaM_Expansion.exe               1.0.0.0             E:\programowanie\projekty delphi\kam_expansion
038a0000 vorbis.dll                                          E:\programowanie\projekty delphi\kam_expansion
038c0000 ogg.dll                                             E:\programowanie\projekty delphi\kam_expansion
0c420000 nvgpucomp32.dll                 32.0.15.6094        C:\WINDOWS\System32\DriverStore\FileRepository\nvmd.inf_amd64_aa54f7a758543a0a
10000000 vorbisfile.dll                                      E:\programowanie\projekty delphi\kam_expansion
10af0000 OpenAL32.dll                    6.14.357.24         C:\WINDOWS\SYSTEM32
11000000 bass.dll                        2.4.8.1             E:\programowanie\projekty delphi\kam_expansion
18040000 wrap_oal.dll                    2.2.0.5             C:\WINDOWS\SYSTEM32
50010000 Windows.System.Launcher.dll     6.2.22621.4541      C:\Windows\System32
501b0000 FaultRep.dll                    6.2.22621.4541      C:\WINDOWS\SYSTEM32
681c0000 AVRT.dll                        6.2.22621.2506      C:\WINDOWS\SYSTEM32
681d0000 wdmaud.drv                      6.2.22621.3527      C:\WINDOWS\SYSTEM32
682e0000 MMDevApi.dll                    6.2.22621.4111      C:\WINDOWS\System32
68380000 ResampleDmo.DLL                 6.2.22621.2506      C:\WINDOWS\SYSTEM32
68500000 nvspcap.dll                     11.0.1.163          C:\WINDOWS\system32
68750000 ksuser.dll                      6.2.22621.1         C:\WINDOWS\SYSTEM32
68760000 msdmo.dll                       6.2.22621.1         C:\WINDOWS\SYSTEM32
68770000 dsound.DLL                      6.2.22621.3527      C:\WINDOWS\SYSTEM32
6a2e0000 Windows.UI.dll                  6.2.22621.4541      C:\Windows\System32
6afe0000 msvcp110_win.dll                6.2.22621.1         C:\Windows\System32
6b910000 winspool.drv                    6.2.22621.3810      C:\WINDOWS\SYSTEM32
6be90000 midimap.dll                     6.2.22621.2506      C:\WINDOWS\SYSTEM32
6bea0000 MSACM32.dll                     6.2.22621.1         C:\WINDOWS\SYSTEM32
6bec0000 msacm32.drv                     6.2.22621.2506      C:\WINDOWS\SYSTEM32
6bed0000 AUDIOSES.DLL                    6.2.22621.4541      C:\WINDOWS\SYSTEM32
6d510000 drvstore.dll                    6.2.22621.4541      C:\WINDOWS\SYSTEM32
6d620000 winmmbase.dll                   6.2.22621.1         C:\WINDOWS\SYSTEM32
6d650000 UMPDC.dll                       6.2.22621.1         C:\WINDOWS\SYSTEM32
6d660000 powrprof.dll                    6.2.22621.3958      C:\WINDOWS\SYSTEM32
6dbc0000 cryptnet.dll                    6.2.22621.1         C:\WINDOWS\SYSTEM32
6dc20000 rsaenh.dll                      6.2.22621.4249      C:\WINDOWS\system32
6dc50000 CRYPTSP.dll                     6.2.22621.3672      C:\WINDOWS\SYSTEM32
6e5c0000 dwmapi.dll                      6.2.22621.4541      C:\WINDOWS\SYSTEM32
6ea20000 devobj.dll                      6.2.22621.2506      C:\WINDOWS\SYSTEM32
70950000 GLU32.dll                       6.2.22621.2506      C:\WINDOWS\SYSTEM32
70df0000 opengl32.dll                    6.2.22621.4541      C:\WINDOWS\SYSTEM32
71f70000 TextShaping.dll                 6.2.22621.4541      C:\WINDOWS\SYSTEM32
72010000 CoreUIComponents.dll            6.2.22621.4541      C:\WINDOWS\SYSTEM32
722b0000 CoreMessaging.dll               6.2.22621.4541      C:\WINDOWS\SYSTEM32
72380000 textinputframework.dll          6.2.22621.4541      C:\WINDOWS\SYSTEM32
72a20000 dxcore.dll                      6.2.22621.4541      C:\WINDOWS\SYSTEM32
72dc0000 COMCTL32.dll                    6.10.22621.4541     C:\WINDOWS\WinSxS\x86_microsoft.windows.common-controls_6595b64144ccf1df_6.0.22621.4541_none_6ebe089c8800e98b
730e0000 WINSTA.dll                      6.2.22621.4541      C:\WINDOWS\SYSTEM32
73130000 winhttp.dll                     6.2.22621.4541      C:\WINDOWS\SYSTEM32
73230000 ntmarta.dll                     6.2.22621.1         C:\WINDOWS\SYSTEM32
73260000 winmm.dll                       6.2.22621.4541      C:\WINDOWS\SYSTEM32
732f0000 wldp.dll                        6.2.22621.4541      C:\WINDOWS\SYSTEM32
73340000 srvcli.dll                      6.2.22621.4249      C:\Windows\System32
73360000 iertutil.dll                    11.0.22621.4541     C:\Windows\System32
735d0000 urlmon.dll                      11.0.22621.4169     C:\Windows\System32
737a0000 cfgmgr32.dll                    6.2.22621.2506      C:\WINDOWS\SYSTEM32
737e0000 propsys.dll                     7.0.22621.4249      C:\WINDOWS\system32
738b0000 msasn1.dll                      6.2.22621.2506      C:\WINDOWS\SYSTEM32
738c0000 wsock32.dll                     6.2.22621.1         C:\WINDOWS\SYSTEM32
738d0000 SspiCli.dll                     6.2.22621.3810      C:\Windows\System32
73910000 uxtheme.dll                     6.2.22621.4541      C:\WINDOWS\system32
739b0000 SHFolder.dll                    6.2.22621.1         C:\WINDOWS\SYSTEM32
73bf0000 mssprxy.dll                     7.0.22621.4249      C:\WINDOWS\system32
73c00000 resourcepolicyclient.dll        6.2.22621.3527      C:\WINDOWS\SYSTEM32
73c10000 libvlc.dll                      3.0.8.0             E:\programowanie\projekty delphi\kam_expansion\lib\vlc
73c40000 libvlccore.dll                  3.0.8.0             E:\programowanie\projekty delphi\kam_expansion\lib\vlc
740d0000 kernel.appcore.dll              6.2.22621.3958      C:\WINDOWS\SYSTEM32
740f0000 netutils.dll                    6.2.22621.2506      C:\Windows\System32
74120000 version.dll                     6.2.22621.1         C:\WINDOWS\SYSTEM32
743b0000 profapi.dll                     6.2.22621.4541      C:\WINDOWS\SYSTEM32
743e0000 wintypes.dll                    6.2.22621.3810      C:\WINDOWS\SYSTEM32
744b0000 windows.storage.dll             6.2.22621.4601      C:\WINDOWS\SYSTEM32
74c50000 CRYPTBASE.DLL                   6.2.22621.1         C:\WINDOWS\SYSTEM32
74c80000 wtsapi32.dll                    6.2.22621.1         C:\WINDOWS\SYSTEM32
74d10000 KERNELBASE.dll                  6.2.22621.4601      C:\WINDOWS\System32
74fa0000 ucrtbase.dll                    6.2.22621.3593      C:\WINDOWS\System32
750c0000 msvcrt.dll                      7.0.22621.2506      C:\WINDOWS\System32
75190000 shcore.dll                      6.2.22621.4541      C:\WINDOWS\System32
75260000 oleaut32.dll                    6.2.22621.3672      C:\WINDOWS\System32
75470000 win32u.dll                      6.2.22621.4460      C:\WINDOWS\System32
75490000 SHELL32.dll                     6.2.22621.4541      C:\WINDOWS\System32
75b40000 RPCRT4.dll                      6.2.22621.4249      C:\WINDOWS\System32
75c00000 KERNEL32.DLL                    6.2.22621.4391      C:\WINDOWS\System32
75cf0000 gdi32full.dll                   6.2.22621.4601      C:\WINDOWS\System32
75e80000 combase.dll                     6.2.22621.4601      C:\WINDOWS\System32
76110000 WINTRUST.dll                    6.2.22621.4541      C:\WINDOWS\System32
76170000 msvcp_win.dll                   6.2.22621.3374      C:\WINDOWS\System32
761f0000 CRYPT32.dll                     6.2.22621.4541      C:\WINDOWS\System32
76300000 GDI32.dll                       6.2.22621.4036      C:\WINDOWS\System32
76330000 SETUPAPI.dll                    6.2.22621.2506      C:\WINDOWS\System32
76770000 coml2.dll                       6.2.22621.3672      C:\WINDOWS\System32
767e0000 MSCTF.dll                       6.2.22621.4601      C:\WINDOWS\System32
768f0000 ole32.dll                       6.2.22621.3958      C:\WINDOWS\System32
76a50000 bcrypt.dll                      6.2.22621.2506      C:\WINDOWS\System32
76a80000 advapi32.dll                    6.2.22621.4391      C:\WINDOWS\System32
76b00000 sechost.dll                     6.2.22621.4541      C:\WINDOWS\System32
76b90000 WS2_32.dll                      6.2.22621.1         C:\WINDOWS\System32
76bf0000 clbcatq.dll                     2001.12.10941.16384 C:\WINDOWS\System32
76c80000 shlwapi.dll                     6.2.22621.4541      C:\WINDOWS\System32
76cd0000 USER32.dll                      6.2.22621.4601      C:\WINDOWS\System32
76e80000 comdlg32.dll                    6.2.22621.4541      C:\WINDOWS\System32
76f40000 imagehlp.dll                    6.2.22621.1         C:\WINDOWS\System32
76f60000 IMM32.DLL                       6.2.22621.3374      C:\WINDOWS\System32
76ff0000 PSAPI.dll                       6.2.22621.1         C:\WINDOWS\System32
77010000 bcryptPrimitives.dll            6.2.22621.4317      C:\WINDOWS\System32
77090000 ntdll.dll                       6.2.22621.4541      C:\WINDOWS\SYSTEM32
775a0000 AppXDeploymentClient.dll        6.2.22621.4541      C:\Windows\System32
77fe0000 windows.staterepositorycore.dll 6.2.22621.4036      C:\WINDOWS\SYSTEM32
79fe0000 nvoglv32.dll                    32.0.15.6094        C:\WINDOWS\System32\DriverStore\FileRepository\nvmd.inf_amd64_aa54f7a758543a0a
7ba80000 Windows.FileExplorer.Common.dll 6.2.22621.4541      C:\Windows\System32
7bbd0000 Windows.StateRepositoryPS.dll   6.2.22621.4036      C:\Windows\System32

hardware:
+ {1ed2bbf9-11f0-4084-b21f-ad83a8e6dcdc}
  - Fax
  - G³ówna kolejka wydruku
  - HP Smart Printing
  - Microsoft Print to PDF
  - Microsoft XPS Document Writer
+ {36fc9e60-c465-11cf-8056-444553540000}
  - G³ówny koncentrator USB (USB 3.0)
  - Intel(R) USB 3.20 eXtensible Host Controller - 1.20 (Microsoft)
  - Rodzajowy koncentrator USB
  - Rodzajowy koncentrator USB
  - Rodzajowy koncentrator USB SuperSpeed
  - Urz¹dzenie kompozytowe USB
  - Urz¹dzenie kompozytowe USB
+ {4d36e966-e325-11ce-bfc1-08002be10318}
  - Komputer oparty na architekturze x64 obs³uguj¹cy interfejs ACPI
  - Micro-Star International Co., Ltd. MS-7D15
+ {4d36e967-e325-11ce-bfc1-08002be10318}
  - KXG60ZNV512G KIOXIA
  - Samsung SSD 980 1TB
+ {4d36e968-e325-11ce-bfc1-08002be10318}
  - NVIDIA GeForce RTX 3060 Ti (driver 32.0.15.6094)
+ {4d36e96a-e325-11ce-bfc1-08002be10318}
  - Standardowy kontroler SATA AHCI
+ {4d36e96b-e325-11ce-bfc1-08002be10318}
  - Urz¹dzenie klawiatury HID
  - Urz¹dzenie klawiatury HID
+ {4d36e96c-e325-11ce-bfc1-08002be10318}
  - NVIDIA High Definition Audio (driver 1.4.0.1)
  - NVIDIA Virtual Audio Device (Wave Extensible) (WDM) (driver 4.65.0.3)
  - Urz¹dzenie zgodne ze standardem High Definition Audio
+ {4d36e96e-e325-11ce-bfc1-08002be10318}
  - Generic Monitor (Smart TV)
+ {4d36e96f-e325-11ce-bfc1-08002be10318}
  - Mysz zgodna z HID
+ {4d36e972-e325-11ce-bfc1-08002be10318}
  - Microsoft Kernel Debug Network Adapter
  - Realtek Gaming 2.5GbE Family Controller (driver 10.71.312.2024)
  - WAN Miniport (IKEv2)
  - WAN Miniport (IP)
  - WAN Miniport (IPv6)
  - WAN Miniport (L2TP)
  - WAN Miniport (Network Monitor)
  - WAN Miniport (PPPOE)
  - WAN Miniport (PPTP)
  - WAN Miniport (SSTP)
+ {4d36e97b-e325-11ce-bfc1-08002be10318}
  - Kontroler miejsc do magazynowania firmy Microsoft
  - Standardowy kontroler NVM Express
  - Standardowy kontroler NVM Express
  - Xvdd SCSI Miniport (driver 10.0.22020.1)
+ {4d36e97d-e325-11ce-bfc1-08002be10318}
  - Agregator procesora systemu ACPI
  - Alarm wznawiania ACPI
  - AMD Crash Defender (driver 22.20.0.2)
  - Aplikacja zbieraj¹ca informacje o oprogramowaniu urz¹dzeñ Plug and Play
  - Ch³odzenie ACPI
  - Ch³odzenie ACPI
  - Ch³odzenie ACPI
  - Ch³odzenie ACPI
  - Ch³odzenie ACPI
  - Czasomierz systemowy
  - Czasomierz zdarzeniowy wysokiej precyzji
  - Intel(R) GNA - 4C11 (driver 10.1.41.5)
  - Intel(R) Host Bridge/DRAM Registers - 4C53 (driver 10.1.41.5)
  - Intel(R) LPC Controller (B560) - 4387 (driver 10.1.34.10)
  - Intel(R) Management Engine Interface #1 (driver 2131.1.4.0)
  - Intel(R) PCI Express Root Port #21 - 43C4 (driver 10.1.34.10)
  - Intel(R) PCI Express Root Port #6 - 43BD (driver 10.1.34.10)
  - Intel(R) PCI Express Root Port #9 - 43B0 (driver 10.1.34.10)
  - Intel(R) PEG10 - 4C01 (driver 10.1.41.5)
  - Intel(R) Serial IO GPIO Host Controller - INT34C6 (driver 30.100.2051.37)
  - Intel(R) Shared SRAM - 43EF (driver 10.1.34.10)
  - Intel(R) SPI (flash) Controller - 43A4 (driver 10.1.34.10)
  - Intel(R) Watchdog Timer Driver (Intel(R) WDT) (driver 11.7.0.1000)
  - Interfejs zarz¹dzania Microsoft Windows dla ACPI
  - Interfejs zarz¹dzania Microsoft Windows dla ACPI
  - Interfejs zarz¹dzania Microsoft Windows dla ACPI
  - Interfejs zarz¹dzania Microsoft Windows dla ACPI
  - Interfejs zarz¹dzania Microsoft Windows dla ACPI
  - Kontroler zgodny ze standardem High Definition Audio
  - Kontroler zgodny ze standardem High Definition Audio
  - Magistrala readresatora urz¹dzeñ us³ug pulpitu zdalnego
  - Mened¿er woluminów
  - Modu³ wyliczaj¹cy dysku wirtualnego firmy Microsoft
  - Modu³ wyliczaj¹cy magistrali g³ównej UMBus
  - Modu³ wyliczaj¹cy magistrali kompozytowej
  - Modu³ wyliczaj¹cy wirtualnej karty sieciowej NDIS
  - Podstawowy sterownik ekranu firmy Microsoft
  - Podstawowy sterownik renderowania firmy Microsoft
  - Procesor numeryczny
  - Programowalny kontroler przerwañ
  - Przycisk ACPI Fixed Feature
  - Przycisk uœpienia ACPI
  - Przycisk zasilania ACPI
  - Serwer PCI funkcji Microsoft Hyper-V
  - Sterownik BIOS zarz¹dzania systemem firmy Microsoft
  - Sterownik infrastruktury wirtualizacji funkcji Microsoft Hyper-V
  - Sterownik wybierania Ÿród³a ³adowania
  - Strefa termiczna ACPI
  - Synaptics SMBus Driver (driver 19.5.19.95)
  - System zgodny ze standardem Microsoft ACPI
  - System zgodny ze standardem Microsoft UEFI
  - Us³uga hosta funkcji hypervisor firmy Microsoft
  - Wtyczka aparatu zasilania firmy Intel(R)
  - Zasoby p³yty g³ównej
  - Zasoby p³yty g³ównej
  - Zasoby p³yty g³ównej
  - Zasoby p³yty g³ównej
  - Zasoby p³yty g³ównej
  - Zasoby p³yty g³ównej
  - Zasoby p³yty g³ównej
  - Zasoby p³yty g³ównej
  - Zespó³ g³ówny PCI Express
+ {50127dc3-0f36-415e-a6cc-4cb3be910b65}
  - 11th Gen Intel(R) Core(TM) i5-11400F @ 2.60GHz
  - 11th Gen Intel(R) Core(TM) i5-11400F @ 2.60GHz
  - 11th Gen Intel(R) Core(TM) i5-11400F @ 2.60GHz
  - 11th Gen Intel(R) Core(TM) i5-11400F @ 2.60GHz
  - 11th Gen Intel(R) Core(TM) i5-11400F @ 2.60GHz
  - 11th Gen Intel(R) Core(TM) i5-11400F @ 2.60GHz
  - 11th Gen Intel(R) Core(TM) i5-11400F @ 2.60GHz
  - 11th Gen Intel(R) Core(TM) i5-11400F @ 2.60GHz
  - 11th Gen Intel(R) Core(TM) i5-11400F @ 2.60GHz
  - 11th Gen Intel(R) Core(TM) i5-11400F @ 2.60GHz
  - 11th Gen Intel(R) Core(TM) i5-11400F @ 2.60GHz
  - 11th Gen Intel(R) Core(TM) i5-11400F @ 2.60GHz
+ {533c5b84-ec70-11d2-9505-00c04f79deaf}
  - Rodzajowa kopia w tle woluminów
  - Rodzajowa kopia w tle woluminów
  - Rodzajowa kopia w tle woluminów
  - Rodzajowa kopia w tle woluminów
  - Rodzajowa kopia w tle woluminów
  - Rodzajowa kopia w tle woluminów
+ {5c4c3332-344d-483c-8739-259e934c9cc8}
  - Intel(R) Dynamic Application Loader Host Interface (driver 1.44.2023.710)
  - Intel(R) iCLS Client (driver 1.71.99.0)
  - Intel(R) Management Engine WMI Provider (driver 2408.5.4.0)
+ {62f9c741-b25a-46ce-b54c-9bccce08b6f2}
  - LAPTOP-5CTTUAIM: szybyc@wp.pl:
  - Microsoft Device Association Root Enumerator
  - Microsoft Radio Device Enumeration Bus
  - Microsoft RRAS Root Enumerator
  - POLSATBOX4KLITE-
  - Syntezator SW Microsoft GS Wavetable
+ {745a17a0-74d3-11d0-b6fe-00a0c90f57da}
  - Kontroler systemu zgodny z HID
  - Kontroler systemu zgodny z HID
  - Urz¹dzenie steruj¹ce u¿ytkownika zgodne z HID
  - Urz¹dzenie steruj¹ce u¿ytkownika zgodne z HID
  - Urz¹dzenie wejœciowe USB
  - Urz¹dzenie wejœciowe USB
  - Urz¹dzenie wejœciowe USB
  - Urz¹dzenie wejœciowe USB
  - Urz¹dzenie wejœciowe USB
  - Urz¹dzenie zdefiniowane przez dostawcê zgodne z HID
  - Urz¹dzenie zdefiniowane przez dostawcê zgodne z HID
  - Urz¹dzenie zgodne z HID
+ {c166523c-fe0c-4a94-a586-f1a80cfbbf3e}
  - Cyfrowe urz¹dzenie audio (S/PDIF) (High Definition Audio Device)
  - Mikrofon (High Definition Audio Device)
  - Smart TV (NVIDIA High Definition Audio)
  - S³uchawki (High Definition Audio Device)
+ {f2e7dd72-6468-4e36-b6f1-6488f42c1b52}
  - Oprogramowanie uk³adowe urz¹dzenia

cpu registers:
eax = 8b55ff8b
ebx = 03a33f81
ecx = 00000000
edx = 00c32bc8
esi = 00c32bc8
edi = 00fbbac4
eip = 0058ab64
esp = 01c3f96c
ebp = 01c3f984

stack dump:
01c3f96c  53 aa 58 00 c4 ba fb 00 - 00 00 00 00 3a 4f dd 00  S.X.........:O..
01c3f97c  26 f2 df 00 f8 3e a3 03 - a4 f9 c3 01 04 d6 df 00  &....>..........
01c3f98c  01 00 00 00 f8 3e a3 03 - 01 00 00 00 00 00 00 00  .....>..........
01c3f99c  00 7f 3e 16 40 fa c3 01 - ac fa c3 01 c8 e5 b0 00  ..>.@...........
01c3f9ac  b4 fa c3 01 9c bb 58 00 - ac fa c3 01 20 4c 61 09  ......X..... La.
01c3f9bc  d0 f9 c3 01 c1 3d dd 00 - 00 00 00 02 08 c6 54 24  .....=........T$
01c3f9cc  b0 c5 54 24 00 00 00 00 - 00 00 00 00 00 00 00 00  ..T$............
01c3f9dc  00 00 00 00 00 00 00 00 - 00 00 00 00 00 00 00 00  ................
01c3f9ec  00 00 00 00 00 00 00 00 - 00 00 00 00 00 00 00 00  ................
01c3f9fc  00 00 00 00 00 00 00 00 - 00 00 00 00 00 00 00 00  ................
01c3fa0c  00 00 00 00 00 00 00 00 - 00 00 00 00 01 00 00 00  ................
01c3fa1c  00 00 00 00 78 00 01 01 - 04 00 00 00 05 00 00 00  ....x...........
01c3fa2c  b8 11 65 16 20 ca fe 15 - 02 00 00 00 00 00 00 00  ..e. ...........
01c3fa3c  0d 00 00 00 00 00 00 00 - 00 7f 3e 16 e0 7a fa 00  ..........>..z..
01c3fa4c  00 00 00 00 00 00 00 00 - ae 0a e0 00 00 00 00 00  ................
01c3fa5c  8c fa c3 01 03 00 00 00 - 00 e3 2c 24 20 ca fe 15  ..........,$ ...
01c3fa6c  00 00 00 00 00 00 00 00 - 00 00 00 00 00 00 00 00  ................
01c3fa7c  00 00 00 00 00 00 00 00 - 00 00 00 00 00 00 00 00  ................
01c3fa8c  00 00 00 00 00 00 00 00 - 00 00 00 00 00 00 00 00  ................
01c3fa9c  00 00 00 00 00 00 00 00 - 00 00 00 00 00 00 00 00  ................

disassembling:
0058ab60    public System.TObject.InheritsFrom:  ; function entry point
0058ab60 23   cmp     eax, edx
0058ab62      jz      loc_58ab6f
0058ab64    > mov     eax, [eax-$30]
0058ab67      test    eax, eax
0058ab69      jz      loc_58ab71
0058ab6b      mov     eax, [eax]
0058ab6d      jmp     public System.TObject.InheritsFrom
0058ab6f      mov     al, 1
0058ab71      ret
                                      ================================================================================
                                                                       END BUG REPORT                                 
                                      ================================================================================
19:16:14.243    24,493s     281ms   2460    Creating crash report...
19:16:14.250    24,499s       6ms   2460    Saving game at tick 25 to 'E:\programowanie\projekty delphi\kam_expansion\Saves\crashreport\crashreport.sav'
19:16:14.610    24,859s     360ms   2460    Attached file: E:\programowanie\projekty delphi\kam_expansion\Saves\crashreport\crashreport.sav
19:16:14.617    24,867s       8ms   2460    Attached file: E:\programowanie\projekty delphi\kam_expansion\Saves\crashreport\crashreport.bas
19:16:14.625    24,875s       8ms   2460    Attached file: E:\programowanie\projekty delphi\kam_expansion\Saves\crashreport\crashreport.rpl
19:16:14.633    24,883s       8ms   2460    Attached file: E:\programowanie\projekty delphi\kam_expansion\Saves\crashreport\crashreport.rng
19:16:14.640    24,889s       6ms   2460    Attached file: E:\programowanie\projekty delphi\kam_expansion\MapsMP\TMR07\TMR07.dat
19:16:14.647    24,897s       8ms   2460    Attached file: E:\programowanie\projekty delphi\kam_expansion\MapsMP\TMR07\TMR07.map
19:16:14.653    24,903s       6ms   2460    Attached file: E:\programowanie\projekty delphi\kam_expansion\MapsMP\TMR07\TMR07.txt
19:16:14.661    24,910s       7ms   2460    Attached file: E:\programowanie\projekty delphi\kam_expansion\MapsMP\TMR07\TMR07.script
19:16:14.668    24,918s       8ms   2460    Attached file: E:\programowanie\projekty delphi\kam_expansion\MapsMP\TMR07\TMR07.pol.libx
19:16:14.675    24,925s       7ms   2460    Crash report created
19:16:14.681    24,930s       5ms   2460    UI at crash time: MainPanel sizes: (1920;1009), cursor pos: (471;292), 
CtrlDown = nil
CtrlOver = nil
CtrlUp = ID=32 ParentID=0 Class=TKMButton AbsPos: (154;248) Pos: (154;248) Sizes: [26;19]
CtrlFocus = nil
19:16:14.687    24,937s       7ms   2460    Attached file: E:\programowanie\projekty delphi\kam_expansion\Logs\KaM_2025-01-02_19-15-49-750.log
19:16:14.694    24,944s       7ms   2460    Attached file: C:\Users\szyby\OneDrive\Dokumenty\My Games\Knights and Merchants Remake\KaM Remake Settings KingDyronMod.xml
