   Timestamp    Elapsed     Delta  Thread    Description
========================
    Date: 2025.01.06
========================
13:21:24.145     0,001s       1ms   3752    Log is up and running. Game version: KaM Expansion: Co-op & World Update
13:21:24.152     0,007s       6ms   3752    Game Load started
13:21:24.176     0,031s      24ms   3752    Start loading 'GameApp settings' from 'C:\Users\szyby\OneDrive\Dokumenty\My Games\Knights and Merchants Remake\KaM Remake Settings KingDyronMod.xml'
13:21:24.182     0,037s       6ms   3752    'GameApp settings' was successfully loaded from 'C:\Users\szyby\OneDrive\Dokumenty\My Games\Knights and Merchants Remake\KaM Remake Settings KingDyronMod.xml'
13:21:24.198     0,053s       4ms   3752    Start saving 'GameApp settings' to 'C:\Users\szyby\OneDrive\Dokumenty\My Games\Knights and Merchants Remake\KaM Remake Settings KingDyronMod.xml'
00858b84 KaM_Expansion.exe KM_Settings        106 TKMSettings.SaveToDefaultFile
00858c57 KaM_Expansion.exe KM_Settings        113 TKMSettings.SaveToDefaultFile
00858855 KaM_Expansion.exe KM_Settings         59 TKMSettings.Create
00858f92 KaM_Expansion.exe KM_SettingsXML      38 TKMSettingsXML.Create
008592d3 KaM_Expansion.exe KM_GameAppSettings  51 TKMGameAppSettings.Create
00a6fd40 KaM_Expansion.exe KM_Main            258 TKMMain.Start
00a6ffaf KaM_Expansion.exe KM_Main            305 TKMMain.Start
00cf9b2b KaM_Expansion.exe KaM_Expansion      480 initialization
00cf9b5a KaM_Expansion.exe KaM_Expansion      483 initialization
76c97ba7 KERNEL32.DLL                             BaseThreadInitThunk

13:21:24.237     0,092s      38ms   3752    'GameApp settings' was successfully saved to 'C:\Users\szyby\OneDrive\Dokumenty\My Games\Knights and Merchants Remake\KaM Remake Settings KingDyronMod.xml'
13:21:24.277     0,133s      41ms   3752    Start loading 'Server settings' from 'C:\Users\szyby\OneDrive\Dokumenty\My Games\Knights and Merchants Remake\KaM Remake Server Settings.ini'
13:21:24.284     0,139s       6ms   3752    'Server settings' was successfully loaded from 'C:\Users\szyby\OneDrive\Dokumenty\My Games\Knights and Merchants Remake\KaM Remake Server Settings.ini'
13:21:24.292     0,147s       8ms   3752    Start saving 'Server settings' to 'C:\Users\szyby\OneDrive\Dokumenty\My Games\Knights and Merchants Remake\KaM Remake Server Settings.ini'
00858b84 KaM_Expansion.exe KM_Settings       106 TKMSettings.SaveToDefaultFile
00858c57 KaM_Expansion.exe KM_Settings       113 TKMSettings.SaveToDefaultFile
00858855 KaM_Expansion.exe KM_Settings        59 TKMSettings.Create
00999148 KaM_Expansion.exe KM_ServerSettings 109 TKMServerSettings.Create
00a6524b KaM_Expansion.exe KM_GameApp        213 TKMGameApp.Create
00a65576 KaM_Expansion.exe KM_GameApp        298 TKMGameApp.Create
00a70fb6 KaM_Expansion.exe KM_Main           635 TKMMain.ReinitRender
00a711c2 KaM_Expansion.exe KM_Main           689 TKMMain.ReinitRender
00a6fe56 KaM_Expansion.exe KM_Main           281 TKMMain.Start
00a6ffaf KaM_Expansion.exe KM_Main           305 TKMMain.Start
00cf9b2b KaM_Expansion.exe KaM_Expansion     480 initialization
00cf9b5a KaM_Expansion.exe KaM_Expansion     483 initialization
76c97ba7 KERNEL32.DLL                            BaseThreadInitThunk

13:21:24.304     0,159s      12ms   3752    'Server settings' was successfully saved to 'C:\Users\szyby\OneDrive\Dokumenty\My Games\Knights and Merchants Remake\KaM Remake Server Settings.ini'
13:21:24.311     0,166s       7ms   3752    Init Render started
13:21:24.693     0,548s     382ms   3752    GL_MAX_TEXTURE_SIZE = 32768
13:21:24.700     0,556s       8ms   3752    GL_MAX_VIEWPORT_DIM = 32768
                                      OpenGL Vendor: NVIDIA Corporation
                                      OpenGL Renderer: NVIDIA GeForce RTX 3060 Ti/PCIe/SSE2
                                      OpenGL Version: 4.6.0 NVIDIA 560.94
13:21:24.726     0,581s      25ms   3752    Init Render Done
13:21:24.733     0,588s       7ms   3752    Resource loading state - None
13:21:24.740     0,596s       8ms   3752    Reading palettes ... done
13:21:24.749     0,604s       8ms   3752    Reading GUI.rx
13:21:24.757     0,612s       8ms   3752    Load Sprites started
13:21:24.763     0,619s       7ms   3752    GUI - 971
13:21:24.780     0,636s      17ms   3752    Load Sprites Done
13:21:24.815     0,671s      35ms   3752    Reading GUIMain.rx
13:21:24.823     0,678s       7ms   3752    Load Sprites started
13:21:24.829     0,685s       7ms   3752    GUIMain - 105
13:21:24.882     0,737s      52ms   3752    Load Sprites Done
13:21:24.936     0,791s      54ms   3752    Reading Tileset.rx
13:21:24.944     0,799s       8ms   3752    Load Sprites started
13:21:24.950     0,805s       6ms   3752    Tileset - 5449
13:21:24.964     0,819s      14ms   3752    Load Sprites Done
13:21:24.970     0,826s       7ms   3752    GenerateTerrainTransitions started. Legacy = False
13:21:24.977     0,832s       6ms   3752    TexId = 5451 GenTilesCnt = 2100
13:21:24.984     0,839s       7ms   3752    TexId = 6051; TexId - fGenTexIdStartI = 600; uniqueTex = 600; totalTex = 1350
13:21:24.990     0,845s       6ms   3752    GeneratedMasks cnt = 20
13:21:24.997     0,852s       6ms   3752    GenerateTerrainTransitions Done
13:21:25.004     0,859s       7ms   3752    GenerateTerrainTransitions started. Legacy = True
13:21:25.010     0,865s       6ms   3752    Legacy: TexId = 4999 GenTilesCntTemp = 2030
13:21:25.017     0,872s       7ms   3752    TexId = 5463; TexId - fGenTexIdStartILegacy = 464; uniqueTex = 464; totalTex = 1044
13:21:25.025     0,881s       9ms   3752    GeneratedMasks cnt = 16
13:21:25.033     0,888s       7ms   3752    GenerateTerrainTransitions Done
13:21:25.146     1,001s     113ms   3752    Load font started
13:21:25.183     1,038s      37ms   3752    Font load took 37ms
13:21:25.190     1,045s       7ms   3752    Read fonts is done
13:21:25.209     1,064s      19ms   3752    ReadGFX is done
13:21:25.216     1,071s       7ms   3752    Resource loading state - Menu
13:21:25.229     1,084s      13ms   2908    OpenAL init started
13:21:25.375     1,230s     146ms   3752    Music init done, 24 tracks found
                                      Loading campaign images.rxx for HKS
13:21:25.516     1,371s     141ms  15404    Custom - 1
13:21:25.536     1,391s      20ms   3752    Main menu init done
13:21:25.551     1,406s      15ms   2908    Pre-LoadSFX init ... done
13:21:25.557     1,413s       7ms   2908    ALC_MONO_SOURCES 255
13:21:25.565     1,420s       6ms   2908    ALC_STEREO_SOURCES 1
13:21:25.572     1,427s       7ms   2908    OpenAL init done
13:21:25.586     1,441s      14ms   3752    Check game folder 'E:\programowanie\projekty delphi\kam_expansion\' generic permissions: READ: granted; WRITE: granted; EXECUTE: granted; folder is writable: 
13:21:25.593     1,448s       7ms   3752    LoadGameResources ... AlphaShadows: True. Forced: True
13:21:25.600     1,455s       7ms   3752    TKMResSprites.LoadGameResources
13:21:25.608     1,464s       9ms   3752    [AsyncGameResLoader Thread] Started
13:21:25.623     1,478s      14ms   3752    Resource loading state - Game
13:21:25.630     1,485s       7ms  13276    [AsyncGameResLoader Thread] RT = rxTrees Stage = lsLoad
13:21:25.637     1,492s       7ms   3752    ToggleFullscreen
13:21:25.644     1,499s       7ms   3752    Form Width/Height: 1040:759
13:21:25.650     1,505s       6ms   3752    Panel Width/Height: 1024:720
13:21:25.657     1,512s       7ms  13276    [AsyncGameResLoader Thread] Start Load RXX 'Trees.rxx'
13:21:25.665     1,520s       8ms  13276    Load Sprites started
13:21:25.671     1,526s       6ms  13276    Trees - 1227
13:21:25.691     1,546s      20ms   3752    Saving dev settings to file 'kmr_dev.xml'
                                      Loading campaign images.rxx for KSN
13:21:25.720     1,576s      29ms  15404    Custom - 1
13:21:25.741     1,597s      21ms   3752    Saving dev settings to file 'kmr_dev.xml'
13:21:25.748     1,604s       7ms   3752    Game Load Done in 1651
                                      Loading campaign images.rxx for KSO
13:21:25.810     1,665s      61ms  15404    Custom - 1
13:21:25.838     1,694s      29ms  13276    Load Sprites Done
                                      Loading campaign images.rxx for KSU
13:21:25.873     1,728s      34ms  15404    Custom - 1
                                      Loading campaign images.rxx for OFL
13:21:25.924     1,779s      51ms  15404    Custom - 1
13:21:25.938     1,794s      15ms  13276    [AsyncGameResLoader Thread] DONE Load RXX 'Trees.rxa'
13:21:25.954     1,810s      16ms   3752    [AsyncGameResLoader MainTh] [UpdateStateIdle] GenTextures RT = rxTrees Stage = lsGenMain
13:21:25.966     1,821s      11ms   3752    [AsyncGameResLoader MainTh] [UpdateStateIdle] DONE
13:21:25.973     1,829s       8ms  13276    [AsyncGameResLoader Thread] RT = rxTrees Stage = lsOverload
13:21:25.980     1,835s       6ms  13276    [AsyncGameResLoader Thread] OverloadFromFolder RT = rxTrees
                                      Loading campaign images.rxx for OER
13:21:25.994     1,849s      14ms  13276    [AsyncGameResLoader Thread] DONE OverloadFromFolder RT = rxTrees
13:21:26.001     1,857s       7ms  15404    Custom - 1
13:21:26.009     1,864s       6ms   3752    [AsyncGameResLoader MainTh] [UpdateStateIdle] GenTextures RT = rxTrees Stage = lsGenOverload
13:21:26.017     1,872s       8ms   3752    [AsyncGameResLoader MainTh] [UpdateStateIdle] DONE
13:21:26.024     1,880s       8ms  13276    [AsyncGameResLoader Thread] RT = rxHouses Stage = lsLoad
13:21:26.032     1,887s       7ms  13276    [AsyncGameResLoader Thread] Start Load RXX 'Houses.rxx'
13:21:26.039     1,894s       6ms  13276    Load Sprites started
                                      Loading campaign images.rxx for TBK
13:21:26.053     1,908s      14ms  13276    Houses - 2710
13:21:26.060     1,916s       8ms  15404    Custom - 1
                                      Loading campaign images.rxx for TPR
13:21:26.127     1,982s      66ms  15404    Custom - 1
13:21:26.134     1,989s       7ms  13276    Load Sprites Done
                                      Loading campaign images.rxx for TSK
13:21:26.181     2,036s      47ms  15404    Custom - 1
                                      Loading campaign images.rxx for TUA
13:21:26.220     2,075s      39ms  15404    Custom - 1
13:21:26.289     2,144s      69ms  13276    [AsyncGameResLoader Thread] DONE Load RXX 'Houses.rxa'
13:21:26.316     2,171s      27ms   3752    [AsyncGameResLoader MainTh] [UpdateStateIdle] GenTextures RT = rxHouses Stage = lsGenMain
13:21:26.333     2,188s      17ms   3752    [AsyncGameResLoader MainTh] [UpdateStateIdle] DONE
13:21:26.341     2,196s       8ms  13276    [AsyncGameResLoader Thread] RT = rxHouses Stage = lsOverload
13:21:26.348     2,203s       7ms  13276    [AsyncGameResLoader Thread] OverloadFromFolder RT = rxHouses
13:21:26.355     2,210s       7ms  13276    [AsyncGameResLoader Thread] DONE OverloadFromFolder RT = rxHouses
13:21:26.390     2,245s      35ms   3752    [AsyncGameResLoader MainTh] [UpdateStateIdle] GenTextures RT = rxHouses Stage = lsGenOverload
13:21:26.397     2,252s       7ms   3752    [AsyncGameResLoader MainTh] [UpdateStateIdle] DONE
13:21:26.403     2,258s       6ms  13276    [AsyncGameResLoader Thread] RT = rxUnits Stage = lsLoad
13:21:26.410     2,265s       7ms  13276    [AsyncGameResLoader Thread] Start Load RXX 'Units.rxx'
13:21:26.416     2,271s       6ms  13276    Load Sprites started
                                      Loading campaign images.rxx for TMR
13:21:26.429     2,284s      13ms  13276    Units - 15213
13:21:26.436     2,291s       7ms  15404    Custom - 1
13:21:26.943     2,798s     507ms  13276    Load Sprites Done
13:21:28.110     3,965s    1167ms  13276    [AsyncGameResLoader Thread] DONE Load RXX 'Units.rxa'
13:21:28.121     3,976s      11ms   3752    [AsyncGameResLoader MainTh] [UpdateStateIdle] GenTextures RT = rxUnits Stage = lsGenMain
13:21:28.194     4,049s      73ms   3752    [AsyncGameResLoader MainTh] [UpdateStateIdle] DONE
13:21:28.203     4,058s       9ms  13276    [AsyncGameResLoader Thread] RT = rxUnits Stage = lsOverload
13:21:28.210     4,065s       7ms  13276    [AsyncGameResLoader Thread] OverloadFromFolder RT = rxUnits
13:21:28.216     4,071s       6ms  13276    [AsyncGameResLoader Thread] DONE OverloadFromFolder RT = rxUnits
13:21:28.223     4,078s       7ms   3752    [AsyncGameResLoader MainTh] [UpdateStateIdle] GenTextures RT = rxUnits Stage = lsGenOverload
13:21:28.237     4,092s      14ms   3752    [AsyncGameResLoader Thread] Stopped
13:21:28.244     4,099s       7ms   3752    [AsyncGameResLoader MainTh] [UpdateStateIdle] DONE
13:21:28.640     4,495s     396ms   9592    Error while loading game info from save of unsupported version r15833
13:21:28.648     4,503s       8ms   9592    Error while loading game info from save of unsupported version r15833
13:21:28.655     4,510s       7ms   9592    Error while loading game info from save of unsupported version r15833
13:21:28.662     4,517s       7ms   9592    Error while loading game info from save of unsupported version r15833
13:21:28.668     4,523s       6ms   9592    Error while loading game info from save of unsupported version r15833
13:21:28.674     4,529s       6ms   9592    Error while loading game info from save of unsupported version r15833
13:21:28.681     4,536s       7ms   9592    Error while loading game info from save of unsupported version r15833
13:21:28.687     4,542s       6ms   9592    Error while loading game info from save of unsupported version r15833
13:21:28.694     4,549s       7ms   9592    Error loading save 'Bridge Disaster'
13:21:28.701     4,556s       7ms   9592    Error loading save 'Bridge Disaster 2024-07-21 #1'
13:21:28.707     4,563s       7ms   9592    Error loading save 'Bridge Disaster 2024-07-22 #1'
13:21:28.714     4,569s       6ms   9592    Error loading save 'Bridge Disaster 2024-07-24 #1'
13:21:28.721     4,576s       7ms   9592    Error while loading game info from save of unsupported version r15833
13:21:28.727     4,582s       6ms   9592    Error loading save 'Nowa Misja 2024-08-11 #1'
13:21:28.734     4,589s       7ms   9592    Error loading save 'Nowa Misja 2024-08-11 #2'
13:21:28.740     4,596s       7ms   9592    Error loading save 'Nowa Misja 2024-08-11 #3'
13:21:28.748     4,603s       7ms   9592    Error loading save 'TMR09 2024-08-05 #1'
13:21:28.755     4,611s       8ms   9592    Error loading save 'TSK 1 2024-10-30 #2'
13:21:28.762     4,617s       6ms   9592    Error loading save 'TSK 18 2024-10-30 #6'
13:21:28.770     4,626s       9ms   9592    Error loading save 'TSK 2 2024-10-30 #5'
13:21:28.777     4,632s       6ms   9592    Error loading save 'TSK 20 2024-10-30 #1'
13:21:28.783     4,638s       6ms   9592    Error loading save 'TSK 3 2024-10-30 #3'
13:21:28.790     4,646s       8ms   9592    Error loading save 'TSK 6 2024-10-30 #4'
13:21:28.797     4,652s       6ms   9592    Error loading save 'TUA22'
13:21:30.602     6,458s    1806ms   3752    LoadGameResources ... AlphaShadows: True. Forced: False
13:21:30.618     6,473s      15ms   3752    Resource loading state - Game
13:21:30.635     6,491s      18ms   3752    Saving dev settings to file 'kmr_dev.xml'
13:21:30.703     6,558s      67ms   3752    <== Game creation is done ==>
13:21:30.712     6,567s       9ms   3752    GameStart
13:21:30.720     6,575s       8ms   3752    Loading DAT file: E:\programowanie\projekty delphi\kam_expansion\Maps\Nowa Misja 2\Nowa Misja 2.dat
13:21:30.727     6,582s       7ms   3752    Loading map file: E:\programowanie\projekty delphi\kam_expansion\Maps\Nowa Misja 2\Nowa Misja 2.map
13:21:30.734     6,589s       7ms   3752    Map file loaded
13:21:30.747     6,602s      13ms   3752    Gameplay recording initialized ... done
13:21:30.755     6,610s       7ms   3752    Game options: PT = 0; SpeedPT = 1; SpeedAfterPT = 1; Seed = 0; Difficulty = mdNone
13:21:30.761     6,616s       6ms   3752    Gameplay initialized ... done
13:21:30.768     6,623s       7ms   3752    After game start
13:21:30.775     6,630s       7ms   3752    Set game seed: 681212454
13:21:30.789     6,644s      14ms   3752    Saving game at tick 0 to 'E:\programowanie\projekty delphi\kam_expansion\Saves\basesave\basesave.bas'
13:21:30.797     6,652s       8ms   3752    After game start ... done
