   Timestamp    Elapsed     Delta  Thread    Description
========================
    Date: 2024.12.27
========================
19:50:05.985     0,001s       1ms   5108    Log is up and running. Game version: KaM Expansion: Co-op & World Update
19:50:05.992     0,008s       7ms   5108    Game Load started
19:50:06.011     0,026s      18ms   5108    Start loading 'GameApp settings' from 'C:\Users\szyby\OneDrive\Dokumenty\My Games\Knights and Merchants Remake\KaM Remake Settings KingDyronMod.xml'
19:50:06.017     0,033s       7ms   5108    'GameApp settings' was successfully loaded from 'C:\Users\szyby\OneDrive\Dokumenty\My Games\Knights and Merchants Remake\KaM Remake Settings KingDyronMod.xml'
19:50:06.034     0,049s       6ms   5108    Start saving 'GameApp settings' to 'C:\Users\szyby\OneDrive\Dokumenty\My Games\Knights and Merchants Remake\KaM Remake Settings KingDyronMod.xml'
014f6044 KaM_Expansion.exe KM_Settings        106 TKMSettings.SaveToDefaultFile
014f6117 KaM_Expansion.exe KM_Settings        113 TKMSettings.SaveToDefaultFile
014f5d15 KaM_Expansion.exe KM_Settings         59 TKMSettings.Create
014f6452 KaM_Expansion.exe KM_SettingsXML      38 TKMSettingsXML.Create
014f6793 KaM_Expansion.exe KM_GameAppSettings  51 TKMGameAppSettings.Create
01710c34 KaM_Expansion.exe KM_Main            258 TKMMain.Start
01710eb8 KaM_Expansion.exe KM_Main            305 TKMMain.Start
0198eb2b KaM_Expansion.exe KaM_Expansion      479 initialization
0198eb5a KaM_Expansion.exe KaM_Expansion      482 initialization
75e37ba7 KERNEL32.DLL                             BaseThreadInitThunk

19:50:06.072     0,087s      38ms   5108    'GameApp settings' was successfully saved to 'C:\Users\szyby\OneDrive\Dokumenty\My Games\Knights and Merchants Remake\KaM Remake Settings KingDyronMod.xml'
19:50:06.111     0,126s      39ms   5108    Start loading 'Server settings' from 'C:\Users\szyby\OneDrive\Dokumenty\My Games\Knights and Merchants Remake\KaM Remake Server Settings.ini'
19:50:06.119     0,134s       8ms   5108    'Server settings' was successfully loaded from 'C:\Users\szyby\OneDrive\Dokumenty\My Games\Knights and Merchants Remake\KaM Remake Server Settings.ini'
19:50:06.126     0,141s       7ms   5108    Start saving 'Server settings' to 'C:\Users\szyby\OneDrive\Dokumenty\My Games\Knights and Merchants Remake\KaM Remake Server Settings.ini'
014f6044 KaM_Expansion.exe KM_Settings       106 TKMSettings.SaveToDefaultFile
014f6117 KaM_Expansion.exe KM_Settings       113 TKMSettings.SaveToDefaultFile
014f5d15 KaM_Expansion.exe KM_Settings        59 TKMSettings.Create
01639ee4 KaM_Expansion.exe KM_ServerSettings 109 TKMServerSettings.Create
01705fb4 KaM_Expansion.exe KM_GameApp        213 TKMGameApp.Create
01706406 KaM_Expansion.exe KM_GameApp        295 TKMGameApp.Create
01711ede KaM_Expansion.exe KM_Main           635 TKMMain.ReinitRender
017120ea KaM_Expansion.exe KM_Main           689 TKMMain.ReinitRender
01710d4a KaM_Expansion.exe KM_Main           281 TKMMain.Start
01710eb8 KaM_Expansion.exe KM_Main           305 TKMMain.Start
0198eb2b KaM_Expansion.exe KaM_Expansion     479 initialization
0198eb5a KaM_Expansion.exe KaM_Expansion     482 initialization
75e37ba7 KERNEL32.DLL                            BaseThreadInitThunk

19:50:06.139     0,154s      13ms   5108    'Server settings' was successfully saved to 'C:\Users\szyby\OneDrive\Dokumenty\My Games\Knights and Merchants Remake\KaM Remake Server Settings.ini'
19:50:06.146     0,161s       6ms   5108    Init Render started
19:50:06.524     0,539s     378ms   5108    GL_MAX_TEXTURE_SIZE = 32768
19:50:06.533     0,548s       8ms   5108    GL_MAX_VIEWPORT_DIM = 32768
                                      OpenGL Vendor: NVIDIA Corporation
                                      OpenGL Renderer: NVIDIA GeForce RTX 3060 Ti/PCIe/SSE2
                                      OpenGL Version: 4.6.0 NVIDIA 560.81
19:50:06.568     0,583s      35ms   5108    Init Render Done
19:50:06.577     0,592s       9ms   5108    Resource loading state - None
19:50:06.586     0,601s       9ms   5108    Reading palettes ... done
19:50:06.595     0,611s      10ms   5108    Reading GUI.rx
19:50:06.603     0,619s       8ms   5108    Load Sprites started
19:50:06.610     0,625s       6ms   5108    GUI - 966
19:50:06.632     0,647s      21ms   5108    Load Sprites Done
19:50:06.668     0,683s      36ms   5108    Reading GUIMain.rx
19:50:06.675     0,690s       7ms   5108    Load Sprites started
19:50:06.682     0,697s       7ms   5108    GUIMain - 105
19:50:06.738     0,753s      56ms   5108    Load Sprites Done
19:50:06.793     0,809s      56ms   5108    Reading Tileset.rx
19:50:06.801     0,816s       7ms   5108    Load Sprites started
19:50:06.807     0,822s       6ms   5108    Tileset - 5449
19:50:06.826     0,842s      20ms   5108    Load Sprites Done
19:50:06.833     0,848s       6ms   5108    GenerateTerrainTransitions started. Legacy = False
19:50:06.839     0,854s       6ms   5108    TexId = 5451 GenTilesCnt = 2100
19:50:06.846     0,861s       7ms   5108    TexId = 6051; TexId - fGenTexIdStartI = 600; uniqueTex = 600; totalTex = 1350
19:50:06.853     0,868s       7ms   5108    GeneratedMasks cnt = 20
19:50:06.859     0,874s       6ms   5108    GenerateTerrainTransitions Done
19:50:06.866     0,881s       7ms   5108    GenerateTerrainTransitions started. Legacy = True
19:50:06.873     0,888s       7ms   5108    Legacy: TexId = 4999 GenTilesCntTemp = 2030
19:50:06.879     0,895s       7ms   5108    TexId = 5463; TexId - fGenTexIdStartILegacy = 464; uniqueTex = 464; totalTex = 1044
19:50:06.886     0,901s       6ms   5108    GeneratedMasks cnt = 16
19:50:06.892     0,907s       6ms   5108    GenerateTerrainTransitions Done
19:50:06.999     1,014s     107ms   5108    Load font started
19:50:07.037     1,052s      38ms   5108    Font load took 38ms
19:50:07.044     1,059s       7ms   5108    Read fonts is done
19:50:07.060     1,075s      16ms   5108    ReadGFX is done
19:50:07.067     1,082s       7ms   5108    Resource loading state - Menu
19:50:07.080     1,095s      13ms   7260    OpenAL init started
19:50:07.235     1,250s     155ms   5108    Music init done, 24 tracks found
19:50:07.364     1,379s     129ms   5108    Main menu init done
                                      Loading campaign images.rxx for HKS
19:50:07.392     1,407s      28ms  17284    Custom - 1
19:50:07.406     1,421s      14ms   7260    Pre-LoadSFX init ... done
19:50:07.413     1,428s       7ms   7260    ALC_MONO_SOURCES 255
19:50:07.421     1,436s       8ms   7260    ALC_STEREO_SOURCES 1
19:50:07.428     1,443s       7ms   7260    OpenAL init done
19:50:07.452     1,467s      24ms   5108    Check game folder 'E:\programowanie\projekty delphi\kam_expansion\' generic permissions: READ: granted; WRITE: granted; EXECUTE: granted; folder is writable: 
19:50:07.460     1,475s       8ms   5108    LoadGameResources ... AlphaShadows: True. Forced: True
19:50:07.467     1,482s       7ms   5108    TKMResSprites.LoadGameResources
19:50:07.474     1,490s       8ms   5108    [AsyncGameResLoader Thread] Started
19:50:07.487     1,502s      12ms   5108    Resource loading state - Game
19:50:07.496     1,512s       8ms   5108    ToggleFullscreen
19:50:07.503     1,518s       6ms   5108    Form Width/Height: 1040:830
19:50:07.510     1,525s       6ms   5108    Panel Width/Height: 1024:791
19:50:07.519     1,534s       9ms   6796    [AsyncGameResLoader Thread] RT = rxTrees Stage = lsLoad
19:50:07.526     1,541s       7ms   6796    [AsyncGameResLoader Thread] Start Load RXX 'Trees.rxx'
19:50:07.532     1,548s       7ms   6796    Load Sprites started
19:50:07.539     1,555s       7ms   6796    Trees - 1216
19:50:07.551     1,566s      11ms   5108    Saving dev settings to file 'kmr_dev.xml'
                                      Loading campaign images.rxx for KSN
19:50:07.581     1,597s      31ms  17284    Custom - 1
19:50:07.590     1,605s       8ms   5108    Saving dev settings to file 'kmr_dev.xml'
19:50:07.597     1,612s       7ms   5108    Game Load Done in 1651
                                      Loading campaign images.rxx for KSO
19:50:07.663     1,678s      66ms  17284    Custom - 1
                                      Loading campaign images.rxx for KSU
19:50:07.727     1,742s      64ms  17284    Custom - 1
                                      Loading campaign images.rxx for OFL
19:50:07.777     1,793s      51ms  17284    Custom - 1
19:50:07.786     1,801s       8ms   6796    Load Sprites Done
                                      Loading campaign images.rxx for OER
19:50:07.820     1,835s      34ms  17284    Custom - 1
                                      Loading campaign images.rxx for TBK
19:50:07.860     1,875s      40ms  17284    Custom - 1
19:50:07.892     1,907s      32ms   6796    [AsyncGameResLoader Thread] DONE Load RXX 'Trees.rxa'
19:50:07.901     1,917s      10ms   5108    [AsyncGameResLoader MainTh] [UpdateStateIdle] GenTextures RT = rxTrees Stage = lsGenMain
                                      Loading campaign images.rxx for TPR
19:50:07.918     1,933s      16ms  17284    Custom - 1
19:50:07.923     1,938s       5ms   5108    [AsyncGameResLoader MainTh] [UpdateStateIdle] DONE
19:50:07.931     1,946s       8ms   6796    [AsyncGameResLoader Thread] RT = rxTrees Stage = lsOverload
19:50:07.937     1,952s       6ms   6796    [AsyncGameResLoader Thread] OverloadFromFolder RT = rxTrees
                                      Loading campaign images.rxx for TSK
19:50:07.961     1,976s      24ms  17284    Custom - 1
                                      Loading campaign images.rxx for TUA
19:50:07.997     2,012s      36ms  17284    Custom - 1
19:50:08.004     2,020s       8ms   6796    [AsyncGameResLoader Thread] DONE OverloadFromFolder RT = rxTrees
19:50:08.014     2,029s       9ms   5108    [AsyncGameResLoader MainTh] [UpdateStateIdle] GenTextures RT = rxTrees Stage = lsGenOverload
19:50:08.021     2,037s       8ms   5108    [AsyncGameResLoader MainTh] [UpdateStateIdle] DONE
19:50:08.029     2,044s       7ms   6796    [AsyncGameResLoader Thread] RT = rxHouses Stage = lsLoad
19:50:08.036     2,051s       7ms   6796    [AsyncGameResLoader Thread] Start Load RXX 'Houses.rxx'
19:50:08.043     2,059s       8ms   6796    Load Sprites started
19:50:08.050     2,066s       7ms   6796    Houses - 2709
                                      Loading campaign images.rxx for TMR
19:50:08.146     2,161s      95ms  17284    Custom - 1
19:50:08.304     2,320s     159ms   6796    Load Sprites Done
19:50:08.441     2,456s     136ms   6796    [AsyncGameResLoader Thread] DONE Load RXX 'Houses.rxa'
19:50:08.448     2,463s       7ms   5108    [AsyncGameResLoader MainTh] [UpdateStateIdle] GenTextures RT = rxHouses Stage = lsGenMain
19:50:08.463     2,478s      14ms   5108    [AsyncGameResLoader MainTh] [UpdateStateIdle] DONE
19:50:08.471     2,486s       8ms   6796    [AsyncGameResLoader Thread] RT = rxHouses Stage = lsOverload
19:50:08.477     2,492s       6ms   6796    [AsyncGameResLoader Thread] OverloadFromFolder RT = rxHouses
19:50:08.637     2,652s     160ms   6796    [AsyncGameResLoader Thread] DONE OverloadFromFolder RT = rxHouses
19:50:08.645     2,661s       9ms   5108    [AsyncGameResLoader MainTh] [UpdateStateIdle] GenTextures RT = rxHouses Stage = lsGenOverload
19:50:08.653     2,668s       7ms   5108    [AsyncGameResLoader MainTh] [UpdateStateIdle] DONE
19:50:08.660     2,675s       7ms   6796    [AsyncGameResLoader Thread] RT = rxUnits Stage = lsLoad
19:50:08.667     2,682s       7ms   6796    [AsyncGameResLoader Thread] Start Load RXX 'Units.rxx'
19:50:08.674     2,689s       7ms   6796    Load Sprites started
19:50:08.682     2,697s       8ms   6796    Units - 14845
19:50:10.177     4,192s    1495ms   6796    Load Sprites Done
19:50:11.293     5,308s    1116ms   6796    [AsyncGameResLoader Thread] DONE Load RXX 'Units.rxa'
19:50:11.301     5,316s       8ms   5108    [AsyncGameResLoader MainTh] [UpdateStateIdle] GenTextures RT = rxUnits Stage = lsGenMain
19:50:11.374     5,389s      73ms   5108    [AsyncGameResLoader MainTh] [UpdateStateIdle] DONE
19:50:11.381     5,396s       6ms   6796    [AsyncGameResLoader Thread] RT = rxUnits Stage = lsOverload
19:50:11.388     5,403s       7ms   6796    [AsyncGameResLoader Thread] OverloadFromFolder RT = rxUnits
19:50:12.452     6,467s    1064ms   6796    [AsyncGameResLoader Thread] DONE OverloadFromFolder RT = rxUnits
19:50:12.466     6,481s      14ms   5108    [AsyncGameResLoader MainTh] [UpdateStateIdle] GenTextures RT = rxUnits Stage = lsGenOverload
19:50:12.481     6,496s      15ms   5108    [AsyncGameResLoader Thread] Stopped
19:50:12.488     6,503s       7ms   5108    [AsyncGameResLoader MainTh] [UpdateStateIdle] DONE
                                      Loading campaign images.rxx for HKS
19:50:29.448    23,464s   16961ms  21780    Custom - 1
                                      Loading campaign images.rxx for KSN
19:50:29.530    23,546s      82ms  21780    Custom - 1
                                      Loading campaign images.rxx for KSO
19:50:29.601    23,617s      71ms  21780    Custom - 1
                                      Loading campaign images.rxx for KSU
19:50:29.662    23,677s      60ms  21780    Custom - 1
                                      Loading campaign images.rxx for OFL
19:50:29.716    23,731s      54ms  21780    Custom - 1
                                      Loading campaign images.rxx for OER
19:50:29.764    23,779s      48ms  21780    Custom - 1
                                      Loading campaign images.rxx for TBK
19:50:29.799    23,814s      35ms  21780    Custom - 1
                                      Loading campaign images.rxx for TPR
19:50:29.852    23,868s      54ms  21780    Custom - 1
                                      Loading campaign images.rxx for TSK
19:50:29.892    23,908s      40ms  21780    Custom - 1
                                      Loading campaign images.rxx for TUA
19:50:29.927    23,942s      34ms  21780    Custom - 1
                                      Loading campaign images.rxx for TMR
19:50:30.084    24,099s     157ms  21780    Custom - 1
19:50:31.447    25,462s    1363ms   5108    LoadGameResources ... AlphaShadows: True. Forced: False
19:50:31.454    25,469s       7ms   5108    Resource loading state - Game
19:50:31.481    25,496s      27ms   5108    Saving dev settings to file 'kmr_dev.xml'
19:50:31.522    25,537s      41ms   5108    <== Game creation is done ==>
19:50:31.540    25,555s      18ms   5108    GameStart
19:50:31.546    25,561s       5ms   5108    Loading DAT file: E:\programowanie\projekty delphi\kam_expansion\MapsMP\TMR14\TMR14.dat
19:50:31.553    25,568s       6ms   5108    Loading map file: E:\programowanie\projekty delphi\kam_expansion\MapsMP\TMR14\TMR14.map
19:50:31.590    25,606s      38ms   5108    Map file loaded
19:50:31.889    25,904s     298ms   5108    Gameplay recording initialized ... done
19:50:31.896    25,911s       7ms   5108    Game options: PT = 0; SpeedPT = 1; SpeedAfterPT = 1; Seed = 0; Difficulty = mdNone
19:50:31.903    25,918s       7ms   5108    Gameplay initialized ... done
19:50:31.909    25,924s       6ms   5108    After game start
19:50:31.949    25,964s      40ms   5108    Set game seed: 1878301882
19:50:31.959    25,974s      10ms   5108    After game start ... done
