   Timestamp    Elapsed     Delta  Thread    Description
========================
    Date: 2025.01.06
========================
10:59:37.525     0,001s       1ms  19644    Log is up and running. Game version: KaM Expansion: Co-op & World Update
10:59:37.531     0,007s       6ms  19644    Game Load started
10:59:37.541     0,017s      10ms  19644    Start loading 'GameApp settings' from 'C:\Users\szyby\OneDrive\Dokumenty\My Games\Knights and Merchants Remake\KaM Remake Settings KingDyronMod.xml'
10:59:37.545     0,021s       4ms  19644    'GameApp settings' was successfully loaded from 'C:\Users\szyby\OneDrive\Dokumenty\My Games\Knights and Merchants Remake\KaM Remake Settings KingDyronMod.xml'
10:59:37.563     0,038s       5ms  19644    Start saving 'GameApp settings' to 'C:\Users\szyby\OneDrive\Dokumenty\My Games\Knights and Merchants Remake\KaM Remake Settings KingDyronMod.xml'
010682d4 KaM_Expansion.exe KM_Settings        106 TKMSettings.SaveToDefaultFile
010683a7 KaM_Expansion.exe KM_Settings        113 TKMSettings.SaveToDefaultFile
01067fa5 KaM_Expansion.exe KM_Settings         59 TKMSettings.Create
010686e2 KaM_Expansion.exe KM_SettingsXML      38 TKMSettingsXML.Create
01068a23 KaM_Expansion.exe KM_GameAppSettings  51 TKMGameAppSettings.Create
0127c768 KaM_Expansion.exe KM_Main            258 TKMMain.Start
0127c9d7 KaM_Expansion.exe KM_Main            305 TKMMain.Start
014feb2b KaM_Expansion.exe KaM_Expansion      480 initialization
014feb5a KaM_Expansion.exe KaM_Expansion      483 initialization
76c97ba7 KERNEL32.DLL                             BaseThreadInitThunk

10:59:37.600     0,076s      38ms  19644    'GameApp settings' was successfully saved to 'C:\Users\szyby\OneDrive\Dokumenty\My Games\Knights and Merchants Remake\KaM Remake Settings KingDyronMod.xml'
10:59:37.633     0,109s      33ms  19644    Start loading 'Server settings' from 'C:\Users\szyby\OneDrive\Dokumenty\My Games\Knights and Merchants Remake\KaM Remake Server Settings.ini'
10:59:37.641     0,117s       8ms  19644    'Server settings' was successfully loaded from 'C:\Users\szyby\OneDrive\Dokumenty\My Games\Knights and Merchants Remake\KaM Remake Server Settings.ini'
10:59:37.647     0,123s       6ms  19644    Start saving 'Server settings' to 'C:\Users\szyby\OneDrive\Dokumenty\My Games\Knights and Merchants Remake\KaM Remake Server Settings.ini'
010682d4 KaM_Expansion.exe KM_Settings       106 TKMSettings.SaveToDefaultFile
010683a7 KaM_Expansion.exe KM_Settings       113 TKMSettings.SaveToDefaultFile
01067fa5 KaM_Expansion.exe KM_Settings        59 TKMSettings.Create
011a5b74 KaM_Expansion.exe KM_ServerSettings 109 TKMServerSettings.Create
01271c73 KaM_Expansion.exe KM_GameApp        213 TKMGameApp.Create
01271f9e KaM_Expansion.exe KM_GameApp        298 TKMGameApp.Create
0127d9de KaM_Expansion.exe KM_Main           635 TKMMain.ReinitRender
0127dbea KaM_Expansion.exe KM_Main           689 TKMMain.ReinitRender
0127c87e KaM_Expansion.exe KM_Main           281 TKMMain.Start
0127c9d7 KaM_Expansion.exe KM_Main           305 TKMMain.Start
014feb2b KaM_Expansion.exe KaM_Expansion     480 initialization
014feb5a KaM_Expansion.exe KaM_Expansion     483 initialization
76c97ba7 KERNEL32.DLL                            BaseThreadInitThunk

10:59:37.660     0,136s      13ms  19644    'Server settings' was successfully saved to 'C:\Users\szyby\OneDrive\Dokumenty\My Games\Knights and Merchants Remake\KaM Remake Server Settings.ini'
10:59:37.666     0,142s       6ms  19644    Init Render started
10:59:37.817     0,293s     150ms  19644    GL_MAX_TEXTURE_SIZE = 32768
10:59:37.824     0,300s       7ms  19644    GL_MAX_VIEWPORT_DIM = 32768
                                      OpenGL Vendor: NVIDIA Corporation
                                      OpenGL Renderer: NVIDIA GeForce RTX 3060 Ti/PCIe/SSE2
                                      OpenGL Version: 4.6.0 NVIDIA 560.94
10:59:37.849     0,325s      25ms  19644    Init Render Done
10:59:37.855     0,331s       6ms  19644    Resource loading state - None
10:59:37.863     0,339s       8ms  19644    Reading palettes ... done
10:59:37.871     0,347s       8ms  19644    Reading GUI.rx
10:59:37.879     0,355s       8ms  19644    Load Sprites started
10:59:37.884     0,360s       5ms  19644    GUI - 971
10:59:37.902     0,378s      17ms  19644    Load Sprites Done
10:59:37.936     0,412s      34ms  19644    Reading GUIMain.rx
10:59:37.944     0,420s       8ms  19644    Load Sprites started
10:59:37.950     0,426s       6ms  19644    GUIMain - 105
10:59:38.000     0,476s      50ms  19644    Load Sprites Done
10:59:38.054     0,530s      54ms  19644    Reading Tileset.rx
10:59:38.061     0,537s       7ms  19644    Load Sprites started
10:59:38.067     0,543s       6ms  19644    Tileset - 5449
10:59:38.082     0,558s      15ms  19644    Load Sprites Done
10:59:38.088     0,564s       6ms  19644    GenerateTerrainTransitions started. Legacy = False
10:59:38.095     0,571s       7ms  19644    TexId = 5451 GenTilesCnt = 2100
10:59:38.101     0,577s       6ms  19644    TexId = 6051; TexId - fGenTexIdStartI = 600; uniqueTex = 600; totalTex = 1350
10:59:38.107     0,583s       6ms  19644    GeneratedMasks cnt = 20
10:59:38.114     0,590s       7ms  19644    GenerateTerrainTransitions Done
10:59:38.120     0,596s       6ms  19644    GenerateTerrainTransitions started. Legacy = True
10:59:38.127     0,603s       7ms  19644    Legacy: TexId = 4999 GenTilesCntTemp = 2030
10:59:38.135     0,610s       7ms  19644    TexId = 5463; TexId - fGenTexIdStartILegacy = 464; uniqueTex = 464; totalTex = 1044
10:59:38.141     0,617s       7ms  19644    GeneratedMasks cnt = 16
10:59:38.147     0,623s       6ms  19644    GenerateTerrainTransitions Done
10:59:38.255     0,730s     107ms  19644    Load font started
10:59:38.292     0,768s      38ms  19644    Font load took 38ms
10:59:38.299     0,775s       7ms  19644    Read fonts is done
10:59:38.317     0,792s      17ms  19644    ReadGFX is done
10:59:38.324     0,800s       8ms  19644    Resource loading state - Menu
10:59:38.332     0,808s       8ms   9536    OpenAL init started
10:59:38.961     1,436s     628ms  19644    Music init done, 24 tracks found
                                      Loading campaign images.rxx for HKS
10:59:38.986     1,462s      26ms   4776    Custom - 1
10:59:38.993     1,469s       7ms   9536    Pre-LoadSFX init ... done
10:59:39.000     1,476s       7ms   9536    ALC_MONO_SOURCES 255
10:59:39.007     1,483s       6ms   9536    ALC_STEREO_SOURCES 1
10:59:39.013     1,489s       6ms  19644    Main menu init done
10:59:39.020     1,496s       7ms   9536    OpenAL init done
10:59:39.042     1,518s      22ms  19644    Check game folder 'E:\programowanie\projekty delphi\kam_expansion\' generic permissions: READ: granted; WRITE: granted; EXECUTE: granted; folder is writable: 
10:59:39.048     1,524s       6ms  19644    LoadGameResources ... AlphaShadows: True. Forced: True
10:59:39.056     1,531s       7ms  19644    TKMResSprites.LoadGameResources
10:59:39.061     1,537s       6ms  19644    [AsyncGameResLoader Thread] Started
10:59:39.068     1,544s       7ms  19644    Resource loading state - Game
10:59:39.074     1,550s       6ms  19644    ToggleFullscreen
10:59:39.080     1,556s       6ms  19644    Form Width/Height: 1040:805
10:59:39.085     1,561s       5ms  19644    Panel Width/Height: 764:723
10:59:39.093     1,569s       8ms  14812    [AsyncGameResLoader Thread] RT = rxTrees Stage = lsLoad
10:59:39.099     1,575s       6ms  14812    [AsyncGameResLoader Thread] Start Load RXX 'Trees.rxx'
10:59:39.106     1,582s       7ms  14812    Load Sprites started
10:59:39.113     1,589s       7ms  14812    Trees - 1227
10:59:39.233     1,709s     120ms  14812    Load Sprites Done
10:59:39.330     1,806s      97ms  14812    [AsyncGameResLoader Thread] DONE Load RXX 'Trees.rxa'
                                      Loading campaign images.rxx for KSN
10:59:39.350     1,826s      20ms   4776    Custom - 1
10:59:39.392     1,868s      42ms  19644    Saving dev settings to file 'kmr_dev.xml'
                                      Loading campaign images.rxx for KSO
10:59:39.438     1,914s      46ms   4776    Custom - 1
10:59:39.459     1,935s      21ms  19644    Saving dev settings to file 'kmr_dev.xml'
10:59:39.466     1,942s       7ms  19644    Game Load Done in 1972
10:59:39.486     1,961s      19ms  19644    [AsyncGameResLoader MainTh] [UpdateStateIdle] GenTextures RT = rxTrees Stage = lsGenMain
10:59:39.499     1,975s      14ms  19644    [AsyncGameResLoader MainTh] [UpdateStateIdle] DONE
10:59:39.506     1,982s       6ms  14812    [AsyncGameResLoader Thread] RT = rxTrees Stage = lsOverload
10:59:39.514     1,990s       8ms  14812    [AsyncGameResLoader Thread] OverloadFromFolder RT = rxTrees
                                      Loading campaign images.rxx for KSU
10:59:39.527     2,003s      13ms  14812    [AsyncGameResLoader Thread] DONE OverloadFromFolder RT = rxTrees
10:59:39.533     2,009s       6ms   4776    Custom - 1
10:59:39.540     2,016s       7ms  19644    [AsyncGameResLoader MainTh] [UpdateStateIdle] GenTextures RT = rxTrees Stage = lsGenOverload
10:59:39.546     2,022s       6ms  19644    [AsyncGameResLoader MainTh] [UpdateStateIdle] DONE
10:59:39.553     2,029s       7ms  14812    [AsyncGameResLoader Thread] RT = rxHouses Stage = lsLoad
10:59:39.560     2,036s       7ms  14812    [AsyncGameResLoader Thread] Start Load RXX 'Houses.rxx'
10:59:39.566     2,042s       6ms  14812    Load Sprites started
10:59:39.574     2,050s       8ms  14812    Houses - 2710
                                      Loading campaign images.rxx for OFL
10:59:39.591     2,067s      17ms   4776    Custom - 1
                                      Loading campaign images.rxx for OER
10:59:39.641     2,117s      50ms   4776    Custom - 1
10:59:39.663     2,139s      22ms  14812    Load Sprites Done
                                      Loading campaign images.rxx for TBK
10:59:39.696     2,172s      33ms   4776    Custom - 1
                                      Loading campaign images.rxx for TPR
10:59:39.756     2,232s      60ms   4776    Custom - 1
                                      Loading campaign images.rxx for TSK
10:59:39.806     2,282s      49ms   4776    Custom - 1
10:59:39.812     2,288s       6ms  14812    [AsyncGameResLoader Thread] DONE Load RXX 'Houses.rxa'
10:59:39.834     2,310s      22ms  19644    [AsyncGameResLoader MainTh] [UpdateStateIdle] GenTextures RT = rxHouses Stage = lsGenMain
                                      Loading campaign images.rxx for TUA
10:59:39.849     2,325s      15ms   4776    Custom - 1
10:59:39.856     2,332s       6ms  19644    [AsyncGameResLoader MainTh] [UpdateStateIdle] DONE
10:59:39.862     2,338s       6ms  14812    [AsyncGameResLoader Thread] RT = rxHouses Stage = lsOverload
10:59:39.869     2,345s       7ms  14812    [AsyncGameResLoader Thread] OverloadFromFolder RT = rxHouses
10:59:39.876     2,352s       7ms  14812    [AsyncGameResLoader Thread] DONE OverloadFromFolder RT = rxHouses
10:59:39.881     2,357s       5ms  19644    [AsyncGameResLoader MainTh] [UpdateStateIdle] GenTextures RT = rxHouses Stage = lsGenOverload
10:59:39.887     2,363s       6ms  19644    [AsyncGameResLoader MainTh] [UpdateStateIdle] DONE
10:59:39.896     2,372s       9ms  14812    [AsyncGameResLoader Thread] RT = rxUnits Stage = lsLoad
10:59:39.903     2,379s       6ms  14812    [AsyncGameResLoader Thread] Start Load RXX 'Units.rxx'
10:59:39.909     2,385s       6ms  14812    Load Sprites started
10:59:39.915     2,391s       6ms  14812    Units - 15213
                                      Loading campaign images.rxx for TMR
10:59:40.001     2,477s      86ms   4776    Custom - 1
                                      Loading campaign images.rxx for HKS
10:59:40.301     2,777s     300ms   9196    Custom - 1
                                      Loading campaign images.rxx for KSN
10:59:40.385     2,861s      84ms   9196    Custom - 1
10:59:40.433     2,909s      48ms  14812    Load Sprites Done
                                      Loading campaign images.rxx for KSO
10:59:40.455     2,931s      22ms   9196    Custom - 1
                                      Loading campaign images.rxx for KSU
10:59:40.518     2,994s      63ms   9196    Custom - 1
                                      Loading campaign images.rxx for OFL
10:59:40.572     3,048s      54ms   9196    Custom - 1
                                      Loading campaign images.rxx for OER
10:59:40.625     3,101s      53ms   9196    Custom - 1
                                      Loading campaign images.rxx for TBK
10:59:40.669     3,145s      44ms   9196    Custom - 1
                                      Loading campaign images.rxx for TPR
10:59:40.727     3,203s      58ms   9196    Custom - 1
                                      Loading campaign images.rxx for TSK
10:59:40.782     3,258s      55ms   9196    Custom - 1
                                      Loading campaign images.rxx for TUA
10:59:40.821     3,297s      39ms   9196    Custom - 1
                                      Loading campaign images.rxx for TMR
10:59:40.972     3,448s     151ms   9196    Custom - 1
10:59:41.505     3,981s     533ms  19644    LoadGameResources ... AlphaShadows: True. Forced: False
10:59:41.512     3,988s       7ms  19644    TKMResSprites.LoadGameResources
10:59:41.565     4,041s      53ms  14812    [AsyncGameResLoader Thread] DONE Load RXX 'Units.rxa'
10:59:41.571     4,047s       6ms  19644    [AsyncGameResLoader MainTh] [LoadGameResources] GenTextures RT = rxUnits Stage = lsGenMain
10:59:41.633     4,109s      62ms  19644    [AsyncGameResLoader MainTh] [LoadGameResources] DONE
10:59:41.639     4,115s       6ms  14812    [AsyncGameResLoader Thread] RT = rxUnits Stage = lsOverload
10:59:41.645     4,121s       6ms  14812    [AsyncGameResLoader Thread] OverloadFromFolder RT = rxUnits
10:59:41.652     4,127s       6ms  14812    [AsyncGameResLoader Thread] DONE OverloadFromFolder RT = rxUnits
10:59:41.656     4,132s       5ms  19644    [AsyncGameResLoader MainTh] [LoadGameResources] GenTextures RT = rxUnits Stage = lsGenOverload
10:59:41.663     4,139s       7ms  19644    [AsyncGameResLoader Thread] Stopped
10:59:41.668     4,144s       5ms  19644    [AsyncGameResLoader MainTh] [LoadGameResources] DONE
10:59:41.674     4,150s       6ms  19644    Resource loading state - Game
10:59:41.682     4,158s       8ms  19644    Saving dev settings to file 'kmr_dev.xml'
10:59:41.716     4,192s      34ms  19644    <== Game creation is done ==>
10:59:41.722     4,198s       6ms  19644    GameStart
10:59:41.730     4,206s       7ms  19644    Loading DAT file: E:\programowanie\projekty delphi\kam_expansion\Maps\Nowa Misja 2\Nowa Misja 2.dat
10:59:41.736     4,212s       6ms  19644    Loading map file: E:\programowanie\projekty delphi\kam_expansion\Maps\Nowa Misja 2\Nowa Misja 2.map
10:59:41.742     4,218s       6ms  19644    Map file loaded
10:59:41.944     4,420s     202ms  19644    Gameplay recording initialized ... done
10:59:41.951     4,427s       6ms  19644    Game options: PT = 0; SpeedPT = 1; SpeedAfterPT = 1; Seed = 0; Difficulty = mdNone
10:59:41.956     4,432s       5ms  19644    Gameplay initialized ... done
10:59:41.963     4,439s       7ms  19644    After game start
10:59:41.970     4,446s       7ms  19644    Set game seed: 1972107951
10:59:41.977     4,453s       7ms  19644    After game start ... done
10:59:48.992    11,468s    7015ms  19644    Saving dev settings to file 'kmr_dev.xml'
10:59:49.961    12,436s     968ms  19644    Stopping game application...
10:59:49.991    12,467s      31ms  19644    Gameplay ended - grSilent /
10:59:49.998    12,474s       7ms  19644    Start saving 'Server settings' to 'C:\Users\szyby\OneDrive\Dokumenty\My Games\Knights and Merchants Remake\KaM Remake Server Settings.ini'
010682d4 KaM_Expansion.exe KM_Settings        106 TKMSettings.SaveToDefaultFile
010683a7 KaM_Expansion.exe KM_Settings        113 TKMSettings.SaveToDefaultFile
01067fe0 KaM_Expansion.exe KM_Settings         65 TKMSettings.Destroy
011a5bba KaM_Expansion.exe KM_ServerSettings  117 TKMServerSettings.Destroy
00aca764 KaM_Expansion.exe System              23 TObject.Free
00d98fe4 KaM_Expansion.exe KromUtils          281 FreeThenNil
012721cb KaM_Expansion.exe KM_GameApp         333 TKMGameApp.Destroy
00aca764 KaM_Expansion.exe System              23 TObject.Free
00d98fe4 KaM_Expansion.exe KromUtils          281 FreeThenNil
0127cdf9 KaM_Expansion.exe KM_Main            376 TKMMain.Stop
0127ced8 KaM_Expansion.exe KM_Main            405 TKMMain.Stop
014e9761 KaM_Expansion.exe KM_FormMain       2212 TFormMain.FormClose
00d42df7 KaM_Expansion.exe Vcl.Forms              TCustomForm.DoClose
00d487e5 KaM_Expansion.exe Vcl.Forms              TCustomForm.Close
00d47424 KaM_Expansion.exe Vcl.Forms              TCustomForm.WMClose
00c92cfa KaM_Expansion.exe Vcl.Controls           TControl.WndProc
00c97ec1 KaM_Expansion.exe Vcl.Controls           TWinControl.WndProc
00d43a38 KaM_Expansion.exe Vcl.Forms              TCustomForm.WndProc
00d43a53 KaM_Expansion.exe Vcl.Forms              TCustomForm.WndProc
014e924d KaM_Expansion.exe KM_FormMain       2051 TFormMain.WndProc

10:59:50.020    12,496s      22ms  19644    'Server settings' was successfully saved to 'C:\Users\szyby\OneDrive\Dokumenty\My Games\Knights and Merchants Remake\KaM Remake Server Settings.ini'
10:59:50.236    12,712s     216ms  19644    Start saving 'GameApp settings' to 'C:\Users\szyby\OneDrive\Dokumenty\My Games\Knights and Merchants Remake\KaM Remake Settings KingDyronMod.xml'
010682d4 KaM_Expansion.exe KM_Settings         106 TKMSettings.SaveToDefaultFile
010683a7 KaM_Expansion.exe KM_Settings         113 TKMSettings.SaveToDefaultFile
01067fe0 KaM_Expansion.exe KM_Settings          65 TKMSettings.Destroy
0106873a KaM_Expansion.exe KM_SettingsXML       44 TKMSettingsXML.Destroy
01068a66 KaM_Expansion.exe KM_GameAppSettings   57 TKMGameAppSettings.Destroy
00aca764 KaM_Expansion.exe System               23 TObject.Free
00d98fe4 KaM_Expansion.exe KromUtils           281 FreeThenNil
0127ce03 KaM_Expansion.exe KM_Main             378 TKMMain.Stop
0127ced8 KaM_Expansion.exe KM_Main             405 TKMMain.Stop
014e9761 KaM_Expansion.exe KM_FormMain        2212 TFormMain.FormClose
00d42df7 KaM_Expansion.exe Vcl.Forms               TCustomForm.DoClose
00d487e5 KaM_Expansion.exe Vcl.Forms               TCustomForm.Close
00d47424 KaM_Expansion.exe Vcl.Forms               TCustomForm.WMClose
00c92cfa KaM_Expansion.exe Vcl.Controls            TControl.WndProc
00c97ec1 KaM_Expansion.exe Vcl.Controls            TWinControl.WndProc
00d43a38 KaM_Expansion.exe Vcl.Forms               TCustomForm.WndProc
00d43a53 KaM_Expansion.exe Vcl.Forms               TCustomForm.WndProc
014e924d KaM_Expansion.exe KM_FormMain        2051 TFormMain.WndProc
00c973cc KaM_Expansion.exe Vcl.Controls            TWinControl.MainWndProc
00c973e7 KaM_Expansion.exe Vcl.Controls            TWinControl.MainWndProc

10:59:50.253    12,729s      16ms  19644    'GameApp settings' was successfully saved to 'C:\Users\szyby\OneDrive\Dokumenty\My Games\Knights and Merchants Remake\KaM Remake Settings KingDyronMod.xml'
