   Timestamp    Elapsed     Delta  Thread    Description
========================
    Date: 2025.01.06
========================
16:33:54.956     0,001s       1ms   4156    Log is up and running. Game version: KaM Expansion: Co-op & World Update
16:33:54.963     0,007s       6ms   4156    Game Load started
16:33:54.974     0,018s      11ms   4156    Start loading 'GameApp settings' from 'C:\Users\szyby\OneDrive\Dokumenty\My Games\Knights and Merchants Remake\KaM Remake Settings KingDyronMod.xml'
16:33:54.979     0,024s       6ms   4156    'GameApp settings' was successfully loaded from 'C:\Users\szyby\OneDrive\Dokumenty\My Games\Knights and Merchants Remake\KaM Remake Settings KingDyronMod.xml'
16:33:54.996     0,040s       5ms   4156    Start saving 'GameApp settings' to 'C:\Users\szyby\OneDrive\Dokumenty\My Games\Knights and Merchants Remake\KaM Remake Settings KingDyronMod.xml'
014588f0 KaM_Expansion.exe KM_Settings        106 TKMSettings.SaveToDefaultFile
014589c3 KaM_Expansion.exe KM_Settings        113 TKMSettings.SaveToDefaultFile
014585c1 KaM_Expansion.exe KM_Settings         59 TKMSettings.Create
01458cfe KaM_Expansion.exe KM_SettingsXML      38 TKMSettingsXML.Create
0145903f KaM_Expansion.exe KM_GameAppSettings  51 TKMGameAppSettings.Create
0166d43c KaM_Expansion.exe KM_Main            258 TKMMain.Start
0166d6ab KaM_Expansion.exe KM_Main            305 TKMMain.Start
018efb2b KaM_Expansion.exe KaM_Expansion      480 initialization
018efb5a KaM_Expansion.exe KaM_Expansion      483 initialization
76c97ba7 KERNEL32.DLL                             BaseThreadInitThunk

16:33:55.033     0,078s      38ms   4156    'GameApp settings' was successfully saved to 'C:\Users\szyby\OneDrive\Dokumenty\My Games\Knights and Merchants Remake\KaM Remake Settings KingDyronMod.xml'
16:33:55.076     0,120s      42ms   4156    Start loading 'Server settings' from 'C:\Users\szyby\OneDrive\Dokumenty\My Games\Knights and Merchants Remake\KaM Remake Server Settings.ini'
16:33:55.083     0,127s       7ms   4156    'Server settings' was successfully loaded from 'C:\Users\szyby\OneDrive\Dokumenty\My Games\Knights and Merchants Remake\KaM Remake Server Settings.ini'
16:33:55.089     0,134s       7ms   4156    Start saving 'Server settings' to 'C:\Users\szyby\OneDrive\Dokumenty\My Games\Knights and Merchants Remake\KaM Remake Server Settings.ini'
014588f0 KaM_Expansion.exe KM_Settings       106 TKMSettings.SaveToDefaultFile
014589c3 KaM_Expansion.exe KM_Settings       113 TKMSettings.SaveToDefaultFile
014585c1 KaM_Expansion.exe KM_Settings        59 TKMSettings.Create
015968e8 KaM_Expansion.exe KM_ServerSettings 109 TKMServerSettings.Create
0166295f KaM_Expansion.exe KM_GameApp        212 TKMGameApp.Create
01662c73 KaM_Expansion.exe KM_GameApp        264 TKMGameApp.Create
0166e6b2 KaM_Expansion.exe KM_Main           635 TKMMain.ReinitRender
0166e8be KaM_Expansion.exe KM_Main           689 TKMMain.ReinitRender
0166d552 KaM_Expansion.exe KM_Main           281 TKMMain.Start
0166d6ab KaM_Expansion.exe KM_Main           305 TKMMain.Start
018efb2b KaM_Expansion.exe KaM_Expansion     480 initialization
018efb5a KaM_Expansion.exe KaM_Expansion     483 initialization
76c97ba7 KERNEL32.DLL                            BaseThreadInitThunk

16:33:55.101     0,145s      11ms   4156    'Server settings' was successfully saved to 'C:\Users\szyby\OneDrive\Dokumenty\My Games\Knights and Merchants Remake\KaM Remake Server Settings.ini'
16:33:55.107     0,152s       7ms   4156    Init Render started
16:33:55.237     0,281s     129ms   4156    GL_MAX_TEXTURE_SIZE = 32768
16:33:55.244     0,289s       8ms   4156    GL_MAX_VIEWPORT_DIM = 32768
                                      OpenGL Vendor: NVIDIA Corporation
                                      OpenGL Renderer: NVIDIA GeForce RTX 3060 Ti/PCIe/SSE2
                                      OpenGL Version: 4.6.0 NVIDIA 560.94
16:33:55.268     0,313s      24ms   4156    Init Render Done
16:33:55.274     0,319s       6ms   4156    Resource loading state - None
16:33:55.282     0,326s       7ms   4156    Reading palettes ... done
16:33:55.290     0,335s       9ms   4156    Reading GUI.rx
16:33:55.298     0,343s       8ms   4156    Load Sprites started
16:33:55.304     0,349s       6ms   4156    GUI - 977
16:33:55.321     0,366s      17ms   4156    Load Sprites Done
16:33:55.356     0,400s      34ms   4156    Reading GUIMain.rx
16:33:55.364     0,408s       7ms   4156    Load Sprites started
16:33:55.370     0,415s       7ms   4156    GUIMain - 105
16:33:55.419     0,463s      48ms   4156    Load Sprites Done
16:33:55.472     0,517s      54ms   4156    Reading Tileset.rx
16:33:55.480     0,525s       8ms   4156    Load Sprites started
16:33:55.486     0,531s       6ms   4156    Tileset - 5449
16:33:55.499     0,544s      13ms   4156    Load Sprites Done
16:33:55.506     0,551s       7ms   4156    GenerateTerrainTransitions started. Legacy = False
16:33:55.513     0,557s       6ms   4156    TexId = 5451 GenTilesCnt = 2100
16:33:55.519     0,564s       7ms   4156    TexId = 6051; TexId - fGenTexIdStartI = 600; uniqueTex = 600; totalTex = 1350
16:33:55.525     0,570s       6ms   4156    GeneratedMasks cnt = 20
16:33:55.532     0,576s       6ms   4156    GenerateTerrainTransitions Done
16:33:55.538     0,582s       6ms   4156    GenerateTerrainTransitions started. Legacy = True
16:33:55.543     0,588s       6ms   4156    Legacy: TexId = 4999 GenTilesCntTemp = 2030
16:33:55.550     0,594s       6ms   4156    TexId = 5463; TexId - fGenTexIdStartILegacy = 464; uniqueTex = 464; totalTex = 1044
16:33:55.556     0,600s       6ms   4156    GeneratedMasks cnt = 16
16:33:55.561     0,606s       6ms   4156    GenerateTerrainTransitions Done
16:33:55.666     0,711s     105ms   4156    Load font started
16:33:55.705     0,750s      39ms   4156    Font load took 39ms
16:33:55.712     0,756s       6ms   4156    Read fonts is done
16:33:55.730     0,774s      18ms   4156    ReadGFX is done
16:33:55.736     0,781s       7ms   4156    Resource loading state - Menu
16:33:55.744     0,788s       7ms  20548    OpenAL init started
16:33:55.765     0,810s      22ms   4156    Music init done, 24 tracks found
                                      Loading campaign images.rxx for HKS
16:33:55.791     0,835s      25ms  18128    Custom - 1
16:33:55.799     0,843s       8ms  20548    Pre-LoadSFX init ... done
16:33:55.806     0,850s       7ms  20548    ALC_MONO_SOURCES 255
16:33:55.813     0,858s       8ms  20548    ALC_STEREO_SOURCES 1
16:33:55.820     0,864s       6ms   4156    Main menu init done
16:33:55.827     0,871s       7ms  20548    OpenAL init done
16:33:55.848     0,893s      22ms   4156    Check game folder 'E:\programowanie\projekty delphi\kam_expansion\' generic permissions: READ: granted; WRITE: granted; EXECUTE: granted; folder is writable: 
16:33:55.855     0,900s       7ms   4156    LoadGameResources ... AlphaShadows: True. Forced: True
16:33:55.862     0,906s       6ms   4156    TKMResSprites.LoadGameResources
16:33:55.868     0,913s       7ms   4156    [AsyncGameResLoader Thread] Started
16:33:55.875     0,920s       7ms   4156    Resource loading state - Game
16:33:55.882     0,926s       6ms   4156    ToggleFullscreen
16:33:55.888     0,932s       6ms   4156    Form Width/Height: 1040:830
16:33:55.893     0,938s       6ms   4156    Panel Width/Height: 764:748
16:33:55.901     0,945s       7ms  21244    [AsyncGameResLoader Thread] RT = rxTrees Stage = lsLoad
16:33:55.908     0,953s       8ms  21244    [AsyncGameResLoader Thread] Start Load RXX 'Trees.rxx'
16:33:55.915     0,960s       7ms  21244    Load Sprites started
16:33:55.922     0,966s       6ms  21244    Trees - 1227
16:33:56.039     1,083s     117ms  21244    Load Sprites Done
16:33:56.132     1,177s      94ms  21244    [AsyncGameResLoader Thread] DONE Load RXX 'Trees.rxa'
                                      Loading campaign images.rxx for KSN
16:33:56.158     1,202s      25ms  18128    Custom - 1
16:33:56.164     1,208s       6ms   4156    Saving dev settings to file 'kmr_dev.xml'
                                      Loading campaign images.rxx for KSO
16:33:56.223     1,268s      60ms  18128    Custom - 1
16:33:56.232     1,276s       8ms   4156    Saving dev settings to file 'kmr_dev.xml'
16:33:56.239     1,284s       8ms   4156    Game Load Done in 1309
16:33:56.245     1,290s       6ms   4156    [AsyncGameResLoader MainTh] [UpdateStateIdle] GenTextures RT = rxTrees Stage = lsGenMain
16:33:56.257     1,301s      11ms   4156    [AsyncGameResLoader MainTh] [UpdateStateIdle] DONE
16:33:56.264     1,309s       8ms  21244    [AsyncGameResLoader Thread] RT = rxTrees Stage = lsOverload
16:33:56.271     1,315s       6ms  21244    [AsyncGameResLoader Thread] OverloadFromFolder RT = rxTrees
16:33:56.278     1,322s       7ms  21244    [AsyncGameResLoader Thread] DONE OverloadFromFolder RT = rxTrees
                                      Loading campaign images.rxx for KSU
16:33:56.296     1,340s      18ms  18128    Custom - 1
16:33:56.302     1,347s       7ms   4156    [AsyncGameResLoader MainTh] [UpdateStateIdle] GenTextures RT = rxTrees Stage = lsGenOverload
16:33:56.308     1,352s       5ms   4156    [AsyncGameResLoader MainTh] [UpdateStateIdle] DONE
16:33:56.315     1,359s       7ms  21244    [AsyncGameResLoader Thread] RT = rxHouses Stage = lsLoad
16:33:56.321     1,366s       7ms  21244    [AsyncGameResLoader Thread] Start Load RXX 'Houses.rxx'
16:33:56.328     1,372s       6ms  21244    Load Sprites started
16:33:56.335     1,379s       7ms  21244    Houses - 2710
                                      Loading campaign images.rxx for OFL
16:33:56.350     1,395s      16ms  18128    Custom - 1
                                      Loading campaign images.rxx for OER
16:33:56.392     1,437s      42ms  18128    Custom - 1
16:33:56.411     1,456s      18ms  21244    Load Sprites Done
                                      Loading campaign images.rxx for TBK
16:33:56.428     1,473s      17ms  18128    Custom - 1
                                      Loading campaign images.rxx for TPR
16:33:56.484     1,529s      56ms  18128    Custom - 1
                                      Loading campaign images.rxx for TSK
16:33:56.525     1,569s      40ms  18128    Custom - 1
16:33:56.545     1,589s      20ms  21244    [AsyncGameResLoader Thread] DONE Load RXX 'Houses.rxa'
16:33:56.551     1,596s       7ms   4156    [AsyncGameResLoader MainTh] [UpdateStateIdle] GenTextures RT = rxHouses Stage = lsGenMain
                                      Loading campaign images.rxx for TUA
16:33:56.568     1,612s      16ms  18128    Custom - 1
16:33:56.573     1,618s       6ms   4156    [AsyncGameResLoader MainTh] [UpdateStateIdle] DONE
16:33:56.581     1,626s       8ms  21244    [AsyncGameResLoader Thread] RT = rxHouses Stage = lsOverload
16:33:56.588     1,633s       6ms  21244    [AsyncGameResLoader Thread] OverloadFromFolder RT = rxHouses
16:33:56.595     1,640s       7ms  21244    [AsyncGameResLoader Thread] DONE OverloadFromFolder RT = rxHouses
16:33:56.601     1,646s       6ms   4156    [AsyncGameResLoader MainTh] [UpdateStateIdle] GenTextures RT = rxHouses Stage = lsGenOverload
16:33:56.608     1,653s       6ms   4156    [AsyncGameResLoader MainTh] [UpdateStateIdle] DONE
16:33:56.615     1,660s       7ms  21244    [AsyncGameResLoader Thread] RT = rxUnits Stage = lsLoad
16:33:56.621     1,665s       5ms  21244    [AsyncGameResLoader Thread] Start Load RXX 'Units.rxx'
16:33:56.628     1,673s       8ms  21244    Load Sprites started
16:33:56.635     1,680s       7ms  21244    Units - 15213
                                      Loading campaign images.rxx for TMR
16:33:56.720     1,765s      85ms  18128    Custom - 1
16:33:57.102     2,147s     382ms   4156    SetGameState from lgsNone to lgsNone
16:33:57.110     2,154s       7ms  21244    Load Sprites Done
16:33:58.171     3,216s    1062ms   4156    Saving dev settings to file 'kmr_dev.xml'
16:33:58.219     3,264s      48ms  21244    [AsyncGameResLoader Thread] DONE Load RXX 'Units.rxa'
16:33:58.225     3,270s       6ms   4156    [AsyncGameResLoader MainTh] [UpdateStateIdle] GenTextures RT = rxUnits Stage = lsGenMain
16:33:58.284     3,329s      59ms   4156    [AsyncGameResLoader MainTh] [UpdateStateIdle] DONE
16:33:58.292     3,336s       7ms  21244    [AsyncGameResLoader Thread] RT = rxUnits Stage = lsOverload
16:33:58.298     3,343s       7ms  21244    [AsyncGameResLoader Thread] OverloadFromFolder RT = rxUnits
16:33:58.305     3,349s       6ms  21244    [AsyncGameResLoader Thread] DONE OverloadFromFolder RT = rxUnits
16:33:58.322     3,366s      17ms   4156    [AsyncGameResLoader MainTh] [UpdateStateIdle] GenTextures RT = rxUnits Stage = lsGenOverload
16:33:58.329     3,374s       8ms   4156    [AsyncGameResLoader Thread] Stopped
16:33:58.335     3,380s       6ms   4156    [AsyncGameResLoader MainTh] [UpdateStateIdle] DONE
16:33:59.729     4,773s    1393ms   4156    Server: Listening on port 56789
16:33:59.736     4,780s       7ms   4156    SetGameState from lgsNone to lgsConnecting
16:33:59.748     4,793s      13ms   4156    Server: Host rights assigned to 15
16:33:59.755     4,800s       7ms   4156    Server: Client 15 has connected to room 0
16:33:59.799     4,843s      43ms   4156    SetGameState from lgsConnecting to lgsLobby
16:34:10.879    15,924s   11081ms   4156    Saving dev settings to file 'kmr_dev.xml'
16:34:10.887    15,932s       8ms   4156    Stopping game application...
16:34:10.894    15,938s       6ms   4156    Start saving 'Server settings' to 'C:\Users\szyby\OneDrive\Dokumenty\My Games\Knights and Merchants Remake\KaM Remake Server Settings.ini'
014588f0 KaM_Expansion.exe KM_Settings        106 TKMSettings.SaveToDefaultFile
014589c3 KaM_Expansion.exe KM_Settings        113 TKMSettings.SaveToDefaultFile
014585fc KaM_Expansion.exe KM_Settings         65 TKMSettings.Destroy
0159692e KaM_Expansion.exe KM_ServerSettings  117 TKMServerSettings.Destroy
00eba764 KaM_Expansion.exe System              23 TObject.Free
01188fe4 KaM_Expansion.exe KromUtils          281 FreeThenNil
01662e9f KaM_Expansion.exe KM_GameApp         299 TKMGameApp.Destroy
00eba764 KaM_Expansion.exe System              23 TObject.Free
01188fe4 KaM_Expansion.exe KromUtils          281 FreeThenNil
0166dacd KaM_Expansion.exe KM_Main            376 TKMMain.Stop
0166dbac KaM_Expansion.exe KM_Main            405 TKMMain.Stop
018da2f9 KaM_Expansion.exe KM_FormMain       2212 TFormMain.FormClose
01132df7 KaM_Expansion.exe Vcl.Forms              TCustomForm.DoClose
011387e5 KaM_Expansion.exe Vcl.Forms              TCustomForm.Close
01137424 KaM_Expansion.exe Vcl.Forms              TCustomForm.WMClose
01082cfa KaM_Expansion.exe Vcl.Controls           TControl.WndProc
01087ec1 KaM_Expansion.exe Vcl.Controls           TWinControl.WndProc
01133a38 KaM_Expansion.exe Vcl.Forms              TCustomForm.WndProc
01133a53 KaM_Expansion.exe Vcl.Forms              TCustomForm.WndProc
018d9de5 KaM_Expansion.exe KM_FormMain       2051 TFormMain.WndProc

16:34:10.916    15,961s      23ms   4156    'Server settings' was successfully saved to 'C:\Users\szyby\OneDrive\Dokumenty\My Games\Knights and Merchants Remake\KaM Remake Server Settings.ini'
16:34:11.131    16,175s     214ms   4156    Server destroyed
16:34:11.141    16,186s      11ms   4156    Start saving 'GameApp settings' to 'C:\Users\szyby\OneDrive\Dokumenty\My Games\Knights and Merchants Remake\KaM Remake Settings KingDyronMod.xml'
014588f0 KaM_Expansion.exe KM_Settings         106 TKMSettings.SaveToDefaultFile
014589c3 KaM_Expansion.exe KM_Settings         113 TKMSettings.SaveToDefaultFile
014585fc KaM_Expansion.exe KM_Settings          65 TKMSettings.Destroy
01458d56 KaM_Expansion.exe KM_SettingsXML       44 TKMSettingsXML.Destroy
01459082 KaM_Expansion.exe KM_GameAppSettings   57 TKMGameAppSettings.Destroy
00eba764 KaM_Expansion.exe System               23 TObject.Free
01188fe4 KaM_Expansion.exe KromUtils           281 FreeThenNil
0166dad7 KaM_Expansion.exe KM_Main             378 TKMMain.Stop
0166dbac KaM_Expansion.exe KM_Main             405 TKMMain.Stop
018da2f9 KaM_Expansion.exe KM_FormMain        2212 TFormMain.FormClose
01132df7 KaM_Expansion.exe Vcl.Forms               TCustomForm.DoClose
011387e5 KaM_Expansion.exe Vcl.Forms               TCustomForm.Close
01137424 KaM_Expansion.exe Vcl.Forms               TCustomForm.WMClose
01082cfa KaM_Expansion.exe Vcl.Controls            TControl.WndProc
01087ec1 KaM_Expansion.exe Vcl.Controls            TWinControl.WndProc
01133a38 KaM_Expansion.exe Vcl.Forms               TCustomForm.WndProc
01133a53 KaM_Expansion.exe Vcl.Forms               TCustomForm.WndProc
018d9de5 KaM_Expansion.exe KM_FormMain        2051 TFormMain.WndProc
010873cc KaM_Expansion.exe Vcl.Controls            TWinControl.MainWndProc
010873e7 KaM_Expansion.exe Vcl.Controls            TWinControl.MainWndProc

16:34:11.157    16,201s      15ms   4156    'GameApp settings' was successfully saved to 'C:\Users\szyby\OneDrive\Dokumenty\My Games\Knights and Merchants Remake\KaM Remake Settings KingDyronMod.xml'
