   Timestamp    Elapsed     Delta  Thread    Description
========================
    Date: 2024.12.28
========================
15:20:29.097     0,001s       1ms   2152    Log is up and running. Game version: KaM Expansion: Co-op & World Update
15:20:29.102     0,006s       5ms   2152    Game Load started
15:20:29.193     0,096s      90ms   2152    Start loading 'GameApp settings' from 'C:\Users\szyby\OneDrive\Dokumenty\My Games\Knights and Merchants Remake\KaM Remake Settings KingDyronMod.xml'
15:20:29.199     0,102s       5ms   2152    'GameApp settings' was successfully loaded from 'C:\Users\szyby\OneDrive\Dokumenty\My Games\Knights and Merchants Remake\KaM Remake Settings KingDyronMod.xml'
15:20:29.215     0,119s       5ms   2152    Start saving 'GameApp settings' to 'C:\Users\szyby\OneDrive\Dokumenty\My Games\Knights and Merchants Remake\KaM Remake Settings KingDyronMod.xml'
01351f18 KaM_Expansion.exe KM_Settings        106 TKMSettings.SaveToDefaultFile
01351feb KaM_Expansion.exe KM_Settings        113 TKMSettings.SaveToDefaultFile
01351be9 KaM_Expansion.exe KM_Settings         59 TKMSettings.Create
01352326 KaM_Expansion.exe KM_SettingsXML      38 TKMSettingsXML.Create
01352667 KaM_Expansion.exe KM_GameAppSettings  51 TKMGameAppSettings.Create
0156b1d8 KaM_Expansion.exe KM_Main            258 TKMMain.Start
0156b45c KaM_Expansion.exe KM_Main            305 TKMMain.Start
017e8b2b KaM_Expansion.exe KaM_Expansion      479 initialization
017e8b5a KaM_Expansion.exe KaM_Expansion      482 initialization
76df7ba7 KERNEL32.DLL                             BaseThreadInitThunk

15:20:29.252     0,156s      37ms   2152    'GameApp settings' was successfully saved to 'C:\Users\szyby\OneDrive\Dokumenty\My Games\Knights and Merchants Remake\KaM Remake Settings KingDyronMod.xml'
15:20:29.289     0,193s      36ms   2152    Start loading 'Server settings' from 'C:\Users\szyby\OneDrive\Dokumenty\My Games\Knights and Merchants Remake\KaM Remake Server Settings.ini'
15:20:29.296     0,200s       7ms   2152    'Server settings' was successfully loaded from 'C:\Users\szyby\OneDrive\Dokumenty\My Games\Knights and Merchants Remake\KaM Remake Server Settings.ini'
15:20:29.302     0,206s       6ms   2152    Start saving 'Server settings' to 'C:\Users\szyby\OneDrive\Dokumenty\My Games\Knights and Merchants Remake\KaM Remake Server Settings.ini'
01351f18 KaM_Expansion.exe KM_Settings       106 TKMSettings.SaveToDefaultFile
01351feb KaM_Expansion.exe KM_Settings       113 TKMSettings.SaveToDefaultFile
01351be9 KaM_Expansion.exe KM_Settings        59 TKMSettings.Create
01494450 KaM_Expansion.exe KM_ServerSettings 109 TKMServerSettings.Create
01560558 KaM_Expansion.exe KM_GameApp        213 TKMGameApp.Create
015609aa KaM_Expansion.exe KM_GameApp        295 TKMGameApp.Create
0156c482 KaM_Expansion.exe KM_Main           635 TKMMain.ReinitRender
0156c68e KaM_Expansion.exe KM_Main           689 TKMMain.ReinitRender
0156b2ee KaM_Expansion.exe KM_Main           281 TKMMain.Start
0156b45c KaM_Expansion.exe KM_Main           305 TKMMain.Start
017e8b2b KaM_Expansion.exe KaM_Expansion     479 initialization
017e8b5a KaM_Expansion.exe KaM_Expansion     482 initialization
76df7ba7 KERNEL32.DLL                            BaseThreadInitThunk

15:20:29.316     0,219s      13ms   2152    'Server settings' was successfully saved to 'C:\Users\szyby\OneDrive\Dokumenty\My Games\Knights and Merchants Remake\KaM Remake Server Settings.ini'
15:20:29.322     0,226s       7ms   2152    Init Render started
15:20:29.484     0,388s     162ms   2152    GL_MAX_TEXTURE_SIZE = 32768
15:20:29.492     0,396s       8ms   2152    GL_MAX_VIEWPORT_DIM = 32768
                                      OpenGL Vendor: NVIDIA Corporation
                                      OpenGL Renderer: NVIDIA GeForce RTX 3060 Ti/PCIe/SSE2
                                      OpenGL Version: 4.6.0 NVIDIA 560.81
15:20:29.524     0,428s      32ms   2152    Init Render Done
15:20:29.530     0,433s       5ms   2152    Resource loading state - None
15:20:29.536     0,440s       7ms   2152    Reading palettes ... done
15:20:29.546     0,450s      10ms   2152    Reading GUI.rx
15:20:29.553     0,457s       7ms   2152    Load Sprites started
15:20:29.561     0,464s       7ms   2152    GUI - 966
15:20:29.583     0,487s      23ms   2152    Load Sprites Done
15:20:29.618     0,521s      34ms   2152    Reading GUIMain.rx
15:20:29.626     0,529s       7ms   2152    Load Sprites started
15:20:29.633     0,537s       8ms   2152    GUIMain - 105
15:20:29.688     0,592s      55ms   2152    Load Sprites Done
15:20:29.743     0,646s      54ms   2152    Reading Tileset.rx
15:20:29.751     0,654s       8ms   2152    Load Sprites started
15:20:29.758     0,661s       7ms   2152    Tileset - 5449
15:20:29.776     0,680s      19ms   2152    Load Sprites Done
15:20:29.783     0,687s       7ms   2152    GenerateTerrainTransitions started. Legacy = False
15:20:29.789     0,693s       6ms   2152    TexId = 5451 GenTilesCnt = 2100
15:20:29.796     0,699s       6ms   2152    TexId = 6051; TexId - fGenTexIdStartI = 600; uniqueTex = 600; totalTex = 1350
15:20:29.802     0,705s       6ms   2152    GeneratedMasks cnt = 20
15:20:29.809     0,713s       8ms   2152    GenerateTerrainTransitions Done
15:20:29.816     0,719s       6ms   2152    GenerateTerrainTransitions started. Legacy = True
15:20:29.823     0,727s       8ms   2152    Legacy: TexId = 4999 GenTilesCntTemp = 2030
15:20:29.830     0,734s       7ms   2152    TexId = 5463; TexId - fGenTexIdStartILegacy = 464; uniqueTex = 464; totalTex = 1044
15:20:29.836     0,739s       5ms   2152    GeneratedMasks cnt = 16
15:20:29.843     0,746s       7ms   2152    GenerateTerrainTransitions Done
15:20:29.947     0,851s     105ms   2152    Load font started
15:20:29.983     0,886s      35ms   2152    Font load took 35ms
15:20:29.990     0,893s       7ms   2152    Read fonts is done
15:20:30.006     0,910s      17ms   2152    ReadGFX is done
15:20:30.013     0,916s       6ms   2152    Resource loading state - Menu
15:20:30.020     0,924s       8ms  10728    OpenAL init started
15:20:30.043     0,946s      22ms   2152    Music init done, 24 tracks found
                                      Loading campaign images.rxx for HKS
15:20:30.068     0,971s      25ms  14788    Custom - 1
15:20:30.079     0,983s      12ms   2152    Main menu init done
15:20:30.087     0,991s       8ms  10728    Pre-LoadSFX init ... done
15:20:30.094     0,997s       6ms  10728    ALC_MONO_SOURCES 255
15:20:30.100     1,003s       6ms  10728    ALC_STEREO_SOURCES 1
15:20:30.105     1,009s       6ms  10728    OpenAL init done
15:20:30.114     1,018s       9ms   2152    Check game folder 'E:\programowanie\projekty delphi\kam_expansion\' generic permissions: READ: granted; WRITE: granted; EXECUTE: granted; folder is writable: 
15:20:30.121     1,025s       7ms   2152    LoadGameResources ... AlphaShadows: True. Forced: True
15:20:30.126     1,030s       5ms   2152    TKMResSprites.LoadGameResources
15:20:30.133     1,037s       7ms   2152    [AsyncGameResLoader Thread] Started
15:20:30.139     1,043s       6ms   2152    Resource loading state - Game
15:20:30.144     1,048s       5ms   2152    ToggleFullscreen
15:20:30.150     1,054s       6ms   2152    Form Width/Height: 1040:853
15:20:30.156     1,060s       6ms   2152    Panel Width/Height: 1024:814
15:20:30.161     1,065s       5ms   9072    [AsyncGameResLoader Thread] RT = rxTrees Stage = lsLoad
15:20:30.168     1,072s       7ms   9072    [AsyncGameResLoader Thread] Start Load RXX 'Trees.rxx'
15:20:30.175     1,078s       6ms   9072    Load Sprites started
15:20:30.183     1,087s       8ms   9072    Trees - 1216
                                      Loading campaign images.rxx for KSN
15:20:30.202     1,105s      18ms  14788    Custom - 1
15:20:30.210     1,114s       8ms   2152    Saving dev settings to file 'kmr_dev.xml'
15:20:30.244     1,148s      34ms   2152    Saving dev settings to file 'kmr_dev.xml'
15:20:30.250     1,154s       6ms   2152    Game Load Done in 1176
                                      Loading campaign images.rxx for KSO
15:20:30.279     1,183s      29ms  14788    Custom - 1
                                      Loading campaign images.rxx for KSU
15:20:30.338     1,242s      58ms  14788    Custom - 1
15:20:30.377     1,280s      38ms   9072    Load Sprites Done
                                      Loading campaign images.rxx for OFL
15:20:30.396     1,300s      20ms  14788    Custom - 1
                                      Loading campaign images.rxx for OER
15:20:30.440     1,343s      43ms  14788    Custom - 1
15:20:30.474     1,377s      34ms   9072    [AsyncGameResLoader Thread] DONE Load RXX 'Trees.rxa'
15:20:30.481     1,384s       7ms   2152    [AsyncGameResLoader MainTh] [UpdateStateIdle] GenTextures RT = rxTrees Stage = lsGenMain
                                      Loading campaign images.rxx for TBK
15:20:30.497     1,400s      16ms  14788    Custom - 1
15:20:30.503     1,407s       7ms   2152    [AsyncGameResLoader MainTh] [UpdateStateIdle] DONE
15:20:30.509     1,413s       6ms   9072    [AsyncGameResLoader Thread] RT = rxTrees Stage = lsOverload
15:20:30.516     1,419s       6ms   9072    [AsyncGameResLoader Thread] OverloadFromFolder RT = rxTrees
                                      Loading campaign images.rxx for TPR
15:20:30.567     1,471s      52ms  14788    Custom - 1
15:20:30.581     1,484s      13ms   9072    [AsyncGameResLoader Thread] DONE OverloadFromFolder RT = rxTrees
15:20:30.589     1,493s       9ms   2152    [AsyncGameResLoader MainTh] [UpdateStateIdle] GenTextures RT = rxTrees Stage = lsGenOverload
15:20:30.596     1,499s       6ms   2152    [AsyncGameResLoader MainTh] [UpdateStateIdle] DONE
15:20:30.603     1,507s       7ms   9072    [AsyncGameResLoader Thread] RT = rxHouses Stage = lsLoad
15:20:30.609     1,513s       6ms   9072    [AsyncGameResLoader Thread] Start Load RXX 'Houses.rxx'
15:20:30.616     1,519s       6ms   9072    Load Sprites started
                                      Loading campaign images.rxx for TSK
15:20:30.629     1,532s      13ms   9072    Houses - 2709
15:20:30.635     1,539s       7ms  14788    Custom - 1
                                      Loading campaign images.rxx for TUA
15:20:30.689     1,592s      53ms  14788    Custom - 1
15:20:30.826     1,730s     138ms   2152    Saving dev settings to file 'kmr_dev.xml'
15:20:30.839     1,742s      12ms   2152    Stopping game application...
15:20:30.861     1,764s      22ms   9072    Load Sprites Done
                                      Loading campaign images.rxx for TMR
15:20:30.884     1,788s      24ms  14788    Custom - 1
15:20:30.991     1,894s     105ms   9072    [AsyncGameResLoader Thread] DONE Load RXX 'Houses.rxa'
15:20:31.020     1,923s      29ms   2152    Start saving 'Server settings' to 'C:\Users\szyby\OneDrive\Dokumenty\My Games\Knights and Merchants Remake\KaM Remake Server Settings.ini'
01351f18 KaM_Expansion.exe KM_Settings        106 TKMSettings.SaveToDefaultFile
01351feb KaM_Expansion.exe KM_Settings        113 TKMSettings.SaveToDefaultFile
01351c24 KaM_Expansion.exe KM_Settings         65 TKMSettings.Destroy
01494496 KaM_Expansion.exe KM_ServerSettings  117 TKMServerSettings.Destroy
00dba764 KaM_Expansion.exe System              20 TObject.Free
01089804 KaM_Expansion.exe KromUtils          281 FreeThenNil
01560c07 KaM_Expansion.exe KM_GameApp         330 TKMGameApp.Destroy
00dba764 KaM_Expansion.exe System              20 TObject.Free
01089804 KaM_Expansion.exe KromUtils          281 FreeThenNil
0156b89d KaM_Expansion.exe KM_Main            376 TKMMain.Stop
0156b97c KaM_Expansion.exe KM_Main            405 TKMMain.Stop
017d3405 KaM_Expansion.exe KM_FormMain       2212 TFormMain.FormClose
010336a7 KaM_Expansion.exe Vcl.Forms              TCustomForm.DoClose
01039095 KaM_Expansion.exe Vcl.Forms              TCustomForm.Close
01037cd4 KaM_Expansion.exe Vcl.Forms              TCustomForm.WMClose
00f82cfa KaM_Expansion.exe Vcl.Controls           TControl.WndProc
00f87ec1 KaM_Expansion.exe Vcl.Controls           TWinControl.WndProc
010342e8 KaM_Expansion.exe Vcl.Forms              TCustomForm.WndProc
01034303 KaM_Expansion.exe Vcl.Forms              TCustomForm.WndProc
017d2ef1 KaM_Expansion.exe KM_FormMain       2051 TFormMain.WndProc

15:20:31.041     1,944s      21ms   2152    'Server settings' was successfully saved to 'C:\Users\szyby\OneDrive\Dokumenty\My Games\Knights and Merchants Remake\KaM Remake Server Settings.ini'
15:20:31.046     1,950s       6ms   2152    [AsyncGameResLoader Thread] Stopped
15:20:31.274     2,178s     228ms   2152    Start saving 'GameApp settings' to 'C:\Users\szyby\OneDrive\Dokumenty\My Games\Knights and Merchants Remake\KaM Remake Settings KingDyronMod.xml'
01351f18 KaM_Expansion.exe KM_Settings         106 TKMSettings.SaveToDefaultFile
01351feb KaM_Expansion.exe KM_Settings         113 TKMSettings.SaveToDefaultFile
01351c24 KaM_Expansion.exe KM_Settings          65 TKMSettings.Destroy
0135237e KaM_Expansion.exe KM_SettingsXML       44 TKMSettingsXML.Destroy
013526aa KaM_Expansion.exe KM_GameAppSettings   57 TKMGameAppSettings.Destroy
00dba764 KaM_Expansion.exe System               20 TObject.Free
01089804 KaM_Expansion.exe KromUtils           281 FreeThenNil
0156b8a7 KaM_Expansion.exe KM_Main             378 TKMMain.Stop
0156b97c KaM_Expansion.exe KM_Main             405 TKMMain.Stop
017d3405 KaM_Expansion.exe KM_FormMain        2212 TFormMain.FormClose
010336a7 KaM_Expansion.exe Vcl.Forms               TCustomForm.DoClose
01039095 KaM_Expansion.exe Vcl.Forms               TCustomForm.Close
01037cd4 KaM_Expansion.exe Vcl.Forms               TCustomForm.WMClose
00f82cfa KaM_Expansion.exe Vcl.Controls            TControl.WndProc
00f87ec1 KaM_Expansion.exe Vcl.Controls            TWinControl.WndProc
010342e8 KaM_Expansion.exe Vcl.Forms               TCustomForm.WndProc
01034303 KaM_Expansion.exe Vcl.Forms               TCustomForm.WndProc
017d2ef1 KaM_Expansion.exe KM_FormMain        2051 TFormMain.WndProc
00f873cc KaM_Expansion.exe Vcl.Controls            TWinControl.MainWndProc
00f873e7 KaM_Expansion.exe Vcl.Controls            TWinControl.MainWndProc

15:20:31.289     2,193s      15ms   2152    'GameApp settings' was successfully saved to 'C:\Users\szyby\OneDrive\Dokumenty\My Games\Knights and Merchants Remake\KaM Remake Settings KingDyronMod.xml'
