   Timestamp    Elapsed     Delta  Thread    Description
========================
    Date: 2025.01.04
========================
19:40:35.863     0,001s       1ms  15332    Log is up and running. Game version: KaM Expansion: Co-op & World Update
19:40:35.869     0,007s       6ms  15332    Game Load started
19:40:35.879     0,017s      10ms  15332    Start loading 'GameApp settings' from 'C:\Users\szyby\OneDrive\Dokumenty\My Games\Knights and Merchants Remake\KaM Remake Settings KingDyronMod.xml'
19:40:35.885     0,022s       5ms  15332    'GameApp settings' was successfully loaded from 'C:\Users\szyby\OneDrive\Dokumenty\My Games\Knights and Merchants Remake\KaM Remake Settings KingDyronMod.xml'
19:40:35.891     0,028s       6ms  15332    Start saving 'GameApp settings' to 'C:\Users\szyby\OneDrive\Dokumenty\My Games\Knights and Merchants Remake\KaM Remake Settings KingDyronMod.xml'
00e68220 KaM_Expansion.exe KM_Settings        106 TKMSettings.SaveToDefaultFile
00e682f3 KaM_Expansion.exe KM_Settings        113 TKMSettings.SaveToDefaultFile
00e67ef1 KaM_Expansion.exe KM_Settings         59 TKMSettings.Create
00e6862e KaM_Expansion.exe KM_SettingsXML      38 TKMSettingsXML.Create
00e6896f KaM_Expansion.exe KM_GameAppSettings  51 TKMGameAppSettings.Create
0107cc18 KaM_Expansion.exe KM_Main            258 TKMMain.Start
0107ce87 KaM_Expansion.exe KM_Main            305 TKMMain.Start
012fcb2b KaM_Expansion.exe KaM_Expansion      480 initialization
012fcb5a KaM_Expansion.exe KaM_Expansion      483 initialization
76c97ba7 KERNEL32.DLL                             BaseThreadInitThunk

19:40:35.929     0,067s      39ms  15332    'GameApp settings' was successfully saved to 'C:\Users\szyby\OneDrive\Dokumenty\My Games\Knights and Merchants Remake\KaM Remake Settings KingDyronMod.xml'
19:40:35.959     0,097s      30ms  15332    Start loading 'Server settings' from 'C:\Users\szyby\OneDrive\Dokumenty\My Games\Knights and Merchants Remake\KaM Remake Server Settings.ini'
19:40:35.966     0,103s       6ms  15332    'Server settings' was successfully loaded from 'C:\Users\szyby\OneDrive\Dokumenty\My Games\Knights and Merchants Remake\KaM Remake Server Settings.ini'
19:40:35.973     0,110s       7ms  15332    Start saving 'Server settings' to 'C:\Users\szyby\OneDrive\Dokumenty\My Games\Knights and Merchants Remake\KaM Remake Server Settings.ini'
00e68220 KaM_Expansion.exe KM_Settings       106 TKMSettings.SaveToDefaultFile
00e682f3 KaM_Expansion.exe KM_Settings       113 TKMSettings.SaveToDefaultFile
00e67ef1 KaM_Expansion.exe KM_Settings        59 TKMSettings.Create
00fa5ec4 KaM_Expansion.exe KM_ServerSettings 109 TKMServerSettings.Create
01071fcc KaM_Expansion.exe KM_GameApp        213 TKMGameApp.Create
0107241e KaM_Expansion.exe KM_GameApp        295 TKMGameApp.Create
0107de8e KaM_Expansion.exe KM_Main           635 TKMMain.ReinitRender
0107e09a KaM_Expansion.exe KM_Main           689 TKMMain.ReinitRender
0107cd2e KaM_Expansion.exe KM_Main           281 TKMMain.Start
0107ce87 KaM_Expansion.exe KM_Main           305 TKMMain.Start
012fcb2b KaM_Expansion.exe KaM_Expansion     480 initialization
012fcb5a KaM_Expansion.exe KaM_Expansion     483 initialization
76c97ba7 KERNEL32.DLL                            BaseThreadInitThunk

19:40:35.985     0,123s      13ms  15332    'Server settings' was successfully saved to 'C:\Users\szyby\OneDrive\Dokumenty\My Games\Knights and Merchants Remake\KaM Remake Server Settings.ini'
19:40:35.992     0,130s       7ms  15332    Init Render started
19:40:36.127     0,264s     134ms  15332    GL_MAX_TEXTURE_SIZE = 32768
19:40:36.134     0,272s       8ms  15332    GL_MAX_VIEWPORT_DIM = 32768
                                      OpenGL Vendor: NVIDIA Corporation
                                      OpenGL Renderer: NVIDIA GeForce RTX 3060 Ti/PCIe/SSE2
                                      OpenGL Version: 4.6.0 NVIDIA 560.94
19:40:36.159     0,297s      25ms  15332    Init Render Done
19:40:36.166     0,303s       6ms  15332    Resource loading state - None
19:40:36.173     0,310s       7ms  15332    Reading palettes ... done
19:40:36.181     0,319s       9ms  15332    Reading GUI.rx
19:40:36.188     0,326s       7ms  15332    Load Sprites started
19:40:36.195     0,333s       7ms  15332    GUI - 966
19:40:36.217     0,355s      22ms  15332    Load Sprites Done
19:40:36.252     0,389s      34ms  15332    Reading GUIMain.rx
19:40:36.260     0,398s       9ms  15332    Load Sprites started
19:40:36.268     0,405s       7ms  15332    GUIMain - 105
19:40:36.320     0,458s      53ms  15332    Load Sprites Done
19:40:36.375     0,513s      55ms  15332    Reading Tileset.rx
19:40:36.381     0,519s       6ms  15332    Load Sprites started
19:40:36.388     0,525s       6ms  15332    Tileset - 5449
19:40:36.425     0,562s      37ms  15332    Load Sprites Done
19:40:36.431     0,569s       7ms  15332    GenerateTerrainTransitions started. Legacy = False
19:40:36.438     0,575s       6ms  15332    TexId = 5451 GenTilesCnt = 2100
19:40:36.447     0,585s      10ms  15332    TexId = 6051; TexId - fGenTexIdStartI = 600; uniqueTex = 600; totalTex = 1350
19:40:36.455     0,592s       7ms  15332    GeneratedMasks cnt = 20
19:40:36.463     0,600s       7ms  15332    GenerateTerrainTransitions Done
19:40:36.468     0,606s       6ms  15332    GenerateTerrainTransitions started. Legacy = True
19:40:36.475     0,612s       6ms  15332    Legacy: TexId = 4999 GenTilesCntTemp = 2030
19:40:36.482     0,619s       6ms  15332    TexId = 5463; TexId - fGenTexIdStartILegacy = 464; uniqueTex = 464; totalTex = 1044
19:40:36.487     0,625s       6ms  15332    GeneratedMasks cnt = 16
19:40:36.495     0,632s       7ms  15332    GenerateTerrainTransitions Done
19:40:36.603     0,741s     109ms  15332    Load font started
19:40:36.640     0,778s      37ms  15332    Font load took 37ms
19:40:36.647     0,785s       7ms  15332    Read fonts is done
19:40:36.664     0,802s      17ms  15332    ReadGFX is done
19:40:36.671     0,809s       7ms  15332    Resource loading state - Menu
19:40:36.680     0,817s       8ms   8992    OpenAL init started
19:40:37.307     1,445s     628ms  15332    Music init done, 24 tracks found
                                      Loading campaign images.rxx for HKS
19:40:37.332     1,470s      25ms  16496    Custom - 1
19:40:37.342     1,480s      10ms   8992    Pre-LoadSFX init ... done
19:40:37.350     1,488s       8ms   8992    ALC_MONO_SOURCES 255
19:40:37.356     1,494s       6ms   8992    ALC_STEREO_SOURCES 1
19:40:37.362     1,500s       6ms  15332    Main menu init done
19:40:37.368     1,506s       6ms   8992    OpenAL init done
19:40:37.392     1,529s      22ms  15332    Check game folder 'E:\programowanie\projekty delphi\kam_expansion\' generic permissions: READ: granted; WRITE: granted; EXECUTE: granted; folder is writable: 
19:40:37.398     1,536s       7ms  15332    LoadGameResources ... AlphaShadows: True. Forced: True
19:40:37.405     1,542s       6ms  15332    TKMResSprites.LoadGameResources
19:40:37.412     1,549s       7ms  15332    [AsyncGameResLoader Thread] Started
19:40:37.417     1,555s       6ms  15332    Resource loading state - Game
19:40:37.423     1,561s       6ms  15332    ToggleFullscreen
19:40:37.429     1,566s       5ms  15332    Form Width/Height: 1040:759
19:40:37.435     1,573s       7ms  15332    Panel Width/Height: 1024:720
19:40:37.442     1,580s       7ms  19024    [AsyncGameResLoader Thread] RT = rxTrees Stage = lsLoad
19:40:37.450     1,587s       7ms  19024    [AsyncGameResLoader Thread] Start Load RXX 'Trees.rxx'
19:40:37.459     1,597s      10ms  19024    Load Sprites started
19:40:37.467     1,605s       8ms  19024    Trees - 1216
19:40:37.477     1,615s      10ms  15332    Saving dev settings to file 'kmr_dev.xml'
                                      Loading campaign images.rxx for KSN
19:40:37.493     1,630s      15ms  16496    Custom - 1
19:40:37.500     1,638s       8ms  15332    Saving dev settings to file 'kmr_dev.xml'
19:40:37.507     1,644s       6ms  15332    Game Load Done in 1667
                                      Loading campaign images.rxx for KSO
19:40:37.578     1,716s      72ms  16496    Custom - 1
19:40:37.621     1,759s      43ms  19024    Load Sprites Done
                                      Loading campaign images.rxx for KSU
19:40:37.648     1,786s      27ms  16496    Custom - 1
                                      Loading campaign images.rxx for OFL
19:40:37.708     1,846s      60ms  16496    Custom - 1
19:40:37.717     1,854s       8ms  19024    [AsyncGameResLoader Thread] DONE Load RXX 'Trees.rxa'
19:40:37.733     1,871s      17ms  15332    [AsyncGameResLoader MainTh] [UpdateStateIdle] GenTextures RT = rxTrees Stage = lsGenMain
19:40:37.745     1,882s      11ms  15332    [AsyncGameResLoader MainTh] [UpdateStateIdle] DONE
19:40:37.751     1,888s       6ms  19024    [AsyncGameResLoader Thread] RT = rxTrees Stage = lsOverload
19:40:37.757     1,895s       7ms  19024    [AsyncGameResLoader Thread] OverloadFromFolder RT = rxTrees
                                      Loading campaign images.rxx for OER
19:40:37.769     1,907s      12ms  16496    Custom - 1
19:40:37.776     1,914s       6ms  19024    [AsyncGameResLoader Thread] DONE OverloadFromFolder RT = rxTrees
19:40:37.791     1,928s      13ms  15332    [AsyncGameResLoader MainTh] [UpdateStateIdle] GenTextures RT = rxTrees Stage = lsGenOverload
19:40:37.798     1,936s       8ms  15332    [AsyncGameResLoader MainTh] [UpdateStateIdle] DONE
19:40:37.804     1,942s       6ms  19024    [AsyncGameResLoader Thread] RT = rxHouses Stage = lsLoad
                                      Loading campaign images.rxx for TBK
19:40:37.816     1,954s      12ms  19024    [AsyncGameResLoader Thread] Start Load RXX 'Houses.rxx'
19:40:37.822     1,960s       6ms  19024    Load Sprites started
19:40:37.828     1,966s       6ms  16496    Custom - 1
19:40:37.835     1,973s       7ms  19024    Houses - 2709
                                      Loading campaign images.rxx for TPR
19:40:37.899     2,036s      63ms  16496    Custom - 1
                                      Loading campaign images.rxx for TSK
19:40:37.949     2,087s      51ms  16496    Custom - 1
                                      Loading campaign images.rxx for TUA
19:40:37.987     2,125s      38ms  16496    Custom - 1
19:40:38.016     2,153s      28ms  19024    Load Sprites Done
                                      Loading campaign images.rxx for TMR
19:40:38.138     2,276s     123ms  16496    Custom - 1
19:40:38.152     2,289s      13ms  19024    [AsyncGameResLoader Thread] DONE Load RXX 'Houses.rxa'
19:40:38.159     2,297s       8ms  15332    [AsyncGameResLoader MainTh] [UpdateStateIdle] GenTextures RT = rxHouses Stage = lsGenMain
19:40:38.173     2,311s      14ms  15332    [AsyncGameResLoader MainTh] [UpdateStateIdle] DONE
19:40:38.180     2,318s       7ms  19024    [AsyncGameResLoader Thread] RT = rxHouses Stage = lsOverload
19:40:38.187     2,325s       7ms  19024    [AsyncGameResLoader Thread] OverloadFromFolder RT = rxHouses
19:40:38.299     2,437s     112ms  19024    [AsyncGameResLoader Thread] DONE OverloadFromFolder RT = rxHouses
19:40:38.326     2,464s      27ms  15332    [AsyncGameResLoader MainTh] [UpdateStateIdle] GenTextures RT = rxHouses Stage = lsGenOverload
19:40:38.333     2,471s       7ms  15332    [AsyncGameResLoader MainTh] [UpdateStateIdle] DONE
19:40:38.340     2,477s       6ms  19024    [AsyncGameResLoader Thread] RT = rxUnits Stage = lsLoad
19:40:38.347     2,484s       7ms  19024    [AsyncGameResLoader Thread] Start Load RXX 'Units.rxx'
19:40:38.353     2,490s       6ms  19024    Load Sprites started
19:40:38.359     2,497s       7ms  19024    Units - 14845
19:40:39.152     3,290s     793ms  19024    Load Sprites Done
19:40:39.723     3,860s     570ms   2664    Error while loading game info from save of unsupported version r15833
19:40:39.730     3,868s       8ms   2664    Error while loading game info from save of unsupported version r15833
19:40:39.736     3,873s       5ms   2664    Error while loading game info from save of unsupported version r15833
19:40:39.744     3,882s       9ms   2664    Error while loading game info from save of unsupported version r15833
19:40:39.750     3,888s       6ms   2664    Error while loading game info from save of unsupported version r15833
19:40:39.758     3,895s       7ms   2664    Error while loading game info from save of unsupported version r15833
19:40:39.765     3,903s       8ms   2664    Error while loading game info from save of unsupported version r15833
19:40:39.772     3,910s       7ms   2664    Error while loading game info from save of unsupported version r15833
19:40:39.779     3,916s       6ms   2664    Error loading save 'Bridge Disaster'
19:40:39.785     3,923s       7ms   2664    Error loading save 'Bridge Disaster 2024-07-21 #1'
19:40:39.791     3,929s       6ms   2664    Error loading save 'Bridge Disaster 2024-07-22 #1'
19:40:39.798     3,936s       7ms   2664    Error loading save 'Bridge Disaster 2024-07-24 #1'
19:40:39.804     3,942s       6ms   2664    Error while loading game info from save of unsupported version r15833
19:40:39.811     3,949s       6ms   2664    Error loading save 'Nowa Misja 2024-08-11 #1'
19:40:39.818     3,956s       6ms   2664    Error loading save 'Nowa Misja 2024-08-11 #2'
19:40:39.824     3,962s       7ms   2664    Error loading save 'Nowa Misja 2024-08-11 #3'
19:40:39.832     3,970s       7ms   2664    Error loading save 'TMR09 2024-08-05 #1'
19:40:39.841     3,978s       8ms   2664    Error loading save 'TSK 1 2024-10-30 #2'
19:40:39.847     3,985s       7ms   2664    Error loading save 'TSK 18 2024-10-30 #6'
19:40:39.854     3,992s       6ms   2664    Error loading save 'TSK 2 2024-10-30 #5'
19:40:39.863     4,001s       9ms   2664    Error loading save 'TSK 20 2024-10-30 #1'
19:40:39.871     4,009s       8ms   2664    Error loading save 'TSK 3 2024-10-30 #3'
19:40:39.877     4,015s       6ms   2664    Error loading save 'TSK 6 2024-10-30 #4'
19:40:39.884     4,022s       7ms   2664    Error loading save 'TUA22'
19:40:40.275     4,413s     391ms  19024    [AsyncGameResLoader Thread] DONE Load RXX 'Units.rxa'
19:40:40.282     4,420s       7ms  15332    [AsyncGameResLoader MainTh] [UpdateStateIdle] GenTextures RT = rxUnits Stage = lsGenMain
19:40:40.346     4,484s      64ms  15332    [AsyncGameResLoader MainTh] [UpdateStateIdle] DONE
19:40:40.354     4,492s       8ms  19024    [AsyncGameResLoader Thread] RT = rxUnits Stage = lsOverload
19:40:40.361     4,498s       6ms  19024    [AsyncGameResLoader Thread] OverloadFromFolder RT = rxUnits
19:40:40.605     4,742s     244ms  15332    LoadGameResources ... AlphaShadows: True. Forced: False
19:40:40.612     4,749s       7ms  15332    TKMResSprites.LoadGameResources
19:40:40.697     4,835s      86ms  19024    [AsyncGameResLoader Thread] DONE OverloadFromFolder RT = rxUnits
19:40:40.703     4,841s       6ms  15332    [AsyncGameResLoader MainTh] [LoadGameResources] GenTextures RT = rxUnits Stage = lsGenOverload
19:40:40.710     4,847s       6ms  15332    [AsyncGameResLoader Thread] Stopped
19:40:40.715     4,853s       6ms  15332    [AsyncGameResLoader MainTh] [LoadGameResources] DONE
19:40:40.721     4,859s       6ms  15332    Resource loading state - Game
19:40:40.729     4,866s       7ms  15332    Saving dev settings to file 'kmr_dev.xml'
19:40:40.778     4,916s      50ms  15332    <== Game creation is done ==>
19:40:40.785     4,924s       8ms  15332    Loading game from: E:\programowanie\projekty delphi\kam_expansion\Saves\autosave01\autosave01.sav
19:40:40.792     4,930s       6ms  15332    Terrain loaded
19:40:40.803     4,940s      10ms  15332    Interface loaded
19:40:40.809     4,947s       7ms  15332    Set game seed: 567780305
19:40:40.818     4,955s       8ms  15332    Loading game ... done
19:40:40.823     4,960s       5ms  15332    After game loading
19:40:40.873     5,011s      51ms  15332    Game options: PT = 0; SpeedPT = 1; SpeedAfterPT = 1; Seed = 0; Difficulty = mdNone
19:40:40.880     5,018s       7ms  15332    After game loading ... done
19:40:51.594    15,732s   10714ms  15332    Issue gicGameAutoSave command at tick 38400
19:40:51.601    15,739s       7ms  15332    Saving game at tick 38400 to 'E:\programowanie\projekty delphi\kam_expansion\Saves\autosave\autosave.sav'
19:41:00.243    24,380s    8641ms  15332    Issue gicGameAutoSave command at tick 39000
19:41:00.250    24,388s       8ms  15332    Saving game at tick 39000 to 'E:\programowanie\projekty delphi\kam_expansion\Saves\autosave\autosave.sav'
19:41:03.026    27,164s    2776ms  15332    Issue gicGameAutoSave command at tick 39600
19:41:03.033    27,171s       7ms  15332    Saving game at tick 39600 to 'E:\programowanie\projekty delphi\kam_expansion\Saves\autosave\autosave.sav'
19:41:04.027    28,165s     994ms  15332    Issue gicGameAutoSave command at tick 40200
19:41:04.035    28,172s       7ms  15332    Saving game at tick 40200 to 'E:\programowanie\projekty delphi\kam_expansion\Saves\autosave\autosave.sav'
19:41:06.227    30,364s    2192ms  15332    Issue gicGameAutoSave command at tick 40800
19:41:06.233    30,370s       6ms  15332    Saving game at tick 40800 to 'E:\programowanie\projekty delphi\kam_expansion\Saves\autosave\autosave.sav'
19:41:07.226    31,364s     994ms  15332    Issue gicGameAutoSave command at tick 41400
19:41:07.233    31,371s       7ms  15332    Saving game at tick 41400 to 'E:\programowanie\projekty delphi\kam_expansion\Saves\autosave\autosave.sav'
19:41:10.802    34,940s    3569ms  15332    Issue gicGameAutoSave command at tick 42000
19:41:10.810    34,947s       7ms  15332    Saving game at tick 42000 to 'E:\programowanie\projekty delphi\kam_expansion\Saves\autosave\autosave.sav'
19:41:14.026    38,164s    3217ms  15332    Issue gicGameAutoSave command at tick 42600
19:41:14.033    38,171s       7ms  15332    Saving game at tick 42600 to 'E:\programowanie\projekty delphi\kam_expansion\Saves\autosave\autosave.sav'
19:41:17.344    41,481s    3310ms  15332    Issue gicGameAutoSave command at tick 43200
19:41:17.351    41,488s       7ms  15332    Saving game at tick 43200 to 'E:\programowanie\projekty delphi\kam_expansion\Saves\autosave\autosave.sav'
19:41:18.343    42,480s     992ms  15332    Issue gicGameAutoSave command at tick 43800
19:41:18.350    42,488s       8ms  15332    Saving game at tick 43800 to 'E:\programowanie\projekty delphi\kam_expansion\Saves\autosave\autosave.sav'
19:41:19.344    43,481s     992ms  15332    Issue gicGameAutoSave command at tick 44400
19:41:19.350    43,489s       8ms  15332    Saving game at tick 44400 to 'E:\programowanie\projekty delphi\kam_expansion\Saves\autosave\autosave.sav'
19:41:21.735    45,872s    2383ms  15332    Make savepoint at tick 44999
19:41:21.742    45,879s       7ms  15332    Issue gicGameAutoSave command at tick 45000
19:41:21.747    45,885s       6ms  15332    Saving game at tick 45000 to 'E:\programowanie\projekty delphi\kam_expansion\Saves\autosave\autosave.sav'
19:41:22.723    46,860s     975ms  15332    Issue gicGameAutoSave command at tick 45600
19:41:22.730    46,868s       8ms  15332    Saving game at tick 45600 to 'E:\programowanie\projekty delphi\kam_expansion\Saves\autosave\autosave.sav'
19:41:23.723    47,860s     992ms  15332    Issue gicGameAutoSave command at tick 46200
19:41:23.732    47,870s       8ms  15332    Saving game at tick 46200 to 'E:\programowanie\projekty delphi\kam_expansion\Saves\autosave\autosave.sav'
19:41:28.312    52,450s    4580ms  15332    Saving dev settings to file 'kmr_dev.xml'
19:41:31.043    55,180s    2730ms  15332    Saving dev settings to file 'kmr_dev.xml'
19:41:33.594    57,731s    2551ms  15332    Issue gicGameAutoSave command at tick 46800
19:41:33.600    57,738s       7ms  15332    Saving game at tick 46800 to 'E:\programowanie\projekty delphi\kam_expansion\Saves\autosave\autosave.sav'
19:41:33.691    57,829s      91ms  15332    Saving dev settings to file 'kmr_dev.xml'
19:41:33.970    58,107s     278ms  15332    Saving dev settings to file 'kmr_dev.xml'
19:41:36.413    60,550s    2443ms  15332    Issue gicGameAutoSave command at tick 47400
19:41:36.420    60,558s       8ms  15332    Saving game at tick 47400 to 'E:\programowanie\projekty delphi\kam_expansion\Saves\autosave\autosave.sav'
19:41:42.578    66,716s    6158ms  15332    Issue gicGameAutoSave command at tick 48000
19:41:42.585    66,722s       6ms  15332    Saving game at tick 48000 to 'E:\programowanie\projekty delphi\kam_expansion\Saves\autosave\autosave.sav'
19:42:42.575   126,713s   59991ms  15332    Issue gicGameAutoSave command at tick 48600
19:42:42.583   126,721s       8ms  15332    Saving game at tick 48600 to 'E:\programowanie\projekty delphi\kam_expansion\Saves\autosave\autosave.sav'
19:43:04.443   148,580s   21859ms  15332    Issue gicGameAutoSave command at tick 49200
19:43:04.449   148,587s       7ms  15332    Saving game at tick 49200 to 'E:\programowanie\projekty delphi\kam_expansion\Saves\autosave\autosave.sav'
19:43:11.508   155,646s    7059ms  15332    Issue gicGameAutoSave command at tick 49800
19:43:11.516   155,653s       7ms  15332    Saving game at tick 49800 to 'E:\programowanie\projekty delphi\kam_expansion\Saves\autosave\autosave.sav'
19:43:19.328   163,466s    7813ms  15332    Issue gicGameAutoSave command at tick 50400
19:43:19.336   163,473s       7ms  15332    Saving game at tick 50400 to 'E:\programowanie\projekty delphi\kam_expansion\Saves\autosave\autosave.sav'
19:43:25.327   169,464s    5991ms  15332    Issue gicGameAutoSave command at tick 51000
19:43:25.334   169,471s       7ms  15332    Saving game at tick 51000 to 'E:\programowanie\projekty delphi\kam_expansion\Saves\autosave\autosave.sav'
19:43:34.307   178,445s    8974ms  15332    Saving dev settings to file 'kmr_dev.xml'
19:43:35.098   179,236s     791ms  15332    Stopping game application...
19:43:35.105   179,242s       6ms  15332    Gameplay ended - grSilent /
19:43:35.112   179,249s       7ms  15332    Start saving 'Server settings' to 'C:\Users\szyby\OneDrive\Dokumenty\My Games\Knights and Merchants Remake\KaM Remake Server Settings.ini'
00e68220 KaM_Expansion.exe KM_Settings        106 TKMSettings.SaveToDefaultFile
00e682f3 KaM_Expansion.exe KM_Settings        113 TKMSettings.SaveToDefaultFile
00e67f2c KaM_Expansion.exe KM_Settings         65 TKMSettings.Destroy
00fa5f0a KaM_Expansion.exe KM_ServerSettings  117 TKMServerSettings.Destroy
008ca764 KaM_Expansion.exe System              23 TObject.Free
00b98fbc KaM_Expansion.exe KromUtils          281 FreeThenNil
0107267b KaM_Expansion.exe KM_GameApp         330 TKMGameApp.Destroy
008ca764 KaM_Expansion.exe System              23 TObject.Free
00b98fbc KaM_Expansion.exe KromUtils          281 FreeThenNil
0107d2a9 KaM_Expansion.exe KM_Main            376 TKMMain.Stop
0107d388 KaM_Expansion.exe KM_Main            405 TKMMain.Stop
012e79ed KaM_Expansion.exe KM_FormMain       2212 TFormMain.FormClose
00b42df7 KaM_Expansion.exe Vcl.Forms              TCustomForm.DoClose
00b487e5 KaM_Expansion.exe Vcl.Forms              TCustomForm.Close
00b47424 KaM_Expansion.exe Vcl.Forms              TCustomForm.WMClose
00a92cfa KaM_Expansion.exe Vcl.Controls           TControl.WndProc
00a97ec1 KaM_Expansion.exe Vcl.Controls           TWinControl.WndProc
00b43a38 KaM_Expansion.exe Vcl.Forms              TCustomForm.WndProc
00b43a53 KaM_Expansion.exe Vcl.Forms              TCustomForm.WndProc
012e74d9 KaM_Expansion.exe KM_FormMain       2051 TFormMain.WndProc

19:43:35.133   179,271s      22ms  15332    'Server settings' was successfully saved to 'C:\Users\szyby\OneDrive\Dokumenty\My Games\Knights and Merchants Remake\KaM Remake Server Settings.ini'
19:43:35.357   179,495s     224ms  15332    Start saving 'GameApp settings' to 'C:\Users\szyby\OneDrive\Dokumenty\My Games\Knights and Merchants Remake\KaM Remake Settings KingDyronMod.xml'
00e68220 KaM_Expansion.exe KM_Settings         106 TKMSettings.SaveToDefaultFile
00e682f3 KaM_Expansion.exe KM_Settings         113 TKMSettings.SaveToDefaultFile
00e67f2c KaM_Expansion.exe KM_Settings          65 TKMSettings.Destroy
00e68686 KaM_Expansion.exe KM_SettingsXML       44 TKMSettingsXML.Destroy
00e689b2 KaM_Expansion.exe KM_GameAppSettings   57 TKMGameAppSettings.Destroy
008ca764 KaM_Expansion.exe System               23 TObject.Free
00b98fbc KaM_Expansion.exe KromUtils           281 FreeThenNil
0107d2b3 KaM_Expansion.exe KM_Main             378 TKMMain.Stop
0107d388 KaM_Expansion.exe KM_Main             405 TKMMain.Stop
012e79ed KaM_Expansion.exe KM_FormMain        2212 TFormMain.FormClose
00b42df7 KaM_Expansion.exe Vcl.Forms               TCustomForm.DoClose
00b487e5 KaM_Expansion.exe Vcl.Forms               TCustomForm.Close
00b47424 KaM_Expansion.exe Vcl.Forms               TCustomForm.WMClose
00a92cfa KaM_Expansion.exe Vcl.Controls            TControl.WndProc
00a97ec1 KaM_Expansion.exe Vcl.Controls            TWinControl.WndProc
00b43a38 KaM_Expansion.exe Vcl.Forms               TCustomForm.WndProc
00b43a53 KaM_Expansion.exe Vcl.Forms               TCustomForm.WndProc
012e74d9 KaM_Expansion.exe KM_FormMain        2051 TFormMain.WndProc
00a973cc KaM_Expansion.exe Vcl.Controls            TWinControl.MainWndProc
00a973e7 KaM_Expansion.exe Vcl.Controls            TWinControl.MainWndProc

19:43:35.373   179,510s      15ms  15332    'GameApp settings' was successfully saved to 'C:\Users\szyby\OneDrive\Dokumenty\My Games\Knights and Merchants Remake\KaM Remake Settings KingDyronMod.xml'
