   Timestamp    Elapsed     Delta  Thread    Description
========================
    Date: 2024.12.28
========================
15:15:05.476     0,001s       1ms    388    Log is up and running. Game version: KaM Expansion: Co-op & World Update
15:15:05.483     0,008s       7ms    388    Game Load started
15:15:05.494     0,019s      11ms    388    Start loading 'GameApp settings' from 'C:\Users\szyby\OneDrive\Dokumenty\My Games\Knights and Merchants Remake\KaM Remake Settings KingDyronMod.xml'
15:15:05.499     0,024s       5ms    388    'GameApp settings' was successfully loaded from 'C:\Users\szyby\OneDrive\Dokumenty\My Games\Knights and Merchants Remake\KaM Remake Settings KingDyronMod.xml'
15:15:05.505     0,030s       6ms    388    Start saving 'GameApp settings' to 'C:\Users\szyby\OneDrive\Dokumenty\My Games\Knights and Merchants Remake\KaM Remake Settings KingDyronMod.xml'
01351f18 KaM_Expansion.exe KM_Settings        106 TKMSettings.SaveToDefaultFile
01351feb KaM_Expansion.exe KM_Settings        113 TKMSettings.SaveToDefaultFile
01351be9 KaM_Expansion.exe KM_Settings         59 TKMSettings.Create
01352326 KaM_Expansion.exe KM_SettingsXML      38 TKMSettingsXML.Create
01352667 KaM_Expansion.exe KM_GameAppSettings  51 TKMGameAppSettings.Create
0156b1d8 KaM_Expansion.exe KM_Main            258 TKMMain.Start
0156b45c KaM_Expansion.exe KM_Main            305 TKMMain.Start
017e8b2b KaM_Expansion.exe KaM_Expansion      479 initialization
017e8b5a KaM_Expansion.exe KaM_Expansion      482 initialization
76df7ba7 KERNEL32.DLL                             BaseThreadInitThunk

15:15:05.544     0,069s      39ms    388    'GameApp settings' was successfully saved to 'C:\Users\szyby\OneDrive\Dokumenty\My Games\Knights and Merchants Remake\KaM Remake Settings KingDyronMod.xml'
15:15:05.567     0,092s      23ms    388    Start loading 'Server settings' from 'C:\Users\szyby\OneDrive\Dokumenty\My Games\Knights and Merchants Remake\KaM Remake Server Settings.ini'
15:15:05.574     0,099s       7ms    388    'Server settings' was successfully loaded from 'C:\Users\szyby\OneDrive\Dokumenty\My Games\Knights and Merchants Remake\KaM Remake Server Settings.ini'
15:15:05.581     0,106s       7ms    388    Start saving 'Server settings' to 'C:\Users\szyby\OneDrive\Dokumenty\My Games\Knights and Merchants Remake\KaM Remake Server Settings.ini'
01351f18 KaM_Expansion.exe KM_Settings       106 TKMSettings.SaveToDefaultFile
01351feb KaM_Expansion.exe KM_Settings       113 TKMSettings.SaveToDefaultFile
01351be9 KaM_Expansion.exe KM_Settings        59 TKMSettings.Create
01494450 KaM_Expansion.exe KM_ServerSettings 109 TKMServerSettings.Create
01560558 KaM_Expansion.exe KM_GameApp        213 TKMGameApp.Create
015609aa KaM_Expansion.exe KM_GameApp        295 TKMGameApp.Create
0156c482 KaM_Expansion.exe KM_Main           635 TKMMain.ReinitRender
0156c68e KaM_Expansion.exe KM_Main           689 TKMMain.ReinitRender
0156b2ee KaM_Expansion.exe KM_Main           281 TKMMain.Start
0156b45c KaM_Expansion.exe KM_Main           305 TKMMain.Start
017e8b2b KaM_Expansion.exe KaM_Expansion     479 initialization
017e8b5a KaM_Expansion.exe KaM_Expansion     482 initialization
76df7ba7 KERNEL32.DLL                            BaseThreadInitThunk

15:15:05.595     0,120s      14ms    388    'Server settings' was successfully saved to 'C:\Users\szyby\OneDrive\Dokumenty\My Games\Knights and Merchants Remake\KaM Remake Server Settings.ini'
15:15:05.601     0,126s       6ms    388    Init Render started
15:15:05.754     0,279s     153ms    388    GL_MAX_TEXTURE_SIZE = 32768
15:15:05.761     0,286s       7ms    388    GL_MAX_VIEWPORT_DIM = 32768
                                      OpenGL Vendor: NVIDIA Corporation
                                      OpenGL Renderer: NVIDIA GeForce RTX 3060 Ti/PCIe/SSE2
                                      OpenGL Version: 4.6.0 NVIDIA 560.81
15:15:05.786     0,310s      24ms    388    Init Render Done
15:15:05.793     0,317s       7ms    388    Resource loading state - None
15:15:05.800     0,324s       7ms    388    Reading palettes ... done
15:15:05.808     0,332s       8ms    388    Reading GUI.rx
15:15:05.815     0,339s       7ms    388    Load Sprites started
15:15:05.821     0,345s       6ms    388    GUI - 966
15:15:05.848     0,373s      28ms    388    Load Sprites Done
15:15:05.887     0,411s      38ms    388    Reading GUIMain.rx
15:15:05.894     0,418s       7ms    388    Load Sprites started
15:15:05.900     0,424s       6ms    388    GUIMain - 105
15:15:05.955     0,479s      55ms    388    Load Sprites Done
15:15:06.011     0,535s      56ms    388    Reading Tileset.rx
15:15:06.018     0,542s       7ms    388    Load Sprites started
15:15:06.025     0,549s       7ms    388    Tileset - 5449
15:15:06.042     0,566s      17ms    388    Load Sprites Done
15:15:06.050     0,574s       8ms    388    GenerateTerrainTransitions started. Legacy = False
15:15:06.057     0,582s       8ms    388    TexId = 5451 GenTilesCnt = 2100
15:15:06.064     0,589s       7ms    388    TexId = 6051; TexId - fGenTexIdStartI = 600; uniqueTex = 600; totalTex = 1350
15:15:06.072     0,597s       8ms    388    GeneratedMasks cnt = 20
15:15:06.080     0,604s       7ms    388    GenerateTerrainTransitions Done
15:15:06.088     0,613s       9ms    388    GenerateTerrainTransitions started. Legacy = True
15:15:06.095     0,620s       7ms    388    Legacy: TexId = 4999 GenTilesCntTemp = 2030
15:15:06.103     0,628s       7ms    388    TexId = 5463; TexId - fGenTexIdStartILegacy = 464; uniqueTex = 464; totalTex = 1044
15:15:06.110     0,635s       7ms    388    GeneratedMasks cnt = 16
15:15:06.116     0,641s       6ms    388    GenerateTerrainTransitions Done
15:15:06.219     0,743s     102ms    388    Load font started
15:15:06.256     0,780s      37ms    388    Font load took 37ms
15:15:06.263     0,787s       7ms    388    Read fonts is done
15:15:06.280     0,804s      17ms    388    ReadGFX is done
15:15:06.287     0,811s       7ms    388    Resource loading state - Menu
15:15:06.297     0,821s      10ms   8848    OpenAL init started
15:15:06.933     1,457s     636ms    388    Music init done, 24 tracks found
                                      Loading campaign images.rxx for HKS
15:15:06.980     1,505s      48ms  13220    Custom - 1
15:15:06.989     1,514s       9ms    388    Main menu init done
15:15:06.997     1,521s       7ms   8848    Pre-LoadSFX init ... done
15:15:07.004     1,529s       8ms   8848    ALC_MONO_SOURCES 255
15:15:07.013     1,537s       8ms   8848    ALC_STEREO_SOURCES 1
15:15:07.019     1,543s       6ms   8848    OpenAL init done
15:15:07.026     1,550s       7ms    388    Check game folder 'E:\programowanie\projekty delphi\kam_expansion\' generic permissions: READ: granted; WRITE: granted; EXECUTE: granted; folder is writable: 
15:15:07.033     1,557s       7ms    388    LoadGameResources ... AlphaShadows: True. Forced: True
15:15:07.039     1,563s       6ms    388    TKMResSprites.LoadGameResources
15:15:07.045     1,570s       7ms    388    [AsyncGameResLoader Thread] Started
15:15:07.051     1,576s       6ms    388    Resource loading state - Game
15:15:07.059     1,583s       7ms    388    ToggleFullscreen
15:15:07.065     1,589s       6ms    388    Form Width/Height: 1040:853
15:15:07.071     1,595s       6ms    388    Panel Width/Height: 1024:814
15:15:07.078     1,602s       7ms  11428    [AsyncGameResLoader Thread] RT = rxTrees Stage = lsLoad
15:15:07.085     1,610s       7ms  11428    [AsyncGameResLoader Thread] Start Load RXX 'Trees.rxx'
15:15:07.093     1,617s       6ms  11428    Load Sprites started
15:15:07.100     1,625s       8ms  11428    Trees - 1216
15:15:07.111     1,635s      10ms    388    Saving dev settings to file 'kmr_dev.xml'
                                      Loading campaign images.rxx for KSN
15:15:07.126     1,650s      15ms  13220    Custom - 1
15:15:07.140     1,664s      13ms    388    Saving dev settings to file 'kmr_dev.xml'
15:15:07.156     1,681s      17ms    388    Game Load Done in 1709
                                      Loading campaign images.rxx for KSO
15:15:07.213     1,738s      57ms  13220    Custom - 1
                                      Loading campaign images.rxx for KSU
15:15:07.282     1,807s      69ms  13220    Custom - 1
15:15:07.291     1,816s       9ms  11428    Load Sprites Done
                                      Loading campaign images.rxx for OFL
15:15:07.333     1,857s      41ms  13220    Custom - 1
                                      Loading campaign images.rxx for OER
15:15:07.375     1,900s      43ms  13220    Custom - 1
15:15:07.386     1,910s      10ms  11428    [AsyncGameResLoader Thread] DONE Load RXX 'Trees.rxa'
15:15:07.396     1,920s      10ms    388    [AsyncGameResLoader MainTh] [UpdateStateIdle] GenTextures RT = rxTrees Stage = lsGenMain
15:15:07.407     1,931s      11ms    388    [AsyncGameResLoader MainTh] [UpdateStateIdle] DONE
15:15:07.413     1,938s       7ms  11428    [AsyncGameResLoader Thread] RT = rxTrees Stage = lsOverload
15:15:07.420     1,945s       7ms  11428    [AsyncGameResLoader Thread] OverloadFromFolder RT = rxTrees
                                      Loading campaign images.rxx for TBK
15:15:07.433     1,958s      13ms  13220    Custom - 1
15:15:07.478     2,003s      45ms  11428    [AsyncGameResLoader Thread] DONE OverloadFromFolder RT = rxTrees
15:15:07.489     2,014s      11ms    388    [AsyncGameResLoader MainTh] [UpdateStateIdle] GenTextures RT = rxTrees Stage = lsGenOverload
15:15:07.496     2,020s       6ms    388    [AsyncGameResLoader MainTh] [UpdateStateIdle] DONE
15:15:07.502     2,027s       7ms  11428    [AsyncGameResLoader Thread] RT = rxHouses Stage = lsLoad
15:15:07.509     2,034s       7ms  11428    [AsyncGameResLoader Thread] Start Load RXX 'Houses.rxx'
15:15:07.516     2,040s       6ms  11428    Load Sprites started
                                      Loading campaign images.rxx for TPR
15:15:07.529     2,054s      14ms  11428    Houses - 2709
15:15:07.536     2,060s       6ms  13220    Custom - 1
                                      Loading campaign images.rxx for TSK
15:15:07.583     2,108s      48ms  13220    Custom - 1
                                      Loading campaign images.rxx for TUA
15:15:07.632     2,156s      48ms  13220    Custom - 1
                                      Loading campaign images.rxx for TMR
15:15:07.779     2,303s     147ms  13220    Custom - 1
15:15:07.789     2,314s      11ms  11428    Load Sprites Done
15:15:07.919     2,444s     130ms  11428    [AsyncGameResLoader Thread] DONE Load RXX 'Houses.rxa'
15:15:07.927     2,451s       7ms    388    [AsyncGameResLoader MainTh] [UpdateStateIdle] GenTextures RT = rxHouses Stage = lsGenMain
15:15:07.940     2,465s      14ms    388    [AsyncGameResLoader MainTh] [UpdateStateIdle] DONE
15:15:07.954     2,478s      13ms  11428    [AsyncGameResLoader Thread] RT = rxHouses Stage = lsOverload
15:15:07.963     2,488s      10ms  11428    [AsyncGameResLoader Thread] OverloadFromFolder RT = rxHouses
15:15:08.130     2,655s     167ms  11428    [AsyncGameResLoader Thread] DONE OverloadFromFolder RT = rxHouses
15:15:08.145     2,670s      15ms    388    [AsyncGameResLoader MainTh] [UpdateStateIdle] GenTextures RT = rxHouses Stage = lsGenOverload
15:15:08.151     2,676s       6ms    388    [AsyncGameResLoader MainTh] [UpdateStateIdle] DONE
15:15:08.159     2,683s       7ms  11428    [AsyncGameResLoader Thread] RT = rxUnits Stage = lsLoad
15:15:08.165     2,690s       6ms  11428    [AsyncGameResLoader Thread] Start Load RXX 'Units.rxx'
15:15:08.171     2,696s       6ms  11428    Load Sprites started
15:15:08.179     2,703s       7ms  11428    Units - 14845
                                      Loading campaign images.rxx for HKS
15:15:08.726     3,250s     547ms   5088    Custom - 1
                                      Loading campaign images.rxx for KSN
15:15:08.810     3,335s      85ms   5088    Custom - 1
                                      Loading campaign images.rxx for KSO
15:15:08.880     3,405s      70ms   5088    Custom - 1
                                      Loading campaign images.rxx for KSU
15:15:08.939     3,463s      58ms   5088    Custom - 1
                                      Loading campaign images.rxx for OFL
15:15:09.008     3,532s      69ms   5088    Custom - 1
                                      Loading campaign images.rxx for OER
15:15:09.048     3,573s      41ms   5088    Custom - 1
                                      Loading campaign images.rxx for TBK
15:15:09.091     3,616s      43ms   5088    Custom - 1
                                      Loading campaign images.rxx for TPR
15:15:09.145     3,669s      53ms   5088    Custom - 1
                                      Loading campaign images.rxx for TSK
15:15:09.183     3,707s      38ms   5088    Custom - 1
                                      Loading campaign images.rxx for TUA
15:15:09.217     3,742s      35ms   5088    Custom - 1
                                      Loading campaign images.rxx for TMR
15:15:09.361     3,885s     143ms   5088    Custom - 1
15:15:09.710     4,235s     350ms  11428    Load Sprites Done
15:15:10.839     5,363s    1128ms  11428    [AsyncGameResLoader Thread] DONE Load RXX 'Units.rxa'
15:15:10.856     5,380s      17ms    388    [AsyncGameResLoader MainTh] [UpdateStateIdle] GenTextures RT = rxUnits Stage = lsGenMain
15:15:10.924     5,449s      69ms    388    [AsyncGameResLoader MainTh] [UpdateStateIdle] DONE
15:15:10.931     5,456s       7ms  11428    [AsyncGameResLoader Thread] RT = rxUnits Stage = lsOverload
15:15:10.939     5,463s       7ms  11428    [AsyncGameResLoader Thread] OverloadFromFolder RT = rxUnits
15:15:12.001     6,526s    1063ms  11428    [AsyncGameResLoader Thread] DONE OverloadFromFolder RT = rxUnits
15:15:12.017     6,542s      16ms    388    [AsyncGameResLoader MainTh] [UpdateStateIdle] GenTextures RT = rxUnits Stage = lsGenOverload
15:15:12.024     6,548s       6ms    388    [AsyncGameResLoader Thread] Stopped
15:15:12.030     6,554s       6ms    388    [AsyncGameResLoader MainTh] [UpdateStateIdle] DONE
15:15:18.153    12,677s    6123ms    388    LoadGameResources ... AlphaShadows: True. Forced: False
15:15:18.161    12,685s       8ms    388    Resource loading state - Game
15:15:18.187    12,711s      26ms    388    Saving dev settings to file 'kmr_dev.xml'
15:15:18.228    12,752s      41ms    388    <== Game creation is done ==>
15:15:18.235    12,760s       7ms    388    GameStart
15:15:18.241    12,766s       6ms    388    Loading DAT file: E:\programowanie\projekty delphi\kam_expansion\Maps\Nowa Misja 2\Nowa Misja 2.dat
15:15:18.249    12,773s       7ms    388    Loading map file: E:\programowanie\projekty delphi\kam_expansion\Maps\Nowa Misja 2\Nowa Misja 2.map
15:15:18.255    12,780s       7ms    388    Map file loaded
15:15:18.403    12,928s     148ms    388    Gameplay recording initialized ... done
15:15:18.410    12,934s       6ms    388    Game options: PT = 0; SpeedPT = 1; SpeedAfterPT = 1; Seed = 0; Difficulty = mdNone
15:15:18.416    12,940s       6ms    388    Gameplay initialized ... done
15:15:18.422    12,946s       6ms    388    After game start
15:15:18.428    12,953s       7ms    388    Set game seed: 605174759
15:15:18.434    12,958s       5ms    388    After game start ... done
15:19:58.187   292,711s  279753ms    388    Saving dev settings to file 'kmr_dev.xml'
15:19:59.907   294,432s    1720ms    388    Saving from map editor: E:\programowanie\projekty delphi\kam_expansion\Maps\Nowa Misja 2\Nowa Misja 2.dat
15:20:00.619   295,144s     712ms    388    Saving dev settings to file 'kmr_dev.xml'
15:20:01.640   296,165s    1021ms    388    Stopping game application...
15:20:01.669   296,193s      28ms    388    Gameplay ended - grSilent /
15:20:01.678   296,202s       9ms    388    Start saving 'Server settings' to 'C:\Users\szyby\OneDrive\Dokumenty\My Games\Knights and Merchants Remake\KaM Remake Server Settings.ini'
01351f18 KaM_Expansion.exe KM_Settings        106 TKMSettings.SaveToDefaultFile
01351feb KaM_Expansion.exe KM_Settings        113 TKMSettings.SaveToDefaultFile
01351c24 KaM_Expansion.exe KM_Settings         65 TKMSettings.Destroy
01494496 KaM_Expansion.exe KM_ServerSettings  117 TKMServerSettings.Destroy
00dba764 KaM_Expansion.exe System              20 TObject.Free
01089804 KaM_Expansion.exe KromUtils          281 FreeThenNil
01560c07 KaM_Expansion.exe KM_GameApp         330 TKMGameApp.Destroy
00dba764 KaM_Expansion.exe System              20 TObject.Free
01089804 KaM_Expansion.exe KromUtils          281 FreeThenNil
0156b89d KaM_Expansion.exe KM_Main            376 TKMMain.Stop
0156b97c KaM_Expansion.exe KM_Main            405 TKMMain.Stop
017d3405 KaM_Expansion.exe KM_FormMain       2212 TFormMain.FormClose
010336a7 KaM_Expansion.exe Vcl.Forms              TCustomForm.DoClose
01039095 KaM_Expansion.exe Vcl.Forms              TCustomForm.Close
01037cd4 KaM_Expansion.exe Vcl.Forms              TCustomForm.WMClose
00f82cfa KaM_Expansion.exe Vcl.Controls           TControl.WndProc
00f87ec1 KaM_Expansion.exe Vcl.Controls           TWinControl.WndProc
010342e8 KaM_Expansion.exe Vcl.Forms              TCustomForm.WndProc
01034303 KaM_Expansion.exe Vcl.Forms              TCustomForm.WndProc
017d2ef1 KaM_Expansion.exe KM_FormMain       2051 TFormMain.WndProc

15:20:01.702   296,227s      25ms    388    'Server settings' was successfully saved to 'C:\Users\szyby\OneDrive\Dokumenty\My Games\Knights and Merchants Remake\KaM Remake Server Settings.ini'
15:20:01.930   296,455s     228ms    388    Start saving 'GameApp settings' to 'C:\Users\szyby\OneDrive\Dokumenty\My Games\Knights and Merchants Remake\KaM Remake Settings KingDyronMod.xml'
01351f18 KaM_Expansion.exe KM_Settings         106 TKMSettings.SaveToDefaultFile
01351feb KaM_Expansion.exe KM_Settings         113 TKMSettings.SaveToDefaultFile
01351c24 KaM_Expansion.exe KM_Settings          65 TKMSettings.Destroy
0135237e KaM_Expansion.exe KM_SettingsXML       44 TKMSettingsXML.Destroy
013526aa KaM_Expansion.exe KM_GameAppSettings   57 TKMGameAppSettings.Destroy
00dba764 KaM_Expansion.exe System               20 TObject.Free
01089804 KaM_Expansion.exe KromUtils           281 FreeThenNil
0156b8a7 KaM_Expansion.exe KM_Main             378 TKMMain.Stop
0156b97c KaM_Expansion.exe KM_Main             405 TKMMain.Stop
017d3405 KaM_Expansion.exe KM_FormMain        2212 TFormMain.FormClose
010336a7 KaM_Expansion.exe Vcl.Forms               TCustomForm.DoClose
01039095 KaM_Expansion.exe Vcl.Forms               TCustomForm.Close
01037cd4 KaM_Expansion.exe Vcl.Forms               TCustomForm.WMClose
00f82cfa KaM_Expansion.exe Vcl.Controls            TControl.WndProc
00f87ec1 KaM_Expansion.exe Vcl.Controls            TWinControl.WndProc
010342e8 KaM_Expansion.exe Vcl.Forms               TCustomForm.WndProc
01034303 KaM_Expansion.exe Vcl.Forms               TCustomForm.WndProc
017d2ef1 KaM_Expansion.exe KM_FormMain        2051 TFormMain.WndProc
00f873cc KaM_Expansion.exe Vcl.Controls            TWinControl.MainWndProc
00f873e7 KaM_Expansion.exe Vcl.Controls            TWinControl.MainWndProc

15:20:01.949   296,474s      19ms    388    'GameApp settings' was successfully saved to 'C:\Users\szyby\OneDrive\Dokumenty\My Games\Knights and Merchants Remake\KaM Remake Settings KingDyronMod.xml'
