   Timestamp    Elapsed     Delta  Thread    Description
========================
    Date: 2024.12.29
========================
15:24:06.205     0,002s       2ms  15548    Log is up and running. Game version: KaM Expansion: Co-op & World Update
15:24:06.211     0,008s       6ms  15548    Game Load started
15:24:06.319     0,116s     108ms  15548    Start loading 'GameApp settings' from 'C:\Users\szyby\OneDrive\Dokumenty\My Games\Knights and Merchants Remake\KaM Remake Settings KingDyronMod.xml'
15:24:06.333     0,130s       5ms  15548    'GameApp settings' was successfully loaded from 'C:\Users\szyby\OneDrive\Dokumenty\My Games\Knights and Merchants Remake\KaM Remake Settings KingDyronMod.xml'
15:24:06.338     0,135s       5ms  15548    Start saving 'GameApp settings' to 'C:\Users\szyby\OneDrive\Dokumenty\My Games\Knights and Merchants Remake\KaM Remake Settings KingDyronMod.xml'
00892970 KaM_Expansion.exe KM_Settings        106 TKMSettings.SaveToDefaultFile
00892a43 KaM_Expansion.exe KM_Settings        113 TKMSettings.SaveToDefaultFile
00892641 KaM_Expansion.exe KM_Settings         59 TKMSettings.Create
00892d7e KaM_Expansion.exe KM_SettingsXML      38 TKMSettingsXML.Create
008930bf KaM_Expansion.exe KM_GameAppSettings  51 TKMGameAppSettings.Create
00aac4e4 KaM_Expansion.exe KM_Main            258 TKMMain.Start
00aac768 KaM_Expansion.exe KM_Main            305 TKMMain.Start
00d29b2b KaM_Expansion.exe KaM_Expansion      479 initialization
00d29b5a KaM_Expansion.exe KaM_Expansion      482 initialization
76867ba7 KERNEL32.DLL                             BaseThreadInitThunk

15:24:06.376     0,173s      38ms  15548    'GameApp settings' was successfully saved to 'C:\Users\szyby\OneDrive\Dokumenty\My Games\Knights and Merchants Remake\KaM Remake Settings KingDyronMod.xml'
15:24:06.415     0,211s      38ms  15548    Start loading 'Server settings' from 'C:\Users\szyby\OneDrive\Dokumenty\My Games\Knights and Merchants Remake\KaM Remake Server Settings.ini'
15:24:06.422     0,218s       7ms  15548    'Server settings' was successfully loaded from 'C:\Users\szyby\OneDrive\Dokumenty\My Games\Knights and Merchants Remake\KaM Remake Server Settings.ini'
15:24:06.429     0,226s       8ms  15548    Start saving 'Server settings' to 'C:\Users\szyby\OneDrive\Dokumenty\My Games\Knights and Merchants Remake\KaM Remake Server Settings.ini'
00892970 KaM_Expansion.exe KM_Settings       106 TKMSettings.SaveToDefaultFile
00892a43 KaM_Expansion.exe KM_Settings       113 TKMSettings.SaveToDefaultFile
00892641 KaM_Expansion.exe KM_Settings        59 TKMSettings.Create
009d575c KaM_Expansion.exe KM_ServerSettings 109 TKMServerSettings.Create
00aa1864 KaM_Expansion.exe KM_GameApp        213 TKMGameApp.Create
00aa1cb6 KaM_Expansion.exe KM_GameApp        295 TKMGameApp.Create
00aad78e KaM_Expansion.exe KM_Main           635 TKMMain.ReinitRender
00aad99a KaM_Expansion.exe KM_Main           689 TKMMain.ReinitRender
00aac5fa KaM_Expansion.exe KM_Main           281 TKMMain.Start
00aac768 KaM_Expansion.exe KM_Main           305 TKMMain.Start
00d29b2b KaM_Expansion.exe KaM_Expansion     479 initialization
00d29b5a KaM_Expansion.exe KaM_Expansion     482 initialization
76867ba7 KERNEL32.DLL                            BaseThreadInitThunk

15:24:06.441     0,238s      12ms  15548    'Server settings' was successfully saved to 'C:\Users\szyby\OneDrive\Dokumenty\My Games\Knights and Merchants Remake\KaM Remake Server Settings.ini'
15:24:06.449     0,246s       7ms  15548    Init Render started
15:24:06.585     0,381s     135ms  15548    GL_MAX_TEXTURE_SIZE = 32768
15:24:06.592     0,388s       7ms  15548    GL_MAX_VIEWPORT_DIM = 32768
                                      OpenGL Vendor: NVIDIA Corporation
                                      OpenGL Renderer: NVIDIA GeForce RTX 3060 Ti/PCIe/SSE2
                                      OpenGL Version: 4.6.0 NVIDIA 560.81
15:24:06.618     0,415s      27ms  15548    Init Render Done
15:24:06.625     0,422s       7ms  15548    Resource loading state - None
15:24:06.632     0,429s       7ms  15548    Reading palettes ... done
15:24:06.642     0,439s      10ms  15548    Reading GUI.rx
15:24:06.650     0,447s       8ms  15548    Load Sprites started
15:24:06.656     0,453s       6ms  15548    GUI - 966
15:24:06.678     0,475s      22ms  15548    Load Sprites Done
15:24:06.715     0,512s      37ms  15548    Reading GUIMain.rx
15:24:06.722     0,519s       6ms  15548    Load Sprites started
15:24:06.729     0,526s       7ms  15548    GUIMain - 105
15:24:06.783     0,580s      54ms  15548    Load Sprites Done
15:24:06.838     0,635s      55ms  15548    Reading Tileset.rx
15:24:06.846     0,643s       8ms  15548    Load Sprites started
15:24:06.853     0,650s       7ms  15548    Tileset - 5449
15:24:06.883     0,680s      30ms  15548    Load Sprites Done
15:24:06.890     0,687s       7ms  15548    GenerateTerrainTransitions started. Legacy = False
15:24:06.896     0,693s       6ms  15548    TexId = 5451 GenTilesCnt = 2100
15:24:06.903     0,700s       7ms  15548    TexId = 6051; TexId - fGenTexIdStartI = 600; uniqueTex = 600; totalTex = 1350
15:24:06.909     0,706s       6ms  15548    GeneratedMasks cnt = 20
15:24:06.918     0,715s       9ms  15548    GenerateTerrainTransitions Done
15:24:06.927     0,724s       8ms  15548    GenerateTerrainTransitions started. Legacy = True
15:24:06.935     0,732s       8ms  15548    Legacy: TexId = 4999 GenTilesCntTemp = 2030
15:24:06.942     0,739s       7ms  15548    TexId = 5463; TexId - fGenTexIdStartILegacy = 464; uniqueTex = 464; totalTex = 1044
15:24:06.949     0,746s       7ms  15548    GeneratedMasks cnt = 16
15:24:06.955     0,752s       6ms  15548    GenerateTerrainTransitions Done
15:24:07.066     0,863s     111ms  15548    Load font started
15:24:07.104     0,901s      38ms  15548    Font load took 38ms
15:24:07.111     0,908s       7ms  15548    Read fonts is done
15:24:07.129     0,926s      18ms  15548    ReadGFX is done
15:24:07.137     0,933s       7ms  15548    Resource loading state - Menu
15:24:07.144     0,941s       8ms   8008    OpenAL init started
15:24:07.166     0,963s      22ms  15548    Music init done, 24 tracks found
                                      Loading campaign images.rxx for HKS
15:24:07.193     0,990s      27ms   5060    Custom - 1
15:24:07.200     0,997s       7ms   8008    Pre-LoadSFX init ... done
15:24:07.206     1,003s       6ms   8008    ALC_MONO_SOURCES 255
15:24:07.214     1,011s       7ms   8008    ALC_STEREO_SOURCES 1
15:24:07.221     1,018s       7ms  15548    Main menu init done
15:24:07.228     1,025s       7ms   8008    OpenAL init done
15:24:07.250     1,047s      21ms  15548    Check game folder 'E:\programowanie\projekty delphi\kam_expansion\' generic permissions: READ: granted; WRITE: granted; EXECUTE: granted; folder is writable: 
15:24:07.258     1,055s       8ms  15548    LoadGameResources ... AlphaShadows: True. Forced: True
15:24:07.264     1,061s       6ms  15548    TKMResSprites.LoadGameResources
15:24:07.271     1,068s       6ms  15548    [AsyncGameResLoader Thread] Started
15:24:07.278     1,075s       7ms  15548    Resource loading state - Game
15:24:07.284     1,081s       6ms  15548    ToggleFullscreen
15:24:07.290     1,087s       6ms  15548    Form Width/Height: 1040:853
15:24:07.296     1,093s       6ms  15548    Panel Width/Height: 1024:814
15:24:07.304     1,100s       7ms   6900    [AsyncGameResLoader Thread] RT = rxTrees Stage = lsLoad
15:24:07.310     1,106s       6ms   6900    [AsyncGameResLoader Thread] Start Load RXX 'Trees.rxx'
15:24:07.316     1,113s       5ms   6900    Load Sprites started
15:24:07.324     1,120s       7ms   6900    Trees - 1216
15:24:07.335     1,132s      12ms  15548    Saving dev settings to file 'kmr_dev.xml'
                                      Loading campaign images.rxx for KSN
15:24:07.349     1,146s      14ms   5060    Custom - 1
15:24:07.359     1,156s      10ms  15548    Saving dev settings to file 'kmr_dev.xml'
15:24:07.366     1,163s       7ms  15548    Game Load Done in 1187
                                      Loading campaign images.rxx for KSO
15:24:07.432     1,229s      66ms   5060    Custom - 1
                                      Loading campaign images.rxx for KSU
15:24:07.489     1,286s      57ms   5060    Custom - 1
15:24:07.510     1,307s      21ms   6900    Load Sprites Done
                                      Loading campaign images.rxx for OFL
15:24:07.548     1,344s      37ms   5060    Custom - 1
                                      Loading campaign images.rxx for OER
15:24:07.588     1,385s      41ms   5060    Custom - 1
15:24:07.610     1,407s      22ms   6900    [AsyncGameResLoader Thread] DONE Load RXX 'Trees.rxa'
                                      Loading campaign images.rxx for TBK
15:24:07.623     1,420s      13ms   5060    Custom - 1
15:24:07.630     1,427s       7ms  15548    [AsyncGameResLoader MainTh] [UpdateStateIdle] GenTextures RT = rxTrees Stage = lsGenMain
15:24:07.641     1,438s      11ms  15548    [AsyncGameResLoader MainTh] [UpdateStateIdle] DONE
15:24:07.649     1,446s       7ms   6900    [AsyncGameResLoader Thread] RT = rxTrees Stage = lsOverload
15:24:07.655     1,452s       6ms   6900    [AsyncGameResLoader Thread] OverloadFromFolder RT = rxTrees
                                      Loading campaign images.rxx for TPR
15:24:07.701     1,499s      47ms   5060    Custom - 1
15:24:07.712     1,509s      10ms   6900    [AsyncGameResLoader Thread] DONE OverloadFromFolder RT = rxTrees
15:24:07.726     1,523s      14ms  15548    [AsyncGameResLoader MainTh] [UpdateStateIdle] GenTextures RT = rxTrees Stage = lsGenOverload
15:24:07.732     1,529s       6ms  15548    [AsyncGameResLoader MainTh] [UpdateStateIdle] DONE
15:24:07.739     1,536s       7ms   6900    [AsyncGameResLoader Thread] RT = rxHouses Stage = lsLoad
15:24:07.746     1,543s       7ms   6900    [AsyncGameResLoader Thread] Start Load RXX 'Houses.rxx'
15:24:07.752     1,549s       6ms   6900    Load Sprites started
                                      Loading campaign images.rxx for TSK
15:24:07.767     1,564s      15ms   6900    Houses - 2709
15:24:07.773     1,570s       6ms   5060    Custom - 1
                                      Loading campaign images.rxx for TUA
15:24:07.835     1,632s      62ms   5060    Custom - 1
                                      Loading campaign images.rxx for TMR
15:24:07.988     1,785s     153ms   5060    Custom - 1
15:24:08.025     1,822s      37ms   6900    Load Sprites Done
15:24:08.156     1,952s     130ms   6900    [AsyncGameResLoader Thread] DONE Load RXX 'Houses.rxa'
15:24:08.165     1,962s      10ms  15548    [AsyncGameResLoader MainTh] [UpdateStateIdle] GenTextures RT = rxHouses Stage = lsGenMain
15:24:08.180     1,977s      15ms  15548    [AsyncGameResLoader MainTh] [UpdateStateIdle] DONE
15:24:08.187     1,984s       7ms   6900    [AsyncGameResLoader Thread] RT = rxHouses Stage = lsOverload
15:24:08.194     1,991s       7ms   6900    [AsyncGameResLoader Thread] OverloadFromFolder RT = rxHouses
15:24:08.387     2,184s     193ms   6900    [AsyncGameResLoader Thread] DONE OverloadFromFolder RT = rxHouses
15:24:08.395     2,192s       8ms  15548    [AsyncGameResLoader MainTh] [UpdateStateIdle] GenTextures RT = rxHouses Stage = lsGenOverload
15:24:08.401     2,198s       6ms  15548    [AsyncGameResLoader MainTh] [UpdateStateIdle] DONE
15:24:08.408     2,205s       7ms   6900    [AsyncGameResLoader Thread] RT = rxUnits Stage = lsLoad
15:24:08.415     2,212s       7ms   6900    [AsyncGameResLoader Thread] Start Load RXX 'Units.rxx'
15:24:08.421     2,218s       6ms   6900    Load Sprites started
15:24:08.428     2,225s       7ms   6900    Units - 14845
                                      Loading campaign images.rxx for HKS
15:24:09.582     3,379s    1154ms   2588    Custom - 1
                                      Loading campaign images.rxx for KSN
15:24:09.684     3,481s     102ms   2588    Custom - 1
                                      Loading campaign images.rxx for KSO
15:24:09.744     3,541s      60ms   2588    Custom - 1
                                      Loading campaign images.rxx for KSU
15:24:09.805     3,602s      61ms   2588    Custom - 1
                                      Loading campaign images.rxx for OFL
15:24:09.875     3,672s      70ms   2588    Custom - 1
                                      Loading campaign images.rxx for OER
15:24:09.916     3,713s      41ms   2588    Custom - 1
15:24:09.924     3,721s       8ms   6900    Load Sprites Done
                                      Loading campaign images.rxx for TBK
15:24:09.958     3,755s      34ms   2588    Custom - 1
                                      Loading campaign images.rxx for TPR
15:24:10.015     3,812s      57ms   2588    Custom - 1
                                      Loading campaign images.rxx for TSK
15:24:10.052     3,849s      37ms   2588    Custom - 1
                                      Loading campaign images.rxx for TUA
15:24:10.111     3,908s      59ms   2588    Custom - 1
15:24:10.247     4,044s     136ms  15548    LoadGameResources ... AlphaShadows: True. Forced: False
15:24:10.254     4,051s       7ms  15548    TKMResSprites.LoadGameResources
                                      Loading campaign images.rxx for TMR
15:24:10.267     4,064s      13ms   2588    Custom - 1
15:24:11.001     4,798s     734ms   6900    [AsyncGameResLoader Thread] DONE Load RXX 'Units.rxa'
15:24:11.008     4,805s       6ms  15548    [AsyncGameResLoader MainTh] [LoadGameResources] GenTextures RT = rxUnits Stage = lsGenMain
15:24:11.067     4,864s      59ms  15548    [AsyncGameResLoader MainTh] [LoadGameResources] DONE
15:24:11.073     4,870s       6ms   6900    [AsyncGameResLoader Thread] RT = rxUnits Stage = lsOverload
15:24:11.079     4,876s       6ms   6900    [AsyncGameResLoader Thread] OverloadFromFolder RT = rxUnits
15:24:12.104     5,901s    1025ms   6900    [AsyncGameResLoader Thread] DONE OverloadFromFolder RT = rxUnits
15:24:12.111     5,908s       7ms  15548    [AsyncGameResLoader MainTh] [LoadGameResources] GenTextures RT = rxUnits Stage = lsGenOverload
15:24:12.145     5,942s      34ms  15548    [AsyncGameResLoader Thread] Stopped
15:24:12.151     5,948s       6ms  15548    [AsyncGameResLoader MainTh] [LoadGameResources] DONE
15:24:12.158     5,955s       7ms  15548    Resource loading state - Game
15:24:12.164     5,961s       6ms  15548    Saving dev settings to file 'kmr_dev.xml'
15:24:12.201     5,997s      36ms  15548    <== Game creation is done ==>
15:24:12.208     6,005s       8ms  15548    GameStart
15:24:12.213     6,010s       5ms  15548    Loading DAT file: E:\programowanie\projekty delphi\kam_expansion\Maps\Nowa Misja 2\Nowa Misja 2.dat
15:24:12.220     6,017s       7ms  15548    Loading map file: E:\programowanie\projekty delphi\kam_expansion\Maps\Nowa Misja 2\Nowa Misja 2.map
15:24:12.226     6,023s       6ms  15548    Map file loaded
15:24:12.380     6,177s     154ms  15548    Gameplay recording initialized ... done
15:24:12.386     6,183s       6ms  15548    Game options: PT = 0; SpeedPT = 1; SpeedAfterPT = 1; Seed = 0; Difficulty = mdNone
15:24:12.392     6,189s       6ms  15548    Gameplay initialized ... done
15:24:12.398     6,195s       6ms  15548    After game start
15:24:12.404     6,201s       6ms  15548    Set game seed: 231568749
15:24:12.410     6,207s       6ms  15548    After game start ... done
15:26:03.897   117,694s  111487ms  15548    Saving dev settings to file 'kmr_dev.xml'
15:26:04.641   118,438s     744ms  15548    Stopping game application...
15:26:04.667   118,464s      26ms  15548    Gameplay ended - grSilent /
15:26:04.673   118,470s       6ms  15548    Start saving 'Server settings' to 'C:\Users\szyby\OneDrive\Dokumenty\My Games\Knights and Merchants Remake\KaM Remake Server Settings.ini'
00892970 KaM_Expansion.exe KM_Settings        106 TKMSettings.SaveToDefaultFile
00892a43 KaM_Expansion.exe KM_Settings        113 TKMSettings.SaveToDefaultFile
0089267c KaM_Expansion.exe KM_Settings         65 TKMSettings.Destroy
009d57a2 KaM_Expansion.exe KM_ServerSettings  117 TKMServerSettings.Destroy
002fa764 KaM_Expansion.exe System              23 TObject.Free
005c980c KaM_Expansion.exe KromUtils          281 FreeThenNil
00aa1f13 KaM_Expansion.exe KM_GameApp         330 TKMGameApp.Destroy
002fa764 KaM_Expansion.exe System              23 TObject.Free
005c980c KaM_Expansion.exe KromUtils          281 FreeThenNil
00aacba9 KaM_Expansion.exe KM_Main            376 TKMMain.Stop
00aacc88 KaM_Expansion.exe KM_Main            405 TKMMain.Stop
00d147dd KaM_Expansion.exe KM_FormMain       2212 TFormMain.FormClose
005736a7 KaM_Expansion.exe Vcl.Forms              TCustomForm.DoClose
00579095 KaM_Expansion.exe Vcl.Forms              TCustomForm.Close
00577cd4 KaM_Expansion.exe Vcl.Forms              TCustomForm.WMClose
004c2cfa KaM_Expansion.exe Vcl.Controls           TControl.WndProc
004c7ec1 KaM_Expansion.exe Vcl.Controls           TWinControl.WndProc
005742e8 KaM_Expansion.exe Vcl.Forms              TCustomForm.WndProc
00574303 KaM_Expansion.exe Vcl.Forms              TCustomForm.WndProc
00d142c9 KaM_Expansion.exe KM_FormMain       2051 TFormMain.WndProc

15:26:04.696   118,493s      23ms  15548    'Server settings' was successfully saved to 'C:\Users\szyby\OneDrive\Dokumenty\My Games\Knights and Merchants Remake\KaM Remake Server Settings.ini'
15:26:04.918   118,715s     222ms  15548    Start saving 'GameApp settings' to 'C:\Users\szyby\OneDrive\Dokumenty\My Games\Knights and Merchants Remake\KaM Remake Settings KingDyronMod.xml'
00892970 KaM_Expansion.exe KM_Settings         106 TKMSettings.SaveToDefaultFile
00892a43 KaM_Expansion.exe KM_Settings         113 TKMSettings.SaveToDefaultFile
0089267c KaM_Expansion.exe KM_Settings          65 TKMSettings.Destroy
00892dd6 KaM_Expansion.exe KM_SettingsXML       44 TKMSettingsXML.Destroy
00893102 KaM_Expansion.exe KM_GameAppSettings   57 TKMGameAppSettings.Destroy
002fa764 KaM_Expansion.exe System               23 TObject.Free
005c980c KaM_Expansion.exe KromUtils           281 FreeThenNil
00aacbb3 KaM_Expansion.exe KM_Main             378 TKMMain.Stop
00aacc88 KaM_Expansion.exe KM_Main             405 TKMMain.Stop
00d147dd KaM_Expansion.exe KM_FormMain        2212 TFormMain.FormClose
005736a7 KaM_Expansion.exe Vcl.Forms               TCustomForm.DoClose
00579095 KaM_Expansion.exe Vcl.Forms               TCustomForm.Close
00577cd4 KaM_Expansion.exe Vcl.Forms               TCustomForm.WMClose
004c2cfa KaM_Expansion.exe Vcl.Controls            TControl.WndProc
004c7ec1 KaM_Expansion.exe Vcl.Controls            TWinControl.WndProc
005742e8 KaM_Expansion.exe Vcl.Forms               TCustomForm.WndProc
00574303 KaM_Expansion.exe Vcl.Forms               TCustomForm.WndProc
00d142c9 KaM_Expansion.exe KM_FormMain        2051 TFormMain.WndProc
004c73cc KaM_Expansion.exe Vcl.Controls            TWinControl.MainWndProc
004c73e7 KaM_Expansion.exe Vcl.Controls            TWinControl.MainWndProc

15:26:04.931   118,728s      13ms  15548    'GameApp settings' was successfully saved to 'C:\Users\szyby\OneDrive\Dokumenty\My Games\Knights and Merchants Remake\KaM Remake Settings KingDyronMod.xml'
