   Timestamp    Elapsed     Delta  Thread    Description
========================
    Date: 2025.01.06
========================
15:37:23.828     0,001s       1ms  12008    Log is up and running. Game version: KaM Expansion: Co-op & World Update
15:37:23.835     0,009s       8ms  12008    Game Load started
15:37:23.845     0,018s       9ms  12008    Start loading 'GameApp settings' from 'C:\Users\szyby\OneDrive\Dokumenty\My Games\Knights and Merchants Remake\KaM Remake Settings KingDyronMod.xml'
15:37:23.851     0,025s       7ms  12008    'GameApp settings' was successfully loaded from 'C:\Users\szyby\OneDrive\Dokumenty\My Games\Knights and Merchants Remake\KaM Remake Settings KingDyronMod.xml'
15:37:23.869     0,043s       6ms  12008    Start saving 'GameApp settings' to 'C:\Users\szyby\OneDrive\Dokumenty\My Games\Knights and Merchants Remake\KaM Remake Settings KingDyronMod.xml'
00ee8a48 KaM_Expansion.exe KM_Settings        106 TKMSettings.SaveToDefaultFile
00ee8b1b KaM_Expansion.exe KM_Settings        113 TKMSettings.SaveToDefaultFile
00ee8719 KaM_Expansion.exe KM_Settings         59 TKMSettings.Create
00ee8e56 KaM_Expansion.exe KM_SettingsXML      38 TKMSettingsXML.Create
00ee9197 KaM_Expansion.exe KM_GameAppSettings  51 TKMGameAppSettings.Create
010fec9c KaM_Expansion.exe KM_Main            258 TKMMain.Start
010fef0b KaM_Expansion.exe KM_Main            305 TKMMain.Start
01381b2b KaM_Expansion.exe KaM_Expansion      480 initialization
01381b5a KaM_Expansion.exe KaM_Expansion      483 initialization
76c97ba7 KERNEL32.DLL                             BaseThreadInitThunk

15:37:23.908     0,082s      39ms  12008    'GameApp settings' was successfully saved to 'C:\Users\szyby\OneDrive\Dokumenty\My Games\Knights and Merchants Remake\KaM Remake Settings KingDyronMod.xml'
15:37:23.936     0,110s      28ms  12008    Start loading 'Server settings' from 'C:\Users\szyby\OneDrive\Dokumenty\My Games\Knights and Merchants Remake\KaM Remake Server Settings.ini'
15:37:23.943     0,117s       7ms  12008    'Server settings' was successfully loaded from 'C:\Users\szyby\OneDrive\Dokumenty\My Games\Knights and Merchants Remake\KaM Remake Server Settings.ini'
15:37:23.950     0,123s       6ms  12008    Start saving 'Server settings' to 'C:\Users\szyby\OneDrive\Dokumenty\My Games\Knights and Merchants Remake\KaM Remake Server Settings.ini'
00ee8a48 KaM_Expansion.exe KM_Settings       106 TKMSettings.SaveToDefaultFile
00ee8b1b KaM_Expansion.exe KM_Settings       113 TKMSettings.SaveToDefaultFile
00ee8719 KaM_Expansion.exe KM_Settings        59 TKMSettings.Create
010280a4 KaM_Expansion.exe KM_ServerSettings 109 TKMServerSettings.Create
010f41a7 KaM_Expansion.exe KM_GameApp        213 TKMGameApp.Create
010f44d2 KaM_Expansion.exe KM_GameApp        298 TKMGameApp.Create
010fff12 KaM_Expansion.exe KM_Main           635 TKMMain.ReinitRender
0110011e KaM_Expansion.exe KM_Main           689 TKMMain.ReinitRender
010fedb2 KaM_Expansion.exe KM_Main           281 TKMMain.Start
010fef0b KaM_Expansion.exe KM_Main           305 TKMMain.Start
01381b2b KaM_Expansion.exe KaM_Expansion     480 initialization
01381b5a KaM_Expansion.exe KaM_Expansion     483 initialization
76c97ba7 KERNEL32.DLL                            BaseThreadInitThunk

15:37:23.964     0,138s      14ms  12008    'Server settings' was successfully saved to 'C:\Users\szyby\OneDrive\Dokumenty\My Games\Knights and Merchants Remake\KaM Remake Server Settings.ini'
15:37:23.971     0,144s       6ms  12008    Init Render started
15:37:24.113     0,286s     141ms  12008    GL_MAX_TEXTURE_SIZE = 32768
15:37:24.120     0,294s       8ms  12008    GL_MAX_VIEWPORT_DIM = 32768
                                      OpenGL Vendor: NVIDIA Corporation
                                      OpenGL Renderer: NVIDIA GeForce RTX 3060 Ti/PCIe/SSE2
                                      OpenGL Version: 4.6.0 NVIDIA 560.94
15:37:24.147     0,321s      27ms  12008    Init Render Done
15:37:24.154     0,328s       7ms  12008    Resource loading state - None
15:37:24.162     0,335s       7ms  12008    Reading palettes ... done
15:37:24.170     0,344s       9ms  12008    Reading GUI.rx
15:37:24.187     0,361s      17ms  12008    Load Sprites started
15:37:24.194     0,368s       7ms  12008    GUI - 971
15:37:24.218     0,392s      24ms  12008    Load Sprites Done
15:37:24.253     0,427s      35ms  12008    Reading GUIMain.rx
15:37:24.260     0,433s       6ms  12008    Load Sprites started
15:37:24.267     0,441s       8ms  12008    GUIMain - 105
15:37:24.319     0,492s      51ms  12008    Load Sprites Done
15:37:24.373     0,547s      55ms  12008    Reading Tileset.rx
15:37:24.381     0,554s       7ms  12008    Load Sprites started
15:37:24.388     0,562s       8ms  12008    Tileset - 5449
15:37:24.402     0,575s      13ms  12008    Load Sprites Done
15:37:24.409     0,583s       8ms  12008    GenerateTerrainTransitions started. Legacy = False
15:37:24.416     0,590s       7ms  12008    TexId = 5451 GenTilesCnt = 2100
15:37:24.423     0,596s       6ms  12008    TexId = 6051; TexId - fGenTexIdStartI = 600; uniqueTex = 600; totalTex = 1350
15:37:24.430     0,603s       7ms  12008    GeneratedMasks cnt = 20
15:37:24.437     0,610s       7ms  12008    GenerateTerrainTransitions Done
15:37:24.443     0,616s       6ms  12008    GenerateTerrainTransitions started. Legacy = True
15:37:24.449     0,623s       7ms  12008    Legacy: TexId = 4999 GenTilesCntTemp = 2030
15:37:24.456     0,630s       7ms  12008    TexId = 5463; TexId - fGenTexIdStartILegacy = 464; uniqueTex = 464; totalTex = 1044
15:37:24.462     0,636s       6ms  12008    GeneratedMasks cnt = 16
15:37:24.470     0,643s       7ms  12008    GenerateTerrainTransitions Done
15:37:24.578     0,751s     108ms  12008    Load font started
15:37:24.618     0,791s      40ms  12008    Font load took 40ms
15:37:24.625     0,798s       7ms  12008    Read fonts is done
15:37:24.642     0,815s      17ms  12008    ReadGFX is done
15:37:24.649     0,823s       8ms  12008    Resource loading state - Menu
15:37:24.657     0,830s       7ms  18740    OpenAL init started
15:37:24.679     0,852s      21ms  12008    Music init done, 24 tracks found
                                      Loading campaign images.rxx for HKS
15:37:24.707     0,881s      29ms  18656    Custom - 1
15:37:24.714     0,888s       7ms  18740    Pre-LoadSFX init ... done
15:37:24.722     0,896s       8ms  18740    ALC_MONO_SOURCES 255
15:37:24.729     0,902s       6ms  18740    ALC_STEREO_SOURCES 1
15:37:24.735     0,908s       6ms  12008    Main menu init done
15:37:24.741     0,915s       7ms  18740    OpenAL init done
15:37:24.763     0,937s      21ms  12008    Check game folder 'E:\programowanie\projekty delphi\kam_expansion\' generic permissions: READ: granted; WRITE: granted; EXECUTE: granted; folder is writable: 
15:37:24.774     0,947s      10ms  12008    LoadGameResources ... AlphaShadows: True. Forced: True
15:37:24.781     0,955s       8ms  12008    TKMResSprites.LoadGameResources
15:37:24.788     0,961s       6ms  12008    [AsyncGameResLoader Thread] Started
15:37:24.795     0,968s       7ms  12008    Resource loading state - Game
15:37:24.801     0,975s       7ms  12008    ToggleFullscreen
15:37:24.807     0,980s       5ms  12008    Form Width/Height: 1040:830
15:37:24.813     0,986s       6ms  12008    Panel Width/Height: 1024:791
15:37:24.820     0,994s       8ms   1860    [AsyncGameResLoader Thread] RT = rxTrees Stage = lsLoad
15:37:24.828     1,001s       7ms   1860    [AsyncGameResLoader Thread] Start Load RXX 'Trees.rxx'
15:37:24.835     1,008s       7ms   1860    Load Sprites started
15:37:24.845     1,019s      11ms   1860    Trees - 1227
15:37:24.856     1,029s      10ms  12008    Saving dev settings to file 'kmr_dev.xml'
                                      Loading campaign images.rxx for KSN
15:37:24.874     1,048s      19ms  18656    Custom - 1
15:37:24.886     1,059s      11ms  12008    Saving dev settings to file 'kmr_dev.xml'
15:37:24.909     1,083s      24ms  12008    Game Load Done in 1117
                                      Loading campaign images.rxx for KSO
15:37:24.955     1,129s      46ms  18656    Custom - 1
15:37:24.969     1,143s      14ms   1860    Load Sprites Done
                                      Loading campaign images.rxx for KSU
15:37:25.014     1,188s      45ms  18656    Custom - 1
                                      Loading campaign images.rxx for OFL
15:37:25.066     1,240s      52ms  18656    Custom - 1
15:37:25.073     1,247s       7ms   1860    [AsyncGameResLoader Thread] DONE Load RXX 'Trees.rxa'
15:37:25.088     1,262s      15ms  12008    [AsyncGameResLoader MainTh] [UpdateStateIdle] GenTextures RT = rxTrees Stage = lsGenMain
15:37:25.102     1,275s      13ms  12008    [AsyncGameResLoader MainTh] [UpdateStateIdle] DONE
15:37:25.108     1,282s       7ms   1860    [AsyncGameResLoader Thread] RT = rxTrees Stage = lsOverload
15:37:25.115     1,289s       7ms   1860    [AsyncGameResLoader Thread] OverloadFromFolder RT = rxTrees
                                      Loading campaign images.rxx for OER
15:37:25.130     1,304s      15ms   1860    [AsyncGameResLoader Thread] DONE OverloadFromFolder RT = rxTrees
15:37:25.137     1,310s       6ms  18656    Custom - 1
15:37:25.143     1,316s       6ms  12008    [AsyncGameResLoader MainTh] [UpdateStateIdle] GenTextures RT = rxTrees Stage = lsGenOverload
15:37:25.150     1,324s       8ms  12008    [AsyncGameResLoader MainTh] [UpdateStateIdle] DONE
15:37:25.157     1,330s       6ms   1860    [AsyncGameResLoader Thread] RT = rxHouses Stage = lsLoad
15:37:25.163     1,336s       6ms   1860    [AsyncGameResLoader Thread] Start Load RXX 'Houses.rxx'
15:37:25.170     1,344s       8ms   1860    Load Sprites started
15:37:25.176     1,350s       6ms   1860    Houses - 2710
                                      Loading campaign images.rxx for TBK
15:37:25.189     1,362s      12ms  18656    Custom - 1
                                      Loading campaign images.rxx for TPR
15:37:25.257     1,430s      68ms  18656    Custom - 1
15:37:25.264     1,437s       7ms   1860    Load Sprites Done
                                      Loading campaign images.rxx for TSK
15:37:25.315     1,489s      52ms  18656    Custom - 1
                                      Loading campaign images.rxx for TUA
15:37:25.352     1,525s      36ms  18656    Custom - 1
15:37:25.396     1,570s      45ms   1860    [AsyncGameResLoader Thread] DONE Load RXX 'Houses.rxa'
15:37:25.403     1,577s       7ms  12008    [AsyncGameResLoader MainTh] [UpdateStateIdle] GenTextures RT = rxHouses Stage = lsGenMain
15:37:25.429     1,602s      25ms  12008    [AsyncGameResLoader MainTh] [UpdateStateIdle] DONE
15:37:25.436     1,610s       8ms   1860    [AsyncGameResLoader Thread] RT = rxHouses Stage = lsOverload
15:37:25.442     1,616s       6ms   1860    [AsyncGameResLoader Thread] OverloadFromFolder RT = rxHouses
15:37:25.449     1,622s       6ms   1860    [AsyncGameResLoader Thread] DONE OverloadFromFolder RT = rxHouses
15:37:25.455     1,628s       6ms  12008    [AsyncGameResLoader MainTh] [UpdateStateIdle] GenTextures RT = rxHouses Stage = lsGenOverload
15:37:25.461     1,635s       7ms  12008    [AsyncGameResLoader MainTh] [UpdateStateIdle] DONE
15:37:25.468     1,641s       6ms   1860    [AsyncGameResLoader Thread] RT = rxUnits Stage = lsLoad
15:37:25.474     1,647s       6ms   1860    [AsyncGameResLoader Thread] Start Load RXX 'Units.rxx'
15:37:25.481     1,654s       7ms   1860    Load Sprites started
15:37:25.488     1,662s       8ms   1860    Units - 15213
                                      Loading campaign images.rxx for TMR
15:37:25.511     1,685s      23ms  18656    Custom - 1
15:37:25.977     2,151s     466ms   1860    Load Sprites Done
15:37:27.135     3,308s    1157ms   1860    [AsyncGameResLoader Thread] DONE Load RXX 'Units.rxa'
15:37:27.150     3,323s      15ms  12008    [AsyncGameResLoader MainTh] [UpdateStateIdle] GenTextures RT = rxUnits Stage = lsGenMain
15:37:27.224     3,398s      75ms  12008    [AsyncGameResLoader MainTh] [UpdateStateIdle] DONE
15:37:27.233     3,407s       9ms   1860    [AsyncGameResLoader Thread] RT = rxUnits Stage = lsOverload
15:37:27.240     3,413s       6ms   1860    [AsyncGameResLoader Thread] OverloadFromFolder RT = rxUnits
15:37:27.246     3,420s       7ms   1860    [AsyncGameResLoader Thread] DONE OverloadFromFolder RT = rxUnits
15:37:27.260     3,433s      13ms  12008    [AsyncGameResLoader MainTh] [UpdateStateIdle] GenTextures RT = rxUnits Stage = lsGenOverload
15:37:27.267     3,441s       8ms  12008    [AsyncGameResLoader Thread] Stopped
15:37:27.273     3,447s       6ms  12008    [AsyncGameResLoader MainTh] [UpdateStateIdle] DONE
                                      Loading campaign images.rxx for HKS
15:37:28.338     4,512s    1065ms   2600    Custom - 1
                                      Loading campaign images.rxx for KSN
15:37:28.426     4,600s      88ms   2600    Custom - 1
                                      Loading campaign images.rxx for KSO
15:37:28.487     4,660s      60ms   2600    Custom - 1
                                      Loading campaign images.rxx for KSU
15:37:28.544     4,717s      57ms   2600    Custom - 1
                                      Loading campaign images.rxx for OFL
15:37:28.592     4,766s      49ms   2600    Custom - 1
                                      Loading campaign images.rxx for OER
15:37:28.632     4,806s      39ms   2600    Custom - 1
                                      Loading campaign images.rxx for TBK
15:37:28.666     4,840s      34ms   2600    Custom - 1
                                      Loading campaign images.rxx for TPR
15:37:28.719     4,893s      53ms   2600    Custom - 1
                                      Loading campaign images.rxx for TSK
15:37:28.760     4,934s      41ms   2600    Custom - 1
                                      Loading campaign images.rxx for TUA
15:37:28.792     4,965s      31ms   2600    Custom - 1
15:37:28.831     5,005s      39ms  12008    LoadGameResources ... AlphaShadows: True. Forced: False
15:37:28.838     5,011s       6ms  12008    Resource loading state - Game
15:37:28.865     5,038s      27ms  12008    Saving dev settings to file 'kmr_dev.xml'
15:37:28.909     5,083s      45ms  12008    <== Game creation is done ==>
15:37:28.916     5,089s       6ms  12008    GameStart
15:37:28.922     5,096s       6ms  12008    Loading DAT file: E:\programowanie\projekty delphi\kam_expansion\Maps\The Old Town\The Old Town.dat
15:37:28.929     5,102s       6ms  12008    Loading map file: E:\programowanie\projekty delphi\kam_expansion\Maps\The Old Town\The Old Town.map
15:37:28.951     5,125s      23ms  12008    Map file loaded
15:37:29.115     5,288s     163ms  12008    Gameplay recording initialized ... done
15:37:29.122     5,295s       7ms  12008    Game options: PT = 0; SpeedPT = 1; SpeedAfterPT = 1; Seed = 0; Difficulty = mdNone
15:37:29.128     5,302s       7ms  12008    Gameplay initialized ... done
15:37:29.134     5,308s       6ms  12008    After game start
15:37:29.146     5,320s      12ms  12008    Set game seed: 2035312402
15:37:29.153     5,327s       7ms  12008    After game start ... done
                                      Loading campaign images.rxx for TMR
15:37:29.200     5,373s      46ms   2600    Custom - 1
15:39:16.316   112,490s  107117ms  12008    Saving dev settings to file 'kmr_dev.xml'
                                      Loading campaign images.rxx for HKS
15:39:20.567   116,740s    4249ms  10100    Custom - 1
15:39:20.573   116,747s       7ms  12008    Gameplay ended - grMapEdEnd /
                                      Loading campaign images.rxx for KSN
15:39:20.634   116,807s      60ms  10100    Custom - 1
                                      Loading campaign images.rxx for KSO
15:39:20.694   116,868s      61ms  10100    Custom - 1
                                      Loading campaign images.rxx for KSU
15:39:20.765   116,939s      71ms  10100    Custom - 1
                                      Loading campaign images.rxx for OFL
15:39:20.814   116,988s      49ms  10100    Custom - 1
                                      Loading campaign images.rxx for OER
15:39:20.855   117,029s      41ms  10100    Custom - 1
                                      Loading campaign images.rxx for TBK
15:39:20.912   117,086s      57ms  10100    Custom - 1
                                      Loading campaign images.rxx for TPR
15:39:20.964   117,138s      52ms  10100    Custom - 1
                                      Loading campaign images.rxx for TSK
15:39:21.001   117,175s      37ms  10100    Custom - 1
                                      Loading campaign images.rxx for TUA
15:39:21.034   117,208s      33ms  10100    Custom - 1
                                      Loading campaign images.rxx for TMR
15:39:21.183   117,356s     148ms  10100    Custom - 1
15:39:23.415   119,588s    2232ms  12008    LoadGameResources ... AlphaShadows: True. Forced: False
15:39:23.422   119,596s       8ms  12008    Resource loading state - Game
15:39:23.449   119,622s      26ms  12008    Saving dev settings to file 'kmr_dev.xml'
15:39:23.507   119,680s      58ms  12008    <== Game creation is done ==>
15:39:23.514   119,688s       8ms  12008    GameStart
15:39:23.521   119,694s       6ms  12008    Loading DAT file: E:\programowanie\projekty delphi\kam_expansion\Maps\The Old Town\The Old Town.dat
15:39:23.527   119,700s       6ms  12008    Loading map file: E:\programowanie\projekty delphi\kam_expansion\Maps\The Old Town\The Old Town.map
15:39:23.547   119,720s      20ms  12008    Map file loaded
15:39:23.573   119,747s      27ms  12008    Gameplay recording initialized ... done
15:39:23.580   119,753s       6ms  12008    Game options: PT = 0; SpeedPT = 1; SpeedAfterPT = 1; Seed = 0; Difficulty = mdNone
15:39:23.586   119,759s       6ms  12008    Gameplay initialized ... done
15:39:23.592   119,766s       7ms  12008    After game start
15:39:23.612   119,786s      20ms  12008    Set game seed: 811373926
15:39:23.620   119,793s       7ms  12008    Saving game at tick 0 to 'E:\programowanie\projekty delphi\kam_expansion\Saves\basesave\basesave.bas'
15:39:23.626   119,800s       7ms  12008    After game start ... done
15:39:43.276   139,450s   19650ms  12008    Saving dev settings to file 'kmr_dev.xml'
15:39:44.275   140,449s     999ms  12008    Stopping game application...
15:39:44.283   140,456s       7ms  12008    Gameplay ended - grSilent /
15:39:44.289   140,463s       7ms  12008    Start saving 'Server settings' to 'C:\Users\szyby\OneDrive\Dokumenty\My Games\Knights and Merchants Remake\KaM Remake Server Settings.ini'
00ee8a48 KaM_Expansion.exe KM_Settings        106 TKMSettings.SaveToDefaultFile
00ee8b1b KaM_Expansion.exe KM_Settings        113 TKMSettings.SaveToDefaultFile
00ee8754 KaM_Expansion.exe KM_Settings         65 TKMSettings.Destroy
010280ea KaM_Expansion.exe KM_ServerSettings  117 TKMServerSettings.Destroy
0094a764 KaM_Expansion.exe System              23 TObject.Free
00c18fe4 KaM_Expansion.exe KromUtils          281 FreeThenNil
010f46ff KaM_Expansion.exe KM_GameApp         333 TKMGameApp.Destroy
0094a764 KaM_Expansion.exe System              23 TObject.Free
00c18fe4 KaM_Expansion.exe KromUtils          281 FreeThenNil
010ff32d KaM_Expansion.exe KM_Main            376 TKMMain.Stop
010ff40c KaM_Expansion.exe KM_Main            405 TKMMain.Stop
0136c949 KaM_Expansion.exe KM_FormMain       2212 TFormMain.FormClose
00bc2df7 KaM_Expansion.exe Vcl.Forms              TCustomForm.DoClose
00bc87e5 KaM_Expansion.exe Vcl.Forms              TCustomForm.Close
00bc7424 KaM_Expansion.exe Vcl.Forms              TCustomForm.WMClose
00b12cfa KaM_Expansion.exe Vcl.Controls           TControl.WndProc
00b17ec1 KaM_Expansion.exe Vcl.Controls           TWinControl.WndProc
00bc3a38 KaM_Expansion.exe Vcl.Forms              TCustomForm.WndProc
00bc3a53 KaM_Expansion.exe Vcl.Forms              TCustomForm.WndProc
0136c435 KaM_Expansion.exe KM_FormMain       2051 TFormMain.WndProc

15:39:44.312   140,485s      22ms  12008    'Server settings' was successfully saved to 'C:\Users\szyby\OneDrive\Dokumenty\My Games\Knights and Merchants Remake\KaM Remake Server Settings.ini'
15:39:44.525   140,699s     214ms  12008    Start saving 'GameApp settings' to 'C:\Users\szyby\OneDrive\Dokumenty\My Games\Knights and Merchants Remake\KaM Remake Settings KingDyronMod.xml'
00ee8a48 KaM_Expansion.exe KM_Settings         106 TKMSettings.SaveToDefaultFile
00ee8b1b KaM_Expansion.exe KM_Settings         113 TKMSettings.SaveToDefaultFile
00ee8754 KaM_Expansion.exe KM_Settings          65 TKMSettings.Destroy
00ee8eae KaM_Expansion.exe KM_SettingsXML       44 TKMSettingsXML.Destroy
00ee91da KaM_Expansion.exe KM_GameAppSettings   57 TKMGameAppSettings.Destroy
0094a764 KaM_Expansion.exe System               23 TObject.Free
00c18fe4 KaM_Expansion.exe KromUtils           281 FreeThenNil
010ff337 KaM_Expansion.exe KM_Main             378 TKMMain.Stop
010ff40c KaM_Expansion.exe KM_Main             405 TKMMain.Stop
0136c949 KaM_Expansion.exe KM_FormMain        2212 TFormMain.FormClose
00bc2df7 KaM_Expansion.exe Vcl.Forms               TCustomForm.DoClose
00bc87e5 KaM_Expansion.exe Vcl.Forms               TCustomForm.Close
00bc7424 KaM_Expansion.exe Vcl.Forms               TCustomForm.WMClose
00b12cfa KaM_Expansion.exe Vcl.Controls            TControl.WndProc
00b17ec1 KaM_Expansion.exe Vcl.Controls            TWinControl.WndProc
00bc3a38 KaM_Expansion.exe Vcl.Forms               TCustomForm.WndProc
00bc3a53 KaM_Expansion.exe Vcl.Forms               TCustomForm.WndProc
0136c435 KaM_Expansion.exe KM_FormMain        2051 TFormMain.WndProc
00b173cc KaM_Expansion.exe Vcl.Controls            TWinControl.MainWndProc
00b173e7 KaM_Expansion.exe Vcl.Controls            TWinControl.MainWndProc

15:39:44.542   140,716s      17ms  12008    'GameApp settings' was successfully saved to 'C:\Users\szyby\OneDrive\Dokumenty\My Games\Knights and Merchants Remake\KaM Remake Settings KingDyronMod.xml'
