   Timestamp    Elapsed     Delta  Thread    Description
========================
    Date: 2025.01.03
========================
19:27:57.866     0,001s       1ms  18724    Log is up and running. Game version: KaM Expansion: Co-op & World Update
19:27:57.872     0,007s       5ms  18724    Game Load started
19:27:57.883     0,018s      10ms  18724    Start loading 'GameApp settings' from 'C:\Users\szyby\OneDrive\Dokumenty\My Games\Knights and Merchants Remake\KaM Remake Settings KingDyronMod.xml'
19:27:57.888     0,023s       5ms  18724    'GameApp settings' was successfully loaded from 'C:\Users\szyby\OneDrive\Dokumenty\My Games\Knights and Merchants Remake\KaM Remake Settings KingDyronMod.xml'
19:27:57.908     0,043s       6ms  18724    Start saving 'GameApp settings' to 'C:\Users\szyby\OneDrive\Dokumenty\My Games\Knights and Merchants Remake\KaM Remake Settings KingDyronMod.xml'
00968114 KaM_Expansion.exe KM_Settings        106 TKMSettings.SaveToDefaultFile
009681e7 KaM_Expansion.exe KM_Settings        113 TKMSettings.SaveToDefaultFile
00967de5 KaM_Expansion.exe KM_Settings         59 TKMSettings.Create
00968522 KaM_Expansion.exe KM_SettingsXML      38 TKMSettingsXML.Create
00968863 KaM_Expansion.exe KM_GameAppSettings  51 TKMGameAppSettings.Create
00b7e4b8 KaM_Expansion.exe KM_Main            259 TKMMain.Start
00b7e727 KaM_Expansion.exe KM_Main            306 TKMMain.Start
00e01b2b KaM_Expansion.exe KaM_Expansion      480 initialization
00e01b5a KaM_Expansion.exe KaM_Expansion      483 initialization
762b7ba7 KERNEL32.DLL                             BaseThreadInitThunk

19:27:57.947     0,082s      39ms  18724    'GameApp settings' was successfully saved to 'C:\Users\szyby\OneDrive\Dokumenty\My Games\Knights and Merchants Remake\KaM Remake Settings KingDyronMod.xml'
19:27:57.976     0,111s      29ms  18724    Start loading 'Server settings' from 'C:\Users\szyby\OneDrive\Dokumenty\My Games\Knights and Merchants Remake\KaM Remake Server Settings.ini'
19:27:57.982     0,117s       6ms  18724    'Server settings' was successfully loaded from 'C:\Users\szyby\OneDrive\Dokumenty\My Games\Knights and Merchants Remake\KaM Remake Server Settings.ini'
19:27:57.988     0,123s       6ms  18724    Start saving 'Server settings' to 'C:\Users\szyby\OneDrive\Dokumenty\My Games\Knights and Merchants Remake\KaM Remake Server Settings.ini'
00968114 KaM_Expansion.exe KM_Settings       106 TKMSettings.SaveToDefaultFile
009681e7 KaM_Expansion.exe KM_Settings       113 TKMSettings.SaveToDefaultFile
00967de5 KaM_Expansion.exe KM_Settings        59 TKMSettings.Create
00aa7764 KaM_Expansion.exe KM_ServerSettings 109 TKMServerSettings.Create
00b7386c KaM_Expansion.exe KM_GameApp        213 TKMGameApp.Create
00b73cbe KaM_Expansion.exe KM_GameApp        295 TKMGameApp.Create
00b7f72e KaM_Expansion.exe KM_Main           636 TKMMain.ReinitRender
00b7f93a KaM_Expansion.exe KM_Main           691 TKMMain.ReinitRender
00b7e5ce KaM_Expansion.exe KM_Main           282 TKMMain.Start
00b7e727 KaM_Expansion.exe KM_Main           306 TKMMain.Start
00e01b2b KaM_Expansion.exe KaM_Expansion     480 initialization
00e01b5a KaM_Expansion.exe KaM_Expansion     483 initialization
762b7ba7 KERNEL32.DLL                            BaseThreadInitThunk

19:27:58.002     0,137s      14ms  18724    'Server settings' was successfully saved to 'C:\Users\szyby\OneDrive\Dokumenty\My Games\Knights and Merchants Remake\KaM Remake Server Settings.ini'
19:27:58.007     0,142s       5ms  18724    Init Render started
19:27:58.142     0,277s     134ms  18724    GL_MAX_TEXTURE_SIZE = 32768
19:27:58.149     0,284s       7ms  18724    GL_MAX_VIEWPORT_DIM = 32768
                                      OpenGL Vendor: NVIDIA Corporation
                                      OpenGL Renderer: NVIDIA GeForce RTX 3060 Ti/PCIe/SSE2
                                      OpenGL Version: 4.6.0 NVIDIA 560.94
19:27:58.176     0,311s      27ms  18724    Init Render Done
19:27:58.191     0,326s      15ms  18724    Resource loading state - None
19:27:58.199     0,334s       8ms  18724    Reading palettes ... done
19:27:58.832     0,968s     634ms  18724    Reading GUI.rx
19:27:58.839     0,974s       6ms  18724    Load Sprites started
19:27:58.846     0,981s       7ms  18724    GUI - 966
19:27:58.866     1,001s      20ms  18724    Load Sprites Done
19:27:58.897     1,032s      31ms  18724    Reading GUIMain.rx
19:27:58.904     1,039s       7ms  18724    Load Sprites started
19:27:58.910     1,045s       6ms  18724    GUIMain - 105
19:27:58.962     1,097s      52ms  18724    Load Sprites Done
19:27:59.012     1,147s      50ms  18724    Reading Tileset.rx
19:27:59.018     1,153s       6ms  18724    Load Sprites started
19:27:59.025     1,160s       7ms  18724    Tileset - 5449
19:27:59.060     1,196s      36ms  18724    Load Sprites Done
19:27:59.067     1,202s       6ms  18724    GenerateTerrainTransitions started. Legacy = False
19:27:59.072     1,208s       6ms  18724    TexId = 5451 GenTilesCnt = 2100
19:27:59.078     1,214s       6ms  18724    TexId = 6051; TexId - fGenTexIdStartI = 600; uniqueTex = 600; totalTex = 1350
19:27:59.084     1,219s       5ms  18724    GeneratedMasks cnt = 20
19:27:59.090     1,225s       5ms  18724    GenerateTerrainTransitions Done
19:27:59.096     1,231s       6ms  18724    GenerateTerrainTransitions started. Legacy = True
19:27:59.102     1,237s       6ms  18724    Legacy: TexId = 4999 GenTilesCntTemp = 2030
19:27:59.107     1,242s       5ms  18724    TexId = 5463; TexId - fGenTexIdStartILegacy = 464; uniqueTex = 464; totalTex = 1044
19:27:59.114     1,249s       7ms  18724    GeneratedMasks cnt = 16
19:27:59.119     1,254s       5ms  18724    GenerateTerrainTransitions Done
19:27:59.644     1,779s     525ms  18724    Load font started
19:27:59.681     1,816s      37ms  18724    Font load took 37ms
19:27:59.687     1,823s       7ms  18724    Read fonts is done
19:28:00.753     2,888s    1065ms  18724    ReadGFX is done
19:28:00.762     2,897s       9ms  18724    Resource loading state - Menu
19:28:00.769     2,904s       7ms  15508    OpenAL init started
19:28:01.380     3,515s     611ms  18724    Music init done, 24 tracks found
                                      Loading campaign images.rxx for HKS
19:28:01.404     3,539s      24ms   1472    Custom - 1
19:28:01.411     3,546s       7ms  15508    Pre-LoadSFX init ... done
19:28:01.417     3,553s       7ms  15508    ALC_MONO_SOURCES 255
19:28:01.424     3,559s       5ms  15508    ALC_STEREO_SOURCES 1
19:28:01.431     3,566s       7ms  15508    OpenAL init done
19:28:01.437     3,572s       6ms  18724    Main menu init done
19:28:01.466     3,601s      29ms  18724    Check game folder 'E:\programowanie\projekty delphi\kam_expansion\' generic permissions: READ: granted; WRITE: granted; EXECUTE: granted; folder is writable: 
19:28:01.473     3,608s       7ms  18724    LoadGameResources ... AlphaShadows: True. Forced: True
19:28:01.479     3,614s       6ms  18724    TKMResSprites.LoadGameResources
19:28:01.486     3,621s       7ms  18724    [AsyncGameResLoader Thread] Started
19:28:01.491     3,626s       5ms  18724    Resource loading state - Game
19:28:01.497     3,632s       6ms  18724    ToggleFullscreen
19:28:01.504     3,639s       7ms  18724    Form Width/Height: 1040:759
19:28:01.511     3,646s       7ms  18724    Panel Width/Height: 1024:720
19:28:01.518     3,653s       7ms   3420    [AsyncGameResLoader Thread] RT = rxTrees Stage = lsLoad
19:28:01.525     3,660s       7ms   3420    [AsyncGameResLoader Thread] Start Load RXX 'Trees.rxx'
19:28:01.532     3,667s       7ms   3420    Load Sprites started
19:28:01.539     3,674s       7ms   3420    Trees - 1216
                                      Loading campaign images.rxx for KSN
19:28:01.558     3,693s      19ms   1472    Custom - 1
19:28:01.565     3,700s       7ms  18724    Saving dev settings to file 'kmr_dev.xml'
19:28:01.612     3,747s      47ms  18724    Saving dev settings to file 'kmr_dev.xml'
19:28:01.625     3,760s      13ms  18724    Game Load Done in 3789
                                      Loading campaign images.rxx for KSO
19:28:01.646     3,781s      21ms   1472    Custom - 1
19:28:01.680     3,816s      35ms   3420    Load Sprites Done
                                      Loading campaign images.rxx for KSU
19:28:01.705     3,841s      25ms   1472    Custom - 1
                                      Loading campaign images.rxx for OFL
19:28:01.759     3,894s      53ms   1472    Custom - 1
19:28:01.777     3,912s      18ms   3420    [AsyncGameResLoader Thread] DONE Load RXX 'Trees.rxa'
19:28:01.792     3,927s      15ms  18724    [AsyncGameResLoader MainTh] [UpdateStateIdle] GenTextures RT = rxTrees Stage = lsGenMain
19:28:01.803     3,938s      11ms  18724    [AsyncGameResLoader MainTh] [UpdateStateIdle] DONE
19:28:01.810     3,945s       7ms   3420    [AsyncGameResLoader Thread] RT = rxTrees Stage = lsOverload
19:28:01.816     3,952s       7ms   3420    [AsyncGameResLoader Thread] OverloadFromFolder RT = rxTrees
                                      Loading campaign images.rxx for OER
19:28:01.830     3,965s      13ms   1472    Custom - 1
19:28:01.836     3,972s       7ms   3420    [AsyncGameResLoader Thread] DONE OverloadFromFolder RT = rxTrees
19:28:01.843     3,978s       6ms  18724    [AsyncGameResLoader MainTh] [UpdateStateIdle] GenTextures RT = rxTrees Stage = lsGenOverload
19:28:01.849     3,984s       6ms  18724    [AsyncGameResLoader MainTh] [UpdateStateIdle] DONE
19:28:01.857     3,992s       7ms   3420    [AsyncGameResLoader Thread] RT = rxHouses Stage = lsLoad
19:28:01.863     3,998s       6ms   3420    [AsyncGameResLoader Thread] Start Load RXX 'Houses.rxx'
19:28:01.870     4,005s       7ms   3420    Load Sprites started
                                      Loading campaign images.rxx for TBK
19:28:01.882     4,017s      12ms   3420    Houses - 2709
19:28:01.889     4,024s       7ms   1472    Custom - 1
                                      Loading campaign images.rxx for TPR
19:28:01.948     4,083s      59ms   1472    Custom - 1
                                      Loading campaign images.rxx for TSK
19:28:02.013     4,148s      65ms   1472    Custom - 1
                                      Loading campaign images.rxx for TUA
19:28:02.061     4,196s      48ms   1472    Custom - 1
19:28:02.068     4,203s       7ms   3420    Load Sprites Done
19:28:02.199     4,334s     131ms   3420    [AsyncGameResLoader Thread] DONE Load RXX 'Houses.rxa'
19:28:02.207     4,342s       7ms  18724    [AsyncGameResLoader MainTh] [UpdateStateIdle] GenTextures RT = rxHouses Stage = lsGenMain
                                      Loading campaign images.rxx for TMR
19:28:02.223     4,358s      16ms   1472    Custom - 1
19:28:02.229     4,364s       6ms  18724    [AsyncGameResLoader MainTh] [UpdateStateIdle] DONE
19:28:02.236     4,372s       8ms   3420    [AsyncGameResLoader Thread] RT = rxHouses Stage = lsOverload
19:28:02.244     4,379s       7ms   3420    [AsyncGameResLoader Thread] OverloadFromFolder RT = rxHouses
19:28:02.357     4,493s     114ms   3420    [AsyncGameResLoader Thread] DONE OverloadFromFolder RT = rxHouses
19:28:02.365     4,500s       7ms  18724    [AsyncGameResLoader MainTh] [UpdateStateIdle] GenTextures RT = rxHouses Stage = lsGenOverload
19:28:02.371     4,507s       7ms  18724    [AsyncGameResLoader MainTh] [UpdateStateIdle] DONE
19:28:02.378     4,514s       7ms   3420    [AsyncGameResLoader Thread] RT = rxUnits Stage = lsLoad
19:28:02.385     4,520s       6ms   3420    [AsyncGameResLoader Thread] Start Load RXX 'Units.rxx'
19:28:02.392     4,527s       7ms   3420    Load Sprites started
19:28:02.399     4,534s       7ms   3420    Units - 14845
19:28:03.182     5,317s     783ms   3420    Load Sprites Done
19:28:04.296     6,432s    1115ms   3420    [AsyncGameResLoader Thread] DONE Load RXX 'Units.rxa'
19:28:04.307     6,442s      10ms  18724    [AsyncGameResLoader MainTh] [UpdateStateIdle] GenTextures RT = rxUnits Stage = lsGenMain
19:28:04.384     6,519s      77ms  18724    [AsyncGameResLoader MainTh] [UpdateStateIdle] DONE
19:28:04.392     6,527s       8ms   3420    [AsyncGameResLoader Thread] RT = rxUnits Stage = lsOverload
19:28:04.398     6,533s       6ms   3420    [AsyncGameResLoader Thread] OverloadFromFolder RT = rxUnits
19:28:04.739     6,875s     342ms   3420    [AsyncGameResLoader Thread] DONE OverloadFromFolder RT = rxUnits
19:28:04.746     6,881s       6ms  18724    [AsyncGameResLoader MainTh] [UpdateStateIdle] GenTextures RT = rxUnits Stage = lsGenOverload
19:28:04.753     6,888s       7ms  18724    [AsyncGameResLoader Thread] Stopped
19:28:04.759     6,894s       6ms  18724    [AsyncGameResLoader MainTh] [UpdateStateIdle] DONE
19:28:22.858    24,993s   18099ms  18724    Saving dev settings to file 'kmr_dev.xml'
19:28:22.868    25,004s      11ms  18724    Stopping game application...
19:28:22.878    25,013s       9ms  18724    Start saving 'Server settings' to 'C:\Users\szyby\OneDrive\Dokumenty\My Games\Knights and Merchants Remake\KaM Remake Server Settings.ini'
00968114 KaM_Expansion.exe KM_Settings        106 TKMSettings.SaveToDefaultFile
009681e7 KaM_Expansion.exe KM_Settings        113 TKMSettings.SaveToDefaultFile
00967e20 KaM_Expansion.exe KM_Settings         65 TKMSettings.Destroy
00aa77aa KaM_Expansion.exe KM_ServerSettings  117 TKMServerSettings.Destroy
003ca764 KaM_Expansion.exe System              23 TObject.Free
00698fbc KaM_Expansion.exe KromUtils          281 FreeThenNil
00b73f1b KaM_Expansion.exe KM_GameApp         330 TKMGameApp.Destroy
003ca764 KaM_Expansion.exe System              23 TObject.Free
00698fbc KaM_Expansion.exe KromUtils          281 FreeThenNil
00b7eb49 KaM_Expansion.exe KM_Main            377 TKMMain.Stop
00b7ec28 KaM_Expansion.exe KM_Main            406 TKMMain.Stop
00dec179 KaM_Expansion.exe KM_FormMain       2212 TFormMain.FormClose
00642df7 KaM_Expansion.exe Vcl.Forms              TCustomForm.DoClose
006487e5 KaM_Expansion.exe Vcl.Forms              TCustomForm.Close
0064cfcf KaM_Expansion.exe Vcl.Forms              TApplication.WndProc
00500c30 KaM_Expansion.exe System.Classes         StdWndProc
7735916b ntdll.dll                                KiUserCallbackDispatcher
00500c30 KaM_Expansion.exe System.Classes         StdWndProc
7735916b ntdll.dll                                KiUserCallbackDispatcher
00e01b3b KaM_Expansion.exe KaM_Expansion      481 initialization

19:28:22.895    25,030s      17ms  18724    'Server settings' was successfully saved to 'C:\Users\szyby\OneDrive\Dokumenty\My Games\Knights and Merchants Remake\KaM Remake Server Settings.ini'
19:28:23.113    25,248s     217ms  18724    Start saving 'GameApp settings' to 'C:\Users\szyby\OneDrive\Dokumenty\My Games\Knights and Merchants Remake\KaM Remake Settings KingDyronMod.xml'
00968114 KaM_Expansion.exe KM_Settings         106 TKMSettings.SaveToDefaultFile
009681e7 KaM_Expansion.exe KM_Settings         113 TKMSettings.SaveToDefaultFile
00967e20 KaM_Expansion.exe KM_Settings          65 TKMSettings.Destroy
0096857a KaM_Expansion.exe KM_SettingsXML       44 TKMSettingsXML.Destroy
009688a6 KaM_Expansion.exe KM_GameAppSettings   57 TKMGameAppSettings.Destroy
003ca764 KaM_Expansion.exe System               23 TObject.Free
00698fbc KaM_Expansion.exe KromUtils           281 FreeThenNil
00b7eb53 KaM_Expansion.exe KM_Main             379 TKMMain.Stop
00b7ec28 KaM_Expansion.exe KM_Main             406 TKMMain.Stop
00dec179 KaM_Expansion.exe KM_FormMain        2212 TFormMain.FormClose
00642df7 KaM_Expansion.exe Vcl.Forms               TCustomForm.DoClose
006487e5 KaM_Expansion.exe Vcl.Forms               TCustomForm.Close
0064cfcf KaM_Expansion.exe Vcl.Forms               TApplication.WndProc
00500c30 KaM_Expansion.exe System.Classes          StdWndProc
7735916b ntdll.dll                                 KiUserCallbackDispatcher
00500c30 KaM_Expansion.exe System.Classes          StdWndProc
7735916b ntdll.dll                                 KiUserCallbackDispatcher
00e01b3b KaM_Expansion.exe KaM_Expansion       481 initialization
00e01b5a KaM_Expansion.exe KaM_Expansion       483 initialization
762b7ba7 KERNEL32.DLL                              BaseThreadInitThunk

19:28:23.128    25,263s      15ms  18724    'GameApp settings' was successfully saved to 'C:\Users\szyby\OneDrive\Dokumenty\My Games\Knights and Merchants Remake\KaM Remake Settings KingDyronMod.xml'
