   Timestamp    Elapsed     Delta  Thread    Description
========================
    Date: 2025.01.05
========================
12:27:43.702     0,001s       1ms   2180    Log is up and running. Game version: KaM Expansion: Co-op & World Update
12:27:43.708     0,007s       6ms   2180    Game Load started
12:27:43.717     0,016s       9ms   2180    Start loading 'GameApp settings' from 'C:\Users\szyby\OneDrive\Dokumenty\My Games\Knights and Merchants Remake\KaM Remake Settings KingDyronMod.xml'
12:27:43.722     0,021s       5ms   2180    'GameApp settings' was successfully loaded from 'C:\Users\szyby\OneDrive\Dokumenty\My Games\Knights and Merchants Remake\KaM Remake Settings KingDyronMod.xml'
12:27:43.740     0,039s       6ms   2180    Start saving 'GameApp settings' to 'C:\Users\szyby\OneDrive\Dokumenty\My Games\Knights and Merchants Remake\KaM Remake Settings KingDyronMod.xml'
011e8298 KaM_Expansion.exe KM_Settings        106 TKMSettings.SaveToDefaultFile
011e836b KaM_Expansion.exe KM_Settings        113 TKMSettings.SaveToDefaultFile
011e7f69 KaM_Expansion.exe KM_Settings         59 TKMSettings.Create
011e86a6 KaM_Expansion.exe KM_SettingsXML      38 TKMSettingsXML.Create
011e89e7 KaM_Expansion.exe KM_GameAppSettings  51 TKMGameAppSettings.Create
013fcffc KaM_Expansion.exe KM_Main            258 TKMMain.Start
013fd26b KaM_Expansion.exe KM_Main            305 TKMMain.Start
0167db2b KaM_Expansion.exe KaM_Expansion      480 initialization
0167db5a KaM_Expansion.exe KaM_Expansion      483 initialization
76c97ba7 KERNEL32.DLL                             BaseThreadInitThunk

12:27:43.778     0,077s      38ms   2180    'GameApp settings' was successfully saved to 'C:\Users\szyby\OneDrive\Dokumenty\My Games\Knights and Merchants Remake\KaM Remake Settings KingDyronMod.xml'
12:27:43.819     0,118s      41ms   2180    Start loading 'Server settings' from 'C:\Users\szyby\OneDrive\Dokumenty\My Games\Knights and Merchants Remake\KaM Remake Server Settings.ini'
12:27:43.827     0,126s       8ms   2180    'Server settings' was successfully loaded from 'C:\Users\szyby\OneDrive\Dokumenty\My Games\Knights and Merchants Remake\KaM Remake Server Settings.ini'
12:27:43.834     0,133s       7ms   2180    Start saving 'Server settings' to 'C:\Users\szyby\OneDrive\Dokumenty\My Games\Knights and Merchants Remake\KaM Remake Server Settings.ini'
011e8298 KaM_Expansion.exe KM_Settings       106 TKMSettings.SaveToDefaultFile
011e836b KaM_Expansion.exe KM_Settings       113 TKMSettings.SaveToDefaultFile
011e7f69 KaM_Expansion.exe KM_Settings        59 TKMSettings.Create
013262a8 KaM_Expansion.exe KM_ServerSettings 109 TKMServerSettings.Create
013f23b0 KaM_Expansion.exe KM_GameApp        213 TKMGameApp.Create
013f2802 KaM_Expansion.exe KM_GameApp        295 TKMGameApp.Create
013fe272 KaM_Expansion.exe KM_Main           635 TKMMain.ReinitRender
013fe47e KaM_Expansion.exe KM_Main           689 TKMMain.ReinitRender
013fd112 KaM_Expansion.exe KM_Main           281 TKMMain.Start
013fd26b KaM_Expansion.exe KM_Main           305 TKMMain.Start
0167db2b KaM_Expansion.exe KaM_Expansion     480 initialization
0167db5a KaM_Expansion.exe KaM_Expansion     483 initialization
76c97ba7 KERNEL32.DLL                            BaseThreadInitThunk

12:27:43.848     0,147s      14ms   2180    'Server settings' was successfully saved to 'C:\Users\szyby\OneDrive\Dokumenty\My Games\Knights and Merchants Remake\KaM Remake Server Settings.ini'
12:27:43.854     0,153s       6ms   2180    Init Render started
12:27:43.995     0,294s     140ms   2180    GL_MAX_TEXTURE_SIZE = 32768
12:27:44.002     0,301s       7ms   2180    GL_MAX_VIEWPORT_DIM = 32768
                                      OpenGL Vendor: NVIDIA Corporation
                                      OpenGL Renderer: NVIDIA GeForce RTX 3060 Ti/PCIe/SSE2
                                      OpenGL Version: 4.6.0 NVIDIA 560.94
12:27:44.039     0,338s      37ms   2180    Init Render Done
12:27:44.048     0,347s       9ms   2180    Resource loading state - None
12:27:44.055     0,354s       7ms   2180    Reading palettes ... done
12:27:44.063     0,362s       8ms   2180    Reading GUI.rx
12:27:44.070     0,369s       7ms   2180    Load Sprites started
12:27:44.076     0,375s       6ms   2180    GUI - 966
12:27:44.098     0,397s      21ms   2180    Load Sprites Done
12:27:44.134     0,433s      36ms   2180    Reading GUIMain.rx
12:27:44.140     0,439s       6ms   2180    Load Sprites started
12:27:44.148     0,447s       7ms   2180    GUIMain - 105
12:27:44.200     0,499s      52ms   2180    Load Sprites Done
12:27:44.254     0,553s      53ms   2180    Reading Tileset.rx
12:27:44.261     0,560s       7ms   2180    Load Sprites started
12:27:44.268     0,567s       7ms   2180    Tileset - 5449
12:27:44.306     0,605s      38ms   2180    Load Sprites Done
12:27:44.313     0,612s       7ms   2180    GenerateTerrainTransitions started. Legacy = False
12:27:44.319     0,618s       6ms   2180    TexId = 5451 GenTilesCnt = 2100
12:27:44.325     0,624s       6ms   2180    TexId = 6051; TexId - fGenTexIdStartI = 600; uniqueTex = 600; totalTex = 1350
12:27:44.333     0,632s       8ms   2180    GeneratedMasks cnt = 20
12:27:44.341     0,640s       8ms   2180    GenerateTerrainTransitions Done
12:27:44.347     0,646s       6ms   2180    GenerateTerrainTransitions started. Legacy = True
12:27:44.358     0,657s      11ms   2180    Legacy: TexId = 4999 GenTilesCntTemp = 2030
12:27:44.365     0,664s       7ms   2180    TexId = 5463; TexId - fGenTexIdStartILegacy = 464; uniqueTex = 464; totalTex = 1044
12:27:44.371     0,670s       6ms   2180    GeneratedMasks cnt = 16
12:27:44.379     0,678s       8ms   2180    GenerateTerrainTransitions Done
12:27:44.491     0,790s     112ms   2180    Load font started
12:27:44.529     0,828s      37ms   2180    Font load took 37ms
12:27:44.536     0,835s       7ms   2180    Read fonts is done
12:27:44.554     0,853s      18ms   2180    ReadGFX is done
12:27:44.561     0,860s       7ms   2180    Resource loading state - Menu
12:27:44.569     0,868s       8ms  17160    OpenAL init started
12:27:44.593     0,892s      24ms   2180    Music init done, 24 tracks found
                                      Loading campaign images.rxx for HKS
12:27:44.618     0,917s      25ms  20108    Custom - 1
12:27:44.626     0,925s       8ms  17160    Pre-LoadSFX init ... done
12:27:44.633     0,932s       7ms  17160    ALC_MONO_SOURCES 255
12:27:44.639     0,938s       6ms  17160    ALC_STEREO_SOURCES 1
12:27:44.646     0,945s       7ms   2180    Main menu init done
12:27:44.653     0,952s       7ms  17160    OpenAL init done
12:27:44.674     0,973s      21ms   2180    Check game folder 'E:\programowanie\projekty delphi\kam_expansion\' generic permissions: READ: granted; WRITE: granted; EXECUTE: granted; folder is writable: 
12:27:44.681     0,980s       7ms   2180    LoadGameResources ... AlphaShadows: True. Forced: True
12:27:44.688     0,987s       7ms   2180    TKMResSprites.LoadGameResources
12:27:44.696     0,995s       8ms   2180    [AsyncGameResLoader Thread] Started
12:27:44.703     1,002s       7ms   2180    Resource loading state - Game
12:27:44.711     1,010s       8ms   2180    ToggleFullscreen
12:27:44.718     1,017s       7ms   2180    Form Width/Height: 1040:782
12:27:44.724     1,023s       6ms   2180    Panel Width/Height: 1024:743
12:27:44.732     1,031s       8ms   9708    [AsyncGameResLoader Thread] RT = rxTrees Stage = lsLoad
12:27:44.739     1,037s       6ms   9708    [AsyncGameResLoader Thread] Start Load RXX 'Trees.rxx'
12:27:44.746     1,045s       8ms   9708    Load Sprites started
12:27:44.754     1,053s       8ms   9708    Trees - 1216
12:27:44.766     1,065s      12ms   2180    Saving dev settings to file 'kmr_dev.xml'
                                      Loading campaign images.rxx for KSN
12:27:44.783     1,082s      17ms  20108    Custom - 1
12:27:44.798     1,097s      15ms   2180    Saving dev settings to file 'kmr_dev.xml'
12:27:44.806     1,105s       8ms   2180    Game Load Done in 1128
                                      Loading campaign images.rxx for KSO
12:27:44.850     1,149s      44ms  20108    Custom - 1
                                      Loading campaign images.rxx for KSU
12:27:44.910     1,209s      60ms  20108    Custom - 1
12:27:44.917     1,216s       7ms   9708    Load Sprites Done
                                      Loading campaign images.rxx for OFL
12:27:44.966     1,265s      49ms  20108    Custom - 1
                                      Loading campaign images.rxx for OER
12:27:45.010     1,309s      44ms  20108    Custom - 1
12:27:45.020     1,319s      10ms   9708    [AsyncGameResLoader Thread] DONE Load RXX 'Trees.rxa'
12:27:45.043     1,342s      23ms   2180    [AsyncGameResLoader MainTh] [UpdateStateIdle] GenTextures RT = rxTrees Stage = lsGenMain
                                      Loading campaign images.rxx for TBK
12:27:45.060     1,359s      17ms  20108    Custom - 1
12:27:45.066     1,365s       6ms   2180    [AsyncGameResLoader MainTh] [UpdateStateIdle] DONE
12:27:45.073     1,372s       7ms   9708    [AsyncGameResLoader Thread] RT = rxTrees Stage = lsOverload
12:27:45.080     1,379s       7ms   9708    [AsyncGameResLoader Thread] OverloadFromFolder RT = rxTrees
12:27:45.093     1,392s      13ms   9708    [AsyncGameResLoader Thread] DONE OverloadFromFolder RT = rxTrees
                                      Loading campaign images.rxx for TPR
12:27:45.113     1,412s      20ms  20108    Custom - 1
12:27:45.121     1,420s       8ms   2180    [AsyncGameResLoader MainTh] [UpdateStateIdle] GenTextures RT = rxTrees Stage = lsGenOverload
12:27:45.128     1,427s       7ms   2180    [AsyncGameResLoader MainTh] [UpdateStateIdle] DONE
12:27:45.136     1,435s       8ms   9708    [AsyncGameResLoader Thread] RT = rxHouses Stage = lsLoad
12:27:45.144     1,443s       8ms   9708    [AsyncGameResLoader Thread] Start Load RXX 'Houses.rxx'
12:27:45.151     1,450s       7ms   9708    Load Sprites started
12:27:45.157     1,456s       6ms   9708    Houses - 2709
                                      Loading campaign images.rxx for TSK
12:27:45.170     1,469s      13ms  20108    Custom - 1
                                      Loading campaign images.rxx for TUA
12:27:45.205     1,504s      35ms  20108    Custom - 1
12:27:45.338     1,637s     133ms   9708    Load Sprites Done
                                      Loading campaign images.rxx for TMR
12:27:45.352     1,651s      14ms  20108    Custom - 1
12:27:45.477     1,776s     125ms   9708    [AsyncGameResLoader Thread] DONE Load RXX 'Houses.rxa'
12:27:45.486     1,785s       9ms   2180    [AsyncGameResLoader MainTh] [UpdateStateIdle] GenTextures RT = rxHouses Stage = lsGenMain
12:27:45.501     1,800s      15ms   2180    [AsyncGameResLoader MainTh] [UpdateStateIdle] DONE
12:27:45.509     1,808s       8ms   9708    [AsyncGameResLoader Thread] RT = rxHouses Stage = lsOverload
12:27:45.515     1,814s       6ms   9708    [AsyncGameResLoader Thread] OverloadFromFolder RT = rxHouses
12:27:45.628     1,927s     113ms   9708    [AsyncGameResLoader Thread] DONE OverloadFromFolder RT = rxHouses
12:27:45.637     1,936s       9ms   2180    [AsyncGameResLoader MainTh] [UpdateStateIdle] GenTextures RT = rxHouses Stage = lsGenOverload
12:27:45.644     1,943s       7ms   2180    [AsyncGameResLoader MainTh] [UpdateStateIdle] DONE
12:27:45.651     1,950s       6ms   9708    [AsyncGameResLoader Thread] RT = rxUnits Stage = lsLoad
12:27:45.658     1,957s       7ms   9708    [AsyncGameResLoader Thread] Start Load RXX 'Units.rxx'
12:27:45.665     1,964s       6ms   9708    Load Sprites started
12:27:45.671     1,970s       6ms   9708    Units - 14845
12:27:46.469     2,768s     797ms   9708    Load Sprites Done
12:27:47.621     3,920s    1152ms   9708    [AsyncGameResLoader Thread] DONE Load RXX 'Units.rxa'
12:27:47.628     3,927s       7ms   2180    [AsyncGameResLoader MainTh] [UpdateStateIdle] GenTextures RT = rxUnits Stage = lsGenMain
12:27:47.701     4,000s      73ms   2180    [AsyncGameResLoader MainTh] [UpdateStateIdle] DONE
12:27:47.709     4,008s       8ms   9708    [AsyncGameResLoader Thread] RT = rxUnits Stage = lsOverload
12:27:47.716     4,015s       7ms   9708    [AsyncGameResLoader Thread] OverloadFromFolder RT = rxUnits
12:27:48.059     4,358s     343ms   9708    [AsyncGameResLoader Thread] DONE OverloadFromFolder RT = rxUnits
12:27:48.068     4,367s       9ms   2180    [AsyncGameResLoader MainTh] [UpdateStateIdle] GenTextures RT = rxUnits Stage = lsGenOverload
12:27:48.075     4,374s       7ms   2180    [AsyncGameResLoader Thread] Stopped
12:27:48.081     4,380s       6ms   2180    [AsyncGameResLoader MainTh] [UpdateStateIdle] DONE
12:27:53.038     9,337s    4957ms   2180    Toggle to locale eng
                                      Loading campaign images.rxx for HKS
12:27:53.145     9,444s     107ms  19216    Custom - 1
12:27:53.157     9,456s      12ms   2180    Main menu init done
                                      Loading campaign images.rxx for KSN
12:27:53.252     9,551s      95ms  19216    Custom - 1
                                      Loading campaign images.rxx for KSO
12:27:53.312     9,611s      60ms  19216    Custom - 1
                                      Loading campaign images.rxx for KSU
12:27:53.374     9,673s      62ms  19216    Custom - 1
                                      Loading campaign images.rxx for OFL
12:27:53.426     9,725s      52ms  19216    Custom - 1
                                      Loading campaign images.rxx for OER
12:27:53.466     9,765s      40ms  19216    Custom - 1
                                      Loading campaign images.rxx for TBK
12:27:53.503     9,802s      37ms  19216    Custom - 1
                                      Loading campaign images.rxx for TPR
12:27:53.579     9,878s      76ms  19216    Custom - 1
                                      Loading campaign images.rxx for TSK
12:27:53.617     9,916s      38ms  19216    Custom - 1
                                      Loading campaign images.rxx for TUA
12:27:53.660     9,959s      43ms  19216    Custom - 1
12:27:53.795    10,094s     135ms   2180    Start saving 'GameApp settings' to 'C:\Users\szyby\OneDrive\Dokumenty\My Games\Knights and Merchants Remake\KaM Remake Settings KingDyronMod.xml'
                                      Loading campaign images.rxx for TMR
12:27:53.809    10,108s      14ms  19216    Custom - 1
011e8298 KaM_Expansion.exe KM_Settings           106 TKMSettings.SaveToDefaultFile
011e836b KaM_Expansion.exe KM_Settings           113 TKMSettings.SaveToDefaultFile
011e84b4 KaM_Expansion.exe KM_Settings           126 TKMSettings.SaveSettings
011edeb4 KaM_Expansion.exe KM_GUICommonOptions  1104 TKMGUICommonOptions.BackClick
016016d9 KaM_Expansion.exe KM_Controls          1242 TKMControl.DoClick
015ffcdc KaM_Expansion.exe KM_Controls           690 TKMControl.MouseUp
015f7d06 KaM_Expansion.exe KM_ControlsBase       805 TKMButton.MouseUp
01603dcd KaM_Expansion.exe KM_Controls          2274 TKMMasterControl.MouseUp
013d6f1d KaM_Expansion.exe KM_InterfaceMainMenu  479 TKMMainMenuInterface.MouseUp
013f362e KaM_Expansion.exe KM_GameApp            559 TKMGameApp.MouseUp
0166114c KaM_Expansion.exe KM_FormMain           697 TFormMain.RenderAreaMouseUp
00e13644 KaM_Expansion.exe Vcl.Controls              TControl.MouseUp
00e13684 KaM_Expansion.exe Vcl.Controls              TControl.DoMouseUp
00e13712 KaM_Expansion.exe Vcl.Controls              TControl.WMLButtonUp
00e12cfa KaM_Expansion.exe Vcl.Controls              TControl.WndProc
00e17ab4 KaM_Expansion.exe Vcl.Controls              TWinControl.WndProc
00d80c30 KaM_Expansion.exe System.Classes            StdWndProc
00e173cc KaM_Expansion.exe Vcl.Controls              TWinControl.MainWndProc
00e173e7 KaM_Expansion.exe Vcl.Controls              TWinControl.MainWndProc
00d80c30 KaM_Expansion.exe System.Classes            StdWndProc

12:27:53.822    10,121s      14ms   2180    'GameApp settings' was successfully saved to 'C:\Users\szyby\OneDrive\Dokumenty\My Games\Knights and Merchants Remake\KaM Remake Settings KingDyronMod.xml'
                                      Loading campaign images.rxx for HKS
12:27:54.494    10,793s     671ms  12200    Custom - 1
                                      Loading campaign images.rxx for KSN
12:27:54.576    10,875s      82ms  12200    Custom - 1
                                      Loading campaign images.rxx for KSO
12:27:54.634    10,933s      58ms  12200    Custom - 1
                                      Loading campaign images.rxx for KSU
12:27:54.692    10,991s      58ms  12200    Custom - 1
                                      Loading campaign images.rxx for OFL
12:27:54.740    11,039s      48ms  12200    Custom - 1
                                      Loading campaign images.rxx for OER
12:27:54.780    11,079s      40ms  12200    Custom - 1
                                      Loading campaign images.rxx for TBK
12:27:54.820    11,119s      40ms  12200    Custom - 1
                                      Loading campaign images.rxx for TPR
12:27:54.879    11,178s      59ms  12200    Custom - 1
                                      Loading campaign images.rxx for TSK
12:27:54.933    11,232s      54ms  12200    Custom - 1
                                      Loading campaign images.rxx for TUA
12:27:54.973    11,271s      39ms  12200    Custom - 1
12:27:55.072    11,371s     100ms   2180    LoadGameResources ... AlphaShadows: True. Forced: False
12:27:55.080    11,379s       8ms   2180    Resource loading state - Game
12:27:55.106    11,405s      26ms   2180    Saving dev settings to file 'kmr_dev.xml'
12:27:55.149    11,448s      43ms   2180    <== Game creation is done ==>
12:27:55.156    11,455s       7ms   2180    GameStart
12:27:55.163    11,462s       7ms   2180    Loading DAT file: E:\programowanie\projekty delphi\kam_expansion\Maps\8.Okrêty\8.Okrêty.dat
12:27:55.171    11,470s       8ms   2180    Loading map file: E:\programowanie\projekty delphi\kam_expansion\Maps\8.Okrêty\8.Okrêty.map
12:27:55.186    11,485s      15ms   2180    Map file loaded
12:27:55.344    11,643s     158ms   2180    Gameplay recording initialized ... done
12:27:55.352    11,651s       8ms   2180    Game options: PT = 0; SpeedPT = 1; SpeedAfterPT = 1; Seed = 0; Difficulty = mdNone
12:27:55.359    11,658s       7ms   2180    Gameplay initialized ... done
12:27:55.365    11,664s       6ms   2180    After game start
12:27:55.375    11,674s       9ms   2180    Set game seed: 767775241
12:27:55.383    11,682s       8ms   2180    After game start ... done
                                      Loading campaign images.rxx for TMR
12:27:55.432    11,731s      49ms  12200    Custom - 1
12:31:00.469   196,768s  185037ms   2180    Gameplay ended - grMapEdEnd /
                                      Loading campaign images.rxx for HKS
12:31:00.489   196,788s      20ms  21204    Custom - 1
                                      Loading campaign images.rxx for KSN
12:31:00.555   196,854s      66ms  21204    Custom - 1
                                      Loading campaign images.rxx for KSO
12:31:00.615   196,914s      60ms  21204    Custom - 1
                                      Loading campaign images.rxx for KSU
12:31:00.684   196,983s      69ms  21204    Custom - 1
                                      Loading campaign images.rxx for OFL
12:31:00.734   197,033s      50ms  21204    Custom - 1
                                      Loading campaign images.rxx for OER
12:31:00.777   197,076s      43ms  21204    Custom - 1
                                      Loading campaign images.rxx for TBK
12:31:00.822   197,121s      45ms  21204    Custom - 1
                                      Loading campaign images.rxx for TPR
12:31:00.881   197,180s      59ms  21204    Custom - 1
                                      Loading campaign images.rxx for TSK
12:31:00.934   197,233s      53ms  21204    Custom - 1
                                      Loading campaign images.rxx for TUA
12:31:00.973   197,272s      39ms  21204    Custom - 1
                                      Loading campaign images.rxx for TMR
12:31:01.122   197,421s     149ms  21204    Custom - 1
12:31:02.657   198,956s    1535ms   2180    LoadGameResources ... AlphaShadows: True. Forced: False
12:31:02.664   198,963s       7ms   2180    Resource loading state - Game
12:31:02.690   198,989s      26ms   2180    Saving dev settings to file 'kmr_dev.xml'
12:31:02.749   199,048s      59ms   2180    <== Game creation is done ==>
12:31:02.756   199,055s       7ms   2180    GameStart
12:31:02.764   199,063s       7ms   2180    Loading DAT file: E:\programowanie\projekty delphi\kam_expansion\Maps\5.Specjalni\5.Specjalni.dat
12:31:02.771   199,070s       7ms   2180    Loading map file: E:\programowanie\projekty delphi\kam_expansion\Maps\5.Specjalni\5.Specjalni.map
12:31:02.779   199,078s       8ms   2180    Map file loaded
12:31:02.798   199,097s      19ms   2180    Script: Script compile hints: 
[Hint] Variable 'RESOURCESTOGATHER' never used in 'E:\programowanie\projekty delphi\kam_expansion\Maps\5.Specjalni\5.Specjalni.script' at [14:2]
12:31:02.805   199,104s       7ms   2180    Gameplay recording initialized ... done
12:31:02.812   199,111s       7ms   2180    Game options: PT = 0; SpeedPT = 1; SpeedAfterPT = 1; Seed = 0; Difficulty = mdNone
12:31:02.818   199,117s       6ms   2180    Gameplay initialized ... done
12:31:02.825   199,124s       7ms   2180    After game start
12:31:02.832   199,131s       7ms   2180    Set game seed: 2070790704
12:31:02.838   199,137s       6ms   2180    Saving game at tick 0 to 'E:\programowanie\projekty delphi\kam_expansion\Saves\basesave\basesave.bas'
12:31:02.846   199,145s       8ms   2180    After game start ... done
12:31:06.297   202,596s    3451ms   2180    Gameplay ended - grCancel /
12:31:09.723   206,022s    3426ms   2180    LoadGameResources ... AlphaShadows: True. Forced: False
12:31:09.730   206,029s       7ms   2180    Resource loading state - Game
12:31:09.757   206,056s      27ms   2180    Saving dev settings to file 'kmr_dev.xml'
12:31:09.816   206,115s      59ms   2180    <== Game creation is done ==>
12:31:09.823   206,122s       7ms   2180    GameStart
12:31:09.831   206,130s       8ms   2180    Loading DAT file: E:\programowanie\projekty delphi\kam_expansion\Maps\5.Siege machines\5.Siege machines.dat
12:31:09.837   206,136s       6ms   2180    Loading map file: E:\programowanie\projekty delphi\kam_expansion\Maps\5.Siege machines\5.Siege machines.map
12:31:09.844   206,143s       7ms   2180    Map file loaded
12:31:09.857   206,156s      13ms   2180    Gameplay recording initialized ... done
12:31:09.864   206,163s       7ms   2180    Game options: PT = 0; SpeedPT = 1; SpeedAfterPT = 1; Seed = 0; Difficulty = mdNone
12:31:09.870   206,169s       6ms   2180    Gameplay initialized ... done
12:31:09.877   206,176s       7ms   2180    After game start
12:31:09.884   206,183s       7ms   2180    Set game seed: 91209054
12:31:09.890   206,189s       6ms   2180    Saving game at tick 0 to 'E:\programowanie\projekty delphi\kam_expansion\Saves\basesave\basesave.bas'
12:31:09.898   206,197s       8ms   2180    After game start ... done
12:32:09.842   266,141s   59944ms   2180    Issue gicGameAutoSave command at tick 600
12:32:09.852   266,151s      10ms   2180    Saving game at tick 600 to 'E:\programowanie\projekty delphi\kam_expansion\Saves\autosave\autosave.sav'
12:33:09.844   326,143s   59992ms   2180    Issue gicGameAutoSave command at tick 1200
12:33:09.854   326,153s      10ms   2180    Saving game at tick 1200 to 'E:\programowanie\projekty delphi\kam_expansion\Saves\autosave\autosave.sav'
12:34:09.844   386,143s   59990ms   2180    Issue gicGameAutoSave command at tick 1800
12:34:09.854   386,153s      10ms   2180    Saving game at tick 1800 to 'E:\programowanie\projekty delphi\kam_expansion\Saves\autosave\autosave.sav'
12:35:09.844   446,143s   59990ms   2180    Issue gicGameAutoSave command at tick 2400
12:35:09.854   446,153s      10ms   2180    Saving game at tick 2400 to 'E:\programowanie\projekty delphi\kam_expansion\Saves\autosave\autosave.sav'
12:36:09.847   506,146s   59993ms   2180    Issue gicGameAutoSave command at tick 3000
12:36:09.857   506,156s      10ms   2180    Saving game at tick 3000 to 'E:\programowanie\projekty delphi\kam_expansion\Saves\autosave\autosave.sav'
12:37:09.852   566,151s   59995ms   2180    Issue gicGameAutoSave command at tick 3600
12:37:09.858   566,157s       6ms   2180    Saving game at tick 3600 to 'E:\programowanie\projekty delphi\kam_expansion\Saves\autosave\autosave.sav'
12:38:09.844   626,143s   59986ms   2180    Issue gicGameAutoSave command at tick 4200
12:38:09.852   626,151s       8ms   2180    Saving game at tick 4200 to 'E:\programowanie\projekty delphi\kam_expansion\Saves\autosave\autosave.sav'
12:39:09.845   686,144s   59993ms   2180    Issue gicGameAutoSave command at tick 4800
12:39:09.854   686,153s       9ms   2180    Saving game at tick 4800 to 'E:\programowanie\projekty delphi\kam_expansion\Saves\autosave\autosave.sav'
12:40:09.848   746,147s   59994ms   2180    Issue gicGameAutoSave command at tick 5400
12:40:09.857   746,156s       8ms   2180    Saving game at tick 5400 to 'E:\programowanie\projekty delphi\kam_expansion\Saves\autosave\autosave.sav'
12:41:09.847   806,146s   59990ms   2180    Issue gicGameAutoSave command at tick 6000
12:41:09.854   806,153s       7ms   2180    Saving game at tick 6000 to 'E:\programowanie\projekty delphi\kam_expansion\Saves\autosave\autosave.sav'
12:42:09.846   866,145s   59992ms   2180    Issue gicGameAutoSave command at tick 6600
12:42:09.854   866,153s       8ms   2180    Saving game at tick 6600 to 'E:\programowanie\projekty delphi\kam_expansion\Saves\autosave\autosave.sav'
12:43:09.845   926,144s   59991ms   2180    Issue gicGameAutoSave command at tick 7200
12:43:09.853   926,152s       7ms   2180    Saving game at tick 7200 to 'E:\programowanie\projekty delphi\kam_expansion\Saves\autosave\autosave.sav'
12:44:09.846   986,145s   59993ms   2180    Issue gicGameAutoSave command at tick 7800
12:44:09.854   986,153s       8ms   2180    Saving game at tick 7800 to 'E:\programowanie\projekty delphi\kam_expansion\Saves\autosave\autosave.sav'
12:45:09.850  1046,149s   59996ms   2180    Issue gicGameAutoSave command at tick 8400
12:45:09.858  1046,157s       8ms   2180    Saving game at tick 8400 to 'E:\programowanie\projekty delphi\kam_expansion\Saves\autosave\autosave.sav'
12:46:09.748  1106,047s   59890ms   2180    Make savepoint at tick 8999
12:46:09.847  1106,146s      99ms   2180    Issue gicGameAutoSave command at tick 9000
12:46:09.854  1106,153s       7ms   2180    Saving game at tick 9000 to 'E:\programowanie\projekty delphi\kam_expansion\Saves\autosave\autosave.sav'
12:47:09.847  1166,146s   59993ms   2180    Issue gicGameAutoSave command at tick 9600
12:47:09.855  1166,154s       8ms   2180    Saving game at tick 9600 to 'E:\programowanie\projekty delphi\kam_expansion\Saves\autosave\autosave.sav'
12:48:09.846  1226,145s   59991ms   2180    Issue gicGameAutoSave command at tick 10200
12:48:09.855  1226,154s       9ms   2180    Saving game at tick 10200 to 'E:\programowanie\projekty delphi\kam_expansion\Saves\autosave\autosave.sav'
12:49:09.847  1286,146s   59992ms   2180    Issue gicGameAutoSave command at tick 10800
12:49:09.856  1286,155s       9ms   2180    Saving game at tick 10800 to 'E:\programowanie\projekty delphi\kam_expansion\Saves\autosave\autosave.sav'
12:50:09.847  1346,146s   59991ms   2180    Issue gicGameAutoSave command at tick 11400
12:50:09.857  1346,156s      10ms   2180    Saving game at tick 11400 to 'E:\programowanie\projekty delphi\kam_expansion\Saves\autosave\autosave.sav'
12:51:09.847  1406,146s   59989ms   2180    Issue gicGameAutoSave command at tick 12000
12:51:09.856  1406,155s       8ms   2180    Saving game at tick 12000 to 'E:\programowanie\projekty delphi\kam_expansion\Saves\autosave\autosave.sav'
12:51:35.267  1431,566s   25411ms   2180    Gameplay ended - grCancel /
12:51:36.528  1432,827s    1261ms   2180    LoadGameResources ... AlphaShadows: True. Forced: False
12:51:36.536  1432,835s       7ms   2180    Resource loading state - Game
12:51:36.562  1432,861s      26ms   2180    Saving dev settings to file 'kmr_dev.xml'
12:51:36.621  1432,920s      59ms   2180    <== Game creation is done ==>
12:51:36.627  1432,926s       6ms   2180    GameStart
12:51:36.635  1432,934s       8ms   2180    Loading DAT file: E:\programowanie\projekty delphi\kam_expansion\Maps\3.Army\3.Army.dat
12:51:36.641  1432,940s       6ms   2180    Loading map file: E:\programowanie\projekty delphi\kam_expansion\Maps\3.Army\3.Army.map
12:51:36.649  1432,948s       8ms   2180    Map file loaded
12:51:36.671  1432,970s      22ms   2180    Gameplay recording initialized ... done
12:51:36.678  1432,977s       7ms   2180    Game options: PT = 0; SpeedPT = 1; SpeedAfterPT = 1; Seed = 0; Difficulty = mdNone
12:51:36.685  1432,984s       7ms   2180    Gameplay initialized ... done
12:51:36.694  1432,993s       9ms   2180    After game start
12:51:36.701  1433,000s       7ms   2180    Set game seed: 1445872716
12:51:36.707  1433,006s       6ms   2180    Saving game at tick 0 to 'E:\programowanie\projekty delphi\kam_expansion\Saves\basesave\basesave.bas'
12:51:36.715  1433,014s       8ms   2180    After game start ... done
12:51:40.085  1436,384s    3370ms   2180    Gameplay ended - grCancel /
12:51:41.361  1437,660s    1276ms   2180    LoadGameResources ... AlphaShadows: True. Forced: False
12:51:41.369  1437,668s       7ms   2180    Resource loading state - Game
12:51:41.395  1437,694s      26ms   2180    Saving dev settings to file 'kmr_dev.xml'
12:51:41.455  1437,754s      60ms   2180    <== Game creation is done ==>
12:51:41.461  1437,760s       6ms   2180    GameStart
12:51:41.469  1437,768s       8ms   2180    Loading DAT file: E:\programowanie\projekty delphi\kam_expansion\Maps\2.Economy\2.Economy.dat
12:51:41.483  1437,782s      14ms   2180    Loading map file: E:\programowanie\projekty delphi\kam_expansion\Maps\2.Economy\2.Economy.map
12:51:41.494  1437,793s      11ms   2180    Map file loaded
12:51:41.513  1437,812s      19ms   2180    Script: Script compile hints: 
[Hint] Variable 'I' never used in 'E:\programowanie\projekty delphi\kam_expansion\Maps\2.Economy\2.Economy.script' at [33:5]
12:51:41.521  1437,820s       7ms   2180    Gameplay recording initialized ... done
12:51:41.527  1437,826s       6ms   2180    Game options: PT = 0; SpeedPT = 1; SpeedAfterPT = 1; Seed = 0; Difficulty = mdNone
12:51:41.535  1437,834s       8ms   2180    Gameplay initialized ... done
12:51:41.541  1437,840s       6ms   2180    After game start
12:51:41.547  1437,846s       6ms   2180    Set game seed: 631333453
12:51:41.554  1437,853s       7ms   2180    Saving game at tick 0 to 'E:\programowanie\projekty delphi\kam_expansion\Saves\basesave\basesave.bas'
12:51:41.560  1437,859s       6ms   2180    After game start ... done
12:52:41.549  1497,848s   59987ms   2180    Issue gicGameAutoSave command at tick 600
12:52:41.556  1497,855s       7ms   2180    Saving game at tick 600 to 'E:\programowanie\projekty delphi\kam_expansion\Saves\autosave\autosave.sav'
12:53:41.550  1557,849s   59994ms   2180    Issue gicGameAutoSave command at tick 1200
12:53:41.560  1557,859s      10ms   2180    Saving game at tick 1200 to 'E:\programowanie\projekty delphi\kam_expansion\Saves\autosave\autosave.sav'
12:54:41.549  1617,848s   59989ms   2180    Issue gicGameAutoSave command at tick 1800
12:54:41.557  1617,856s       8ms   2180    Saving game at tick 1800 to 'E:\programowanie\projekty delphi\kam_expansion\Saves\autosave\autosave.sav'
12:55:41.550  1677,849s   59993ms   2180    Issue gicGameAutoSave command at tick 2400
12:55:41.559  1677,858s       9ms   2180    Saving game at tick 2400 to 'E:\programowanie\projekty delphi\kam_expansion\Saves\autosave\autosave.sav'
12:56:41.551  1737,850s   59983ms   2180    Issue gicGameAutoSave command at tick 3000
12:56:41.559  1737,858s       8ms   2180    Saving game at tick 3000 to 'E:\programowanie\projekty delphi\kam_expansion\Saves\autosave\autosave.sav'
12:57:41.550  1797,849s   59991ms   2180    Issue gicGameAutoSave command at tick 3600
12:57:41.557  1797,856s       7ms   2180    Saving game at tick 3600 to 'E:\programowanie\projekty delphi\kam_expansion\Saves\autosave\autosave.sav'
12:58:41.536  1857,835s   59978ms   2180    Issue gicGameAutoSave command at tick 4200
12:58:41.545  1857,844s       9ms   2180    Saving game at tick 4200 to 'E:\programowanie\projekty delphi\kam_expansion\Saves\autosave\autosave.sav'
12:59:41.551  1917,850s   60006ms   2180    Issue gicGameAutoSave command at tick 4800
12:59:41.561  1917,860s      10ms   2180    Saving game at tick 4800 to 'E:\programowanie\projekty delphi\kam_expansion\Saves\autosave\autosave.sav'
13:00:41.550  1977,849s   59989ms   2180    Issue gicGameAutoSave command at tick 5400
13:00:41.558  1977,857s       7ms   2180    Saving game at tick 5400 to 'E:\programowanie\projekty delphi\kam_expansion\Saves\autosave\autosave.sav'
13:01:41.551  2037,850s   59993ms   2180    Issue gicGameAutoSave command at tick 6000
13:01:41.560  2037,859s       9ms   2180    Saving game at tick 6000 to 'E:\programowanie\projekty delphi\kam_expansion\Saves\autosave\autosave.sav'
13:02:41.551  2097,850s   59991ms   2180    Issue gicGameAutoSave command at tick 6600
13:02:41.560  2097,859s       9ms   2180    Saving game at tick 6600 to 'E:\programowanie\projekty delphi\kam_expansion\Saves\autosave\autosave.sav'
13:03:41.552  2157,851s   59992ms   2180    Issue gicGameAutoSave command at tick 7200
13:03:41.559  2157,858s       7ms   2180    Saving game at tick 7200 to 'E:\programowanie\projekty delphi\kam_expansion\Saves\autosave\autosave.sav'
13:04:41.536  2217,835s   59977ms   2180    Issue gicGameAutoSave command at tick 7800
13:04:41.544  2217,843s       8ms   2180    Saving game at tick 7800 to 'E:\programowanie\projekty delphi\kam_expansion\Saves\autosave\autosave.sav'
13:04:45.803  2222,102s    4259ms   2180    Gameplay ended - grCancel /
                                      Loading campaign images.rxx for HKS
13:04:46.802  2223,101s     999ms   6396    Custom - 1
                                      Loading campaign images.rxx for KSN
13:04:46.877  2223,176s      75ms   6396    Custom - 1
                                      Loading campaign images.rxx for KSO
13:04:46.937  2223,236s      60ms   6396    Custom - 1
                                      Loading campaign images.rxx for KSU
13:04:46.994  2223,293s      57ms   6396    Custom - 1
                                      Loading campaign images.rxx for OFL
13:04:47.048  2223,347s      54ms   6396    Custom - 1
                                      Loading campaign images.rxx for OER
13:04:47.102  2223,401s      54ms   6396    Custom - 1
                                      Loading campaign images.rxx for TBK
13:04:47.145  2223,444s      43ms   6396    Custom - 1
                                      Loading campaign images.rxx for TPR
13:04:47.205  2223,504s      60ms   6396    Custom - 1
                                      Loading campaign images.rxx for TSK
13:04:47.271  2223,570s      66ms   6396    Custom - 1
                                      Loading campaign images.rxx for TUA
13:04:47.304  2223,603s      33ms   6396    Custom - 1
                                      Loading campaign images.rxx for TMR
13:04:47.451  2223,750s     147ms   6396    Custom - 1
13:04:51.465  2227,764s    4014ms   2180    LoadGameResources ... AlphaShadows: True. Forced: False
13:04:51.472  2227,771s       7ms   2180    Resource loading state - Game
13:04:51.498  2227,797s      26ms   2180    Saving dev settings to file 'kmr_dev.xml'
13:04:51.542  2227,841s      43ms   2180    <== Game creation is done ==>
13:04:51.550  2227,849s       8ms   2180    GameStart
13:04:51.556  2227,855s       6ms   2180    Loading DAT file: E:\programowanie\projekty delphi\kam_expansion\Maps\New World\New World.dat
13:04:51.563  2227,862s       7ms   2180    Loading map file: E:\programowanie\projekty delphi\kam_expansion\Maps\New World\New World.map
13:04:51.578  2227,877s      15ms   2180    Map file loaded
13:04:51.771  2228,070s     193ms   2180    Gameplay recording initialized ... done
13:04:51.779  2228,078s       8ms   2180    Game options: PT = 0; SpeedPT = 1; SpeedAfterPT = 1; Seed = 0; Difficulty = mdNone
13:04:51.785  2228,084s       6ms   2180    Gameplay initialized ... done
13:04:51.791  2228,090s       6ms   2180    After game start
13:04:51.806  2228,105s      15ms   2180    Set game seed: 1897742325
13:04:51.812  2228,111s       6ms   2180    After game start ... done
13:13:20.685  2736,984s  508873ms   2180    Saving dev settings to file 'kmr_dev.xml'
13:13:21.435  2737,734s     749ms   2180    Stopping game application...
13:13:21.457  2737,756s      22ms   2180    Gameplay ended - grSilent /
13:13:21.465  2737,764s       8ms   2180    Start saving 'Server settings' to 'C:\Users\szyby\OneDrive\Dokumenty\My Games\Knights and Merchants Remake\KaM Remake Server Settings.ini'
011e8298 KaM_Expansion.exe KM_Settings        106 TKMSettings.SaveToDefaultFile
011e836b KaM_Expansion.exe KM_Settings        113 TKMSettings.SaveToDefaultFile
011e7fa4 KaM_Expansion.exe KM_Settings         65 TKMSettings.Destroy
013262ee KaM_Expansion.exe KM_ServerSettings  117 TKMServerSettings.Destroy
00c4a764 KaM_Expansion.exe System              23 TObject.Free
00f18fbc KaM_Expansion.exe KromUtils          281 FreeThenNil
013f2a5f KaM_Expansion.exe KM_GameApp         330 TKMGameApp.Destroy
00c4a764 KaM_Expansion.exe System              23 TObject.Free
00f18fbc KaM_Expansion.exe KromUtils          281 FreeThenNil
013fd68d KaM_Expansion.exe KM_Main            376 TKMMain.Stop
013fd76c KaM_Expansion.exe KM_Main            405 TKMMain.Stop
01668491 KaM_Expansion.exe KM_FormMain       2212 TFormMain.FormClose
00ec2df7 KaM_Expansion.exe Vcl.Forms              TCustomForm.DoClose
00ec87e5 KaM_Expansion.exe Vcl.Forms              TCustomForm.Close
00ec7424 KaM_Expansion.exe Vcl.Forms              TCustomForm.WMClose
00e12cfa KaM_Expansion.exe Vcl.Controls           TControl.WndProc
00e17ec1 KaM_Expansion.exe Vcl.Controls           TWinControl.WndProc
00ec3a38 KaM_Expansion.exe Vcl.Forms              TCustomForm.WndProc
00ec3a53 KaM_Expansion.exe Vcl.Forms              TCustomForm.WndProc
01667f7d KaM_Expansion.exe KM_FormMain       2051 TFormMain.WndProc

13:13:21.488  2737,787s      23ms   2180    'Server settings' was successfully saved to 'C:\Users\szyby\OneDrive\Dokumenty\My Games\Knights and Merchants Remake\KaM Remake Server Settings.ini'
13:13:21.711  2738,010s     222ms   2180    Start saving 'GameApp settings' to 'C:\Users\szyby\OneDrive\Dokumenty\My Games\Knights and Merchants Remake\KaM Remake Settings KingDyronMod.xml'
011e8298 KaM_Expansion.exe KM_Settings         106 TKMSettings.SaveToDefaultFile
011e836b KaM_Expansion.exe KM_Settings         113 TKMSettings.SaveToDefaultFile
011e7fa4 KaM_Expansion.exe KM_Settings          65 TKMSettings.Destroy
011e86fe KaM_Expansion.exe KM_SettingsXML       44 TKMSettingsXML.Destroy
011e8a2a KaM_Expansion.exe KM_GameAppSettings   57 TKMGameAppSettings.Destroy
00c4a764 KaM_Expansion.exe System               23 TObject.Free
00f18fbc KaM_Expansion.exe KromUtils           281 FreeThenNil
013fd697 KaM_Expansion.exe KM_Main             378 TKMMain.Stop
013fd76c KaM_Expansion.exe KM_Main             405 TKMMain.Stop
01668491 KaM_Expansion.exe KM_FormMain        2212 TFormMain.FormClose
00ec2df7 KaM_Expansion.exe Vcl.Forms               TCustomForm.DoClose
00ec87e5 KaM_Expansion.exe Vcl.Forms               TCustomForm.Close
00ec7424 KaM_Expansion.exe Vcl.Forms               TCustomForm.WMClose
00e12cfa KaM_Expansion.exe Vcl.Controls            TControl.WndProc
00e17ec1 KaM_Expansion.exe Vcl.Controls            TWinControl.WndProc
00ec3a38 KaM_Expansion.exe Vcl.Forms               TCustomForm.WndProc
00ec3a53 KaM_Expansion.exe Vcl.Forms               TCustomForm.WndProc
01667f7d KaM_Expansion.exe KM_FormMain        2051 TFormMain.WndProc
00e173cc KaM_Expansion.exe Vcl.Controls            TWinControl.MainWndProc
00e173e7 KaM_Expansion.exe Vcl.Controls            TWinControl.MainWndProc

13:13:21.727  2738,026s      16ms   2180    'GameApp settings' was successfully saved to 'C:\Users\szyby\OneDrive\Dokumenty\My Games\Knights and Merchants Remake\KaM Remake Settings KingDyronMod.xml'
