   Timestamp    Elapsed     Delta  Thread    Description
========================
    Date: 2024.12.26
========================
14:02:34.091     0,001s       1ms   4828    Log is up and running. Game version: KaM Expansion: Co-op & World Update
14:02:34.096     0,006s       5ms   4828    Game Load started
14:02:34.107     0,017s      10ms   4828    Start loading 'GameApp settings' from 'C:\Users\szyby\OneDrive\Dokumenty\My Games\Knights and Merchants Remake\KaM Remake Settings KingDyronMod.xml'
14:02:34.112     0,022s       4ms   4828    'GameApp settings' was successfully loaded from 'C:\Users\szyby\OneDrive\Dokumenty\My Games\Knights and Merchants Remake\KaM Remake Settings KingDyronMod.xml'
14:02:34.122     0,033s       5ms   4828    Start saving 'GameApp settings' to 'C:\Users\szyby\OneDrive\Dokumenty\My Games\Knights and Merchants Remake\KaM Remake Settings KingDyronMod.xml'
00721d44 KaM_Expansion.exe KM_Settings        106 TKMSettings.SaveToDefaultFile
00721e17 KaM_Expansion.exe KM_Settings        113 TKMSettings.SaveToDefaultFile
00721a15 KaM_Expansion.exe KM_Settings         59 TKMSettings.Create
00722152 KaM_Expansion.exe KM_SettingsXML      38 TKMSettingsXML.Create
00722493 KaM_Expansion.exe KM_GameAppSettings  51 TKMGameAppSettings.Create
0093a958 KaM_Expansion.exe KM_Main            258 TKMMain.Start
0093abdc KaM_Expansion.exe KM_Main            305 TKMMain.Start
00bb6b2b KaM_Expansion.exe KaM_Expansion      479 initialization
00bb6b5a KaM_Expansion.exe KaM_Expansion      482 initialization
75e37ba7 KERNEL32.DLL                             BaseThreadInitThunk

14:02:34.158     0,069s      36ms   4828    'GameApp settings' was successfully saved to 'C:\Users\szyby\OneDrive\Dokumenty\My Games\Knights and Merchants Remake\KaM Remake Settings KingDyronMod.xml'
14:02:34.181     0,092s      23ms   4828    Start loading 'Server settings' from 'C:\Users\szyby\OneDrive\Dokumenty\My Games\Knights and Merchants Remake\KaM Remake Server Settings.ini'
14:02:34.188     0,099s       7ms   4828    'Server settings' was successfully loaded from 'C:\Users\szyby\OneDrive\Dokumenty\My Games\Knights and Merchants Remake\KaM Remake Server Settings.ini'
14:02:34.193     0,104s       5ms   4828    Start saving 'Server settings' to 'C:\Users\szyby\OneDrive\Dokumenty\My Games\Knights and Merchants Remake\KaM Remake Server Settings.ini'
00721d44 KaM_Expansion.exe KM_Settings       106 TKMSettings.SaveToDefaultFile
00721e17 KaM_Expansion.exe KM_Settings       113 TKMSettings.SaveToDefaultFile
00721a15 KaM_Expansion.exe KM_Settings        59 TKMSettings.Create
00863bd0 KaM_Expansion.exe KM_ServerSettings 109 TKMServerSettings.Create
0092fcd8 KaM_Expansion.exe KM_GameApp        213 TKMGameApp.Create
0093012a KaM_Expansion.exe KM_GameApp        295 TKMGameApp.Create
0093bc02 KaM_Expansion.exe KM_Main           635 TKMMain.ReinitRender
0093be0e KaM_Expansion.exe KM_Main           689 TKMMain.ReinitRender
0093aa6e KaM_Expansion.exe KM_Main           281 TKMMain.Start
0093abdc KaM_Expansion.exe KM_Main           305 TKMMain.Start
00bb6b2b KaM_Expansion.exe KaM_Expansion     479 initialization
00bb6b5a KaM_Expansion.exe KaM_Expansion     482 initialization
75e37ba7 KERNEL32.DLL                            BaseThreadInitThunk

14:02:34.206     0,117s      13ms   4828    'Server settings' was successfully saved to 'C:\Users\szyby\OneDrive\Dokumenty\My Games\Knights and Merchants Remake\KaM Remake Server Settings.ini'
14:02:34.211     0,122s       5ms   4828    Init Render started
14:02:34.343     0,254s     132ms   4828    GL_MAX_TEXTURE_SIZE = 32768
14:02:34.349     0,260s       6ms   4828    GL_MAX_VIEWPORT_DIM = 32768
                                      OpenGL Vendor: NVIDIA Corporation
                                      OpenGL Renderer: NVIDIA GeForce RTX 3060 Ti/PCIe/SSE2
                                      OpenGL Version: 4.6.0 NVIDIA 560.81
14:02:34.374     0,285s      25ms   4828    Init Render Done
14:02:34.380     0,291s       6ms   4828    Resource loading state - None
14:02:34.387     0,298s       7ms   4828    Reading palettes ... done
14:02:34.395     0,306s       8ms   4828    Reading GUI.rx
14:02:34.402     0,313s       7ms   4828    Load Sprites started
14:02:34.408     0,319s       6ms   4828    GUI - 965
14:02:34.428     0,339s      20ms   4828    Load Sprites Done
14:02:34.463     0,374s      35ms   4828    Reading GUIMain.rx
14:02:34.470     0,381s       7ms   4828    Load Sprites started
14:02:34.476     0,387s       6ms   4828    GUIMain - 105
14:02:34.530     0,441s      54ms   4828    Load Sprites Done
14:02:34.585     0,496s      55ms   4828    Reading Tileset.rx
14:02:34.591     0,502s       6ms   4828    Load Sprites started
14:02:34.597     0,508s       6ms   4828    Tileset - 5449
14:02:34.612     0,523s      15ms   4828    Load Sprites Done
14:02:34.619     0,530s       7ms   4828    GenerateTerrainTransitions started. Legacy = False
14:02:34.625     0,536s       6ms   4828    TexId = 5451 GenTilesCnt = 2030
14:02:34.630     0,541s       5ms   4828    TexId = 6031; TexId - fGenTexIdStartI = 580; uniqueTex = 580; totalTex = 1305
14:02:34.636     0,547s       6ms   4828    GeneratedMasks cnt = 20
14:02:34.642     0,553s       5ms   4828    GenerateTerrainTransitions Done
14:02:34.647     0,558s       5ms   4828    GenerateTerrainTransitions started. Legacy = True
14:02:34.653     0,564s       6ms   4828    Legacy: TexId = 4999 GenTilesCntTemp = 1960
14:02:34.659     0,570s       6ms   4828    TexId = 5447; TexId - fGenTexIdStartILegacy = 448; uniqueTex = 448; totalTex = 1008
14:02:34.664     0,575s       5ms   4828    GeneratedMasks cnt = 16
14:02:34.670     0,581s       6ms   4828    GenerateTerrainTransitions Done
14:02:34.776     0,687s     106ms   4828    Load font started
14:02:34.813     0,724s      37ms   4828    Font load took 37ms
14:02:34.819     0,730s       6ms   4828    Read fonts is done
14:02:34.836     0,747s      16ms   4828    ReadGFX is done
14:02:34.842     0,753s       6ms   4828    Resource loading state - Menu
14:02:34.849     0,760s       7ms  15052    OpenAL init started
14:02:35.259     1,169s     409ms   4828    Music init done, 24 tracks found
                                      Loading campaign images.rxx for HKS
14:02:35.285     1,195s      26ms   2712    Custom - 1
14:02:35.296     1,206s      11ms   4828    Main menu init done
14:02:35.302     1,212s       6ms  15052    Pre-LoadSFX init ... done
14:02:35.307     1,217s       5ms  15052    ALC_MONO_SOURCES 255
14:02:35.313     1,223s       6ms  15052    ALC_STEREO_SOURCES 1
14:02:35.319     1,229s       6ms  15052    OpenAL init done
14:02:35.325     1,236s       7ms   4828    Check game folder 'E:\programowanie\projekty delphi\kam_expansion\' generic permissions: READ: granted; WRITE: granted; EXECUTE: granted; folder is writable: 
14:02:35.331     1,242s       6ms   4828    LoadGameResources ... AlphaShadows: True. Forced: True
14:02:35.338     1,248s       6ms   4828    TKMResSprites.LoadGameResources
14:02:35.344     1,254s       6ms   4828    [AsyncGameResLoader Thread] Started
14:02:35.350     1,261s       7ms   4828    Resource loading state - Game
14:02:35.356     1,266s       5ms   4828    ToggleFullscreen
14:02:35.362     1,272s       6ms   4828    Form Width/Height: 1040:830
14:02:35.367     1,278s       6ms   4828    Panel Width/Height: 1024:791
14:02:35.373     1,284s       6ms  14704    [AsyncGameResLoader Thread] RT = rxTrees Stage = lsLoad
14:02:35.379     1,289s       5ms  14704    [AsyncGameResLoader Thread] Start Load RXX 'Trees.rxx'
14:02:35.386     1,296s       7ms  14704    Load Sprites started
14:02:35.392     1,302s       6ms  14704    Trees - 1214
14:02:35.410     1,320s      18ms   4828    Saving dev settings to file 'kmr_dev.xml'
14:02:35.434     1,345s      25ms   4828    Saving dev settings to file 'kmr_dev.xml'
14:02:35.441     1,352s       7ms   4828    Game Load Done in 1375
                                      Loading campaign images.rxx for KSN
14:02:35.453     1,363s      11ms   2712    Custom - 1
                                      Loading campaign images.rxx for KSO
14:02:35.534     1,445s      82ms   2712    Custom - 1
14:02:35.540     1,451s       6ms  14704    Load Sprites Done
                                      Loading campaign images.rxx for KSU
14:02:35.592     1,502s      51ms   2712    Custom - 1
                                      Loading campaign images.rxx for OFL
14:02:35.641     1,551s      49ms   2712    Custom - 1
14:02:35.671     1,581s      30ms  14704    [AsyncGameResLoader Thread] DONE Load RXX 'Trees.rxa'
14:02:35.676     1,586s       5ms   4828    [AsyncGameResLoader MainTh] [UpdateStateIdle] GenTextures RT = rxTrees Stage = lsGenMain
                                      Loading campaign images.rxx for OER
14:02:35.692     1,602s      16ms   2712    Custom - 1
14:02:35.697     1,607s       5ms   4828    [AsyncGameResLoader MainTh] [UpdateStateIdle] DONE
14:02:35.703     1,613s       6ms  14704    [AsyncGameResLoader Thread] RT = rxTrees Stage = lsOverload
14:02:35.709     1,619s       6ms  14704    [AsyncGameResLoader Thread] OverloadFromFolder RT = rxTrees
14:02:35.718     1,628s       9ms  14704    [AsyncGameResLoader Thread] DONE OverloadFromFolder RT = rxTrees
                                      Loading campaign images.rxx for TBK
14:02:35.730     1,640s      12ms   2712    Custom - 1
14:02:35.735     1,646s       6ms   4828    [AsyncGameResLoader MainTh] [UpdateStateIdle] GenTextures RT = rxTrees Stage = lsGenOverload
14:02:35.741     1,652s       6ms   4828    [AsyncGameResLoader MainTh] [UpdateStateIdle] DONE
14:02:35.747     1,657s       5ms  14704    [AsyncGameResLoader Thread] RT = rxHouses Stage = lsLoad
14:02:35.753     1,663s       6ms  14704    [AsyncGameResLoader Thread] Start Load RXX 'Houses.rxx'
14:02:35.759     1,670s       7ms  14704    Load Sprites started
14:02:35.765     1,676s       5ms  14704    Houses - 2582
                                      Loading campaign images.rxx for TPR
14:02:35.784     1,694s      18ms   2712    Custom - 1
                                      Loading campaign images.rxx for TSK
14:02:35.838     1,749s      55ms   2712    Custom - 1
                                      Loading campaign images.rxx for TUA
14:02:35.871     1,781s      32ms   2712    Custom - 1
14:02:35.996     1,907s     126ms  14704    Load Sprites Done
                                      Loading campaign images.rxx for TMR
14:02:36.015     1,925s      18ms   2712    Custom - 1
14:02:36.130     2,040s     115ms  14704    [AsyncGameResLoader Thread] DONE Load RXX 'Houses.rxa'
14:02:36.145     2,056s      16ms   4828    [AsyncGameResLoader MainTh] [UpdateStateIdle] GenTextures RT = rxHouses Stage = lsGenMain
14:02:36.159     2,069s      13ms   4828    [AsyncGameResLoader MainTh] [UpdateStateIdle] DONE
14:02:36.166     2,076s       7ms  14704    [AsyncGameResLoader Thread] RT = rxHouses Stage = lsOverload
14:02:36.173     2,083s       6ms  14704    [AsyncGameResLoader Thread] OverloadFromFolder RT = rxHouses
14:02:36.331     2,241s     158ms  14704    [AsyncGameResLoader Thread] DONE OverloadFromFolder RT = rxHouses
14:02:36.337     2,248s       7ms   4828    [AsyncGameResLoader MainTh] [UpdateStateIdle] GenTextures RT = rxHouses Stage = lsGenOverload
14:02:36.343     2,254s       5ms   4828    [AsyncGameResLoader MainTh] [UpdateStateIdle] DONE
14:02:36.349     2,259s       5ms  14704    [AsyncGameResLoader Thread] RT = rxUnits Stage = lsLoad
14:02:36.356     2,266s       7ms  14704    [AsyncGameResLoader Thread] Start Load RXX 'Units.rxx'
14:02:36.362     2,272s       6ms  14704    Load Sprites started
14:02:36.367     2,277s       5ms  14704    Units - 14842
14:02:37.857     3,767s    1490ms  14704    Load Sprites Done
14:02:37.900     3,810s      43ms   4828    LoadGameResources ... AlphaShadows: True. Forced: False
14:02:37.907     3,818s       7ms   4828    TKMResSprites.LoadGameResources
14:02:38.928     4,838s    1020ms  14704    [AsyncGameResLoader Thread] DONE Load RXX 'Units.rxa'
14:02:38.935     4,845s       6ms   4828    [AsyncGameResLoader MainTh] [LoadGameResources] GenTextures RT = rxUnits Stage = lsGenMain
14:02:38.996     4,906s      61ms   4828    [AsyncGameResLoader MainTh] [LoadGameResources] DONE
14:02:39.003     4,913s       7ms  14704    [AsyncGameResLoader Thread] RT = rxUnits Stage = lsOverload
14:02:39.008     4,919s       6ms  14704    [AsyncGameResLoader Thread] OverloadFromFolder RT = rxUnits
14:02:40.054     5,965s    1046ms  14704    [AsyncGameResLoader Thread] DONE OverloadFromFolder RT = rxUnits
14:02:40.061     5,971s       6ms   4828    [AsyncGameResLoader MainTh] [LoadGameResources] GenTextures RT = rxUnits Stage = lsGenOverload
14:02:40.068     5,979s       8ms   4828    [AsyncGameResLoader Thread] Stopped
14:02:40.073     5,984s       5ms   4828    [AsyncGameResLoader MainTh] [LoadGameResources] DONE
14:02:40.080     5,990s       6ms   4828    Resource loading state - Game
14:02:40.086     5,997s       7ms   4828    Saving dev settings to file 'kmr_dev.xml'
14:02:40.130     6,041s      44ms   4828    <== Game creation is done ==>
14:02:40.137     6,047s       6ms   4828    GameStart
14:02:40.142     6,052s       5ms   4828    Loading DAT file: E:\programowanie\projekty delphi\kam_expansion\Maps\Nowa Misja\Nowa Misja.dat
14:02:40.148     6,059s       7ms   4828    Loading map file: E:\programowanie\projekty delphi\kam_expansion\Maps\Nowa Misja\Nowa Misja.map
14:02:40.160     6,070s      11ms   4828    Map file loaded
14:02:40.186     6,097s      27ms   4828    Gameplay recording initialized ... done
14:02:40.192     6,103s       6ms   4828    Game options: PT = 0; SpeedPT = 1; SpeedAfterPT = 1; Seed = 0; Difficulty = mdNone
14:02:40.198     6,108s       5ms   4828    Gameplay initialized ... done
14:02:40.204     6,114s       6ms   4828    After game start
14:02:40.224     6,134s      20ms   4828    Set game seed: 2128285572
14:02:40.229     6,140s       6ms   4828    Saving game at tick 0 to 'E:\programowanie\projekty delphi\kam_expansion\Saves\basesave\basesave.bas'
14:02:40.238     6,148s       8ms   4828    Script: "Size": {"X": 2, "Y": 1},|"Tiles": [|	{"Tile": [1, 693, 0, 255]},      {"Tile": [1, 693, 2, 255]}       |]
14:02:40.244     6,154s       6ms   4828    After game start ... done
14:02:45.855    11,766s    5612ms   4828    Issue gicGameAutoSave command at tick 600
14:02:45.862    11,773s       7ms   4828    Saving game at tick 600 to 'E:\programowanie\projekty delphi\kam_expansion\Saves\autosave\autosave.sav'
14:02:46.846    12,757s     984ms   4828    Issue gicGameAutoSave command at tick 1200
14:02:46.852    12,763s       6ms   4828    Saving game at tick 1200 to 'E:\programowanie\projekty delphi\kam_expansion\Saves\autosave\autosave.sav'
14:02:47.845    13,755s     992ms   4828    Issue gicGameAutoSave command at tick 1800
14:02:47.850    13,761s       6ms   4828    Saving game at tick 1800 to 'E:\programowanie\projekty delphi\kam_expansion\Saves\autosave\autosave.sav'
14:02:49.353    15,264s    1503ms   4828    Issue gicGameAutoSave command at tick 2400
14:02:49.360    15,270s       6ms   4828    Saving game at tick 2400 to 'E:\programowanie\projekty delphi\kam_expansion\Saves\autosave\autosave.sav'
14:02:55.372    21,283s    6013ms   4828    Warning: HouseUnoccupiedMsgId for house type ord=55 could not be determined.
14:02:55.379    21,289s       6ms   4828    Issue gicGameAutoSave command at tick 3000
14:02:55.384    21,294s       5ms   4828    Saving game at tick 3000 to 'E:\programowanie\projekty delphi\kam_expansion\Saves\autosave\autosave.sav'
14:02:59.273    25,183s    3889ms   4828    Issue gicGameAutoSave command at tick 3600
14:02:59.278    25,189s       6ms   4828    Saving game at tick 3600 to 'E:\programowanie\projekty delphi\kam_expansion\Saves\autosave\autosave.sav'
14:03:12.967    38,877s   13688ms   4828    Issue gicGameAutoSave command at tick 4200
14:03:12.976    38,886s       9ms   4828    Saving game at tick 4200 to 'E:\programowanie\projekty delphi\kam_expansion\Saves\autosave\autosave.sav'
14:03:17.622    43,532s    4646ms   4828    Issue gicGameAutoSave command at tick 4800
14:03:17.628    43,539s       7ms   4828    Saving game at tick 4800 to 'E:\programowanie\projekty delphi\kam_expansion\Saves\autosave\autosave.sav'
14:03:18.606    44,516s     977ms   4828    Issue gicGameAutoSave command at tick 5400
14:03:18.612    44,523s       7ms   4828    Saving game at tick 5400 to 'E:\programowanie\projekty delphi\kam_expansion\Saves\autosave\autosave.sav'
14:03:19.607    45,517s     994ms   4828    Warning: HouseUnoccupiedMsgId for house type ord=55 could not be determined.
14:03:19.613    45,523s       6ms   4828    Issue gicGameAutoSave command at tick 6000
14:03:19.618    45,529s       6ms   4828    Saving game at tick 6000 to 'E:\programowanie\projekty delphi\kam_expansion\Saves\autosave\autosave.sav'
14:03:20.606    46,517s     988ms   4828    Issue gicGameAutoSave command at tick 6600
14:03:20.612    46,523s       6ms   4828    Saving game at tick 6600 to 'E:\programowanie\projekty delphi\kam_expansion\Saves\autosave\autosave.sav'
14:03:27.105    53,016s    6493ms   4828    Issue gicGameAutoSave command at tick 7200
14:03:27.112    53,023s       7ms   4828    Saving game at tick 7200 to 'E:\programowanie\projekty delphi\kam_expansion\Saves\autosave\autosave.sav'
14:03:28.104    54,014s     991ms   4828    Issue gicGameAutoSave command at tick 7800
14:03:28.110    54,021s       5ms   4828    Saving game at tick 7800 to 'E:\programowanie\projekty delphi\kam_expansion\Saves\autosave\autosave.sav'
14:03:29.107    55,017s     995ms   4828    Issue gicGameAutoSave command at tick 8400
14:03:29.113    55,023s       6ms   4828    Saving game at tick 8400 to 'E:\programowanie\projekty delphi\kam_expansion\Saves\autosave\autosave.sav'
14:03:30.557    56,467s    1444ms   4828    Make savepoint at tick 8999
14:03:30.567    56,478s      11ms   4828    Warning: HouseUnoccupiedMsgId for house type ord=55 could not be determined.
14:03:30.575    56,486s       8ms   4828    Issue gicGameAutoSave command at tick 9000
14:03:30.580    56,490s       4ms   4828    Saving game at tick 9000 to 'E:\programowanie\projekty delphi\kam_expansion\Saves\autosave\autosave.sav'
14:03:55.455    81,365s   24875ms   4828    Issue gicGameAutoSave command at tick 9600
14:03:55.461    81,372s       7ms   4828    Saving game at tick 9600 to 'E:\programowanie\projekty delphi\kam_expansion\Saves\autosave\autosave.sav'
14:03:56.906    82,817s    1445ms   4828    Issue gicGameAutoSave command at tick 10200
14:03:56.911    82,822s       5ms   4828    Saving game at tick 10200 to 'E:\programowanie\projekty delphi\kam_expansion\Saves\autosave\autosave.sav'
14:03:57.906    83,816s     993ms   4828    Issue gicGameAutoSave command at tick 10800
14:03:57.912    83,822s       6ms   4828    Saving game at tick 10800 to 'E:\programowanie\projekty delphi\kam_expansion\Saves\autosave\autosave.sav'
14:03:58.921    84,831s    1009ms   4828    Issue gicGameAutoSave command at tick 11400
14:03:58.929    84,839s       8ms   4828    Saving game at tick 11400 to 'E:\programowanie\projekty delphi\kam_expansion\Saves\autosave\autosave.sav'
14:03:59.921    85,831s     992ms   4828    Warning: HouseUnoccupiedMsgId for house type ord=55 could not be determined.
14:03:59.928    85,839s       8ms   4828    Issue gicGameAutoSave command at tick 12000
14:03:59.933    85,844s       5ms   4828    Saving game at tick 12000 to 'E:\programowanie\projekty delphi\kam_expansion\Saves\autosave\autosave.sav'
14:04:02.256    88,167s    2323ms   4828    Issue gicGameAutoSave command at tick 12600
14:04:02.263    88,174s       7ms   4828    Saving game at tick 12600 to 'E:\programowanie\projekty delphi\kam_expansion\Saves\autosave\autosave.sav'
14:04:03.256    89,167s     993ms   4828    Issue gicGameAutoSave command at tick 13200
14:04:03.262    89,173s       6ms   4828    Saving game at tick 13200 to 'E:\programowanie\projekty delphi\kam_expansion\Saves\autosave\autosave.sav'
14:04:04.258    90,168s     995ms   4828    Issue gicGameAutoSave command at tick 13800
14:04:04.264    90,174s       6ms   4828    Saving game at tick 13800 to 'E:\programowanie\projekty delphi\kam_expansion\Saves\autosave\autosave.sav'
14:04:05.270    91,181s    1007ms   4828    Issue gicGameAutoSave command at tick 14400
14:04:05.277    91,187s       6ms   4828    Saving game at tick 14400 to 'E:\programowanie\projekty delphi\kam_expansion\Saves\autosave\autosave.sav'
14:04:06.270    92,180s     993ms   4828    Warning: HouseUnoccupiedMsgId for house type ord=55 could not be determined.
14:04:06.276    92,187s       7ms   4828    Issue gicGameAutoSave command at tick 15000
14:04:06.281    92,192s       5ms   4828    Saving game at tick 15000 to 'E:\programowanie\projekty delphi\kam_expansion\Saves\autosave\autosave.sav'
14:04:07.270    93,180s     988ms   4828    Issue gicGameAutoSave command at tick 15600
14:04:07.276    93,186s       6ms   4828    Saving game at tick 15600 to 'E:\programowanie\projekty delphi\kam_expansion\Saves\autosave\autosave.sav'
14:04:08.271    94,181s     994ms   4828    Issue gicGameAutoSave command at tick 16200
14:04:08.277    94,188s       7ms   4828    Saving game at tick 16200 to 'E:\programowanie\projekty delphi\kam_expansion\Saves\autosave\autosave.sav'
14:04:09.270    95,180s     992ms   4828    Issue gicGameAutoSave command at tick 16800
14:04:09.276    95,186s       6ms   4828    Saving game at tick 16800 to 'E:\programowanie\projekty delphi\kam_expansion\Saves\autosave\autosave.sav'
14:04:19.124   105,034s    9848ms   4828    Issue gicGameAutoSave command at tick 17400
14:04:19.130   105,040s       6ms   4828    Saving game at tick 17400 to 'E:\programowanie\projekty delphi\kam_expansion\Saves\autosave\autosave.sav'
14:04:26.891   112,802s    7762ms   4828    Make savepoint at tick 17999
14:04:26.898   112,808s       6ms   4828    Warning: HouseUnoccupiedMsgId for house type ord=55 could not be determined.
14:04:26.903   112,813s       5ms   4828    Issue gicGameAutoSave command at tick 18000
14:04:26.909   112,819s       6ms   4828    Saving game at tick 18000 to 'E:\programowanie\projekty delphi\kam_expansion\Saves\autosave\autosave.sav'
14:04:37.605   123,515s   10696ms   4828    Issue gicGameAutoSave command at tick 18600
14:04:37.612   123,523s       8ms   4828    Saving game at tick 18600 to 'E:\programowanie\projekty delphi\kam_expansion\Saves\autosave\autosave.sav'
14:04:43.606   129,516s    5993ms   4828    Issue gicGameAutoSave command at tick 19200
14:04:43.612   129,522s       6ms   4828    Saving game at tick 19200 to 'E:\programowanie\projekty delphi\kam_expansion\Saves\autosave\autosave.sav'
14:04:47.656   133,567s    4045ms   4828    Issue gicGameAutoSave command at tick 19800
14:04:47.662   133,573s       6ms   4828    Saving game at tick 19800 to 'E:\programowanie\projekty delphi\kam_expansion\Saves\autosave\autosave.sav'
14:05:05.942   151,853s   18280ms   4828    Gameplay ended - grCancel /
                                      Loading campaign images.rxx for HKS
14:05:07.164   153,075s    1222ms  12692    Custom - 1
                                      Loading campaign images.rxx for KSN
14:05:07.232   153,143s      68ms  12692    Custom - 1
                                      Loading campaign images.rxx for KSO
14:05:07.312   153,223s      80ms  12692    Custom - 1
                                      Loading campaign images.rxx for KSU
14:05:07.368   153,278s      55ms  12692    Custom - 1
                                      Loading campaign images.rxx for OFL
14:05:07.418   153,329s      51ms  12692    Custom - 1
                                      Loading campaign images.rxx for OER
14:05:07.456   153,367s      38ms  12692    Custom - 1
                                      Loading campaign images.rxx for TBK
14:05:07.497   153,408s      41ms  12692    Custom - 1
                                      Loading campaign images.rxx for TPR
14:05:07.558   153,468s      60ms  12692    Custom - 1
                                      Loading campaign images.rxx for TSK
14:05:07.623   153,533s      65ms  12692    Custom - 1
                                      Loading campaign images.rxx for TUA
14:05:07.666   153,577s      44ms  12692    Custom - 1
                                      Loading campaign images.rxx for TMR
14:05:07.816   153,726s     149ms  12692    Custom - 1
14:05:10.585   156,495s    2769ms   4828    LoadGameResources ... AlphaShadows: True. Forced: False
14:05:10.594   156,505s      10ms   4828    Resource loading state - Game
14:05:10.618   156,528s      23ms   4828    Saving dev settings to file 'kmr_dev.xml'
14:05:10.659   156,569s      41ms   4828    <== Game creation is done ==>
14:05:10.666   156,576s       7ms   4828    GameStart
14:05:10.670   156,580s       4ms   4828    Loading DAT file: E:\programowanie\projekty delphi\kam_expansion\CampaignsMP\The Merchants Revolution\TMR01\TMR01.dat
14:05:10.676   156,586s       6ms   4828    Loading map file: E:\programowanie\projekty delphi\kam_expansion\CampaignsMP\The Merchants Revolution\TMR01\TMR01.map
14:05:10.683   156,594s       8ms   4828    Map file loaded
14:05:10.836   156,746s     152ms   4828    Gameplay recording initialized ... done
14:05:10.841   156,751s       5ms   4828    Game options: PT = 0; SpeedPT = 1; SpeedAfterPT = 1; Seed = 0; Difficulty = mdNone
14:05:10.847   156,757s       6ms   4828    Gameplay initialized ... done
14:05:10.852   156,762s       5ms   4828    After game start
14:05:10.857   156,768s       6ms   4828    Set game seed: 515012982
14:05:10.863   156,774s       6ms   4828    After game start ... done
                                      Loading campaign images.rxx for HKS
14:05:13.719   159,629s    2855ms   1804    Custom - 1
14:05:13.725   159,635s       6ms   4828    Gameplay ended - grMapEdEnd /
                                      Loading campaign images.rxx for KSN
14:05:13.785   159,695s      60ms   1804    Custom - 1
                                      Loading campaign images.rxx for KSO
14:05:13.853   159,764s      69ms   1804    Custom - 1
                                      Loading campaign images.rxx for KSU
14:05:13.913   159,824s      60ms   1804    Custom - 1
                                      Loading campaign images.rxx for OFL
14:05:13.967   159,878s      54ms   1804    Custom - 1
                                      Loading campaign images.rxx for OER
14:05:14.021   159,931s      53ms   1804    Custom - 1
                                      Loading campaign images.rxx for TBK
14:05:14.065   159,975s      44ms   1804    Custom - 1
                                      Loading campaign images.rxx for TPR
14:05:14.138   160,048s      73ms   1804    Custom - 1
                                      Loading campaign images.rxx for TSK
14:05:14.195   160,105s      57ms   1804    Custom - 1
                                      Loading campaign images.rxx for TUA
14:05:14.250   160,160s      55ms   1804    Custom - 1
                                      Loading campaign images.rxx for TMR
14:05:14.397   160,307s     147ms   1804    Custom - 1
14:05:16.184   162,095s    1788ms   4828    LoadGameResources ... AlphaShadows: True. Forced: False
14:05:16.194   162,104s       9ms   4828    Resource loading state - Game
14:05:16.218   162,128s      24ms   4828    Saving dev settings to file 'kmr_dev.xml'
14:05:16.259   162,169s      41ms   4828    <== Game creation is done ==>
14:05:16.265   162,175s       5ms   4828    GameStart
14:05:16.270   162,181s       6ms   4828    Loading DAT file: E:\programowanie\projekty delphi\kam_expansion\CampaignsMP\The Merchants Revolution\TMR04\TMR04.dat
14:05:16.276   162,186s       5ms   4828    Loading map file: E:\programowanie\projekty delphi\kam_expansion\CampaignsMP\The Merchants Revolution\TMR04\TMR04.map
14:05:16.284   162,194s       8ms   4828    Map file loaded
14:05:16.444   162,355s     161ms   4828    Gameplay recording initialized ... done
14:05:16.451   162,361s       6ms   4828    Game options: PT = 0; SpeedPT = 1; SpeedAfterPT = 1; Seed = 0; Difficulty = mdNone
14:05:16.456   162,366s       5ms   4828    Gameplay initialized ... done
14:05:16.461   162,372s       6ms   4828    After game start
14:05:16.468   162,378s       6ms   4828    Set game seed: 167415433
14:05:16.473   162,383s       5ms   4828    After game start ... done
14:05:18.904   164,814s    2431ms   4828    LoadGameResources ... AlphaShadows: True. Forced: False
14:05:18.909   164,820s       6ms   4828    Resource loading state - Game
14:05:18.934   164,844s      23ms   4828    Saving dev settings to file 'kmr_dev.xml'
14:05:18.990   164,901s      57ms   4828    <== Game creation is done ==>
14:05:18.997   164,907s       6ms   4828    GameStart
14:05:19.002   164,912s       5ms   4828    Loading DAT file: E:\programowanie\projekty delphi\kam_expansion\CampaignsMP\The Merchants Revolution\TMR04\TMR04.dat
14:05:19.007   164,918s       6ms   4828    Loading map file: E:\programowanie\projekty delphi\kam_expansion\CampaignsMP\The Merchants Revolution\TMR04\TMR04.map
14:05:19.013   164,924s       6ms   4828    Map file loaded
14:05:19.058   164,969s      45ms   4828    Gameplay recording initialized ... done
14:05:19.078   164,989s      20ms   4828    Game options: PT = 0; SpeedPT = 1; SpeedAfterPT = 1; Seed = 0; Difficulty = mdNone
14:05:19.084   164,995s       6ms   4828    Gameplay initialized ... done
14:05:19.090   165,000s       5ms   4828    After game start
14:05:19.103   165,014s      14ms   4828    Set game seed: 531328173
14:05:19.110   165,020s       6ms   4828    Saving game at tick 0 to 'E:\programowanie\projekty delphi\kam_expansion\Saves\basesave\basesave.bas'
14:05:19.117   165,027s       7ms   4828    After game start ... done
14:05:25.671   171,582s    6555ms   4828    Issue gicGameAutoSave command at tick 600
14:05:25.677   171,587s       5ms   4828    Saving game at tick 600 to 'E:\programowanie\projekty delphi\kam_expansion\Saves\autosave\autosave.sav'
14:05:31.157   177,067s    5480ms   4828    Issue gicGameAutoSave command at tick 1200
14:05:31.163   177,073s       6ms   4828    Saving game at tick 1200 to 'E:\programowanie\projekty delphi\kam_expansion\Saves\autosave\autosave.sav'
14:05:39.473   185,383s    8310ms   4828    Issue gicGameAutoSave command at tick 1800
14:05:39.482   185,392s       9ms   4828    Saving game at tick 1800 to 'E:\programowanie\projekty delphi\kam_expansion\Saves\autosave\autosave.sav'
14:05:51.121   197,032s   11640ms   4828    Issue gicGameAutoSave command at tick 2400
14:05:51.127   197,037s       5ms   4828    Saving game at tick 2400 to 'E:\programowanie\projekty delphi\kam_expansion\Saves\autosave\autosave.sav'
14:06:51.123   257,034s   59997ms   4828    Issue gicGameAutoSave command at tick 3000
14:06:51.132   257,042s       8ms   4828    Saving game at tick 3000 to 'E:\programowanie\projekty delphi\kam_expansion\Saves\autosave\autosave.sav'
14:07:35.851   301,761s   44719ms   4828    Saving dev settings to file 'kmr_dev.xml'
14:07:36.811   302,721s     959ms   4828    Stopping game application...
14:07:36.819   302,729s       8ms   4828    Gameplay ended - grSilent /
14:07:36.826   302,736s       7ms   4828    Start saving 'Server settings' to 'C:\Users\szyby\OneDrive\Dokumenty\My Games\Knights and Merchants Remake\KaM Remake Server Settings.ini'
00721d44 KaM_Expansion.exe KM_Settings        106 TKMSettings.SaveToDefaultFile
00721e17 KaM_Expansion.exe KM_Settings        113 TKMSettings.SaveToDefaultFile
00721a50 KaM_Expansion.exe KM_Settings         65 TKMSettings.Destroy
00863c16 KaM_Expansion.exe KM_ServerSettings  117 TKMServerSettings.Destroy
0018a764 KaM_Expansion.exe System              20 TObject.Free
004597f0 KaM_Expansion.exe KromUtils          281 FreeThenNil
00930387 KaM_Expansion.exe KM_GameApp         330 TKMGameApp.Destroy
0018a764 KaM_Expansion.exe System              20 TObject.Free
004597f0 KaM_Expansion.exe KromUtils          281 FreeThenNil
0093b01d KaM_Expansion.exe KM_Main            376 TKMMain.Stop
0093b0fc KaM_Expansion.exe KM_Main            405 TKMMain.Stop
00ba1c3d KaM_Expansion.exe KM_FormMain       2212 TFormMain.FormClose
004036a7 KaM_Expansion.exe Vcl.Forms              TCustomForm.DoClose
00409095 KaM_Expansion.exe Vcl.Forms              TCustomForm.Close
00407cd4 KaM_Expansion.exe Vcl.Forms              TCustomForm.WMClose
00352cfa KaM_Expansion.exe Vcl.Controls           TControl.WndProc
00357ec1 KaM_Expansion.exe Vcl.Controls           TWinControl.WndProc
004042e8 KaM_Expansion.exe Vcl.Forms              TCustomForm.WndProc
00404303 KaM_Expansion.exe Vcl.Forms              TCustomForm.WndProc
00ba1729 KaM_Expansion.exe KM_FormMain       2051 TFormMain.WndProc

14:07:36.849   302,759s      23ms   4828    'Server settings' was successfully saved to 'C:\Users\szyby\OneDrive\Dokumenty\My Games\Knights and Merchants Remake\KaM Remake Server Settings.ini'
14:07:37.069   302,979s     220ms   4828    Start saving 'GameApp settings' to 'C:\Users\szyby\OneDrive\Dokumenty\My Games\Knights and Merchants Remake\KaM Remake Settings KingDyronMod.xml'
00721d44 KaM_Expansion.exe KM_Settings         106 TKMSettings.SaveToDefaultFile
00721e17 KaM_Expansion.exe KM_Settings         113 TKMSettings.SaveToDefaultFile
00721a50 KaM_Expansion.exe KM_Settings          65 TKMSettings.Destroy
007221aa KaM_Expansion.exe KM_SettingsXML       44 TKMSettingsXML.Destroy
007224d6 KaM_Expansion.exe KM_GameAppSettings   57 TKMGameAppSettings.Destroy
0018a764 KaM_Expansion.exe System               20 TObject.Free
004597f0 KaM_Expansion.exe KromUtils           281 FreeThenNil
0093b027 KaM_Expansion.exe KM_Main             378 TKMMain.Stop
0093b0fc KaM_Expansion.exe KM_Main             405 TKMMain.Stop
00ba1c3d KaM_Expansion.exe KM_FormMain        2212 TFormMain.FormClose
004036a7 KaM_Expansion.exe Vcl.Forms               TCustomForm.DoClose
00409095 KaM_Expansion.exe Vcl.Forms               TCustomForm.Close
00407cd4 KaM_Expansion.exe Vcl.Forms               TCustomForm.WMClose
00352cfa KaM_Expansion.exe Vcl.Controls            TControl.WndProc
00357ec1 KaM_Expansion.exe Vcl.Controls            TWinControl.WndProc
004042e8 KaM_Expansion.exe Vcl.Forms               TCustomForm.WndProc
00404303 KaM_Expansion.exe Vcl.Forms               TCustomForm.WndProc
00ba1729 KaM_Expansion.exe KM_FormMain        2051 TFormMain.WndProc
003573cc KaM_Expansion.exe Vcl.Controls            TWinControl.MainWndProc
003573e7 KaM_Expansion.exe Vcl.Controls            TWinControl.MainWndProc

14:07:37.084   302,995s      16ms   4828    'GameApp settings' was successfully saved to 'C:\Users\szyby\OneDrive\Dokumenty\My Games\Knights and Merchants Remake\KaM Remake Settings KingDyronMod.xml'
