   Timestamp    Elapsed     Delta  Thread    Description
========================
    Date: 2024.12.28
========================
14:55:40.317     0,000s       0ms   2056    Log is up and running. Game version: KaM Expansion: Co-op & World Update
14:55:40.324     0,007s       6ms   2056    Game Load started
14:55:40.333     0,016s       9ms   2056    Start loading 'GameApp settings' from 'C:\Users\szyby\OneDrive\Dokumenty\My Games\Knights and Merchants Remake\KaM Remake Settings KingDyronMod.xml'
14:55:40.338     0,021s       5ms   2056    'GameApp settings' was successfully loaded from 'C:\Users\szyby\OneDrive\Dokumenty\My Games\Knights and Merchants Remake\KaM Remake Settings KingDyronMod.xml'
14:55:40.354     0,037s       5ms   2056    Start saving 'GameApp settings' to 'C:\Users\szyby\OneDrive\Dokumenty\My Games\Knights and Merchants Remake\KaM Remake Settings KingDyronMod.xml'
011d3608 KaM_Expansion.exe KM_Settings        106 TKMSettings.SaveToDefaultFile
011d36db KaM_Expansion.exe KM_Settings        113 TKMSettings.SaveToDefaultFile
011d32d9 KaM_Expansion.exe KM_Settings         59 TKMSettings.Create
011d3a16 KaM_Expansion.exe KM_SettingsXML      38 TKMSettingsXML.Create
011d3d57 KaM_Expansion.exe KM_GameAppSettings  51 TKMGameAppSettings.Create
013ec430 KaM_Expansion.exe KM_Main            258 TKMMain.Start
013ec6b4 KaM_Expansion.exe KM_Main            305 TKMMain.Start
0166bb2b KaM_Expansion.exe KaM_Expansion      479 initialization
0166bb5a KaM_Expansion.exe KaM_Expansion      482 initialization
76df7ba7 KERNEL32.DLL                             BaseThreadInitThunk

14:55:40.391     0,074s      37ms   2056    'GameApp settings' was successfully saved to 'C:\Users\szyby\OneDrive\Dokumenty\My Games\Knights and Merchants Remake\KaM Remake Settings KingDyronMod.xml'
14:55:40.434     0,118s      44ms   2056    Start loading 'Server settings' from 'C:\Users\szyby\OneDrive\Dokumenty\My Games\Knights and Merchants Remake\KaM Remake Server Settings.ini'
14:55:40.441     0,125s       7ms   2056    'Server settings' was successfully loaded from 'C:\Users\szyby\OneDrive\Dokumenty\My Games\Knights and Merchants Remake\KaM Remake Server Settings.ini'
14:55:40.449     0,133s       8ms   2056    Start saving 'Server settings' to 'C:\Users\szyby\OneDrive\Dokumenty\My Games\Knights and Merchants Remake\KaM Remake Server Settings.ini'
011d3608 KaM_Expansion.exe KM_Settings       106 TKMSettings.SaveToDefaultFile
011d36db KaM_Expansion.exe KM_Settings       113 TKMSettings.SaveToDefaultFile
011d32d9 KaM_Expansion.exe KM_Settings        59 TKMSettings.Create
013156a8 KaM_Expansion.exe KM_ServerSettings 109 TKMServerSettings.Create
013e17b0 KaM_Expansion.exe KM_GameApp        213 TKMGameApp.Create
013e1c02 KaM_Expansion.exe KM_GameApp        295 TKMGameApp.Create
013ed6da KaM_Expansion.exe KM_Main           635 TKMMain.ReinitRender
013ed8e6 KaM_Expansion.exe KM_Main           689 TKMMain.ReinitRender
013ec546 KaM_Expansion.exe KM_Main           281 TKMMain.Start
013ec6b4 KaM_Expansion.exe KM_Main           305 TKMMain.Start
0166bb2b KaM_Expansion.exe KaM_Expansion     479 initialization
0166bb5a KaM_Expansion.exe KaM_Expansion     482 initialization
76df7ba7 KERNEL32.DLL                            BaseThreadInitThunk

14:55:40.462     0,146s      13ms   2056    'Server settings' was successfully saved to 'C:\Users\szyby\OneDrive\Dokumenty\My Games\Knights and Merchants Remake\KaM Remake Server Settings.ini'
14:55:40.468     0,152s       6ms   2056    Init Render started
14:55:40.599     0,283s     131ms   2056    GL_MAX_TEXTURE_SIZE = 32768
14:55:40.606     0,289s       6ms   2056    GL_MAX_VIEWPORT_DIM = 32768
                                      OpenGL Vendor: NVIDIA Corporation
                                      OpenGL Renderer: NVIDIA GeForce RTX 3060 Ti/PCIe/SSE2
                                      OpenGL Version: 4.6.0 NVIDIA 560.81
14:55:40.632     0,315s      26ms   2056    Init Render Done
14:55:40.638     0,321s       6ms   2056    Resource loading state - None
14:55:40.645     0,328s       7ms   2056    Reading palettes ... done
14:55:40.654     0,337s       9ms   2056    Reading GUI.rx
14:55:40.660     0,343s       6ms   2056    Load Sprites started
14:55:40.666     0,349s       6ms   2056    GUI - 966
14:55:40.686     0,369s      20ms   2056    Load Sprites Done
14:55:40.720     0,403s      34ms   2056    Reading GUIMain.rx
14:55:40.727     0,410s       7ms   2056    Load Sprites started
14:55:40.734     0,417s       7ms   2056    GUIMain - 105
14:55:40.785     0,468s      51ms   2056    Load Sprites Done
14:55:40.837     0,521s      53ms   2056    Reading Tileset.rx
14:55:40.843     0,527s       6ms   2056    Load Sprites started
14:55:40.850     0,534s       7ms   2056    Tileset - 5449
14:55:40.869     0,553s      19ms   2056    Load Sprites Done
14:55:40.876     0,560s       7ms   2056    GenerateTerrainTransitions started. Legacy = False
14:55:40.882     0,566s       6ms   2056    TexId = 5451 GenTilesCnt = 2100
14:55:40.889     0,573s       7ms   2056    TexId = 6051; TexId - fGenTexIdStartI = 600; uniqueTex = 600; totalTex = 1350
14:55:40.894     0,578s       5ms   2056    GeneratedMasks cnt = 20
14:55:40.901     0,585s       6ms   2056    GenerateTerrainTransitions Done
14:55:40.906     0,590s       5ms   2056    GenerateTerrainTransitions started. Legacy = True
14:55:40.912     0,596s       6ms   2056    Legacy: TexId = 4999 GenTilesCntTemp = 2030
14:55:40.918     0,602s       6ms   2056    TexId = 5463; TexId - fGenTexIdStartILegacy = 464; uniqueTex = 464; totalTex = 1044
14:55:40.924     0,608s       6ms   2056    GeneratedMasks cnt = 16
14:55:40.929     0,613s       5ms   2056    GenerateTerrainTransitions Done
14:55:41.031     0,715s     102ms   2056    Load font started
14:55:41.068     0,751s      36ms   2056    Font load took 36ms
14:55:41.074     0,757s       6ms   2056    Read fonts is done
14:55:41.090     0,773s      16ms   2056    ReadGFX is done
14:55:41.097     0,780s       7ms   2056    Resource loading state - Menu
14:55:41.104     0,787s       7ms   9288    OpenAL init started
14:55:41.125     0,808s      21ms   2056    Music init done, 24 tracks found
                                      Loading campaign images.rxx for HKS
14:55:41.150     0,833s      25ms   6732    Custom - 1
14:55:41.162     0,845s      12ms   9288    Pre-LoadSFX init ... done
14:55:41.169     0,852s       7ms   9288    ALC_MONO_SOURCES 255
14:55:41.176     0,859s       7ms   9288    ALC_STEREO_SOURCES 1
14:55:41.182     0,865s       6ms   2056    Main menu init done
14:55:41.188     0,871s       6ms   9288    OpenAL init done
14:55:41.210     0,894s      23ms   2056    Check game folder 'E:\programowanie\projekty delphi\kam_expansion\' generic permissions: READ: granted; WRITE: granted; EXECUTE: granted; folder is writable: 
14:55:41.217     0,901s       7ms   2056    LoadGameResources ... AlphaShadows: True. Forced: True
14:55:41.224     0,907s       6ms   2056    TKMResSprites.LoadGameResources
14:55:41.231     0,914s       7ms   2056    [AsyncGameResLoader Thread] Started
14:55:41.238     0,921s       7ms   2056    Resource loading state - Game
14:55:41.243     0,927s       6ms   2056    ToggleFullscreen
14:55:41.251     0,934s       7ms   2056    Form Width/Height: 1040:853
14:55:41.258     0,941s       7ms   2056    Panel Width/Height: 764:771
14:55:41.264     0,947s       6ms   4252    [AsyncGameResLoader Thread] RT = rxTrees Stage = lsLoad
14:55:41.271     0,955s       8ms   4252    [AsyncGameResLoader Thread] Start Load RXX 'Trees.rxx'
14:55:41.278     0,962s       7ms   4252    Load Sprites started
14:55:41.285     0,968s       6ms   4252    Trees - 1216
14:55:41.464     1,147s     179ms   4252    Load Sprites Done
                                      Loading campaign images.rxx for KSN
14:55:41.498     1,181s      34ms   6732    Custom - 1
14:55:41.514     1,197s      16ms   2056    Saving dev settings to file 'kmr_dev.xml'
                                      Loading campaign images.rxx for KSO
14:55:41.564     1,247s      49ms   6732    Custom - 1
14:55:41.571     1,254s       7ms   4252    [AsyncGameResLoader Thread] DONE Load RXX 'Trees.rxa'
14:55:41.577     1,260s       6ms   2056    Saving dev settings to file 'kmr_dev.xml'
14:55:41.583     1,267s       7ms   2056    Game Load Done in 1295
14:55:41.601     1,285s      18ms   2056    [AsyncGameResLoader MainTh] [UpdateStateIdle] GenTextures RT = rxTrees Stage = lsGenMain
14:55:41.613     1,296s      11ms   2056    [AsyncGameResLoader MainTh] [UpdateStateIdle] DONE
14:55:41.619     1,303s       7ms   4252    [AsyncGameResLoader Thread] RT = rxTrees Stage = lsOverload
14:55:41.625     1,309s       6ms   4252    [AsyncGameResLoader Thread] OverloadFromFolder RT = rxTrees
                                      Loading campaign images.rxx for KSU
14:55:41.644     1,327s      18ms   6732    Custom - 1
14:55:41.682     1,365s      38ms   4252    [AsyncGameResLoader Thread] DONE OverloadFromFolder RT = rxTrees
14:55:41.689     1,372s       7ms   2056    [AsyncGameResLoader MainTh] [UpdateStateIdle] GenTextures RT = rxTrees Stage = lsGenOverload
14:55:41.695     1,378s       6ms   2056    [AsyncGameResLoader MainTh] [UpdateStateIdle] DONE
14:55:41.702     1,385s       7ms   4252    [AsyncGameResLoader Thread] RT = rxHouses Stage = lsLoad
                                      Loading campaign images.rxx for OFL
14:55:41.713     1,397s      12ms   4252    [AsyncGameResLoader Thread] Start Load RXX 'Houses.rxx'
14:55:41.719     1,403s       6ms   4252    Load Sprites started
14:55:41.727     1,411s       8ms   6732    Custom - 1
14:55:41.735     1,418s       7ms   4252    Houses - 2709
                                      Loading campaign images.rxx for OER
14:55:41.784     1,468s      50ms   6732    Custom - 1
                                      Loading campaign images.rxx for TBK
14:55:41.828     1,511s      43ms   6732    Custom - 1
                                      Loading campaign images.rxx for TPR
14:55:41.896     1,580s      69ms   6732    Custom - 1
                                      Loading campaign images.rxx for TSK
14:55:41.941     1,625s      45ms   6732    Custom - 1
                                      Loading campaign images.rxx for TUA
14:55:41.990     1,673s      47ms   6732    Custom - 1
14:55:42.001     1,685s      12ms   4252    Load Sprites Done
                                      Loading campaign images.rxx for TMR
14:55:42.137     1,821s     136ms   6732    Custom - 1
14:55:42.143     1,826s       5ms   4252    [AsyncGameResLoader Thread] DONE Load RXX 'Houses.rxa'
14:55:42.166     1,849s      22ms   2056    [AsyncGameResLoader MainTh] [UpdateStateIdle] GenTextures RT = rxHouses Stage = lsGenMain
14:55:42.180     1,863s      14ms   2056    [AsyncGameResLoader MainTh] [UpdateStateIdle] DONE
14:55:42.187     1,870s       7ms   4252    [AsyncGameResLoader Thread] RT = rxHouses Stage = lsOverload
14:55:42.193     1,876s       6ms   4252    [AsyncGameResLoader Thread] OverloadFromFolder RT = rxHouses
14:55:42.349     2,032s     156ms   4252    [AsyncGameResLoader Thread] DONE OverloadFromFolder RT = rxHouses
14:55:42.356     2,039s       7ms   2056    [AsyncGameResLoader MainTh] [UpdateStateIdle] GenTextures RT = rxHouses Stage = lsGenOverload
14:55:42.361     2,045s       6ms   2056    [AsyncGameResLoader MainTh] [UpdateStateIdle] DONE
14:55:42.368     2,052s       7ms   4252    [AsyncGameResLoader Thread] RT = rxUnits Stage = lsLoad
14:55:42.374     2,057s       5ms   4252    [AsyncGameResLoader Thread] Start Load RXX 'Units.rxx'
14:55:42.379     2,063s       6ms   4252    Load Sprites started
14:55:42.386     2,070s       7ms   4252    Units - 14845
14:55:43.828     3,511s    1441ms   4252    Load Sprites Done
14:55:44.881     4,564s    1053ms   4252    [AsyncGameResLoader Thread] DONE Load RXX 'Units.rxa'
14:55:44.888     4,571s       7ms   2056    [AsyncGameResLoader MainTh] [UpdateStateIdle] GenTextures RT = rxUnits Stage = lsGenMain
14:55:44.953     4,636s      65ms   2056    [AsyncGameResLoader MainTh] [UpdateStateIdle] DONE
14:55:44.960     4,643s       7ms   4252    [AsyncGameResLoader Thread] RT = rxUnits Stage = lsOverload
14:55:44.966     4,649s       6ms   4252    [AsyncGameResLoader Thread] OverloadFromFolder RT = rxUnits
14:55:45.985     5,668s    1019ms   4252    [AsyncGameResLoader Thread] DONE OverloadFromFolder RT = rxUnits
14:55:45.998     5,681s      13ms   2056    [AsyncGameResLoader MainTh] [UpdateStateIdle] GenTextures RT = rxUnits Stage = lsGenOverload
14:55:46.005     5,688s       7ms   2056    [AsyncGameResLoader Thread] Stopped
14:55:46.010     5,693s       5ms   2056    [AsyncGameResLoader MainTh] [UpdateStateIdle] DONE
                                      Loading campaign images.rxx for HKS
14:57:11.427    91,110s   85417ms   5856    Custom - 1
                                      Loading campaign images.rxx for KSN
14:57:11.506    91,190s      80ms   5856    Custom - 1
                                      Loading campaign images.rxx for KSO
14:57:11.565    91,248s      58ms   5856    Custom - 1
                                      Loading campaign images.rxx for KSU
14:57:11.622    91,305s      57ms   5856    Custom - 1
                                      Loading campaign images.rxx for OFL
14:57:11.670    91,354s      49ms   5856    Custom - 1
                                      Loading campaign images.rxx for OER
14:57:11.710    91,394s      40ms   5856    Custom - 1
                                      Loading campaign images.rxx for TBK
14:57:11.745    91,428s      34ms   5856    Custom - 1
                                      Loading campaign images.rxx for TPR
14:57:11.797    91,480s      52ms   5856    Custom - 1
                                      Loading campaign images.rxx for TSK
14:57:11.836    91,519s      39ms   5856    Custom - 1
                                      Loading campaign images.rxx for TUA
14:57:11.868    91,552s      33ms   5856    Custom - 1
                                      Loading campaign images.rxx for TMR
14:57:12.014    91,697s     145ms   5856    Custom - 1
14:57:12.847    92,530s     833ms   2056    Saving dev settings to file 'kmr_dev.xml'
                                      Loading campaign images.rxx for HKS
14:57:19.438    99,121s    6591ms  19356    Custom - 1
                                      Loading campaign images.rxx for KSN
14:57:19.513    99,196s      75ms  19356    Custom - 1
                                      Loading campaign images.rxx for KSO
14:57:19.573    99,256s      60ms  19356    Custom - 1
                                      Loading campaign images.rxx for KSU
14:57:19.629    99,312s      56ms  19356    Custom - 1
                                      Loading campaign images.rxx for OFL
14:57:19.692    99,376s      64ms  19356    Custom - 1
                                      Loading campaign images.rxx for OER
14:57:19.734    99,418s      42ms  19356    Custom - 1
                                      Loading campaign images.rxx for TBK
14:57:19.779    99,462s      44ms  19356    Custom - 1
                                      Loading campaign images.rxx for TPR
14:57:19.837    99,521s      59ms  19356    Custom - 1
                                      Loading campaign images.rxx for TSK
14:57:19.893    99,576s      55ms  19356    Custom - 1
                                      Loading campaign images.rxx for TUA
14:57:19.947    99,631s      55ms  19356    Custom - 1
                                      Loading campaign images.rxx for TMR
14:57:20.092    99,776s     144ms  19356    Custom - 1
                                      Loading campaign images.rxx for HKS
14:57:24.385   104,068s    4291ms   7960    Custom - 1
                                      Loading campaign images.rxx for KSN
14:57:24.464   104,147s      79ms   7960    Custom - 1
                                      Loading campaign images.rxx for KSO
14:57:24.533   104,217s      70ms   7960    Custom - 1
                                      Loading campaign images.rxx for KSU
14:57:24.603   104,286s      69ms   7960    Custom - 1
                                      Loading campaign images.rxx for OFL
14:57:24.650   104,334s      48ms   7960    Custom - 1
                                      Loading campaign images.rxx for OER
14:57:24.692   104,375s      41ms   7960    Custom - 1
                                      Loading campaign images.rxx for TBK
14:57:24.728   104,411s      36ms   7960    Custom - 1
                                      Loading campaign images.rxx for TPR
14:57:24.780   104,463s      52ms   7960    Custom - 1
                                      Loading campaign images.rxx for TSK
14:57:24.818   104,501s      38ms   7960    Custom - 1
                                      Loading campaign images.rxx for TUA
14:57:24.850   104,533s      32ms   7960    Custom - 1
                                      Loading campaign images.rxx for TMR
14:57:24.987   104,671s     138ms   7960    Custom - 1
14:57:53.473   133,156s   28485ms   2056    Saving dev settings to file 'kmr_dev.xml'
14:57:53.481   133,165s       9ms   2056    Stopping game application...
14:57:53.487   133,171s       6ms   2056    Start saving 'Server settings' to 'C:\Users\szyby\OneDrive\Dokumenty\My Games\Knights and Merchants Remake\KaM Remake Server Settings.ini'
011d3608 KaM_Expansion.exe KM_Settings        106 TKMSettings.SaveToDefaultFile
011d36db KaM_Expansion.exe KM_Settings        113 TKMSettings.SaveToDefaultFile
011d3314 KaM_Expansion.exe KM_Settings         65 TKMSettings.Destroy
013156ee KaM_Expansion.exe KM_ServerSettings  117 TKMServerSettings.Destroy
00c3a764 KaM_Expansion.exe System              20 TObject.Free
00f097fc KaM_Expansion.exe KromUtils          281 FreeThenNil
013e1e5f KaM_Expansion.exe KM_GameApp         330 TKMGameApp.Destroy
00c3a764 KaM_Expansion.exe System              20 TObject.Free
00f097fc KaM_Expansion.exe KromUtils          281 FreeThenNil
013ecaf5 KaM_Expansion.exe KM_Main            376 TKMMain.Stop
013ecbd4 KaM_Expansion.exe KM_Main            405 TKMMain.Stop
01656de9 KaM_Expansion.exe KM_FormMain       2212 TFormMain.FormClose
00eb36a7 KaM_Expansion.exe Vcl.Forms              TCustomForm.DoClose
00eb9095 KaM_Expansion.exe Vcl.Forms              TCustomForm.Close
00eb7cd4 KaM_Expansion.exe Vcl.Forms              TCustomForm.WMClose
00e02cfa KaM_Expansion.exe Vcl.Controls           TControl.WndProc
00e07ec1 KaM_Expansion.exe Vcl.Controls           TWinControl.WndProc
00eb42e8 KaM_Expansion.exe Vcl.Forms              TCustomForm.WndProc
00eb4303 KaM_Expansion.exe Vcl.Forms              TCustomForm.WndProc
016568d5 KaM_Expansion.exe KM_FormMain       2051 TFormMain.WndProc

14:57:53.508   133,192s      21ms   2056    'Server settings' was successfully saved to 'C:\Users\szyby\OneDrive\Dokumenty\My Games\Knights and Merchants Remake\KaM Remake Server Settings.ini'
14:57:53.738   133,421s     229ms   2056    Start saving 'GameApp settings' to 'C:\Users\szyby\OneDrive\Dokumenty\My Games\Knights and Merchants Remake\KaM Remake Settings KingDyronMod.xml'
011d3608 KaM_Expansion.exe KM_Settings         106 TKMSettings.SaveToDefaultFile
011d36db KaM_Expansion.exe KM_Settings         113 TKMSettings.SaveToDefaultFile
011d3314 KaM_Expansion.exe KM_Settings          65 TKMSettings.Destroy
011d3a6e KaM_Expansion.exe KM_SettingsXML       44 TKMSettingsXML.Destroy
011d3d9a KaM_Expansion.exe KM_GameAppSettings   57 TKMGameAppSettings.Destroy
00c3a764 KaM_Expansion.exe System               20 TObject.Free
00f097fc KaM_Expansion.exe KromUtils           281 FreeThenNil
013ecaff KaM_Expansion.exe KM_Main             378 TKMMain.Stop
013ecbd4 KaM_Expansion.exe KM_Main             405 TKMMain.Stop
01656de9 KaM_Expansion.exe KM_FormMain        2212 TFormMain.FormClose
00eb36a7 KaM_Expansion.exe Vcl.Forms               TCustomForm.DoClose
00eb9095 KaM_Expansion.exe Vcl.Forms               TCustomForm.Close
00eb7cd4 KaM_Expansion.exe Vcl.Forms               TCustomForm.WMClose
00e02cfa KaM_Expansion.exe Vcl.Controls            TControl.WndProc
00e07ec1 KaM_Expansion.exe Vcl.Controls            TWinControl.WndProc
00eb42e8 KaM_Expansion.exe Vcl.Forms               TCustomForm.WndProc
00eb4303 KaM_Expansion.exe Vcl.Forms               TCustomForm.WndProc
016568d5 KaM_Expansion.exe KM_FormMain        2051 TFormMain.WndProc
00e073cc KaM_Expansion.exe Vcl.Controls            TWinControl.MainWndProc
00e073e7 KaM_Expansion.exe Vcl.Controls            TWinControl.MainWndProc

14:57:53.753   133,436s      15ms   2056    'GameApp settings' was successfully saved to 'C:\Users\szyby\OneDrive\Dokumenty\My Games\Knights and Merchants Remake\KaM Remake Settings KingDyronMod.xml'
