   Timestamp    Elapsed     Delta  Thread    Description
========================
    Date: 2024.12.29
========================
16:38:48.256     0,001s       1ms  18140    Log is up and running. Game version: KaM Expansion: Co-op & World Update
16:38:48.262     0,007s       6ms  18140    Game Load started
16:38:48.274     0,019s      12ms  18140    Start loading 'GameApp settings' from 'C:\Users\szyby\OneDrive\Dokumenty\My Games\Knights and Merchants Remake\KaM Remake Settings KingDyronMod.xml'
16:38:48.279     0,024s       5ms  18140    'GameApp settings' was successfully loaded from 'C:\Users\szyby\OneDrive\Dokumenty\My Games\Knights and Merchants Remake\KaM Remake Settings KingDyronMod.xml'
16:38:48.285     0,030s       5ms  18140    Start saving 'GameApp settings' to 'C:\Users\szyby\OneDrive\Dokumenty\My Games\Knights and Merchants Remake\KaM Remake Settings KingDyronMod.xml'
00ff2970 KaM_Expansion.exe KM_Settings        106 TKMSettings.SaveToDefaultFile
00ff2a43 KaM_Expansion.exe KM_Settings        113 TKMSettings.SaveToDefaultFile
00ff2641 KaM_Expansion.exe KM_Settings         59 TKMSettings.Create
00ff2d7e KaM_Expansion.exe KM_SettingsXML      38 TKMSettingsXML.Create
00ff30bf KaM_Expansion.exe KM_GameAppSettings  51 TKMGameAppSettings.Create
0120c4e4 KaM_Expansion.exe KM_Main            258 TKMMain.Start
0120c768 KaM_Expansion.exe KM_Main            305 TKMMain.Start
01489b2b KaM_Expansion.exe KaM_Expansion      479 initialization
01489b5a KaM_Expansion.exe KaM_Expansion      482 initialization
76867ba7 KERNEL32.DLL                             BaseThreadInitThunk

16:38:48.324     0,069s      39ms  18140    'GameApp settings' was successfully saved to 'C:\Users\szyby\OneDrive\Dokumenty\My Games\Knights and Merchants Remake\KaM Remake Settings KingDyronMod.xml'
16:38:48.354     0,099s      30ms  18140    Start loading 'Server settings' from 'C:\Users\szyby\OneDrive\Dokumenty\My Games\Knights and Merchants Remake\KaM Remake Server Settings.ini'
16:38:48.361     0,106s       7ms  18140    'Server settings' was successfully loaded from 'C:\Users\szyby\OneDrive\Dokumenty\My Games\Knights and Merchants Remake\KaM Remake Server Settings.ini'
16:38:48.367     0,112s       6ms  18140    Start saving 'Server settings' to 'C:\Users\szyby\OneDrive\Dokumenty\My Games\Knights and Merchants Remake\KaM Remake Server Settings.ini'
00ff2970 KaM_Expansion.exe KM_Settings       106 TKMSettings.SaveToDefaultFile
00ff2a43 KaM_Expansion.exe KM_Settings       113 TKMSettings.SaveToDefaultFile
00ff2641 KaM_Expansion.exe KM_Settings        59 TKMSettings.Create
0113575c KaM_Expansion.exe KM_ServerSettings 109 TKMServerSettings.Create
01201864 KaM_Expansion.exe KM_GameApp        213 TKMGameApp.Create
01201cb6 KaM_Expansion.exe KM_GameApp        295 TKMGameApp.Create
0120d78e KaM_Expansion.exe KM_Main           635 TKMMain.ReinitRender
0120d99a KaM_Expansion.exe KM_Main           689 TKMMain.ReinitRender
0120c5fa KaM_Expansion.exe KM_Main           281 TKMMain.Start
0120c768 KaM_Expansion.exe KM_Main           305 TKMMain.Start
01489b2b KaM_Expansion.exe KaM_Expansion     479 initialization
01489b5a KaM_Expansion.exe KaM_Expansion     482 initialization
76867ba7 KERNEL32.DLL                            BaseThreadInitThunk

16:38:48.381     0,126s      14ms  18140    'Server settings' was successfully saved to 'C:\Users\szyby\OneDrive\Dokumenty\My Games\Knights and Merchants Remake\KaM Remake Server Settings.ini'
16:38:48.387     0,132s       6ms  18140    Init Render started
16:38:48.525     0,270s     138ms  18140    GL_MAX_TEXTURE_SIZE = 32768
16:38:48.531     0,276s       6ms  18140    GL_MAX_VIEWPORT_DIM = 32768
                                      OpenGL Vendor: NVIDIA Corporation
                                      OpenGL Renderer: NVIDIA GeForce RTX 3060 Ti/PCIe/SSE2
                                      OpenGL Version: 4.6.0 NVIDIA 560.81
16:38:48.555     0,300s      24ms  18140    Init Render Done
16:38:48.563     0,308s       8ms  18140    Resource loading state - None
16:38:48.569     0,314s       6ms  18140    Reading palettes ... done
16:38:48.578     0,323s       9ms  18140    Reading GUI.rx
16:38:48.584     0,329s       6ms  18140    Load Sprites started
16:38:48.591     0,336s       7ms  18140    GUI - 966
16:38:48.609     0,354s      18ms  18140    Load Sprites Done
16:38:48.644     0,389s      35ms  18140    Reading GUIMain.rx
16:38:48.651     0,396s       7ms  18140    Load Sprites started
16:38:48.657     0,402s       6ms  18140    GUIMain - 105
16:38:48.707     0,453s      51ms  18140    Load Sprites Done
16:38:48.762     0,507s      54ms  18140    Reading Tileset.rx
16:38:48.769     0,514s       7ms  18140    Load Sprites started
16:38:48.775     0,520s       6ms  18140    Tileset - 5449
16:38:48.810     0,555s      35ms  18140    Load Sprites Done
16:38:48.817     0,562s       7ms  18140    GenerateTerrainTransitions started. Legacy = False
16:38:48.824     0,569s       7ms  18140    TexId = 5451 GenTilesCnt = 2100
16:38:48.831     0,576s       7ms  18140    TexId = 6051; TexId - fGenTexIdStartI = 600; uniqueTex = 600; totalTex = 1350
16:38:48.837     0,582s       6ms  18140    GeneratedMasks cnt = 20
16:38:48.844     0,589s       7ms  18140    GenerateTerrainTransitions Done
16:38:48.851     0,596s       6ms  18140    GenerateTerrainTransitions started. Legacy = True
16:38:48.858     0,603s       7ms  18140    Legacy: TexId = 4999 GenTilesCntTemp = 2030
16:38:48.866     0,611s       8ms  18140    TexId = 5463; TexId - fGenTexIdStartILegacy = 464; uniqueTex = 464; totalTex = 1044
16:38:48.872     0,617s       6ms  18140    GeneratedMasks cnt = 16
16:38:48.880     0,625s       8ms  18140    GenerateTerrainTransitions Done
16:38:49.000     0,745s     120ms  18140    Load font started
16:38:49.037     0,782s      37ms  18140    Font load took 37ms
16:38:49.045     0,790s       7ms  18140    Read fonts is done
16:38:49.063     0,808s      18ms  18140    ReadGFX is done
16:38:49.070     0,815s       7ms  18140    Resource loading state - Menu
16:38:49.077     0,822s       7ms   7624    OpenAL init started
16:38:49.727     1,472s     650ms  18140    Music init done, 24 tracks found
                                      Loading campaign images.rxx for HKS
16:38:49.752     1,497s      25ms  10536    Custom - 1
16:38:49.760     1,505s       8ms   7624    Pre-LoadSFX init ... done
16:38:49.766     1,511s       6ms   7624    ALC_MONO_SOURCES 255
16:38:49.772     1,517s       6ms   7624    ALC_STEREO_SOURCES 1
16:38:49.778     1,523s       6ms  18140    Main menu init done
16:38:49.785     1,530s       7ms   7624    OpenAL init done
16:38:49.807     1,552s      22ms  18140    Check game folder 'E:\programowanie\projekty delphi\kam_expansion\' generic permissions: READ: granted; WRITE: granted; EXECUTE: granted; folder is writable: 
16:38:49.814     1,559s       7ms  18140    LoadGameResources ... AlphaShadows: True. Forced: True
16:38:49.820     1,565s       6ms  18140    TKMResSprites.LoadGameResources
16:38:49.826     1,571s       6ms  18140    [AsyncGameResLoader Thread] Started
16:38:49.833     1,578s       6ms  18140    Resource loading state - Game
16:38:49.839     1,584s       6ms   9136    [AsyncGameResLoader Thread] RT = rxTrees Stage = lsLoad
16:38:49.845     1,590s       6ms   9136    [AsyncGameResLoader Thread] Start Load RXX 'Trees.rxx'
16:38:49.852     1,597s       7ms   9136    Load Sprites started
16:38:49.860     1,605s       7ms  18140    ToggleFullscreen
16:38:49.866     1,611s       6ms  18140    Form Width/Height: 1040:853
16:38:49.873     1,618s       6ms  18140    Panel Width/Height: 1024:814
16:38:49.880     1,625s       6ms   9136    Trees - 1216
16:38:49.912     1,657s      32ms  18140    Saving dev settings to file 'kmr_dev.xml'
16:38:49.937     1,682s      25ms  18140    Saving dev settings to file 'kmr_dev.xml'
16:38:49.945     1,690s       8ms  18140    Game Load Done in 1714
                                      Loading campaign images.rxx for KSN
16:38:49.967     1,712s      22ms  10536    Custom - 1
                                      Loading campaign images.rxx for KSO
16:38:50.030     1,775s      63ms  10536    Custom - 1
16:38:50.038     1,783s       8ms   9136    Load Sprites Done
                                      Loading campaign images.rxx for KSU
16:38:50.093     1,838s      55ms  10536    Custom - 1
                                      Loading campaign images.rxx for OFL
16:38:50.142     1,887s      49ms  10536    Custom - 1
16:38:50.149     1,894s       7ms   9136    [AsyncGameResLoader Thread] DONE Load RXX 'Trees.rxa'
16:38:50.156     1,901s       7ms  18140    [AsyncGameResLoader MainTh] [UpdateStateIdle] GenTextures RT = rxTrees Stage = lsGenMain
16:38:50.169     1,914s      13ms  18140    [AsyncGameResLoader MainTh] [UpdateStateIdle] DONE
16:38:50.176     1,921s       7ms   9136    [AsyncGameResLoader Thread] RT = rxTrees Stage = lsOverload
16:38:50.184     1,929s       8ms   9136    [AsyncGameResLoader Thread] OverloadFromFolder RT = rxTrees
16:38:50.190     1,935s       6ms   9136    [AsyncGameResLoader Thread] DONE OverloadFromFolder RT = rxTrees
                                      Loading campaign images.rxx for OER
16:38:50.204     1,949s      14ms  10536    Custom - 1
16:38:50.210     1,956s       7ms  18140    [AsyncGameResLoader MainTh] [UpdateStateIdle] GenTextures RT = rxTrees Stage = lsGenOverload
16:38:50.216     1,962s       6ms  18140    [AsyncGameResLoader MainTh] [UpdateStateIdle] DONE
16:38:50.224     1,969s       7ms   9136    [AsyncGameResLoader Thread] RT = rxHouses Stage = lsLoad
16:38:50.231     1,976s       7ms   9136    [AsyncGameResLoader Thread] Start Load RXX 'Houses.rxx'
16:38:50.237     1,982s       6ms   9136    Load Sprites started
                                      Loading campaign images.rxx for TBK
16:38:50.250     1,995s      13ms   9136    Houses - 2709
16:38:50.256     2,001s       6ms  10536    Custom - 1
                                      Loading campaign images.rxx for TPR
16:38:50.315     2,060s      59ms  10536    Custom - 1
16:38:50.343     2,088s      28ms   9136    Load Sprites Done
                                      Loading campaign images.rxx for TSK
16:38:50.370     2,115s      27ms  10536    Custom - 1
                                      Loading campaign images.rxx for TUA
16:38:50.424     2,169s      54ms  10536    Custom - 1
16:38:50.479     2,224s      55ms   9136    [AsyncGameResLoader Thread] DONE Load RXX 'Houses.rxa'
16:38:50.491     2,237s      13ms  18140    [AsyncGameResLoader MainTh] [UpdateStateIdle] GenTextures RT = rxHouses Stage = lsGenMain
16:38:50.522     2,267s      30ms  18140    [AsyncGameResLoader MainTh] [UpdateStateIdle] DONE
16:38:50.531     2,276s       9ms   9136    [AsyncGameResLoader Thread] RT = rxHouses Stage = lsOverload
16:38:50.537     2,282s       6ms   9136    [AsyncGameResLoader Thread] OverloadFromFolder RT = rxHouses
16:38:50.559     2,304s      21ms   9136    [AsyncGameResLoader Thread] DONE OverloadFromFolder RT = rxHouses
16:38:50.579     2,324s      19ms  18140    [AsyncGameResLoader MainTh] [UpdateStateIdle] GenTextures RT = rxHouses Stage = lsGenOverload
16:38:50.590     2,335s      11ms  18140    [AsyncGameResLoader MainTh] [UpdateStateIdle] DONE
16:38:50.596     2,341s       6ms   9136    [AsyncGameResLoader Thread] RT = rxUnits Stage = lsLoad
                                      Loading campaign images.rxx for TMR
16:38:50.609     2,354s      13ms   9136    [AsyncGameResLoader Thread] Start Load RXX 'Units.rxx'
16:38:50.616     2,361s       7ms   9136    Load Sprites started
16:38:50.629     2,374s      13ms  10536    Custom - 1
16:38:50.636     2,381s       7ms   9136    Units - 14845
16:38:51.134     2,879s     498ms   9136    Load Sprites Done
16:38:52.259     4,004s    1125ms   9136    [AsyncGameResLoader Thread] DONE Load RXX 'Units.rxa'
16:38:52.274     4,019s      15ms  18140    [AsyncGameResLoader MainTh] [UpdateStateIdle] GenTextures RT = rxUnits Stage = lsGenMain
16:38:52.348     4,093s      74ms  18140    [AsyncGameResLoader MainTh] [UpdateStateIdle] DONE
16:38:52.356     4,101s       7ms   9136    [AsyncGameResLoader Thread] RT = rxUnits Stage = lsOverload
16:38:52.363     4,108s       7ms   9136    [AsyncGameResLoader Thread] OverloadFromFolder RT = rxUnits
16:38:52.370     4,115s       7ms   9136    [AsyncGameResLoader Thread] DONE OverloadFromFolder RT = rxUnits
16:38:52.380     4,125s      10ms  18140    [AsyncGameResLoader MainTh] [UpdateStateIdle] GenTextures RT = rxUnits Stage = lsGenOverload
16:38:52.386     4,131s       6ms  18140    [AsyncGameResLoader Thread] Stopped
16:38:52.392     4,137s       6ms  18140    [AsyncGameResLoader MainTh] [UpdateStateIdle] DONE
16:39:14.747    26,492s   22355ms  18140    Saving dev settings to file 'kmr_dev.xml'
16:39:14.753    26,498s       6ms  18140    Stopping game application...
16:39:14.760    26,505s       6ms  18140    Start saving 'Server settings' to 'C:\Users\szyby\OneDrive\Dokumenty\My Games\Knights and Merchants Remake\KaM Remake Server Settings.ini'
00ff2970 KaM_Expansion.exe KM_Settings        106 TKMSettings.SaveToDefaultFile
00ff2a43 KaM_Expansion.exe KM_Settings        113 TKMSettings.SaveToDefaultFile
00ff267c KaM_Expansion.exe KM_Settings         65 TKMSettings.Destroy
011357a2 KaM_Expansion.exe KM_ServerSettings  117 TKMServerSettings.Destroy
00a5a764 KaM_Expansion.exe System              23 TObject.Free
00d2980c KaM_Expansion.exe KromUtils          281 FreeThenNil
01201f13 KaM_Expansion.exe KM_GameApp         330 TKMGameApp.Destroy
00a5a764 KaM_Expansion.exe System              23 TObject.Free
00d2980c KaM_Expansion.exe KromUtils          281 FreeThenNil
0120cba9 KaM_Expansion.exe KM_Main            376 TKMMain.Stop
0120cc88 KaM_Expansion.exe KM_Main            405 TKMMain.Stop
01474aed KaM_Expansion.exe KM_FormMain       2212 TFormMain.FormClose
00cd36a7 KaM_Expansion.exe Vcl.Forms              TCustomForm.DoClose
00cd9095 KaM_Expansion.exe Vcl.Forms              TCustomForm.Close
00cd7cd4 KaM_Expansion.exe Vcl.Forms              TCustomForm.WMClose
00c22cfa KaM_Expansion.exe Vcl.Controls           TControl.WndProc
00c27ec1 KaM_Expansion.exe Vcl.Controls           TWinControl.WndProc
00cd42e8 KaM_Expansion.exe Vcl.Forms              TCustomForm.WndProc
00cd4303 KaM_Expansion.exe Vcl.Forms              TCustomForm.WndProc
014745d9 KaM_Expansion.exe KM_FormMain       2051 TFormMain.WndProc

16:39:14.782    26,527s      22ms  18140    'Server settings' was successfully saved to 'C:\Users\szyby\OneDrive\Dokumenty\My Games\Knights and Merchants Remake\KaM Remake Server Settings.ini'
16:39:14.995    26,740s     213ms  18140    Start saving 'GameApp settings' to 'C:\Users\szyby\OneDrive\Dokumenty\My Games\Knights and Merchants Remake\KaM Remake Settings KingDyronMod.xml'
00ff2970 KaM_Expansion.exe KM_Settings         106 TKMSettings.SaveToDefaultFile
00ff2a43 KaM_Expansion.exe KM_Settings         113 TKMSettings.SaveToDefaultFile
00ff267c KaM_Expansion.exe KM_Settings          65 TKMSettings.Destroy
00ff2dd6 KaM_Expansion.exe KM_SettingsXML       44 TKMSettingsXML.Destroy
00ff3102 KaM_Expansion.exe KM_GameAppSettings   57 TKMGameAppSettings.Destroy
00a5a764 KaM_Expansion.exe System               23 TObject.Free
00d2980c KaM_Expansion.exe KromUtils           281 FreeThenNil
0120cbb3 KaM_Expansion.exe KM_Main             378 TKMMain.Stop
0120cc88 KaM_Expansion.exe KM_Main             405 TKMMain.Stop
01474aed KaM_Expansion.exe KM_FormMain        2212 TFormMain.FormClose
00cd36a7 KaM_Expansion.exe Vcl.Forms               TCustomForm.DoClose
00cd9095 KaM_Expansion.exe Vcl.Forms               TCustomForm.Close
00cd7cd4 KaM_Expansion.exe Vcl.Forms               TCustomForm.WMClose
00c22cfa KaM_Expansion.exe Vcl.Controls            TControl.WndProc
00c27ec1 KaM_Expansion.exe Vcl.Controls            TWinControl.WndProc
00cd42e8 KaM_Expansion.exe Vcl.Forms               TCustomForm.WndProc
00cd4303 KaM_Expansion.exe Vcl.Forms               TCustomForm.WndProc
014745d9 KaM_Expansion.exe KM_FormMain        2051 TFormMain.WndProc
00c273cc KaM_Expansion.exe Vcl.Controls            TWinControl.MainWndProc
00c273e7 KaM_Expansion.exe Vcl.Controls            TWinControl.MainWndProc

16:39:15.009    26,754s      14ms  18140    'GameApp settings' was successfully saved to 'C:\Users\szyby\OneDrive\Dokumenty\My Games\Knights and Merchants Remake\KaM Remake Settings KingDyronMod.xml'
