   Timestamp    Elapsed     Delta  Thread    Description
========================
    Date: 2024.12.26
========================
14:43:48.827     0,007s       7ms  10568    Log is up and running. Game version: KaM Expansion: Co-op & World Update
14:43:48.834     0,015s       8ms  10568    Game Load started
14:43:48.848     0,028s      13ms  10568    Start loading 'GameApp settings' from 'C:\Users\szyby\OneDrive\Dokumenty\My Games\Knights and Merchants Remake\KaM Remake Settings KingDyronMod.xml'
14:43:48.853     0,034s       6ms  10568    'GameApp settings' was successfully loaded from 'C:\Users\szyby\OneDrive\Dokumenty\My Games\Knights and Merchants Remake\KaM Remake Settings KingDyronMod.xml'
14:43:48.873     0,053s       8ms  10568    Start saving 'GameApp settings' to 'C:\Users\szyby\OneDrive\Dokumenty\My Games\Knights and Merchants Remake\KaM Remake Settings KingDyronMod.xml'
00da1d94 KaM_Expansion.exe KM_Settings        106 TKMSettings.SaveToDefaultFile
00da1e67 KaM_Expansion.exe KM_Settings        113 TKMSettings.SaveToDefaultFile
00da1a65 KaM_Expansion.exe KM_Settings         59 TKMSettings.Create
00da21a2 KaM_Expansion.exe KM_SettingsXML      38 TKMSettingsXML.Create
00da24e3 KaM_Expansion.exe KM_GameAppSettings  51 TKMGameAppSettings.Create
00fbcd7c KaM_Expansion.exe KM_Main            258 TKMMain.Start
00fbd000 KaM_Expansion.exe KM_Main            305 TKMMain.Start
0123ab2b KaM_Expansion.exe KaM_Expansion      479 initialization
0123ab5a KaM_Expansion.exe KaM_Expansion      482 initialization
75e37ba7 KERNEL32.DLL                             BaseThreadInitThunk

14:43:48.912     0,092s      39ms  10568    'GameApp settings' was successfully saved to 'C:\Users\szyby\OneDrive\Dokumenty\My Games\Knights and Merchants Remake\KaM Remake Settings KingDyronMod.xml'
14:43:48.934     0,114s      22ms  10568    Start loading 'Server settings' from 'C:\Users\szyby\OneDrive\Dokumenty\My Games\Knights and Merchants Remake\KaM Remake Server Settings.ini'
14:43:48.940     0,120s       6ms  10568    'Server settings' was successfully loaded from 'C:\Users\szyby\OneDrive\Dokumenty\My Games\Knights and Merchants Remake\KaM Remake Server Settings.ini'
14:43:48.947     0,127s       7ms  10568    Start saving 'Server settings' to 'C:\Users\szyby\OneDrive\Dokumenty\My Games\Knights and Merchants Remake\KaM Remake Server Settings.ini'
00da1d94 KaM_Expansion.exe KM_Settings       106 TKMSettings.SaveToDefaultFile
00da1e67 KaM_Expansion.exe KM_Settings       113 TKMSettings.SaveToDefaultFile
00da1a65 KaM_Expansion.exe KM_Settings        59 TKMSettings.Create
00ee5ff4 KaM_Expansion.exe KM_ServerSettings 109 TKMServerSettings.Create
00fb20fc KaM_Expansion.exe KM_GameApp        213 TKMGameApp.Create
00fb254e KaM_Expansion.exe KM_GameApp        295 TKMGameApp.Create
00fbe026 KaM_Expansion.exe KM_Main           635 TKMMain.ReinitRender
00fbe232 KaM_Expansion.exe KM_Main           689 TKMMain.ReinitRender
00fbce92 KaM_Expansion.exe KM_Main           281 TKMMain.Start
00fbd000 KaM_Expansion.exe KM_Main           305 TKMMain.Start
0123ab2b KaM_Expansion.exe KaM_Expansion     479 initialization
0123ab5a KaM_Expansion.exe KaM_Expansion     482 initialization
75e37ba7 KERNEL32.DLL                            BaseThreadInitThunk

14:43:48.959     0,139s      12ms  10568    'Server settings' was successfully saved to 'C:\Users\szyby\OneDrive\Dokumenty\My Games\Knights and Merchants Remake\KaM Remake Server Settings.ini'
14:43:48.966     0,146s       7ms  10568    Init Render started
14:43:49.106     0,286s     140ms  10568    GL_MAX_TEXTURE_SIZE = 32768
14:43:49.113     0,293s       7ms  10568    GL_MAX_VIEWPORT_DIM = 32768
                                      OpenGL Vendor: NVIDIA Corporation
                                      OpenGL Renderer: NVIDIA GeForce RTX 3060 Ti/PCIe/SSE2
                                      OpenGL Version: 4.6.0 NVIDIA 560.81
14:43:49.137     0,317s      24ms  10568    Init Render Done
14:43:49.144     0,324s       7ms  10568    Resource loading state - None
14:43:49.150     0,330s       6ms  10568    Reading palettes ... done
14:43:49.159     0,339s       9ms  10568    Reading GUI.rx
14:43:49.167     0,347s       8ms  10568    Load Sprites started
14:43:49.173     0,353s       6ms  10568    GUI - 965
14:43:49.195     0,375s      22ms  10568    Load Sprites Done
14:43:49.230     0,410s      35ms  10568    Reading GUIMain.rx
14:43:49.238     0,418s       8ms  10568    Load Sprites started
14:43:49.245     0,425s       7ms  10568    GUIMain - 105
14:43:49.299     0,479s      54ms  10568    Load Sprites Done
14:43:49.356     0,536s      57ms  10568    Reading Tileset.rx
14:43:49.364     0,544s       8ms  10568    Load Sprites started
14:43:49.371     0,551s       7ms  10568    Tileset - 5449
14:43:49.387     0,567s      16ms  10568    Load Sprites Done
14:43:49.393     0,573s       6ms  10568    GenerateTerrainTransitions started. Legacy = False
14:43:49.400     0,580s       7ms  10568    TexId = 5451 GenTilesCnt = 2030
14:43:49.407     0,587s       7ms  10568    TexId = 6031; TexId - fGenTexIdStartI = 580; uniqueTex = 580; totalTex = 1305
14:43:49.414     0,594s       7ms  10568    GeneratedMasks cnt = 20
14:43:49.421     0,601s       7ms  10568    GenerateTerrainTransitions Done
14:43:49.428     0,608s       7ms  10568    GenerateTerrainTransitions started. Legacy = True
14:43:49.434     0,614s       6ms  10568    Legacy: TexId = 4999 GenTilesCntTemp = 1960
14:43:49.441     0,621s       7ms  10568    TexId = 5447; TexId - fGenTexIdStartILegacy = 448; uniqueTex = 448; totalTex = 1008
14:43:49.449     0,629s       8ms  10568    GeneratedMasks cnt = 16
14:43:49.455     0,635s       6ms  10568    GenerateTerrainTransitions Done
14:43:49.582     0,762s     127ms  10568    Load font started
14:43:49.623     0,803s      41ms  10568    Font load took 41ms
14:43:49.630     0,810s       7ms  10568    Read fonts is done
14:43:49.647     0,827s      17ms  10568    ReadGFX is done
14:43:49.655     0,835s       7ms  10568    Resource loading state - Menu
14:43:49.661     0,841s       6ms  19644    OpenAL init started
14:43:50.176     1,356s     515ms  10568    Music init done, 24 tracks found
14:43:50.203     1,383s      27ms  19644    Pre-LoadSFX init ... done
14:43:50.209     1,389s       6ms  19644    ALC_MONO_SOURCES 255
14:43:50.216     1,396s       7ms  19644    ALC_STEREO_SOURCES 1
                                      Loading campaign images.rxx for HKS
14:43:50.228     1,408s      12ms  10568    Main menu init done
14:43:50.234     1,414s       6ms  19644    OpenAL init done
14:43:50.240     1,420s       5ms   6368    Custom - 1
14:43:50.258     1,438s      18ms  10568    Check game folder 'E:\programowanie\projekty delphi\kam_expansion\' generic permissions: READ: granted; WRITE: granted; EXECUTE: granted; folder is writable: 
14:43:50.264     1,444s       6ms  10568    LoadGameResources ... AlphaShadows: True. Forced: True
14:43:50.271     1,451s       7ms  10568    TKMResSprites.LoadGameResources
14:43:50.278     1,458s       7ms  10568    [AsyncGameResLoader Thread] Started
14:43:50.284     1,464s       6ms  10568    Resource loading state - Game
14:43:50.290     1,470s       6ms  10568    ToggleFullscreen
14:43:50.296     1,476s       6ms  10568    Form Width/Height: 1040:830
14:43:50.302     1,482s       6ms  10568    Panel Width/Height: 1024:791
14:43:50.309     1,489s       7ms  10244    [AsyncGameResLoader Thread] RT = rxTrees Stage = lsLoad
14:43:50.316     1,496s       7ms  10244    [AsyncGameResLoader Thread] Start Load RXX 'Trees.rxx'
14:43:50.322     1,502s       6ms  10244    Load Sprites started
14:43:50.329     1,509s       7ms  10244    Trees - 1214
                                      Loading campaign images.rxx for KSN
14:43:50.348     1,528s      19ms  10568    Saving dev settings to file 'kmr_dev.xml'
14:43:50.356     1,536s       8ms   6368    Custom - 1
14:43:50.374     1,554s      18ms  10568    Saving dev settings to file 'kmr_dev.xml'
14:43:50.387     1,568s      14ms  10568    Game Load Done in 1590
                                      Loading campaign images.rxx for KSO
14:43:50.430     1,611s      43ms   6368    Custom - 1
14:43:50.471     1,652s      41ms  10244    Load Sprites Done
                                      Loading campaign images.rxx for KSU
14:43:50.502     1,682s      30ms   6368    Custom - 1
                                      Loading campaign images.rxx for OFL
14:43:50.562     1,742s      60ms   6368    Custom - 1
14:43:50.574     1,754s      12ms  10244    [AsyncGameResLoader Thread] DONE Load RXX 'Trees.rxa'
14:43:50.587     1,767s      12ms  10568    [AsyncGameResLoader MainTh] [UpdateStateIdle] GenTextures RT = rxTrees Stage = lsGenMain
                                      Loading campaign images.rxx for OER
14:43:50.603     1,783s      16ms   6368    Custom - 1
14:43:50.609     1,789s       6ms  10568    [AsyncGameResLoader MainTh] [UpdateStateIdle] DONE
14:43:50.616     1,796s       6ms  10244    [AsyncGameResLoader Thread] RT = rxTrees Stage = lsOverload
14:43:50.622     1,802s       6ms  10244    [AsyncGameResLoader Thread] OverloadFromFolder RT = rxTrees
14:43:50.631     1,811s       9ms  10244    [AsyncGameResLoader Thread] DONE OverloadFromFolder RT = rxTrees
                                      Loading campaign images.rxx for TBK
14:43:50.644     1,824s      13ms  10568    [AsyncGameResLoader MainTh] [UpdateStateIdle] GenTextures RT = rxTrees Stage = lsGenOverload
14:43:50.649     1,829s       5ms  10568    [AsyncGameResLoader MainTh] [UpdateStateIdle] DONE
14:43:50.656     1,836s       7ms   6368    Custom - 1
14:43:50.662     1,842s       6ms  10244    [AsyncGameResLoader Thread] RT = rxHouses Stage = lsLoad
14:43:50.668     1,848s       6ms  10244    [AsyncGameResLoader Thread] Start Load RXX 'Houses.rxx'
14:43:50.673     1,854s       6ms  10244    Load Sprites started
14:43:50.680     1,861s       7ms  10244    Houses - 2582
                                      Loading campaign images.rxx for TPR
14:43:50.716     1,896s      35ms   6368    Custom - 1
                                      Loading campaign images.rxx for TSK
14:43:50.771     1,951s      55ms   6368    Custom - 1
                                      Loading campaign images.rxx for TUA
14:43:50.825     2,005s      54ms   6368    Custom - 1
14:43:50.925     2,105s     100ms  10244    Load Sprites Done
                                      Loading campaign images.rxx for TMR
14:43:50.981     2,161s      56ms   6368    Custom - 1
14:43:51.059     2,239s      78ms  10244    [AsyncGameResLoader Thread] DONE Load RXX 'Houses.rxa'
14:43:51.068     2,248s       9ms  10568    [AsyncGameResLoader MainTh] [UpdateStateIdle] GenTextures RT = rxHouses Stage = lsGenMain
14:43:51.083     2,263s      15ms  10568    [AsyncGameResLoader MainTh] [UpdateStateIdle] DONE
14:43:51.090     2,270s       7ms  10244    [AsyncGameResLoader Thread] RT = rxHouses Stage = lsOverload
14:43:51.097     2,277s       7ms  10244    [AsyncGameResLoader Thread] OverloadFromFolder RT = rxHouses
14:43:51.256     2,436s     159ms  10244    [AsyncGameResLoader Thread] DONE OverloadFromFolder RT = rxHouses
14:43:51.262     2,442s       6ms  10568    [AsyncGameResLoader MainTh] [UpdateStateIdle] GenTextures RT = rxHouses Stage = lsGenOverload
14:43:51.268     2,449s       7ms  10568    [AsyncGameResLoader MainTh] [UpdateStateIdle] DONE
14:43:51.274     2,454s       5ms  10244    [AsyncGameResLoader Thread] RT = rxUnits Stage = lsLoad
14:43:51.281     2,461s       7ms  10244    [AsyncGameResLoader Thread] Start Load RXX 'Units.rxx'
14:43:51.286     2,467s       6ms  10244    Load Sprites started
14:43:51.293     2,473s       6ms  10244    Units - 14842
14:43:52.798     3,978s    1505ms  10244    Load Sprites Done
14:43:53.941     5,121s    1143ms  10244    [AsyncGameResLoader Thread] DONE Load RXX 'Units.rxa'
14:43:53.949     5,129s       8ms  10568    [AsyncGameResLoader MainTh] [UpdateStateIdle] GenTextures RT = rxUnits Stage = lsGenMain
14:43:54.018     5,198s      69ms  10568    [AsyncGameResLoader MainTh] [UpdateStateIdle] DONE
14:43:54.025     5,205s       7ms  10244    [AsyncGameResLoader Thread] RT = rxUnits Stage = lsOverload
14:43:54.031     5,211s       5ms  10244    [AsyncGameResLoader Thread] OverloadFromFolder RT = rxUnits
14:43:55.094     6,274s    1063ms  10244    [AsyncGameResLoader Thread] DONE OverloadFromFolder RT = rxUnits
14:43:55.101     6,281s       7ms  10568    [AsyncGameResLoader MainTh] [UpdateStateIdle] GenTextures RT = rxUnits Stage = lsGenOverload
14:43:55.106     6,286s       5ms  10568    [AsyncGameResLoader Thread] Stopped
14:43:55.113     6,293s       7ms  10568    [AsyncGameResLoader MainTh] [UpdateStateIdle] DONE
14:43:55.159     6,339s      46ms  10568    LoadGameResources ... AlphaShadows: True. Forced: False
14:43:55.166     6,346s       7ms  10568    Resource loading state - Game
14:43:55.192     6,372s      26ms  10568    Saving dev settings to file 'kmr_dev.xml'
14:43:55.250     6,430s      58ms  10568    <== Game creation is done ==>
14:43:55.256     6,436s       6ms  10568    GameStart
14:43:55.263     6,443s       7ms  10568    Loading DAT file: E:\programowanie\projekty delphi\kam_expansion\Maps\Nowa Misja\Nowa Misja.dat
14:43:55.269     6,449s       6ms  10568    Loading map file: E:\programowanie\projekty delphi\kam_expansion\Maps\Nowa Misja\Nowa Misja.map
14:43:55.281     6,461s      12ms  10568    Map file loaded
14:43:55.308     6,488s      27ms  10568    Gameplay recording initialized ... done
14:43:55.315     6,495s       7ms  10568    Game options: PT = 0; SpeedPT = 1; SpeedAfterPT = 1; Seed = 0; Difficulty = mdNone
14:43:55.321     6,501s       6ms  10568    Gameplay initialized ... done
14:43:55.327     6,507s       6ms  10568    After game start
14:43:55.346     6,526s      19ms  10568    Set game seed: 268018457
14:43:55.353     6,533s       7ms  10568    Saving game at tick 0 to 'E:\programowanie\projekty delphi\kam_expansion\Saves\basesave\basesave.bas'
14:43:55.360     6,540s       7ms  10568    Script: "Size": {"X": 2, "Y": 1},|"Tiles": [|	{"Tile": [1, 693, 0, 255]},      {"Tile": [1, 693, 2, 255]}       |]
14:43:55.367     6,547s       7ms  10568    After game start ... done
14:44:33.092    44,272s   37725ms  10568    Saving dev settings to file 'kmr_dev.xml'
14:44:34.187    45,367s    1094ms  10568    Stopping game application...
14:44:34.194    45,374s       7ms  10568    Gameplay ended - grSilent /
14:44:34.201    45,381s       7ms  10568    Start saving 'Server settings' to 'C:\Users\szyby\OneDrive\Dokumenty\My Games\Knights and Merchants Remake\KaM Remake Server Settings.ini'
00da1d94 KaM_Expansion.exe KM_Settings        106 TKMSettings.SaveToDefaultFile
00da1e67 KaM_Expansion.exe KM_Settings        113 TKMSettings.SaveToDefaultFile
00da1aa0 KaM_Expansion.exe KM_Settings         65 TKMSettings.Destroy
00ee603a KaM_Expansion.exe KM_ServerSettings  117 TKMServerSettings.Destroy
0080a764 KaM_Expansion.exe System              20 TObject.Free
00ad97f0 KaM_Expansion.exe KromUtils          281 FreeThenNil
00fb27ab KaM_Expansion.exe KM_GameApp         330 TKMGameApp.Destroy
0080a764 KaM_Expansion.exe System              20 TObject.Free
00ad97f0 KaM_Expansion.exe KromUtils          281 FreeThenNil
00fbd441 KaM_Expansion.exe KM_Main            376 TKMMain.Stop
00fbd520 KaM_Expansion.exe KM_Main            405 TKMMain.Stop
012256cd KaM_Expansion.exe KM_FormMain       2212 TFormMain.FormClose
00a836a7 KaM_Expansion.exe Vcl.Forms              TCustomForm.DoClose
00a89095 KaM_Expansion.exe Vcl.Forms              TCustomForm.Close
00a87cd4 KaM_Expansion.exe Vcl.Forms              TCustomForm.WMClose
009d2cfa KaM_Expansion.exe Vcl.Controls           TControl.WndProc
009d7ec1 KaM_Expansion.exe Vcl.Controls           TWinControl.WndProc
00a842e8 KaM_Expansion.exe Vcl.Forms              TCustomForm.WndProc
00a84303 KaM_Expansion.exe Vcl.Forms              TCustomForm.WndProc
012251b9 KaM_Expansion.exe KM_FormMain       2051 TFormMain.WndProc

14:44:34.222    45,402s      21ms  10568    'Server settings' was successfully saved to 'C:\Users\szyby\OneDrive\Dokumenty\My Games\Knights and Merchants Remake\KaM Remake Server Settings.ini'
14:44:34.438    45,619s     217ms  10568    Start saving 'GameApp settings' to 'C:\Users\szyby\OneDrive\Dokumenty\My Games\Knights and Merchants Remake\KaM Remake Settings KingDyronMod.xml'
00da1d94 KaM_Expansion.exe KM_Settings         106 TKMSettings.SaveToDefaultFile
00da1e67 KaM_Expansion.exe KM_Settings         113 TKMSettings.SaveToDefaultFile
00da1aa0 KaM_Expansion.exe KM_Settings          65 TKMSettings.Destroy
00da21fa KaM_Expansion.exe KM_SettingsXML       44 TKMSettingsXML.Destroy
00da2526 KaM_Expansion.exe KM_GameAppSettings   57 TKMGameAppSettings.Destroy
0080a764 KaM_Expansion.exe System               20 TObject.Free
00ad97f0 KaM_Expansion.exe KromUtils           281 FreeThenNil
00fbd44b KaM_Expansion.exe KM_Main             378 TKMMain.Stop
00fbd520 KaM_Expansion.exe KM_Main             405 TKMMain.Stop
012256cd KaM_Expansion.exe KM_FormMain        2212 TFormMain.FormClose
00a836a7 KaM_Expansion.exe Vcl.Forms               TCustomForm.DoClose
00a89095 KaM_Expansion.exe Vcl.Forms               TCustomForm.Close
00a87cd4 KaM_Expansion.exe Vcl.Forms               TCustomForm.WMClose
009d2cfa KaM_Expansion.exe Vcl.Controls            TControl.WndProc
009d7ec1 KaM_Expansion.exe Vcl.Controls            TWinControl.WndProc
00a842e8 KaM_Expansion.exe Vcl.Forms               TCustomForm.WndProc
00a84303 KaM_Expansion.exe Vcl.Forms               TCustomForm.WndProc
012251b9 KaM_Expansion.exe KM_FormMain        2051 TFormMain.WndProc
009d73cc KaM_Expansion.exe Vcl.Controls            TWinControl.MainWndProc
009d73e7 KaM_Expansion.exe Vcl.Controls            TWinControl.MainWndProc

14:44:34.453    45,634s      15ms  10568    'GameApp settings' was successfully saved to 'C:\Users\szyby\OneDrive\Dokumenty\My Games\Knights and Merchants Remake\KaM Remake Settings KingDyronMod.xml'
