   Timestamp    Elapsed     Delta  Thread    Description
========================
    Date: 2024.12.28
========================
21:05:24.333     0,001s       1ms  11820    Log is up and running. Game version: KaM Expansion: Co-op & World Update
21:05:24.340     0,008s       7ms  11820    Game Load started
21:05:24.362     0,030s      22ms  11820    Start loading 'GameApp settings' from 'C:\Users\szyby\OneDrive\Dokumenty\My Games\Knights and Merchants Remake\KaM Remake Settings KingDyronMod.xml'
21:05:24.367     0,035s       5ms  11820    'GameApp settings' was successfully loaded from 'C:\Users\szyby\OneDrive\Dokumenty\My Games\Knights and Merchants Remake\KaM Remake Settings KingDyronMod.xml'
21:05:24.385     0,053s       5ms  11820    Start saving 'GameApp settings' to 'C:\Users\szyby\OneDrive\Dokumenty\My Games\Knights and Merchants Remake\KaM Remake Settings KingDyronMod.xml'
00dd227c KaM_Expansion.exe KM_Settings        106 TKMSettings.SaveToDefaultFile
00dd234f KaM_Expansion.exe KM_Settings        113 TKMSettings.SaveToDefaultFile
00dd1f4d KaM_Expansion.exe KM_Settings         59 TKMSettings.Create
00dd268a KaM_Expansion.exe KM_SettingsXML      38 TKMSettingsXML.Create
00dd29cb KaM_Expansion.exe KM_GameAppSettings  51 TKMGameAppSettings.Create
00fec154 KaM_Expansion.exe KM_Main            258 TKMMain.Start
00fec3d8 KaM_Expansion.exe KM_Main            305 TKMMain.Start
01269b2b KaM_Expansion.exe KaM_Expansion      479 initialization
01269b5a KaM_Expansion.exe KaM_Expansion      482 initialization
76df7ba7 KERNEL32.DLL                             BaseThreadInitThunk

21:05:24.422     0,090s      37ms  11820    'GameApp settings' was successfully saved to 'C:\Users\szyby\OneDrive\Dokumenty\My Games\Knights and Merchants Remake\KaM Remake Settings KingDyronMod.xml'
21:05:24.467     0,135s      45ms  11820    Start loading 'Server settings' from 'C:\Users\szyby\OneDrive\Dokumenty\My Games\Knights and Merchants Remake\KaM Remake Server Settings.ini'
21:05:24.478     0,146s      11ms  11820    'Server settings' was successfully loaded from 'C:\Users\szyby\OneDrive\Dokumenty\My Games\Knights and Merchants Remake\KaM Remake Server Settings.ini'
21:05:24.484     0,152s       6ms  11820    Start saving 'Server settings' to 'C:\Users\szyby\OneDrive\Dokumenty\My Games\Knights and Merchants Remake\KaM Remake Server Settings.ini'
00dd227c KaM_Expansion.exe KM_Settings       106 TKMSettings.SaveToDefaultFile
00dd234f KaM_Expansion.exe KM_Settings       113 TKMSettings.SaveToDefaultFile
00dd1f4d KaM_Expansion.exe KM_Settings        59 TKMSettings.Create
00f153cc KaM_Expansion.exe KM_ServerSettings 109 TKMServerSettings.Create
00fe14d4 KaM_Expansion.exe KM_GameApp        213 TKMGameApp.Create
00fe1926 KaM_Expansion.exe KM_GameApp        295 TKMGameApp.Create
00fed3fe KaM_Expansion.exe KM_Main           635 TKMMain.ReinitRender
00fed60a KaM_Expansion.exe KM_Main           689 TKMMain.ReinitRender
00fec26a KaM_Expansion.exe KM_Main           281 TKMMain.Start
00fec3d8 KaM_Expansion.exe KM_Main           305 TKMMain.Start
01269b2b KaM_Expansion.exe KaM_Expansion     479 initialization
01269b5a KaM_Expansion.exe KaM_Expansion     482 initialization
76df7ba7 KERNEL32.DLL                            BaseThreadInitThunk

21:05:24.498     0,166s      14ms  11820    'Server settings' was successfully saved to 'C:\Users\szyby\OneDrive\Dokumenty\My Games\Knights and Merchants Remake\KaM Remake Server Settings.ini'
21:05:24.504     0,172s       6ms  11820    Init Render started
21:05:24.909     0,577s     405ms  11820    GL_MAX_TEXTURE_SIZE = 32768
21:05:24.917     0,585s       8ms  11820    GL_MAX_VIEWPORT_DIM = 32768
                                      OpenGL Vendor: NVIDIA Corporation
                                      OpenGL Renderer: NVIDIA GeForce RTX 3060 Ti/PCIe/SSE2
                                      OpenGL Version: 4.6.0 NVIDIA 560.81
21:05:24.942     0,610s      25ms  11820    Init Render Done
21:05:24.950     0,618s       8ms  11820    Resource loading state - None
21:05:24.957     0,625s       7ms  11820    Reading palettes ... done
21:05:24.971     0,639s      14ms  11820    Reading GUI.rx
21:05:24.980     0,649s      10ms  11820    Load Sprites started
21:05:24.992     0,660s      11ms  11820    GUI - 966
21:05:25.015     0,683s      23ms  11820    Load Sprites Done
21:05:25.050     0,719s      36ms  11820    Reading GUIMain.rx
21:05:25.058     0,726s       7ms  11820    Load Sprites started
21:05:25.064     0,732s       6ms  11820    GUIMain - 105
21:05:25.117     0,785s      53ms  11820    Load Sprites Done
21:05:25.174     0,842s      57ms  11820    Reading Tileset.rx
21:05:25.181     0,849s       7ms  11820    Load Sprites started
21:05:25.188     0,856s       7ms  11820    Tileset - 5449
21:05:25.206     0,874s      18ms  11820    Load Sprites Done
21:05:25.215     0,883s       9ms  11820    GenerateTerrainTransitions started. Legacy = False
21:05:25.225     0,893s      10ms  11820    TexId = 5451 GenTilesCnt = 2100
21:05:25.237     0,905s      12ms  11820    TexId = 6051; TexId - fGenTexIdStartI = 600; uniqueTex = 600; totalTex = 1350
21:05:25.246     0,914s       9ms  11820    GeneratedMasks cnt = 20
21:05:25.252     0,920s       6ms  11820    GenerateTerrainTransitions Done
21:05:25.257     0,925s       5ms  11820    GenerateTerrainTransitions started. Legacy = True
21:05:25.264     0,932s       6ms  11820    Legacy: TexId = 4999 GenTilesCntTemp = 2030
21:05:25.271     0,939s       7ms  11820    TexId = 5463; TexId - fGenTexIdStartILegacy = 464; uniqueTex = 464; totalTex = 1044
21:05:25.277     0,945s       6ms  11820    GeneratedMasks cnt = 16
21:05:25.284     0,952s       7ms  11820    GenerateTerrainTransitions Done
21:05:25.392     1,060s     108ms  11820    Load font started
21:05:25.432     1,100s      39ms  11820    Font load took 38ms
21:05:25.438     1,106s       6ms  11820    Read fonts is done
21:05:25.455     1,123s      17ms  11820    ReadGFX is done
21:05:25.466     1,134s      11ms  11820    Resource loading state - Menu
21:05:25.484     1,152s      18ms   6468    OpenAL init started
21:05:25.628     1,296s     144ms  11820    Music init done, 24 tracks found
                                      Loading campaign images.rxx for HKS
21:05:25.787     1,455s     159ms  16024    Custom - 1
21:05:25.794     1,462s       7ms  11820    Main menu init done
21:05:25.822     1,490s      28ms   6468    Pre-LoadSFX init ... done
21:05:25.829     1,497s       7ms   6468    ALC_MONO_SOURCES 255
21:05:25.836     1,504s       7ms   6468    ALC_STEREO_SOURCES 1
21:05:25.843     1,511s       7ms   6468    OpenAL init done
21:05:25.857     1,525s      14ms  11820    Check game folder 'E:\programowanie\projekty delphi\kam_expansion\' generic permissions: READ: granted; WRITE: granted; EXECUTE: granted; folder is writable: 
21:05:25.864     1,532s       7ms  11820    LoadGameResources ... AlphaShadows: True. Forced: True
21:05:25.871     1,539s       7ms  11820    TKMResSprites.LoadGameResources
21:05:25.878     1,546s       7ms  11820    [AsyncGameResLoader Thread] Started
21:05:25.891     1,559s      13ms  11820    Resource loading state - Game
21:05:25.899     1,567s       8ms  11820    ToggleFullscreen
21:05:25.905     1,573s       6ms  11820    Form Width/Height: 1040:853
21:05:25.911     1,579s       6ms  11820    Panel Width/Height: 1024:814
21:05:25.919     1,587s       8ms  21432    [AsyncGameResLoader Thread] RT = rxTrees Stage = lsLoad
21:05:25.926     1,594s       7ms  21432    [AsyncGameResLoader Thread] Start Load RXX 'Trees.rxx'
21:05:25.932     1,600s       6ms  21432    Load Sprites started
21:05:25.941     1,609s       9ms  21432    Trees - 1216
21:05:25.955     1,623s      14ms  11820    Saving dev settings to file 'kmr_dev.xml'
                                      Loading campaign images.rxx for KSN
21:05:25.993     1,661s      38ms  16024    Custom - 1
21:05:26.008     1,676s      15ms  11820    Saving dev settings to file 'kmr_dev.xml'
21:05:26.015     1,683s       7ms  11820    Game Load Done in 1720
                                      Loading campaign images.rxx for KSO
21:05:26.109     1,777s      94ms  16024    Custom - 1
                                      Loading campaign images.rxx for KSU
21:05:26.179     1,847s      70ms  16024    Custom - 1
21:05:26.186     1,854s       7ms  21432    Load Sprites Done
                                      Loading campaign images.rxx for OFL
21:05:26.229     1,897s      43ms  16024    Custom - 1
                                      Loading campaign images.rxx for OER
21:05:26.271     1,939s      42ms  16024    Custom - 1
21:05:26.285     1,953s      14ms  21432    [AsyncGameResLoader Thread] DONE Load RXX 'Trees.rxa'
21:05:26.293     1,961s       8ms  11820    [AsyncGameResLoader MainTh] [UpdateStateIdle] GenTextures RT = rxTrees Stage = lsGenMain
                                      Loading campaign images.rxx for TBK
21:05:26.308     1,976s      15ms  16024    Custom - 1
21:05:26.314     1,982s       6ms  11820    [AsyncGameResLoader MainTh] [UpdateStateIdle] DONE
21:05:26.321     1,989s       7ms  21432    [AsyncGameResLoader Thread] RT = rxTrees Stage = lsOverload
21:05:26.328     1,996s       7ms  21432    [AsyncGameResLoader Thread] OverloadFromFolder RT = rxTrees
                                      Loading campaign images.rxx for TPR
21:05:26.375     2,043s      47ms  16024    Custom - 1
21:05:26.389     2,057s      14ms  21432    [AsyncGameResLoader Thread] DONE OverloadFromFolder RT = rxTrees
21:05:26.400     2,068s      11ms  11820    [AsyncGameResLoader MainTh] [UpdateStateIdle] GenTextures RT = rxTrees Stage = lsGenOverload
21:05:26.407     2,076s       8ms  11820    [AsyncGameResLoader MainTh] [UpdateStateIdle] DONE
21:05:26.414     2,082s       6ms  21432    [AsyncGameResLoader Thread] RT = rxHouses Stage = lsLoad
21:05:26.421     2,089s       7ms  21432    [AsyncGameResLoader Thread] Start Load RXX 'Houses.rxx'
21:05:26.427     2,095s       6ms  21432    Load Sprites started
                                      Loading campaign images.rxx for TSK
21:05:26.440     2,108s      13ms  21432    Houses - 2709
21:05:26.446     2,114s       6ms  16024    Custom - 1
                                      Loading campaign images.rxx for TUA
21:05:26.500     2,168s      54ms  16024    Custom - 1
                                      Loading campaign images.rxx for TMR
21:05:26.648     2,316s     148ms  16024    Custom - 1
21:05:26.673     2,341s      25ms  21432    Load Sprites Done
21:05:26.830     2,498s     157ms  21432    [AsyncGameResLoader Thread] DONE Load RXX 'Houses.rxa'
21:05:26.836     2,504s       6ms  11820    [AsyncGameResLoader MainTh] [UpdateStateIdle] GenTextures RT = rxHouses Stage = lsGenMain
21:05:26.851     2,519s      14ms  11820    [AsyncGameResLoader MainTh] [UpdateStateIdle] DONE
21:05:26.858     2,526s       7ms  21432    [AsyncGameResLoader Thread] RT = rxHouses Stage = lsOverload
21:05:26.864     2,532s       6ms  21432    [AsyncGameResLoader Thread] OverloadFromFolder RT = rxHouses
21:05:27.034     2,702s     170ms  21432    [AsyncGameResLoader Thread] DONE OverloadFromFolder RT = rxHouses
21:05:27.042     2,710s       8ms  11820    [AsyncGameResLoader MainTh] [UpdateStateIdle] GenTextures RT = rxHouses Stage = lsGenOverload
21:05:27.048     2,716s       6ms  11820    [AsyncGameResLoader MainTh] [UpdateStateIdle] DONE
21:05:27.055     2,723s       7ms  21432    [AsyncGameResLoader Thread] RT = rxUnits Stage = lsLoad
21:05:27.061     2,729s       6ms  21432    [AsyncGameResLoader Thread] Start Load RXX 'Units.rxx'
21:05:27.067     2,735s       6ms  21432    Load Sprites started
21:05:27.074     2,742s       7ms  21432    Units - 14845
21:05:28.577     4,245s    1503ms  21432    Load Sprites Done
21:05:29.692     5,361s    1116ms  21432    [AsyncGameResLoader Thread] DONE Load RXX 'Units.rxa'
21:05:29.701     5,369s       8ms  11820    [AsyncGameResLoader MainTh] [UpdateStateIdle] GenTextures RT = rxUnits Stage = lsGenMain
21:05:29.775     5,443s      74ms  11820    [AsyncGameResLoader MainTh] [UpdateStateIdle] DONE
21:05:29.782     5,450s       7ms  21432    [AsyncGameResLoader Thread] RT = rxUnits Stage = lsOverload
21:05:29.790     5,458s       8ms  21432    [AsyncGameResLoader Thread] OverloadFromFolder RT = rxUnits
21:05:30.844     6,512s    1054ms  21432    [AsyncGameResLoader Thread] DONE OverloadFromFolder RT = rxUnits
21:05:30.851     6,519s       7ms  11820    [AsyncGameResLoader MainTh] [UpdateStateIdle] GenTextures RT = rxUnits Stage = lsGenOverload
21:05:30.867     6,535s      16ms  11820    [AsyncGameResLoader Thread] Stopped
21:05:30.874     6,542s       7ms  11820    [AsyncGameResLoader MainTh] [UpdateStateIdle] DONE
