   Timestamp    Elapsed     Delta  Thread    Description
========================
    Date: 2024.12.26
========================
13:58:42.177     0,006s       6ms  14472    Log is up and running. Game version: KaM Expansion: Co-op & World Update
13:58:42.184     0,013s       7ms  14472    Game Load started
13:58:42.193     0,022s       9ms  14472    Start loading 'GameApp settings' from 'C:\Users\szyby\OneDrive\Dokumenty\My Games\Knights and Merchants Remake\KaM Remake Settings KingDyronMod.xml'
13:58:42.198     0,027s       5ms  14472    'GameApp settings' was successfully loaded from 'C:\Users\szyby\OneDrive\Dokumenty\My Games\Knights and Merchants Remake\KaM Remake Settings KingDyronMod.xml'
13:58:42.213     0,044s       6ms  14472    Start saving 'GameApp settings' to 'C:\Users\szyby\OneDrive\Dokumenty\My Games\Knights and Merchants Remake\KaM Remake Settings KingDyronMod.xml'
00951d44 KaM_Expansion.exe KM_Settings        106 TKMSettings.SaveToDefaultFile
00951e17 KaM_Expansion.exe KM_Settings        113 TKMSettings.SaveToDefaultFile
00951a15 KaM_Expansion.exe KM_Settings         59 TKMSettings.Create
00952152 KaM_Expansion.exe KM_SettingsXML      38 TKMSettingsXML.Create
00952493 KaM_Expansion.exe KM_GameAppSettings  51 TKMGameAppSettings.Create
00b6a958 KaM_Expansion.exe KM_Main            258 TKMMain.Start
00b6abdc KaM_Expansion.exe KM_Main            305 TKMMain.Start
00de6b2b KaM_Expansion.exe KaM_Expansion      479 initialization
00de6b5a KaM_Expansion.exe KaM_Expansion      482 initialization
75e37ba7 KERNEL32.DLL                             BaseThreadInitThunk

13:58:42.251     0,081s      37ms  14472    'GameApp settings' was successfully saved to 'C:\Users\szyby\OneDrive\Dokumenty\My Games\Knights and Merchants Remake\KaM Remake Settings KingDyronMod.xml'
13:58:42.323     0,153s      72ms  14472    Start loading 'Server settings' from 'C:\Users\szyby\OneDrive\Dokumenty\My Games\Knights and Merchants Remake\KaM Remake Server Settings.ini'
13:58:42.329     0,159s       6ms  14472    'Server settings' was successfully loaded from 'C:\Users\szyby\OneDrive\Dokumenty\My Games\Knights and Merchants Remake\KaM Remake Server Settings.ini'
13:58:42.334     0,164s       5ms  14472    Start saving 'Server settings' to 'C:\Users\szyby\OneDrive\Dokumenty\My Games\Knights and Merchants Remake\KaM Remake Server Settings.ini'
00951d44 KaM_Expansion.exe KM_Settings       106 TKMSettings.SaveToDefaultFile
00951e17 KaM_Expansion.exe KM_Settings       113 TKMSettings.SaveToDefaultFile
00951a15 KaM_Expansion.exe KM_Settings        59 TKMSettings.Create
00a93bd0 KaM_Expansion.exe KM_ServerSettings 109 TKMServerSettings.Create
00b5fcd8 KaM_Expansion.exe KM_GameApp        213 TKMGameApp.Create
00b6012a KaM_Expansion.exe KM_GameApp        295 TKMGameApp.Create
00b6bc02 KaM_Expansion.exe KM_Main           635 TKMMain.ReinitRender
00b6be0e KaM_Expansion.exe KM_Main           689 TKMMain.ReinitRender
00b6aa6e KaM_Expansion.exe KM_Main           281 TKMMain.Start
00b6abdc KaM_Expansion.exe KM_Main           305 TKMMain.Start
00de6b2b KaM_Expansion.exe KaM_Expansion     479 initialization
00de6b5a KaM_Expansion.exe KaM_Expansion     482 initialization
75e37ba7 KERNEL32.DLL                            BaseThreadInitThunk

13:58:42.346     0,176s      12ms  14472    'Server settings' was successfully saved to 'C:\Users\szyby\OneDrive\Dokumenty\My Games\Knights and Merchants Remake\KaM Remake Server Settings.ini'
13:58:42.352     0,182s       6ms  14472    Init Render started
13:58:42.490     0,320s     138ms  14472    GL_MAX_TEXTURE_SIZE = 32768
13:58:42.496     0,326s       6ms  14472    GL_MAX_VIEWPORT_DIM = 32768
                                      OpenGL Vendor: NVIDIA Corporation
                                      OpenGL Renderer: NVIDIA GeForce RTX 3060 Ti/PCIe/SSE2
                                      OpenGL Version: 4.6.0 NVIDIA 560.81
13:58:42.519     0,349s      23ms  14472    Init Render Done
13:58:42.525     0,355s       6ms  14472    Resource loading state - None
13:58:42.531     0,361s       6ms  14472    Reading palettes ... done
13:58:42.586     0,416s      55ms  14472    Reading GUI.rx
13:58:42.592     0,422s       6ms  14472    Load Sprites started
13:58:42.598     0,428s       6ms  14472    GUI - 965
13:58:42.626     0,456s      28ms  14472    Load Sprites Done
13:58:42.662     0,492s      36ms  14472    Reading GUIMain.rx
13:58:42.668     0,498s       6ms  14472    Load Sprites started
13:58:42.673     0,503s       5ms  14472    GUIMain - 105
13:58:42.725     0,555s      52ms  14472    Load Sprites Done
13:58:42.779     0,609s      54ms  14472    Reading Tileset.rx
13:58:42.785     0,615s       6ms  14472    Load Sprites started
13:58:42.791     0,621s       6ms  14472    Tileset - 5449
13:58:42.810     0,640s      19ms  14472    Load Sprites Done
13:58:42.816     0,646s       6ms  14472    GenerateTerrainTransitions started. Legacy = False
13:58:42.822     0,652s       6ms  14472    TexId = 5451 GenTilesCnt = 2030
13:58:42.828     0,658s       6ms  14472    TexId = 6031; TexId - fGenTexIdStartI = 580; uniqueTex = 580; totalTex = 1305
13:58:42.834     0,664s       6ms  14472    GeneratedMasks cnt = 20
13:58:42.840     0,670s       6ms  14472    GenerateTerrainTransitions Done
13:58:42.845     0,675s       5ms  14472    GenerateTerrainTransitions started. Legacy = True
13:58:42.851     0,681s       6ms  14472    Legacy: TexId = 4999 GenTilesCntTemp = 1960
13:58:42.856     0,686s       5ms  14472    TexId = 5447; TexId - fGenTexIdStartILegacy = 448; uniqueTex = 448; totalTex = 1008
13:58:42.862     0,692s       6ms  14472    GeneratedMasks cnt = 16
13:58:42.868     0,698s       6ms  14472    GenerateTerrainTransitions Done
13:58:43.188     1,018s     320ms  14472    Load font started
13:58:43.255     1,085s      67ms  14472    Font load took 67ms
13:58:43.261     1,091s       6ms  14472    Read fonts is done
13:58:43.293     1,123s      32ms  14472    ReadGFX is done
13:58:43.300     1,130s       7ms  14472    Resource loading state - Menu
13:58:43.318     1,148s      18ms   9800    OpenAL init started
13:58:43.724     1,554s     406ms  14472    Music init done, 24 tracks found
                                      Loading campaign images.rxx for HKS
13:58:43.749     1,579s      25ms  16136    Custom - 1
13:58:43.759     1,589s      10ms  14472    Main menu init done
13:58:43.766     1,595s       6ms   9800    Pre-LoadSFX init ... done
13:58:43.772     1,601s       6ms   9800    ALC_MONO_SOURCES 255
13:58:43.778     1,607s       6ms   9800    ALC_STEREO_SOURCES 1
13:58:43.783     1,613s       6ms   9800    OpenAL init done
13:58:43.796     1,626s      13ms  14472    Check game folder 'E:\programowanie\projekty delphi\kam_expansion\' generic permissions: READ: granted; WRITE: granted; EXECUTE: granted; folder is writable: 
13:58:43.802     1,632s       6ms  14472    LoadGameResources ... AlphaShadows: True. Forced: True
13:58:43.807     1,637s       5ms  14472    TKMResSprites.LoadGameResources
13:58:43.814     1,644s       7ms  14472    [AsyncGameResLoader Thread] Started
13:58:43.819     1,649s       5ms  14472    Resource loading state - Game
13:58:43.825     1,655s       5ms  14472    ToggleFullscreen
13:58:43.830     1,660s       5ms  14472    Form Width/Height: 1040:830
13:58:43.836     1,666s       6ms  14472    Panel Width/Height: 1024:791
13:58:43.841     1,671s       5ms   2272    [AsyncGameResLoader Thread] RT = rxTrees Stage = lsLoad
13:58:43.847     1,677s       6ms   2272    [AsyncGameResLoader Thread] Start Load RXX 'Trees.rxx'
13:58:43.853     1,683s       6ms   2272    Load Sprites started
13:58:43.860     1,690s       7ms   2272    Trees - 1214
13:58:43.875     1,705s      15ms  14472    Saving dev settings to file 'kmr_dev.xml'
                                      Loading campaign images.rxx for KSN
13:58:43.893     1,722s      17ms  16136    Custom - 1
13:58:43.942     1,771s      49ms  14472    Saving dev settings to file 'kmr_dev.xml'
13:58:43.948     1,777s       6ms  14472    Game Load Done in 1800
                                      Loading campaign images.rxx for KSO
13:58:43.978     1,808s      31ms  16136    Custom - 1
                                      Loading campaign images.rxx for KSU
13:58:44.046     1,876s      68ms  16136    Custom - 1
13:58:44.052     1,882s       6ms   2272    Load Sprites Done
                                      Loading campaign images.rxx for OFL
13:58:44.101     1,931s      49ms  16136    Custom - 1
                                      Loading campaign images.rxx for OER
13:58:44.154     1,984s      53ms  16136    Custom - 1
13:58:44.159     1,989s       5ms   2272    [AsyncGameResLoader Thread] DONE Load RXX 'Trees.rxa'
13:58:44.184     2,014s      25ms  14472    [AsyncGameResLoader MainTh] [UpdateStateIdle] GenTextures RT = rxTrees Stage = lsGenMain
                                      Loading campaign images.rxx for TBK
13:58:44.200     2,030s      16ms  16136    Custom - 1
13:58:44.207     2,037s       7ms  14472    [AsyncGameResLoader MainTh] [UpdateStateIdle] DONE
13:58:44.214     2,043s       6ms   2272    [AsyncGameResLoader Thread] RT = rxTrees Stage = lsOverload
13:58:44.219     2,048s       5ms   2272    [AsyncGameResLoader Thread] OverloadFromFolder RT = rxTrees
13:58:44.228     2,058s      10ms   2272    [AsyncGameResLoader Thread] DONE OverloadFromFolder RT = rxTrees
13:58:44.246     2,076s      18ms  14472    [AsyncGameResLoader MainTh] [UpdateStateIdle] GenTextures RT = rxTrees Stage = lsGenOverload
13:58:44.251     2,081s       5ms  14472    [AsyncGameResLoader MainTh] [UpdateStateIdle] DONE
13:58:44.259     2,089s       8ms   2272    [AsyncGameResLoader Thread] RT = rxHouses Stage = lsLoad
13:58:44.265     2,095s       6ms   2272    [AsyncGameResLoader Thread] Start Load RXX 'Houses.rxx'
13:58:44.271     2,101s       6ms   2272    Load Sprites started
                                      Loading campaign images.rxx for TPR
13:58:44.287     2,117s      16ms   2272    Houses - 2582
13:58:44.292     2,122s       5ms  16136    Custom - 1
                                      Loading campaign images.rxx for TSK
13:58:44.330     2,160s      38ms  16136    Custom - 1
                                      Loading campaign images.rxx for TUA
13:58:44.365     2,195s      35ms  16136    Custom - 1
                                      Loading campaign images.rxx for TMR
13:58:44.513     2,343s     148ms  16136    Custom - 1
13:58:45.585     3,415s    1072ms   2272    Load Sprites Done
13:58:45.714     3,544s     129ms   2272    [AsyncGameResLoader Thread] DONE Load RXX 'Houses.rxa'
13:58:45.722     3,551s       7ms  14472    [AsyncGameResLoader MainTh] [UpdateStateIdle] GenTextures RT = rxHouses Stage = lsGenMain
13:58:45.746     3,576s      25ms  14472    [AsyncGameResLoader MainTh] [UpdateStateIdle] DONE
13:58:45.753     3,583s       7ms   2272    [AsyncGameResLoader Thread] RT = rxHouses Stage = lsOverload
13:58:45.759     3,589s       6ms   2272    [AsyncGameResLoader Thread] OverloadFromFolder RT = rxHouses
13:58:45.915     3,745s     156ms   2272    [AsyncGameResLoader Thread] DONE OverloadFromFolder RT = rxHouses
13:58:45.922     3,751s       6ms  14472    [AsyncGameResLoader MainTh] [UpdateStateIdle] GenTextures RT = rxHouses Stage = lsGenOverload
13:58:45.928     3,757s       6ms  14472    [AsyncGameResLoader MainTh] [UpdateStateIdle] DONE
13:58:45.933     3,763s       6ms   2272    [AsyncGameResLoader Thread] RT = rxUnits Stage = lsLoad
13:58:45.939     3,769s       6ms   2272    [AsyncGameResLoader Thread] Start Load RXX 'Units.rxx'
13:58:45.945     3,774s       5ms   2272    Load Sprites started
13:58:45.951     3,780s       6ms   2272    Units - 14842
13:58:48.211     6,041s    2261ms   2272    Load Sprites Done
13:58:49.288     7,117s    1076ms   2272    [AsyncGameResLoader Thread] DONE Load RXX 'Units.rxa'
13:58:49.300     7,130s      13ms  14472    [AsyncGameResLoader MainTh] [UpdateStateIdle] GenTextures RT = rxUnits Stage = lsGenMain
13:58:49.374     7,204s      74ms  14472    [AsyncGameResLoader MainTh] [UpdateStateIdle] DONE
13:58:49.380     7,210s       6ms   2272    [AsyncGameResLoader Thread] RT = rxUnits Stage = lsOverload
13:58:49.387     7,217s       7ms   2272    [AsyncGameResLoader Thread] OverloadFromFolder RT = rxUnits
13:58:50.413     8,243s    1026ms   2272    [AsyncGameResLoader Thread] DONE OverloadFromFolder RT = rxUnits
13:58:50.420     8,250s       7ms  14472    [AsyncGameResLoader MainTh] [UpdateStateIdle] GenTextures RT = rxUnits Stage = lsGenOverload
13:58:50.425     8,255s       5ms  14472    [AsyncGameResLoader Thread] Stopped
13:58:50.430     8,260s       5ms  14472    [AsyncGameResLoader MainTh] [UpdateStateIdle] DONE
13:59:23.566    41,396s   33136ms  14472    LoadGameResources ... AlphaShadows: True. Forced: False
13:59:23.574    41,404s       8ms  14472    Resource loading state - Game
13:59:23.600    41,430s      26ms  14472    Saving dev settings to file 'kmr_dev.xml'
13:59:23.656    41,486s      55ms  14472    <== Game creation is done ==>
13:59:23.662    41,492s       6ms  14472    GameStart
13:59:23.667    41,497s       5ms  14472    Loading DAT file: E:\programowanie\projekty delphi\kam_expansion\Maps\Nowa Misja\Nowa Misja.dat
13:59:23.673    41,503s       6ms  14472    Loading map file: E:\programowanie\projekty delphi\kam_expansion\Maps\Nowa Misja\Nowa Misja.map
13:59:23.685    41,515s      12ms  14472    Map file loaded
13:59:23.718    41,548s      33ms  14472    Gameplay recording initialized ... done
13:59:23.724    41,553s       5ms  14472    Game options: PT = 0; SpeedPT = 1; SpeedAfterPT = 1; Seed = 0; Difficulty = mdNone
13:59:23.730    41,559s       6ms  14472    Gameplay initialized ... done
13:59:23.735    41,565s       6ms  14472    After game start
13:59:23.754    41,584s      19ms  14472    Set game seed: 62977091
13:59:23.760    41,590s       6ms  14472    Saving game at tick 0 to 'E:\programowanie\projekty delphi\kam_expansion\Saves\basesave\basesave.bas'
13:59:23.767    41,597s       7ms  14472    Script: "Size": {"X": 2, "Y": 1},|"Tiles": [|	{"Tile": [1, 693, 0, 255]},      {"Tile": [1, 693, 2, 255]}       |]
13:59:23.775    41,605s       8ms  14472    After game start ... done
13:59:34.587    52,417s   10812ms  14472    Issue gicGameAutoSave command at tick 600
13:59:34.594    52,424s       6ms  14472    Saving game at tick 600 to 'E:\programowanie\projekty delphi\kam_expansion\Saves\autosave\autosave.sav'
13:59:40.589    58,418s    5994ms  14472    Issue gicGameAutoSave command at tick 1200
13:59:40.594    58,424s       6ms  14472    Saving game at tick 1200 to 'E:\programowanie\projekty delphi\kam_expansion\Saves\autosave\autosave.sav'
14:00:24.920   102,750s   44326ms  14472    Issue gicGameAutoSave command at tick 1800
14:00:24.927   102,757s       7ms  14472    Saving game at tick 1800 to 'E:\programowanie\projekty delphi\kam_expansion\Saves\autosave\autosave.sav'
14:00:29.059   106,889s    4131ms  14472    Issue gicGameAutoSave command at tick 2400
14:00:29.065   106,895s       6ms  14472    Saving game at tick 2400 to 'E:\programowanie\projekty delphi\kam_expansion\Saves\autosave\autosave.sav'
14:00:30.057   107,887s     992ms  14472    Warning: HouseUnoccupiedMsgId for house type ord=55 could not be determined.
14:00:30.066   107,896s       9ms  14472    Issue gicGameAutoSave command at tick 3000
14:00:30.071   107,901s       5ms  14472    Saving game at tick 3000 to 'E:\programowanie\projekty delphi\kam_expansion\Saves\autosave\autosave.sav'
14:01:03.552   141,382s   33481ms  14472    Issue gicGameAutoSave command at tick 3600
14:01:03.560   141,390s       8ms  14472    Saving game at tick 3600 to 'E:\programowanie\projekty delphi\kam_expansion\Saves\autosave\autosave.sav'
14:02:03.553   201,383s   59993ms  14472    Issue gicGameAutoSave command at tick 4200
14:02:03.560   201,390s       7ms  14472    Saving game at tick 4200 to 'E:\programowanie\projekty delphi\kam_expansion\Saves\autosave\autosave.sav'
14:02:26.291   224,121s   22731ms  14472    Saving dev settings to file 'kmr_dev.xml'
14:02:26.961   224,791s     670ms  14472    Stopping game application...
14:02:26.967   224,797s       6ms  14472    Gameplay ended - grSilent /
14:02:26.973   224,803s       6ms  14472    Start saving 'Server settings' to 'C:\Users\szyby\OneDrive\Dokumenty\My Games\Knights and Merchants Remake\KaM Remake Server Settings.ini'
00951d44 KaM_Expansion.exe KM_Settings        106 TKMSettings.SaveToDefaultFile
00951e17 KaM_Expansion.exe KM_Settings        113 TKMSettings.SaveToDefaultFile
00951a50 KaM_Expansion.exe KM_Settings         65 TKMSettings.Destroy
00a93c16 KaM_Expansion.exe KM_ServerSettings  117 TKMServerSettings.Destroy
003ba764 KaM_Expansion.exe System              20 TObject.Free
006897f0 KaM_Expansion.exe KromUtils          281 FreeThenNil
00b60387 KaM_Expansion.exe KM_GameApp         330 TKMGameApp.Destroy
003ba764 KaM_Expansion.exe System              20 TObject.Free
006897f0 KaM_Expansion.exe KromUtils          281 FreeThenNil
00b6b01d KaM_Expansion.exe KM_Main            376 TKMMain.Stop
00b6b0fc KaM_Expansion.exe KM_Main            405 TKMMain.Stop
00dd1b8d KaM_Expansion.exe KM_FormMain       2212 TFormMain.FormClose
006336a7 KaM_Expansion.exe Vcl.Forms              TCustomForm.DoClose
00639095 KaM_Expansion.exe Vcl.Forms              TCustomForm.Close
00637cd4 KaM_Expansion.exe Vcl.Forms              TCustomForm.WMClose
00582cfa KaM_Expansion.exe Vcl.Controls           TControl.WndProc
00587ec1 KaM_Expansion.exe Vcl.Controls           TWinControl.WndProc
006342e8 KaM_Expansion.exe Vcl.Forms              TCustomForm.WndProc
00634303 KaM_Expansion.exe Vcl.Forms              TCustomForm.WndProc
00dd1679 KaM_Expansion.exe KM_FormMain       2051 TFormMain.WndProc

14:02:26.994   224,824s      21ms  14472    'Server settings' was successfully saved to 'C:\Users\szyby\OneDrive\Dokumenty\My Games\Knights and Merchants Remake\KaM Remake Server Settings.ini'
14:02:27.215   225,045s     221ms  14472    Start saving 'GameApp settings' to 'C:\Users\szyby\OneDrive\Dokumenty\My Games\Knights and Merchants Remake\KaM Remake Settings KingDyronMod.xml'
00951d44 KaM_Expansion.exe KM_Settings         106 TKMSettings.SaveToDefaultFile
00951e17 KaM_Expansion.exe KM_Settings         113 TKMSettings.SaveToDefaultFile
00951a50 KaM_Expansion.exe KM_Settings          65 TKMSettings.Destroy
009521aa KaM_Expansion.exe KM_SettingsXML       44 TKMSettingsXML.Destroy
009524d6 KaM_Expansion.exe KM_GameAppSettings   57 TKMGameAppSettings.Destroy
003ba764 KaM_Expansion.exe System               20 TObject.Free
006897f0 KaM_Expansion.exe KromUtils           281 FreeThenNil
00b6b027 KaM_Expansion.exe KM_Main             378 TKMMain.Stop
00b6b0fc KaM_Expansion.exe KM_Main             405 TKMMain.Stop
00dd1b8d KaM_Expansion.exe KM_FormMain        2212 TFormMain.FormClose
006336a7 KaM_Expansion.exe Vcl.Forms               TCustomForm.DoClose
00639095 KaM_Expansion.exe Vcl.Forms               TCustomForm.Close
00637cd4 KaM_Expansion.exe Vcl.Forms               TCustomForm.WMClose
00582cfa KaM_Expansion.exe Vcl.Controls            TControl.WndProc
00587ec1 KaM_Expansion.exe Vcl.Controls            TWinControl.WndProc
006342e8 KaM_Expansion.exe Vcl.Forms               TCustomForm.WndProc
00634303 KaM_Expansion.exe Vcl.Forms               TCustomForm.WndProc
00dd1679 KaM_Expansion.exe KM_FormMain        2051 TFormMain.WndProc
005873cc KaM_Expansion.exe Vcl.Controls            TWinControl.MainWndProc
005873e7 KaM_Expansion.exe Vcl.Controls            TWinControl.MainWndProc

14:02:27.229   225,059s      14ms  14472    'GameApp settings' was successfully saved to 'C:\Users\szyby\OneDrive\Dokumenty\My Games\Knights and Merchants Remake\KaM Remake Settings KingDyronMod.xml'
