   Timestamp    Elapsed     Delta  Thread    Description
========================
    Date: 2024.12.28
========================
20:42:01.001     0,001s       1ms   4156    Log is up and running. Game version: KaM Expansion: Co-op & World Update
20:42:01.006     0,006s       5ms   4156    Game Load started
20:42:01.018     0,018s      12ms   4156    Start loading 'GameApp settings' from 'C:\Users\szyby\OneDrive\Dokumenty\My Games\Knights and Merchants Remake\KaM Remake Settings KingDyronMod.xml'
20:42:01.023     0,023s       5ms   4156    'GameApp settings' was successfully loaded from 'C:\Users\szyby\OneDrive\Dokumenty\My Games\Knights and Merchants Remake\KaM Remake Settings KingDyronMod.xml'
20:42:01.035     0,035s       5ms   4156    Start saving 'GameApp settings' to 'C:\Users\szyby\OneDrive\Dokumenty\My Games\Knights and Merchants Remake\KaM Remake Settings KingDyronMod.xml'
00f6227c KaM_Expansion.exe KM_Settings        106 TKMSettings.SaveToDefaultFile
00f6234f KaM_Expansion.exe KM_Settings        113 TKMSettings.SaveToDefaultFile
00f61f4d KaM_Expansion.exe KM_Settings         59 TKMSettings.Create
00f6268a KaM_Expansion.exe KM_SettingsXML      38 TKMSettingsXML.Create
00f629cb KaM_Expansion.exe KM_GameAppSettings  51 TKMGameAppSettings.Create
0117c250 KaM_Expansion.exe KM_Main            258 TKMMain.Start
0117c4d4 KaM_Expansion.exe KM_Main            305 TKMMain.Start
01401b2b KaM_Expansion.exe KaM_Expansion      479 initialization
01401b5a KaM_Expansion.exe KaM_Expansion      482 initialization
76df7ba7 KERNEL32.DLL                             BaseThreadInitThunk

20:42:01.074     0,074s      39ms   4156    'GameApp settings' was successfully saved to 'C:\Users\szyby\OneDrive\Dokumenty\My Games\Knights and Merchants Remake\KaM Remake Settings KingDyronMod.xml'
20:42:01.099     0,099s      25ms   4156    Start loading 'Server settings' from 'C:\Users\szyby\OneDrive\Dokumenty\My Games\Knights and Merchants Remake\KaM Remake Server Settings.ini'
20:42:01.106     0,106s       7ms   4156    'Server settings' was successfully loaded from 'C:\Users\szyby\OneDrive\Dokumenty\My Games\Knights and Merchants Remake\KaM Remake Server Settings.ini'
20:42:01.113     0,113s       7ms   4156    Start saving 'Server settings' to 'C:\Users\szyby\OneDrive\Dokumenty\My Games\Knights and Merchants Remake\KaM Remake Server Settings.ini'
00f6227c KaM_Expansion.exe KM_Settings       106 TKMSettings.SaveToDefaultFile
00f6234f KaM_Expansion.exe KM_Settings       113 TKMSettings.SaveToDefaultFile
00f61f4d KaM_Expansion.exe KM_Settings        59 TKMSettings.Create
010a54c8 KaM_Expansion.exe KM_ServerSettings 109 TKMServerSettings.Create
011715d0 KaM_Expansion.exe KM_GameApp        213 TKMGameApp.Create
01171a22 KaM_Expansion.exe KM_GameApp        295 TKMGameApp.Create
0117d4fa KaM_Expansion.exe KM_Main           635 TKMMain.ReinitRender
0117d706 KaM_Expansion.exe KM_Main           689 TKMMain.ReinitRender
0117c366 KaM_Expansion.exe KM_Main           281 TKMMain.Start
0117c4d4 KaM_Expansion.exe KM_Main           305 TKMMain.Start
01401b2b KaM_Expansion.exe KaM_Expansion     479 initialization
01401b5a KaM_Expansion.exe KaM_Expansion     482 initialization
76df7ba7 KERNEL32.DLL                            BaseThreadInitThunk

20:42:01.126     0,126s      13ms   4156    'Server settings' was successfully saved to 'C:\Users\szyby\OneDrive\Dokumenty\My Games\Knights and Merchants Remake\KaM Remake Server Settings.ini'
20:42:01.135     0,134s       8ms   4156    Init Render started
20:42:01.279     0,279s     145ms   4156    GL_MAX_TEXTURE_SIZE = 32768
20:42:01.286     0,286s       7ms   4156    GL_MAX_VIEWPORT_DIM = 32768
                                      OpenGL Vendor: NVIDIA Corporation
                                      OpenGL Renderer: NVIDIA GeForce RTX 3060 Ti/PCIe/SSE2
                                      OpenGL Version: 4.6.0 NVIDIA 560.81
20:42:01.315     0,315s      29ms   4156    Init Render Done
20:42:01.321     0,321s       6ms   4156    Resource loading state - None
20:42:01.328     0,328s       7ms   4156    Reading palettes ... done
20:42:01.336     0,336s       8ms   4156    Reading GUI.rx
20:42:01.343     0,343s       7ms   4156    Load Sprites started
20:42:01.354     0,354s      11ms   4156    GUI - 966
20:42:01.378     0,378s      24ms   4156    Load Sprites Done
20:42:01.414     0,414s      36ms   4156    Reading GUIMain.rx
20:42:01.421     0,421s       7ms   4156    Load Sprites started
20:42:01.428     0,428s       7ms   4156    GUIMain - 105
20:42:01.489     0,489s      61ms   4156    Load Sprites Done
20:42:01.549     0,549s      60ms   4156    Reading Tileset.rx
20:42:01.556     0,556s       7ms   4156    Load Sprites started
20:42:01.564     0,563s       7ms   4156    Tileset - 5449
20:42:01.582     0,582s      19ms   4156    Load Sprites Done
20:42:01.588     0,588s       6ms   4156    GenerateTerrainTransitions started. Legacy = False
20:42:01.595     0,595s       7ms   4156    TexId = 5451 GenTilesCnt = 2100
20:42:01.602     0,602s       7ms   4156    TexId = 6051; TexId - fGenTexIdStartI = 600; uniqueTex = 600; totalTex = 1350
20:42:01.608     0,608s       6ms   4156    GeneratedMasks cnt = 20
20:42:01.615     0,615s       7ms   4156    GenerateTerrainTransitions Done
20:42:01.621     0,621s       6ms   4156    GenerateTerrainTransitions started. Legacy = True
20:42:01.628     0,628s       7ms   4156    Legacy: TexId = 4999 GenTilesCntTemp = 2030
20:42:01.636     0,636s       8ms   4156    TexId = 5463; TexId - fGenTexIdStartILegacy = 464; uniqueTex = 464; totalTex = 1044
20:42:01.643     0,643s       7ms   4156    GeneratedMasks cnt = 16
20:42:01.649     0,649s       6ms   4156    GenerateTerrainTransitions Done
20:42:01.764     0,763s     114ms   4156    Load font started
20:42:01.803     0,802s      39ms   4156    Font load took 39ms
20:42:01.809     0,809s       7ms   4156    Read fonts is done
20:42:01.826     0,826s      17ms   4156    ReadGFX is done
20:42:01.835     0,834s       7ms   4156    Resource loading state - Menu
20:42:01.842     0,842s       8ms   9040    OpenAL init started
20:42:02.523     1,523s     681ms   4156    Music init done, 24 tracks found
                                      Loading campaign images.rxx for HKS
20:42:02.551     1,551s      28ms  16472    Custom - 1
20:42:02.558     1,558s       7ms   9040    Pre-LoadSFX init ... done
20:42:02.566     1,566s       8ms   9040    ALC_MONO_SOURCES 255
20:42:02.574     1,574s       8ms   9040    ALC_STEREO_SOURCES 1
20:42:02.581     1,581s       7ms   4156    Main menu init done
20:42:02.588     1,588s       7ms   9040    OpenAL init done
20:42:02.610     1,610s      22ms   4156    Check game folder 'E:\programowanie\projekty delphi\kam_expansion\' generic permissions: READ: granted; WRITE: granted; EXECUTE: granted; folder is writable: 
20:42:02.617     1,617s       6ms   4156    LoadGameResources ... AlphaShadows: True. Forced: True
20:42:02.624     1,624s       7ms   4156    TKMResSprites.LoadGameResources
20:42:02.632     1,632s       8ms   4156    [AsyncGameResLoader Thread] Started
20:42:02.639     1,639s       6ms   4156    Resource loading state - Game
20:42:02.646     1,646s       7ms   4156    ToggleFullscreen
20:42:02.652     1,652s       6ms   4156    Form Width/Height: 1040:876
20:42:02.658     1,658s       6ms   4156    Panel Width/Height: 764:794
20:42:02.665     1,665s       7ms  10480    [AsyncGameResLoader Thread] RT = rxTrees Stage = lsLoad
20:42:02.671     1,671s       6ms  10480    [AsyncGameResLoader Thread] Start Load RXX 'Trees.rxx'
20:42:02.680     1,680s       9ms  10480    Load Sprites started
20:42:02.686     1,686s       6ms  10480    Trees - 1216
20:42:02.870     1,870s     183ms  10480    Load Sprites Done
                                      Loading campaign images.rxx for KSN
20:42:02.966     1,966s      96ms  16472    Custom - 1
20:42:02.980     1,980s      14ms  10480    [AsyncGameResLoader Thread] DONE Load RXX 'Trees.rxa'
20:42:02.989     1,989s       9ms   4156    Saving dev settings to file 'kmr_dev.xml'
                                      Loading campaign images.rxx for KSO
20:42:03.039     2,039s      50ms  16472    Custom - 1
20:42:03.050     2,050s      11ms   4156    Saving dev settings to file 'kmr_dev.xml'
20:42:03.058     2,058s       8ms   4156    Game Load Done in 2085
20:42:03.082     2,082s      24ms   4156    [AsyncGameResLoader MainTh] [UpdateStateIdle] GenTextures RT = rxTrees Stage = lsGenMain
20:42:03.094     2,093s      11ms   4156    [AsyncGameResLoader MainTh] [UpdateStateIdle] DONE
20:42:03.101     2,101s       8ms  10480    [AsyncGameResLoader Thread] RT = rxTrees Stage = lsOverload
20:42:03.108     2,108s       6ms  10480    [AsyncGameResLoader Thread] OverloadFromFolder RT = rxTrees
                                      Loading campaign images.rxx for KSU
20:42:03.121     2,121s      13ms  16472    Custom - 1
                                      Loading campaign images.rxx for OFL
20:42:03.172     2,171s      50ms  16472    Custom - 1
20:42:03.180     2,180s       9ms  10480    [AsyncGameResLoader Thread] DONE OverloadFromFolder RT = rxTrees
20:42:03.196     2,195s      15ms   4156    [AsyncGameResLoader MainTh] [UpdateStateIdle] GenTextures RT = rxTrees Stage = lsGenOverload
20:42:03.202     2,202s       7ms   4156    [AsyncGameResLoader MainTh] [UpdateStateIdle] DONE
20:42:03.208     2,208s       6ms  10480    [AsyncGameResLoader Thread] RT = rxHouses Stage = lsLoad
                                      Loading campaign images.rxx for OER
20:42:03.221     2,221s      13ms  10480    [AsyncGameResLoader Thread] Start Load RXX 'Houses.rxx'
20:42:03.228     2,228s       6ms  10480    Load Sprites started
20:42:03.240     2,240s      12ms  16472    Custom - 1
20:42:03.249     2,249s       9ms  10480    Houses - 2709
                                      Loading campaign images.rxx for TBK
20:42:03.277     2,277s      27ms  16472    Custom - 1
                                      Loading campaign images.rxx for TPR
20:42:03.355     2,355s      78ms  16472    Custom - 1
                                      Loading campaign images.rxx for TSK
20:42:03.428     2,428s      73ms  16472    Custom - 1
                                      Loading campaign images.rxx for TUA
20:42:03.478     2,478s      50ms  16472    Custom - 1
20:42:03.492     2,492s      14ms  10480    Load Sprites Done
                                      Loading campaign images.rxx for TMR
20:42:03.636     2,636s     144ms  16472    Custom - 1
20:42:03.645     2,645s       9ms  10480    [AsyncGameResLoader Thread] DONE Load RXX 'Houses.rxa'
20:42:03.658     2,658s      13ms   4156    [AsyncGameResLoader MainTh] [UpdateStateIdle] GenTextures RT = rxHouses Stage = lsGenMain
20:42:03.672     2,672s      14ms   4156    [AsyncGameResLoader MainTh] [UpdateStateIdle] DONE
20:42:03.680     2,679s       7ms  10480    [AsyncGameResLoader Thread] RT = rxHouses Stage = lsOverload
20:42:03.686     2,685s       6ms  10480    [AsyncGameResLoader Thread] OverloadFromFolder RT = rxHouses
20:42:03.853     2,853s     168ms  10480    [AsyncGameResLoader Thread] DONE OverloadFromFolder RT = rxHouses
20:42:03.879     2,878s      24ms   4156    [AsyncGameResLoader MainTh] [UpdateStateIdle] GenTextures RT = rxHouses Stage = lsGenOverload
20:42:03.885     2,885s       7ms   4156    [AsyncGameResLoader MainTh] [UpdateStateIdle] DONE
20:42:03.892     2,892s       7ms  10480    [AsyncGameResLoader Thread] RT = rxUnits Stage = lsLoad
20:42:03.900     2,899s       7ms  10480    [AsyncGameResLoader Thread] Start Load RXX 'Units.rxx'
20:42:03.906     2,905s       6ms  10480    Load Sprites started
20:42:03.912     2,912s       7ms  10480    Units - 14845
20:42:05.393     4,393s    1481ms   4156    LoadGameResources ... AlphaShadows: True. Forced: False
20:42:05.401     4,401s       8ms   4156    TKMResSprites.LoadGameResources
20:42:05.463     4,463s      62ms  10480    Load Sprites Done
20:42:06.596     5,595s    1132ms  10480    [AsyncGameResLoader Thread] DONE Load RXX 'Units.rxa'
20:42:06.604     5,604s       9ms   4156    [AsyncGameResLoader MainTh] [LoadGameResources] GenTextures RT = rxUnits Stage = lsGenMain
20:42:06.671     5,671s      67ms   4156    [AsyncGameResLoader MainTh] [LoadGameResources] DONE
20:42:06.680     5,680s       9ms  10480    [AsyncGameResLoader Thread] RT = rxUnits Stage = lsOverload
20:42:06.686     5,686s       6ms  10480    [AsyncGameResLoader Thread] OverloadFromFolder RT = rxUnits
20:42:07.770     6,769s    1081ms  10480    [AsyncGameResLoader Thread] DONE OverloadFromFolder RT = rxUnits
20:42:07.778     6,777s       8ms   4156    [AsyncGameResLoader MainTh] [LoadGameResources] GenTextures RT = rxUnits Stage = lsGenOverload
20:42:07.786     6,786s       9ms   4156    [AsyncGameResLoader Thread] Stopped
20:42:07.791     6,791s       5ms   4156    [AsyncGameResLoader MainTh] [LoadGameResources] DONE
20:42:07.799     6,799s       7ms   4156    Resource loading state - Game
20:42:07.806     6,806s       7ms   4156    Saving dev settings to file 'kmr_dev.xml'
20:42:07.852     6,852s      46ms   4156    <== Game creation is done ==>
20:42:07.860     6,860s       8ms   4156    GameStart
20:42:07.868     6,868s       8ms   4156    Loading DAT file: E:\programowanie\projekty delphi\kam_expansion\Maps\Nowa Misja 2\Nowa Misja 2.dat
20:42:07.874     6,874s       6ms   4156    Loading map file: E:\programowanie\projekty delphi\kam_expansion\Maps\Nowa Misja 2\Nowa Misja 2.map
20:42:07.881     6,881s       7ms   4156    Map file loaded
20:42:07.896     6,896s      15ms   4156    Gameplay recording initialized ... done
20:42:07.902     6,902s       6ms   4156    Game options: PT = 0; SpeedPT = 1; SpeedAfterPT = 1; Seed = 0; Difficulty = mdNone
20:42:07.909     6,909s       7ms   4156    Gameplay initialized ... done
20:42:07.916     6,916s       7ms   4156    After game start
20:42:07.922     6,921s       5ms   4156    Set game seed: 607981438
20:42:07.929     6,929s       8ms   4156    Saving game at tick 0 to 'E:\programowanie\projekty delphi\kam_expansion\Saves\basesave\basesave.bas'
20:42:07.936     6,936s       7ms   4156    After game start ... done
20:42:17.332    16,332s    9396ms   4156    Gameplay ended - grCancel /
                                      Loading campaign images.rxx for HKS
20:42:18.238    17,238s     906ms  21136    Custom - 1
                                      Loading campaign images.rxx for KSN
20:42:18.329    17,329s      91ms  21136    Custom - 1
                                      Loading campaign images.rxx for KSO
20:42:18.413    17,413s      84ms  21136    Custom - 1
                                      Loading campaign images.rxx for KSU
20:42:18.474    17,474s      61ms  21136    Custom - 1
                                      Loading campaign images.rxx for OFL
20:42:18.528    17,527s      53ms  21136    Custom - 1
                                      Loading campaign images.rxx for OER
20:42:18.580    17,580s      53ms  21136    Custom - 1
                                      Loading campaign images.rxx for TBK
20:42:18.624    17,624s      44ms  21136    Custom - 1
                                      Loading campaign images.rxx for TPR
20:42:18.684    17,684s      60ms  21136    Custom - 1
                                      Loading campaign images.rxx for TSK
20:42:18.748    17,748s      64ms  21136    Custom - 1
20:42:18.760    17,760s      12ms   4156    LoadGameResources ... AlphaShadows: True. Forced: False
20:42:18.766    17,766s       6ms   4156    Resource loading state - Game
20:42:18.794    17,794s      28ms   4156    Saving dev settings to file 'kmr_dev.xml'
20:42:18.836    17,836s      42ms   4156    <== Game creation is done ==>
20:42:18.842    17,842s       6ms   4156    GameStart
20:42:18.849    17,849s       7ms   4156    Loading DAT file: E:\programowanie\projekty delphi\kam_expansion\Maps\Nowa Misja 2\Nowa Misja 2.dat
20:42:18.855    17,856s       7ms   4156    Loading map file: E:\programowanie\projekty delphi\kam_expansion\Maps\Nowa Misja 2\Nowa Misja 2.map
20:42:18.861    17,861s       5ms   4156    Map file loaded
20:42:19.026    18,026s     165ms   4156    Gameplay recording initialized ... done
20:42:19.034    18,034s       8ms   4156    Game options: PT = 0; SpeedPT = 1; SpeedAfterPT = 1; Seed = 0; Difficulty = mdNone
20:42:19.042    18,042s       8ms   4156    Gameplay initialized ... done
20:42:19.057    18,057s      15ms   4156    After game start
20:42:19.064    18,063s       6ms   4156    Set game seed: 364587597
20:42:19.070    18,070s       7ms   4156    After game start ... done
                                      Loading campaign images.rxx for TUA
20:42:19.097    18,097s      27ms  21136    Custom - 1
                                      Loading campaign images.rxx for TMR
20:42:19.251    18,251s     154ms  21136    Custom - 1
20:42:41.144    40,144s   21893ms   4156    Saving from map editor: E:\programowanie\projekty delphi\kam_expansion\Maps\Nowa Misja 2\Nowa Misja 2.dat
20:42:41.347    40,346s     202ms   4156    LoadGameResources ... AlphaShadows: True. Forced: False
20:42:41.355    40,355s       9ms   4156    Resource loading state - Game
20:42:41.377    40,377s      22ms   4156    Saving dev settings to file 'kmr_dev.xml'
20:42:41.434    40,434s      57ms   4156    <== Game creation is done ==>
20:42:41.441    40,440s       6ms   4156    GameStart
20:42:41.447    40,446s       6ms   4156    Loading DAT file: E:\programowanie\projekty delphi\kam_expansion\Maps\Nowa Misja 2\Nowa Misja 2.dat
20:42:41.453    40,453s       7ms   4156    Loading map file: E:\programowanie\projekty delphi\kam_expansion\Maps\Nowa Misja 2\Nowa Misja 2.map
20:42:41.459    40,459s       6ms   4156    Map file loaded
20:42:41.471    40,471s      12ms   4156    Gameplay recording initialized ... done
20:42:41.478    40,478s       7ms   4156    Game options: PT = 0; SpeedPT = 1; SpeedAfterPT = 1; Seed = 0; Difficulty = mdNone
20:42:41.484    40,484s       6ms   4156    Gameplay initialized ... done
20:42:41.490    40,490s       5ms   4156    After game start
20:42:41.496    40,496s       6ms   4156    Set game seed: 753125763
20:42:41.502    40,501s       5ms   4156    Saving game at tick 0 to 'E:\programowanie\projekty delphi\kam_expansion\Saves\basesave\basesave.bas'
20:42:41.509    40,509s       8ms   4156    After game start ... done
20:42:50.096    49,096s    8587ms   4156    Saving dev settings to file 'kmr_dev.xml'
20:42:51.071    50,071s     975ms   4156    Stopping game application...
20:42:51.080    50,080s       9ms   4156    Gameplay ended - grSilent /
20:42:51.086    50,086s       6ms   4156    Start saving 'Server settings' to 'C:\Users\szyby\OneDrive\Dokumenty\My Games\Knights and Merchants Remake\KaM Remake Server Settings.ini'
00f6227c KaM_Expansion.exe KM_Settings        106 TKMSettings.SaveToDefaultFile
00f6234f KaM_Expansion.exe KM_Settings        113 TKMSettings.SaveToDefaultFile
00f61f88 KaM_Expansion.exe KM_Settings         65 TKMSettings.Destroy
010a550e KaM_Expansion.exe KM_ServerSettings  117 TKMServerSettings.Destroy
009ca764 KaM_Expansion.exe System              20 TObject.Free
00c9980c KaM_Expansion.exe KromUtils          281 FreeThenNil
01171c7f KaM_Expansion.exe KM_GameApp         330 TKMGameApp.Destroy
009ca764 KaM_Expansion.exe System              20 TObject.Free
00c9980c KaM_Expansion.exe KromUtils          281 FreeThenNil
0117c915 KaM_Expansion.exe KM_Main            376 TKMMain.Stop
0117c9f4 KaM_Expansion.exe KM_Main            405 TKMMain.Stop
013ec551 KaM_Expansion.exe KM_FormMain       2212 TFormMain.FormClose
00c436a7 KaM_Expansion.exe Vcl.Forms              TCustomForm.DoClose
00c49095 KaM_Expansion.exe Vcl.Forms              TCustomForm.Close
00c47cd4 KaM_Expansion.exe Vcl.Forms              TCustomForm.WMClose
00b92cfa KaM_Expansion.exe Vcl.Controls           TControl.WndProc
00b97ec1 KaM_Expansion.exe Vcl.Controls           TWinControl.WndProc
00c442e8 KaM_Expansion.exe Vcl.Forms              TCustomForm.WndProc
00c44303 KaM_Expansion.exe Vcl.Forms              TCustomForm.WndProc
013ec03d KaM_Expansion.exe KM_FormMain       2051 TFormMain.WndProc

20:42:51.109    50,108s      22ms   4156    'Server settings' was successfully saved to 'C:\Users\szyby\OneDrive\Dokumenty\My Games\Knights and Merchants Remake\KaM Remake Server Settings.ini'
20:42:51.330    50,330s     222ms   4156    Start saving 'GameApp settings' to 'C:\Users\szyby\OneDrive\Dokumenty\My Games\Knights and Merchants Remake\KaM Remake Settings KingDyronMod.xml'
00f6227c KaM_Expansion.exe KM_Settings         106 TKMSettings.SaveToDefaultFile
00f6234f KaM_Expansion.exe KM_Settings         113 TKMSettings.SaveToDefaultFile
00f61f88 KaM_Expansion.exe KM_Settings          65 TKMSettings.Destroy
00f626e2 KaM_Expansion.exe KM_SettingsXML       44 TKMSettingsXML.Destroy
00f62a0e KaM_Expansion.exe KM_GameAppSettings   57 TKMGameAppSettings.Destroy
009ca764 KaM_Expansion.exe System               20 TObject.Free
00c9980c KaM_Expansion.exe KromUtils           281 FreeThenNil
0117c91f KaM_Expansion.exe KM_Main             378 TKMMain.Stop
0117c9f4 KaM_Expansion.exe KM_Main             405 TKMMain.Stop
013ec551 KaM_Expansion.exe KM_FormMain        2212 TFormMain.FormClose
00c436a7 KaM_Expansion.exe Vcl.Forms               TCustomForm.DoClose
00c49095 KaM_Expansion.exe Vcl.Forms               TCustomForm.Close
00c47cd4 KaM_Expansion.exe Vcl.Forms               TCustomForm.WMClose
00b92cfa KaM_Expansion.exe Vcl.Controls            TControl.WndProc
00b97ec1 KaM_Expansion.exe Vcl.Controls            TWinControl.WndProc
00c442e8 KaM_Expansion.exe Vcl.Forms               TCustomForm.WndProc
00c44303 KaM_Expansion.exe Vcl.Forms               TCustomForm.WndProc
013ec03d KaM_Expansion.exe KM_FormMain        2051 TFormMain.WndProc
00b973cc KaM_Expansion.exe Vcl.Controls            TWinControl.MainWndProc
00b973e7 KaM_Expansion.exe Vcl.Controls            TWinControl.MainWndProc

20:42:51.345    50,345s      15ms   4156    'GameApp settings' was successfully saved to 'C:\Users\szyby\OneDrive\Dokumenty\My Games\Knights and Merchants Remake\KaM Remake Settings KingDyronMod.xml'
