   Timestamp    Elapsed     Delta  Thread    Description
========================
    Date: 2025.01.03
========================
20:10:04.388     0,006s       6ms  20156    Log is up and running. Game version: KaM Expansion: Co-op & World Update
20:10:04.393     0,011s       5ms  20156    Game Load started
20:10:04.402     0,020s       9ms  20156    Start loading 'GameApp settings' from 'C:\Users\szyby\OneDrive\Dokumenty\My Games\Knights and Merchants Remake\KaM Remake Settings KingDyronMod.xml'
20:10:04.407     0,025s       5ms  20156    'GameApp settings' was successfully loaded from 'C:\Users\szyby\OneDrive\Dokumenty\My Games\Knights and Merchants Remake\KaM Remake Settings KingDyronMod.xml'
20:10:04.425     0,043s       6ms  20156    Start saving 'GameApp settings' to 'C:\Users\szyby\OneDrive\Dokumenty\My Games\Knights and Merchants Remake\KaM Remake Settings KingDyronMod.xml'
007781ac KaM_Expansion.exe KM_Settings        106 TKMSettings.SaveToDefaultFile
0077827f KaM_Expansion.exe KM_Settings        113 TKMSettings.SaveToDefaultFile
00777e7d KaM_Expansion.exe KM_Settings         59 TKMSettings.Create
007785ba KaM_Expansion.exe KM_SettingsXML      38 TKMSettingsXML.Create
007788fb KaM_Expansion.exe KM_GameAppSettings  51 TKMGameAppSettings.Create
0098c5f4 KaM_Expansion.exe KM_Main            258 TKMMain.Start
0098c863 KaM_Expansion.exe KM_Main            305 TKMMain.Start
00c0bb2b KaM_Expansion.exe KaM_Expansion      480 initialization
00c0bb5a KaM_Expansion.exe KaM_Expansion      483 initialization
762b7ba7 KERNEL32.DLL                             BaseThreadInitThunk

20:10:04.461     0,079s      36ms  20156    'GameApp settings' was successfully saved to 'C:\Users\szyby\OneDrive\Dokumenty\My Games\Knights and Merchants Remake\KaM Remake Settings KingDyronMod.xml'
20:10:04.489     0,107s      28ms  20156    Start loading 'Server settings' from 'C:\Users\szyby\OneDrive\Dokumenty\My Games\Knights and Merchants Remake\KaM Remake Server Settings.ini'
20:10:04.495     0,113s       6ms  20156    'Server settings' was successfully loaded from 'C:\Users\szyby\OneDrive\Dokumenty\My Games\Knights and Merchants Remake\KaM Remake Server Settings.ini'
20:10:04.503     0,121s       8ms  20156    Start saving 'Server settings' to 'C:\Users\szyby\OneDrive\Dokumenty\My Games\Knights and Merchants Remake\KaM Remake Server Settings.ini'
007781ac KaM_Expansion.exe KM_Settings       106 TKMSettings.SaveToDefaultFile
0077827f KaM_Expansion.exe KM_Settings       113 TKMSettings.SaveToDefaultFile
00777e7d KaM_Expansion.exe KM_Settings        59 TKMSettings.Create
008b58a0 KaM_Expansion.exe KM_ServerSettings 109 TKMServerSettings.Create
009819a8 KaM_Expansion.exe KM_GameApp        213 TKMGameApp.Create
00981dfa KaM_Expansion.exe KM_GameApp        295 TKMGameApp.Create
0098d86a KaM_Expansion.exe KM_Main           635 TKMMain.ReinitRender
0098da76 KaM_Expansion.exe KM_Main           689 TKMMain.ReinitRender
0098c70a KaM_Expansion.exe KM_Main           281 TKMMain.Start
0098c863 KaM_Expansion.exe KM_Main           305 TKMMain.Start
00c0bb2b KaM_Expansion.exe KaM_Expansion     480 initialization
00c0bb5a KaM_Expansion.exe KaM_Expansion     483 initialization
762b7ba7 KERNEL32.DLL                            BaseThreadInitThunk

20:10:04.515     0,133s      12ms  20156    'Server settings' was successfully saved to 'C:\Users\szyby\OneDrive\Dokumenty\My Games\Knights and Merchants Remake\KaM Remake Server Settings.ini'
20:10:04.523     0,141s       8ms  20156    Init Render started
20:10:04.656     0,274s     133ms  20156    GL_MAX_TEXTURE_SIZE = 32768
20:10:04.663     0,281s       7ms  20156    GL_MAX_VIEWPORT_DIM = 32768
                                      OpenGL Vendor: NVIDIA Corporation
                                      OpenGL Renderer: NVIDIA GeForce RTX 3060 Ti/PCIe/SSE2
                                      OpenGL Version: 4.6.0 NVIDIA 560.94
20:10:04.690     0,308s      27ms  20156    Init Render Done
20:10:04.696     0,314s       6ms  20156    Resource loading state - None
20:10:04.703     0,321s       7ms  20156    Reading palettes ... done
20:10:04.711     0,329s       8ms  20156    Reading GUI.rx
20:10:04.718     0,336s       7ms  20156    Load Sprites started
20:10:04.725     0,343s       7ms  20156    GUI - 966
20:10:04.745     0,363s      20ms  20156    Load Sprites Done
20:10:04.781     0,399s      36ms  20156    Reading GUIMain.rx
20:10:04.788     0,406s       7ms  20156    Load Sprites started
20:10:04.794     0,412s       6ms  20156    GUIMain - 105
20:10:04.845     0,463s      51ms  20156    Load Sprites Done
20:10:04.897     0,515s      52ms  20156    Reading Tileset.rx
20:10:04.904     0,522s       7ms  20156    Load Sprites started
20:10:04.910     0,528s       6ms  20156    Tileset - 5449
20:10:04.945     0,563s      35ms  20156    Load Sprites Done
20:10:04.953     0,571s       8ms  20156    GenerateTerrainTransitions started. Legacy = False
20:10:04.958     0,576s       5ms  20156    TexId = 5451 GenTilesCnt = 2100
20:10:04.964     0,582s       6ms  20156    TexId = 6051; TexId - fGenTexIdStartI = 600; uniqueTex = 600; totalTex = 1350
20:10:04.972     0,590s       8ms  20156    GeneratedMasks cnt = 20
20:10:04.977     0,595s       5ms  20156    GenerateTerrainTransitions Done
20:10:04.983     0,601s       6ms  20156    GenerateTerrainTransitions started. Legacy = True
20:10:04.989     0,607s       6ms  20156    Legacy: TexId = 4999 GenTilesCntTemp = 2030
20:10:04.995     0,613s       6ms  20156    TexId = 5463; TexId - fGenTexIdStartILegacy = 464; uniqueTex = 464; totalTex = 1044
20:10:05.001     0,619s       6ms  20156    GeneratedMasks cnt = 16
20:10:05.007     0,625s       6ms  20156    GenerateTerrainTransitions Done
20:10:05.113     0,731s     106ms  20156    Load font started
20:10:05.150     0,768s      37ms  20156    Font load took 37ms
20:10:05.156     0,774s       6ms  20156    Read fonts is done
20:10:05.174     0,792s      17ms  20156    ReadGFX is done
20:10:05.181     0,799s       7ms  20156    Resource loading state - Menu
20:10:05.188     0,806s       7ms  15892    OpenAL init started
20:10:05.209     0,827s      21ms  20156    Music init done, 24 tracks found
                                      Loading campaign images.rxx for HKS
20:10:05.234     0,852s      25ms  21248    Custom - 1
20:10:05.241     0,859s       7ms  15892    Pre-LoadSFX init ... done
20:10:05.247     0,865s       6ms  15892    ALC_MONO_SOURCES 255
20:10:05.254     0,872s       7ms  15892    ALC_STEREO_SOURCES 1
20:10:05.259     0,877s       5ms  20156    Main menu init done
20:10:05.266     0,884s       7ms  15892    OpenAL init done
20:10:05.289     0,907s      23ms  20156    Check game folder 'E:\programowanie\projekty delphi\kam_expansion\' generic permissions: READ: granted; WRITE: granted; EXECUTE: granted; folder is writable: 
20:10:05.294     0,912s       5ms  20156    LoadGameResources ... AlphaShadows: True. Forced: True
20:10:05.301     0,919s       7ms  20156    TKMResSprites.LoadGameResources
20:10:05.307     0,925s       6ms  20156    [AsyncGameResLoader Thread] Started
20:10:05.313     0,931s       6ms  20156    Resource loading state - Game
20:10:05.319     0,937s       6ms  20156    ToggleFullscreen
20:10:05.325     0,943s       6ms  20156    Form Width/Height: 1040:759
20:10:05.331     0,949s       6ms  20156    Panel Width/Height: 1024:720
20:10:05.338     0,956s       7ms   5600    [AsyncGameResLoader Thread] RT = rxTrees Stage = lsLoad
20:10:05.345     0,963s       7ms   5600    [AsyncGameResLoader Thread] Start Load RXX 'Trees.rxx'
20:10:05.351     0,969s       6ms   5600    Load Sprites started
20:10:05.357     0,975s       6ms   5600    Trees - 1216
20:10:05.373     0,991s      16ms  20156    Saving dev settings to file 'kmr_dev.xml'
                                      Loading campaign images.rxx for KSN
20:10:05.389     1,007s      16ms  21248    Custom - 1
20:10:05.396     1,014s       6ms  20156    Saving dev settings to file 'kmr_dev.xml'
20:10:05.403     1,021s       7ms  20156    Game Load Done in 1046
                                      Loading campaign images.rxx for KSO
20:10:05.458     1,076s      55ms  21248    Custom - 1
20:10:05.488     1,106s      30ms   5600    Load Sprites Done
                                      Loading campaign images.rxx for KSU
20:10:05.524     1,142s      36ms  21248    Custom - 1
                                      Loading campaign images.rxx for OFL
20:10:05.573     1,191s      49ms  21248    Custom - 1
20:10:05.584     1,202s      11ms   5600    [AsyncGameResLoader Thread] DONE Load RXX 'Trees.rxa'
20:10:05.595     1,213s      11ms  20156    [AsyncGameResLoader MainTh] [UpdateStateIdle] GenTextures RT = rxTrees Stage = lsGenMain
20:10:05.608     1,226s      13ms  20156    [AsyncGameResLoader MainTh] [UpdateStateIdle] DONE
20:10:05.615     1,233s       7ms   5600    [AsyncGameResLoader Thread] RT = rxTrees Stage = lsOverload
20:10:05.623     1,241s       8ms   5600    [AsyncGameResLoader Thread] OverloadFromFolder RT = rxTrees
                                      Loading campaign images.rxx for OER
20:10:05.635     1,253s      12ms  21248    Custom - 1
20:10:05.642     1,260s       7ms   5600    [AsyncGameResLoader Thread] DONE OverloadFromFolder RT = rxTrees
20:10:05.648     1,266s       6ms  20156    [AsyncGameResLoader MainTh] [UpdateStateIdle] GenTextures RT = rxTrees Stage = lsGenOverload
20:10:05.653     1,271s       5ms  20156    [AsyncGameResLoader MainTh] [UpdateStateIdle] DONE
20:10:05.661     1,279s       8ms   5600    [AsyncGameResLoader Thread] RT = rxHouses Stage = lsLoad
20:10:05.668     1,286s       7ms   5600    [AsyncGameResLoader Thread] Start Load RXX 'Houses.rxx'
20:10:05.673     1,291s       5ms   5600    Load Sprites started
                                      Loading campaign images.rxx for TBK
20:10:05.694     1,312s      21ms   5600    Houses - 2709
20:10:05.701     1,319s       7ms  21248    Custom - 1
                                      Loading campaign images.rxx for TPR
20:10:05.754     1,372s      53ms  21248    Custom - 1
                                      Loading campaign images.rxx for TSK
20:10:05.794     1,412s      40ms  21248    Custom - 1
                                      Loading campaign images.rxx for TUA
20:10:05.831     1,449s      37ms  21248    Custom - 1
20:10:05.875     1,493s      44ms   5600    Load Sprites Done
                                      Loading campaign images.rxx for TMR
20:10:05.990     1,608s     115ms  21248    Custom - 1
20:10:06.008     1,626s      18ms   5600    [AsyncGameResLoader Thread] DONE Load RXX 'Houses.rxa'
20:10:06.016     1,634s       8ms  20156    [AsyncGameResLoader MainTh] [UpdateStateIdle] GenTextures RT = rxHouses Stage = lsGenMain
20:10:06.030     1,648s      14ms  20156    [AsyncGameResLoader MainTh] [UpdateStateIdle] DONE
20:10:06.039     1,657s       9ms   5600    [AsyncGameResLoader Thread] RT = rxHouses Stage = lsOverload
20:10:06.050     1,668s      11ms   5600    [AsyncGameResLoader Thread] OverloadFromFolder RT = rxHouses
20:10:06.168     1,786s     118ms   5600    [AsyncGameResLoader Thread] DONE OverloadFromFolder RT = rxHouses
20:10:06.175     1,793s       7ms  20156    [AsyncGameResLoader MainTh] [UpdateStateIdle] GenTextures RT = rxHouses Stage = lsGenOverload
20:10:06.180     1,798s       5ms  20156    [AsyncGameResLoader MainTh] [UpdateStateIdle] DONE
20:10:06.187     1,805s       7ms   5600    [AsyncGameResLoader Thread] RT = rxUnits Stage = lsLoad
20:10:06.194     1,812s       7ms   5600    [AsyncGameResLoader Thread] Start Load RXX 'Units.rxx'
20:10:06.200     1,818s       6ms   5600    Load Sprites started
20:10:06.206     1,824s       6ms   5600    Units - 14845
20:10:07.010     2,628s     803ms   5600    Load Sprites Done
20:10:07.517     3,135s     507ms  20156    Load font started
20:10:08.109     3,726s     591ms   5600    [AsyncGameResLoader Thread] DONE Load RXX 'Units.rxa'
20:10:08.116     3,734s       7ms  20156    Font load took 596ms
20:10:08.122     3,740s       6ms  20156    [AsyncGameResLoader MainTh] [UpdateStateIdle] GenTextures RT = rxUnits Stage = lsGenMain
20:10:08.181     3,799s      59ms  20156    [AsyncGameResLoader MainTh] [UpdateStateIdle] DONE
20:10:08.188     3,806s       7ms   5600    [AsyncGameResLoader Thread] RT = rxUnits Stage = lsOverload
20:10:08.194     3,812s       6ms   5600    [AsyncGameResLoader Thread] OverloadFromFolder RT = rxUnits
20:10:08.528     4,146s     334ms   5600    [AsyncGameResLoader Thread] DONE OverloadFromFolder RT = rxUnits
20:10:08.535     4,153s       7ms  20156    [AsyncGameResLoader MainTh] [UpdateStateIdle] GenTextures RT = rxUnits Stage = lsGenOverload
20:10:08.541     4,159s       6ms  20156    [AsyncGameResLoader Thread] Stopped
20:10:08.547     4,165s       6ms  20156    [AsyncGameResLoader MainTh] [UpdateStateIdle] DONE
20:11:06.394    62,012s   57847ms  20156    Saving dev settings to file 'kmr_dev.xml'
20:11:06.401    62,019s       7ms  20156    Stopping game application...
20:11:06.407    62,025s       6ms  20156    Start saving 'Server settings' to 'C:\Users\szyby\OneDrive\Dokumenty\My Games\Knights and Merchants Remake\KaM Remake Server Settings.ini'
007781ac KaM_Expansion.exe KM_Settings        106 TKMSettings.SaveToDefaultFile
0077827f KaM_Expansion.exe KM_Settings        113 TKMSettings.SaveToDefaultFile
00777eb8 KaM_Expansion.exe KM_Settings         65 TKMSettings.Destroy
008b58e6 KaM_Expansion.exe KM_ServerSettings  117 TKMServerSettings.Destroy
001da764 KaM_Expansion.exe System              23 TObject.Free
004a8fbc KaM_Expansion.exe KromUtils          281 FreeThenNil
00982057 KaM_Expansion.exe KM_GameApp         330 TKMGameApp.Destroy
001da764 KaM_Expansion.exe System              23 TObject.Free
004a8fbc KaM_Expansion.exe KromUtils          281 FreeThenNil
0098cc85 KaM_Expansion.exe KM_Main            376 TKMMain.Stop
0098cd64 KaM_Expansion.exe KM_Main            405 TKMMain.Stop
00bf69b5 KaM_Expansion.exe KM_FormMain       2212 TFormMain.FormClose
00452df7 KaM_Expansion.exe Vcl.Forms              TCustomForm.DoClose
004587e5 KaM_Expansion.exe Vcl.Forms              TCustomForm.Close
00457424 KaM_Expansion.exe Vcl.Forms              TCustomForm.WMClose
003a2cfa KaM_Expansion.exe Vcl.Controls           TControl.WndProc
003a7ec1 KaM_Expansion.exe Vcl.Controls           TWinControl.WndProc
00453a38 KaM_Expansion.exe Vcl.Forms              TCustomForm.WndProc
00453a53 KaM_Expansion.exe Vcl.Forms              TCustomForm.WndProc
00bf64a1 KaM_Expansion.exe KM_FormMain       2051 TFormMain.WndProc

20:11:06.438    62,056s      31ms  20156    'Server settings' was successfully saved to 'C:\Users\szyby\OneDrive\Dokumenty\My Games\Knights and Merchants Remake\KaM Remake Server Settings.ini'
20:11:06.662    62,280s     224ms  20156    Start saving 'GameApp settings' to 'C:\Users\szyby\OneDrive\Dokumenty\My Games\Knights and Merchants Remake\KaM Remake Settings KingDyronMod.xml'
007781ac KaM_Expansion.exe KM_Settings         106 TKMSettings.SaveToDefaultFile
0077827f KaM_Expansion.exe KM_Settings         113 TKMSettings.SaveToDefaultFile
00777eb8 KaM_Expansion.exe KM_Settings          65 TKMSettings.Destroy
00778612 KaM_Expansion.exe KM_SettingsXML       44 TKMSettingsXML.Destroy
0077893e KaM_Expansion.exe KM_GameAppSettings   57 TKMGameAppSettings.Destroy
001da764 KaM_Expansion.exe System               23 TObject.Free
004a8fbc KaM_Expansion.exe KromUtils           281 FreeThenNil
0098cc8f KaM_Expansion.exe KM_Main             378 TKMMain.Stop
0098cd64 KaM_Expansion.exe KM_Main             405 TKMMain.Stop
00bf69b5 KaM_Expansion.exe KM_FormMain        2212 TFormMain.FormClose
00452df7 KaM_Expansion.exe Vcl.Forms               TCustomForm.DoClose
004587e5 KaM_Expansion.exe Vcl.Forms               TCustomForm.Close
00457424 KaM_Expansion.exe Vcl.Forms               TCustomForm.WMClose
003a2cfa KaM_Expansion.exe Vcl.Controls            TControl.WndProc
003a7ec1 KaM_Expansion.exe Vcl.Controls            TWinControl.WndProc
00453a38 KaM_Expansion.exe Vcl.Forms               TCustomForm.WndProc
00453a53 KaM_Expansion.exe Vcl.Forms               TCustomForm.WndProc
00bf64a1 KaM_Expansion.exe KM_FormMain        2051 TFormMain.WndProc
003a73cc KaM_Expansion.exe Vcl.Controls            TWinControl.MainWndProc
003a73e7 KaM_Expansion.exe Vcl.Controls            TWinControl.MainWndProc

20:11:06.678    62,296s      16ms  20156    'GameApp settings' was successfully saved to 'C:\Users\szyby\OneDrive\Dokumenty\My Games\Knights and Merchants Remake\KaM Remake Settings KingDyronMod.xml'
