   Timestamp    Elapsed     Delta  Thread    Description
========================
    Date: 2024.12.27
========================
17:08:13.401     0,001s       1ms   2552    Log is up and running. Game version: KaM Expansion: Co-op & World Update
17:08:13.406     0,007s       6ms   2552    Game Load started
17:08:13.418     0,018s      11ms   2552    Start loading 'GameApp settings' from 'C:\Users\szyby\OneDrive\Dokumenty\My Games\Knights and Merchants Remake\KaM Remake Settings KingDyronMod.xml'
17:08:13.423     0,023s       5ms   2552    'GameApp settings' was successfully loaded from 'C:\Users\szyby\OneDrive\Dokumenty\My Games\Knights and Merchants Remake\KaM Remake Settings KingDyronMod.xml'
17:08:13.431     0,032s       5ms   2552    Start saving 'GameApp settings' to 'C:\Users\szyby\OneDrive\Dokumenty\My Games\Knights and Merchants Remake\KaM Remake Settings KingDyronMod.xml'
00aa5e00 KaM_Expansion.exe KM_Settings        106 TKMSettings.SaveToDefaultFile
00aa5ed3 KaM_Expansion.exe KM_Settings        113 TKMSettings.SaveToDefaultFile
00aa5ad1 KaM_Expansion.exe KM_Settings         59 TKMSettings.Create
00aa620e KaM_Expansion.exe KM_SettingsXML      38 TKMSettingsXML.Create
00aa654f KaM_Expansion.exe KM_GameAppSettings  51 TKMGameAppSettings.Create
00cc0494 KaM_Expansion.exe KM_Main            258 TKMMain.Start
00cc0718 KaM_Expansion.exe KM_Main            305 TKMMain.Start
00f3eb2b KaM_Expansion.exe KaM_Expansion      479 initialization
00f3eb5a KaM_Expansion.exe KaM_Expansion      482 initialization
75e37ba7 KERNEL32.DLL                             BaseThreadInitThunk

17:08:13.469     0,069s      37ms   2552    'GameApp settings' was successfully saved to 'C:\Users\szyby\OneDrive\Dokumenty\My Games\Knights and Merchants Remake\KaM Remake Settings KingDyronMod.xml'
17:08:13.499     0,099s      29ms   2552    Start loading 'Server settings' from 'C:\Users\szyby\OneDrive\Dokumenty\My Games\Knights and Merchants Remake\KaM Remake Server Settings.ini'
17:08:13.506     0,106s       7ms   2552    'Server settings' was successfully loaded from 'C:\Users\szyby\OneDrive\Dokumenty\My Games\Knights and Merchants Remake\KaM Remake Server Settings.ini'
17:08:13.513     0,113s       7ms   2552    Start saving 'Server settings' to 'C:\Users\szyby\OneDrive\Dokumenty\My Games\Knights and Merchants Remake\KaM Remake Server Settings.ini'
00aa5e00 KaM_Expansion.exe KM_Settings       106 TKMSettings.SaveToDefaultFile
00aa5ed3 KaM_Expansion.exe KM_Settings       113 TKMSettings.SaveToDefaultFile
00aa5ad1 KaM_Expansion.exe KM_Settings        59 TKMSettings.Create
00be9744 KaM_Expansion.exe KM_ServerSettings 109 TKMServerSettings.Create
00cb5814 KaM_Expansion.exe KM_GameApp        213 TKMGameApp.Create
00cb5c66 KaM_Expansion.exe KM_GameApp        295 TKMGameApp.Create
00cc173e KaM_Expansion.exe KM_Main           635 TKMMain.ReinitRender
00cc194a KaM_Expansion.exe KM_Main           689 TKMMain.ReinitRender
00cc05aa KaM_Expansion.exe KM_Main           281 TKMMain.Start
00cc0718 KaM_Expansion.exe KM_Main           305 TKMMain.Start
00f3eb2b KaM_Expansion.exe KaM_Expansion     479 initialization
00f3eb5a KaM_Expansion.exe KaM_Expansion     482 initialization
75e37ba7 KERNEL32.DLL                            BaseThreadInitThunk

17:08:13.526     0,126s      13ms   2552    'Server settings' was successfully saved to 'C:\Users\szyby\OneDrive\Dokumenty\My Games\Knights and Merchants Remake\KaM Remake Server Settings.ini'
17:08:13.532     0,132s       6ms   2552    Init Render started
17:08:13.671     0,271s     139ms   2552    GL_MAX_TEXTURE_SIZE = 32768
17:08:13.678     0,278s       7ms   2552    GL_MAX_VIEWPORT_DIM = 32768
                                      OpenGL Vendor: NVIDIA Corporation
                                      OpenGL Renderer: NVIDIA GeForce RTX 3060 Ti/PCIe/SSE2
                                      OpenGL Version: 4.6.0 NVIDIA 560.81
17:08:13.704     0,304s      26ms   2552    Init Render Done
17:08:13.711     0,311s       7ms   2552    Resource loading state - None
17:08:13.717     0,318s       7ms   2552    Reading palettes ... done
17:08:13.726     0,326s       8ms   2552    Reading GUI.rx
17:08:13.732     0,332s       6ms   2552    Load Sprites started
17:08:13.739     0,339s       7ms   2552    GUI - 966
17:08:13.759     0,359s      20ms   2552    Load Sprites Done
17:08:13.796     0,397s      37ms   2552    Reading GUIMain.rx
17:08:13.803     0,404s       7ms   2552    Load Sprites started
17:08:13.820     0,420s       6ms   2552    GUIMain - 105
17:08:13.872     0,472s      52ms   2552    Load Sprites Done
17:08:13.942     0,542s      70ms   2552    Reading Tileset.rx
17:08:13.949     0,550s       8ms   2552    Load Sprites started
17:08:13.957     0,558s       8ms   2552    Tileset - 5449
17:08:13.976     0,576s      18ms   2552    Load Sprites Done
17:08:13.982     0,582s       6ms   2552    GenerateTerrainTransitions started. Legacy = False
17:08:13.989     0,589s       6ms   2552    TexId = 5451 GenTilesCnt = 2100
17:08:13.995     0,596s       7ms   2552    TexId = 6051; TexId - fGenTexIdStartI = 600; uniqueTex = 600; totalTex = 1350
17:08:14.001     0,602s       6ms   2552    GeneratedMasks cnt = 20
17:08:14.008     0,608s       6ms   2552    GenerateTerrainTransitions Done
17:08:14.015     0,615s       7ms   2552    GenerateTerrainTransitions started. Legacy = True
17:08:14.022     0,622s       7ms   2552    Legacy: TexId = 4999 GenTilesCntTemp = 2030
17:08:14.028     0,629s       7ms   2552    TexId = 5463; TexId - fGenTexIdStartILegacy = 464; uniqueTex = 464; totalTex = 1044
17:08:14.034     0,634s       5ms   2552    GeneratedMasks cnt = 16
17:08:14.040     0,641s       7ms   2552    GenerateTerrainTransitions Done
17:08:14.145     0,745s     104ms   2552    Load font started
17:08:14.182     0,782s      37ms   2552    Font load took 37ms
17:08:14.188     0,789s       7ms   2552    Read fonts is done
17:08:14.205     0,806s      17ms   2552    ReadGFX is done
17:08:14.212     0,813s       7ms   2552    Resource loading state - Menu
17:08:14.220     0,820s       7ms   6160    OpenAL init started
17:08:14.847     1,447s     627ms   2552    Music init done, 24 tracks found
                                      Loading campaign images.rxx for HKS
17:08:14.871     1,471s      24ms  14128    Custom - 1
17:08:14.878     1,479s       7ms   6160    Pre-LoadSFX init ... done
17:08:14.885     1,485s       6ms   6160    ALC_MONO_SOURCES 255
17:08:14.892     1,492s       7ms   6160    ALC_STEREO_SOURCES 1
17:08:14.898     1,499s       7ms   2552    Main menu init done
17:08:14.904     1,505s       6ms   6160    OpenAL init done
17:08:14.927     1,527s      22ms   2552    Check game folder 'E:\programowanie\projekty delphi\kam_expansion\' generic permissions: READ: granted; WRITE: granted; EXECUTE: granted; folder is writable: 
17:08:14.935     1,535s       8ms   2552    LoadGameResources ... AlphaShadows: True. Forced: True
17:08:14.941     1,541s       6ms   2552    TKMResSprites.LoadGameResources
17:08:14.947     1,548s       7ms   2552    [AsyncGameResLoader Thread] Started
17:08:14.955     1,555s       6ms   2552    Resource loading state - Game
17:08:14.961     1,561s       6ms   3976    [AsyncGameResLoader Thread] RT = rxTrees Stage = lsLoad
17:08:14.968     1,568s       7ms   3976    [AsyncGameResLoader Thread] Start Load RXX 'Trees.rxx'
17:08:14.974     1,574s       6ms   3976    Load Sprites started
17:08:14.979     1,581s       7ms   2552    ToggleFullscreen
17:08:14.986     1,586s       5ms   2552    Form Width/Height: 1040:830
17:08:14.992     1,592s       6ms   2552    Panel Width/Height: 1024:791
17:08:14.998     1,599s       7ms   3976    Trees - 1216
17:08:15.030     1,631s      32ms   2552    Saving dev settings to file 'kmr_dev.xml'
17:08:15.066     1,667s      36ms   2552    Saving dev settings to file 'kmr_dev.xml'
                                      Loading campaign images.rxx for KSN
17:08:15.088     1,689s      21ms  14128    Custom - 1
17:08:15.097     1,697s       8ms   2552    Game Load Done in 1720
                                      Loading campaign images.rxx for KSO
17:08:15.160     1,760s      63ms  14128    Custom - 1
17:08:15.187     1,788s      28ms   3976    Load Sprites Done
                                      Loading campaign images.rxx for KSU
17:08:15.218     1,818s      30ms  14128    Custom - 1
                                      Loading campaign images.rxx for OFL
17:08:15.267     1,868s      50ms  14128    Custom - 1
17:08:15.283     1,884s      16ms   3976    [AsyncGameResLoader Thread] DONE Load RXX 'Trees.rxa'
17:08:15.292     1,892s       8ms   2552    [AsyncGameResLoader MainTh] [UpdateStateIdle] GenTextures RT = rxTrees Stage = lsGenMain
                                      Loading campaign images.rxx for OER
17:08:15.307     1,908s      16ms  14128    Custom - 1
17:08:15.315     1,915s       6ms   2552    [AsyncGameResLoader MainTh] [UpdateStateIdle] DONE
17:08:15.321     1,921s       6ms   3976    [AsyncGameResLoader Thread] RT = rxTrees Stage = lsOverload
17:08:15.327     1,928s       7ms   3976    [AsyncGameResLoader Thread] OverloadFromFolder RT = rxTrees
                                      Loading campaign images.rxx for TBK
17:08:15.352     1,953s      25ms  14128    Custom - 1
17:08:15.384     1,984s      31ms   3976    [AsyncGameResLoader Thread] DONE OverloadFromFolder RT = rxTrees
                                      Loading campaign images.rxx for TPR
17:08:15.405     2,005s      20ms  14128    Custom - 1
17:08:15.410     2,010s       5ms   2552    [AsyncGameResLoader MainTh] [UpdateStateIdle] GenTextures RT = rxTrees Stage = lsGenOverload
17:08:15.417     2,017s       7ms   2552    [AsyncGameResLoader MainTh] [UpdateStateIdle] DONE
17:08:15.424     2,024s       7ms   3976    [AsyncGameResLoader Thread] RT = rxHouses Stage = lsLoad
17:08:15.431     2,031s       7ms   3976    [AsyncGameResLoader Thread] Start Load RXX 'Houses.rxx'
17:08:15.438     2,038s       7ms   3976    Load Sprites started
17:08:15.445     2,045s       7ms   3976    Houses - 2709
                                      Loading campaign images.rxx for TSK
17:08:15.458     2,058s      12ms  14128    Custom - 1
                                      Loading campaign images.rxx for TUA
17:08:15.492     2,093s      35ms  14128    Custom - 1
                                      Loading campaign images.rxx for TMR
17:08:15.641     2,242s     149ms  14128    Custom - 1
17:08:15.681     2,281s      39ms   3976    Load Sprites Done
                                      Loading campaign images.rxx for HKS
17:08:15.812     2,412s     131ms  10096    Custom - 1
17:08:15.822     2,423s      11ms   3976    [AsyncGameResLoader Thread] DONE Load RXX 'Houses.rxa'
17:08:15.863     2,464s      41ms   2552    [AsyncGameResLoader MainTh] [UpdateStateIdle] GenTextures RT = rxHouses Stage = lsGenMain
17:08:15.878     2,479s      15ms   2552    [AsyncGameResLoader MainTh] [UpdateStateIdle] DONE
                                      Loading campaign images.rxx for KSN
17:08:15.892     2,492s      13ms   3976    [AsyncGameResLoader Thread] RT = rxHouses Stage = lsOverload
17:08:15.898     2,499s       7ms   3976    [AsyncGameResLoader Thread] OverloadFromFolder RT = rxHouses
17:08:15.905     2,505s       6ms  10096    Custom - 1
                                      Loading campaign images.rxx for KSO
17:08:15.985     2,586s      81ms  10096    Custom - 1
                                      Loading campaign images.rxx for KSU
17:08:16.043     2,644s      57ms  10096    Custom - 1
17:08:16.057     2,658s      14ms   3976    [AsyncGameResLoader Thread] DONE OverloadFromFolder RT = rxHouses
17:08:16.075     2,676s      18ms   2552    [AsyncGameResLoader MainTh] [UpdateStateIdle] GenTextures RT = rxHouses Stage = lsGenOverload
17:08:16.083     2,683s       7ms   2552    [AsyncGameResLoader MainTh] [UpdateStateIdle] DONE
17:08:16.089     2,689s       6ms   3976    [AsyncGameResLoader Thread] RT = rxUnits Stage = lsLoad
                                      Loading campaign images.rxx for OFL
17:08:16.102     2,702s      13ms   3976    [AsyncGameResLoader Thread] Start Load RXX 'Units.rxx'
17:08:16.108     2,709s       7ms   3976    Load Sprites started
17:08:16.115     2,715s       6ms  10096    Custom - 1
17:08:16.122     2,722s       7ms   3976    Units - 14845
                                      Loading campaign images.rxx for OER
17:08:16.158     2,758s      36ms  10096    Custom - 1
                                      Loading campaign images.rxx for TBK
17:08:16.203     2,803s      45ms  10096    Custom - 1
                                      Loading campaign images.rxx for TPR
17:08:16.277     2,878s      75ms  10096    Custom - 1
                                      Loading campaign images.rxx for TSK
17:08:16.320     2,921s      43ms  10096    Custom - 1
                                      Loading campaign images.rxx for TUA
17:08:16.355     2,956s      35ms  10096    Custom - 1
                                      Loading campaign images.rxx for TMR
17:08:16.511     3,111s     155ms  10096    Custom - 1
17:08:16.726     3,326s     215ms   2552    LoadGameResources ... AlphaShadows: True. Forced: False
17:08:16.733     3,333s       7ms   2552    TKMResSprites.LoadGameResources
17:08:17.575     4,176s     843ms   3976    Load Sprites Done
17:08:18.642     5,243s    1067ms   3976    [AsyncGameResLoader Thread] DONE Load RXX 'Units.rxa'
17:08:18.649     5,249s       6ms   2552    [AsyncGameResLoader MainTh] [LoadGameResources] GenTextures RT = rxUnits Stage = lsGenMain
17:08:18.707     5,308s      59ms   2552    [AsyncGameResLoader MainTh] [LoadGameResources] DONE
17:08:18.715     5,315s       7ms   3976    [AsyncGameResLoader Thread] RT = rxUnits Stage = lsOverload
17:08:18.721     5,321s       6ms   3976    [AsyncGameResLoader Thread] OverloadFromFolder RT = rxUnits
17:08:19.770     6,371s    1050ms   3976    [AsyncGameResLoader Thread] DONE OverloadFromFolder RT = rxUnits
17:08:19.778     6,378s       7ms   2552    [AsyncGameResLoader MainTh] [LoadGameResources] GenTextures RT = rxUnits Stage = lsGenOverload
17:08:19.784     6,385s       7ms   2552    [AsyncGameResLoader Thread] Stopped
17:08:19.791     6,391s       6ms   2552    [AsyncGameResLoader MainTh] [LoadGameResources] DONE
17:08:19.796     6,397s       6ms   2552    Resource loading state - Game
17:08:19.805     6,405s       8ms   2552    Saving dev settings to file 'kmr_dev.xml'
17:08:19.835     6,436s      31ms   2552    <== Game creation is done ==>
17:08:19.842     6,443s       7ms   2552    GameStart
17:08:19.858     6,459s      16ms   2552    Loading DAT file: E:\programowanie\projekty delphi\kam_expansion\Maps\Nowa Misja\Nowa Misja.dat
17:08:19.865     6,465s       6ms   2552    Loading map file: E:\programowanie\projekty delphi\kam_expansion\Maps\Nowa Misja\Nowa Misja.map
17:08:19.878     6,479s      14ms   2552    Map file loaded
17:08:20.040     6,641s     162ms   2552    Gameplay recording initialized ... done
17:08:20.047     6,647s       6ms   2552    Game options: PT = 0; SpeedPT = 1; SpeedAfterPT = 1; Seed = 0; Difficulty = mdNone
17:08:20.053     6,653s       6ms   2552    Gameplay initialized ... done
17:08:20.058     6,659s       6ms   2552    After game start
17:08:20.072     6,672s      13ms   2552    Set game seed: 1324227364
17:08:20.079     6,679s       7ms   2552    After game start ... done
17:08:30.322    16,922s   10243ms   2552    Exception occurred [ERangeError]: Range check error.
                                      ================================================================================
                                                                      START BUG REPORT                                
                                      ================================================================================
                                      date/time          : 2024-12-27, 17:08:30, 267ms
computer name      : LAPTOP-5CTTUAIM
user name          : szyby
registered owner   : szybyc@wp.pl / HP Inc.
operating system   : Windows 11 x64 build 22631
system language    : Polish
system up time     : 2 days 4 hours
program up time    : 17 seconds
processors         : 12x 11th Gen Intel(R) Core(TM) i5-11400F @ 2.60GHz
physical memory    : 22396/32650 MB (free/total)
free disk space    : (C:) 186,08 GB (E:) 653,19 GB
display mode       : 1920x1080, 32 bit
process id         : $aa8
allocated memory   : 976,67 MB
largest free block : 1,17 GB
executable         : KaM_Expansion.exe
exec. date/time    : 2024-12-27 17:08
version            : 1.0.0.0
compiled with      : Delphi 11
madExcept version  : 5.1.4
callstack crc      : $8902258b, $f5eccb74, $f5eccb74
exception number   : 1
exception class    : ERangeError
exception message  : Range check error.

main thread ($9f8):
009ce893 +11b KaM_Expansion.exe KM_TerrainPainter  704 +12 TKMTerrainPainter.GetRandomTile
009cd9b5 +01d KaM_Expansion.exe KM_TerrainPainter  501  +1 TKMTerrainPainter.PickRandomTile
009cd987 +01b KaM_Expansion.exe KM_TerrainPainter  495  +1 TKMTerrainPainter.PickRandomTile
009cd66c +274 KaM_Expansion.exe KM_TerrainPainter  462 +22 TKMTerrainPainter.BrushTerrainTile
009cd31e +022 KaM_Expansion.exe KM_TerrainPainter  410  +1 TKMTerrainPainter.BrushTile
00ec8637 +01f KaM_Expansion.exe KM_Utils           140  +1 ProceedCell
00ec88f5 +241 KaM_Expansion.exe KM_Utils           202 +46 IterateOverArea
009d255a +052 KaM_Expansion.exe KM_TerrainPainter 1531  +4 TKMTerrainPainter.DoApplyBrush
009d24fd +071 KaM_Expansion.exe KM_TerrainPainter 1519  +7 TKMTerrainPainter.ApplyBrush
009d735b +153 KaM_Expansion.exe KM_TerrainPainter 2351 +21 TKMTerrainPainter.UpdateStateIdle
00a5a964 +010 KaM_Expansion.exe KM_MapEditor      1664  +1 TKMMapEditor.UpdateStateIdle
00eaf60d +029 KaM_Expansion.exe KM_Game           3500  +5 TKMGame.UpdateStateIdle
00cb9c54 +020 KaM_Expansion.exe KM_GameApp        1567  +1 TKMGameApp.UpdateStateIdle
00cc104f +037 KaM_Expansion.exe KM_Main            478  +5 TKMMain.DoRender
00cc12a8 +118 KaM_Expansion.exe KM_Main            571 +40 TKMMain.DoIdle
0079f6b5 +099 KaM_Expansion.exe Vcl.Forms                  TApplication.Idle
0079e737 +017 KaM_Expansion.exe Vcl.Forms                  TApplication.HandleMessage
0079ea69 +0d1 KaM_Expansion.exe Vcl.Forms                  TApplication.Run
00f3eb3b +077 KaM_Expansion.exe KaM_Expansion      480  +7 initialization
00f3eb5a +096 KaM_Expansion.exe KaM_Expansion      482  +9 initialization
75e37ba7 +017 KERNEL32.DLL                                 BaseThreadInitThunk

thread $1408:
75e37ba7 +17 KERNEL32.DLL  BaseThreadInitThunk

thread $90:
75e37ba7 +17 KERNEL32.DLL  BaseThreadInitThunk

thread $8b4:
75e37ba7 +17 KERNEL32.DLL  BaseThreadInitThunk

thread $54c8:
76b84152 +82 KERNELBASE.dll              WaitForSingleObjectEx
76b840bd +0d KERNELBASE.dll              WaitForSingleObject
005c4add +0d KaM_Expansion.exe madExcept CallThreadProcSafe
005c4b42 +32 KaM_Expansion.exe madExcept ThreadExceptFrame
005c4bb8 +a8 KaM_Expansion.exe madExcept ThreadExceptFrame
75e37ba7 +17 KERNEL32.DLL                BaseThreadInitThunk
>> created by main thread ($9f8) at:
79d30276 +00 nvoglv32.dll

thread $329c:
76b84f79 +189 KERNELBASE.dll              WaitForMultipleObjectsEx
005c4add +00d KaM_Expansion.exe madExcept CallThreadProcSafe
005c4b42 +032 KaM_Expansion.exe madExcept ThreadExceptFrame
005c4bb8 +0a8 KaM_Expansion.exe madExcept ThreadExceptFrame
75e37ba7 +017 KERNEL32.DLL                BaseThreadInitThunk
>> created by main thread ($9f8) at:
762502ff +000 CRYPT32.dll

thread $532c:
76b84f79 +189 KERNELBASE.dll              WaitForMultipleObjectsEx
76b84dd3 +013 KERNELBASE.dll              WaitForMultipleObjects
005c4add +00d KaM_Expansion.exe madExcept CallThreadProcSafe
005c4b42 +032 KaM_Expansion.exe madExcept ThreadExceptFrame
005c4bb8 +0a8 KaM_Expansion.exe madExcept ThreadExceptFrame
75e37ba7 +017 KERNEL32.DLL                BaseThreadInitThunk
>> created by main thread ($9f8) at:
79d5ea4e +000 nvoglv32.dll

thread $4d38:
77062dbc +4c USER32.dll                  MsgWaitForMultipleObjectsEx
7707245a +1a USER32.dll                  MsgWaitForMultipleObjects
005c4add +0d KaM_Expansion.exe madExcept CallThreadProcSafe
005c4b42 +32 KaM_Expansion.exe madExcept ThreadExceptFrame
005c4bb8 +a8 KaM_Expansion.exe madExcept ThreadExceptFrame
75e37ba7 +17 KERNEL32.DLL                BaseThreadInitThunk
>> created by thread $54c8 at:
79d2a0f7 +00 nvoglv32.dll

thread $46e8:
75e37ba7 +17 KERNEL32.DLL  BaseThreadInitThunk

thread $3d5c:
75e37ba7 +17 KERNEL32.DLL  BaseThreadInitThunk

thread $4608: <priority:15>
76b84f79 +189 KERNELBASE.dll              WaitForMultipleObjectsEx
76b84dd3 +013 KERNELBASE.dll              WaitForMultipleObjects
005c4add +00d KaM_Expansion.exe madExcept CallThreadProcSafe
005c4b42 +032 KaM_Expansion.exe madExcept ThreadExceptFrame
005c4bb8 +0a8 KaM_Expansion.exe madExcept ThreadExceptFrame
75e37ba7 +017 KERNEL32.DLL                BaseThreadInitThunk
>> created by main thread ($9f8) at:
732bf555 +000 dsound.DLL

thread $1c5c: <priority:15>
76b84f79 +189 KERNELBASE.dll              WaitForMultipleObjectsEx
76b84dd3 +013 KERNELBASE.dll              WaitForMultipleObjects
005c4add +00d KaM_Expansion.exe madExcept CallThreadProcSafe
005c4b42 +032 KaM_Expansion.exe madExcept ThreadExceptFrame
005c4bb8 +0a8 KaM_Expansion.exe madExcept ThreadExceptFrame
75e37ba7 +017 KERNEL32.DLL                BaseThreadInitThunk
>> created by main thread ($9f8) at:
732bf555 +000 dsound.DLL

thread $3548: <priority:15>
76b84152 +82 KERNELBASE.dll              WaitForSingleObjectEx
76b840bd +0d KERNELBASE.dll              WaitForSingleObject
7543857c +8c msvcrt.dll                  _endthreadex
005c4add +0d KaM_Expansion.exe madExcept CallThreadProcSafe
005c4b42 +32 KaM_Expansion.exe madExcept ThreadExceptFrame
005c4bb8 +a8 KaM_Expansion.exe madExcept ThreadExceptFrame
75e37ba7 +17 KERNEL32.DLL                BaseThreadInitThunk
>> created by main thread ($9f8) at:
7543845f +7f msvcrt.dll                  _beginthreadex

thread $41ac: <priority:2>
76b84f79 +189 KERNELBASE.dll              WaitForMultipleObjectsEx
76b84dd3 +013 KERNELBASE.dll              WaitForMultipleObjects
7543857c +08c msvcrt.dll                  _endthreadex
005c4add +00d KaM_Expansion.exe madExcept CallThreadProcSafe
005c4b42 +032 KaM_Expansion.exe madExcept ThreadExceptFrame
005c4bb8 +0a8 KaM_Expansion.exe madExcept ThreadExceptFrame
75e37ba7 +017 KERNEL32.DLL                BaseThreadInitThunk
>> created by main thread ($9f8) at:
7543845f +07f msvcrt.dll                  _beginthreadex

thread $4844: <priority:15>
76b84152 +82 KERNELBASE.dll              WaitForSingleObjectEx
754383cc +9c msvcrt.dll                  _endthread
005c4add +0d KaM_Expansion.exe madExcept CallThreadProcSafe
005c4b42 +32 KaM_Expansion.exe madExcept ThreadExceptFrame
005c4bb8 +a8 KaM_Expansion.exe madExcept ThreadExceptFrame
75e37ba7 +17 KERNEL32.DLL                BaseThreadInitThunk
>> created by main thread ($9f8) at:
75438291 +71 msvcrt.dll                  _beginthread

thread $365c: <priority:14>
76b84f79 +189 KERNELBASE.dll              WaitForMultipleObjectsEx
76b84dd3 +013 KERNELBASE.dll              WaitForMultipleObjects
005c4add +00d KaM_Expansion.exe madExcept CallThreadProcSafe
005c4b42 +032 KaM_Expansion.exe madExcept ThreadExceptFrame
005c4bb8 +0a8 KaM_Expansion.exe madExcept ThreadExceptFrame
75e37ba7 +017 KERNEL32.DLL                BaseThreadInitThunk
>> created by thread $1810 at:
732d970d +000 dsound.DLL

thread $2cd4: <priority:15>
005c4add +0d KaM_Expansion.exe madExcept CallThreadProcSafe
005c4b42 +32 KaM_Expansion.exe madExcept ThreadExceptFrame
005c4bb8 +a8 KaM_Expansion.exe madExcept ThreadExceptFrame
75e37ba7 +17 KERNEL32.DLL                BaseThreadInitThunk
>> created by thread $1810 at:
73ef6555 +00 winmm.dll

modules:
00510000 KaM_Expansion.exe        1.0.0.0             E:\programowanie\projekty delphi\kam_expansion
01a60000 ogg.dll                                      E:\programowanie\projekty delphi\kam_expansion
01a70000 vorbis.dll                                   E:\programowanie\projekty delphi\kam_expansion
0efd0000 OpenAL32.dll             6.14.357.24         C:\WINDOWS\SYSTEM32
10000000 vorbisfile.dll                               E:\programowanie\projekty delphi\kam_expansion
11000000 bass.dll                 2.4.8.1             E:\programowanie\projekty delphi\kam_expansion
14cf0000 wrap_oal.dll             2.2.0.5             C:\WINDOWS\SYSTEM32
501a0000 resourcepolicyclient.dll 6.2.22621.3527      C:\WINDOWS\SYSTEM32
501b0000 libvlc.dll               3.0.8.0             E:\programowanie\projekty delphi\kam_expansion\lib\vlc
50a00000 FaultRep.dll             6.2.22621.4541      C:\WINDOWS\SYSTEM32
62f40000 nvgpucomp32.dll          32.0.15.6081        C:\WINDOWS\System32\DriverStore\FileRepository\nvmdi.inf_amd64_2e01d57d451be19f
6c950000 nvspcap.dll              11.0.1.163          C:\WINDOWS\system32
6d100000 Windows.UI.dll           6.2.22621.4541      C:\Windows\System32
6ff90000 GLU32.dll                6.2.22621.2506      C:\WINDOWS\SYSTEM32
6ffe0000 opengl32.dll             6.2.22621.4541      C:\WINDOWS\SYSTEM32
71950000 devobj.dll               6.2.22621.2506      C:\WINDOWS\SYSTEM32
71980000 drvstore.dll             6.2.22621.4541      C:\WINDOWS\SYSTEM32
71b00000 dwmapi.dll               6.2.22621.4541      C:\WINDOWS\SYSTEM32
71b70000 dxcore.dll               6.2.22621.4541      C:\WINDOWS\SYSTEM32
72060000 cryptnet.dll             6.2.22621.1         C:\WINDOWS\SYSTEM32
720c0000 rsaenh.dll               6.2.22621.4249      C:\WINDOWS\system32
721f0000 AUDIOSES.DLL             6.2.22621.4541      C:\WINDOWS\SYSTEM32
72380000 CoreUIComponents.dll     6.2.22621.4541      C:\WINDOWS\SYSTEM32
72b20000 MSACM32.dll              6.2.22621.1         C:\WINDOWS\SYSTEM32
72b40000 CRYPTSP.dll              6.2.22621.3672      C:\WINDOWS\SYSTEM32
72b60000 winspool.drv             6.2.22621.3810      C:\WINDOWS\SYSTEM32
72d30000 CoreMessaging.dll        6.2.22621.4541      C:\WINDOWS\SYSTEM32
72e00000 TextShaping.dll          6.2.22621.4541      C:\WINDOWS\SYSTEM32
72ea0000 textinputframework.dll   6.2.22621.4541      C:\WINDOWS\SYSTEM32
73050000 MMDevAPI.DLL             6.2.22621.4111      C:\WINDOWS\SYSTEM32
730d0000 ResampleDmo.DLL          6.2.22621.2506      C:\WINDOWS\SYSTEM32
73240000 wdmaud.drv               6.2.22621.3527      C:\WINDOWS\SYSTEM32
73280000 dsound.DLL               6.2.22621.3527      C:\WINDOWS\SYSTEM32
73370000 COMCTL32.dll             6.10.22621.4541     C:\WINDOWS\WinSxS\x86_microsoft.windows.common-controls_6595b64144ccf1df_6.0.22621.4541_none_6ebe089c8800e98b
73760000 wldp.dll                 6.2.22621.4541      C:\WINDOWS\SYSTEM32
737e0000 WINSTA.dll               6.2.22621.4541      C:\WINDOWS\SYSTEM32
73ab0000 uxtheme.dll              6.2.22621.4541      C:\WINDOWS\system32
73d10000 CFGMGR32.dll             6.2.22621.2506      C:\WINDOWS\SYSTEM32
73d80000 propsys.dll              7.0.22621.4249      C:\WINDOWS\system32
73e50000 SspiCli.dll              6.2.22621.3810      C:\WINDOWS\SYSTEM32
73e80000 msasn1.dll               6.2.22621.2506      C:\WINDOWS\SYSTEM32
73ea0000 ntmarta.dll              6.2.22621.1         C:\WINDOWS\SYSTEM32
73ed0000 wsock32.dll              6.2.22621.1         C:\WINDOWS\SYSTEM32
73ef0000 winmm.dll                6.2.22621.4541      C:\WINDOWS\SYSTEM32
73f30000 midimap.dll              6.2.22621.2506      C:\WINDOWS\SYSTEM32
73f50000 msacm32.drv              6.2.22621.2506      C:\WINDOWS\SYSTEM32
73f60000 AVRT.dll                 6.2.22621.2506      C:\WINDOWS\SYSTEM32
73f70000 ksuser.dll               6.2.22621.1         C:\WINDOWS\SYSTEM32
73f80000 msdmo.dll                6.2.22621.1         C:\WINDOWS\SYSTEM32
73f90000 winmmbase.dll            6.2.22621.1         C:\WINDOWS\SYSTEM32
73fc0000 UMPDC.dll                6.2.22621.1         C:\WINDOWS\SYSTEM32
73fd0000 powrprof.dll             6.2.22621.3958      C:\WINDOWS\SYSTEM32
74020000 winhttp.dll              6.2.22621.4541      C:\WINDOWS\SYSTEM32
74140000 SHFolder.dll             6.2.22621.1         C:\WINDOWS\SYSTEM32
746d0000 kernel.appcore.dll       6.2.22621.3958      C:\WINDOWS\SYSTEM32
74720000 version.dll              6.2.22621.1         C:\WINDOWS\SYSTEM32
749b0000 profapi.dll              6.2.22621.4541      C:\WINDOWS\SYSTEM32
749e0000 wintypes.dll             6.2.22621.3810      C:\WINDOWS\SYSTEM32
74ab0000 windows.storage.dll      6.2.22621.4601      C:\WINDOWS\SYSTEM32
751e0000 CRYPTBASE.DLL            6.2.22621.1         C:\WINDOWS\SYSTEM32
75280000 wtsapi32.dll             6.2.22621.1         C:\WINDOWS\SYSTEM32
752b0000 WS2_32.dll               6.2.22621.1         C:\WINDOWS\System32
75320000 WINTRUST.dll             6.2.22621.4541      C:\WINDOWS\System32
75380000 imagehlp.dll             6.2.22621.1         C:\WINDOWS\System32
753a0000 GDI32.dll                6.2.22621.4036      C:\WINDOWS\System32
753d0000 msvcrt.dll               7.0.22621.2506      C:\WINDOWS\System32
754a0000 SHELL32.dll              6.2.22621.4541      C:\WINDOWS\System32
75b50000 gdi32full.dll            6.2.22621.4601      C:\WINDOWS\System32
75c40000 comdlg32.dll             6.2.22621.4541      C:\WINDOWS\System32
75d00000 ucrtbase.dll             6.2.22621.3593      C:\WINDOWS\System32
75e20000 KERNEL32.DLL             6.2.22621.4391      C:\WINDOWS\System32
75f10000 msvcp_win.dll            6.2.22621.3374      C:\WINDOWS\System32
75f90000 IMM32.DLL                6.2.22621.3374      C:\WINDOWS\System32
76020000 bcryptPrimitives.dll     6.2.22621.4317      C:\WINDOWS\System32
76100000 clbcatq.dll              2001.12.10941.16384 C:\WINDOWS\System32
76230000 CRYPT32.dll              6.2.22621.4541      C:\WINDOWS\System32
76340000 bcrypt.dll               6.2.22621.2506      C:\WINDOWS\System32
76360000 PSAPI.dll                6.2.22621.1         C:\WINDOWS\System32
76370000 combase.dll              6.2.22621.4601      C:\WINDOWS\System32
76600000 SETUPAPI.dll             6.2.22621.2506      C:\WINDOWS\System32
76a40000 KERNELBASE.dll           6.2.22621.4601      C:\WINDOWS\System32
76d40000 MSCTF.dll                6.2.22621.4601      C:\WINDOWS\System32
76e50000 shcore.dll               6.2.22621.4541      C:\WINDOWS\System32
76f20000 oleaut32.dll             6.2.22621.3672      C:\WINDOWS\System32
76fc0000 advapi32.dll             6.2.22621.4391      C:\WINDOWS\System32
77040000 USER32.dll               6.2.22621.4601      C:\WINDOWS\System32
771f0000 shlwapi.dll              6.2.22621.4541      C:\WINDOWS\System32
773b0000 win32u.dll               6.2.22621.4460      C:\WINDOWS\System32
773d0000 ole32.dll                6.2.22621.3958      C:\WINDOWS\System32
77530000 RPCRT4.dll               6.2.22621.4249      C:\WINDOWS\System32
775f0000 sechost.dll              6.2.22621.4541      C:\WINDOWS\System32
77690000 ntdll.dll                6.2.22621.4541      C:\WINDOWS\SYSTEM32
77c70000 AppXDeploymentClient.dll 6.2.22621.4541      C:\Windows\System32
77d60000 libvlccore.dll           3.0.8.0             E:\programowanie\projekty delphi\kam_expansion\lib\vlc
79520000 nvoglv32.dll             32.0.15.6081        C:\WINDOWS\System32\DriverStore\FileRepository\nvmdi.inf_amd64_2e01d57d451be19f

hardware:
+ {1ed2bbf9-11f0-4084-b21f-ad83a8e6dcdc}
  - Fax
  - G³ówna kolejka wydruku
  - HP Smart Printing
  - Microsoft Print to PDF
  - Microsoft XPS Document Writer
+ {36fc9e60-c465-11cf-8056-444553540000}
  - G³ówny koncentrator USB (USB 3.0)
  - Intel(R) USB 3.20 eXtensible Host Controller - 1.20 (Microsoft)
  - Rodzajowy koncentrator USB
  - Rodzajowy koncentrator USB
  - Rodzajowy koncentrator USB SuperSpeed
  - Urz¹dzenie kompozytowe USB
  - Urz¹dzenie kompozytowe USB
+ {4d36e966-e325-11ce-bfc1-08002be10318}
  - Komputer oparty na architekturze x64 obs³uguj¹cy interfejs ACPI
  - Micro-Star International Co., Ltd. MS-7D15
+ {4d36e967-e325-11ce-bfc1-08002be10318}
  - KXG60ZNV512G KIOXIA
  - Samsung SSD 980 1TB
+ {4d36e968-e325-11ce-bfc1-08002be10318}
  - NVIDIA GeForce RTX 3060 Ti (driver 32.0.15.6081)
+ {4d36e96a-e325-11ce-bfc1-08002be10318}
  - Standardowy kontroler SATA AHCI
+ {4d36e96b-e325-11ce-bfc1-08002be10318}
  - Urz¹dzenie klawiatury HID
  - Urz¹dzenie klawiatury HID
+ {4d36e96c-e325-11ce-bfc1-08002be10318}
  - NVIDIA High Definition Audio (driver 1.4.0.1)
  - NVIDIA Virtual Audio Device (Wave Extensible) (WDM) (driver 4.65.0.3)
  - Urz¹dzenie zgodne ze standardem High Definition Audio
+ {4d36e96e-e325-11ce-bfc1-08002be10318}
  - Generic Monitor (Smart TV)
+ {4d36e96f-e325-11ce-bfc1-08002be10318}
  - Mysz zgodna z HID
+ {4d36e972-e325-11ce-bfc1-08002be10318}
  - Microsoft Kernel Debug Network Adapter
  - Realtek Gaming 2.5GbE Family Controller (driver 10.71.312.2024)
  - WAN Miniport (IKEv2)
  - WAN Miniport (IP)
  - WAN Miniport (IPv6)
  - WAN Miniport (L2TP)
  - WAN Miniport (Network Monitor)
  - WAN Miniport (PPPOE)
  - WAN Miniport (PPTP)
  - WAN Miniport (SSTP)
+ {4d36e97b-e325-11ce-bfc1-08002be10318}
  - Kontroler miejsc do magazynowania firmy Microsoft
  - Standardowy kontroler NVM Express
  - Standardowy kontroler NVM Express
  - Xvdd SCSI Miniport (driver 10.0.22020.1)
+ {4d36e97d-e325-11ce-bfc1-08002be10318}
  - Agregator procesora systemu ACPI
  - Alarm wznawiania ACPI
  - AMD Crash Defender (driver 22.20.0.2)
  - Aplikacja zbieraj¹ca informacje o oprogramowaniu urz¹dzeñ Plug and Play
  - Ch³odzenie ACPI
  - Ch³odzenie ACPI
  - Ch³odzenie ACPI
  - Ch³odzenie ACPI
  - Ch³odzenie ACPI
  - Czasomierz systemowy
  - Czasomierz zdarzeniowy wysokiej precyzji
  - Intel(R) GNA - 4C11 (driver 10.1.41.5)
  - Intel(R) Host Bridge/DRAM Registers - 4C53 (driver 10.1.41.5)
  - Intel(R) LPC Controller (B560) - 4387 (driver 10.1.34.10)
  - Intel(R) Management Engine Interface #1 (driver 2131.1.4.0)
  - Intel(R) PCI Express Root Port #21 - 43C4 (driver 10.1.34.10)
  - Intel(R) PCI Express Root Port #6 - 43BD (driver 10.1.34.10)
  - Intel(R) PCI Express Root Port #9 - 43B0 (driver 10.1.34.10)
  - Intel(R) PEG10 - 4C01 (driver 10.1.41.5)
  - Intel(R) Serial IO GPIO Host Controller - INT34C6 (driver 30.100.2051.37)
  - Intel(R) Shared SRAM - 43EF (driver 10.1.34.10)
  - Intel(R) SPI (flash) Controller - 43A4 (driver 10.1.34.10)
  - Intel(R) Watchdog Timer Driver (Intel(R) WDT) (driver 11.7.0.1000)
  - Interfejs zarz¹dzania Microsoft Windows dla ACPI
  - Interfejs zarz¹dzania Microsoft Windows dla ACPI
  - Interfejs zarz¹dzania Microsoft Windows dla ACPI
  - Interfejs zarz¹dzania Microsoft Windows dla ACPI
  - Interfejs zarz¹dzania Microsoft Windows dla ACPI
  - Kontroler zgodny ze standardem High Definition Audio
  - Kontroler zgodny ze standardem High Definition Audio
  - Magistrala readresatora urz¹dzeñ us³ug pulpitu zdalnego
  - Mened¿er woluminów
  - Modu³ wyliczaj¹cy dysku wirtualnego firmy Microsoft
  - Modu³ wyliczaj¹cy magistrali g³ównej UMBus
  - Modu³ wyliczaj¹cy magistrali kompozytowej
  - Modu³ wyliczaj¹cy wirtualnej karty sieciowej NDIS
  - Podstawowy sterownik ekranu firmy Microsoft
  - Podstawowy sterownik renderowania firmy Microsoft
  - Procesor numeryczny
  - Programowalny kontroler przerwañ
  - Przycisk ACPI Fixed Feature
  - Przycisk uœpienia ACPI
  - Przycisk zasilania ACPI
  - Serwer PCI funkcji Microsoft Hyper-V
  - Sterownik BIOS zarz¹dzania systemem firmy Microsoft
  - Sterownik infrastruktury wirtualizacji funkcji Microsoft Hyper-V
  - Sterownik wybierania Ÿród³a ³adowania
  - Strefa termiczna ACPI
  - Synaptics SMBus Driver (driver 19.5.19.95)
  - System zgodny ze standardem Microsoft ACPI
  - System zgodny ze standardem Microsoft UEFI
  - Us³uga hosta funkcji hypervisor firmy Microsoft
  - Wtyczka aparatu zasilania firmy Intel(R)
  - Zasoby p³yty g³ównej
  - Zasoby p³yty g³ównej
  - Zasoby p³yty g³ównej
  - Zasoby p³yty g³ównej
  - Zasoby p³yty g³ównej
  - Zasoby p³yty g³ównej
  - Zasoby p³yty g³ównej
  - Zasoby p³yty g³ównej
  - Zespó³ g³ówny PCI Express
+ {50127dc3-0f36-415e-a6cc-4cb3be910b65}
  - 11th Gen Intel(R) Core(TM) i5-11400F @ 2.60GHz
  - 11th Gen Intel(R) Core(TM) i5-11400F @ 2.60GHz
  - 11th Gen Intel(R) Core(TM) i5-11400F @ 2.60GHz
  - 11th Gen Intel(R) Core(TM) i5-11400F @ 2.60GHz
  - 11th Gen Intel(R) Core(TM) i5-11400F @ 2.60GHz
  - 11th Gen Intel(R) Core(TM) i5-11400F @ 2.60GHz
  - 11th Gen Intel(R) Core(TM) i5-11400F @ 2.60GHz
  - 11th Gen Intel(R) Core(TM) i5-11400F @ 2.60GHz
  - 11th Gen Intel(R) Core(TM) i5-11400F @ 2.60GHz
  - 11th Gen Intel(R) Core(TM) i5-11400F @ 2.60GHz
  - 11th Gen Intel(R) Core(TM) i5-11400F @ 2.60GHz
  - 11th Gen Intel(R) Core(TM) i5-11400F @ 2.60GHz
+ {533c5b84-ec70-11d2-9505-00c04f79deaf}
  - Rodzajowa kopia w tle woluminów
  - Rodzajowa kopia w tle woluminów
  - Rodzajowa kopia w tle woluminów
  - Rodzajowa kopia w tle woluminów
+ {5c4c3332-344d-483c-8739-259e934c9cc8}
  - Intel(R) Dynamic Application Loader Host Interface (driver 1.44.2023.710)
  - Intel(R) iCLS Client (driver 1.71.99.0)
  - Intel(R) Management Engine WMI Provider (driver 2408.5.4.0)
+ {62f9c741-b25a-46ce-b54c-9bccce08b6f2}
  - LAPTOP-5CTTUAIM: szybyc@wp.pl:
  - Microsoft Device Association Root Enumerator
  - Microsoft Radio Device Enumeration Bus
  - Microsoft RRAS Root Enumerator
  - POLSATBOX4KLITE-
  - Syntezator SW Microsoft GS Wavetable
+ {745a17a0-74d3-11d0-b6fe-00a0c90f57da}
  - Kontroler systemu zgodny z HID
  - Kontroler systemu zgodny z HID
  - Urz¹dzenie steruj¹ce u¿ytkownika zgodne z HID
  - Urz¹dzenie steruj¹ce u¿ytkownika zgodne z HID
  - Urz¹dzenie wejœciowe USB
  - Urz¹dzenie wejœciowe USB
  - Urz¹dzenie wejœciowe USB
  - Urz¹dzenie wejœciowe USB
  - Urz¹dzenie wejœciowe USB
  - Urz¹dzenie zdefiniowane przez dostawcê zgodne z HID
  - Urz¹dzenie zdefiniowane przez dostawcê zgodne z HID
  - Urz¹dzenie zgodne z HID
+ {c166523c-fe0c-4a94-a586-f1a80cfbbf3e}
  - Cyfrowe urz¹dzenie audio (S/PDIF) (High Definition Audio Device)
  - Mikrofon (High Definition Audio Device)
  - Smart TV (NVIDIA High Definition Audio)
  - S³uchawki (High Definition Audio Device)
+ {f2e7dd72-6468-4e36-b6f1-6488f42c1b52}
  - Oprogramowanie uk³adowe urz¹dzenia

cpu registers:
eax = 1bc2fa78
ebx = 009ce893
ecx = 00000000
edx = 0be1fff8
esi = 009ce893
edi = 00f3eac4
eip = 009ce893
esp = 0190f8f4
ebp = 0190f93c

stack dump:
0190f8f4  93 e8 9c 00 de fa ed 0e - 01 00 00 00 07 00 00 00  ................
0190f904  08 f9 90 01 93 e8 9c 00 - 78 fa c2 1b 93 e8 9c 00  ........x.......
0190f914  93 e8 9c 00 c4 ea f3 00 - 3c f9 90 01 24 f9 90 01  ........<...$...
0190f924  04 00 00 00 f0 71 51 00 - c4 ea f3 00 64 fa 90 01  .....qQ.....d...
0190f934  33 72 51 00 28 e0 c6 04 - 4c f9 90 01 93 e8 9c 00  3rQ.(...L.......
0190f944  bb 02 00 0b 90 bf 9c 00 - 5c f9 90 01 ba d9 9c 00  ........\.......
0190f954  6c f9 01 0b f0 54 d9 20 - 6c f9 90 01 8c d9 9c 00  l....T. l.......
0190f964  47 00 00 0b f0 54 d9 20 - a0 f9 90 01 71 d6 9c 00  G....T. ....q...
0190f974  00 00 62 3f 00 00 30 3d - 08 00 00 00 08 00 00 00  ..b?..0=........
0190f984  01 00 12 00 00 00 00 00 - b6 70 51 00 c4 04 52 00  .........pQ...R.
0190f994  45 00 00 00 47 00 00 00 - f0 54 d9 20 b8 f9 90 01  E...G....T. ....
0190f9a4  23 d3 9c 00 0b 54 d9 20 - 45 00 00 00 47 00 00 00  #....T. E...G...
0190f9b4  f0 54 d9 20 e0 f9 90 01 - 39 86 ec 00 00 00 00 00  .T. ....9.......
0190f9c4  00 00 00 00 04 00 00 00 - 80 07 00 01 02 00 00 00  ................
0190f9d4  ff ff ff 01 45 00 00 00 - 47 00 00 00 58 fa 90 01  ....E...G...X...
0190f9e4  fa 88 ec 00 58 fa 90 01 - 28 fb 90 01 9c bb 51 00  ....X...(.....Q.
0190f9f4  58 fa 90 01 e0 4e 5d 03 - 00 00 00 00 00 00 00 00  X....N].........
0190fa04  11 0e 80 00 48 fa 90 01 - 1e 00 00 00 03 00 00 00  ....H...........
0190fa14  04 00 00 00 01 01 01 01 - 10 00 4c 00 00 00 00 00  ..........L.....
0190fa24  00 00 00 00 04 00 00 00 - 02 00 00 00 01 00 00 00  ................

disassembling:
[...]
009ce84a       mov     edx, $9ce8f4           ; 'TKMTerrainPainter.GetRandomTile 2'
009ce84f       mov     eax, 6
009ce854       call    +$53b1cb ($f09a24)     ; KM_CommonUtils.KaMRandom
009ce859       dec     eax
009ce85a       jnz     loc_9ce8b1
009ce85c 704   xor     eax, eax
009ce85e       mov     al, [ebp-5]
009ce861       imul    eax, eax, 4
009ce864       jno     loc_9ce86b
009ce866       call    -$4b44fb ($51a370)     ; System.@IntOver
009ce86b       movzx   eax, word ptr [eax*8+$f4f942]
009ce873       mov     cl, 1
009ce875       mov     edx, $9ce924           ; 'TKMTerrainPainter.GetRandomTile 3'
009ce87a       call    +$53b1a5 ($f09a24)     ; KM_CommonUtils.KaMRandom
009ce87f       add     eax, 1
009ce882       jno     loc_9ce889
009ce884       call    -$4b4519 ($51a370)     ; System.@IntOver
009ce889       cmp     eax, $f
009ce88c       jbe     loc_9ce893
009ce88e       call    -$4b452b ($51a368)     ; System.@BoundErr
009ce893     > xor     edx, edx
009ce895       mov     dl, [ebp-5]
009ce898       imul    edx, edx, 4
009ce89b       jno     loc_9ce8a2
009ce89d       call    -$4b4532 ($51a370)     ; System.@IntOver
009ce8a2       lea     edx, [edx*8+$f4f942]
009ce8a9       mov     ax, [edx+eax*2]
009ce8ad       mov     [ebp-8], ax
009ce8b1 705   mov     ax, [ebp-8]
009ce8b5       pop     ecx
009ce8b6       pop     ecx
009ce8b7       pop     ebp
009ce8b8       ret
                                      ================================================================================
                                                                       END BUG REPORT                                 
                                      ================================================================================
17:08:30.581    17,181s     259ms   2552    Creating crash report...
17:08:30.588    17,188s       7ms   2552    Attached file: E:\programowanie\projekty delphi\kam_expansion\Maps\Nowa Misja\Nowa Misja.dat
17:08:30.593    17,194s       6ms   2552    Attached file: E:\programowanie\projekty delphi\kam_expansion\Maps\Nowa Misja\Nowa Misja.map
17:08:30.600    17,200s       6ms   2552    Attached file: E:\programowanie\projekty delphi\kam_expansion\Maps\Nowa Misja\Nowa Misja.script
17:08:30.605    17,206s       6ms   2552    File already attached: E:\programowanie\projekty delphi\kam_expansion\Maps\Nowa Misja\Nowa Misja.script
17:08:30.611    17,212s       6ms   2552    Crash report created
17:08:30.618    17,218s       5ms   2552    UI at crash time: MainPanel sizes: (1920;1009), cursor pos: (1653;377), 
CtrlDown = nil
CtrlOver = nil
CtrlUp = ID=155 ParentID=110 Class=TKMCheckBox AbsPos: (9;775) Pos: (0;410) Sizes: [196;40]
CtrlFocus = nil
17:08:30.624    17,224s       6ms   2552    Attached file: E:\programowanie\projekty delphi\kam_expansion\Logs\KaM_2024-12-27_17-08-13-400.log
17:08:30.630    17,230s       6ms   2552    Attached file: C:\Users\szyby\OneDrive\Dokumenty\My Games\Knights and Merchants Remake\KaM Remake Settings KingDyronMod.xml
