   Timestamp    Elapsed     Delta  Thread    Description
========================
    Date: 2025.01.05
========================
19:05:52.880     0,001s       1ms  20784    Log is up and running. Game version: KaM Expansion: Co-op & World Update
19:05:52.885     0,006s       5ms  20784    Game Load started
19:05:52.904     0,025s      19ms  20784    Start loading 'GameApp settings' from 'C:\Users\szyby\OneDrive\Dokumenty\My Games\Knights and Merchants Remake\KaM Remake Settings KingDyronMod.xml'
19:05:52.909     0,030s       5ms  20784    'GameApp settings' was successfully loaded from 'C:\Users\szyby\OneDrive\Dokumenty\My Games\Knights and Merchants Remake\KaM Remake Settings KingDyronMod.xml'
19:05:52.926     0,047s       5ms  20784    Start saving 'GameApp settings' to 'C:\Users\szyby\OneDrive\Dokumenty\My Games\Knights and Merchants Remake\KaM Remake Settings KingDyronMod.xml'
008e8298 KaM_Expansion.exe KM_Settings        106 TKMSettings.SaveToDefaultFile
008e836b KaM_Expansion.exe KM_Settings        113 TKMSettings.SaveToDefaultFile
008e7f69 KaM_Expansion.exe KM_Settings         59 TKMSettings.Create
008e86a6 KaM_Expansion.exe KM_SettingsXML      38 TKMSettingsXML.Create
008e89e7 KaM_Expansion.exe KM_GameAppSettings  51 TKMGameAppSettings.Create
00afc868 KaM_Expansion.exe KM_Main            258 TKMMain.Start
00afcad7 KaM_Expansion.exe KM_Main            305 TKMMain.Start
00d7db2b KaM_Expansion.exe KaM_Expansion      480 initialization
00d7db5a KaM_Expansion.exe KaM_Expansion      483 initialization
76c97ba7 KERNEL32.DLL                             BaseThreadInitThunk

19:05:52.964     0,085s      38ms  20784    'GameApp settings' was successfully saved to 'C:\Users\szyby\OneDrive\Dokumenty\My Games\Knights and Merchants Remake\KaM Remake Settings KingDyronMod.xml'
19:05:53.012     0,133s      48ms  20784    Start loading 'Server settings' from 'C:\Users\szyby\OneDrive\Dokumenty\My Games\Knights and Merchants Remake\KaM Remake Server Settings.ini'
19:05:53.019     0,140s       7ms  20784    'Server settings' was successfully loaded from 'C:\Users\szyby\OneDrive\Dokumenty\My Games\Knights and Merchants Remake\KaM Remake Server Settings.ini'
19:05:53.026     0,147s       7ms  20784    Start saving 'Server settings' to 'C:\Users\szyby\OneDrive\Dokumenty\My Games\Knights and Merchants Remake\KaM Remake Server Settings.ini'
008e8298 KaM_Expansion.exe KM_Settings       106 TKMSettings.SaveToDefaultFile
008e836b KaM_Expansion.exe KM_Settings       113 TKMSettings.SaveToDefaultFile
008e7f69 KaM_Expansion.exe KM_Settings        59 TKMSettings.Create
00a25b28 KaM_Expansion.exe KM_ServerSettings 109 TKMServerSettings.Create
00af1c1c KaM_Expansion.exe KM_GameApp        213 TKMGameApp.Create
00af206e KaM_Expansion.exe KM_GameApp        295 TKMGameApp.Create
00afdade KaM_Expansion.exe KM_Main           635 TKMMain.ReinitRender
00afdcea KaM_Expansion.exe KM_Main           689 TKMMain.ReinitRender
00afc97e KaM_Expansion.exe KM_Main           281 TKMMain.Start
00afcad7 KaM_Expansion.exe KM_Main           305 TKMMain.Start
00d7db2b KaM_Expansion.exe KaM_Expansion     480 initialization
00d7db5a KaM_Expansion.exe KaM_Expansion     483 initialization
76c97ba7 KERNEL32.DLL                            BaseThreadInitThunk

19:05:53.039     0,160s      13ms  20784    'Server settings' was successfully saved to 'C:\Users\szyby\OneDrive\Dokumenty\My Games\Knights and Merchants Remake\KaM Remake Server Settings.ini'
19:05:53.046     0,167s       7ms  20784    Init Render started
19:05:53.399     0,520s     353ms  20784    GL_MAX_TEXTURE_SIZE = 32768
19:05:53.405     0,526s       6ms  20784    GL_MAX_VIEWPORT_DIM = 32768
                                      OpenGL Vendor: NVIDIA Corporation
                                      OpenGL Renderer: NVIDIA GeForce RTX 3060 Ti/PCIe/SSE2
                                      OpenGL Version: 4.6.0 NVIDIA 560.94
19:05:53.430     0,551s      25ms  20784    Init Render Done
19:05:53.435     0,556s       5ms  20784    Resource loading state - None
19:05:53.443     0,564s       7ms  20784    Reading palettes ... done
