   Timestamp    Elapsed     Delta  Thread    Description
========================
    Date: 2025.01.06
========================
10:57:37.979     0,001s       1ms   9132    Log is up and running. Game version: KaM Expansion: Co-op & World Update
10:57:37.985     0,007s       5ms   9132    Game Load started
10:57:37.995     0,017s      10ms   9132    Start loading 'GameApp settings' from 'C:\Users\szyby\OneDrive\Dokumenty\My Games\Knights and Merchants Remake\KaM Remake Settings KingDyronMod.xml'
10:57:38.001     0,023s       5ms   9132    'GameApp settings' was successfully loaded from 'C:\Users\szyby\OneDrive\Dokumenty\My Games\Knights and Merchants Remake\KaM Remake Settings KingDyronMod.xml'
10:57:38.017     0,039s       4ms   9132    Start saving 'GameApp settings' to 'C:\Users\szyby\OneDrive\Dokumenty\My Games\Knights and Merchants Remake\KaM Remake Settings KingDyronMod.xml'
013b82d4 KaM_Expansion.exe KM_Settings        106 TKMSettings.SaveToDefaultFile
013b83a7 KaM_Expansion.exe KM_Settings        113 TKMSettings.SaveToDefaultFile
013b7fa5 KaM_Expansion.exe KM_Settings         59 TKMSettings.Create
013b86e2 KaM_Expansion.exe KM_SettingsXML      38 TKMSettingsXML.Create
013b8a23 KaM_Expansion.exe KM_GameAppSettings  51 TKMGameAppSettings.Create
015cc768 KaM_Expansion.exe KM_Main            258 TKMMain.Start
015cc9d7 KaM_Expansion.exe KM_Main            305 TKMMain.Start
0184eb2b KaM_Expansion.exe KaM_Expansion      480 initialization
0184eb5a KaM_Expansion.exe KaM_Expansion      483 initialization
76c97ba7 KERNEL32.DLL                             BaseThreadInitThunk

10:57:38.057     0,079s      40ms   9132    'GameApp settings' was successfully saved to 'C:\Users\szyby\OneDrive\Dokumenty\My Games\Knights and Merchants Remake\KaM Remake Settings KingDyronMod.xml'
10:57:38.093     0,115s      36ms   9132    Start loading 'Server settings' from 'C:\Users\szyby\OneDrive\Dokumenty\My Games\Knights and Merchants Remake\KaM Remake Server Settings.ini'
10:57:38.099     0,122s       7ms   9132    'Server settings' was successfully loaded from 'C:\Users\szyby\OneDrive\Dokumenty\My Games\Knights and Merchants Remake\KaM Remake Server Settings.ini'
10:57:38.105     0,128s       6ms   9132    Start saving 'Server settings' to 'C:\Users\szyby\OneDrive\Dokumenty\My Games\Knights and Merchants Remake\KaM Remake Server Settings.ini'
013b82d4 KaM_Expansion.exe KM_Settings       106 TKMSettings.SaveToDefaultFile
013b83a7 KaM_Expansion.exe KM_Settings       113 TKMSettings.SaveToDefaultFile
013b7fa5 KaM_Expansion.exe KM_Settings        59 TKMSettings.Create
014f5b74 KaM_Expansion.exe KM_ServerSettings 109 TKMServerSettings.Create
015c1c73 KaM_Expansion.exe KM_GameApp        213 TKMGameApp.Create
015c1f9e KaM_Expansion.exe KM_GameApp        298 TKMGameApp.Create
015cd9de KaM_Expansion.exe KM_Main           635 TKMMain.ReinitRender
015cdbea KaM_Expansion.exe KM_Main           689 TKMMain.ReinitRender
015cc87e KaM_Expansion.exe KM_Main           281 TKMMain.Start
015cc9d7 KaM_Expansion.exe KM_Main           305 TKMMain.Start
0184eb2b KaM_Expansion.exe KaM_Expansion     480 initialization
0184eb5a KaM_Expansion.exe KaM_Expansion     483 initialization
76c97ba7 KERNEL32.DLL                            BaseThreadInitThunk

10:57:38.119     0,141s      12ms   9132    'Server settings' was successfully saved to 'C:\Users\szyby\OneDrive\Dokumenty\My Games\Knights and Merchants Remake\KaM Remake Server Settings.ini'
10:57:38.126     0,148s       6ms   9132    Init Render started
10:57:38.276     0,298s     150ms   9132    GL_MAX_TEXTURE_SIZE = 32768
10:57:38.283     0,305s       7ms   9132    GL_MAX_VIEWPORT_DIM = 32768
                                      OpenGL Vendor: NVIDIA Corporation
                                      OpenGL Renderer: NVIDIA GeForce RTX 3060 Ti/PCIe/SSE2
                                      OpenGL Version: 4.6.0 NVIDIA 560.94
10:57:38.308     0,330s      25ms   9132    Init Render Done
10:57:38.314     0,336s       6ms   9132    Resource loading state - None
10:57:38.321     0,343s       7ms   9132    Reading palettes ... done
10:57:38.330     0,352s       8ms   9132    Reading GUI.rx
10:57:38.336     0,358s       6ms   9132    Load Sprites started
10:57:38.343     0,366s       8ms   9132    GUI - 971
10:57:38.360     0,383s      17ms   9132    Load Sprites Done
10:57:38.395     0,417s      34ms   9132    Reading GUIMain.rx
10:57:38.403     0,425s       8ms   9132    Load Sprites started
10:57:38.409     0,431s       6ms   9132    GUIMain - 105
10:57:38.459     0,481s      50ms   9132    Load Sprites Done
10:57:38.513     0,535s      54ms   9132    Reading Tileset.rx
10:57:38.521     0,543s       7ms   9132    Load Sprites started
10:57:38.528     0,550s       7ms   9132    Tileset - 5449
10:57:38.542     0,564s      14ms   9132    Load Sprites Done
10:57:38.549     0,571s       7ms   9132    GenerateTerrainTransitions started. Legacy = False
10:57:38.555     0,577s       6ms   9132    TexId = 5451 GenTilesCnt = 2100
10:57:38.562     0,585s       8ms   9132    TexId = 6051; TexId - fGenTexIdStartI = 600; uniqueTex = 600; totalTex = 1350
10:57:38.568     0,590s       5ms   9132    GeneratedMasks cnt = 20
10:57:38.575     0,597s       7ms   9132    GenerateTerrainTransitions Done
10:57:38.581     0,604s       7ms   9132    GenerateTerrainTransitions started. Legacy = True
10:57:38.587     0,609s       5ms   9132    Legacy: TexId = 4999 GenTilesCntTemp = 2030
10:57:38.594     0,616s       7ms   9132    TexId = 5463; TexId - fGenTexIdStartILegacy = 464; uniqueTex = 464; totalTex = 1044
10:57:38.601     0,623s       7ms   9132    GeneratedMasks cnt = 16
10:57:38.607     0,629s       6ms   9132    GenerateTerrainTransitions Done
10:57:38.718     0,741s     112ms   9132    Load font started
10:57:38.757     0,779s      38ms   9132    Font load took 38ms
10:57:38.763     0,786s       7ms   9132    Read fonts is done
10:57:38.780     0,803s      17ms   9132    ReadGFX is done
10:57:38.788     0,810s       7ms   9132    Resource loading state - Menu
10:57:38.795     0,817s       7ms  18304    OpenAL init started
10:57:39.424     1,446s     629ms   9132    Music init done, 24 tracks found
                                      Loading campaign images.rxx for HKS
10:57:39.449     1,471s      25ms   3216    Custom - 1
10:57:39.455     1,477s       6ms  18304    Pre-LoadSFX init ... done
10:57:39.464     1,486s       9ms  18304    ALC_MONO_SOURCES 255
10:57:39.470     1,492s       6ms  18304    ALC_STEREO_SOURCES 1
10:57:39.477     1,500s       8ms   9132    Main menu init done
10:57:39.483     1,506s       6ms  18304    OpenAL init done
10:57:39.507     1,529s      23ms   9132    Check game folder 'E:\programowanie\projekty delphi\kam_expansion\' generic permissions: READ: granted; WRITE: granted; EXECUTE: granted; folder is writable: 
10:57:39.514     1,536s       7ms   9132    LoadGameResources ... AlphaShadows: True. Forced: True
10:57:39.520     1,543s       7ms   9132    TKMResSprites.LoadGameResources
10:57:39.527     1,549s       6ms   9132    [AsyncGameResLoader Thread] Started
10:57:39.533     1,555s       6ms   9132    Resource loading state - Game
10:57:39.540     1,562s       7ms   9132    ToggleFullscreen
10:57:39.545     1,567s       5ms   9132    Form Width/Height: 1040:805
10:57:39.551     1,573s       6ms   9132    Panel Width/Height: 764:723
10:57:39.558     1,580s       7ms   8468    [AsyncGameResLoader Thread] RT = rxTrees Stage = lsLoad
10:57:39.564     1,586s       6ms   8468    [AsyncGameResLoader Thread] Start Load RXX 'Trees.rxx'
10:57:39.571     1,593s       7ms   8468    Load Sprites started
10:57:39.577     1,599s       6ms   8468    Trees - 1227
10:57:39.698     1,720s     121ms   8468    Load Sprites Done
10:57:39.804     1,826s     106ms   8468    [AsyncGameResLoader Thread] DONE Load RXX 'Trees.rxa'
                                      Loading campaign images.rxx for KSN
10:57:39.830     1,852s      26ms   3216    Custom - 1
10:57:39.879     1,901s      49ms   9132    Saving dev settings to file 'kmr_dev.xml'
                                      Loading campaign images.rxx for KSO
10:57:39.925     1,947s      46ms   3216    Custom - 1
10:57:39.965     1,987s      40ms   9132    Saving dev settings to file 'kmr_dev.xml'
10:57:39.972     1,994s       7ms   9132    Game Load Done in 2023
10:57:39.979     2,001s       7ms   9132    [AsyncGameResLoader MainTh] [UpdateStateIdle] GenTextures RT = rxTrees Stage = lsGenMain
10:57:39.991     2,013s      12ms   9132    [AsyncGameResLoader MainTh] [UpdateStateIdle] DONE
10:57:40.005     2,027s       6ms   8468    [AsyncGameResLoader Thread] RT = rxTrees Stage = lsOverload
10:57:40.012     2,035s       8ms   8468    [AsyncGameResLoader Thread] OverloadFromFolder RT = rxTrees
                                      Loading campaign images.rxx for KSU
10:57:40.025     2,047s      12ms   8468    [AsyncGameResLoader Thread] DONE OverloadFromFolder RT = rxTrees
10:57:40.032     2,054s       7ms   3216    Custom - 1
10:57:40.038     2,060s       6ms   9132    [AsyncGameResLoader MainTh] [UpdateStateIdle] GenTextures RT = rxTrees Stage = lsGenOverload
10:57:40.045     2,067s       7ms   9132    [AsyncGameResLoader MainTh] [UpdateStateIdle] DONE
10:57:40.052     2,074s       7ms   8468    [AsyncGameResLoader Thread] RT = rxHouses Stage = lsLoad
10:57:40.059     2,081s       7ms   8468    [AsyncGameResLoader Thread] Start Load RXX 'Houses.rxx'
10:57:40.066     2,088s       7ms   8468    Load Sprites started
10:57:40.072     2,094s       6ms   8468    Houses - 2710
                                      Loading campaign images.rxx for OFL
10:57:40.086     2,108s      14ms   3216    Custom - 1
                                      Loading campaign images.rxx for OER
10:57:40.150     2,172s      64ms   3216    Custom - 1
10:57:40.157     2,179s       7ms   8468    Load Sprites Done
                                      Loading campaign images.rxx for TBK
10:57:40.185     2,207s      28ms   3216    Custom - 1
                                      Loading campaign images.rxx for TPR
10:57:40.245     2,267s      59ms   3216    Custom - 1
                                      Loading campaign images.rxx for TSK
10:57:40.284     2,306s      39ms   3216    Custom - 1
10:57:40.295     2,318s      12ms   8468    [AsyncGameResLoader Thread] DONE Load RXX 'Houses.rxa'
                                      Loading campaign images.rxx for TUA
10:57:40.320     2,342s      24ms   3216    Custom - 1
10:57:40.328     2,350s       8ms   9132    [AsyncGameResLoader MainTh] [UpdateStateIdle] GenTextures RT = rxHouses Stage = lsGenMain
10:57:40.341     2,363s      13ms   9132    [AsyncGameResLoader MainTh] [UpdateStateIdle] DONE
10:57:40.348     2,370s       7ms   8468    [AsyncGameResLoader Thread] RT = rxHouses Stage = lsOverload
10:57:40.354     2,376s       6ms   8468    [AsyncGameResLoader Thread] OverloadFromFolder RT = rxHouses
10:57:40.361     2,383s       7ms   8468    [AsyncGameResLoader Thread] DONE OverloadFromFolder RT = rxHouses
10:57:40.367     2,389s       6ms   9132    [AsyncGameResLoader MainTh] [UpdateStateIdle] GenTextures RT = rxHouses Stage = lsGenOverload
10:57:40.373     2,395s       6ms   9132    [AsyncGameResLoader MainTh] [UpdateStateIdle] DONE
10:57:40.380     2,402s       7ms   8468    [AsyncGameResLoader Thread] RT = rxUnits Stage = lsLoad
10:57:40.386     2,408s       6ms   8468    [AsyncGameResLoader Thread] Start Load RXX 'Units.rxx'
10:57:40.392     2,414s       6ms   8468    Load Sprites started
10:57:40.399     2,421s       7ms   8468    Units - 15213
                                      Loading campaign images.rxx for TMR
10:57:40.468     2,490s      69ms   3216    Custom - 1
10:57:40.899     2,921s     431ms   8468    Load Sprites Done
10:57:42.056     4,078s    1157ms   8468    [AsyncGameResLoader Thread] DONE Load RXX 'Units.rxa'
10:57:42.063     4,085s       7ms   9132    [AsyncGameResLoader MainTh] [UpdateStateIdle] GenTextures RT = rxUnits Stage = lsGenMain
10:57:42.130     4,152s      67ms   9132    [AsyncGameResLoader MainTh] [UpdateStateIdle] DONE
10:57:42.137     4,159s       6ms   8468    [AsyncGameResLoader Thread] RT = rxUnits Stage = lsOverload
10:57:42.144     4,166s       7ms   8468    [AsyncGameResLoader Thread] OverloadFromFolder RT = rxUnits
10:57:42.150     4,172s       6ms   8468    [AsyncGameResLoader Thread] DONE OverloadFromFolder RT = rxUnits
10:57:42.157     4,179s       7ms   9132    [AsyncGameResLoader MainTh] [UpdateStateIdle] GenTextures RT = rxUnits Stage = lsGenOverload
10:57:42.162     4,185s       6ms   9132    [AsyncGameResLoader Thread] Stopped
10:57:42.169     4,191s       6ms   9132    [AsyncGameResLoader MainTh] [UpdateStateIdle] DONE
                                      Loading campaign images.rxx for HKS
10:57:43.898     5,920s    1729ms   8168    Custom - 1
                                      Loading campaign images.rxx for KSN
10:57:43.970     5,992s      72ms   8168    Custom - 1
                                      Loading campaign images.rxx for KSO
10:57:44.028     6,050s      58ms   8168    Custom - 1
                                      Loading campaign images.rxx for KSU
10:57:44.096     6,118s      68ms   8168    Custom - 1
                                      Loading campaign images.rxx for OFL
10:57:44.156     6,178s      60ms   8168    Custom - 1
                                      Loading campaign images.rxx for OER
10:57:44.195     6,217s      39ms   8168    Custom - 1
                                      Loading campaign images.rxx for TBK
10:57:44.235     6,257s      40ms   8168    Custom - 1
                                      Loading campaign images.rxx for TPR
10:57:44.294     6,316s      59ms   8168    Custom - 1
                                      Loading campaign images.rxx for TSK
10:57:44.350     6,373s      57ms   8168    Custom - 1
                                      Loading campaign images.rxx for TUA
10:57:44.387     6,409s      36ms   8168    Custom - 1
10:57:44.454     6,476s      67ms   9132    LoadGameResources ... AlphaShadows: True. Forced: False
10:57:44.461     6,483s       7ms   9132    Resource loading state - Game
10:57:44.488     6,510s      27ms   9132    Saving dev settings to file 'kmr_dev.xml'
10:57:44.532     6,554s      44ms   9132    <== Game creation is done ==>
10:57:44.539     6,561s       7ms   9132    GameStart
10:57:44.545     6,567s       6ms   9132    Loading DAT file: E:\programowanie\projekty delphi\kam_expansion\Maps\Nowa Misja 2\Nowa Misja 2.dat
10:57:44.551     6,574s       7ms   9132    Loading map file: E:\programowanie\projekty delphi\kam_expansion\Maps\Nowa Misja 2\Nowa Misja 2.map
10:57:44.557     6,579s       5ms   9132    Map file loaded
10:57:44.760     6,782s     203ms   9132    Gameplay recording initialized ... done
10:57:44.767     6,789s       6ms   9132    Game options: PT = 0; SpeedPT = 1; SpeedAfterPT = 1; Seed = 0; Difficulty = mdNone
10:57:44.774     6,796s       7ms   9132    Gameplay initialized ... done
10:57:44.782     6,804s       8ms   9132    After game start
10:57:44.788     6,810s       6ms   9132    Set game seed: 795407667
10:57:44.795     6,817s       7ms   9132    After game start ... done
                                      Loading campaign images.rxx for TMR
10:57:44.849     6,871s      54ms   8168    Custom - 1
10:59:31.816   113,838s  106967ms   9132    Saving dev settings to file 'kmr_dev.xml'
10:59:32.638   114,660s     822ms   9132    Stopping game application...
10:59:32.671   114,693s      33ms   9132    Gameplay ended - grSilent /
10:59:32.679   114,701s       8ms   9132    Start saving 'Server settings' to 'C:\Users\szyby\OneDrive\Dokumenty\My Games\Knights and Merchants Remake\KaM Remake Server Settings.ini'
013b82d4 KaM_Expansion.exe KM_Settings        106 TKMSettings.SaveToDefaultFile
013b83a7 KaM_Expansion.exe KM_Settings        113 TKMSettings.SaveToDefaultFile
013b7fe0 KaM_Expansion.exe KM_Settings         65 TKMSettings.Destroy
014f5bba KaM_Expansion.exe KM_ServerSettings  117 TKMServerSettings.Destroy
00e1a764 KaM_Expansion.exe System              23 TObject.Free
010e8fe4 KaM_Expansion.exe KromUtils          281 FreeThenNil
015c21cb KaM_Expansion.exe KM_GameApp         333 TKMGameApp.Destroy
00e1a764 KaM_Expansion.exe System              23 TObject.Free
010e8fe4 KaM_Expansion.exe KromUtils          281 FreeThenNil
015ccdf9 KaM_Expansion.exe KM_Main            376 TKMMain.Stop
015cced8 KaM_Expansion.exe KM_Main            405 TKMMain.Stop
01839461 KaM_Expansion.exe KM_FormMain       2212 TFormMain.FormClose
01092df7 KaM_Expansion.exe Vcl.Forms              TCustomForm.DoClose
010987e5 KaM_Expansion.exe Vcl.Forms              TCustomForm.Close
01097424 KaM_Expansion.exe Vcl.Forms              TCustomForm.WMClose
00fe2cfa KaM_Expansion.exe Vcl.Controls           TControl.WndProc
00fe7ec1 KaM_Expansion.exe Vcl.Controls           TWinControl.WndProc
01093a38 KaM_Expansion.exe Vcl.Forms              TCustomForm.WndProc
01093a53 KaM_Expansion.exe Vcl.Forms              TCustomForm.WndProc
01838f4d KaM_Expansion.exe KM_FormMain       2051 TFormMain.WndProc

10:59:32.704   114,726s      25ms   9132    'Server settings' was successfully saved to 'C:\Users\szyby\OneDrive\Dokumenty\My Games\Knights and Merchants Remake\KaM Remake Server Settings.ini'
10:59:32.918   114,940s     214ms   9132    Start saving 'GameApp settings' to 'C:\Users\szyby\OneDrive\Dokumenty\My Games\Knights and Merchants Remake\KaM Remake Settings KingDyronMod.xml'
013b82d4 KaM_Expansion.exe KM_Settings         106 TKMSettings.SaveToDefaultFile
013b83a7 KaM_Expansion.exe KM_Settings         113 TKMSettings.SaveToDefaultFile
013b7fe0 KaM_Expansion.exe KM_Settings          65 TKMSettings.Destroy
013b873a KaM_Expansion.exe KM_SettingsXML       44 TKMSettingsXML.Destroy
013b8a66 KaM_Expansion.exe KM_GameAppSettings   57 TKMGameAppSettings.Destroy
00e1a764 KaM_Expansion.exe System               23 TObject.Free
010e8fe4 KaM_Expansion.exe KromUtils           281 FreeThenNil
015cce03 KaM_Expansion.exe KM_Main             378 TKMMain.Stop
015cced8 KaM_Expansion.exe KM_Main             405 TKMMain.Stop
01839461 KaM_Expansion.exe KM_FormMain        2212 TFormMain.FormClose
01092df7 KaM_Expansion.exe Vcl.Forms               TCustomForm.DoClose
010987e5 KaM_Expansion.exe Vcl.Forms               TCustomForm.Close
01097424 KaM_Expansion.exe Vcl.Forms               TCustomForm.WMClose
00fe2cfa KaM_Expansion.exe Vcl.Controls            TControl.WndProc
00fe7ec1 KaM_Expansion.exe Vcl.Controls            TWinControl.WndProc
01093a38 KaM_Expansion.exe Vcl.Forms               TCustomForm.WndProc
01093a53 KaM_Expansion.exe Vcl.Forms               TCustomForm.WndProc
01838f4d KaM_Expansion.exe KM_FormMain        2051 TFormMain.WndProc
00fe73cc KaM_Expansion.exe Vcl.Controls            TWinControl.MainWndProc
00fe73e7 KaM_Expansion.exe Vcl.Controls            TWinControl.MainWndProc

10:59:32.933   114,955s      15ms   9132    'GameApp settings' was successfully saved to 'C:\Users\szyby\OneDrive\Dokumenty\My Games\Knights and Merchants Remake\KaM Remake Settings KingDyronMod.xml'
