   Timestamp    Elapsed     Delta  Thread    Description
========================
    Date: 2025.01.04
========================
18:35:53.115     0,001s       1ms  18484    Log is up and running. Game version: KaM Expansion: Co-op & World Update
18:35:53.121     0,007s       6ms  18484    Game Load started
18:35:53.132     0,018s      11ms  18484    Start loading 'GameApp settings' from 'C:\Users\szyby\OneDrive\Dokumenty\My Games\Knights and Merchants Remake\KaM Remake Settings KingDyronMod.xml'
18:35:53.139     0,025s       7ms  18484    'GameApp settings' was successfully loaded from 'C:\Users\szyby\OneDrive\Dokumenty\My Games\Knights and Merchants Remake\KaM Remake Settings KingDyronMod.xml'
18:35:53.149     0,035s       6ms  18484    Start saving 'GameApp settings' to 'C:\Users\szyby\OneDrive\Dokumenty\My Games\Knights and Merchants Remake\KaM Remake Settings KingDyronMod.xml'
00858eb0 KaM_Expansion.exe KM_Settings        106 TKMSettings.SaveToDefaultFile
00858f83 KaM_Expansion.exe KM_Settings        113 TKMSettings.SaveToDefaultFile
00858b81 KaM_Expansion.exe KM_Settings         59 TKMSettings.Create
008592be KaM_Expansion.exe KM_SettingsXML      38 TKMSettingsXML.Create
008595ff KaM_Expansion.exe KM_GameAppSettings  51 TKMGameAppSettings.Create
00a6f0f4 KaM_Expansion.exe KM_Main            258 TKMMain.Start
00a6f363 KaM_Expansion.exe KM_Main            305 TKMMain.Start
00d02b2b KaM_Expansion.exe KaM_Expansion      480 initialization
00d02b5a KaM_Expansion.exe KaM_Expansion      483 initialization
76c97ba7 KERNEL32.DLL                             BaseThreadInitThunk

18:35:53.188     0,074s      39ms  18484    'GameApp settings' was successfully saved to 'C:\Users\szyby\OneDrive\Dokumenty\My Games\Knights and Merchants Remake\KaM Remake Settings KingDyronMod.xml'
18:35:53.223     0,109s      35ms  18484    Start loading 'Server settings' from 'C:\Users\szyby\OneDrive\Dokumenty\My Games\Knights and Merchants Remake\KaM Remake Server Settings.ini'
18:35:53.231     0,118s       9ms  18484    'Server settings' was successfully loaded from 'C:\Users\szyby\OneDrive\Dokumenty\My Games\Knights and Merchants Remake\KaM Remake Server Settings.ini'
18:35:53.238     0,125s       7ms  18484    Start saving 'Server settings' to 'C:\Users\szyby\OneDrive\Dokumenty\My Games\Knights and Merchants Remake\KaM Remake Server Settings.ini'
00858eb0 KaM_Expansion.exe KM_Settings       106 TKMSettings.SaveToDefaultFile
00858f83 KaM_Expansion.exe KM_Settings       113 TKMSettings.SaveToDefaultFile
00858b81 KaM_Expansion.exe KM_Settings        59 TKMSettings.Create
009983a0 KaM_Expansion.exe KM_ServerSettings 109 TKMServerSettings.Create
00a644a8 KaM_Expansion.exe KM_GameApp        213 TKMGameApp.Create
00a648fa KaM_Expansion.exe KM_GameApp        295 TKMGameApp.Create
00a7036a KaM_Expansion.exe KM_Main           635 TKMMain.ReinitRender
00a70576 KaM_Expansion.exe KM_Main           689 TKMMain.ReinitRender
00a6f20a KaM_Expansion.exe KM_Main           281 TKMMain.Start
00a6f363 KaM_Expansion.exe KM_Main           305 TKMMain.Start
00d02b2b KaM_Expansion.exe KaM_Expansion     480 initialization
00d02b5a KaM_Expansion.exe KaM_Expansion     483 initialization
76c97ba7 KERNEL32.DLL                            BaseThreadInitThunk

18:35:53.252     0,138s      13ms  18484    'Server settings' was successfully saved to 'C:\Users\szyby\OneDrive\Dokumenty\My Games\Knights and Merchants Remake\KaM Remake Server Settings.ini'
18:35:53.259     0,145s       7ms  18484    Init Render started
18:35:53.389     0,275s     130ms  18484    GL_MAX_TEXTURE_SIZE = 32768
18:35:53.397     0,283s       8ms  18484    GL_MAX_VIEWPORT_DIM = 32768
                                      OpenGL Vendor: NVIDIA Corporation
                                      OpenGL Renderer: NVIDIA GeForce RTX 3060 Ti/PCIe/SSE2
                                      OpenGL Version: 4.6.0 NVIDIA 560.94
18:35:53.421     0,308s      25ms  18484    Init Render Done
18:35:53.428     0,315s       7ms  18484    Resource loading state - None
18:35:53.435     0,321s       6ms  18484    Reading palettes ... done
18:35:53.443     0,330s       9ms  18484    Reading GUI.rx
18:35:53.450     0,336s       6ms  18484    Load Sprites started
18:35:53.456     0,342s       6ms  18484    GUI - 966
18:35:53.478     0,364s      22ms  18484    Load Sprites Done
18:35:53.516     0,402s      38ms  18484    Reading GUIMain.rx
18:35:53.523     0,409s       7ms  18484    Load Sprites started
18:35:53.529     0,415s       6ms  18484    GUIMain - 105
18:35:53.581     0,468s      53ms  18484    Load Sprites Done
18:35:53.637     0,523s      55ms  18484    Reading Tileset.rx
18:35:53.644     0,530s       7ms  18484    Load Sprites started
18:35:53.650     0,536s       6ms  18484    Tileset - 5449
18:35:53.687     0,573s      37ms  18484    Load Sprites Done
18:35:53.695     0,581s       8ms  18484    GenerateTerrainTransitions started. Legacy = False
18:35:53.701     0,587s       6ms  18484    TexId = 5451 GenTilesCnt = 2100
18:35:53.707     0,593s       6ms  18484    TexId = 6051; TexId - fGenTexIdStartI = 600; uniqueTex = 600; totalTex = 1350
18:35:53.715     0,601s       8ms  18484    GeneratedMasks cnt = 20
18:35:53.721     0,607s       6ms  18484    GenerateTerrainTransitions Done
18:35:53.727     0,613s       6ms  18484    GenerateTerrainTransitions started. Legacy = True
18:35:53.733     0,619s       6ms  18484    Legacy: TexId = 4999 GenTilesCntTemp = 2030
18:35:53.739     0,625s       6ms  18484    TexId = 5463; TexId - fGenTexIdStartILegacy = 464; uniqueTex = 464; totalTex = 1044
18:35:53.747     0,633s       8ms  18484    GeneratedMasks cnt = 16
18:35:53.754     0,640s       7ms  18484    GenerateTerrainTransitions Done
18:35:53.864     0,750s     110ms  18484    Load font started
18:35:53.902     0,788s      38ms  18484    Font load took 38ms
18:35:53.909     0,795s       7ms  18484    Read fonts is done
18:35:53.926     0,812s      17ms  18484    ReadGFX is done
18:35:53.934     0,820s       8ms  18484    Resource loading state - Menu
18:35:53.941     0,827s       7ms   1448    OpenAL init started
18:35:54.577     1,463s     636ms  18484    Music init done, 24 tracks found
                                      Loading campaign images.rxx for HKS
18:35:54.603     1,490s      27ms  12180    Custom - 1
18:35:54.611     1,497s       7ms   1448    Pre-LoadSFX init ... done
18:35:54.618     1,504s       7ms   1448    ALC_MONO_SOURCES 255
18:35:54.625     1,511s       7ms   1448    ALC_STEREO_SOURCES 1
18:35:54.632     1,518s       7ms  18484    Main menu init done
18:35:54.638     1,524s       6ms   1448    OpenAL init done
18:35:54.660     1,546s      22ms  18484    Check game folder 'E:\programowanie\projekty delphi\kam_expansion\' generic permissions: READ: granted; WRITE: granted; EXECUTE: granted; folder is writable: 
18:35:54.666     1,554s       8ms  18484    LoadGameResources ... AlphaShadows: True. Forced: True
18:35:54.674     1,560s       6ms  18484    TKMResSprites.LoadGameResources
18:35:54.680     1,566s       6ms  18484    [AsyncGameResLoader Thread] Started
18:35:54.687     1,574s       8ms  18484    Resource loading state - Game
18:35:54.694     1,580s       6ms  18484    ToggleFullscreen
18:35:54.700     1,586s       6ms  18484    Form Width/Height: 1040:759
18:35:54.707     1,593s       7ms  18484    Panel Width/Height: 1024:720
18:35:54.714     1,600s       7ms  12396    [AsyncGameResLoader Thread] RT = rxTrees Stage = lsLoad
18:35:54.720     1,606s       6ms  12396    [AsyncGameResLoader Thread] Start Load RXX 'Trees.rxx'
18:35:54.727     1,613s       7ms  12396    Load Sprites started
18:35:54.734     1,620s       7ms  12396    Trees - 1216
                                      Loading campaign images.rxx for KSN
18:35:54.756     1,642s      22ms  12180    Custom - 1
18:35:54.765     1,651s       9ms  18484    Saving dev settings to file 'kmr_dev.xml'
18:35:54.799     1,686s      35ms  18484    Saving dev settings to file 'kmr_dev.xml'
18:35:54.824     1,710s      24ms  18484    Game Load Done in 1738
                                      Loading campaign images.rxx for KSO
18:35:54.846     1,732s      22ms  12180    Custom - 1
18:35:54.869     1,755s      23ms  12396    Load Sprites Done
                                      Loading campaign images.rxx for KSU
18:35:54.905     1,791s      36ms  12180    Custom - 1
                                      Loading campaign images.rxx for OFL
18:35:54.960     1,846s      54ms  12180    Custom - 1
18:35:54.966     1,852s       6ms  12396    [AsyncGameResLoader Thread] DONE Load RXX 'Trees.rxa'
18:35:54.973     1,859s       7ms  18484    [AsyncGameResLoader MainTh] [UpdateStateIdle] GenTextures RT = rxTrees Stage = lsGenMain
18:35:54.987     1,873s      14ms  18484    [AsyncGameResLoader MainTh] [UpdateStateIdle] DONE
18:35:54.994     1,880s       7ms  12396    [AsyncGameResLoader Thread] RT = rxTrees Stage = lsOverload
18:35:55.001     1,887s       7ms  12396    [AsyncGameResLoader Thread] OverloadFromFolder RT = rxTrees
                                      Loading campaign images.rxx for OER
18:35:55.014     1,900s      13ms  12180    Custom - 1
18:35:55.023     1,909s       9ms  12396    [AsyncGameResLoader Thread] DONE OverloadFromFolder RT = rxTrees
18:35:55.035     1,921s      12ms  18484    [AsyncGameResLoader MainTh] [UpdateStateIdle] GenTextures RT = rxTrees Stage = lsGenOverload
18:35:55.041     1,927s       6ms  18484    [AsyncGameResLoader MainTh] [UpdateStateIdle] DONE
18:35:55.048     1,934s       6ms  12396    [AsyncGameResLoader Thread] RT = rxHouses Stage = lsLoad
                                      Loading campaign images.rxx for TBK
18:35:55.059     1,945s      11ms  12396    [AsyncGameResLoader Thread] Start Load RXX 'Houses.rxx'
18:35:55.066     1,952s       7ms  12396    Load Sprites started
18:35:55.072     1,959s       7ms  12180    Custom - 1
18:35:55.078     1,964s       5ms  12396    Houses - 2709
                                      Loading campaign images.rxx for TPR
18:35:55.135     2,021s      57ms  12180    Custom - 1
                                      Loading campaign images.rxx for TSK
18:35:55.191     2,077s      56ms  12180    Custom - 1
                                      Loading campaign images.rxx for TUA
18:35:55.240     2,126s      49ms  12180    Custom - 1
18:35:55.271     2,157s      31ms  12396    Load Sprites Done
                                      Loading campaign images.rxx for TMR
18:35:55.389     2,276s     119ms  12180    Custom - 1
18:35:55.419     2,306s      30ms  12396    [AsyncGameResLoader Thread] DONE Load RXX 'Houses.rxa'
18:35:55.427     2,313s       7ms  18484    [AsyncGameResLoader MainTh] [UpdateStateIdle] GenTextures RT = rxHouses Stage = lsGenMain
18:35:55.442     2,328s      15ms  18484    [AsyncGameResLoader MainTh] [UpdateStateIdle] DONE
18:35:55.449     2,335s       7ms  12396    [AsyncGameResLoader Thread] RT = rxHouses Stage = lsOverload
18:35:55.456     2,342s       7ms  12396    [AsyncGameResLoader Thread] OverloadFromFolder RT = rxHouses
18:35:55.569     2,455s     113ms  12396    [AsyncGameResLoader Thread] DONE OverloadFromFolder RT = rxHouses
18:35:55.578     2,465s      10ms  18484    [AsyncGameResLoader MainTh] [UpdateStateIdle] GenTextures RT = rxHouses Stage = lsGenOverload
18:35:55.584     2,470s       5ms  18484    [AsyncGameResLoader MainTh] [UpdateStateIdle] DONE
18:35:55.590     2,476s       6ms  12396    [AsyncGameResLoader Thread] RT = rxUnits Stage = lsLoad
18:35:55.597     2,483s       6ms  12396    [AsyncGameResLoader Thread] Start Load RXX 'Units.rxx'
18:35:55.603     2,489s       6ms  12396    Load Sprites started
18:35:55.609     2,495s       6ms  12396    Units - 14845
18:35:56.405     3,291s     796ms  12396    Load Sprites Done
18:35:57.512     4,398s    1107ms  12396    [AsyncGameResLoader Thread] DONE Load RXX 'Units.rxa'
18:35:57.525     4,411s      13ms  18484    [AsyncGameResLoader MainTh] [UpdateStateIdle] GenTextures RT = rxUnits Stage = lsGenMain
18:35:57.598     4,485s      74ms  18484    [AsyncGameResLoader MainTh] [UpdateStateIdle] DONE
18:35:57.606     4,492s       7ms  12396    [AsyncGameResLoader Thread] RT = rxUnits Stage = lsOverload
18:35:57.612     4,499s       7ms  12396    [AsyncGameResLoader Thread] OverloadFromFolder RT = rxUnits
18:35:57.954     4,840s     341ms  12396    [AsyncGameResLoader Thread] DONE OverloadFromFolder RT = rxUnits
18:35:57.963     4,849s       9ms  18484    [AsyncGameResLoader MainTh] [UpdateStateIdle] GenTextures RT = rxUnits Stage = lsGenOverload
18:35:57.969     4,855s       6ms  18484    [AsyncGameResLoader Thread] Stopped
18:35:57.976     4,862s       7ms  18484    [AsyncGameResLoader MainTh] [UpdateStateIdle] DONE
18:36:27.892    34,778s   29916ms  18484    LoadGameResources ... AlphaShadows: True. Forced: False
18:36:27.902    34,788s      10ms  18484    Resource loading state - Game
18:36:27.925    34,811s      23ms  18484    Saving dev settings to file 'kmr_dev.xml'
18:36:27.982    34,868s      57ms  18484    <== Game creation is done ==>
18:36:27.988    34,874s       6ms  18484    GameStart
18:36:27.995    34,881s       7ms  18484    Loading DAT file: E:\programowanie\projekty delphi\kam_expansion\Maps\8.Alternatives\8.Alternatives.dat
18:36:28.000    34,886s       5ms  18484    Loading map file: E:\programowanie\projekty delphi\kam_expansion\Maps\8.Alternatives\8.Alternatives.map
18:36:28.008    34,894s       8ms  18484    Map file loaded
18:36:28.028    34,914s      20ms  18484    Gameplay recording initialized ... done
18:36:28.035    34,921s       7ms  18484    Game options: PT = 0; SpeedPT = 1; SpeedAfterPT = 1; Seed = 0; Difficulty = mdNone
18:36:28.041    34,928s       7ms  18484    Gameplay initialized ... done
18:36:28.046    34,933s       5ms  18484    After game start
18:36:28.056    34,943s      10ms  18484    Set game seed: 1619644350
18:36:28.062    34,948s       5ms  18484    Saving game at tick 0 to 'E:\programowanie\projekty delphi\kam_expansion\Saves\basesave\basesave.bas'
18:36:28.070    34,956s       8ms  18484    After game start ... done
18:36:36.516    43,402s    8446ms  18484    Issue gicGameAutoSave command at tick 600
18:36:36.528    43,414s      12ms  18484    Saving game at tick 600 to 'E:\programowanie\projekty delphi\kam_expansion\Saves\autosave\autosave.sav'
18:36:38.981    45,867s    2453ms  18484    Issue gicGameAutoSave command at tick 1200
18:36:38.987    45,873s       6ms  18484    Saving game at tick 1200 to 'E:\programowanie\projekty delphi\kam_expansion\Saves\autosave\autosave.sav'
18:36:41.999    48,886s    3013ms  18484    Issue gicGameAutoSave command at tick 1800
18:36:42.006    48,892s       6ms  18484    Saving game at tick 1800 to 'E:\programowanie\projekty delphi\kam_expansion\Saves\autosave\autosave.sav'
18:36:43.014    49,900s    1008ms  18484    Issue gicGameAutoSave command at tick 2400
18:36:43.020    49,906s       6ms  18484    Saving game at tick 2400 to 'E:\programowanie\projekty delphi\kam_expansion\Saves\autosave\autosave.sav'
18:37:46.782   113,668s   63762ms  18484    Gameplay ended - grCancel /
18:37:48.242   115,128s    1460ms  18484    LoadGameResources ... AlphaShadows: True. Forced: False
18:37:48.251   115,137s       8ms  18484    Resource loading state - Game
18:37:48.276   115,162s      25ms  18484    Saving dev settings to file 'kmr_dev.xml'
18:37:48.331   115,218s      56ms  18484    <== Game creation is done ==>
18:37:48.338   115,225s       7ms  18484    GameStart
18:37:48.344   115,230s       5ms  18484    Loading DAT file: E:\programowanie\projekty delphi\kam_expansion\Maps\8.Alternatives\8.Alternatives.dat
18:37:48.360   115,246s      16ms  18484    Loading map file: E:\programowanie\projekty delphi\kam_expansion\Maps\8.Alternatives\8.Alternatives.map
18:37:48.367   115,253s       7ms  18484    Map file loaded
18:37:48.387   115,273s      20ms  18484    Gameplay recording initialized ... done
18:37:48.394   115,280s       7ms  18484    Game options: PT = 0; SpeedPT = 1; SpeedAfterPT = 1; Seed = 0; Difficulty = mdNone
18:37:48.399   115,285s       5ms  18484    Gameplay initialized ... done
18:37:48.404   115,291s       5ms  18484    After game start
18:37:48.414   115,300s       9ms  18484    Set game seed: 1647036295
18:37:48.419   115,305s       5ms  18484    Saving game at tick 0 to 'E:\programowanie\projekty delphi\kam_expansion\Saves\basesave\basesave.bas'
18:37:48.428   115,314s       7ms  18484    After game start ... done
18:38:48.398   175,284s   59970ms  18484    Issue gicGameAutoSave command at tick 600
18:38:48.404   175,291s       7ms  18484    Saving game at tick 600 to 'E:\programowanie\projekty delphi\kam_expansion\Saves\autosave\autosave.sav'
18:39:48.397   235,283s   59992ms  18484    Issue gicGameAutoSave command at tick 1200
18:39:48.405   235,292s       9ms  18484    Saving game at tick 1200 to 'E:\programowanie\projekty delphi\kam_expansion\Saves\autosave\autosave.sav'
18:40:48.382   295,268s   59976ms  18484    Issue gicGameAutoSave command at tick 1800
18:40:48.391   295,277s       9ms  18484    Saving game at tick 1800 to 'E:\programowanie\projekty delphi\kam_expansion\Saves\autosave\autosave.sav'
18:41:48.380   355,267s   59990ms  18484    Issue gicGameAutoSave command at tick 2400
18:41:48.388   355,275s       8ms  18484    Saving game at tick 2400 to 'E:\programowanie\projekty delphi\kam_expansion\Saves\autosave\autosave.sav'
18:42:48.380   415,267s   59992ms  18484    Issue gicGameAutoSave command at tick 3000
18:42:48.388   415,274s       6ms  18484    Saving game at tick 3000 to 'E:\programowanie\projekty delphi\kam_expansion\Saves\autosave\autosave.sav'
18:43:48.384   475,270s   59996ms  18484    Issue gicGameAutoSave command at tick 3600
18:43:48.391   475,277s       7ms  18484    Saving game at tick 3600 to 'E:\programowanie\projekty delphi\kam_expansion\Saves\autosave\autosave.sav'
18:44:15.732   502,618s   27341ms  18484    Gameplay ended - grSilent /
18:44:15.760   502,647s      28ms  18484    LoadGameResources ... AlphaShadows: True. Forced: False
18:44:15.769   502,655s       8ms  18484    Resource loading state - Game
18:44:15.793   502,679s      24ms  18484    Saving dev settings to file 'kmr_dev.xml'
18:44:15.849   502,735s      56ms  18484    <== Game creation is done ==>
18:44:15.857   502,743s       7ms  18484    GameStart
18:44:15.861   502,748s       5ms  18484    Loading DAT file: E:\programowanie\projekty delphi\kam_expansion\Maps\8.Alternatives\8.Alternatives.dat
18:44:15.868   502,754s       6ms  18484    Loading map file: E:\programowanie\projekty delphi\kam_expansion\Maps\8.Alternatives\8.Alternatives.map
18:44:15.876   502,762s       8ms  18484    Map file loaded
18:44:15.895   502,781s      19ms  18484    Gameplay recording initialized ... done
18:44:15.902   502,788s       7ms  18484    Game options: PT = 0; SpeedPT = 1; SpeedAfterPT = 1; Seed = 0; Difficulty = mdNone
18:44:15.907   502,793s       5ms  18484    Gameplay initialized ... done
18:44:15.913   502,799s       6ms  18484    After game start
18:44:15.921   502,807s       8ms  18484    Set game seed: 140851555
18:44:15.928   502,814s       7ms  18484    Saving game at tick 0 to 'E:\programowanie\projekty delphi\kam_expansion\Saves\basesave\basesave.bas'
18:44:15.935   502,821s       7ms  18484    After game start ... done
18:44:51.365   538,251s   35430ms  18484    Issue gicGameAutoSave command at tick 600
18:44:51.375   538,261s       9ms  18484    Saving game at tick 600 to 'E:\programowanie\projekty delphi\kam_expansion\Saves\autosave\autosave.sav'
18:44:55.182   542,068s    3807ms  18484    Issue gicGameAutoSave command at tick 1200
18:44:55.188   542,075s       7ms  18484    Saving game at tick 1200 to 'E:\programowanie\projekty delphi\kam_expansion\Saves\autosave\autosave.sav'
18:44:58.531   545,418s    3343ms  18484    Issue gicGameAutoSave command at tick 1800
18:44:58.538   545,424s       6ms  18484    Saving game at tick 1800 to 'E:\programowanie\projekty delphi\kam_expansion\Saves\autosave\autosave.sav'
18:45:04.531   551,417s    5993ms  18484    Issue gicGameAutoSave command at tick 2400
18:45:04.539   551,425s       8ms  18484    Saving game at tick 2400 to 'E:\programowanie\projekty delphi\kam_expansion\Saves\autosave\autosave.sav'
18:45:18.230   565,116s   13691ms  18484    Issue gicGameAutoSave command at tick 3000
18:45:18.238   565,124s       7ms  18484    Saving game at tick 3000 to 'E:\programowanie\projekty delphi\kam_expansion\Saves\autosave\autosave.sav'
18:45:52.216   599,102s   33978ms  18484    Issue gicGameAutoSave command at tick 3600
18:45:52.225   599,111s       9ms  18484    Saving game at tick 3600 to 'E:\programowanie\projekty delphi\kam_expansion\Saves\autosave\autosave.sav'
18:46:45.252   652,138s   53027ms  18484    Issue gicGameAutoSave command at tick 4200
18:46:45.260   652,146s       8ms  18484    Saving game at tick 4200 to 'E:\programowanie\projekty delphi\kam_expansion\Saves\autosave\autosave.sav'
18:47:02.048   668,934s   16788ms  18484    Issue gicGameAutoSave command at tick 4800
18:47:02.058   668,944s       9ms  18484    Saving game at tick 4800 to 'E:\programowanie\projekty delphi\kam_expansion\Saves\autosave\autosave.sav'
18:47:21.750   688,636s   19692ms  18484    Issue gicGameAutoSave command at tick 5400
18:47:21.757   688,643s       7ms  18484    Saving game at tick 5400 to 'E:\programowanie\projekty delphi\kam_expansion\Saves\autosave\autosave.sav'
18:47:30.702   697,589s    8946ms  18484    Issue gicGameAutoSave command at tick 6000
18:47:30.709   697,595s       6ms  18484    Saving game at tick 6000 to 'E:\programowanie\projekty delphi\kam_expansion\Saves\autosave\autosave.sav'
18:48:20.332   747,218s   49623ms  18484    Issue gicGameAutoSave command at tick 6600
18:48:20.338   747,225s       7ms  18484    Saving game at tick 6600 to 'E:\programowanie\projekty delphi\kam_expansion\Saves\autosave\autosave.sav'
18:48:49.115   776,001s   28776ms  18484    Issue gicGameAutoSave command at tick 7200
18:48:49.122   776,008s       7ms  18484    Saving game at tick 7200 to 'E:\programowanie\projekty delphi\kam_expansion\Saves\autosave\autosave.sav'
18:49:14.099   800,985s   24977ms  18484    Issue gicGameAutoSave command at tick 7800
18:49:14.107   800,994s       9ms  18484    Saving game at tick 7800 to 'E:\programowanie\projekty delphi\kam_expansion\Saves\autosave\autosave.sav'
18:49:31.469   818,355s   17361ms  18484    Issue gicGameAutoSave command at tick 8400
18:49:31.476   818,362s       7ms  18484    Saving game at tick 8400 to 'E:\programowanie\projekty delphi\kam_expansion\Saves\autosave\autosave.sav'
18:49:37.482   824,368s    6006ms  18484    Make savepoint at tick 8999
18:49:37.488   824,375s       7ms  18484    Issue gicGameAutoSave command at tick 9000
18:49:37.495   824,381s       5ms  18484    Saving game at tick 9000 to 'E:\programowanie\projekty delphi\kam_expansion\Saves\autosave\autosave.sav'
18:49:43.466   830,352s    5971ms  18484    Issue gicGameAutoSave command at tick 9600
18:49:43.473   830,359s       7ms  18484    Saving game at tick 9600 to 'E:\programowanie\projekty delphi\kam_expansion\Saves\autosave\autosave.sav'
18:49:49.466   836,352s    5993ms  18484    Issue gicGameAutoSave command at tick 10200
18:49:49.473   836,359s       6ms  18484    Saving game at tick 10200 to 'E:\programowanie\projekty delphi\kam_expansion\Saves\autosave\autosave.sav'
18:49:55.466   842,352s    5993ms  18484    Issue gicGameAutoSave command at tick 10800
18:49:55.473   842,359s       7ms  18484    Saving game at tick 10800 to 'E:\programowanie\projekty delphi\kam_expansion\Saves\autosave\autosave.sav'
18:50:01.466   848,352s    5993ms  18484    Issue gicGameAutoSave command at tick 11400
18:50:01.473   848,359s       7ms  18484    Saving game at tick 11400 to 'E:\programowanie\projekty delphi\kam_expansion\Saves\autosave\autosave.sav'
18:50:07.466   854,352s    5993ms  18484    Issue gicGameAutoSave command at tick 12000
18:50:07.473   854,359s       6ms  18484    Saving game at tick 12000 to 'E:\programowanie\projekty delphi\kam_expansion\Saves\autosave\autosave.sav'
18:50:13.467   860,353s    5994ms  18484    Issue gicGameAutoSave command at tick 12600
18:50:13.473   860,359s       6ms  18484    Saving game at tick 12600 to 'E:\programowanie\projekty delphi\kam_expansion\Saves\autosave\autosave.sav'
18:50:19.466   866,352s    5992ms  18484    Issue gicGameAutoSave command at tick 13200
18:50:19.475   866,361s       9ms  18484    Saving game at tick 13200 to 'E:\programowanie\projekty delphi\kam_expansion\Saves\autosave\autosave.sav'
18:50:43.472   890,359s   23998ms  18484    Issue gicGameAutoSave command at tick 13800
18:50:43.480   890,366s       7ms  18484    Saving game at tick 13800 to 'E:\programowanie\projekty delphi\kam_expansion\Saves\autosave\autosave.sav'
18:51:00.717   907,603s   17237ms  18484    Issue gicGameAutoSave command at tick 14400
18:51:00.723   907,609s       6ms  18484    Saving game at tick 14400 to 'E:\programowanie\projekty delphi\kam_expansion\Saves\autosave\autosave.sav'
18:51:06.716   913,602s    5993ms  18484    Issue gicGameAutoSave command at tick 15000
18:51:06.723   913,609s       7ms  18484    Saving game at tick 15000 to 'E:\programowanie\projekty delphi\kam_expansion\Saves\autosave\autosave.sav'
18:51:12.719   919,605s    5996ms  18484    Issue gicGameAutoSave command at tick 15600
18:51:12.727   919,613s       7ms  18484    Saving game at tick 15600 to 'E:\programowanie\projekty delphi\kam_expansion\Saves\autosave\autosave.sav'
18:51:18.717   925,603s    5990ms  18484    Issue gicGameAutoSave command at tick 16200
18:51:18.724   925,610s       7ms  18484    Saving game at tick 16200 to 'E:\programowanie\projekty delphi\kam_expansion\Saves\autosave\autosave.sav'
18:51:24.718   931,604s    5994ms  18484    Issue gicGameAutoSave command at tick 16800
18:51:24.727   931,613s       9ms  18484    Saving game at tick 16800 to 'E:\programowanie\projekty delphi\kam_expansion\Saves\autosave\autosave.sav'
18:52:03.570   970,456s   38843ms  18484    Issue gicGameAutoSave command at tick 17400
18:52:03.577   970,463s       7ms  18484    Saving game at tick 17400 to 'E:\programowanie\projekty delphi\kam_expansion\Saves\autosave\autosave.sav'
18:52:58.601  1025,488s   55025ms  18484    Make savepoint at tick 17999
18:52:58.610  1025,496s       8ms  18484    Issue gicGameAutoSave command at tick 18000
18:52:58.617  1025,503s       7ms  18484    Saving game at tick 18000 to 'E:\programowanie\projekty delphi\kam_expansion\Saves\autosave\autosave.sav'
18:53:09.733  1036,619s   11116ms  18484    Issue gicGameAutoSave command at tick 18600
18:53:09.740  1036,627s       8ms  18484    Saving game at tick 18600 to 'E:\programowanie\projekty delphi\kam_expansion\Saves\autosave\autosave.sav'
18:53:38.951  1065,837s   29210ms  18484    Issue gicGameAutoSave command at tick 19200
18:53:38.957  1065,843s       6ms  18484    Saving game at tick 19200 to 'E:\programowanie\projekty delphi\kam_expansion\Saves\autosave\autosave.sav'
18:54:17.967  1104,853s   39010ms  18484    Issue gicGameAutoSave command at tick 19800
18:54:17.973  1104,859s       6ms  18484    Saving game at tick 19800 to 'E:\programowanie\projekty delphi\kam_expansion\Saves\autosave\autosave.sav'
18:54:23.967  1110,853s    5994ms  18484    Issue gicGameAutoSave command at tick 20400
18:54:23.973  1110,859s       6ms  18484    Saving game at tick 20400 to 'E:\programowanie\projekty delphi\kam_expansion\Saves\autosave\autosave.sav'
18:54:29.966  1116,853s    5994ms  18484    Issue gicGameAutoSave command at tick 21000
18:54:29.974  1116,860s       7ms  18484    Saving game at tick 21000 to 'E:\programowanie\projekty delphi\kam_expansion\Saves\autosave\autosave.sav'
18:54:36.835  1123,721s    6861ms  18484    Issue gicGameAutoSave command at tick 21600
18:54:36.841  1123,727s       6ms  18484    Saving game at tick 21600 to 'E:\programowanie\projekty delphi\kam_expansion\Saves\autosave\autosave.sav'
18:54:42.834  1129,720s    5993ms  18484    Issue gicGameAutoSave command at tick 22200
18:54:42.840  1129,726s       6ms  18484    Saving game at tick 22200 to 'E:\programowanie\projekty delphi\kam_expansion\Saves\autosave\autosave.sav'
18:54:48.835  1135,721s    5995ms  18484    Issue gicGameAutoSave command at tick 22800
18:54:48.842  1135,729s       8ms  18484    Saving game at tick 22800 to 'E:\programowanie\projekty delphi\kam_expansion\Saves\autosave\autosave.sav'
18:55:22.586  1169,472s   33743ms  18484    Issue gicGameAutoSave command at tick 23400
18:55:22.592  1169,478s       6ms  18484    Saving game at tick 23400 to 'E:\programowanie\projekty delphi\kam_expansion\Saves\autosave\autosave.sav'
18:55:32.487  1179,374s    9896ms  18484    Issue gicGameAutoSave command at tick 24000
18:55:32.493  1179,380s       6ms  18484    Saving game at tick 24000 to 'E:\programowanie\projekty delphi\kam_expansion\Saves\autosave\autosave.sav'
18:55:41.650  1188,536s    9156ms  18484    Issue gicGameAutoSave command at tick 24600
18:55:41.657  1188,544s       8ms  18484    Saving game at tick 24600 to 'E:\programowanie\projekty delphi\kam_expansion\Saves\autosave\autosave.sav'
18:55:47.636  1194,522s    5978ms  18484    Issue gicGameAutoSave command at tick 25200
18:55:47.642  1194,528s       6ms  18484    Saving game at tick 25200 to 'E:\programowanie\projekty delphi\kam_expansion\Saves\autosave\autosave.sav'
18:56:02.116  1209,002s   14474ms  18484    Issue gicGameAutoSave command at tick 25800
18:56:02.124  1209,010s       8ms  18484    Saving game at tick 25800 to 'E:\programowanie\projekty delphi\kam_expansion\Saves\autosave\autosave.sav'
18:56:16.933  1223,819s   14809ms  18484    Issue gicGameAutoSave command at tick 26400
18:56:16.940  1223,826s       7ms  18484    Saving game at tick 26400 to 'E:\programowanie\projekty delphi\kam_expansion\Saves\autosave\autosave.sav'
18:56:49.216  1256,102s   32276ms  18484    Make savepoint at tick 26999
18:56:49.317  1256,203s     101ms  18484    Issue gicGameAutoSave command at tick 27000
18:56:49.324  1256,210s       7ms  18484    Saving game at tick 27000 to 'E:\programowanie\projekty delphi\kam_expansion\Saves\autosave\autosave.sav'
18:57:22.773  1289,659s   33449ms  18484    Issue gicGameAutoSave command at tick 27600
18:57:22.781  1289,668s       9ms  18484    Saving game at tick 27600 to 'E:\programowanie\projekty delphi\kam_expansion\Saves\autosave\autosave.sav'
18:57:30.501  1297,388s    7720ms  18484    Issue gicGameAutoSave command at tick 28200
18:57:30.509  1297,395s       7ms  18484    Saving game at tick 28200 to 'E:\programowanie\projekty delphi\kam_expansion\Saves\autosave\autosave.sav'
18:57:37.867  1304,753s    7358ms  18484    Issue gicGameAutoSave command at tick 28800
18:57:37.874  1304,760s       7ms  18484    Saving game at tick 28800 to 'E:\programowanie\projekty delphi\kam_expansion\Saves\autosave\autosave.sav'
18:57:44.518  1311,404s    6644ms  18484    Issue gicGameAutoSave command at tick 29400
18:57:44.524  1311,410s       6ms  18484    Saving game at tick 29400 to 'E:\programowanie\projekty delphi\kam_expansion\Saves\autosave\autosave.sav'
18:58:13.453  1340,339s   28929ms  18484    Issue gicGameAutoSave command at tick 30000
18:58:13.459  1340,345s       6ms  18484    Saving game at tick 30000 to 'E:\programowanie\projekty delphi\kam_expansion\Saves\autosave\autosave.sav'
18:59:05.869  1392,755s   52410ms  18484    Issue gicGameAutoSave command at tick 30600
18:59:05.876  1392,762s       7ms  18484    Saving game at tick 30600 to 'E:\programowanie\projekty delphi\kam_expansion\Saves\autosave\autosave.sav'
18:59:51.037  1437,923s   45161ms  18484    Issue gicGameAutoSave command at tick 31200
18:59:51.045  1437,931s       8ms  18484    Saving game at tick 31200 to 'E:\programowanie\projekty delphi\kam_expansion\Saves\autosave\autosave.sav'
18:59:54.854  1441,740s    3809ms  18484    Issue gicGameAutoSave command at tick 31800
18:59:54.861  1441,747s       7ms  18484    Saving game at tick 31800 to 'E:\programowanie\projekty delphi\kam_expansion\Saves\autosave\autosave.sav'
18:59:58.252  1445,138s    3391ms  18484    Issue gicGameAutoSave command at tick 32400
18:59:58.258  1445,144s       6ms  18484    Saving game at tick 32400 to 'E:\programowanie\projekty delphi\kam_expansion\Saves\autosave\autosave.sav'
19:00:04.554  1451,440s    6295ms  18484    Issue gicGameAutoSave command at tick 33000
19:00:04.561  1451,447s       7ms  18484    Saving game at tick 33000 to 'E:\programowanie\projekty delphi\kam_expansion\Saves\autosave\autosave.sav'
19:00:13.235  1460,121s    8674ms  18484    Issue gicGameAutoSave command at tick 33600
19:00:13.242  1460,128s       6ms  18484    Saving game at tick 33600 to 'E:\programowanie\projekty delphi\kam_expansion\Saves\autosave\autosave.sav'
19:00:21.486  1468,372s    8243ms  18484    Issue gicGameAutoSave command at tick 34200
19:00:21.493  1468,379s       7ms  18484    Saving game at tick 34200 to 'E:\programowanie\projekty delphi\kam_expansion\Saves\autosave\autosave.sav'
19:00:28.770  1475,656s    7277ms  18484    Issue gicGameAutoSave command at tick 34800
19:00:28.776  1475,662s       6ms  18484    Saving game at tick 34800 to 'E:\programowanie\projekty delphi\kam_expansion\Saves\autosave\autosave.sav'
19:00:48.734  1495,620s   19958ms  18484    Issue gicGameAutoSave command at tick 35400
19:00:48.743  1495,629s       9ms  18484    Saving game at tick 35400 to 'E:\programowanie\projekty delphi\kam_expansion\Saves\autosave\autosave.sav'
19:01:01.369  1508,255s   12626ms  18484    Make savepoint at tick 35999
19:01:01.376  1508,262s       7ms  18484    Issue gicGameAutoSave command at tick 36000
19:01:01.383  1508,269s       7ms  18484    Saving game at tick 36000 to 'E:\programowanie\projekty delphi\kam_expansion\Saves\autosave\autosave.sav'
19:01:11.402  1518,288s   10019ms  18484    Issue gicGameAutoSave command at tick 36600
19:01:11.409  1518,295s       7ms  18484    Saving game at tick 36600 to 'E:\programowanie\projekty delphi\kam_expansion\Saves\autosave\autosave.sav'
19:01:23.785  1530,671s   12376ms  18484    Issue gicGameAutoSave command at tick 37200
19:01:23.792  1530,678s       7ms  18484    Saving game at tick 37200 to 'E:\programowanie\projekty delphi\kam_expansion\Saves\autosave\autosave.sav'
19:01:30.500  1537,387s    6709ms  18484    Issue gicGameAutoSave command at tick 37800
19:01:30.507  1537,393s       6ms  18484    Saving game at tick 37800 to 'E:\programowanie\projekty delphi\kam_expansion\Saves\autosave\autosave.sav'
19:01:36.501  1543,387s    5994ms  18484    Issue gicGameAutoSave command at tick 38400
19:01:36.508  1543,394s       7ms  18484    Saving game at tick 38400 to 'E:\programowanie\projekty delphi\kam_expansion\Saves\autosave\autosave.sav'
19:01:52.969  1559,855s   16461ms  18484    Issue gicGameAutoSave command at tick 39000
19:01:52.975  1559,861s       6ms  18484    Saving game at tick 39000 to 'E:\programowanie\projekty delphi\kam_expansion\Saves\autosave\autosave.sav'
19:01:53.952  1560,838s     977ms  18484    Issue gicGameAutoSave command at tick 39600
19:01:53.958  1560,844s       6ms  18484    Saving game at tick 39600 to 'E:\programowanie\projekty delphi\kam_expansion\Saves\autosave\autosave.sav'
19:01:54.955  1561,842s     998ms  18484    Issue gicGameAutoSave command at tick 40200
19:01:54.963  1561,849s       6ms  18484    Saving game at tick 40200 to 'E:\programowanie\projekty delphi\kam_expansion\Saves\autosave\autosave.sav'
19:01:55.968  1562,854s    1005ms  18484    Issue gicGameAutoSave command at tick 40800
19:01:55.975  1562,861s       7ms  18484    Saving game at tick 40800 to 'E:\programowanie\projekty delphi\kam_expansion\Saves\autosave\autosave.sav'
19:01:56.951  1563,838s     977ms  18484    Issue gicGameAutoSave command at tick 41400
19:01:56.958  1563,844s       6ms  18484    Saving game at tick 41400 to 'E:\programowanie\projekty delphi\kam_expansion\Saves\autosave\autosave.sav'
19:01:57.968  1564,854s    1010ms  18484    Issue gicGameAutoSave command at tick 42000
19:01:57.975  1564,861s       7ms  18484    Saving game at tick 42000 to 'E:\programowanie\projekty delphi\kam_expansion\Saves\autosave\autosave.sav'
19:02:01.151  1568,037s    3176ms  18484    Issue gicGameAutoSave command at tick 42600
19:02:01.158  1568,044s       7ms  18484    Saving game at tick 42600 to 'E:\programowanie\projekty delphi\kam_expansion\Saves\autosave\autosave.sav'
19:02:28.555  1595,442s   27398ms  18484    Gameplay ended - grCancel /
                                      Loading campaign images.rxx for HKS
19:04:13.547  1700,433s  104991ms  13380    Custom - 1
                                      Loading campaign images.rxx for KSN
19:04:13.629  1700,515s      82ms  13380    Custom - 1
                                      Loading campaign images.rxx for KSO
19:04:13.709  1700,596s      81ms  13380    Custom - 1
                                      Loading campaign images.rxx for KSU
19:04:13.777  1700,663s      67ms  13380    Custom - 1
                                      Loading campaign images.rxx for OFL
19:04:13.825  1700,712s      49ms  13380    Custom - 1
                                      Loading campaign images.rxx for OER
19:04:13.867  1700,753s      41ms  13380    Custom - 1
                                      Loading campaign images.rxx for TBK
19:04:13.904  1700,790s      37ms  13380    Custom - 1
                                      Loading campaign images.rxx for TPR
19:04:13.956  1700,842s      52ms  13380    Custom - 1
                                      Loading campaign images.rxx for TSK
19:04:13.994  1700,880s      38ms  13380    Custom - 1
                                      Loading campaign images.rxx for TUA
19:04:14.029  1700,915s      35ms  13380    Custom - 1
                                      Loading campaign images.rxx for TMR
19:04:14.180  1701,066s     151ms  13380    Custom - 1
19:04:15.397  1702,283s    1217ms  18484    LoadGameResources ... AlphaShadows: True. Forced: False
19:04:15.407  1702,293s       9ms  18484    Resource loading state - Game
19:04:15.431  1702,317s      24ms  18484    Saving dev settings to file 'kmr_dev.xml'
19:04:15.474  1702,360s      43ms  18484    <== Game creation is done ==>
19:04:15.480  1702,367s       7ms  18484    GameStart
19:04:15.485  1702,372s       5ms  18484    Loading DAT file: E:\programowanie\projekty delphi\kam_expansion\Maps\9.Statki\9.Statki.dat
19:04:15.492  1702,378s       6ms  18484    Loading map file: E:\programowanie\projekty delphi\kam_expansion\Maps\9.Statki\9.Statki.map
19:04:15.502  1702,388s      10ms  18484    Map file loaded
19:04:15.700  1702,586s     198ms  18484    Gameplay recording initialized ... done
19:04:15.707  1702,593s       7ms  18484    Game options: PT = 0; SpeedPT = 1; SpeedAfterPT = 1; Seed = 0; Difficulty = mdNone
19:04:15.713  1702,599s       6ms  18484    Gameplay initialized ... done
19:04:15.719  1702,605s       6ms  18484    After game start
19:04:15.725  1702,611s       6ms  18484    Set game seed: 346269530
19:04:15.731  1702,618s       7ms  18484    After game start ... done
19:04:28.111  1714,997s   12379ms  18484    Saving from map editor: E:\programowanie\projekty delphi\kam_expansion\Maps\9.Statki\9.Statki.dat
19:04:28.381  1715,267s     270ms  18484    LoadGameResources ... AlphaShadows: True. Forced: False
19:04:28.391  1715,277s      10ms  18484    Resource loading state - Game
19:04:28.414  1715,300s      23ms  18484    Saving dev settings to file 'kmr_dev.xml'
19:04:28.473  1715,360s      60ms  18484    <== Game creation is done ==>
19:04:28.480  1715,366s       6ms  18484    GameStart
19:04:28.486  1715,372s       6ms  18484    Loading DAT file: E:\programowanie\projekty delphi\kam_expansion\Maps\9.Statki\9.Statki.dat
19:04:28.491  1715,378s       6ms  18484    Loading map file: E:\programowanie\projekty delphi\kam_expansion\Maps\9.Statki\9.Statki.map
19:04:28.501  1715,387s       9ms  18484    Map file loaded
19:04:28.511  1715,398s      11ms  18484    Gameplay recording initialized ... done
19:04:28.518  1715,404s       6ms  18484    Game options: PT = 0; SpeedPT = 1; SpeedAfterPT = 1; Seed = 0; Difficulty = mdNone
19:04:28.523  1715,409s       5ms  18484    Gameplay initialized ... done
19:04:28.529  1715,416s       7ms  18484    After game start
19:04:28.537  1715,423s       7ms  18484    Set game seed: 1414311105
19:04:28.543  1715,429s       6ms  18484    Saving game at tick 0 to 'E:\programowanie\projekty delphi\kam_expansion\Saves\basesave\basesave.bas'
19:04:28.551  1715,437s       8ms  18484    After game start ... done
19:04:46.931  1733,817s   18380ms  18484    LoadGameResources ... AlphaShadows: True. Forced: False
19:04:46.940  1733,826s       9ms  18484    Resource loading state - Game
19:04:46.964  1733,850s      24ms  18484    Saving dev settings to file 'kmr_dev.xml'
19:04:47.007  1733,893s      43ms  18484    <== Game creation is done ==>
19:04:47.013  1733,899s       6ms  18484    GameStart
19:04:47.019  1733,905s       6ms  18484    Loading DAT file: E:\programowanie\projekty delphi\kam_expansion\Maps\9.Statki\9.Statki.dat
19:04:47.025  1733,911s       6ms  18484    Loading map file: E:\programowanie\projekty delphi\kam_expansion\Maps\9.Statki\9.Statki.map
19:04:47.035  1733,922s      10ms  18484    Map file loaded
19:04:47.234  1734,120s     198ms  18484    Gameplay recording initialized ... done
19:04:47.240  1734,126s       6ms  18484    Game options: PT = 0; SpeedPT = 1; SpeedAfterPT = 1; Seed = 0; Difficulty = mdNone
19:04:47.246  1734,132s       6ms  18484    Gameplay initialized ... done
19:04:47.252  1734,138s       6ms  18484    After game start
19:04:47.257  1734,143s       5ms  18484    Set game seed: 435230396
19:04:47.263  1734,149s       6ms  18484    After game start ... done
19:05:21.962  1768,848s   34699ms  18484    Saving from map editor: E:\programowanie\projekty delphi\kam_expansion\Maps\9.Statki\9.Statki.dat
19:11:43.872  2150,758s  381910ms  18484    Saving dev settings to file 'kmr_dev.xml'
19:11:46.689  2153,575s    2817ms  18484    Saving from map editor: E:\programowanie\projekty delphi\kam_expansion\Maps\9.Statki\9.Statki.dat
19:11:47.680  2154,566s     991ms  18484    Saving dev settings to file 'kmr_dev.xml'
19:11:48.430  2155,317s     751ms  18484    Stopping game application...
19:11:48.472  2155,358s      41ms  18484    Exception while closing game app: Access violation at address 78787878 in module 'KaM_Expansion.exe'. Execution of address 78787878
78787878 ???                                       
002ba764 KaM_Expansion.exe System               23 TObject.Free
007b8b22 KaM_Expansion.exe KM_ArmyManagement   104 TKMArmyManagement.Destroy
002ba764 KaM_Expansion.exe System               23 TObject.Free
00b0ccd6 KaM_Expansion.exe KM_AI               114 TKMHandAI.Destroy
002ba764 KaM_Expansion.exe System               23 TObject.Free
00588fbc KaM_Expansion.exe KromUtils           281 FreeThenNil
00b1522b KaM_Expansion.exe KM_Hand             621 TKMHand.Destroy
002ba764 KaM_Expansion.exe System               23 TObject.Free
00588fbc KaM_Expansion.exe KromUtils           281 FreeThenNil
00ae678b KaM_Expansion.exe KM_HandsCollection  167 TKMHandsCollection.Destroy
002ba764 KaM_Expansion.exe System               23 TObject.Free
00588fbc KaM_Expansion.exe KromUtils           281 FreeThenNil
00c678cc KaM_Expansion.exe KM_Game             487 TKMGame.Destroy
00ce599f KaM_Expansion.exe KM_FormMain         572 TFormMain.SetSaveGameWholeMapImage
00a678f6 KaM_Expansion.exe KM_GameApp         1260 TKMGameApp.GameEnded
002ba764 KaM_Expansion.exe System               23 TObject.Free
00588fbc KaM_Expansion.exe KromUtils           281 FreeThenNil
00a65ddf KaM_Expansion.exe KM_GameApp          746 TKMGameApp.StopGame
00a64aa1 KaM_Expansion.exe KM_GameApp          320 TKMGameApp.Destroy
002ba764 KaM_Expansion.exe System               23 TObject.Free
00588fbc KaM_Expansion.exe KromUtils           281 FreeThenNil
00a6f785 KaM_Expansion.exe KM_Main             376 TKMMain.Stop
00ced2c9 KaM_Expansion.exe KM_FormMain        2212 TFormMain.FormClose
00532df7 KaM_Expansion.exe Vcl.Forms               TCustomForm.DoClose
005387e5 KaM_Expansion.exe Vcl.Forms               TCustomForm.Close
00537424 KaM_Expansion.exe Vcl.Forms               TCustomForm.WMClose
00482cfa KaM_Expansion.exe Vcl.Controls            TControl.WndProc
00487ec1 KaM_Expansion.exe Vcl.Controls            TWinControl.WndProc
00533a38 KaM_Expansion.exe Vcl.Forms               TCustomForm.WndProc
00cecdb5 KaM_Expansion.exe KM_FormMain        2051 TFormMain.WndProc
004873cc KaM_Expansion.exe Vcl.Controls            TWinControl.MainWndProc
004873e7 KaM_Expansion.exe Vcl.Controls            TWinControl.MainWndProc
003f0c30 KaM_Expansion.exe System.Classes          StdWndProc
77b1916b ntdll.dll                                 KiUserCallbackDispatcher
75e23ba2 USER32.dll                                CallWindowProcW
00487fc9 KaM_Expansion.exe Vcl.Controls            TWinControl.DefaultHandler
00535f26 KaM_Expansion.exe Vcl.Forms               TCustomForm.DefaultHandler
00489cf5 KaM_Expansion.exe Vcl.Controls            TWinControl.WMSysCommand
005374f5 KaM_Expansion.exe Vcl.Forms               TCustomForm.WMSysCommand
00cecc5a KaM_Expansion.exe KM_FormMain        1997 TFormMain.WMSysCommand
00482cfa KaM_Expansion.exe Vcl.Controls            TControl.WndProc
00487ec1 KaM_Expansion.exe Vcl.Controls            TWinControl.WndProc
00533a38 KaM_Expansion.exe Vcl.Forms               TCustomForm.WndProc
00cecdb5 KaM_Expansion.exe KM_FormMain        2051 TFormMain.WndProc
004873cc KaM_Expansion.exe Vcl.Controls            TWinControl.MainWndProc
004873e7 KaM_Expansion.exe Vcl.Controls            TWinControl.MainWndProc
003f0c30 KaM_Expansion.exe System.Classes          StdWndProc
77b1916b ntdll.dll                                 KiUserCallbackDispatcher
75e23ba2 USER32.dll                                CallWindowProcW
00487fc9 KaM_Expansion.exe Vcl.Controls            TWinControl.DefaultHandler
00535f26 KaM_Expansion.exe Vcl.Forms               TCustomForm.DefaultHandler
004833ad KaM_Expansion.exe Vcl.Controls            TControl.WMNCLButtonDown
00537083 KaM_Expansion.exe Vcl.Forms               TCustomForm.WMNCLButtonDown
00482cfa KaM_Expansion.exe Vcl.Controls            TControl.WndProc
00487ec1 KaM_Expansion.exe Vcl.Controls            TWinControl.WndProc
00533a38 KaM_Expansion.exe Vcl.Forms               TCustomForm.WndProc
00cecdb5 KaM_Expansion.exe KM_FormMain        2051 TFormMain.WndProc
004873cc KaM_Expansion.exe Vcl.Controls            TWinControl.MainWndProc
004873e7 KaM_Expansion.exe Vcl.Controls            TWinControl.MainWndProc
003f0c30 KaM_Expansion.exe System.Classes          StdWndProc
75e2262b USER32.dll                                DispatchMessageW
0053de37 KaM_Expansion.exe Vcl.Forms               TApplication.ProcessMessage
0053de7a KaM_Expansion.exe Vcl.Forms               TApplication.HandleMessage
0053e1b9 KaM_Expansion.exe Vcl.Forms               TApplication.Run
00d02b3b KaM_Expansion.exe KaM_Expansion       481 initialization
00d02b5a KaM_Expansion.exe KaM_Expansion       483 initialization
76c97ba7 KERNEL32.DLL                              BaseThreadInitThunk
