   Timestamp    Elapsed     Delta  Thread    Description
========================
    Date: 2024.12.30
========================
20:59:38.024     0,000s       0ms  15396    Log is up and running. Game version: KaM Expansion: Co-op & World Update
20:59:38.030     0,007s       7ms  15396    Game Load started
20:59:38.040     0,016s       9ms  15396    Start loading 'GameApp settings' from 'C:\Users\szyby\OneDrive\Dokumenty\My Games\Knights and Merchants Remake\KaM Remake Settings KingDyronMod.xml'
20:59:38.046     0,023s       7ms  15396    'GameApp settings' was successfully loaded from 'C:\Users\szyby\OneDrive\Dokumenty\My Games\Knights and Merchants Remake\KaM Remake Settings KingDyronMod.xml'
20:59:38.051     0,027s       4ms  15396    Start saving 'GameApp settings' to 'C:\Users\szyby\OneDrive\Dokumenty\My Games\Knights and Merchants Remake\KaM Remake Settings KingDyronMod.xml'
00c249e8 KaM_Expansion.exe KM_Settings        106 TKMSettings.SaveToDefaultFile
00c24abb KaM_Expansion.exe KM_Settings        113 TKMSettings.SaveToDefaultFile
00c246b9 KaM_Expansion.exe KM_Settings         59 TKMSettings.Create
00c24df6 KaM_Expansion.exe KM_SettingsXML      38 TKMSettingsXML.Create
00c25137 KaM_Expansion.exe KM_GameAppSettings  51 TKMGameAppSettings.Create
00e3e55c KaM_Expansion.exe KM_Main            258 TKMMain.Start
00e3e7e0 KaM_Expansion.exe KM_Main            305 TKMMain.Start
010bcb2b KaM_Expansion.exe KaM_Expansion      479 initialization
010bcb5a KaM_Expansion.exe KaM_Expansion      482 initialization
75337ba7 KERNEL32.DLL                             BaseThreadInitThunk

20:59:38.089     0,065s      38ms  15396    'GameApp settings' was successfully saved to 'C:\Users\szyby\OneDrive\Dokumenty\My Games\Knights and Merchants Remake\KaM Remake Settings KingDyronMod.xml'
20:59:38.122     0,099s      34ms  15396    Start loading 'Server settings' from 'C:\Users\szyby\OneDrive\Dokumenty\My Games\Knights and Merchants Remake\KaM Remake Server Settings.ini'
20:59:38.129     0,105s       6ms  15396    'Server settings' was successfully loaded from 'C:\Users\szyby\OneDrive\Dokumenty\My Games\Knights and Merchants Remake\KaM Remake Server Settings.ini'
20:59:38.135     0,111s       6ms  15396    Start saving 'Server settings' to 'C:\Users\szyby\OneDrive\Dokumenty\My Games\Knights and Merchants Remake\KaM Remake Server Settings.ini'
00c249e8 KaM_Expansion.exe KM_Settings       106 TKMSettings.SaveToDefaultFile
00c24abb KaM_Expansion.exe KM_Settings       113 TKMSettings.SaveToDefaultFile
00c246b9 KaM_Expansion.exe KM_Settings        59 TKMSettings.Create
00d677d4 KaM_Expansion.exe KM_ServerSettings 109 TKMServerSettings.Create
00e338dc KaM_Expansion.exe KM_GameApp        213 TKMGameApp.Create
00e33d2e KaM_Expansion.exe KM_GameApp        295 TKMGameApp.Create
00e3f806 KaM_Expansion.exe KM_Main           635 TKMMain.ReinitRender
00e3fa12 KaM_Expansion.exe KM_Main           689 TKMMain.ReinitRender
00e3e672 KaM_Expansion.exe KM_Main           281 TKMMain.Start
00e3e7e0 KaM_Expansion.exe KM_Main           305 TKMMain.Start
010bcb2b KaM_Expansion.exe KaM_Expansion     479 initialization
010bcb5a KaM_Expansion.exe KaM_Expansion     482 initialization
75337ba7 KERNEL32.DLL                            BaseThreadInitThunk

20:59:38.148     0,125s      14ms  15396    'Server settings' was successfully saved to 'C:\Users\szyby\OneDrive\Dokumenty\My Games\Knights and Merchants Remake\KaM Remake Server Settings.ini'
20:59:38.153     0,131s       6ms  15396    Init Render started
20:59:38.279     0,255s     124ms  15396    GL_MAX_TEXTURE_SIZE = 32768
20:59:38.285     0,261s       6ms  15396    GL_MAX_VIEWPORT_DIM = 32768
                                      OpenGL Vendor: NVIDIA Corporation
                                      OpenGL Renderer: NVIDIA GeForce RTX 3060 Ti/PCIe/SSE2
                                      OpenGL Version: 4.6.0 NVIDIA 560.81
20:59:38.310     0,286s      25ms  15396    Init Render Done
20:59:38.316     0,292s       6ms  15396    Resource loading state - None
20:59:38.322     0,298s       6ms  15396    Reading palettes ... done
20:59:38.331     0,308s       9ms  15396    Reading GUI.rx
20:59:38.337     0,313s       5ms  15396    Load Sprites started
20:59:38.343     0,319s       6ms  15396    GUI - 966
20:59:38.362     0,338s      19ms  15396    Load Sprites Done
20:59:38.397     0,373s      35ms  15396    Reading GUIMain.rx
20:59:38.404     0,380s       7ms  15396    Load Sprites started
20:59:38.410     0,386s       6ms  15396    GUIMain - 105
20:59:38.460     0,436s      50ms  15396    Load Sprites Done
20:59:38.514     0,490s      54ms  15396    Reading Tileset.rx
20:59:38.521     0,497s       7ms  15396    Load Sprites started
20:59:38.528     0,504s       7ms  15396    Tileset - 5449
20:59:38.565     0,541s      37ms  15396    Load Sprites Done
20:59:38.572     0,548s       7ms  15396    GenerateTerrainTransitions started. Legacy = False
20:59:38.579     0,555s       7ms  15396    TexId = 5451 GenTilesCnt = 2100
20:59:38.586     0,562s       7ms  15396    TexId = 6051; TexId - fGenTexIdStartI = 600; uniqueTex = 600; totalTex = 1350
20:59:38.593     0,569s       7ms  15396    GeneratedMasks cnt = 20
20:59:38.600     0,576s       7ms  15396    GenerateTerrainTransitions Done
20:59:38.607     0,583s       7ms  15396    GenerateTerrainTransitions started. Legacy = True
20:59:38.613     0,589s       6ms  15396    Legacy: TexId = 4999 GenTilesCntTemp = 2030
20:59:38.620     0,596s       7ms  15396    TexId = 5463; TexId - fGenTexIdStartILegacy = 464; uniqueTex = 464; totalTex = 1044
20:59:38.626     0,602s       6ms  15396    GeneratedMasks cnt = 16
20:59:38.632     0,608s       6ms  15396    GenerateTerrainTransitions Done
20:59:38.737     0,713s     105ms  15396    Load font started
20:59:38.773     0,749s      36ms  15396    Font load took 36ms
20:59:38.779     0,756s       7ms  15396    Read fonts is done
20:59:38.796     0,773s      17ms  15396    ReadGFX is done
20:59:38.802     0,779s       6ms  15396    Resource loading state - Menu
20:59:38.810     0,787s       8ms  16188    OpenAL init started
20:59:38.831     0,808s      21ms  15396    Music init done, 24 tracks found
                                      Loading campaign images.rxx for HKS
20:59:38.856     0,833s      25ms   5968    Custom - 1
20:59:38.868     0,845s      12ms  15396    Main menu init done
20:59:38.876     0,853s       8ms  16188    Pre-LoadSFX init ... done
20:59:38.882     0,859s       6ms  16188    ALC_MONO_SOURCES 255
20:59:38.889     0,865s       6ms  16188    ALC_STEREO_SOURCES 1
20:59:38.895     0,871s       6ms  16188    OpenAL init done
20:59:38.901     0,878s       7ms  15396    Check game folder 'E:\programowanie\projekty delphi\kam_expansion\' generic permissions: READ: granted; WRITE: granted; EXECUTE: granted; folder is writable: 
20:59:38.907     0,884s       6ms  15396    LoadGameResources ... AlphaShadows: True. Forced: True
20:59:38.914     0,891s       7ms  15396    TKMResSprites.LoadGameResources
20:59:38.920     0,897s       6ms  15396    [AsyncGameResLoader Thread] Started
20:59:38.926     0,903s       6ms  15396    Resource loading state - Game
20:59:38.933     0,909s       6ms  15396    ToggleFullscreen
20:59:38.938     0,915s       6ms  15396    Form Width/Height: 1040:830
20:59:38.944     0,921s       6ms  15396    Panel Width/Height: 1024:791
20:59:38.950     0,927s       6ms   5384    [AsyncGameResLoader Thread] RT = rxTrees Stage = lsLoad
20:59:38.956     0,933s       6ms   5384    [AsyncGameResLoader Thread] Start Load RXX 'Trees.rxx'
20:59:38.963     0,940s       6ms   5384    Load Sprites started
20:59:38.970     0,947s       7ms   5384    Trees - 1216
20:59:38.983     0,960s      12ms  15396    Saving dev settings to file 'kmr_dev.xml'
                                      Loading campaign images.rxx for KSN
20:59:39.002     0,979s      19ms   5968    Custom - 1
20:59:39.009     0,986s       7ms  15396    Saving dev settings to file 'kmr_dev.xml'
20:59:39.023     1,000s      14ms  15396    Game Load Done in 1019
                                      Loading campaign images.rxx for KSO
20:59:39.070     1,047s      47ms   5968    Custom - 1
20:59:39.098     1,075s      28ms   5384    Load Sprites Done
                                      Loading campaign images.rxx for KSU
20:59:39.127     1,103s      28ms   5968    Custom - 1
                                      Loading campaign images.rxx for OFL
20:59:39.175     1,152s      49ms   5968    Custom - 1
20:59:39.195     1,171s      19ms   5384    [AsyncGameResLoader Thread] DONE Load RXX 'Trees.rxa'
20:59:39.202     1,179s       8ms  15396    [AsyncGameResLoader MainTh] [UpdateStateIdle] GenTextures RT = rxTrees Stage = lsGenMain
                                      Loading campaign images.rxx for OER
20:59:39.217     1,194s      15ms   5968    Custom - 1
20:59:39.223     1,200s       5ms  15396    [AsyncGameResLoader MainTh] [UpdateStateIdle] DONE
20:59:39.231     1,208s       8ms   5384    [AsyncGameResLoader Thread] RT = rxTrees Stage = lsOverload
20:59:39.237     1,214s       6ms   5384    [AsyncGameResLoader Thread] OverloadFromFolder RT = rxTrees
20:59:39.244     1,221s       7ms   5384    [AsyncGameResLoader Thread] DONE OverloadFromFolder RT = rxTrees
20:59:39.258     1,235s      14ms  15396    [AsyncGameResLoader MainTh] [UpdateStateIdle] GenTextures RT = rxTrees Stage = lsGenOverload
20:59:39.265     1,242s       7ms  15396    [AsyncGameResLoader MainTh] [UpdateStateIdle] DONE
20:59:39.272     1,248s       6ms   5384    [AsyncGameResLoader Thread] RT = rxHouses Stage = lsLoad
                                      Loading campaign images.rxx for TBK
20:59:39.283     1,260s      12ms   5384    [AsyncGameResLoader Thread] Start Load RXX 'Houses.rxx'
20:59:39.289     1,266s       6ms   5384    Load Sprites started
20:59:39.295     1,272s       6ms   5968    Custom - 1
20:59:39.301     1,278s       6ms   5384    Houses - 2709
                                      Loading campaign images.rxx for TPR
20:59:39.374     1,351s      73ms   5968    Custom - 1
                                      Loading campaign images.rxx for TSK
20:59:39.418     1,395s      44ms   5968    Custom - 1
                                      Loading campaign images.rxx for TUA
20:59:39.456     1,432s      37ms   5968    Custom - 1
20:59:39.469     1,445s      13ms   5384    Load Sprites Done
                                      Loading campaign images.rxx for TMR
20:59:39.604     1,581s     136ms   5968    Custom - 1
20:59:39.611     1,587s       6ms   5384    [AsyncGameResLoader Thread] DONE Load RXX 'Houses.rxa'
20:59:39.617     1,593s       6ms  15396    [AsyncGameResLoader MainTh] [UpdateStateIdle] GenTextures RT = rxHouses Stage = lsGenMain
20:59:39.632     1,609s      16ms  15396    [AsyncGameResLoader MainTh] [UpdateStateIdle] DONE
20:59:39.638     1,615s       6ms   5384    [AsyncGameResLoader Thread] RT = rxHouses Stage = lsOverload
20:59:39.645     1,622s       6ms   5384    [AsyncGameResLoader Thread] OverloadFromFolder RT = rxHouses
20:59:39.744     1,721s      99ms   5384    [AsyncGameResLoader Thread] DONE OverloadFromFolder RT = rxHouses
20:59:39.751     1,728s       7ms  15396    [AsyncGameResLoader MainTh] [UpdateStateIdle] GenTextures RT = rxHouses Stage = lsGenOverload
20:59:39.757     1,734s       6ms  15396    [AsyncGameResLoader MainTh] [UpdateStateIdle] DONE
20:59:39.764     1,740s       6ms   5384    [AsyncGameResLoader Thread] RT = rxUnits Stage = lsLoad
20:59:39.769     1,746s       6ms   5384    [AsyncGameResLoader Thread] Start Load RXX 'Units.rxx'
20:59:39.776     1,753s       7ms   5384    Load Sprites started
20:59:39.782     1,758s       5ms   5384    Units - 14845
20:59:40.240     2,217s     459ms   5384    Load Sprites Done
20:59:41.307     3,284s    1067ms   5384    [AsyncGameResLoader Thread] DONE Load RXX 'Units.rxa'
20:59:41.324     3,301s      17ms  15396    [AsyncGameResLoader MainTh] [UpdateStateIdle] GenTextures RT = rxUnits Stage = lsGenMain
20:59:41.397     3,374s      73ms  15396    [AsyncGameResLoader MainTh] [UpdateStateIdle] DONE
20:59:41.404     3,381s       7ms   5384    [AsyncGameResLoader Thread] RT = rxUnits Stage = lsOverload
20:59:41.411     3,388s       7ms   5384    [AsyncGameResLoader Thread] OverloadFromFolder RT = rxUnits
20:59:41.417     3,394s       6ms   5384    [AsyncGameResLoader Thread] DONE OverloadFromFolder RT = rxUnits
20:59:41.422     3,399s       5ms  15396    [AsyncGameResLoader MainTh] [UpdateStateIdle] GenTextures RT = rxUnits Stage = lsGenOverload
20:59:41.429     3,406s       7ms  15396    [AsyncGameResLoader Thread] Stopped
20:59:41.435     3,412s       6ms  15396    [AsyncGameResLoader MainTh] [UpdateStateIdle] DONE
                                      Loading campaign images.rxx for HKS
20:59:42.641     4,618s    1206ms  12304    Custom - 1
                                      Loading campaign images.rxx for KSN
20:59:42.746     4,723s     105ms  12304    Custom - 1
                                      Loading campaign images.rxx for KSO
20:59:42.803     4,780s      57ms  12304    Custom - 1
                                      Loading campaign images.rxx for KSU
20:59:42.860     4,837s      57ms  12304    Custom - 1
                                      Loading campaign images.rxx for OFL
20:59:42.908     4,884s      47ms  12304    Custom - 1
                                      Loading campaign images.rxx for OER
20:59:42.947     4,924s      40ms  12304    Custom - 1
                                      Loading campaign images.rxx for TBK
20:59:42.987     4,964s      40ms  12304    Custom - 1
                                      Loading campaign images.rxx for TPR
20:59:43.047     5,024s      60ms  12304    Custom - 1
                                      Loading campaign images.rxx for TSK
20:59:43.101     5,077s      53ms  12304    Custom - 1
                                      Loading campaign images.rxx for TUA
20:59:43.151     5,128s      51ms  12304    Custom - 1
20:59:43.191     5,167s      39ms  15396    LoadGameResources ... AlphaShadows: True. Forced: False
20:59:43.197     5,174s       7ms  15396    Resource loading state - Game
20:59:43.223     5,200s      26ms  15396    Saving dev settings to file 'kmr_dev.xml'
20:59:43.266     5,243s      43ms  15396    <== Game creation is done ==>
20:59:43.272     5,249s       6ms  15396    GameStart
20:59:43.279     5,256s       6ms  15396    Loading DAT file: E:\programowanie\projekty delphi\kam_expansion\MapsMP\TMR09\TMR09.dat
20:59:43.285     5,262s       6ms  15396    Loading map file: E:\programowanie\projekty delphi\kam_expansion\MapsMP\TMR09\TMR09.map
20:59:43.324     5,301s      39ms  15396    Map file loaded
20:59:43.533     5,510s     208ms  15396    Gameplay recording initialized ... done
20:59:43.539     5,516s       5ms  15396    Game options: PT = 0; SpeedPT = 1; SpeedAfterPT = 1; Seed = 0; Difficulty = mdNone
20:59:43.545     5,522s       6ms  15396    Gameplay initialized ... done
20:59:43.551     5,528s       6ms  15396    After game start
20:59:43.586     5,563s      35ms  15396    Set game seed: 1842527441
20:59:43.600     5,577s      14ms  15396    After game start ... done
                                      Loading campaign images.rxx for TMR
20:59:43.647     5,624s      47ms  12304    Custom - 1
21:03:54.035   256,011s  250387ms  15396    Saving dev settings to file 'kmr_dev.xml'
21:03:55.005   256,982s     971ms  15396    Stopping game application...
21:03:55.029   257,006s      24ms  15396    Gameplay ended - grSilent /
21:03:55.037   257,014s       8ms  15396    Start saving 'Server settings' to 'C:\Users\szyby\OneDrive\Dokumenty\My Games\Knights and Merchants Remake\KaM Remake Server Settings.ini'
00c249e8 KaM_Expansion.exe KM_Settings        106 TKMSettings.SaveToDefaultFile
00c24abb KaM_Expansion.exe KM_Settings        113 TKMSettings.SaveToDefaultFile
00c246f4 KaM_Expansion.exe KM_Settings         65 TKMSettings.Destroy
00d6781a KaM_Expansion.exe KM_ServerSettings  117 TKMServerSettings.Destroy
0068a764 KaM_Expansion.exe System              23 TObject.Free
0095980c KaM_Expansion.exe KromUtils          281 FreeThenNil
00e33f8b KaM_Expansion.exe KM_GameApp         330 TKMGameApp.Destroy
0068a764 KaM_Expansion.exe System              23 TObject.Free
0095980c KaM_Expansion.exe KromUtils          281 FreeThenNil
00e3ec21 KaM_Expansion.exe KM_Main            376 TKMMain.Stop
00e3ed00 KaM_Expansion.exe KM_Main            405 TKMMain.Stop
010a7aad KaM_Expansion.exe KM_FormMain       2212 TFormMain.FormClose
009036a7 KaM_Expansion.exe Vcl.Forms              TCustomForm.DoClose
00909095 KaM_Expansion.exe Vcl.Forms              TCustomForm.Close
00907cd4 KaM_Expansion.exe Vcl.Forms              TCustomForm.WMClose
00852cfa KaM_Expansion.exe Vcl.Controls           TControl.WndProc
00857ec1 KaM_Expansion.exe Vcl.Controls           TWinControl.WndProc
009042e8 KaM_Expansion.exe Vcl.Forms              TCustomForm.WndProc
00904303 KaM_Expansion.exe Vcl.Forms              TCustomForm.WndProc
010a7599 KaM_Expansion.exe KM_FormMain       2051 TFormMain.WndProc

21:03:55.061   257,038s      24ms  15396    'Server settings' was successfully saved to 'C:\Users\szyby\OneDrive\Dokumenty\My Games\Knights and Merchants Remake\KaM Remake Server Settings.ini'
21:03:55.276   257,253s     215ms  15396    Start saving 'GameApp settings' to 'C:\Users\szyby\OneDrive\Dokumenty\My Games\Knights and Merchants Remake\KaM Remake Settings KingDyronMod.xml'
00c249e8 KaM_Expansion.exe KM_Settings         106 TKMSettings.SaveToDefaultFile
00c24abb KaM_Expansion.exe KM_Settings         113 TKMSettings.SaveToDefaultFile
00c246f4 KaM_Expansion.exe KM_Settings          65 TKMSettings.Destroy
00c24e4e KaM_Expansion.exe KM_SettingsXML       44 TKMSettingsXML.Destroy
00c2517a KaM_Expansion.exe KM_GameAppSettings   57 TKMGameAppSettings.Destroy
0068a764 KaM_Expansion.exe System               23 TObject.Free
0095980c KaM_Expansion.exe KromUtils           281 FreeThenNil
00e3ec2b KaM_Expansion.exe KM_Main             378 TKMMain.Stop
00e3ed00 KaM_Expansion.exe KM_Main             405 TKMMain.Stop
010a7aad KaM_Expansion.exe KM_FormMain        2212 TFormMain.FormClose
009036a7 KaM_Expansion.exe Vcl.Forms               TCustomForm.DoClose
00909095 KaM_Expansion.exe Vcl.Forms               TCustomForm.Close
00907cd4 KaM_Expansion.exe Vcl.Forms               TCustomForm.WMClose
00852cfa KaM_Expansion.exe Vcl.Controls            TControl.WndProc
00857ec1 KaM_Expansion.exe Vcl.Controls            TWinControl.WndProc
009042e8 KaM_Expansion.exe Vcl.Forms               TCustomForm.WndProc
00904303 KaM_Expansion.exe Vcl.Forms               TCustomForm.WndProc
010a7599 KaM_Expansion.exe KM_FormMain        2051 TFormMain.WndProc
008573cc KaM_Expansion.exe Vcl.Controls            TWinControl.MainWndProc
008573e7 KaM_Expansion.exe Vcl.Controls            TWinControl.MainWndProc

21:03:55.291   257,268s      15ms  15396    'GameApp settings' was successfully saved to 'C:\Users\szyby\OneDrive\Dokumenty\My Games\Knights and Merchants Remake\KaM Remake Settings KingDyronMod.xml'
