   Timestamp    Elapsed     Delta  Thread    Description
========================
    Date: 2024.12.26
========================
21:40:46.414     0,001s       1ms   3408    Log is up and running. Game version: KaM Expansion: Co-op & World Update
21:40:46.419     0,006s       5ms   3408    Game Load started
21:40:46.430     0,017s      11ms   3408    Start loading 'GameApp settings' from 'C:\Users\szyby\OneDrive\Dokumenty\My Games\Knights and Merchants Remake\KaM Remake Settings KingDyronMod.xml'
21:40:46.436     0,023s       6ms   3408    'GameApp settings' was successfully loaded from 'C:\Users\szyby\OneDrive\Dokumenty\My Games\Knights and Merchants Remake\KaM Remake Settings KingDyronMod.xml'
21:40:46.452     0,039s       5ms   3408    Start saving 'GameApp settings' to 'C:\Users\szyby\OneDrive\Dokumenty\My Games\Knights and Merchants Remake\KaM Remake Settings KingDyronMod.xml'
01411e4c KaM_Expansion.exe KM_Settings        106 TKMSettings.SaveToDefaultFile
01411f1f KaM_Expansion.exe KM_Settings        113 TKMSettings.SaveToDefaultFile
01411b1d KaM_Expansion.exe KM_Settings         59 TKMSettings.Create
0141225a KaM_Expansion.exe KM_SettingsXML      38 TKMSettingsXML.Create
0141259b KaM_Expansion.exe KM_GameAppSettings  51 TKMGameAppSettings.Create
0162d4d0 KaM_Expansion.exe KM_Main            258 TKMMain.Start
0162d754 KaM_Expansion.exe KM_Main            305 TKMMain.Start
018abb2b KaM_Expansion.exe KaM_Expansion      479 initialization
018abb5a KaM_Expansion.exe KaM_Expansion      482 initialization
75e37ba7 KERNEL32.DLL                             BaseThreadInitThunk

21:40:46.491     0,078s      39ms   3408    'GameApp settings' was successfully saved to 'C:\Users\szyby\OneDrive\Dokumenty\My Games\Knights and Merchants Remake\KaM Remake Settings KingDyronMod.xml'
21:40:46.513     0,100s      22ms   3408    Start loading 'Server settings' from 'C:\Users\szyby\OneDrive\Dokumenty\My Games\Knights and Merchants Remake\KaM Remake Server Settings.ini'
21:40:46.519     0,106s       6ms   3408    'Server settings' was successfully loaded from 'C:\Users\szyby\OneDrive\Dokumenty\My Games\Knights and Merchants Remake\KaM Remake Server Settings.ini'
21:40:46.527     0,114s       8ms   3408    Start saving 'Server settings' to 'C:\Users\szyby\OneDrive\Dokumenty\My Games\Knights and Merchants Remake\KaM Remake Server Settings.ini'
01411e4c KaM_Expansion.exe KM_Settings       106 TKMSettings.SaveToDefaultFile
01411f1f KaM_Expansion.exe KM_Settings       113 TKMSettings.SaveToDefaultFile
01411b1d KaM_Expansion.exe KM_Settings        59 TKMSettings.Create
01556748 KaM_Expansion.exe KM_ServerSettings 109 TKMServerSettings.Create
01622850 KaM_Expansion.exe KM_GameApp        213 TKMGameApp.Create
01622ca2 KaM_Expansion.exe KM_GameApp        295 TKMGameApp.Create
0162e77a KaM_Expansion.exe KM_Main           635 TKMMain.ReinitRender
0162e986 KaM_Expansion.exe KM_Main           689 TKMMain.ReinitRender
0162d5e6 KaM_Expansion.exe KM_Main           281 TKMMain.Start
0162d754 KaM_Expansion.exe KM_Main           305 TKMMain.Start
018abb2b KaM_Expansion.exe KaM_Expansion     479 initialization
018abb5a KaM_Expansion.exe KaM_Expansion     482 initialization
75e37ba7 KERNEL32.DLL                            BaseThreadInitThunk

21:40:46.540     0,127s      13ms   3408    'Server settings' was successfully saved to 'C:\Users\szyby\OneDrive\Dokumenty\My Games\Knights and Merchants Remake\KaM Remake Server Settings.ini'
21:40:46.547     0,134s       7ms   3408    Init Render started
21:40:46.683     0,270s     136ms   3408    GL_MAX_TEXTURE_SIZE = 32768
21:40:46.691     0,278s       8ms   3408    GL_MAX_VIEWPORT_DIM = 32768
                                      OpenGL Vendor: NVIDIA Corporation
                                      OpenGL Renderer: NVIDIA GeForce RTX 3060 Ti/PCIe/SSE2
                                      OpenGL Version: 4.6.0 NVIDIA 560.81
21:40:46.716     0,303s      25ms   3408    Init Render Done
21:40:46.724     0,311s       8ms   3408    Resource loading state - None
21:40:46.732     0,319s       8ms   3408    Reading palettes ... done
21:40:46.740     0,327s       8ms   3408    Reading GUI.rx
21:40:46.748     0,335s       8ms   3408    Load Sprites started
21:40:46.755     0,342s       7ms   3408    GUI - 965
21:40:46.777     0,364s      22ms   3408    Load Sprites Done
21:40:46.813     0,400s      36ms   3408    Reading GUIMain.rx
21:40:46.819     0,407s       7ms   3408    Load Sprites started
21:40:46.827     0,414s       6ms   3408    GUIMain - 105
21:40:46.881     0,468s      53ms   3408    Load Sprites Done
21:40:46.938     0,525s      57ms   3408    Reading Tileset.rx
21:40:46.945     0,532s       7ms   3408    Load Sprites started
21:40:46.951     0,538s       6ms   3408    Tileset - 5449
21:40:46.968     0,555s      17ms   3408    Load Sprites Done
21:40:46.975     0,562s       7ms   3408    GenerateTerrainTransitions started. Legacy = False
21:40:46.983     0,570s       7ms   3408    TexId = 5451 GenTilesCnt = 2030
21:40:46.991     0,578s       8ms   3408    TexId = 6031; TexId - fGenTexIdStartI = 580; uniqueTex = 580; totalTex = 1305
21:40:46.998     0,585s       7ms   3408    GeneratedMasks cnt = 20
21:40:47.006     0,593s       8ms   3408    GenerateTerrainTransitions Done
21:40:47.013     0,600s       7ms   3408    GenerateTerrainTransitions started. Legacy = True
21:40:47.020     0,607s       7ms   3408    Legacy: TexId = 4999 GenTilesCntTemp = 1960
21:40:47.029     0,616s       9ms   3408    TexId = 5447; TexId - fGenTexIdStartILegacy = 448; uniqueTex = 448; totalTex = 1008
21:40:47.035     0,622s       5ms   3408    GeneratedMasks cnt = 16
21:40:47.043     0,630s       8ms   3408    GenerateTerrainTransitions Done
21:40:47.154     0,741s     111ms   3408    Load font started
21:40:47.191     0,778s      37ms   3408    Font load took 37ms
21:40:47.198     0,785s       7ms   3408    Read fonts is done
21:40:47.215     0,802s      17ms   3408    ReadGFX is done
21:40:47.222     0,809s       7ms   3408    Resource loading state - Menu
21:40:47.232     0,819s      10ms   2116    OpenAL init started
21:40:47.889     1,476s     657ms   3408    Music init done, 24 tracks found
                                      Loading campaign images.rxx for HKS
21:40:47.929     1,516s      40ms  12972    Custom - 1
21:40:47.935     1,522s       6ms   2116    Pre-LoadSFX init ... done
21:40:47.945     1,532s       9ms   2116    ALC_MONO_SOURCES 255
21:40:47.957     1,544s      12ms   2116    ALC_STEREO_SOURCES 1
21:40:47.965     1,552s       8ms   3408    Main menu init done
21:40:47.972     1,559s       7ms   2116    OpenAL init done
21:40:47.993     1,580s      21ms   3408    Check game folder 'E:\programowanie\projekty delphi\kam_expansion\' generic permissions: READ: granted; WRITE: granted; EXECUTE: granted; folder is writable: 
21:40:48.000     1,587s       7ms   3408    LoadGameResources ... AlphaShadows: True. Forced: True
21:40:48.007     1,594s       7ms   3408    TKMResSprites.LoadGameResources
21:40:48.013     1,600s       6ms   3408    [AsyncGameResLoader Thread] Started
21:40:48.020     1,607s       7ms   3408    Resource loading state - Game
21:40:48.028     1,615s       8ms  10740    [AsyncGameResLoader Thread] RT = rxTrees Stage = lsLoad
21:40:48.035     1,622s       7ms  10740    [AsyncGameResLoader Thread] Start Load RXX 'Trees.rxx'
21:40:48.044     1,631s       8ms  10740    Load Sprites started
21:40:48.051     1,638s       7ms   3408    ToggleFullscreen
21:40:48.058     1,645s       7ms   3408    Form Width/Height: 1040:830
21:40:48.066     1,653s       8ms   3408    Panel Width/Height: 1024:791
21:40:48.073     1,660s       7ms  10740    Trees - 1214
21:40:48.127     1,714s      54ms   3408    Saving dev settings to file 'kmr_dev.xml'
                                      Loading campaign images.rxx for KSN
21:40:48.157     1,744s      19ms  12972    Custom - 1
21:40:48.166     1,754s      10ms   3408    Saving dev settings to file 'kmr_dev.xml'
21:40:48.177     1,764s      10ms   3408    Game Load Done in 1785
                                      Loading campaign images.rxx for KSO
21:40:48.234     1,821s      57ms  12972    Custom - 1
21:40:48.260     1,847s      26ms  10740    Load Sprites Done
                                      Loading campaign images.rxx for KSU
21:40:48.293     1,880s      33ms  12972    Custom - 1
                                      Loading campaign images.rxx for OFL
21:40:48.343     1,931s      51ms  12972    Custom - 1
21:40:48.362     1,949s      18ms  10740    [AsyncGameResLoader Thread] DONE Load RXX 'Trees.rxa'
21:40:48.373     1,960s      11ms   3408    [AsyncGameResLoader MainTh] [UpdateStateIdle] GenTextures RT = rxTrees Stage = lsGenMain
21:40:48.387     1,974s      14ms   3408    [AsyncGameResLoader MainTh] [UpdateStateIdle] DONE
                                      Loading campaign images.rxx for OER
21:40:48.402     1,989s      15ms  10740    [AsyncGameResLoader Thread] RT = rxTrees Stage = lsOverload
21:40:48.410     1,997s       8ms  10740    [AsyncGameResLoader Thread] OverloadFromFolder RT = rxTrees
21:40:48.417     2,004s       7ms  12972    Custom - 1
21:40:48.468     2,055s      51ms  10740    [AsyncGameResLoader Thread] DONE OverloadFromFolder RT = rxTrees
21:40:48.475     2,062s       7ms   3408    [AsyncGameResLoader MainTh] [UpdateStateIdle] GenTextures RT = rxTrees Stage = lsGenOverload
21:40:48.484     2,071s       9ms   3408    [AsyncGameResLoader MainTh] [UpdateStateIdle] DONE
                                      Loading campaign images.rxx for TBK
21:40:48.497     2,084s      13ms  10740    [AsyncGameResLoader Thread] RT = rxHouses Stage = lsLoad
21:40:48.504     2,091s       7ms  10740    [AsyncGameResLoader Thread] Start Load RXX 'Houses.rxx'
21:40:48.511     2,098s       7ms  10740    Load Sprites started
21:40:48.517     2,104s       6ms  12972    Custom - 1
21:40:48.525     2,112s       8ms  10740    Houses - 2582
                                      Loading campaign images.rxx for TPR
21:40:48.576     2,163s      51ms  12972    Custom - 1
                                      Loading campaign images.rxx for TSK
21:40:48.616     2,203s      40ms  12972    Custom - 1
                                      Loading campaign images.rxx for TUA
21:40:48.650     2,237s      34ms  12972    Custom - 1
21:40:48.769     2,356s     119ms  10740    Load Sprites Done
                                      Loading campaign images.rxx for TMR
21:40:48.805     2,392s      36ms  12972    Custom - 1
21:40:48.907     2,494s     102ms  10740    [AsyncGameResLoader Thread] DONE Load RXX 'Houses.rxa'
21:40:48.938     2,525s      31ms   3408    [AsyncGameResLoader MainTh] [UpdateStateIdle] GenTextures RT = rxHouses Stage = lsGenMain
21:40:48.952     2,539s      14ms   3408    [AsyncGameResLoader MainTh] [UpdateStateIdle] DONE
21:40:48.961     2,549s      10ms  10740    [AsyncGameResLoader Thread] RT = rxHouses Stage = lsOverload
21:40:48.968     2,555s       6ms  10740    [AsyncGameResLoader Thread] OverloadFromFolder RT = rxHouses
21:40:49.129     2,716s     160ms  10740    [AsyncGameResLoader Thread] DONE OverloadFromFolder RT = rxHouses
21:40:49.145     2,732s      16ms   3408    [AsyncGameResLoader MainTh] [UpdateStateIdle] GenTextures RT = rxHouses Stage = lsGenOverload
21:40:49.152     2,739s       7ms   3408    [AsyncGameResLoader MainTh] [UpdateStateIdle] DONE
21:40:49.159     2,746s       7ms  10740    [AsyncGameResLoader Thread] RT = rxUnits Stage = lsLoad
21:40:49.166     2,753s       7ms  10740    [AsyncGameResLoader Thread] Start Load RXX 'Units.rxx'
21:40:49.173     2,760s       7ms  10740    Load Sprites started
21:40:49.180     2,767s       7ms  10740    Units - 14842
21:40:50.799     4,386s    1619ms  10740    Load Sprites Done
21:40:51.966     5,553s    1166ms  10740    [AsyncGameResLoader Thread] DONE Load RXX 'Units.rxa'
21:40:51.973     5,560s       7ms   3408    [AsyncGameResLoader MainTh] [UpdateStateIdle] GenTextures RT = rxUnits Stage = lsGenMain
21:40:52.050     5,637s      77ms   3408    [AsyncGameResLoader MainTh] [UpdateStateIdle] DONE
21:40:52.057     5,644s       7ms  10740    [AsyncGameResLoader Thread] RT = rxUnits Stage = lsOverload
21:40:52.064     5,651s       7ms  10740    [AsyncGameResLoader Thread] OverloadFromFolder RT = rxUnits
21:40:53.110     6,697s    1046ms  10740    [AsyncGameResLoader Thread] DONE OverloadFromFolder RT = rxUnits
21:40:53.122     6,709s      12ms   3408    [AsyncGameResLoader MainTh] [UpdateStateIdle] GenTextures RT = rxUnits Stage = lsGenOverload
21:40:53.128     6,715s       6ms   3408    [AsyncGameResLoader Thread] Stopped
21:40:53.134     6,721s       6ms   3408    [AsyncGameResLoader MainTh] [UpdateStateIdle] DONE
                                      Loading campaign images.rxx for HKS
21:41:27.832    41,419s   34698ms  12680    Custom - 1
                                      Loading campaign images.rxx for KSN
21:41:27.944    41,531s     112ms  12680    Custom - 1
                                      Loading campaign images.rxx for KSO
21:41:28.008    41,595s      64ms  12680    Custom - 1
                                      Loading campaign images.rxx for KSU
21:41:28.068    41,655s      60ms  12680    Custom - 1
                                      Loading campaign images.rxx for OFL
21:41:28.123    41,710s      55ms  12680    Custom - 1
                                      Loading campaign images.rxx for OER
21:41:28.172    41,759s      49ms  12680    Custom - 1
                                      Loading campaign images.rxx for TBK
21:41:28.206    41,793s      34ms  12680    Custom - 1
                                      Loading campaign images.rxx for TPR
21:41:28.258    41,845s      52ms  12680    Custom - 1
                                      Loading campaign images.rxx for TSK
21:41:28.300    41,887s      42ms  12680    Custom - 1
                                      Loading campaign images.rxx for TUA
21:41:28.331    41,918s      31ms  12680    Custom - 1
                                      Loading campaign images.rxx for TMR
21:41:28.492    42,079s     161ms  12680    Custom - 1
21:41:31.972    45,559s    3480ms   3408    LoadGameResources ... AlphaShadows: True. Forced: False
21:41:31.979    45,566s       7ms   3408    Resource loading state - Game
21:41:32.005    45,592s      26ms   3408    Saving dev settings to file 'kmr_dev.xml'
21:41:32.047    45,634s      42ms   3408    <== Game creation is done ==>
21:41:32.055    45,642s       8ms   3408    GameStart
21:41:32.061    45,648s       6ms   3408    Loading DAT file: E:\programowanie\projekty delphi\kam_expansion\Maps\Nowa Misja\Nowa Misja.dat
21:41:32.067    45,654s       6ms   3408    Loading map file: E:\programowanie\projekty delphi\kam_expansion\Maps\Nowa Misja\Nowa Misja.map
21:41:32.081    45,668s      14ms   3408    Map file loaded
21:41:32.240    45,827s     159ms   3408    Gameplay recording initialized ... done
21:41:32.246    45,833s       6ms   3408    Game options: PT = 0; SpeedPT = 1; SpeedAfterPT = 1; Seed = 0; Difficulty = mdNone
21:41:32.252    45,839s       6ms   3408    Gameplay initialized ... done
21:41:32.258    45,845s       6ms   3408    After game start
21:41:32.271    45,858s      13ms   3408    Set game seed: 1640677341
21:41:32.277    45,864s       6ms   3408    After game start ... done
21:41:34.124    47,711s    1847ms   3408    LoadGameResources ... AlphaShadows: True. Forced: False
21:41:34.131    47,718s       7ms   3408    Resource loading state - Game
21:41:34.155    47,742s      24ms   3408    Saving dev settings to file 'kmr_dev.xml'
21:41:34.211    47,798s      56ms   3408    <== Game creation is done ==>
21:41:34.218    47,805s       7ms   3408    GameStart
21:41:34.224    47,811s       6ms   3408    Loading DAT file: E:\programowanie\projekty delphi\kam_expansion\Maps\Nowa Misja\Nowa Misja.dat
21:41:34.229    47,816s       5ms   3408    Loading map file: E:\programowanie\projekty delphi\kam_expansion\Maps\Nowa Misja\Nowa Misja.map
21:41:34.242    47,829s      12ms   3408    Map file loaded
21:41:34.268    47,856s      27ms   3408    Gameplay recording initialized ... done
21:41:34.275    47,863s       7ms   3408    Game options: PT = 0; SpeedPT = 1; SpeedAfterPT = 1; Seed = 0; Difficulty = mdNone
21:41:34.281    47,869s       6ms   3408    Gameplay initialized ... done
21:41:34.287    47,874s       5ms   3408    After game start
21:41:34.306    47,893s      19ms   3408    Set game seed: 1792850777
21:41:34.313    47,900s       7ms   3408    Saving game at tick 0 to 'E:\programowanie\projekty delphi\kam_expansion\Saves\basesave\basesave.bas'
21:41:34.321    47,908s       8ms   3408    Script: "Size": {"X": 2, "Y": 1},|"Tiles": [|	{"Tile": [1, 693, 0, 255]},      {"Tile": [1, 693, 2, 255]}       |]
21:41:34.328    47,915s       7ms   3408    After game start ... done
21:41:41.327    54,914s    6999ms   3408    Issue gicGameAutoSave command at tick 600
21:41:41.335    54,922s       8ms   3408    Saving game at tick 600 to 'E:\programowanie\projekty delphi\kam_expansion\Saves\autosave\autosave.sav'
21:41:47.327    60,914s    5992ms   3408    Issue gicGameAutoSave command at tick 1200
21:41:47.335    60,922s       8ms   3408    Saving game at tick 1200 to 'E:\programowanie\projekty delphi\kam_expansion\Saves\autosave\autosave.sav'
21:41:52.211    65,798s    4876ms   3408    Issue gicGameAutoSave command at tick 1800
21:41:52.218    65,805s       7ms   3408    Saving game at tick 1800 to 'E:\programowanie\projekty delphi\kam_expansion\Saves\autosave\autosave.sav'
21:41:53.211    66,798s     993ms   3408    Issue gicGameAutoSave command at tick 2400
21:41:53.218    66,805s       7ms   3408    Saving game at tick 2400 to 'E:\programowanie\projekty delphi\kam_expansion\Saves\autosave\autosave.sav'
21:41:54.211    67,798s     993ms   3408    Warning: HouseUnoccupiedMsgId for house type ord=54 could not be determined.
21:41:54.219    67,806s       8ms   3408    Warning: HouseUnoccupiedMsgId for house type ord=54 could not be determined.
21:41:54.224    67,811s       5ms   3408    Warning: HouseUnoccupiedMsgId for house type ord=54 could not be determined.
21:41:54.230    67,817s       6ms   3408    Warning: HouseUnoccupiedMsgId for house type ord=55 could not be determined.
21:41:54.237    67,824s       7ms   3408    Issue gicGameAutoSave command at tick 3000
21:41:54.242    67,829s       5ms   3408    Saving game at tick 3000 to 'E:\programowanie\projekty delphi\kam_expansion\Saves\autosave\autosave.sav'
21:42:01.812    75,399s    7570ms   3408    Saving dev settings to file 'kmr_dev.xml'
21:42:02.840    76,427s    1028ms   3408    Saving dev settings to file 'kmr_dev.xml'
21:42:08.630    82,217s    5790ms   3408    Issue gicGameAutoSave command at tick 3600
21:42:08.637    82,224s       7ms   3408    Saving game at tick 3600 to 'E:\programowanie\projekty delphi\kam_expansion\Saves\autosave\autosave.sav'
21:43:08.645   142,232s   60008ms   3408    Issue gicGameAutoSave command at tick 4200
21:43:08.652   142,239s       7ms   3408    Saving game at tick 4200 to 'E:\programowanie\projekty delphi\kam_expansion\Saves\autosave\autosave.sav'
21:43:17.215   150,802s    8563ms   3408    Saving dev settings to file 'kmr_dev.xml'
21:43:18.062   151,649s     847ms   3408    Stopping game application...
21:43:18.070   151,657s       8ms   3408    Gameplay ended - grSilent /
21:43:18.076   151,663s       6ms   3408    Start saving 'Server settings' to 'C:\Users\szyby\OneDrive\Dokumenty\My Games\Knights and Merchants Remake\KaM Remake Server Settings.ini'
01411e4c KaM_Expansion.exe KM_Settings        106 TKMSettings.SaveToDefaultFile
01411f1f KaM_Expansion.exe KM_Settings        113 TKMSettings.SaveToDefaultFile
01411b58 KaM_Expansion.exe KM_Settings         65 TKMSettings.Destroy
0155678e KaM_Expansion.exe KM_ServerSettings  117 TKMServerSettings.Destroy
00e7a764 KaM_Expansion.exe System              20 TObject.Free
011497f0 KaM_Expansion.exe KromUtils          281 FreeThenNil
01622eff KaM_Expansion.exe KM_GameApp         330 TKMGameApp.Destroy
00e7a764 KaM_Expansion.exe System              20 TObject.Free
011497f0 KaM_Expansion.exe KromUtils          281 FreeThenNil
0162db95 KaM_Expansion.exe KM_Main            376 TKMMain.Stop
0162dc74 KaM_Expansion.exe KM_Main            405 TKMMain.Stop
018960ed KaM_Expansion.exe KM_FormMain       2212 TFormMain.FormClose
010f36a7 KaM_Expansion.exe Vcl.Forms              TCustomForm.DoClose
010f9095 KaM_Expansion.exe Vcl.Forms              TCustomForm.Close
010f7cd4 KaM_Expansion.exe Vcl.Forms              TCustomForm.WMClose
01042cfa KaM_Expansion.exe Vcl.Controls           TControl.WndProc
01047ec1 KaM_Expansion.exe Vcl.Controls           TWinControl.WndProc
010f42e8 KaM_Expansion.exe Vcl.Forms              TCustomForm.WndProc
010f4303 KaM_Expansion.exe Vcl.Forms              TCustomForm.WndProc
01895bd9 KaM_Expansion.exe KM_FormMain       2051 TFormMain.WndProc

21:43:18.100   151,687s      24ms   3408    'Server settings' was successfully saved to 'C:\Users\szyby\OneDrive\Dokumenty\My Games\Knights and Merchants Remake\KaM Remake Server Settings.ini'
21:43:18.316   151,903s     216ms   3408    Start saving 'GameApp settings' to 'C:\Users\szyby\OneDrive\Dokumenty\My Games\Knights and Merchants Remake\KaM Remake Settings KingDyronMod.xml'
01411e4c KaM_Expansion.exe KM_Settings         106 TKMSettings.SaveToDefaultFile
01411f1f KaM_Expansion.exe KM_Settings         113 TKMSettings.SaveToDefaultFile
01411b58 KaM_Expansion.exe KM_Settings          65 TKMSettings.Destroy
014122b2 KaM_Expansion.exe KM_SettingsXML       44 TKMSettingsXML.Destroy
014125de KaM_Expansion.exe KM_GameAppSettings   57 TKMGameAppSettings.Destroy
00e7a764 KaM_Expansion.exe System               20 TObject.Free
011497f0 KaM_Expansion.exe KromUtils           281 FreeThenNil
0162db9f KaM_Expansion.exe KM_Main             378 TKMMain.Stop
0162dc74 KaM_Expansion.exe KM_Main             405 TKMMain.Stop
018960ed KaM_Expansion.exe KM_FormMain        2212 TFormMain.FormClose
010f36a7 KaM_Expansion.exe Vcl.Forms               TCustomForm.DoClose
010f9095 KaM_Expansion.exe Vcl.Forms               TCustomForm.Close
010f7cd4 KaM_Expansion.exe Vcl.Forms               TCustomForm.WMClose
01042cfa KaM_Expansion.exe Vcl.Controls            TControl.WndProc
01047ec1 KaM_Expansion.exe Vcl.Controls            TWinControl.WndProc
010f42e8 KaM_Expansion.exe Vcl.Forms               TCustomForm.WndProc
010f4303 KaM_Expansion.exe Vcl.Forms               TCustomForm.WndProc
01895bd9 KaM_Expansion.exe KM_FormMain        2051 TFormMain.WndProc
010473cc KaM_Expansion.exe Vcl.Controls            TWinControl.MainWndProc
010473e7 KaM_Expansion.exe Vcl.Controls            TWinControl.MainWndProc

21:43:18.332   151,919s      16ms   3408    'GameApp settings' was successfully saved to 'C:\Users\szyby\OneDrive\Dokumenty\My Games\Knights and Merchants Remake\KaM Remake Settings KingDyronMod.xml'
