   Timestamp    Elapsed     Delta  Thread    Description
========================
    Date: 2025.01.06
========================
12:33:29.082     0,001s       1ms  19464    Log is up and running. Game version: KaM Expansion: Co-op & World Update
12:33:29.088     0,006s       5ms  19464    Game Load started
12:33:29.099     0,018s      12ms  19464    Start loading 'GameApp settings' from 'C:\Users\szyby\OneDrive\Dokumenty\My Games\Knights and Merchants Remake\KaM Remake Settings KingDyronMod.xml'
12:33:29.104     0,023s       5ms  19464    'GameApp settings' was successfully loaded from 'C:\Users\szyby\OneDrive\Dokumenty\My Games\Knights and Merchants Remake\KaM Remake Settings KingDyronMod.xml'
12:33:29.109     0,027s       4ms  19464    Start saving 'GameApp settings' to 'C:\Users\szyby\OneDrive\Dokumenty\My Games\Knights and Merchants Remake\KaM Remake Settings KingDyronMod.xml'
0135881c KaM_Expansion.exe KM_Settings        106 TKMSettings.SaveToDefaultFile
013588ef KaM_Expansion.exe KM_Settings        113 TKMSettings.SaveToDefaultFile
013584ed KaM_Expansion.exe KM_Settings         59 TKMSettings.Create
01358c2a KaM_Expansion.exe KM_SettingsXML      38 TKMSettingsXML.Create
01358f6b KaM_Expansion.exe KM_GameAppSettings  51 TKMGameAppSettings.Create
0156ce6c KaM_Expansion.exe KM_Main            258 TKMMain.Start
0156d0db KaM_Expansion.exe KM_Main            305 TKMMain.Start
017eeb2b KaM_Expansion.exe KaM_Expansion      480 initialization
017eeb5a KaM_Expansion.exe KaM_Expansion      483 initialization
76c97ba7 KERNEL32.DLL                             BaseThreadInitThunk

12:33:29.147     0,065s      38ms  19464    'GameApp settings' was successfully saved to 'C:\Users\szyby\OneDrive\Dokumenty\My Games\Knights and Merchants Remake\KaM Remake Settings KingDyronMod.xml'
12:33:29.175     0,093s      27ms  19464    Start loading 'Server settings' from 'C:\Users\szyby\OneDrive\Dokumenty\My Games\Knights and Merchants Remake\KaM Remake Server Settings.ini'
12:33:29.181     0,099s       6ms  19464    'Server settings' was successfully loaded from 'C:\Users\szyby\OneDrive\Dokumenty\My Games\Knights and Merchants Remake\KaM Remake Server Settings.ini'
12:33:29.187     0,105s       6ms  19464    Start saving 'Server settings' to 'C:\Users\szyby\OneDrive\Dokumenty\My Games\Knights and Merchants Remake\KaM Remake Server Settings.ini'
0135881c KaM_Expansion.exe KM_Settings       106 TKMSettings.SaveToDefaultFile
013588ef KaM_Expansion.exe KM_Settings       113 TKMSettings.SaveToDefaultFile
013584ed KaM_Expansion.exe KM_Settings        59 TKMSettings.Create
01496274 KaM_Expansion.exe KM_ServerSettings 109 TKMServerSettings.Create
01562377 KaM_Expansion.exe KM_GameApp        213 TKMGameApp.Create
015626a2 KaM_Expansion.exe KM_GameApp        298 TKMGameApp.Create
0156e0e2 KaM_Expansion.exe KM_Main           635 TKMMain.ReinitRender
0156e2ee KaM_Expansion.exe KM_Main           689 TKMMain.ReinitRender
0156cf82 KaM_Expansion.exe KM_Main           281 TKMMain.Start
0156d0db KaM_Expansion.exe KM_Main           305 TKMMain.Start
017eeb2b KaM_Expansion.exe KaM_Expansion     480 initialization
017eeb5a KaM_Expansion.exe KaM_Expansion     483 initialization
76c97ba7 KERNEL32.DLL                            BaseThreadInitThunk

12:33:29.200     0,118s      13ms  19464    'Server settings' was successfully saved to 'C:\Users\szyby\OneDrive\Dokumenty\My Games\Knights and Merchants Remake\KaM Remake Server Settings.ini'
12:33:29.205     0,124s       6ms  19464    Init Render started
12:33:29.342     0,261s     136ms  19464    GL_MAX_TEXTURE_SIZE = 32768
12:33:29.350     0,269s       8ms  19464    GL_MAX_VIEWPORT_DIM = 32768
                                      OpenGL Vendor: NVIDIA Corporation
                                      OpenGL Renderer: NVIDIA GeForce RTX 3060 Ti/PCIe/SSE2
                                      OpenGL Version: 4.6.0 NVIDIA 560.94
12:33:29.373     0,292s      23ms  19464    Init Render Done
12:33:29.381     0,299s       6ms  19464    Resource loading state - None
12:33:29.388     0,306s       7ms  19464    Reading palettes ... done
12:33:29.396     0,314s       8ms  19464    Reading GUI.rx
12:33:29.402     0,321s       7ms  19464    Load Sprites started
12:33:29.408     0,326s       5ms  19464    GUI - 971
12:33:29.424     0,343s      17ms  19464    Load Sprites Done
12:33:29.461     0,379s      36ms  19464    Reading GUIMain.rx
12:33:29.468     0,386s       7ms  19464    Load Sprites started
12:33:29.474     0,392s       6ms  19464    GUIMain - 105
12:33:29.522     0,440s      48ms  19464    Load Sprites Done
12:33:29.575     0,494s      53ms  19464    Reading Tileset.rx
12:33:29.582     0,500s       6ms  19464    Load Sprites started
12:33:29.587     0,506s       6ms  19464    Tileset - 5449
12:33:29.601     0,519s      13ms  19464    Load Sprites Done
12:33:29.608     0,526s       7ms  19464    GenerateTerrainTransitions started. Legacy = False
12:33:29.614     0,532s       6ms  19464    TexId = 5451 GenTilesCnt = 2100
12:33:29.621     0,539s       7ms  19464    TexId = 6051; TexId - fGenTexIdStartI = 600; uniqueTex = 600; totalTex = 1350
12:33:29.627     0,545s       6ms  19464    GeneratedMasks cnt = 20
12:33:29.632     0,550s       5ms  19464    GenerateTerrainTransitions Done
12:33:29.638     0,557s       7ms  19464    GenerateTerrainTransitions started. Legacy = True
12:33:29.644     0,562s       5ms  19464    Legacy: TexId = 4999 GenTilesCntTemp = 2030
12:33:29.651     0,569s       7ms  19464    TexId = 5463; TexId - fGenTexIdStartILegacy = 464; uniqueTex = 464; totalTex = 1044
12:33:29.656     0,574s       5ms  19464    GeneratedMasks cnt = 16
12:33:29.662     0,581s       7ms  19464    GenerateTerrainTransitions Done
12:33:29.767     0,686s     105ms  19464    Load font started
12:33:29.804     0,722s      36ms  19464    Font load took 36ms
12:33:29.810     0,729s       7ms  19464    Read fonts is done
12:33:29.828     0,747s      18ms  19464    ReadGFX is done
12:33:29.835     0,754s       7ms  19464    Resource loading state - Menu
12:33:29.842     0,760s       6ms   2356    OpenAL init started
12:33:29.867     0,785s      25ms  19464    Music init done, 24 tracks found
                                      Loading campaign images.rxx for HKS
12:33:29.895     0,814s      29ms  15436    Custom - 1
12:33:29.903     0,821s       7ms   2356    Pre-LoadSFX init ... done
12:33:29.911     0,829s       8ms   2356    ALC_MONO_SOURCES 255
12:33:29.918     0,836s       7ms   2356    ALC_STEREO_SOURCES 1
12:33:29.926     0,844s       8ms  19464    Main menu init done
12:33:29.933     0,852s       8ms   2356    OpenAL init done
12:33:29.955     0,873s      21ms  19464    Check game folder 'E:\programowanie\projekty delphi\kam_expansion\' generic permissions: READ: granted; WRITE: granted; EXECUTE: granted; folder is writable: 
12:33:29.962     0,880s       6ms  19464    LoadGameResources ... AlphaShadows: True. Forced: True
12:33:29.969     0,888s       8ms  19464    TKMResSprites.LoadGameResources
12:33:29.975     0,894s       6ms  19464    [AsyncGameResLoader Thread] Started
12:33:29.982     0,900s       6ms  19464    Resource loading state - Game
12:33:29.988     0,906s       6ms  19464    ToggleFullscreen
12:33:29.994     0,912s       6ms  19464    Form Width/Height: 1040:782
12:33:30.000     0,918s       6ms  19464    Panel Width/Height: 1024:743
12:33:30.007     0,925s       7ms  16728    [AsyncGameResLoader Thread] RT = rxTrees Stage = lsLoad
12:33:30.014     0,932s       7ms  16728    [AsyncGameResLoader Thread] Start Load RXX 'Trees.rxx'
12:33:30.020     0,939s       7ms  16728    Load Sprites started
12:33:30.030     0,948s       9ms  16728    Trees - 1227
                                      Loading campaign images.rxx for KSN
12:33:30.048     0,967s      19ms  15436    Custom - 1
12:33:30.055     0,974s       7ms  19464    Saving dev settings to file 'kmr_dev.xml'
12:33:30.093     1,011s      37ms  19464    Saving dev settings to file 'kmr_dev.xml'
12:33:30.099     1,017s       6ms  19464    Game Load Done in 1044
                                      Loading campaign images.rxx for KSO
12:33:30.161     1,079s      61ms  15436    Custom - 1
12:33:30.167     1,085s       6ms  16728    Load Sprites Done
                                      Loading campaign images.rxx for KSU
12:33:30.220     1,139s      54ms  15436    Custom - 1
                                      Loading campaign images.rxx for OFL
12:33:30.271     1,189s      50ms  15436    Custom - 1
12:33:30.278     1,196s       7ms  16728    [AsyncGameResLoader Thread] DONE Load RXX 'Trees.rxa'
12:33:30.293     1,212s      16ms  19464    [AsyncGameResLoader MainTh] [UpdateStateIdle] GenTextures RT = rxTrees Stage = lsGenMain
                                      Loading campaign images.rxx for OER
12:33:30.319     1,237s      25ms  19464    [AsyncGameResLoader MainTh] [UpdateStateIdle] DONE
12:33:30.325     1,243s       6ms  15436    Custom - 1
12:33:30.332     1,250s       7ms  16728    [AsyncGameResLoader Thread] RT = rxTrees Stage = lsOverload
12:33:30.337     1,255s       5ms  16728    [AsyncGameResLoader Thread] OverloadFromFolder RT = rxTrees
12:33:30.344     1,262s       7ms  16728    [AsyncGameResLoader Thread] DONE OverloadFromFolder RT = rxTrees
12:33:30.351     1,269s       7ms  19464    [AsyncGameResLoader MainTh] [UpdateStateIdle] GenTextures RT = rxTrees Stage = lsGenOverload
12:33:30.357     1,275s       6ms  19464    [AsyncGameResLoader MainTh] [UpdateStateIdle] DONE
                                      Loading campaign images.rxx for TBK
12:33:30.368     1,287s      12ms  16728    [AsyncGameResLoader Thread] RT = rxHouses Stage = lsLoad
12:33:30.374     1,293s       5ms  15436    Custom - 1
12:33:30.382     1,300s       7ms  16728    [AsyncGameResLoader Thread] Start Load RXX 'Houses.rxx'
12:33:30.388     1,306s       6ms  16728    Load Sprites started
12:33:30.395     1,313s       7ms  16728    Houses - 2710
                                      Loading campaign images.rxx for TPR
12:33:30.433     1,352s      39ms  15436    Custom - 1
12:33:30.471     1,390s      38ms  16728    Load Sprites Done
                                      Loading campaign images.rxx for TSK
12:33:30.487     1,405s      15ms  15436    Custom - 1
                                      Loading campaign images.rxx for TUA
12:33:30.525     1,443s      38ms  15436    Custom - 1
12:33:30.604     1,523s      80ms  16728    [AsyncGameResLoader Thread] DONE Load RXX 'Houses.rxa'
12:33:30.621     1,540s      17ms  19464    [AsyncGameResLoader MainTh] [UpdateStateIdle] GenTextures RT = rxHouses Stage = lsGenMain
12:33:30.641     1,560s      20ms  19464    [AsyncGameResLoader MainTh] [UpdateStateIdle] DONE
12:33:30.649     1,567s       7ms  16728    [AsyncGameResLoader Thread] RT = rxHouses Stage = lsOverload
12:33:30.655     1,573s       6ms  16728    [AsyncGameResLoader Thread] OverloadFromFolder RT = rxHouses
12:33:30.661     1,579s       6ms  16728    [AsyncGameResLoader Thread] DONE OverloadFromFolder RT = rxHouses
12:33:30.675     1,594s      16ms  19464    [AsyncGameResLoader MainTh] [UpdateStateIdle] GenTextures RT = rxHouses Stage = lsGenOverload
12:33:30.683     1,601s       6ms  19464    [AsyncGameResLoader MainTh] [UpdateStateIdle] DONE
12:33:30.689     1,608s       7ms  16728    [AsyncGameResLoader Thread] RT = rxUnits Stage = lsLoad
12:33:30.695     1,614s       6ms  16728    [AsyncGameResLoader Thread] Start Load RXX 'Units.rxx'
12:33:30.702     1,620s       6ms  16728    Load Sprites started
                                      Loading campaign images.rxx for TMR
12:33:30.714     1,633s      13ms  16728    Units - 15213
12:33:30.721     1,639s       6ms  15436    Custom - 1
12:33:31.327     2,245s     606ms  16728    Load Sprites Done
12:33:32.434     3,352s    1107ms  16728    [AsyncGameResLoader Thread] DONE Load RXX 'Units.rxa'
12:33:32.442     3,360s       8ms  19464    [AsyncGameResLoader MainTh] [UpdateStateIdle] GenTextures RT = rxUnits Stage = lsGenMain
12:33:32.525     3,443s      83ms  19464    [AsyncGameResLoader MainTh] [UpdateStateIdle] DONE
12:33:32.532     3,451s       7ms  16728    [AsyncGameResLoader Thread] RT = rxUnits Stage = lsOverload
12:33:32.538     3,456s       5ms  16728    [AsyncGameResLoader Thread] OverloadFromFolder RT = rxUnits
12:33:32.544     3,462s       6ms  16728    [AsyncGameResLoader Thread] DONE OverloadFromFolder RT = rxUnits
12:33:32.549     3,468s       6ms  19464    [AsyncGameResLoader MainTh] [UpdateStateIdle] GenTextures RT = rxUnits Stage = lsGenOverload
12:33:32.555     3,474s       5ms  19464    [AsyncGameResLoader Thread] Stopped
12:33:32.562     3,480s       6ms  19464    [AsyncGameResLoader MainTh] [UpdateStateIdle] DONE
12:33:44.692    15,610s   12130ms  19464    LoadGameResources ... AlphaShadows: True. Forced: False
12:33:44.702    15,621s      11ms  19464    Resource loading state - Game
12:33:44.725    15,643s      22ms  19464    Saving dev settings to file 'kmr_dev.xml'
12:33:44.782    15,700s      53ms  19464    <== Game creation is done ==>
12:33:44.788    15,707s       7ms  19464    GameStart
12:33:44.794    15,713s       6ms  19464    Loading DAT file: E:\programowanie\projekty delphi\kam_expansion\Tutorials\2.Economy\2.Economy.dat
12:33:44.800    15,718s       5ms  19464    Loading map file: E:\programowanie\projekty delphi\kam_expansion\Tutorials\2.Economy\2.Economy.map
12:33:44.810    15,729s      11ms  19464    Map file loaded
12:33:44.823    15,741s      12ms  19464    Script: Script compile hints: 
[Hint] Variable 'I' never used in 'E:\programowanie\projekty delphi\kam_expansion\Tutorials\2.Economy\2.Economy.script' at [33:5]
12:33:44.830    15,748s       7ms  19464    Gameplay recording initialized ... done
12:33:44.836    15,754s       6ms  19464    Game options: PT = 0; SpeedPT = 1; SpeedAfterPT = 1; Seed = 0; Difficulty = mdNone
12:33:44.842    15,761s       7ms  19464    Gameplay initialized ... done
12:33:44.848    15,766s       5ms  19464    After game start
12:33:44.854    15,772s       6ms  19464    Set game seed: 1328331502
12:33:44.859    15,778s       6ms  19464    Saving game at tick 0 to 'E:\programowanie\projekty delphi\kam_expansion\Saves\basesave\basesave.bas'
12:33:44.867    15,785s       7ms  19464    After game start ... done
12:33:52.064    22,982s    7197ms  19464    Issue gicGameAutoSave command at tick 600
12:33:52.070    22,989s       7ms  19464    Saving game at tick 600 to 'E:\programowanie\projekty delphi\kam_expansion\Saves\autosave\autosave.sav'
12:33:54.363    25,281s    2291ms  19464    Issue gicGameAutoSave command at tick 1200
12:33:54.371    25,289s       8ms  19464    Saving game at tick 1200 to 'E:\programowanie\projekty delphi\kam_expansion\Saves\autosave\autosave.sav'
12:33:55.358    26,276s     987ms  19464    Issue gicGameAutoSave command at tick 1800
12:33:55.368    26,287s       7ms  19464    Saving game at tick 1800 to 'E:\programowanie\projekty delphi\kam_expansion\Saves\autosave\autosave.sav'
12:34:03.446    34,364s    8077ms  19464    Issue gicGameAutoSave command at tick 2400
12:34:03.453    34,371s       6ms  19464    Saving game at tick 2400 to 'E:\programowanie\projekty delphi\kam_expansion\Saves\autosave\autosave.sav'
12:34:04.447    35,365s     994ms  19464    Issue gicGameAutoSave command at tick 3000
12:34:04.454    35,372s       7ms  19464    Saving game at tick 3000 to 'E:\programowanie\projekty delphi\kam_expansion\Saves\autosave\autosave.sav'
12:34:05.445    36,364s     992ms  19464    Issue gicGameAutoSave command at tick 3600
12:34:05.453    36,371s       7ms  19464    Saving game at tick 3600 to 'E:\programowanie\projekty delphi\kam_expansion\Saves\autosave\autosave.sav'
12:34:06.451    37,369s     998ms  19464    Issue gicGameAutoSave command at tick 4200
12:34:06.457    37,375s       6ms  19464    Saving game at tick 4200 to 'E:\programowanie\projekty delphi\kam_expansion\Saves\autosave\autosave.sav'
12:34:07.447    38,365s     990ms  19464    Issue gicGameAutoSave command at tick 4800
12:34:07.454    38,372s       7ms  19464    Saving game at tick 4800 to 'E:\programowanie\projekty delphi\kam_expansion\Saves\autosave\autosave.sav'
12:34:10.614    41,532s    3160ms  19464    Issue gicGameAutoSave command at tick 5400
12:34:10.621    41,540s       8ms  19464    Saving game at tick 5400 to 'E:\programowanie\projekty delphi\kam_expansion\Saves\autosave\autosave.sav'
12:34:16.614    47,532s    5992ms  19464    Issue gicGameAutoSave command at tick 6000
12:34:16.620    47,539s       7ms  19464    Saving game at tick 6000 to 'E:\programowanie\projekty delphi\kam_expansion\Saves\autosave\autosave.sav'
12:34:18.915    49,833s    2294ms  19464    Issue gicGameAutoSave command at tick 6600
12:34:18.923    49,841s       8ms  19464    Saving game at tick 6600 to 'E:\programowanie\projekty delphi\kam_expansion\Saves\autosave\autosave.sav'
12:34:19.914    50,833s     992ms  19464    Issue gicGameAutoSave command at tick 7200
12:34:19.921    50,839s       6ms  19464    Saving game at tick 7200 to 'E:\programowanie\projekty delphi\kam_expansion\Saves\autosave\autosave.sav'
12:34:35.781    66,699s   15860ms  19464    Issue gicGameAutoSave command at tick 7800
12:34:35.792    66,711s      12ms  19464    Saving game at tick 7800 to 'E:\programowanie\projekty delphi\kam_expansion\Saves\autosave\autosave.sav'
12:34:43.549    74,467s    7756ms  19464    Saving dev settings to file 'kmr_dev.xml'
12:34:44.435    75,354s     887ms  19464    Stopping game application...
12:34:44.443    75,361s       7ms  19464    Gameplay ended - grSilent /
12:34:44.449    75,368s       7ms  19464    Start saving 'Server settings' to 'C:\Users\szyby\OneDrive\Dokumenty\My Games\Knights and Merchants Remake\KaM Remake Server Settings.ini'
0135881c KaM_Expansion.exe KM_Settings        106 TKMSettings.SaveToDefaultFile
013588ef KaM_Expansion.exe KM_Settings        113 TKMSettings.SaveToDefaultFile
01358528 KaM_Expansion.exe KM_Settings         65 TKMSettings.Destroy
014962ba KaM_Expansion.exe KM_ServerSettings  117 TKMServerSettings.Destroy
00dba764 KaM_Expansion.exe System              23 TObject.Free
01088fe4 KaM_Expansion.exe KromUtils          281 FreeThenNil
015628cf KaM_Expansion.exe KM_GameApp         333 TKMGameApp.Destroy
00dba764 KaM_Expansion.exe System              23 TObject.Free
01088fe4 KaM_Expansion.exe KromUtils          281 FreeThenNil
0156d4fd KaM_Expansion.exe KM_Main            376 TKMMain.Stop
0156d5dc KaM_Expansion.exe KM_Main            405 TKMMain.Stop
017d9c9d KaM_Expansion.exe KM_FormMain       2212 TFormMain.FormClose
01032df7 KaM_Expansion.exe Vcl.Forms              TCustomForm.DoClose
010387e5 KaM_Expansion.exe Vcl.Forms              TCustomForm.Close
01037424 KaM_Expansion.exe Vcl.Forms              TCustomForm.WMClose
00f82cfa KaM_Expansion.exe Vcl.Controls           TControl.WndProc
00f87ec1 KaM_Expansion.exe Vcl.Controls           TWinControl.WndProc
01033a38 KaM_Expansion.exe Vcl.Forms              TCustomForm.WndProc
01033a53 KaM_Expansion.exe Vcl.Forms              TCustomForm.WndProc
017d9789 KaM_Expansion.exe KM_FormMain       2051 TFormMain.WndProc

12:34:44.472    75,391s      23ms  19464    'Server settings' was successfully saved to 'C:\Users\szyby\OneDrive\Dokumenty\My Games\Knights and Merchants Remake\KaM Remake Server Settings.ini'
12:34:44.693    75,612s     221ms  19464    Start saving 'GameApp settings' to 'C:\Users\szyby\OneDrive\Dokumenty\My Games\Knights and Merchants Remake\KaM Remake Settings KingDyronMod.xml'
0135881c KaM_Expansion.exe KM_Settings         106 TKMSettings.SaveToDefaultFile
013588ef KaM_Expansion.exe KM_Settings         113 TKMSettings.SaveToDefaultFile
01358528 KaM_Expansion.exe KM_Settings          65 TKMSettings.Destroy
01358c82 KaM_Expansion.exe KM_SettingsXML       44 TKMSettingsXML.Destroy
01358fae KaM_Expansion.exe KM_GameAppSettings   57 TKMGameAppSettings.Destroy
00dba764 KaM_Expansion.exe System               23 TObject.Free
01088fe4 KaM_Expansion.exe KromUtils           281 FreeThenNil
0156d507 KaM_Expansion.exe KM_Main             378 TKMMain.Stop
0156d5dc KaM_Expansion.exe KM_Main             405 TKMMain.Stop
017d9c9d KaM_Expansion.exe KM_FormMain        2212 TFormMain.FormClose
01032df7 KaM_Expansion.exe Vcl.Forms               TCustomForm.DoClose
010387e5 KaM_Expansion.exe Vcl.Forms               TCustomForm.Close
01037424 KaM_Expansion.exe Vcl.Forms               TCustomForm.WMClose
00f82cfa KaM_Expansion.exe Vcl.Controls            TControl.WndProc
00f87ec1 KaM_Expansion.exe Vcl.Controls            TWinControl.WndProc
01033a38 KaM_Expansion.exe Vcl.Forms               TCustomForm.WndProc
01033a53 KaM_Expansion.exe Vcl.Forms               TCustomForm.WndProc
017d9789 KaM_Expansion.exe KM_FormMain        2051 TFormMain.WndProc
00f873cc KaM_Expansion.exe Vcl.Controls            TWinControl.MainWndProc
00f873e7 KaM_Expansion.exe Vcl.Controls            TWinControl.MainWndProc

12:34:44.709    75,627s      15ms  19464    'GameApp settings' was successfully saved to 'C:\Users\szyby\OneDrive\Dokumenty\My Games\Knights and Merchants Remake\KaM Remake Settings KingDyronMod.xml'
