   Timestamp    Elapsed     Delta  Thread    Description
========================
    Date: 2025.01.03
========================
19:42:59.715     0,001s       1ms    404    Log is up and running. Game version: KaM Expansion: Co-op & World Update
19:42:59.720     0,007s       6ms    404    Game Load started
19:42:59.732     0,018s      11ms    404    Start loading 'GameApp settings' from 'C:\Users\szyby\OneDrive\Dokumenty\My Games\Knights and Merchants Remake\KaM Remake Settings KingDyronMod.xml'
19:42:59.737     0,023s       5ms    404    'GameApp settings' was successfully loaded from 'C:\Users\szyby\OneDrive\Dokumenty\My Games\Knights and Merchants Remake\KaM Remake Settings KingDyronMod.xml'
19:42:59.754     0,040s       5ms    404    Start saving 'GameApp settings' to 'C:\Users\szyby\OneDrive\Dokumenty\My Games\Knights and Merchants Remake\KaM Remake Settings KingDyronMod.xml'
012b8144 KaM_Expansion.exe KM_Settings        106 TKMSettings.SaveToDefaultFile
012b8217 KaM_Expansion.exe KM_Settings        113 TKMSettings.SaveToDefaultFile
012b7e15 KaM_Expansion.exe KM_Settings         59 TKMSettings.Create
012b8552 KaM_Expansion.exe KM_SettingsXML      38 TKMSettingsXML.Create
012b8893 KaM_Expansion.exe KM_GameAppSettings  51 TKMGameAppSettings.Create
014ce470 KaM_Expansion.exe KM_Main            260 TKMMain.Start
014ce6e6 KaM_Expansion.exe KM_Main            308 TKMMain.Start
01751b2b KaM_Expansion.exe KaM_Expansion      480 initialization
01751b5a KaM_Expansion.exe KaM_Expansion      483 initialization
762b7ba7 KERNEL32.DLL                             BaseThreadInitThunk

19:42:59.792     0,078s      38ms    404    'GameApp settings' was successfully saved to 'C:\Users\szyby\OneDrive\Dokumenty\My Games\Knights and Merchants Remake\KaM Remake Settings KingDyronMod.xml'
19:42:59.827     0,113s      35ms    404    Start loading 'Server settings' from 'C:\Users\szyby\OneDrive\Dokumenty\My Games\Knights and Merchants Remake\KaM Remake Server Settings.ini'
19:42:59.833     0,119s       6ms    404    'Server settings' was successfully loaded from 'C:\Users\szyby\OneDrive\Dokumenty\My Games\Knights and Merchants Remake\KaM Remake Server Settings.ini'
19:42:59.840     0,126s       7ms    404    Start saving 'Server settings' to 'C:\Users\szyby\OneDrive\Dokumenty\My Games\Knights and Merchants Remake\KaM Remake Server Settings.ini'
012b8144 KaM_Expansion.exe KM_Settings       106 TKMSettings.SaveToDefaultFile
012b8217 KaM_Expansion.exe KM_Settings       113 TKMSettings.SaveToDefaultFile
012b7e15 KaM_Expansion.exe KM_Settings        59 TKMSettings.Create
013f7714 KaM_Expansion.exe KM_ServerSettings 109 TKMServerSettings.Create
014c381c KaM_Expansion.exe KM_GameApp        213 TKMGameApp.Create
014c3c6e KaM_Expansion.exe KM_GameApp        295 TKMGameApp.Create
014cf6ee KaM_Expansion.exe KM_Main           638 TKMMain.ReinitRender
014cf8fa KaM_Expansion.exe KM_Main           693 TKMMain.ReinitRender
014ce586 KaM_Expansion.exe KM_Main           283 TKMMain.Start
014ce6e6 KaM_Expansion.exe KM_Main           308 TKMMain.Start
01751b2b KaM_Expansion.exe KaM_Expansion     480 initialization
01751b5a KaM_Expansion.exe KaM_Expansion     483 initialization
762b7ba7 KERNEL32.DLL                            BaseThreadInitThunk

19:42:59.854     0,140s      14ms    404    'Server settings' was successfully saved to 'C:\Users\szyby\OneDrive\Dokumenty\My Games\Knights and Merchants Remake\KaM Remake Server Settings.ini'
19:42:59.860     0,146s       6ms    404    Init Render started
19:42:59.996     0,283s     137ms    404    GL_MAX_TEXTURE_SIZE = 32768
19:43:00.004     0,290s       7ms    404    GL_MAX_VIEWPORT_DIM = 32768
                                      OpenGL Vendor: NVIDIA Corporation
                                      OpenGL Renderer: NVIDIA GeForce RTX 3060 Ti/PCIe/SSE2
                                      OpenGL Version: 4.6.0 NVIDIA 560.94
19:43:00.031     0,317s      27ms    404    Init Render Done
19:43:00.038     0,324s       6ms    404    Resource loading state - None
19:43:00.045     0,331s       7ms    404    Reading palettes ... done
19:43:00.653     0,939s     608ms    404    Reading GUI.rx
19:43:00.661     0,947s       8ms    404    Load Sprites started
19:43:00.667     0,953s       6ms    404    GUI - 966
19:43:00.688     0,975s      22ms    404    Load Sprites Done
19:43:00.719     1,005s      30ms    404    Reading GUIMain.rx
19:43:00.726     1,012s       7ms    404    Load Sprites started
19:43:00.732     1,018s       6ms    404    GUIMain - 105
19:43:00.782     1,068s      50ms    404    Load Sprites Done
19:43:00.832     1,118s      50ms    404    Reading Tileset.rx
19:43:00.838     1,125s       7ms    404    Load Sprites started
19:43:00.845     1,131s       6ms    404    Tileset - 5449
19:43:00.881     1,167s      36ms    404    Load Sprites Done
19:43:00.888     1,174s       7ms    404    GenerateTerrainTransitions started. Legacy = False
19:43:00.895     1,181s       7ms    404    TexId = 5451 GenTilesCnt = 2100
19:43:00.901     1,188s       7ms    404    TexId = 6051; TexId - fGenTexIdStartI = 600; uniqueTex = 600; totalTex = 1350
19:43:00.906     1,193s       5ms    404    GeneratedMasks cnt = 20
19:43:00.914     1,200s       7ms    404    GenerateTerrainTransitions Done
19:43:00.921     1,207s       7ms    404    GenerateTerrainTransitions started. Legacy = True
19:43:00.927     1,213s       6ms    404    Legacy: TexId = 4999 GenTilesCntTemp = 2030
19:43:00.933     1,219s       6ms    404    TexId = 5463; TexId - fGenTexIdStartILegacy = 464; uniqueTex = 464; totalTex = 1044
19:43:00.939     1,225s       6ms    404    GeneratedMasks cnt = 16
19:43:00.944     1,230s       5ms    404    GenerateTerrainTransitions Done
19:43:01.447     1,733s     503ms    404    Load font started
19:43:01.483     1,769s      36ms    404    Font load took 36ms
19:43:01.491     1,777s       7ms    404    Read fonts is done
19:43:02.509     2,796s    1019ms    404    ReadGFX is done
19:43:02.516     2,802s       6ms    404    Resource loading state - Menu
19:43:02.523     2,810s       8ms   9052    OpenAL init started
19:43:02.544     2,831s      21ms    404    Music init done, 24 tracks found
                                      Loading campaign images.rxx for HKS
19:43:02.569     2,856s      25ms  19800    Custom - 1
19:43:02.576     2,863s       7ms   9052    Pre-LoadSFX init ... done
19:43:02.584     2,870s       7ms   9052    ALC_MONO_SOURCES 255
19:43:02.589     2,876s       6ms   9052    ALC_STEREO_SOURCES 1
19:43:02.595     2,882s       6ms    404    Main menu init done
19:43:02.602     2,888s       5ms   9052    OpenAL init done
19:43:02.625     2,911s      23ms    404    Check game folder 'E:\programowanie\projekty delphi\kam_expansion\' generic permissions: READ: granted; WRITE: granted; EXECUTE: granted; folder is writable: 
19:43:02.633     2,919s       8ms    404    LoadGameResources ... AlphaShadows: True. Forced: True
19:43:02.638     2,924s       5ms    404    TKMResSprites.LoadGameResources
19:43:02.645     2,931s       6ms    404    [AsyncGameResLoader Thread] Started
19:43:02.652     2,938s       7ms    404    Resource loading state - Game
19:43:02.658     2,944s       6ms    404    ToggleFullscreen
19:43:02.664     2,950s       6ms    404    Form Width/Height: 1040:759
19:43:02.671     2,957s       7ms    404    Panel Width/Height: 1024:720
19:43:02.677     2,963s       6ms  19932    [AsyncGameResLoader Thread] RT = rxTrees Stage = lsLoad
19:43:02.684     2,970s       7ms  19932    [AsyncGameResLoader Thread] Start Load RXX 'Trees.rxx'
19:43:02.691     2,977s       7ms  19932    Load Sprites started
19:43:02.699     2,985s       8ms  19932    Trees - 1216
                                      Loading campaign images.rxx for KSN
19:43:02.715     3,001s      16ms  19800    Custom - 1
                                      Loading campaign images.rxx for KSO
19:43:02.784     3,070s      69ms  19800    Custom - 1
                                      Loading campaign images.rxx for KSU
19:43:02.841     3,127s      57ms  19800    Custom - 1
19:43:02.847     3,133s       6ms  19932    Load Sprites Done
                                      Loading campaign images.rxx for OFL
19:43:02.890     3,176s      43ms  19800    Custom - 1
                                      Loading campaign images.rxx for OER
19:43:02.930     3,216s      40ms  19800    Custom - 1
19:43:02.942     3,228s      12ms  19932    [AsyncGameResLoader Thread] DONE Load RXX 'Trees.rxa'
                                      Loading campaign images.rxx for TBK
19:43:02.965     3,251s      23ms  19800    Custom - 1
                                      Loading campaign images.rxx for TPR
19:43:03.021     3,308s      57ms  19800    Custom - 1
                                      Loading campaign images.rxx for TSK
19:43:03.058     3,345s      37ms  19800    Custom - 1
                                      Loading campaign images.rxx for TUA
19:43:03.094     3,380s      35ms  19800    Custom - 1
                                      Loading campaign images.rxx for TMR
19:43:03.239     3,525s     145ms  19800    Custom - 1
19:43:04.732     5,018s    1493ms    404    Saving dev settings to file 'kmr_dev.xml'
19:43:04.853     5,139s     121ms    404    Saving dev settings to file 'kmr_dev.xml'
19:43:04.859     5,145s       6ms    404    Game Load Done in 5171
19:43:04.866     5,152s       7ms    404    [AsyncGameResLoader MainTh] [UpdateStateIdle] GenTextures RT = rxTrees Stage = lsGenMain
19:43:04.878     5,164s      12ms    404    [AsyncGameResLoader MainTh] [UpdateStateIdle] DONE
19:43:04.885     5,171s       7ms  19932    [AsyncGameResLoader Thread] RT = rxTrees Stage = lsOverload
19:43:04.891     5,178s       7ms  19932    [AsyncGameResLoader Thread] OverloadFromFolder RT = rxTrees
19:43:04.904     5,190s      12ms  19932    [AsyncGameResLoader Thread] DONE OverloadFromFolder RT = rxTrees
19:43:04.911     5,197s       7ms    404    [AsyncGameResLoader MainTh] [UpdateStateIdle] GenTextures RT = rxTrees Stage = lsGenOverload
19:43:04.917     5,203s       6ms    404    [AsyncGameResLoader MainTh] [UpdateStateIdle] DONE
19:43:04.923     5,209s       6ms  19932    [AsyncGameResLoader Thread] RT = rxHouses Stage = lsLoad
19:43:04.930     5,216s       7ms  19932    [AsyncGameResLoader Thread] Start Load RXX 'Houses.rxx'
19:43:04.937     5,223s       7ms  19932    Load Sprites started
19:43:04.942     5,228s       5ms  19932    Houses - 2709
19:43:05.124     5,411s     183ms  19932    Load Sprites Done
19:43:05.255     5,541s     130ms  19932    [AsyncGameResLoader Thread] DONE Load RXX 'Houses.rxa'
19:43:05.263     5,549s       8ms    404    [AsyncGameResLoader MainTh] [UpdateStateIdle] GenTextures RT = rxHouses Stage = lsGenMain
19:43:05.291     5,577s      28ms    404    [AsyncGameResLoader MainTh] [UpdateStateIdle] DONE
19:43:05.299     5,585s       8ms  19932    [AsyncGameResLoader Thread] RT = rxHouses Stage = lsOverload
19:43:05.305     5,591s       6ms  19932    [AsyncGameResLoader Thread] OverloadFromFolder RT = rxHouses
19:43:05.414     5,700s     109ms  19932    [AsyncGameResLoader Thread] DONE OverloadFromFolder RT = rxHouses
19:43:05.429     5,715s      15ms    404    [AsyncGameResLoader MainTh] [UpdateStateIdle] GenTextures RT = rxHouses Stage = lsGenOverload
19:43:05.436     5,722s       7ms    404    [AsyncGameResLoader MainTh] [UpdateStateIdle] DONE
19:43:05.442     5,728s       6ms  19932    [AsyncGameResLoader Thread] RT = rxUnits Stage = lsLoad
19:43:05.449     5,735s       7ms  19932    [AsyncGameResLoader Thread] Start Load RXX 'Units.rxx'
19:43:05.455     5,741s       6ms  19932    Load Sprites started
19:43:05.461     5,747s       6ms  19932    Units - 14845
19:43:05.912     6,198s     451ms    404    Stopping game application...
19:43:05.918     6,204s       6ms    404    Start saving 'Server settings' to 'C:\Users\szyby\OneDrive\Dokumenty\My Games\Knights and Merchants Remake\KaM Remake Server Settings.ini'
012b8144 KaM_Expansion.exe KM_Settings           106 TKMSettings.SaveToDefaultFile
012b8217 KaM_Expansion.exe KM_Settings           113 TKMSettings.SaveToDefaultFile
012b7e50 KaM_Expansion.exe KM_Settings            65 TKMSettings.Destroy
013f775a KaM_Expansion.exe KM_ServerSettings     117 TKMServerSettings.Destroy
00d1a764 KaM_Expansion.exe System                 23 TObject.Free
00fe8fbc KaM_Expansion.exe KromUtils             281 FreeThenNil
014c3ecb KaM_Expansion.exe KM_GameApp            330 TKMGameApp.Destroy
00d1a764 KaM_Expansion.exe System                 23 TObject.Free
00fe8fbc KaM_Expansion.exe KromUtils             281 FreeThenNil
014ceb09 KaM_Expansion.exe KM_Main               379 TKMMain.Stop
014cebe8 KaM_Expansion.exe KM_Main               408 TKMMain.Stop
014096ae KaM_Expansion.exe KM_GUIMenuMain        123 TKMMenuMain.ButtonClick
014096ce KaM_Expansion.exe KM_GUIMenuMain        124 TKMMenuMain.ButtonClick
016d4fb1 KaM_Expansion.exe KM_Controls          1242 TKMControl.DoClick
016d35b4 KaM_Expansion.exe KM_Controls           690 TKMControl.MouseUp
016cb5de KaM_Expansion.exe KM_ControlsBase       805 TKMButton.MouseUp
016d76a5 KaM_Expansion.exe KM_Controls          2274 TKMMasterControl.MouseUp
014a8389 KaM_Expansion.exe KM_InterfaceMainMenu  479 TKMMainMenuInterface.MouseUp
014c4a9a KaM_Expansion.exe KM_GameApp            559 TKMGameApp.MouseUp
01734d41 KaM_Expansion.exe KM_FormMain           697 TFormMain.RenderAreaMouseUp

19:43:05.946     6,232s      28ms    404    'Server settings' was successfully saved to 'C:\Users\szyby\OneDrive\Dokumenty\My Games\Knights and Merchants Remake\KaM Remake Server Settings.ini'
19:43:06.246     6,532s     300ms  19932    Load Sprites Done
19:43:06.253     6,539s       7ms    404    [AsyncGameResLoader Thread] Stopped
19:43:06.476     6,763s     223ms    404    Start saving 'GameApp settings' to 'C:\Users\szyby\OneDrive\Dokumenty\My Games\Knights and Merchants Remake\KaM Remake Settings KingDyronMod.xml'
012b8144 KaM_Expansion.exe KM_Settings           106 TKMSettings.SaveToDefaultFile
012b8217 KaM_Expansion.exe KM_Settings           113 TKMSettings.SaveToDefaultFile
012b7e50 KaM_Expansion.exe KM_Settings            65 TKMSettings.Destroy
012b85aa KaM_Expansion.exe KM_SettingsXML         44 TKMSettingsXML.Destroy
012b88d6 KaM_Expansion.exe KM_GameAppSettings     57 TKMGameAppSettings.Destroy
00d1a764 KaM_Expansion.exe System                 23 TObject.Free
00fe8fbc KaM_Expansion.exe KromUtils             281 FreeThenNil
014ceb13 KaM_Expansion.exe KM_Main               381 TKMMain.Stop
014cebe8 KaM_Expansion.exe KM_Main               408 TKMMain.Stop
014096ae KaM_Expansion.exe KM_GUIMenuMain        123 TKMMenuMain.ButtonClick
014096ce KaM_Expansion.exe KM_GUIMenuMain        124 TKMMenuMain.ButtonClick
016d4fb1 KaM_Expansion.exe KM_Controls          1242 TKMControl.DoClick
016d35b4 KaM_Expansion.exe KM_Controls           690 TKMControl.MouseUp
016cb5de KaM_Expansion.exe KM_ControlsBase       805 TKMButton.MouseUp
016d76a5 KaM_Expansion.exe KM_Controls          2274 TKMMasterControl.MouseUp
014a8389 KaM_Expansion.exe KM_InterfaceMainMenu  479 TKMMainMenuInterface.MouseUp
014c4a9a KaM_Expansion.exe KM_GameApp            559 TKMGameApp.MouseUp
01734d41 KaM_Expansion.exe KM_FormMain           697 TFormMain.RenderAreaMouseUp
00ee3644 KaM_Expansion.exe Vcl.Controls              TControl.MouseUp
00ee3684 KaM_Expansion.exe Vcl.Controls              TControl.DoMouseUp

19:43:06.491     6,777s      14ms    404    'GameApp settings' was successfully saved to 'C:\Users\szyby\OneDrive\Dokumenty\My Games\Knights and Merchants Remake\KaM Remake Settings KingDyronMod.xml'
