   Timestamp    Elapsed     Delta  Thread    Description
========================
    Date: 2024.12.30
========================
15:55:26.082     0,001s       1ms   6300    Log is up and running. Game version: KaM Expansion: Co-op & World Update
15:55:26.087     0,006s       5ms   6300    Game Load started
15:55:26.097     0,016s      10ms   6300    Start loading 'GameApp settings' from 'C:\Users\szyby\OneDrive\Dokumenty\My Games\Knights and Merchants Remake\KaM Remake Settings KingDyronMod.xml'
15:55:26.102     0,021s       5ms   6300    'GameApp settings' was successfully loaded from 'C:\Users\szyby\OneDrive\Dokumenty\My Games\Knights and Merchants Remake\KaM Remake Settings KingDyronMod.xml'
15:55:26.107     0,026s       4ms   6300    Start saving 'GameApp settings' to 'C:\Users\szyby\OneDrive\Dokumenty\My Games\Knights and Merchants Remake\KaM Remake Settings KingDyronMod.xml'
00ab49e8 KaM_Expansion.exe KM_Settings        106 TKMSettings.SaveToDefaultFile
00ab4abb KaM_Expansion.exe KM_Settings        113 TKMSettings.SaveToDefaultFile
00ab46b9 KaM_Expansion.exe KM_Settings         59 TKMSettings.Create
00ab4df6 KaM_Expansion.exe KM_SettingsXML      38 TKMSettingsXML.Create
00ab5137 KaM_Expansion.exe KM_GameAppSettings  51 TKMGameAppSettings.Create
00cce55c KaM_Expansion.exe KM_Main            258 TKMMain.Start
00cce7e0 KaM_Expansion.exe KM_Main            305 TKMMain.Start
00f4bb2b KaM_Expansion.exe KaM_Expansion      479 initialization
00f4bb5a KaM_Expansion.exe KaM_Expansion      482 initialization
75337ba7 KERNEL32.DLL                             BaseThreadInitThunk

15:55:26.145     0,063s      37ms   6300    'GameApp settings' was successfully saved to 'C:\Users\szyby\OneDrive\Dokumenty\My Games\Knights and Merchants Remake\KaM Remake Settings KingDyronMod.xml'
15:55:26.163     0,082s      17ms   6300    Start loading 'Server settings' from 'C:\Users\szyby\OneDrive\Dokumenty\My Games\Knights and Merchants Remake\KaM Remake Server Settings.ini'
15:55:26.170     0,089s       7ms   6300    'Server settings' was successfully loaded from 'C:\Users\szyby\OneDrive\Dokumenty\My Games\Knights and Merchants Remake\KaM Remake Server Settings.ini'
15:55:26.177     0,096s       7ms   6300    Start saving 'Server settings' to 'C:\Users\szyby\OneDrive\Dokumenty\My Games\Knights and Merchants Remake\KaM Remake Server Settings.ini'
00ab49e8 KaM_Expansion.exe KM_Settings       106 TKMSettings.SaveToDefaultFile
00ab4abb KaM_Expansion.exe KM_Settings       113 TKMSettings.SaveToDefaultFile
00ab46b9 KaM_Expansion.exe KM_Settings        59 TKMSettings.Create
00bf77d4 KaM_Expansion.exe KM_ServerSettings 109 TKMServerSettings.Create
00cc38dc KaM_Expansion.exe KM_GameApp        213 TKMGameApp.Create
00cc3d2e KaM_Expansion.exe KM_GameApp        295 TKMGameApp.Create
00ccf806 KaM_Expansion.exe KM_Main           635 TKMMain.ReinitRender
00ccfa12 KaM_Expansion.exe KM_Main           689 TKMMain.ReinitRender
00cce672 KaM_Expansion.exe KM_Main           281 TKMMain.Start
00cce7e0 KaM_Expansion.exe KM_Main           305 TKMMain.Start
00f4bb2b KaM_Expansion.exe KaM_Expansion     479 initialization
00f4bb5a KaM_Expansion.exe KaM_Expansion     482 initialization
75337ba7 KERNEL32.DLL                            BaseThreadInitThunk

15:55:26.192     0,111s      15ms   6300    'Server settings' was successfully saved to 'C:\Users\szyby\OneDrive\Dokumenty\My Games\Knights and Merchants Remake\KaM Remake Server Settings.ini'
15:55:26.199     0,118s       7ms   6300    Init Render started
15:55:26.332     0,251s     133ms   6300    GL_MAX_TEXTURE_SIZE = 32768
15:55:26.338     0,257s       6ms   6300    GL_MAX_VIEWPORT_DIM = 32768
                                      OpenGL Vendor: NVIDIA Corporation
                                      OpenGL Renderer: NVIDIA GeForce RTX 3060 Ti/PCIe/SSE2
                                      OpenGL Version: 4.6.0 NVIDIA 560.81
15:55:26.368     0,287s      30ms   6300    Init Render Done
15:55:26.375     0,294s       7ms   6300    Resource loading state - None
15:55:26.383     0,302s       8ms   6300    Reading palettes ... done
15:55:26.391     0,310s       8ms   6300    Reading GUI.rx
15:55:26.399     0,318s       8ms   6300    Load Sprites started
15:55:26.406     0,325s       7ms   6300    GUI - 966
15:55:26.425     0,344s      19ms   6300    Load Sprites Done
15:55:26.461     0,380s      36ms   6300    Reading GUIMain.rx
15:55:26.468     0,387s       7ms   6300    Load Sprites started
15:55:26.475     0,394s       7ms   6300    GUIMain - 105
15:55:26.525     0,443s      49ms   6300    Load Sprites Done
15:55:26.580     0,498s      55ms   6300    Reading Tileset.rx
15:55:26.587     0,506s       8ms   6300    Load Sprites started
15:55:26.594     0,513s       7ms   6300    Tileset - 5449
15:55:26.631     0,550s      37ms   6300    Load Sprites Done
15:55:26.638     0,557s       7ms   6300    GenerateTerrainTransitions started. Legacy = False
15:55:26.644     0,563s       6ms   6300    TexId = 5451 GenTilesCnt = 2100
15:55:26.651     0,569s       6ms   6300    TexId = 6051; TexId - fGenTexIdStartI = 600; uniqueTex = 600; totalTex = 1350
15:55:26.658     0,577s       8ms   6300    GeneratedMasks cnt = 20
15:55:26.663     0,582s       5ms   6300    GenerateTerrainTransitions Done
15:55:26.670     0,589s       6ms   6300    GenerateTerrainTransitions started. Legacy = True
15:55:26.676     0,594s       5ms   6300    Legacy: TexId = 4999 GenTilesCntTemp = 2030
15:55:26.682     0,601s       7ms   6300    TexId = 5463; TexId - fGenTexIdStartILegacy = 464; uniqueTex = 464; totalTex = 1044
15:55:26.688     0,607s       6ms   6300    GeneratedMasks cnt = 16
15:55:26.694     0,612s       5ms   6300    GenerateTerrainTransitions Done
15:55:26.802     0,721s     109ms   6300    Load font started
15:55:26.840     0,758s      37ms   6300    Font load took 37ms
15:55:26.847     0,766s       8ms   6300    Read fonts is done
15:55:26.864     0,783s      17ms   6300    ReadGFX is done
15:55:26.874     0,793s      10ms   6300    Resource loading state - Menu
15:55:26.888     0,806s      13ms  10596    OpenAL init started
15:55:27.521     1,439s     633ms   6300    Music init done, 24 tracks found
                                      Loading campaign images.rxx for HKS
15:55:27.547     1,465s      26ms   1864    Custom - 1
15:55:27.557     1,475s      10ms  10596    Pre-LoadSFX init ... done
15:55:27.564     1,482s       7ms  10596    ALC_MONO_SOURCES 255
15:55:27.571     1,489s       7ms  10596    ALC_STEREO_SOURCES 1
15:55:27.578     1,496s       7ms   6300    Main menu init done
15:55:27.584     1,502s       6ms  10596    OpenAL init done
15:55:27.606     1,524s      22ms   6300    Check game folder 'E:\programowanie\projekty delphi\kam_expansion\' generic permissions: READ: granted; WRITE: granted; EXECUTE: granted; folder is writable: 
15:55:27.613     1,531s       7ms   6300    LoadGameResources ... AlphaShadows: True. Forced: True
15:55:27.620     1,538s       7ms   6300    TKMResSprites.LoadGameResources
15:55:27.626     1,544s       6ms   6300    [AsyncGameResLoader Thread] Started
15:55:27.633     1,551s       7ms   6300    Resource loading state - Game
15:55:27.639     1,557s       6ms   6300    ToggleFullscreen
15:55:27.645     1,564s       7ms   6300    Form Width/Height: 1040:830
15:55:27.652     1,570s       6ms   6300    Panel Width/Height: 1024:791
15:55:27.658     1,576s       6ms  13388    [AsyncGameResLoader Thread] RT = rxTrees Stage = lsLoad
15:55:27.665     1,583s       7ms  13388    [AsyncGameResLoader Thread] Start Load RXX 'Trees.rxx'
15:55:27.671     1,590s       7ms  13388    Load Sprites started
15:55:27.679     1,598s       8ms  13388    Trees - 1216
15:55:27.691     1,609s      11ms   6300    Saving dev settings to file 'kmr_dev.xml'
                                      Loading campaign images.rxx for KSN
15:55:27.711     1,629s      20ms   1864    Custom - 1
15:55:27.718     1,636s       7ms   6300    Saving dev settings to file 'kmr_dev.xml'
15:55:27.726     1,644s       7ms   6300    Game Load Done in 1662
                                      Loading campaign images.rxx for KSO
15:55:27.807     1,725s      81ms   1864    Custom - 1
15:55:27.813     1,731s       6ms  13388    Load Sprites Done
                                      Loading campaign images.rxx for KSU
15:55:27.871     1,789s      58ms   1864    Custom - 1
15:55:27.911     1,829s      40ms  13388    [AsyncGameResLoader Thread] DONE Load RXX 'Trees.rxa'
                                      Loading campaign images.rxx for OFL
15:55:27.924     1,842s      13ms   1864    Custom - 1
15:55:27.931     1,849s       7ms   6300    [AsyncGameResLoader MainTh] [UpdateStateIdle] GenTextures RT = rxTrees Stage = lsGenMain
15:55:27.943     1,861s      12ms   6300    [AsyncGameResLoader MainTh] [UpdateStateIdle] DONE
15:55:27.950     1,868s       7ms  13388    [AsyncGameResLoader Thread] RT = rxTrees Stage = lsOverload
15:55:27.957     1,875s       7ms  13388    [AsyncGameResLoader Thread] OverloadFromFolder RT = rxTrees
15:55:27.963     1,881s       6ms  13388    [AsyncGameResLoader Thread] DONE OverloadFromFolder RT = rxTrees
                                      Loading campaign images.rxx for OER
15:55:27.977     1,895s      14ms   6300    [AsyncGameResLoader MainTh] [UpdateStateIdle] GenTextures RT = rxTrees Stage = lsGenOverload
15:55:27.983     1,901s       6ms   6300    [AsyncGameResLoader MainTh] [UpdateStateIdle] DONE
15:55:27.989     1,907s       6ms   1864    Custom - 1
15:55:27.996     1,914s       7ms  13388    [AsyncGameResLoader Thread] RT = rxHouses Stage = lsLoad
15:55:28.002     1,920s       6ms  13388    [AsyncGameResLoader Thread] Start Load RXX 'Houses.rxx'
15:55:28.008     1,926s       6ms  13388    Load Sprites started
15:55:28.014     1,932s       6ms  13388    Houses - 2709
                                      Loading campaign images.rxx for TBK
15:55:28.029     1,947s      15ms   1864    Custom - 1
                                      Loading campaign images.rxx for TPR
15:55:28.100     2,018s      71ms   1864    Custom - 1
                                      Loading campaign images.rxx for TSK
15:55:28.145     2,063s      45ms   1864    Custom - 1
                                      Loading campaign images.rxx for TUA
15:55:28.184     2,102s      39ms   1864    Custom - 1
15:55:28.190     2,108s       6ms  13388    Load Sprites Done
15:55:28.323     2,241s     133ms  13388    [AsyncGameResLoader Thread] DONE Load RXX 'Houses.rxa'
                                      Loading campaign images.rxx for TMR
15:55:28.336     2,255s      14ms   1864    Custom - 1
15:55:28.342     2,261s       6ms   6300    [AsyncGameResLoader MainTh] [UpdateStateIdle] GenTextures RT = rxHouses Stage = lsGenMain
15:55:28.358     2,277s      16ms   6300    [AsyncGameResLoader MainTh] [UpdateStateIdle] DONE
15:55:28.365     2,283s       6ms  13388    [AsyncGameResLoader Thread] RT = rxHouses Stage = lsOverload
15:55:28.372     2,290s       7ms  13388    [AsyncGameResLoader Thread] OverloadFromFolder RT = rxHouses
15:55:28.470     2,388s      98ms  13388    [AsyncGameResLoader Thread] DONE OverloadFromFolder RT = rxHouses
15:55:28.477     2,395s       7ms   6300    [AsyncGameResLoader MainTh] [UpdateStateIdle] GenTextures RT = rxHouses Stage = lsGenOverload
15:55:28.482     2,400s       5ms   6300    [AsyncGameResLoader MainTh] [UpdateStateIdle] DONE
15:55:28.489     2,407s       7ms  13388    [AsyncGameResLoader Thread] RT = rxUnits Stage = lsLoad
15:55:28.494     2,412s       5ms  13388    [AsyncGameResLoader Thread] Start Load RXX 'Units.rxx'
15:55:28.501     2,419s       6ms  13388    Load Sprites started
15:55:28.507     2,425s       6ms  13388    Units - 14845
15:55:28.989     2,907s     482ms  13388    Load Sprites Done
15:55:29.999     3,917s    1010ms  15728    Error while loading game info from save of unsupported version r15833
15:55:30.007     3,925s       8ms  15728    Error while loading game info from save of unsupported version r15833
15:55:30.013     3,931s       6ms  15728    Error while loading game info from save of unsupported version r15833
15:55:30.020     3,938s       6ms  15728    Error while loading game info from save of unsupported version r15833
15:55:30.026     3,944s       6ms  15728    Error while loading game info from save of unsupported version r15833
15:55:30.033     3,951s       7ms  15728    Error while loading game info from save of unsupported version r15833
15:55:30.039     3,957s       6ms  15728    Error while loading game info from save of unsupported version r15833
15:55:30.046     3,964s       7ms  15728    Error while loading game info from save of unsupported version r15833
15:55:30.053     3,971s       7ms  15728    Error while loading game info from save of unsupported version r15833
15:55:30.059     3,978s       7ms  15728    Error loading save 'Bridge Disaster'
15:55:30.066     3,984s       6ms  15728    Error loading save 'Bridge Disaster 2024-07-21 #1'
15:55:30.073     3,991s       7ms  15728    Error loading save 'Bridge Disaster 2024-07-22 #1'
15:55:30.079     3,998s       7ms  15728    Error loading save 'Bridge Disaster 2024-07-24 #1'
15:55:30.087     4,005s       7ms  15728    Error while loading game info from save of unsupported version r15833
15:55:30.093     4,011s       6ms  15728    Error loading save 'Nowa Misja 2024-08-11 #1'
15:55:30.100     4,018s       7ms  13388    [AsyncGameResLoader Thread] DONE Load RXX 'Units.rxa'
15:55:30.106     4,024s       6ms  15728    Error loading save 'Nowa Misja 2024-08-11 #2'
15:55:30.112     4,030s       6ms  15728    Error loading save 'Nowa Misja 2024-08-11 #3'
15:55:30.119     4,037s       7ms   6300    [AsyncGameResLoader MainTh] [UpdateStateIdle] GenTextures RT = rxUnits Stage = lsGenMain
15:55:30.129     4,047s      10ms  15728    Error loading save 'TMR09 2024-08-05 #1'
15:55:30.140     4,058s      11ms  15728    Error loading save 'TSK 1 2024-10-30 #2'
15:55:30.147     4,065s       7ms  15728    Error loading save 'TSK 18 2024-10-30 #6'
15:55:30.154     4,072s       7ms  15728    Error loading save 'TSK 2 2024-10-30 #5'
15:55:30.162     4,080s       8ms  15728    Error loading save 'TSK 20 2024-10-30 #1'
15:55:30.173     4,091s      11ms  15728    Error loading save 'TSK 3 2024-10-30 #3'
15:55:30.180     4,098s       7ms  15728    Error loading save 'TSK 6 2024-10-30 #4'
15:55:30.187     4,105s       7ms   6300    [AsyncGameResLoader MainTh] [UpdateStateIdle] DONE
15:55:30.194     4,112s       7ms  15728    Error loading save 'TUA22'
15:55:30.200     4,118s       6ms  13388    [AsyncGameResLoader Thread] RT = rxUnits Stage = lsOverload
15:55:30.207     4,125s       7ms  13388    [AsyncGameResLoader Thread] OverloadFromFolder RT = rxUnits
15:55:30.214     4,132s       7ms  13388    [AsyncGameResLoader Thread] DONE OverloadFromFolder RT = rxUnits
15:55:30.232     4,150s      18ms   6300    [AsyncGameResLoader MainTh] [UpdateStateIdle] GenTextures RT = rxUnits Stage = lsGenOverload
15:55:30.238     4,156s       6ms   6300    [AsyncGameResLoader Thread] Stopped
15:55:30.243     4,161s       5ms   6300    [AsyncGameResLoader MainTh] [UpdateStateIdle] DONE
15:55:31.048     4,966s     805ms   6300    LoadGameResources ... AlphaShadows: True. Forced: False
15:55:31.055     4,973s       7ms   6300    Resource loading state - Game
15:55:31.081     4,999s      26ms   6300    Saving dev settings to file 'kmr_dev.xml'
15:55:31.138     5,056s      56ms   6300    <== Game creation is done ==>
15:55:31.145     5,064s       8ms   6300    Loading game from: E:\programowanie\projekty delphi\kam_expansion\Saves\autosave01\autosave01.sav
15:55:31.161     5,079s      15ms   6300    Terrain loaded
15:55:31.193     5,111s      31ms   6300    Interface loaded
15:55:31.199     5,118s       7ms   6300    Set game seed: 410187688
15:55:31.238     5,157s      39ms   6300    Loading game ... done
15:55:31.245     5,163s       6ms   6300    After game loading
15:55:31.303     5,221s      58ms   6300    Game options: PT = 0; SpeedPT = 1; SpeedAfterPT = 1; Seed = 0; Difficulty = mdNone
15:55:31.310     5,228s       7ms   6300    After game loading ... done
15:55:47.552    21,470s   16242ms   6300    Issue gicGameAutoSave command at tick 114600
15:55:47.559    21,478s       8ms   6300    Saving game at tick 114600 to 'E:\programowanie\projekty delphi\kam_expansion\Saves\autosave\autosave.sav'
15:56:03.420    37,338s   15860ms   6300    Issue gicGameAutoSave command at tick 115200
15:56:03.428    37,346s       8ms   6300    Saving game at tick 115200 to 'E:\programowanie\projekty delphi\kam_expansion\Saves\autosave\autosave.sav'
15:56:34.953    68,871s   31525ms   6300    Issue gicGameAutoSave command at tick 115800
15:56:34.960    68,878s       7ms   6300    Saving game at tick 115800 to 'E:\programowanie\projekty delphi\kam_expansion\Saves\autosave\autosave.sav'
15:56:52.087    86,005s   17127ms   6300    Issue gicGameAutoSave command at tick 116400
15:56:52.093    86,011s       6ms   6300    Saving game at tick 116400 to 'E:\programowanie\projekty delphi\kam_expansion\Saves\autosave\autosave.sav'
15:57:01.553    95,472s    9461ms   6300    Make savepoint at tick 116999
15:57:01.651    95,569s      97ms   6300    Issue gicGameAutoSave command at tick 117000
15:57:01.659    95,577s       8ms   6300    Saving game at tick 117000 to 'E:\programowanie\projekty delphi\kam_expansion\Saves\autosave\autosave.sav'
15:57:16.852   110,770s   15193ms   6300    Issue gicGameAutoSave command at tick 117600
15:57:16.859   110,777s       7ms   6300    Saving game at tick 117600 to 'E:\programowanie\projekty delphi\kam_expansion\Saves\autosave\autosave.sav'
15:57:31.884   125,802s   15025ms   6300    Issue gicGameAutoSave command at tick 118200
15:57:31.891   125,809s       7ms   6300    Saving game at tick 118200 to 'E:\programowanie\projekty delphi\kam_expansion\Saves\autosave\autosave.sav'
15:57:42.869   136,787s   10978ms   6300    Issue gicGameAutoSave command at tick 118800
15:57:42.876   136,795s       8ms   6300    Saving game at tick 118800 to 'E:\programowanie\projekty delphi\kam_expansion\Saves\autosave\autosave.sav'
15:57:47.173   141,091s    4296ms   6300    Saving dev settings to file 'kmr_dev.xml'
15:57:54.729   148,647s    7556ms   6300    Saving dev settings to file 'kmr_dev.xml'
15:57:55.162   149,080s     433ms   6300    Saving dev settings to file 'kmr_dev.xml'
15:57:55.344   149,262s     182ms   6300    Saving dev settings to file 'kmr_dev.xml'
15:57:55.926   149,844s     582ms   6300    Saving dev settings to file 'kmr_dev.xml'
15:57:57.912   151,830s    1986ms   6300    Saving dev settings to file 'kmr_dev.xml'
15:58:00.104   154,022s    2192ms   6300    Saving dev settings to file 'kmr_dev.xml'
15:58:14.186   168,105s   14083ms   4736    Error while loading game info from save of unsupported version r15833
15:58:14.194   168,113s       8ms   4736    Error while loading game info from save of unsupported version r15833
15:58:14.202   168,120s       7ms   4736    Error while loading game info from save of unsupported version r15833
15:58:14.209   168,127s       7ms   4736    Error while loading game info from save of unsupported version r15833
15:58:14.215   168,133s       6ms   4736    Error while loading game info from save of unsupported version r15833
15:58:14.221   168,139s       6ms   4736    Error while loading game info from save of unsupported version r15833
15:58:14.226   168,145s       6ms   4736    Error while loading game info from save of unsupported version r15833
15:58:14.232   168,151s       6ms   4736    Error while loading game info from save of unsupported version r15833
15:58:14.239   168,157s       6ms   4736    Error while loading game info from save of unsupported version r15833
15:58:14.244   168,162s       5ms   4736    Error loading save 'Bridge Disaster'
15:58:14.252   168,170s       8ms   4736    Error loading save 'Bridge Disaster 2024-07-21 #1'
15:58:14.257   168,175s       5ms   4736    Error loading save 'Bridge Disaster 2024-07-22 #1'
15:58:14.263   168,181s       6ms   4736    Error loading save 'Bridge Disaster 2024-07-24 #1'
15:58:14.270   168,188s       7ms   4736    Error while loading game info from save of unsupported version r15833
15:58:14.276   168,194s       6ms   4736    Error loading save 'Nowa Misja 2024-08-11 #1'
15:58:14.281   168,199s       5ms   4736    Error loading save 'Nowa Misja 2024-08-11 #2'
15:58:14.289   168,207s       8ms   4736    Error loading save 'Nowa Misja 2024-08-11 #3'
15:58:14.294   168,212s       5ms   4736    Error loading save 'TMR09 2024-08-05 #1'
15:58:14.300   168,218s       5ms   4736    Error loading save 'TSK 1 2024-10-30 #2'
15:58:14.307   168,225s       7ms   4736    Error loading save 'TSK 18 2024-10-30 #6'
15:58:14.312   168,230s       5ms   4736    Error loading save 'TSK 2 2024-10-30 #5'
15:58:14.318   168,236s       6ms   4736    Error loading save 'TSK 20 2024-10-30 #1'
15:58:14.324   168,242s       6ms   4736    Error loading save 'TSK 3 2024-10-30 #3'
15:58:14.330   168,248s       6ms   4736    Error loading save 'TSK 6 2024-10-30 #4'
15:58:14.336   168,254s       6ms   4736    Error loading save 'TUA22'
15:58:14.924   168,842s     588ms   6300    Gameplay ended - grSilent /
15:58:14.932   168,850s       8ms   6300    LoadGameResources ... AlphaShadows: True. Forced: False
15:58:14.939   168,857s       7ms   6300    Resource loading state - Game
15:58:14.966   168,884s      27ms   6300    Saving dev settings to file 'kmr_dev.xml'
15:58:15.021   168,939s      55ms   6300    <== Game creation is done ==>
15:58:15.028   168,946s       7ms   6300    Loading game from: E:\programowanie\projekty delphi\kam_expansion\Saves\autosave01\autosave01.sav
15:58:15.043   168,961s      15ms   6300    Terrain loaded
15:58:15.074   168,992s      31ms   6300    Interface loaded
15:58:15.081   168,999s       7ms   6300    Set game seed: 1812832017
15:58:15.117   169,035s      36ms   6300    Loading game ... done
15:58:15.124   169,042s       7ms   6300    After game loading
15:58:15.149   169,067s      25ms   6300    Game options: PT = 0; SpeedPT = 1; SpeedAfterPT = 1; Seed = 0; Difficulty = mdNone
15:58:15.156   169,074s       6ms   6300    After game loading ... done
15:58:17.227   171,145s    2071ms   6300    Saving dev settings to file 'kmr_dev.xml'
15:58:26.753   180,671s    9525ms   1060    Error while loading game info from save of unsupported version r15833
15:58:26.760   180,678s       7ms   1060    Error while loading game info from save of unsupported version r15833
15:58:26.766   180,684s       6ms   1060    Error while loading game info from save of unsupported version r15833
15:58:26.772   180,691s       7ms   1060    Error while loading game info from save of unsupported version r15833
15:58:26.779   180,697s       6ms   1060    Error while loading game info from save of unsupported version r15833
15:58:26.785   180,703s       6ms   1060    Error while loading game info from save of unsupported version r15833
15:58:26.791   180,709s       6ms   1060    Error while loading game info from save of unsupported version r15833
15:58:26.797   180,715s       6ms   1060    Error while loading game info from save of unsupported version r15833
15:58:26.804   180,722s       7ms   1060    Error while loading game info from save of unsupported version r15833
15:58:26.810   180,728s       6ms   1060    Error loading save 'Bridge Disaster'
15:58:26.816   180,734s       6ms   1060    Error loading save 'Bridge Disaster 2024-07-21 #1'
15:58:26.823   180,741s       7ms   1060    Error loading save 'Bridge Disaster 2024-07-22 #1'
15:58:26.829   180,747s       6ms   1060    Error loading save 'Bridge Disaster 2024-07-24 #1'
15:58:26.835   180,753s       6ms   1060    Error while loading game info from save of unsupported version r15833
15:58:26.841   180,759s       6ms   1060    Error loading save 'Nowa Misja 2024-08-11 #1'
15:58:26.847   180,765s       6ms   1060    Error loading save 'Nowa Misja 2024-08-11 #2'
15:58:26.853   180,771s       6ms   1060    Error loading save 'Nowa Misja 2024-08-11 #3'
15:58:26.859   180,777s       5ms   1060    Error loading save 'TMR09 2024-08-05 #1'
15:58:26.865   180,783s       6ms   1060    Error loading save 'TSK 1 2024-10-30 #2'
15:58:26.871   180,789s       6ms   1060    Error loading save 'TSK 18 2024-10-30 #6'
15:58:26.877   180,795s       6ms   1060    Error loading save 'TSK 2 2024-10-30 #5'
15:58:26.883   180,801s       6ms   1060    Error loading save 'TSK 20 2024-10-30 #1'
15:58:26.892   180,811s      10ms   1060    Error loading save 'TSK 3 2024-10-30 #3'
15:58:26.899   180,817s       6ms   1060    Error loading save 'TSK 6 2024-10-30 #4'
15:58:26.906   180,825s       8ms   1060    Error loading save 'TUA22'
15:58:27.507   181,426s     601ms   6300    Gameplay ended - grSilent /
15:58:27.515   181,434s       8ms   6300    LoadGameResources ... AlphaShadows: True. Forced: False
15:58:27.522   181,440s       6ms   6300    Resource loading state - Game
15:58:27.550   181,468s      28ms   6300    Saving dev settings to file 'kmr_dev.xml'
15:58:27.604   181,522s      54ms   6300    <== Game creation is done ==>
15:58:27.611   181,529s       7ms   6300    Loading game from: E:\programowanie\projekty delphi\kam_expansion\Saves\autosave01\autosave01.sav
15:58:27.629   181,547s      17ms   6300    Terrain loaded
15:58:27.659   181,577s      30ms   6300    Interface loaded
15:58:27.666   181,584s       7ms   6300    Set game seed: 1812832017
15:58:27.700   181,618s      34ms   6300    Loading game ... done
15:58:27.707   181,625s       7ms   6300    After game loading
15:58:27.730   181,648s      23ms   6300    Game options: PT = 0; SpeedPT = 1; SpeedAfterPT = 1; Seed = 0; Difficulty = mdNone
15:58:27.736   181,654s       6ms   6300    After game loading ... done
15:58:36.508   190,426s    8772ms   6300    Issue gicGameAutoSave command at tick 119400
15:58:36.514   190,432s       6ms   6300    Saving game at tick 119400 to 'E:\programowanie\projekty delphi\kam_expansion\Saves\autosave\autosave.sav'
15:58:44.955   198,873s    8441ms   6300    Issue gicGameAutoSave command at tick 120000
15:58:44.962   198,880s       7ms   6300    Saving game at tick 120000 to 'E:\programowanie\projekty delphi\kam_expansion\Saves\autosave\autosave.sav'
15:58:54.220   208,138s    9258ms   6300    Issue gicGameAutoSave command at tick 120600
15:58:54.227   208,145s       7ms   6300    Saving game at tick 120600 to 'E:\programowanie\projekty delphi\kam_expansion\Saves\autosave\autosave.sav'
15:59:15.652   229,570s   21425ms   6300    Issue gicGameAutoSave command at tick 121200
15:59:15.662   229,580s       9ms   6300    Saving game at tick 121200 to 'E:\programowanie\projekty delphi\kam_expansion\Saves\autosave\autosave.sav'
15:59:33.936   247,855s   18275ms   6300    Issue gicGameAutoSave command at tick 121800
15:59:33.942   247,861s       6ms   6300    Saving game at tick 121800 to 'E:\programowanie\projekty delphi\kam_expansion\Saves\autosave\autosave.sav'
15:59:41.570   255,489s    7628ms   6300    Issue gicGameAutoSave command at tick 122400
15:59:41.577   255,495s       6ms   6300    Saving game at tick 122400 to 'E:\programowanie\projekty delphi\kam_expansion\Saves\autosave\autosave.sav'
15:59:51.505   265,423s    9928ms   6300    Issue gicGameAutoSave command at tick 123000
15:59:51.512   265,430s       7ms   6300    Saving game at tick 123000 to 'E:\programowanie\projekty delphi\kam_expansion\Saves\autosave\autosave.sav'
16:00:08.942   282,860s   17430ms   6300    Issue gicGameAutoSave command at tick 123600
16:00:08.948   282,866s       6ms   6300    Saving game at tick 123600 to 'E:\programowanie\projekty delphi\kam_expansion\Saves\autosave\autosave.sav'
16:00:23.338   297,256s   14390ms   6300    Issue gicGameAutoSave command at tick 124200
16:00:23.345   297,263s       7ms   6300    Saving game at tick 124200 to 'E:\programowanie\projekty delphi\kam_expansion\Saves\autosave\autosave.sav'
16:00:29.338   303,256s    5993ms   6300    Issue gicGameAutoSave command at tick 124800
16:00:29.345   303,263s       7ms   6300    Saving game at tick 124800 to 'E:\programowanie\projekty delphi\kam_expansion\Saves\autosave\autosave.sav'
16:00:35.341   309,259s    5996ms   6300    Issue gicGameAutoSave command at tick 125400
16:00:35.350   309,268s       9ms   6300    Saving game at tick 125400 to 'E:\programowanie\projekty delphi\kam_expansion\Saves\autosave\autosave.sav'
16:00:42.611   316,529s    7261ms   6300    Gameplay ended - grWin /
                                      Loading campaign images.rxx for HKS
16:00:44.370   318,288s    1759ms  13668    Custom - 1
                                      Loading campaign images.rxx for KSN
16:00:44.448   318,366s      78ms  13668    Custom - 1
                                      Loading campaign images.rxx for KSO
16:00:44.525   318,443s      77ms  13668    Custom - 1
                                      Loading campaign images.rxx for KSU
16:00:44.589   318,507s      64ms  13668    Custom - 1
                                      Loading campaign images.rxx for OFL
16:00:44.649   318,567s      60ms  13668    Custom - 1
                                      Loading campaign images.rxx for OER
16:00:44.698   318,616s      49ms  13668    Custom - 1
                                      Loading campaign images.rxx for TBK
16:00:44.733   318,651s      34ms  13668    Custom - 1
                                      Loading campaign images.rxx for TPR
16:00:44.791   318,709s      58ms  13668    Custom - 1
                                      Loading campaign images.rxx for TSK
16:00:44.845   318,763s      54ms  13668    Custom - 1
                                      Loading campaign images.rxx for TUA
16:00:44.878   318,796s      33ms  13668    Custom - 1
                                      Loading campaign images.rxx for TMR
16:00:45.038   318,956s     160ms  13668    Custom - 1
16:00:45.833   319,751s     795ms   6300    LoadGameResources ... AlphaShadows: True. Forced: False
16:00:45.842   319,760s       9ms   6300    Resource loading state - Game
16:00:45.868   319,786s      26ms   6300    Saving dev settings to file 'kmr_dev.xml'
16:00:45.908   319,826s      40ms   6300    <== Game creation is done ==>
16:00:45.915   319,833s       7ms   6300    GameStart
16:00:45.920   319,839s       6ms   6300    Loading DAT file: E:\programowanie\projekty delphi\kam_expansion\MapsMP\TMR07\TMR07.dat
16:00:45.926   319,845s       6ms   6300    Loading map file: E:\programowanie\projekty delphi\kam_expansion\MapsMP\TMR07\TMR07.map
16:00:45.951   319,869s      24ms   6300    Map file loaded
16:00:46.108   320,026s     157ms   6300    Gameplay recording initialized ... done
16:00:46.114   320,032s       6ms   6300    Game options: PT = 0; SpeedPT = 1; SpeedAfterPT = 1; Seed = 0; Difficulty = mdNone
16:00:46.119   320,037s       5ms   6300    Gameplay initialized ... done
16:00:46.125   320,043s       6ms   6300    After game start
16:00:46.147   320,065s      22ms   6300    Set game seed: 1859913419
16:00:46.157   320,075s      10ms   6300    After game start ... done
16:01:01.614   335,532s   15457ms   6300    Saving from map editor: E:\programowanie\projekty delphi\kam_expansion\MapsMP\TMR07\TMR07.dat
16:01:28.202   362,120s   26588ms   6300    Saving dev settings to file 'kmr_dev.xml'
16:01:29.161   363,079s     958ms   6300    Stopping game application...
16:01:29.190   363,108s      29ms   6300    Gameplay ended - grSilent /
16:01:29.197   363,115s       7ms   6300    Start saving 'Server settings' to 'C:\Users\szyby\OneDrive\Dokumenty\My Games\Knights and Merchants Remake\KaM Remake Server Settings.ini'
00ab49e8 KaM_Expansion.exe KM_Settings        106 TKMSettings.SaveToDefaultFile
00ab4abb KaM_Expansion.exe KM_Settings        113 TKMSettings.SaveToDefaultFile
00ab46f4 KaM_Expansion.exe KM_Settings         65 TKMSettings.Destroy
00bf781a KaM_Expansion.exe KM_ServerSettings  117 TKMServerSettings.Destroy
0051a764 KaM_Expansion.exe System              23 TObject.Free
007e980c KaM_Expansion.exe KromUtils          281 FreeThenNil
00cc3f8b KaM_Expansion.exe KM_GameApp         330 TKMGameApp.Destroy
0051a764 KaM_Expansion.exe System              23 TObject.Free
007e980c KaM_Expansion.exe KromUtils          281 FreeThenNil
00ccec21 KaM_Expansion.exe KM_Main            376 TKMMain.Stop
00cced00 KaM_Expansion.exe KM_Main            405 TKMMain.Stop
00f36c0d KaM_Expansion.exe KM_FormMain       2212 TFormMain.FormClose
007936a7 KaM_Expansion.exe Vcl.Forms              TCustomForm.DoClose
00799095 KaM_Expansion.exe Vcl.Forms              TCustomForm.Close
00797cd4 KaM_Expansion.exe Vcl.Forms              TCustomForm.WMClose
006e2cfa KaM_Expansion.exe Vcl.Controls           TControl.WndProc
006e7ec1 KaM_Expansion.exe Vcl.Controls           TWinControl.WndProc
007942e8 KaM_Expansion.exe Vcl.Forms              TCustomForm.WndProc
00794303 KaM_Expansion.exe Vcl.Forms              TCustomForm.WndProc
00f366f9 KaM_Expansion.exe KM_FormMain       2051 TFormMain.WndProc

16:01:29.219   363,137s      22ms   6300    'Server settings' was successfully saved to 'C:\Users\szyby\OneDrive\Dokumenty\My Games\Knights and Merchants Remake\KaM Remake Server Settings.ini'
16:01:29.455   363,373s     236ms   6300    Start saving 'GameApp settings' to 'C:\Users\szyby\OneDrive\Dokumenty\My Games\Knights and Merchants Remake\KaM Remake Settings KingDyronMod.xml'
00ab49e8 KaM_Expansion.exe KM_Settings         106 TKMSettings.SaveToDefaultFile
00ab4abb KaM_Expansion.exe KM_Settings         113 TKMSettings.SaveToDefaultFile
00ab46f4 KaM_Expansion.exe KM_Settings          65 TKMSettings.Destroy
00ab4e4e KaM_Expansion.exe KM_SettingsXML       44 TKMSettingsXML.Destroy
00ab517a KaM_Expansion.exe KM_GameAppSettings   57 TKMGameAppSettings.Destroy
0051a764 KaM_Expansion.exe System               23 TObject.Free
007e980c KaM_Expansion.exe KromUtils           281 FreeThenNil
00ccec2b KaM_Expansion.exe KM_Main             378 TKMMain.Stop
00cced00 KaM_Expansion.exe KM_Main             405 TKMMain.Stop
00f36c0d KaM_Expansion.exe KM_FormMain        2212 TFormMain.FormClose
007936a7 KaM_Expansion.exe Vcl.Forms               TCustomForm.DoClose
00799095 KaM_Expansion.exe Vcl.Forms               TCustomForm.Close
00797cd4 KaM_Expansion.exe Vcl.Forms               TCustomForm.WMClose
006e2cfa KaM_Expansion.exe Vcl.Controls            TControl.WndProc
006e7ec1 KaM_Expansion.exe Vcl.Controls            TWinControl.WndProc
007942e8 KaM_Expansion.exe Vcl.Forms               TCustomForm.WndProc
00794303 KaM_Expansion.exe Vcl.Forms               TCustomForm.WndProc
00f366f9 KaM_Expansion.exe KM_FormMain        2051 TFormMain.WndProc
006e73cc KaM_Expansion.exe Vcl.Controls            TWinControl.MainWndProc
006e73e7 KaM_Expansion.exe Vcl.Controls            TWinControl.MainWndProc

16:01:29.470   363,388s      15ms   6300    'GameApp settings' was successfully saved to 'C:\Users\szyby\OneDrive\Dokumenty\My Games\Knights and Merchants Remake\KaM Remake Settings KingDyronMod.xml'
