   Timestamp    Elapsed     Delta  Thread    Description
========================
    Date: 2025.01.03
========================
21:00:44.924     0,000s       0ms  15524    Log is up and running. Game version: KaM Expansion: Co-op & World Update
21:00:44.930     0,006s       5ms  15524    Game Load started
21:00:44.941     0,017s      11ms  15524    Start loading 'GameApp settings' from 'C:\Users\szyby\OneDrive\Dokumenty\My Games\Knights and Merchants Remake\KaM Remake Settings KingDyronMod.xml'
21:00:44.947     0,023s       6ms  15524    'GameApp settings' was successfully loaded from 'C:\Users\szyby\OneDrive\Dokumenty\My Games\Knights and Merchants Remake\KaM Remake Settings KingDyronMod.xml'
21:00:44.965     0,041s       5ms  15524    Start saving 'GameApp settings' to 'C:\Users\szyby\OneDrive\Dokumenty\My Games\Knights and Merchants Remake\KaM Remake Settings KingDyronMod.xml'
013281fc KaM_Expansion.exe KM_Settings        106 TKMSettings.SaveToDefaultFile
013282cf KaM_Expansion.exe KM_Settings        113 TKMSettings.SaveToDefaultFile
01327ecd KaM_Expansion.exe KM_Settings         59 TKMSettings.Create
0132860a KaM_Expansion.exe KM_SettingsXML      38 TKMSettingsXML.Create
0132894b KaM_Expansion.exe KM_GameAppSettings  51 TKMGameAppSettings.Create
0153cb80 KaM_Expansion.exe KM_Main            258 TKMMain.Start
0153cdef KaM_Expansion.exe KM_Main            305 TKMMain.Start
017bbb2b KaM_Expansion.exe KaM_Expansion      480 initialization
017bbb5a KaM_Expansion.exe KaM_Expansion      483 initialization
762b7ba7 KERNEL32.DLL                             BaseThreadInitThunk

21:00:45.005     0,081s      40ms  15524    'GameApp settings' was successfully saved to 'C:\Users\szyby\OneDrive\Dokumenty\My Games\Knights and Merchants Remake\KaM Remake Settings KingDyronMod.xml'
21:00:45.027     0,103s      22ms  15524    Start loading 'Server settings' from 'C:\Users\szyby\OneDrive\Dokumenty\My Games\Knights and Merchants Remake\KaM Remake Server Settings.ini'
21:00:45.034     0,110s       7ms  15524    'Server settings' was successfully loaded from 'C:\Users\szyby\OneDrive\Dokumenty\My Games\Knights and Merchants Remake\KaM Remake Server Settings.ini'
21:00:45.040     0,116s       6ms  15524    Start saving 'Server settings' to 'C:\Users\szyby\OneDrive\Dokumenty\My Games\Knights and Merchants Remake\KaM Remake Server Settings.ini'
013281fc KaM_Expansion.exe KM_Settings       106 TKMSettings.SaveToDefaultFile
013282cf KaM_Expansion.exe KM_Settings       113 TKMSettings.SaveToDefaultFile
01327ecd KaM_Expansion.exe KM_Settings        59 TKMSettings.Create
01465e2c KaM_Expansion.exe KM_ServerSettings 109 TKMServerSettings.Create
01531f34 KaM_Expansion.exe KM_GameApp        213 TKMGameApp.Create
01532386 KaM_Expansion.exe KM_GameApp        295 TKMGameApp.Create
0153ddf6 KaM_Expansion.exe KM_Main           635 TKMMain.ReinitRender
0153e002 KaM_Expansion.exe KM_Main           689 TKMMain.ReinitRender
0153cc96 KaM_Expansion.exe KM_Main           281 TKMMain.Start
0153cdef KaM_Expansion.exe KM_Main           305 TKMMain.Start
017bbb2b KaM_Expansion.exe KaM_Expansion     480 initialization
017bbb5a KaM_Expansion.exe KaM_Expansion     483 initialization
762b7ba7 KERNEL32.DLL                            BaseThreadInitThunk

21:00:45.055     0,131s      15ms  15524    'Server settings' was successfully saved to 'C:\Users\szyby\OneDrive\Dokumenty\My Games\Knights and Merchants Remake\KaM Remake Server Settings.ini'
21:00:45.061     0,137s       6ms  15524    Init Render started
21:00:45.216     0,292s     155ms  15524    GL_MAX_TEXTURE_SIZE = 32768
21:00:45.223     0,299s       7ms  15524    GL_MAX_VIEWPORT_DIM = 32768
                                      OpenGL Vendor: NVIDIA Corporation
                                      OpenGL Renderer: NVIDIA GeForce RTX 3060 Ti/PCIe/SSE2
                                      OpenGL Version: 4.6.0 NVIDIA 560.94
21:00:45.249     0,325s      26ms  15524    Init Render Done
21:00:45.256     0,332s       7ms  15524    Resource loading state - None
21:00:45.262     0,338s       6ms  15524    Reading palettes ... done
21:00:45.271     0,347s       9ms  15524    Reading GUI.rx
21:00:45.277     0,353s       6ms  15524    Load Sprites started
21:00:45.284     0,360s       6ms  15524    GUI - 966
21:00:45.306     0,382s      22ms  15524    Load Sprites Done
21:00:45.341     0,417s      35ms  15524    Reading GUIMain.rx
21:00:45.348     0,424s       7ms  15524    Load Sprites started
21:00:45.354     0,430s       6ms  15524    GUIMain - 105
21:00:45.407     0,483s      53ms  15524    Load Sprites Done
21:00:45.461     0,537s      54ms  15524    Reading Tileset.rx
21:00:45.467     0,543s       6ms  15524    Load Sprites started
21:00:45.474     0,550s       7ms  15524    Tileset - 5449
21:00:45.512     0,588s      38ms  15524    Load Sprites Done
21:00:45.519     0,595s       7ms  15524    GenerateTerrainTransitions started. Legacy = False
21:00:45.526     0,602s       7ms  15524    TexId = 5451 GenTilesCnt = 2100
21:00:45.533     0,609s       7ms  15524    TexId = 6051; TexId - fGenTexIdStartI = 600; uniqueTex = 600; totalTex = 1350
21:00:45.539     0,615s       6ms  15524    GeneratedMasks cnt = 20
21:00:45.545     0,621s       6ms  15524    GenerateTerrainTransitions Done
21:00:45.553     0,629s       7ms  15524    GenerateTerrainTransitions started. Legacy = True
21:00:45.559     0,635s       6ms  15524    Legacy: TexId = 4999 GenTilesCntTemp = 2030
21:00:45.565     0,641s       6ms  15524    TexId = 5463; TexId - fGenTexIdStartILegacy = 464; uniqueTex = 464; totalTex = 1044
21:00:45.572     0,648s       6ms  15524    GeneratedMasks cnt = 16
21:00:45.577     0,653s       5ms  15524    GenerateTerrainTransitions Done
21:00:45.690     0,766s     113ms  15524    Load font started
21:00:45.727     0,803s      37ms  15524    Font load took 37ms
21:00:45.735     0,811s       8ms  15524    Read fonts is done
21:00:45.753     0,829s      18ms  15524    ReadGFX is done
21:00:45.760     0,836s       7ms  15524    Resource loading state - Menu
21:00:45.767     0,843s       7ms  20252    OpenAL init started
21:00:46.415     1,491s     648ms  15524    Music init done, 24 tracks found
                                      Loading campaign images.rxx for HKS
21:00:46.441     1,517s      26ms  16344    Custom - 1
21:00:46.449     1,525s       7ms  20252    Pre-LoadSFX init ... done
21:00:46.456     1,532s       7ms  20252    ALC_MONO_SOURCES 255
21:00:46.468     1,544s      12ms  20252    ALC_STEREO_SOURCES 1
21:00:46.474     1,550s       6ms  15524    Main menu init done
21:00:46.481     1,557s       7ms  20252    OpenAL init done
21:00:46.503     1,579s      22ms  15524    Check game folder 'E:\programowanie\projekty delphi\kam_expansion\' generic permissions: READ: granted; WRITE: granted; EXECUTE: granted; folder is writable: 
21:00:46.510     1,586s       7ms  15524    LoadGameResources ... AlphaShadows: True. Forced: True
21:00:46.517     1,593s       7ms  15524    TKMResSprites.LoadGameResources
21:00:46.523     1,599s       6ms  15524    [AsyncGameResLoader Thread] Started
21:00:46.531     1,607s       8ms  15524    Resource loading state - Game
21:00:46.537     1,613s       6ms  15524    ToggleFullscreen
21:00:46.544     1,620s       7ms  15524    Form Width/Height: 1040:759
21:00:46.551     1,627s       6ms  15524    Panel Width/Height: 1024:720
21:00:46.559     1,634s       7ms  10172    [AsyncGameResLoader Thread] RT = rxTrees Stage = lsLoad
21:00:46.566     1,642s       8ms  10172    [AsyncGameResLoader Thread] Start Load RXX 'Trees.rxx'
21:00:46.573     1,649s       7ms  10172    Load Sprites started
21:00:46.581     1,657s       8ms  10172    Trees - 1216
                                      Loading campaign images.rxx for KSN
21:00:46.599     1,675s      18ms  16344    Custom - 1
21:00:46.606     1,682s       7ms  15524    Saving dev settings to file 'kmr_dev.xml'
21:00:46.648     1,724s      42ms  15524    Saving dev settings to file 'kmr_dev.xml'
21:00:46.657     1,733s       9ms  15524    Game Load Done in 1755
                                      Loading campaign images.rxx for KSO
21:00:46.684     1,760s      27ms  16344    Custom - 1
21:00:46.728     1,804s      44ms  10172    Load Sprites Done
                                      Loading campaign images.rxx for KSU
21:00:46.745     1,821s      17ms  16344    Custom - 1
                                      Loading campaign images.rxx for OFL
21:00:46.795     1,871s      50ms  16344    Custom - 1
21:00:46.829     1,905s      33ms  10172    [AsyncGameResLoader Thread] DONE Load RXX 'Trees.rxa'
                                      Loading campaign images.rxx for OER
21:00:46.841     1,917s      12ms  16344    Custom - 1
21:00:46.849     1,925s       8ms  15524    [AsyncGameResLoader MainTh] [UpdateStateIdle] GenTextures RT = rxTrees Stage = lsGenMain
21:00:46.860     1,936s      11ms  15524    [AsyncGameResLoader MainTh] [UpdateStateIdle] DONE
21:00:46.867     1,943s       7ms  10172    [AsyncGameResLoader Thread] RT = rxTrees Stage = lsOverload
21:00:46.875     1,951s       8ms  10172    [AsyncGameResLoader Thread] OverloadFromFolder RT = rxTrees
                                      Loading campaign images.rxx for TBK
21:00:46.889     1,965s      14ms  16344    Custom - 1
21:00:46.898     1,974s       9ms  10172    [AsyncGameResLoader Thread] DONE OverloadFromFolder RT = rxTrees
21:00:46.904     1,980s       6ms  15524    [AsyncGameResLoader MainTh] [UpdateStateIdle] GenTextures RT = rxTrees Stage = lsGenOverload
21:00:46.911     1,987s       6ms  15524    [AsyncGameResLoader MainTh] [UpdateStateIdle] DONE
21:00:46.918     1,994s       7ms  10172    [AsyncGameResLoader Thread] RT = rxHouses Stage = lsLoad
21:00:46.926     2,002s       8ms  10172    [AsyncGameResLoader Thread] Start Load RXX 'Houses.rxx'
21:00:46.932     2,008s       6ms  10172    Load Sprites started
21:00:46.938     2,014s       6ms  10172    Houses - 2709
                                      Loading campaign images.rxx for TPR
21:00:46.951     2,027s      13ms  16344    Custom - 1
                                      Loading campaign images.rxx for TSK
21:00:46.991     2,067s      40ms  16344    Custom - 1
                                      Loading campaign images.rxx for TUA
21:00:47.030     2,106s      39ms  16344    Custom - 1
21:00:47.126     2,202s      96ms  10172    Load Sprites Done
                                      Loading campaign images.rxx for TMR
21:00:47.191     2,267s      65ms  16344    Custom - 1
21:00:47.273     2,349s      81ms  10172    [AsyncGameResLoader Thread] DONE Load RXX 'Houses.rxa'
21:00:47.287     2,363s      14ms  15524    [AsyncGameResLoader MainTh] [UpdateStateIdle] GenTextures RT = rxHouses Stage = lsGenMain
21:00:47.300     2,376s      13ms  15524    [AsyncGameResLoader MainTh] [UpdateStateIdle] DONE
21:00:47.308     2,384s       8ms  10172    [AsyncGameResLoader Thread] RT = rxHouses Stage = lsOverload
21:00:47.314     2,390s       6ms  10172    [AsyncGameResLoader Thread] OverloadFromFolder RT = rxHouses
21:00:47.427     2,503s     113ms  10172    [AsyncGameResLoader Thread] DONE OverloadFromFolder RT = rxHouses
21:00:47.439     2,515s      12ms  15524    [AsyncGameResLoader MainTh] [UpdateStateIdle] GenTextures RT = rxHouses Stage = lsGenOverload
21:00:47.446     2,522s       7ms  15524    [AsyncGameResLoader MainTh] [UpdateStateIdle] DONE
21:00:47.453     2,529s       7ms  10172    [AsyncGameResLoader Thread] RT = rxUnits Stage = lsLoad
21:00:47.461     2,537s       8ms  10172    [AsyncGameResLoader Thread] Start Load RXX 'Units.rxx'
21:00:47.468     2,544s       7ms  10172    Load Sprites started
21:00:47.475     2,551s       7ms  10172    Units - 14845
                                      Loading campaign images.rxx for HKS
21:00:47.988     3,064s     513ms   8716    Custom - 1
                                      Loading campaign images.rxx for KSN
21:00:48.091     3,167s     103ms   8716    Custom - 1
                                      Loading campaign images.rxx for KSO
21:00:48.161     3,237s      70ms   8716    Custom - 1
                                      Loading campaign images.rxx for KSU
21:00:48.221     3,297s      60ms   8716    Custom - 1
                                      Loading campaign images.rxx for OFL
21:00:48.301     3,377s      80ms   8716    Custom - 1
21:00:48.311     3,387s       9ms  10172    Load Sprites Done
                                      Loading campaign images.rxx for OER
21:00:48.343     3,418s      31ms   8716    Custom - 1
                                      Loading campaign images.rxx for TBK
21:00:48.378     3,454s      36ms   8716    Custom - 1
                                      Loading campaign images.rxx for TPR
21:00:48.431     3,507s      53ms   8716    Custom - 1
                                      Loading campaign images.rxx for TSK
21:00:48.472     3,548s      41ms   8716    Custom - 1
                                      Loading campaign images.rxx for TUA
21:00:48.504     3,580s      32ms   8716    Custom - 1
21:00:48.579     3,655s      75ms  15524    LoadGameResources ... AlphaShadows: True. Forced: False
21:00:48.589     3,665s       9ms  15524    TKMResSprites.LoadGameResources
21:00:49.423     4,499s     834ms  10172    [AsyncGameResLoader Thread] DONE Load RXX 'Units.rxa'
21:00:49.430     4,506s       7ms  15524    [AsyncGameResLoader MainTh] [LoadGameResources] GenTextures RT = rxUnits Stage = lsGenMain
21:00:49.498     4,574s      68ms  15524    [AsyncGameResLoader MainTh] [LoadGameResources] DONE
21:00:49.510     4,586s      12ms  10172    [AsyncGameResLoader Thread] RT = rxUnits Stage = lsOverload
21:00:49.524     4,600s      14ms  10172    [AsyncGameResLoader Thread] OverloadFromFolder RT = rxUnits
21:00:49.888     4,964s     364ms  10172    [AsyncGameResLoader Thread] DONE OverloadFromFolder RT = rxUnits
21:00:49.894     4,970s       6ms  15524    [AsyncGameResLoader MainTh] [LoadGameResources] GenTextures RT = rxUnits Stage = lsGenOverload
21:00:49.929     5,005s      35ms  15524    [AsyncGameResLoader Thread] Stopped
21:00:49.937     5,013s       8ms  15524    [AsyncGameResLoader MainTh] [LoadGameResources] DONE
                                      Loading campaign images.rxx for TMR
21:00:49.950     5,026s      13ms  15524    Resource loading state - Game
21:00:49.957     5,033s       7ms   8716    Custom - 1
21:00:49.964     5,040s       7ms  15524    Saving dev settings to file 'kmr_dev.xml'
21:00:49.994     5,070s      30ms  15524    <== Game creation is done ==>
21:00:50.001     5,077s       7ms  15524    GameStart
21:00:50.008     5,084s       7ms  15524    Loading DAT file: E:\programowanie\projekty delphi\kam_expansion\MapsMP\TMR07\TMR07.dat
21:00:50.015     5,091s       7ms  15524    Loading map file: E:\programowanie\projekty delphi\kam_expansion\MapsMP\TMR07\TMR07.map
21:00:50.049     5,125s      34ms  15524    Map file loaded
21:00:50.228     5,304s     179ms  15524    Gameplay recording initialized ... done
21:00:50.236     5,312s       8ms  15524    Game options: PT = 0; SpeedPT = 1; SpeedAfterPT = 1; Seed = 0; Difficulty = mdNone
21:00:50.241     5,317s       5ms  15524    Gameplay initialized ... done
21:00:50.248     5,324s       7ms  15524    After game start
21:00:50.274     5,349s      25ms  15524    Set game seed: 1228330373
21:00:50.285     5,361s      12ms  15524    After game start ... done
21:01:12.588    27,664s   22303ms  15524    Saving dev settings to file 'kmr_dev.xml'
21:01:13.857    28,933s    1269ms  15524    Stopping game application...
21:01:13.888    28,964s      31ms  15524    Gameplay ended - grSilent /
21:01:13.894    28,970s       6ms  15524    Start saving 'Server settings' to 'C:\Users\szyby\OneDrive\Dokumenty\My Games\Knights and Merchants Remake\KaM Remake Server Settings.ini'
013281fc KaM_Expansion.exe KM_Settings        106 TKMSettings.SaveToDefaultFile
013282cf KaM_Expansion.exe KM_Settings        113 TKMSettings.SaveToDefaultFile
01327f08 KaM_Expansion.exe KM_Settings         65 TKMSettings.Destroy
01465e72 KaM_Expansion.exe KM_ServerSettings  117 TKMServerSettings.Destroy
00d8a764 KaM_Expansion.exe System              23 TObject.Free
01058fbc KaM_Expansion.exe KromUtils          281 FreeThenNil
015325e3 KaM_Expansion.exe KM_GameApp         330 TKMGameApp.Destroy
00d8a764 KaM_Expansion.exe System              23 TObject.Free
01058fbc KaM_Expansion.exe KromUtils          281 FreeThenNil
0153d211 KaM_Expansion.exe KM_Main            376 TKMMain.Stop
0153d2f0 KaM_Expansion.exe KM_Main            405 TKMMain.Stop
017a6f45 KaM_Expansion.exe KM_FormMain       2212 TFormMain.FormClose
01002df7 KaM_Expansion.exe Vcl.Forms              TCustomForm.DoClose
010087e5 KaM_Expansion.exe Vcl.Forms              TCustomForm.Close
01007424 KaM_Expansion.exe Vcl.Forms              TCustomForm.WMClose
00f52cfa KaM_Expansion.exe Vcl.Controls           TControl.WndProc
00f57ec1 KaM_Expansion.exe Vcl.Controls           TWinControl.WndProc
01003a38 KaM_Expansion.exe Vcl.Forms              TCustomForm.WndProc
01003a53 KaM_Expansion.exe Vcl.Forms              TCustomForm.WndProc
017a6a31 KaM_Expansion.exe KM_FormMain       2051 TFormMain.WndProc

21:01:13.916    28,992s      22ms  15524    'Server settings' was successfully saved to 'C:\Users\szyby\OneDrive\Dokumenty\My Games\Knights and Merchants Remake\KaM Remake Server Settings.ini'
21:01:14.131    29,207s     215ms  15524    Start saving 'GameApp settings' to 'C:\Users\szyby\OneDrive\Dokumenty\My Games\Knights and Merchants Remake\KaM Remake Settings KingDyronMod.xml'
013281fc KaM_Expansion.exe KM_Settings         106 TKMSettings.SaveToDefaultFile
013282cf KaM_Expansion.exe KM_Settings         113 TKMSettings.SaveToDefaultFile
01327f08 KaM_Expansion.exe KM_Settings          65 TKMSettings.Destroy
01328662 KaM_Expansion.exe KM_SettingsXML       44 TKMSettingsXML.Destroy
0132898e KaM_Expansion.exe KM_GameAppSettings   57 TKMGameAppSettings.Destroy
00d8a764 KaM_Expansion.exe System               23 TObject.Free
01058fbc KaM_Expansion.exe KromUtils           281 FreeThenNil
0153d21b KaM_Expansion.exe KM_Main             378 TKMMain.Stop
0153d2f0 KaM_Expansion.exe KM_Main             405 TKMMain.Stop
017a6f45 KaM_Expansion.exe KM_FormMain        2212 TFormMain.FormClose
01002df7 KaM_Expansion.exe Vcl.Forms               TCustomForm.DoClose
010087e5 KaM_Expansion.exe Vcl.Forms               TCustomForm.Close
01007424 KaM_Expansion.exe Vcl.Forms               TCustomForm.WMClose
00f52cfa KaM_Expansion.exe Vcl.Controls            TControl.WndProc
00f57ec1 KaM_Expansion.exe Vcl.Controls            TWinControl.WndProc
01003a38 KaM_Expansion.exe Vcl.Forms               TCustomForm.WndProc
01003a53 KaM_Expansion.exe Vcl.Forms               TCustomForm.WndProc
017a6a31 KaM_Expansion.exe KM_FormMain        2051 TFormMain.WndProc
00f573cc KaM_Expansion.exe Vcl.Controls            TWinControl.MainWndProc
00f573e7 KaM_Expansion.exe Vcl.Controls            TWinControl.MainWndProc

21:01:14.147    29,223s      16ms  15524    'GameApp settings' was successfully saved to 'C:\Users\szyby\OneDrive\Dokumenty\My Games\Knights and Merchants Remake\KaM Remake Settings KingDyronMod.xml'
