   Timestamp    Elapsed     Delta  Thread    Description
========================
    Date: 2024.12.31
========================
14:49:57.427     0,001s       1ms   4644    Log is up and running. Game version: KaM Expansion: Co-op & World Update
14:49:57.433     0,007s       6ms   4644    Game Load started
14:49:57.445     0,019s      12ms   4644    Start loading 'GameApp settings' from 'C:\Users\szyby\OneDrive\Dokumenty\My Games\Knights and Merchants Remake\KaM Remake Settings KingDyronMod.xml'
14:49:57.451     0,025s       6ms   4644    'GameApp settings' was successfully loaded from 'C:\Users\szyby\OneDrive\Dokumenty\My Games\Knights and Merchants Remake\KaM Remake Settings KingDyronMod.xml'
14:49:57.466     0,040s       5ms   4644    Start saving 'GameApp settings' to 'C:\Users\szyby\OneDrive\Dokumenty\My Games\Knights and Merchants Remake\KaM Remake Settings KingDyronMod.xml'
00612b8c KaM_Expansion.exe KM_Settings        106 TKMSettings.SaveToDefaultFile
00612c5f KaM_Expansion.exe KM_Settings        113 TKMSettings.SaveToDefaultFile
0061285d KaM_Expansion.exe KM_Settings         59 TKMSettings.Create
00612f9a KaM_Expansion.exe KM_SettingsXML      38 TKMSettingsXML.Create
006132db KaM_Expansion.exe KM_GameAppSettings  51 TKMGameAppSettings.Create
0082c8f8 KaM_Expansion.exe KM_Main            258 TKMMain.Start
0082cb7c KaM_Expansion.exe KM_Main            305 TKMMain.Start
00aabb2b KaM_Expansion.exe KaM_Expansion      479 initialization
00aabb5a KaM_Expansion.exe KaM_Expansion      482 initialization
772b7ba7 KERNEL32.DLL                             BaseThreadInitThunk

14:49:57.504     0,078s      38ms   4644    'GameApp settings' was successfully saved to 'C:\Users\szyby\OneDrive\Dokumenty\My Games\Knights and Merchants Remake\KaM Remake Settings KingDyronMod.xml'
14:49:57.528     0,102s      24ms   4644    Start loading 'Server settings' from 'C:\Users\szyby\OneDrive\Dokumenty\My Games\Knights and Merchants Remake\KaM Remake Server Settings.ini'
14:49:57.536     0,109s       6ms   4644    'Server settings' was successfully loaded from 'C:\Users\szyby\OneDrive\Dokumenty\My Games\Knights and Merchants Remake\KaM Remake Server Settings.ini'
14:49:57.542     0,116s       7ms   4644    Start saving 'Server settings' to 'C:\Users\szyby\OneDrive\Dokumenty\My Games\Knights and Merchants Remake\KaM Remake Server Settings.ini'
00612b8c KaM_Expansion.exe KM_Settings       106 TKMSettings.SaveToDefaultFile
00612c5f KaM_Expansion.exe KM_Settings       113 TKMSettings.SaveToDefaultFile
0061285d KaM_Expansion.exe KM_Settings        59 TKMSettings.Create
00755b70 KaM_Expansion.exe KM_ServerSettings 109 TKMServerSettings.Create
00821c78 KaM_Expansion.exe KM_GameApp        213 TKMGameApp.Create
008220ca KaM_Expansion.exe KM_GameApp        295 TKMGameApp.Create
0082dba2 KaM_Expansion.exe KM_Main           635 TKMMain.ReinitRender
0082ddae KaM_Expansion.exe KM_Main           689 TKMMain.ReinitRender
0082ca0e KaM_Expansion.exe KM_Main           281 TKMMain.Start
0082cb7c KaM_Expansion.exe KM_Main           305 TKMMain.Start
00aabb2b KaM_Expansion.exe KaM_Expansion     479 initialization
00aabb5a KaM_Expansion.exe KaM_Expansion     482 initialization
772b7ba7 KERNEL32.DLL                            BaseThreadInitThunk

14:49:57.555     0,128s      12ms   4644    'Server settings' was successfully saved to 'C:\Users\szyby\OneDrive\Dokumenty\My Games\Knights and Merchants Remake\KaM Remake Server Settings.ini'
14:49:57.561     0,135s       7ms   4644    Init Render started
14:49:57.704     0,277s     142ms   4644    GL_MAX_TEXTURE_SIZE = 32768
14:49:57.711     0,285s       8ms   4644    GL_MAX_VIEWPORT_DIM = 32768
                                      OpenGL Vendor: NVIDIA Corporation
                                      OpenGL Renderer: NVIDIA GeForce RTX 3060 Ti/PCIe/SSE2
                                      OpenGL Version: 4.6.0 NVIDIA 560.81
14:49:57.737     0,311s      25ms   4644    Init Render Done
14:49:57.744     0,317s       6ms   4644    Resource loading state - None
14:49:57.750     0,324s       7ms   4644    Reading palettes ... done
14:49:57.759     0,333s       9ms   4644    Reading GUI.rx
14:49:57.766     0,340s       7ms   4644    Load Sprites started
14:49:57.773     0,347s       7ms   4644    GUI - 966
14:49:57.792     0,365s      18ms   4644    Load Sprites Done
14:49:57.826     0,400s      35ms   4644    Reading GUIMain.rx
14:49:57.833     0,407s       7ms   4644    Load Sprites started
14:49:57.839     0,413s       6ms   4644    GUIMain - 105
14:49:57.890     0,463s      50ms   4644    Load Sprites Done
14:49:57.944     0,518s      55ms   4644    Reading Tileset.rx
14:49:57.951     0,525s       7ms   4644    Load Sprites started
14:49:57.958     0,532s       7ms   4644    Tileset - 5449
14:49:57.995     0,569s      37ms   4644    Load Sprites Done
14:49:58.002     0,576s       7ms   4644    GenerateTerrainTransitions started. Legacy = False
14:49:58.008     0,582s       6ms   4644    TexId = 5451 GenTilesCnt = 2100
14:49:58.016     0,589s       7ms   4644    TexId = 6051; TexId - fGenTexIdStartI = 600; uniqueTex = 600; totalTex = 1350
14:49:58.021     0,595s       6ms   4644    GeneratedMasks cnt = 20
14:49:58.028     0,602s       7ms   4644    GenerateTerrainTransitions Done
14:49:58.034     0,607s       5ms   4644    GenerateTerrainTransitions started. Legacy = True
14:49:58.040     0,614s       6ms   4644    Legacy: TexId = 4999 GenTilesCntTemp = 2030
14:49:58.047     0,621s       7ms   4644    TexId = 5463; TexId - fGenTexIdStartILegacy = 464; uniqueTex = 464; totalTex = 1044
14:49:58.053     0,626s       5ms   4644    GeneratedMasks cnt = 16
14:49:58.060     0,633s       7ms   4644    GenerateTerrainTransitions Done
14:49:58.168     0,741s     108ms   4644    Load font started
14:49:58.207     0,780s      39ms   4644    Font load took 39ms
14:49:58.214     0,788s       8ms   4644    Read fonts is done
14:49:58.232     0,806s      18ms   4644    ReadGFX is done
14:49:58.238     0,812s       6ms   4644    Resource loading state - Menu
14:49:58.247     0,820s       7ms  18396    OpenAL init started
14:49:58.883     1,457s     637ms   4644    Music init done, 24 tracks found
                                      Loading campaign images.rxx for HKS
14:49:58.909     1,483s      26ms   2952    Custom - 1
14:49:58.916     1,490s       7ms  18396    Pre-LoadSFX init ... done
14:49:58.924     1,497s       7ms  18396    ALC_MONO_SOURCES 255
14:49:58.930     1,504s       7ms  18396    ALC_STEREO_SOURCES 1
14:49:58.936     1,510s       6ms   4644    Main menu init done
14:49:58.943     1,516s       6ms  18396    OpenAL init done
14:49:58.976     1,550s      34ms   4644    Check game folder 'E:\programowanie\projekty delphi\kam_expansion\' generic permissions: READ: granted; WRITE: granted; EXECUTE: granted; folder is writable: 
14:49:58.986     1,559s       8ms   4644    LoadGameResources ... AlphaShadows: True. Forced: True
14:49:58.992     1,566s       7ms   4644    TKMResSprites.LoadGameResources
14:49:58.998     1,572s       6ms   4644    [AsyncGameResLoader Thread] Started
14:49:59.005     1,578s       6ms   4644    Resource loading state - Game
14:49:59.010     1,584s       6ms   4644    ToggleFullscreen
14:49:59.016     1,590s       6ms   4644    Form Width/Height: 1040:830
14:49:59.022     1,596s       6ms   4644    Panel Width/Height: 1024:791
14:49:59.030     1,604s       8ms  19572    [AsyncGameResLoader Thread] RT = rxTrees Stage = lsLoad
14:49:59.037     1,611s       7ms  19572    [AsyncGameResLoader Thread] Start Load RXX 'Trees.rxx'
14:49:59.043     1,617s       6ms  19572    Load Sprites started
14:49:59.051     1,625s       8ms  19572    Trees - 1216
14:49:59.067     1,641s      16ms   4644    Saving dev settings to file 'kmr_dev.xml'
                                      Loading campaign images.rxx for KSN
14:49:59.088     1,661s      20ms   2952    Custom - 1
14:49:59.095     1,669s       8ms   4644    Saving dev settings to file 'kmr_dev.xml'
14:49:59.103     1,676s       7ms   4644    Game Load Done in 1699
                                      Loading campaign images.rxx for KSO
14:49:59.161     1,735s      59ms   2952    Custom - 1
14:49:59.184     1,757s      22ms  19572    Load Sprites Done
                                      Loading campaign images.rxx for KSU
14:49:59.221     1,795s      38ms   2952    Custom - 1
                                      Loading campaign images.rxx for OFL
14:49:59.272     1,845s      50ms   2952    Custom - 1
14:49:59.280     1,853s       8ms  19572    [AsyncGameResLoader Thread] DONE Load RXX 'Trees.rxa'
14:49:59.293     1,867s      14ms   4644    [AsyncGameResLoader MainTh] [UpdateStateIdle] GenTextures RT = rxTrees Stage = lsGenMain
14:49:59.305     1,878s      11ms   4644    [AsyncGameResLoader MainTh] [UpdateStateIdle] DONE
14:49:59.312     1,886s       7ms  19572    [AsyncGameResLoader Thread] RT = rxTrees Stage = lsOverload
14:49:59.318     1,892s       6ms  19572    [AsyncGameResLoader Thread] OverloadFromFolder RT = rxTrees
                                      Loading campaign images.rxx for OER
14:49:59.336     1,910s      18ms   2952    Custom - 1
14:49:59.342     1,916s       6ms  19572    [AsyncGameResLoader Thread] DONE OverloadFromFolder RT = rxTrees
14:49:59.358     1,932s      16ms   4644    [AsyncGameResLoader MainTh] [UpdateStateIdle] GenTextures RT = rxTrees Stage = lsGenOverload
14:49:59.366     1,940s       8ms   4644    [AsyncGameResLoader MainTh] [UpdateStateIdle] DONE
14:49:59.372     1,946s       6ms  19572    [AsyncGameResLoader Thread] RT = rxHouses Stage = lsLoad
                                      Loading campaign images.rxx for TBK
14:49:59.385     1,958s      12ms  19572    [AsyncGameResLoader Thread] Start Load RXX 'Houses.rxx'
14:49:59.391     1,965s       6ms  19572    Load Sprites started
14:49:59.398     1,972s       7ms   2952    Custom - 1
14:49:59.404     1,977s       5ms  19572    Houses - 2709
                                      Loading campaign images.rxx for TPR
14:49:59.465     2,039s      62ms   2952    Custom - 1
                                      Loading campaign images.rxx for TSK
14:49:59.521     2,094s      55ms   2952    Custom - 1
                                      Loading campaign images.rxx for TUA
14:49:59.566     2,140s      46ms   2952    Custom - 1
14:49:59.575     2,149s       9ms  19572    Load Sprites Done
                                      Loading campaign images.rxx for TMR
14:49:59.713     2,287s     138ms   2952    Custom - 1
14:49:59.720     2,294s       7ms  19572    [AsyncGameResLoader Thread] DONE Load RXX 'Houses.rxa'
14:49:59.726     2,300s       6ms   4644    [AsyncGameResLoader MainTh] [UpdateStateIdle] GenTextures RT = rxHouses Stage = lsGenMain
14:49:59.742     2,315s      15ms   4644    [AsyncGameResLoader MainTh] [UpdateStateIdle] DONE
14:49:59.750     2,324s       9ms  19572    [AsyncGameResLoader Thread] RT = rxHouses Stage = lsOverload
14:49:59.756     2,330s       6ms  19572    [AsyncGameResLoader Thread] OverloadFromFolder RT = rxHouses
14:49:59.863     2,437s     107ms  19572    [AsyncGameResLoader Thread] DONE OverloadFromFolder RT = rxHouses
14:49:59.870     2,444s       7ms   4644    [AsyncGameResLoader MainTh] [UpdateStateIdle] GenTextures RT = rxHouses Stage = lsGenOverload
14:49:59.876     2,450s       6ms   4644    [AsyncGameResLoader MainTh] [UpdateStateIdle] DONE
14:49:59.882     2,456s       6ms  19572    [AsyncGameResLoader Thread] RT = rxUnits Stage = lsLoad
14:49:59.888     2,462s       6ms  19572    [AsyncGameResLoader Thread] Start Load RXX 'Units.rxx'
14:49:59.895     2,469s       7ms  19572    Load Sprites started
14:49:59.902     2,475s       5ms  19572    Units - 14845
14:50:00.419     2,993s     518ms  19572    Load Sprites Done
14:50:01.542     4,116s    1123ms  19572    [AsyncGameResLoader Thread] DONE Load RXX 'Units.rxa'
14:50:01.558     4,132s      16ms   4644    [AsyncGameResLoader MainTh] [UpdateStateIdle] GenTextures RT = rxUnits Stage = lsGenMain
14:50:01.634     4,208s      76ms   4644    [AsyncGameResLoader MainTh] [UpdateStateIdle] DONE
14:50:01.641     4,215s       7ms  19572    [AsyncGameResLoader Thread] RT = rxUnits Stage = lsOverload
14:50:01.648     4,222s       7ms  19572    [AsyncGameResLoader Thread] OverloadFromFolder RT = rxUnits
14:50:01.653     4,227s       5ms  19572    [AsyncGameResLoader Thread] DONE OverloadFromFolder RT = rxUnits
14:50:01.660     4,234s       7ms   4644    [AsyncGameResLoader MainTh] [UpdateStateIdle] GenTextures RT = rxUnits Stage = lsGenOverload
14:50:01.666     4,240s       6ms   4644    [AsyncGameResLoader Thread] Stopped
14:50:01.672     4,245s       5ms   4644    [AsyncGameResLoader MainTh] [UpdateStateIdle] DONE
14:50:03.242     5,815s    1570ms   2248    Error while loading game info from save of unsupported version r15833
14:50:03.249     5,822s       7ms   2248    Error while loading game info from save of unsupported version r15833
14:50:03.254     5,828s       6ms   2248    Error while loading game info from save of unsupported version r15833
14:50:03.262     5,835s       7ms   2248    Error while loading game info from save of unsupported version r15833
14:50:03.268     5,841s       6ms   2248    Error while loading game info from save of unsupported version r15833
14:50:03.274     5,848s       7ms   2248    Error while loading game info from save of unsupported version r15833
14:50:03.281     5,854s       6ms   2248    Error while loading game info from save of unsupported version r15833
14:50:03.287     5,860s       6ms   2248    Error while loading game info from save of unsupported version r15833
14:50:03.293     5,867s       7ms   2248    Error while loading game info from save of unsupported version r15833
14:50:03.300     5,873s       6ms   2248    Error loading save 'Bridge Disaster'
14:50:03.306     5,879s       6ms   2248    Error loading save 'Bridge Disaster 2024-07-21 #1'
14:50:03.312     5,886s       7ms   2248    Error loading save 'Bridge Disaster 2024-07-22 #1'
14:50:03.318     5,892s       6ms   2248    Error loading save 'Bridge Disaster 2024-07-24 #1'
14:50:03.326     5,900s       8ms   2248    Error while loading game info from save of unsupported version r15833
14:50:03.333     5,907s       7ms   2248    Error loading save 'Nowa Misja 2024-08-11 #1'
14:50:03.339     5,913s       6ms   2248    Error loading save 'Nowa Misja 2024-08-11 #2'
14:50:03.345     5,919s       6ms   2248    Error loading save 'Nowa Misja 2024-08-11 #3'
14:50:03.352     5,926s       7ms   2248    Error loading save 'TMR09 2024-08-05 #1'
14:50:03.359     5,933s       7ms   2248    Error loading save 'TSK 1 2024-10-30 #2'
14:50:03.364     5,938s       5ms   2248    Error loading save 'TSK 18 2024-10-30 #6'
14:50:03.371     5,945s       7ms   2248    Error loading save 'TSK 2 2024-10-30 #5'
14:50:03.378     5,952s       7ms   2248    Error loading save 'TSK 20 2024-10-30 #1'
14:50:03.384     5,957s       5ms   2248    Error loading save 'TSK 3 2024-10-30 #3'
14:50:03.390     5,963s       6ms   2248    Error loading save 'TSK 6 2024-10-30 #4'
14:50:03.397     5,971s       8ms   2248    Error loading save 'TUA22'
14:50:04.506     7,080s    1109ms   4644    LoadGameResources ... AlphaShadows: True. Forced: False
14:50:04.513     7,087s       7ms   4644    Resource loading state - Game
14:50:04.540     7,114s      27ms   4644    Saving dev settings to file 'kmr_dev.xml'
14:50:04.596     7,171s      57ms   4644    <== Game creation is done ==>
14:50:04.604     7,178s       7ms   4644    Loading game from: E:\programowanie\projekty delphi\kam_expansion\Saves\TMR09\TMR09.sav
14:50:04.625     7,199s      21ms   4644    Terrain loaded
14:50:04.659     7,233s      34ms   4644    Interface loaded
14:50:04.666     7,239s       6ms   4644    Set game seed: 566238637
14:50:04.870     7,444s     205ms   4644    Loading game ... done
14:50:04.877     7,451s       7ms   4644    After game loading
14:50:04.954     7,527s      76ms   4644    Game options: PT = 0; SpeedPT = 1; SpeedAfterPT = 1; Seed = 0; Difficulty = mdNone
14:50:04.960     7,534s       7ms   4644    After game loading ... done
14:50:14.267    16,841s    9307ms   4644    Issue gicGameAutoSave command at tick 72600
14:50:14.274    16,848s       7ms   4644    Saving game at tick 72600 to 'E:\programowanie\projekty delphi\kam_expansion\Saves\autosave\autosave.sav'
14:50:21.165    23,738s    6890ms   4644    Issue gicGameAutoSave command at tick 73200
14:50:21.181    23,755s      17ms   4644    Saving game at tick 73200 to 'E:\programowanie\projekty delphi\kam_expansion\Saves\autosave\autosave.sav'
14:50:43.888    46,461s   22706ms   4644    Saving dev settings to file 'kmr_dev.xml'
14:50:44.548    47,122s     661ms   4644    Stopping game application...
14:50:44.560    47,134s      12ms   4644    Gameplay ended - grSilent /
14:50:44.567    47,141s       7ms   4644    Start saving 'Server settings' to 'C:\Users\szyby\OneDrive\Dokumenty\My Games\Knights and Merchants Remake\KaM Remake Server Settings.ini'
00612b8c KaM_Expansion.exe KM_Settings        106 TKMSettings.SaveToDefaultFile
00612c5f KaM_Expansion.exe KM_Settings        113 TKMSettings.SaveToDefaultFile
00612898 KaM_Expansion.exe KM_Settings         65 TKMSettings.Destroy
00755bb6 KaM_Expansion.exe KM_ServerSettings  117 TKMServerSettings.Destroy
0007a764 KaM_Expansion.exe System              23 TObject.Free
00349814 KaM_Expansion.exe KromUtils          281 FreeThenNil
00822327 KaM_Expansion.exe KM_GameApp         330 TKMGameApp.Destroy
0007a764 KaM_Expansion.exe System              23 TObject.Free
00349814 KaM_Expansion.exe KromUtils          281 FreeThenNil
0082cfbd KaM_Expansion.exe KM_Main            376 TKMMain.Stop
0082d09c KaM_Expansion.exe KM_Main            405 TKMMain.Stop
00a96131 KaM_Expansion.exe KM_FormMain       2212 TFormMain.FormClose
002f36a7 KaM_Expansion.exe Vcl.Forms              TCustomForm.DoClose
002f9095 KaM_Expansion.exe Vcl.Forms              TCustomForm.Close
002f7cd4 KaM_Expansion.exe Vcl.Forms              TCustomForm.WMClose
00242cfa KaM_Expansion.exe Vcl.Controls           TControl.WndProc
00247ec1 KaM_Expansion.exe Vcl.Controls           TWinControl.WndProc
002f42e8 KaM_Expansion.exe Vcl.Forms              TCustomForm.WndProc
002f4303 KaM_Expansion.exe Vcl.Forms              TCustomForm.WndProc
00a95c1d KaM_Expansion.exe KM_FormMain       2051 TFormMain.WndProc

14:50:44.592    47,165s      24ms   4644    'Server settings' was successfully saved to 'C:\Users\szyby\OneDrive\Dokumenty\My Games\Knights and Merchants Remake\KaM Remake Server Settings.ini'
14:50:44.807    47,381s     216ms   4644    Start saving 'GameApp settings' to 'C:\Users\szyby\OneDrive\Dokumenty\My Games\Knights and Merchants Remake\KaM Remake Settings KingDyronMod.xml'
00612b8c KaM_Expansion.exe KM_Settings         106 TKMSettings.SaveToDefaultFile
00612c5f KaM_Expansion.exe KM_Settings         113 TKMSettings.SaveToDefaultFile
00612898 KaM_Expansion.exe KM_Settings          65 TKMSettings.Destroy
00612ff2 KaM_Expansion.exe KM_SettingsXML       44 TKMSettingsXML.Destroy
0061331e KaM_Expansion.exe KM_GameAppSettings   57 TKMGameAppSettings.Destroy
0007a764 KaM_Expansion.exe System               23 TObject.Free
00349814 KaM_Expansion.exe KromUtils           281 FreeThenNil
0082cfc7 KaM_Expansion.exe KM_Main             378 TKMMain.Stop
0082d09c KaM_Expansion.exe KM_Main             405 TKMMain.Stop
00a96131 KaM_Expansion.exe KM_FormMain        2212 TFormMain.FormClose
002f36a7 KaM_Expansion.exe Vcl.Forms               TCustomForm.DoClose
002f9095 KaM_Expansion.exe Vcl.Forms               TCustomForm.Close
002f7cd4 KaM_Expansion.exe Vcl.Forms               TCustomForm.WMClose
00242cfa KaM_Expansion.exe Vcl.Controls            TControl.WndProc
00247ec1 KaM_Expansion.exe Vcl.Controls            TWinControl.WndProc
002f42e8 KaM_Expansion.exe Vcl.Forms               TCustomForm.WndProc
002f4303 KaM_Expansion.exe Vcl.Forms               TCustomForm.WndProc
00a95c1d KaM_Expansion.exe KM_FormMain        2051 TFormMain.WndProc
002473cc KaM_Expansion.exe Vcl.Controls            TWinControl.MainWndProc
002473e7 KaM_Expansion.exe Vcl.Controls            TWinControl.MainWndProc

14:50:44.824    47,398s      17ms   4644    'GameApp settings' was successfully saved to 'C:\Users\szyby\OneDrive\Dokumenty\My Games\Knights and Merchants Remake\KaM Remake Settings KingDyronMod.xml'
