   Timestamp    Elapsed     Delta  Thread    Description
========================
    Date: 2024.12.29
========================
16:39:19.275     0,002s       2ms  15076    Log is up and running. Game version: KaM Expansion: Co-op & World Update
16:39:19.280     0,007s       5ms  15076    Game Load started
16:39:19.290     0,017s      10ms  15076    Start loading 'GameApp settings' from 'C:\Users\szyby\OneDrive\Dokumenty\My Games\Knights and Merchants Remake\KaM Remake Settings KingDyronMod.xml'
16:39:19.296     0,023s       6ms  15076    'GameApp settings' was successfully loaded from 'C:\Users\szyby\OneDrive\Dokumenty\My Games\Knights and Merchants Remake\KaM Remake Settings KingDyronMod.xml'
16:39:19.302     0,029s       5ms  15076    Start saving 'GameApp settings' to 'C:\Users\szyby\OneDrive\Dokumenty\My Games\Knights and Merchants Remake\KaM Remake Settings KingDyronMod.xml'
01282970 KaM_Expansion.exe KM_Settings        106 TKMSettings.SaveToDefaultFile
01282a43 KaM_Expansion.exe KM_Settings        113 TKMSettings.SaveToDefaultFile
01282641 KaM_Expansion.exe KM_Settings         59 TKMSettings.Create
01282d7e KaM_Expansion.exe KM_SettingsXML      38 TKMSettingsXML.Create
012830bf KaM_Expansion.exe KM_GameAppSettings  51 TKMGameAppSettings.Create
0149c4e4 KaM_Expansion.exe KM_Main            258 TKMMain.Start
0149c768 KaM_Expansion.exe KM_Main            305 TKMMain.Start
01719b2b KaM_Expansion.exe KaM_Expansion      479 initialization
01719b5a KaM_Expansion.exe KaM_Expansion      482 initialization
76867ba7 KERNEL32.DLL                             BaseThreadInitThunk

16:39:19.339     0,066s      37ms  15076    'GameApp settings' was successfully saved to 'C:\Users\szyby\OneDrive\Dokumenty\My Games\Knights and Merchants Remake\KaM Remake Settings KingDyronMod.xml'
16:39:19.364     0,091s      25ms  15076    Start loading 'Server settings' from 'C:\Users\szyby\OneDrive\Dokumenty\My Games\Knights and Merchants Remake\KaM Remake Server Settings.ini'
16:39:19.371     0,098s       7ms  15076    'Server settings' was successfully loaded from 'C:\Users\szyby\OneDrive\Dokumenty\My Games\Knights and Merchants Remake\KaM Remake Server Settings.ini'
16:39:19.378     0,105s       7ms  15076    Start saving 'Server settings' to 'C:\Users\szyby\OneDrive\Dokumenty\My Games\Knights and Merchants Remake\KaM Remake Server Settings.ini'
01282970 KaM_Expansion.exe KM_Settings       106 TKMSettings.SaveToDefaultFile
01282a43 KaM_Expansion.exe KM_Settings       113 TKMSettings.SaveToDefaultFile
01282641 KaM_Expansion.exe KM_Settings        59 TKMSettings.Create
013c575c KaM_Expansion.exe KM_ServerSettings 109 TKMServerSettings.Create
01491864 KaM_Expansion.exe KM_GameApp        213 TKMGameApp.Create
01491cb6 KaM_Expansion.exe KM_GameApp        295 TKMGameApp.Create
0149d78e KaM_Expansion.exe KM_Main           635 TKMMain.ReinitRender
0149d99a KaM_Expansion.exe KM_Main           689 TKMMain.ReinitRender
0149c5fa KaM_Expansion.exe KM_Main           281 TKMMain.Start
0149c768 KaM_Expansion.exe KM_Main           305 TKMMain.Start
01719b2b KaM_Expansion.exe KaM_Expansion     479 initialization
01719b5a KaM_Expansion.exe KaM_Expansion     482 initialization
76867ba7 KERNEL32.DLL                            BaseThreadInitThunk

16:39:19.392     0,119s      14ms  15076    'Server settings' was successfully saved to 'C:\Users\szyby\OneDrive\Dokumenty\My Games\Knights and Merchants Remake\KaM Remake Server Settings.ini'
16:39:19.398     0,126s       7ms  15076    Init Render started
16:39:19.536     0,263s     137ms  15076    GL_MAX_TEXTURE_SIZE = 32768
16:39:19.543     0,270s       7ms  15076    GL_MAX_VIEWPORT_DIM = 32768
                                      OpenGL Vendor: NVIDIA Corporation
                                      OpenGL Renderer: NVIDIA GeForce RTX 3060 Ti/PCIe/SSE2
                                      OpenGL Version: 4.6.0 NVIDIA 560.81
16:39:19.571     0,298s      28ms  15076    Init Render Done
16:39:19.578     0,305s       7ms  15076    Resource loading state - None
16:39:19.584     0,311s       6ms  15076    Reading palettes ... done
16:39:19.593     0,320s       9ms  15076    Reading GUI.rx
16:39:19.600     0,327s       7ms  15076    Load Sprites started
16:39:19.606     0,333s       6ms  15076    GUI - 966
16:39:19.630     0,357s      24ms  15076    Load Sprites Done
16:39:19.665     0,392s      35ms  15076    Reading GUIMain.rx
16:39:19.671     0,399s       7ms  15076    Load Sprites started
16:39:19.678     0,406s       7ms  15076    GUIMain - 105
16:39:19.729     0,456s      50ms  15076    Load Sprites Done
16:39:19.784     0,511s      55ms  15076    Reading Tileset.rx
16:39:19.792     0,519s       8ms  15076    Load Sprites started
16:39:19.802     0,529s      10ms  15076    Tileset - 5449
16:39:19.839     0,566s      37ms  15076    Load Sprites Done
16:39:19.849     0,576s      10ms  15076    GenerateTerrainTransitions started. Legacy = False
16:39:19.856     0,583s       7ms  15076    TexId = 5451 GenTilesCnt = 2100
16:39:19.864     0,591s       8ms  15076    TexId = 6051; TexId - fGenTexIdStartI = 600; uniqueTex = 600; totalTex = 1350
16:39:19.869     0,596s       5ms  15076    GeneratedMasks cnt = 20
16:39:19.876     0,603s       7ms  15076    GenerateTerrainTransitions Done
16:39:19.883     0,610s       7ms  15076    GenerateTerrainTransitions started. Legacy = True
16:39:19.889     0,616s       6ms  15076    Legacy: TexId = 4999 GenTilesCntTemp = 2030
16:39:19.895     0,622s       6ms  15076    TexId = 5463; TexId - fGenTexIdStartILegacy = 464; uniqueTex = 464; totalTex = 1044
16:39:19.901     0,629s       7ms  15076    GeneratedMasks cnt = 16
16:39:19.907     0,635s       6ms  15076    GenerateTerrainTransitions Done
16:39:20.027     0,754s     119ms  15076    Load font started
16:39:20.064     0,791s      37ms  15076    Font load took 36ms
16:39:20.071     0,798s       7ms  15076    Read fonts is done
16:39:20.089     0,816s      18ms  15076    ReadGFX is done
16:39:20.096     0,823s       7ms  15076    Resource loading state - Menu
16:39:20.104     0,831s       8ms   7288    OpenAL init started
16:39:20.789     1,516s     685ms  15076    Music init done, 24 tracks found
16:39:20.820     1,548s      32ms   7288    Pre-LoadSFX init ... done
16:39:20.827     1,555s       7ms   7288    ALC_MONO_SOURCES 255
16:39:20.835     1,563s       7ms   7288    ALC_STEREO_SOURCES 1
                                      Loading campaign images.rxx for HKS
16:39:20.852     1,579s      16ms  15076    Main menu init done
16:39:20.860     1,587s       8ms   7288    OpenAL init done
16:39:20.868     1,595s       8ms   6984    Custom - 1
16:39:20.880     1,607s      12ms  15076    Check game folder 'E:\programowanie\projekty delphi\kam_expansion\' generic permissions: READ: granted; WRITE: granted; EXECUTE: granted; folder is writable: 
16:39:20.888     1,615s       8ms  15076    LoadGameResources ... AlphaShadows: True. Forced: True
16:39:20.896     1,623s       8ms  15076    TKMResSprites.LoadGameResources
16:39:20.904     1,631s       8ms  15076    [AsyncGameResLoader Thread] Started
16:39:20.912     1,639s       8ms  15076    Resource loading state - Game
16:39:20.920     1,647s       8ms  15076    ToggleFullscreen
16:39:20.927     1,654s       7ms  15076    Form Width/Height: 1040:853
16:39:20.934     1,661s       7ms  15076    Panel Width/Height: 1024:814
16:39:20.942     1,669s       8ms   3348    [AsyncGameResLoader Thread] RT = rxTrees Stage = lsLoad
16:39:20.950     1,677s       8ms   3348    [AsyncGameResLoader Thread] Start Load RXX 'Trees.rxx'
16:39:20.957     1,684s       7ms   3348    Load Sprites started
16:39:20.967     1,695s      11ms   3348    Trees - 1216
                                      Loading campaign images.rxx for KSN
16:39:20.989     1,716s      21ms  15076    Saving dev settings to file 'kmr_dev.xml'
16:39:20.996     1,723s       7ms   6984    Custom - 1
16:39:21.074     1,801s      78ms  15076    Saving dev settings to file 'kmr_dev.xml'
16:39:21.085     1,812s      11ms  15076    Game Load Done in 1831
                                      Loading campaign images.rxx for KSO
16:39:21.118     1,845s      33ms   6984    Custom - 1
16:39:21.124     1,851s       6ms   3348    Load Sprites Done
                                      Loading campaign images.rxx for KSU
16:39:21.180     1,907s      56ms   6984    Custom - 1
                                      Loading campaign images.rxx for OFL
16:39:21.231     1,958s      51ms   6984    Custom - 1
16:39:21.237     1,964s       6ms   3348    [AsyncGameResLoader Thread] DONE Load RXX 'Trees.rxa'
16:39:21.252     1,979s      15ms  15076    [AsyncGameResLoader MainTh] [UpdateStateIdle] GenTextures RT = rxTrees Stage = lsGenMain
16:39:21.264     1,991s      12ms  15076    [AsyncGameResLoader MainTh] [UpdateStateIdle] DONE
16:39:21.271     1,998s       6ms   3348    [AsyncGameResLoader Thread] RT = rxTrees Stage = lsOverload
16:39:21.277     2,004s       6ms   3348    [AsyncGameResLoader Thread] OverloadFromFolder RT = rxTrees
                                      Loading campaign images.rxx for OER
16:39:21.291     2,018s      14ms   3348    [AsyncGameResLoader Thread] DONE OverloadFromFolder RT = rxTrees
16:39:21.298     2,025s       6ms   6984    Custom - 1
16:39:21.304     2,031s       6ms  15076    [AsyncGameResLoader MainTh] [UpdateStateIdle] GenTextures RT = rxTrees Stage = lsGenOverload
16:39:21.311     2,039s       8ms  15076    [AsyncGameResLoader MainTh] [UpdateStateIdle] DONE
16:39:21.318     2,046s       7ms   3348    [AsyncGameResLoader Thread] RT = rxHouses Stage = lsLoad
16:39:21.325     2,052s       6ms   3348    [AsyncGameResLoader Thread] Start Load RXX 'Houses.rxx'
16:39:21.331     2,058s       6ms   3348    Load Sprites started
                                      Loading campaign images.rxx for TBK
16:39:21.345     2,072s      14ms   3348    Houses - 2709
16:39:21.351     2,078s       6ms   6984    Custom - 1
                                      Loading campaign images.rxx for TPR
16:39:21.420     2,147s      69ms   6984    Custom - 1
16:39:21.450     2,178s      31ms   3348    Load Sprites Done
                                      Loading campaign images.rxx for TSK
16:39:21.468     2,195s      17ms   6984    Custom - 1
                                      Loading campaign images.rxx for TUA
16:39:21.509     2,236s      40ms   6984    Custom - 1
16:39:21.612     2,340s     104ms   3348    [AsyncGameResLoader Thread] DONE Load RXX 'Houses.rxa'
16:39:21.626     2,353s      13ms  15076    [AsyncGameResLoader MainTh] [UpdateStateIdle] GenTextures RT = rxHouses Stage = lsGenMain
16:39:21.648     2,375s      22ms  15076    [AsyncGameResLoader MainTh] [UpdateStateIdle] DONE
16:39:21.661     2,388s      13ms   3348    [AsyncGameResLoader Thread] RT = rxHouses Stage = lsOverload
16:39:21.669     2,396s       8ms   3348    [AsyncGameResLoader Thread] OverloadFromFolder RT = rxHouses
                                      Loading campaign images.rxx for TMR
16:39:21.710     2,437s      41ms   6984    Custom - 1
16:39:21.722     2,449s      12ms   3348    [AsyncGameResLoader Thread] DONE OverloadFromFolder RT = rxHouses
16:39:21.731     2,458s       9ms  15076    [AsyncGameResLoader MainTh] [UpdateStateIdle] GenTextures RT = rxHouses Stage = lsGenOverload
16:39:21.737     2,464s       6ms  15076    [AsyncGameResLoader MainTh] [UpdateStateIdle] DONE
16:39:21.746     2,473s       9ms   3348    [AsyncGameResLoader Thread] RT = rxUnits Stage = lsLoad
16:39:21.753     2,480s       6ms   3348    [AsyncGameResLoader Thread] Start Load RXX 'Units.rxx'
16:39:21.761     2,488s       8ms   3348    Load Sprites started
16:39:21.769     2,496s       8ms   3348    Units - 14845
16:39:22.345     3,072s     576ms   3348    Load Sprites Done
                                      Loading campaign images.rxx for HKS
16:39:22.449     3,176s     104ms   8244    Custom - 1
                                      Loading campaign images.rxx for KSN
16:39:22.549     3,276s     100ms   8244    Custom - 1
                                      Loading campaign images.rxx for KSO
16:39:22.609     3,336s      60ms   8244    Custom - 1
                                      Loading campaign images.rxx for KSU
16:39:22.669     3,396s      60ms   8244    Custom - 1
                                      Loading campaign images.rxx for OFL
16:39:22.717     3,444s      48ms   8244    Custom - 1
                                      Loading campaign images.rxx for OER
16:39:22.757     3,485s      41ms   8244    Custom - 1
                                      Loading campaign images.rxx for TBK
16:39:22.792     3,519s      34ms   8244    Custom - 1
                                      Loading campaign images.rxx for TPR
16:39:22.849     3,576s      57ms   8244    Custom - 1
                                      Loading campaign images.rxx for TSK
16:39:22.887     3,615s      39ms   8244    Custom - 1
                                      Loading campaign images.rxx for TUA
16:39:22.923     3,650s      35ms   8244    Custom - 1
                                      Loading campaign images.rxx for TMR
16:39:23.080     3,808s     158ms   8244    Custom - 1
16:39:23.174     3,901s      93ms  15076    LoadGameResources ... AlphaShadows: True. Forced: False
16:39:23.183     3,910s       9ms  15076    TKMResSprites.LoadGameResources
16:39:23.481     4,209s     299ms   3348    [AsyncGameResLoader Thread] DONE Load RXX 'Units.rxa'
16:39:23.487     4,215s       6ms  15076    [AsyncGameResLoader MainTh] [LoadGameResources] GenTextures RT = rxUnits Stage = lsGenMain
16:39:23.550     4,277s      62ms  15076    [AsyncGameResLoader MainTh] [LoadGameResources] DONE
16:39:23.557     4,284s       7ms   3348    [AsyncGameResLoader Thread] RT = rxUnits Stage = lsOverload
16:39:23.564     4,291s       7ms   3348    [AsyncGameResLoader Thread] OverloadFromFolder RT = rxUnits
16:39:23.569     4,296s       5ms   3348    [AsyncGameResLoader Thread] DONE OverloadFromFolder RT = rxUnits
16:39:23.575     4,302s       6ms  15076    [AsyncGameResLoader MainTh] [LoadGameResources] GenTextures RT = rxUnits Stage = lsGenOverload
16:39:23.610     4,337s      35ms  15076    [AsyncGameResLoader Thread] Stopped
16:39:23.617     4,344s       7ms  15076    [AsyncGameResLoader MainTh] [LoadGameResources] DONE
16:39:23.623     4,350s       6ms  15076    Resource loading state - Game
16:39:23.630     4,357s       7ms  15076    Saving dev settings to file 'kmr_dev.xml'
16:39:23.667     4,394s      37ms  15076    <== Game creation is done ==>
16:39:23.674     4,401s       7ms  15076    GameStart
16:39:23.680     4,408s       7ms  15076    Loading DAT file: E:\programowanie\projekty delphi\kam_expansion\Maps\Nowa Misja 2\Nowa Misja 2.dat
16:39:23.687     4,415s       7ms  15076    Loading map file: E:\programowanie\projekty delphi\kam_expansion\Maps\Nowa Misja 2\Nowa Misja 2.map
16:39:23.693     4,420s       5ms  15076    Map file loaded
16:39:23.869     4,596s     176ms  15076    Gameplay recording initialized ... done
16:39:23.876     4,603s       7ms  15076    Game options: PT = 0; SpeedPT = 1; SpeedAfterPT = 1; Seed = 0; Difficulty = mdNone
16:39:23.882     4,609s       6ms  15076    Gameplay initialized ... done
16:39:23.895     4,622s      12ms  15076    After game start
16:39:23.901     4,628s       6ms  15076    Set game seed: 885161851
16:39:23.907     4,634s       6ms  15076    After game start ... done
16:39:42.267    22,995s   18361ms  15076    Saving from map editor: E:\programowanie\projekty delphi\kam_expansion\Maps\Nowa Misja 2\Nowa Misja 2.dat
16:39:42.485    23,212s     217ms  15076    LoadGameResources ... AlphaShadows: True. Forced: False
16:39:42.492    23,219s       7ms  15076    Resource loading state - Game
16:39:42.508    23,235s      16ms  15076    Saving dev settings to file 'kmr_dev.xml'
16:39:42.579    23,306s      71ms  15076    <== Game creation is done ==>
16:39:42.586    23,313s       7ms  15076    GameStart
16:39:42.592    23,319s       6ms  15076    Loading DAT file: E:\programowanie\projekty delphi\kam_expansion\Maps\Nowa Misja 2\Nowa Misja 2.dat
16:39:42.597    23,325s       6ms  15076    Loading map file: E:\programowanie\projekty delphi\kam_expansion\Maps\Nowa Misja 2\Nowa Misja 2.map
16:39:42.604    23,331s       6ms  15076    Map file loaded
16:39:42.610    23,338s       7ms  15076    Gameplay recording initialized ... done
16:39:42.616    23,344s       6ms  15076    Game options: PT = 0; SpeedPT = 1; SpeedAfterPT = 1; Seed = 0; Difficulty = mdNone
16:39:42.621    23,349s       5ms  15076    Gameplay initialized ... done
16:39:42.627    23,355s       5ms  15076    After game start
16:39:42.633    23,360s       5ms  15076    Set game seed: 694430570
16:39:42.639    23,366s       6ms  15076    Saving game at tick 0 to 'E:\programowanie\projekty delphi\kam_expansion\Saves\basesave\basesave.bas'
16:39:42.646    23,373s       6ms  15076    After game start ... done
16:39:48.678    29,405s    6032ms  15076    Issue gicGameAutoSave command at tick 600
16:39:48.689    29,416s      11ms  15076    Saving game at tick 600 to 'E:\programowanie\projekty delphi\kam_expansion\Saves\autosave\autosave.sav'
16:39:50.362    31,089s    1673ms  15076    Issue gicGameAutoSave command at tick 1200
16:39:50.369    31,096s       7ms  15076    Saving game at tick 1200 to 'E:\programowanie\projekty delphi\kam_expansion\Saves\autosave\autosave.sav'
16:39:51.360    32,087s     991ms  15076    Issue gicGameAutoSave command at tick 1800
16:39:51.366    32,093s       6ms  15076    Saving game at tick 1800 to 'E:\programowanie\projekty delphi\kam_expansion\Saves\autosave\autosave.sav'
16:40:13.925    54,652s   22558ms  15076    Issue gicGameAutoSave command at tick 2400
16:40:13.933    54,660s       7ms  15076    Saving game at tick 2400 to 'E:\programowanie\projekty delphi\kam_expansion\Saves\autosave\autosave.sav'
16:40:25.203    65,930s   11270ms  15076    Saving dev settings to file 'kmr_dev.xml'
16:40:26.043    66,770s     840ms  15076    Stopping game application...
16:40:26.049    66,776s       6ms  15076    Gameplay ended - grSilent /
16:40:26.056    66,783s       7ms  15076    Start saving 'Server settings' to 'C:\Users\szyby\OneDrive\Dokumenty\My Games\Knights and Merchants Remake\KaM Remake Server Settings.ini'
01282970 KaM_Expansion.exe KM_Settings        106 TKMSettings.SaveToDefaultFile
01282a43 KaM_Expansion.exe KM_Settings        113 TKMSettings.SaveToDefaultFile
0128267c KaM_Expansion.exe KM_Settings         65 TKMSettings.Destroy
013c57a2 KaM_Expansion.exe KM_ServerSettings  117 TKMServerSettings.Destroy
00cea764 KaM_Expansion.exe System              23 TObject.Free
00fb980c KaM_Expansion.exe KromUtils          281 FreeThenNil
01491f13 KaM_Expansion.exe KM_GameApp         330 TKMGameApp.Destroy
00cea764 KaM_Expansion.exe System              23 TObject.Free
00fb980c KaM_Expansion.exe KromUtils          281 FreeThenNil
0149cba9 KaM_Expansion.exe KM_Main            376 TKMMain.Stop
0149cc88 KaM_Expansion.exe KM_Main            405 TKMMain.Stop
01704aed KaM_Expansion.exe KM_FormMain       2212 TFormMain.FormClose
00f636a7 KaM_Expansion.exe Vcl.Forms              TCustomForm.DoClose
00f69095 KaM_Expansion.exe Vcl.Forms              TCustomForm.Close
00f67cd4 KaM_Expansion.exe Vcl.Forms              TCustomForm.WMClose
00eb2cfa KaM_Expansion.exe Vcl.Controls           TControl.WndProc
00eb7ec1 KaM_Expansion.exe Vcl.Controls           TWinControl.WndProc
00f642e8 KaM_Expansion.exe Vcl.Forms              TCustomForm.WndProc
00f64303 KaM_Expansion.exe Vcl.Forms              TCustomForm.WndProc
017045d9 KaM_Expansion.exe KM_FormMain       2051 TFormMain.WndProc

16:40:26.079    66,806s      23ms  15076    'Server settings' was successfully saved to 'C:\Users\szyby\OneDrive\Dokumenty\My Games\Knights and Merchants Remake\KaM Remake Server Settings.ini'
16:40:26.295    67,022s     216ms  15076    Start saving 'GameApp settings' to 'C:\Users\szyby\OneDrive\Dokumenty\My Games\Knights and Merchants Remake\KaM Remake Settings KingDyronMod.xml'
01282970 KaM_Expansion.exe KM_Settings         106 TKMSettings.SaveToDefaultFile
01282a43 KaM_Expansion.exe KM_Settings         113 TKMSettings.SaveToDefaultFile
0128267c KaM_Expansion.exe KM_Settings          65 TKMSettings.Destroy
01282dd6 KaM_Expansion.exe KM_SettingsXML       44 TKMSettingsXML.Destroy
01283102 KaM_Expansion.exe KM_GameAppSettings   57 TKMGameAppSettings.Destroy
00cea764 KaM_Expansion.exe System               23 TObject.Free
00fb980c KaM_Expansion.exe KromUtils           281 FreeThenNil
0149cbb3 KaM_Expansion.exe KM_Main             378 TKMMain.Stop
0149cc88 KaM_Expansion.exe KM_Main             405 TKMMain.Stop
01704aed KaM_Expansion.exe KM_FormMain        2212 TFormMain.FormClose
00f636a7 KaM_Expansion.exe Vcl.Forms               TCustomForm.DoClose
00f69095 KaM_Expansion.exe Vcl.Forms               TCustomForm.Close
00f67cd4 KaM_Expansion.exe Vcl.Forms               TCustomForm.WMClose
00eb2cfa KaM_Expansion.exe Vcl.Controls            TControl.WndProc
00eb7ec1 KaM_Expansion.exe Vcl.Controls            TWinControl.WndProc
00f642e8 KaM_Expansion.exe Vcl.Forms               TCustomForm.WndProc
00f64303 KaM_Expansion.exe Vcl.Forms               TCustomForm.WndProc
017045d9 KaM_Expansion.exe KM_FormMain        2051 TFormMain.WndProc
00eb73cc KaM_Expansion.exe Vcl.Controls            TWinControl.MainWndProc
00eb73e7 KaM_Expansion.exe Vcl.Controls            TWinControl.MainWndProc

16:40:26.310    67,037s      15ms  15076    'GameApp settings' was successfully saved to 'C:\Users\szyby\OneDrive\Dokumenty\My Games\Knights and Merchants Remake\KaM Remake Settings KingDyronMod.xml'
