   Timestamp    Elapsed     Delta  Thread    Description
========================
    Date: 2025.01.05
========================
18:16:52.941     0,001s       1ms  21220    Log is up and running. Game version: KaM Expansion: Co-op & World Update
18:16:52.947     0,007s       6ms  21220    Game Load started
18:16:52.958     0,018s      11ms  21220    Start loading 'GameApp settings' from 'C:\Users\szyby\OneDrive\Dokumenty\My Games\Knights and Merchants Remake\KaM Remake Settings KingDyronMod.xml'
18:16:52.964     0,024s       6ms  21220    'GameApp settings' was successfully loaded from 'C:\Users\szyby\OneDrive\Dokumenty\My Games\Knights and Merchants Remake\KaM Remake Settings KingDyronMod.xml'
18:16:52.980     0,040s       5ms  21220    Start saving 'GameApp settings' to 'C:\Users\szyby\OneDrive\Dokumenty\My Games\Knights and Merchants Remake\KaM Remake Settings KingDyronMod.xml'
00ee8298 KaM_Expansion.exe KM_Settings        106 TKMSettings.SaveToDefaultFile
00ee836b KaM_Expansion.exe KM_Settings        113 TKMSettings.SaveToDefaultFile
00ee7f69 KaM_Expansion.exe KM_Settings         59 TKMSettings.Create
00ee86a6 KaM_Expansion.exe KM_SettingsXML      38 TKMSettingsXML.Create
00ee89e7 KaM_Expansion.exe KM_GameAppSettings  51 TKMGameAppSettings.Create
010fc87c KaM_Expansion.exe KM_Main            258 TKMMain.Start
010fcaeb KaM_Expansion.exe KM_Main            305 TKMMain.Start
0137db2b KaM_Expansion.exe KaM_Expansion      480 initialization
0137db5a KaM_Expansion.exe KaM_Expansion      483 initialization
76c97ba7 KERNEL32.DLL                             BaseThreadInitThunk

18:16:53.019     0,079s      39ms  21220    'GameApp settings' was successfully saved to 'C:\Users\szyby\OneDrive\Dokumenty\My Games\Knights and Merchants Remake\KaM Remake Settings KingDyronMod.xml'
18:16:53.046     0,106s      27ms  21220    Start loading 'Server settings' from 'C:\Users\szyby\OneDrive\Dokumenty\My Games\Knights and Merchants Remake\KaM Remake Server Settings.ini'
18:16:53.054     0,114s       8ms  21220    'Server settings' was successfully loaded from 'C:\Users\szyby\OneDrive\Dokumenty\My Games\Knights and Merchants Remake\KaM Remake Server Settings.ini'
18:16:53.060     0,120s       6ms  21220    Start saving 'Server settings' to 'C:\Users\szyby\OneDrive\Dokumenty\My Games\Knights and Merchants Remake\KaM Remake Server Settings.ini'
00ee8298 KaM_Expansion.exe KM_Settings       106 TKMSettings.SaveToDefaultFile
00ee836b KaM_Expansion.exe KM_Settings       113 TKMSettings.SaveToDefaultFile
00ee7f69 KaM_Expansion.exe KM_Settings        59 TKMSettings.Create
01025b28 KaM_Expansion.exe KM_ServerSettings 109 TKMServerSettings.Create
010f1c30 KaM_Expansion.exe KM_GameApp        213 TKMGameApp.Create
010f2082 KaM_Expansion.exe KM_GameApp        295 TKMGameApp.Create
010fdaf2 KaM_Expansion.exe KM_Main           635 TKMMain.ReinitRender
010fdcfe KaM_Expansion.exe KM_Main           689 TKMMain.ReinitRender
010fc992 KaM_Expansion.exe KM_Main           281 TKMMain.Start
010fcaeb KaM_Expansion.exe KM_Main           305 TKMMain.Start
0137db2b KaM_Expansion.exe KaM_Expansion     480 initialization
0137db5a KaM_Expansion.exe KaM_Expansion     483 initialization
76c97ba7 KERNEL32.DLL                            BaseThreadInitThunk

18:16:53.074     0,134s      14ms  21220    'Server settings' was successfully saved to 'C:\Users\szyby\OneDrive\Dokumenty\My Games\Knights and Merchants Remake\KaM Remake Server Settings.ini'
18:16:53.080     0,140s       6ms  21220    Init Render started
18:16:53.221     0,280s     140ms  21220    GL_MAX_TEXTURE_SIZE = 32768
18:16:53.227     0,287s       7ms  21220    GL_MAX_VIEWPORT_DIM = 32768
                                      OpenGL Vendor: NVIDIA Corporation
                                      OpenGL Renderer: NVIDIA GeForce RTX 3060 Ti/PCIe/SSE2
                                      OpenGL Version: 4.6.0 NVIDIA 560.94
18:16:53.254     0,313s      26ms  21220    Init Render Done
18:16:53.260     0,319s       6ms  21220    Resource loading state - None
18:16:53.267     0,326s       7ms  21220    Reading palettes ... done
18:16:53.276     0,336s       9ms  21220    Reading GUI.rx
18:16:53.283     0,342s       6ms  21220    Load Sprites started
18:16:53.290     0,349s       7ms  21220    GUI - 966
18:16:53.311     0,371s      22ms  21220    Load Sprites Done
18:16:53.347     0,407s      36ms  21220    Reading GUIMain.rx
18:16:53.355     0,414s       7ms  21220    Load Sprites started
18:16:53.361     0,420s       6ms  21220    GUIMain - 105
18:16:53.412     0,472s      52ms  21220    Load Sprites Done
18:16:53.465     0,525s      53ms  21220    Reading Tileset.rx
18:16:53.472     0,532s       7ms  21220    Load Sprites started
18:16:53.478     0,538s       6ms  21220    Tileset - 5449
18:16:53.516     0,576s      38ms  21220    Load Sprites Done
18:16:53.524     0,584s       8ms  21220    GenerateTerrainTransitions started. Legacy = False
18:16:53.530     0,590s       6ms  21220    TexId = 5451 GenTilesCnt = 2100
18:16:53.538     0,597s       7ms  21220    TexId = 6051; TexId - fGenTexIdStartI = 600; uniqueTex = 600; totalTex = 1350
18:16:53.543     0,603s       6ms  21220    GeneratedMasks cnt = 20
18:16:53.550     0,610s       7ms  21220    GenerateTerrainTransitions Done
18:16:53.556     0,616s       6ms  21220    GenerateTerrainTransitions started. Legacy = True
18:16:53.562     0,622s       6ms  21220    Legacy: TexId = 4999 GenTilesCntTemp = 2030
18:16:53.568     0,628s       6ms  21220    TexId = 5463; TexId - fGenTexIdStartILegacy = 464; uniqueTex = 464; totalTex = 1044
18:16:53.575     0,635s       7ms  21220    GeneratedMasks cnt = 16
18:16:53.581     0,641s       6ms  21220    GenerateTerrainTransitions Done
18:16:53.691     0,751s     110ms  21220    Load font started
18:16:53.728     0,788s      37ms  21220    Font load took 37ms
18:16:53.735     0,795s       7ms  21220    Read fonts is done
18:16:53.752     0,812s      16ms  21220    ReadGFX is done
18:16:53.759     0,819s       7ms  21220    Resource loading state - Menu
18:16:53.766     0,826s       7ms  21412    OpenAL init started
18:16:54.388     1,448s     622ms  21220    Music init done, 24 tracks found
                                      Loading campaign images.rxx for HKS
18:16:54.412     1,472s      24ms  15636    Custom - 1
18:16:54.420     1,480s       8ms  21412    Pre-LoadSFX init ... done
18:16:54.427     1,487s       7ms  21412    ALC_MONO_SOURCES 255
18:16:54.433     1,493s       6ms  21412    ALC_STEREO_SOURCES 1
18:16:54.440     1,500s       7ms  21220    Main menu init done
18:16:54.447     1,507s       7ms  21412    OpenAL init done
18:16:54.469     1,529s      22ms  21220    Check game folder 'E:\programowanie\projekty delphi\kam_expansion\' generic permissions: READ: granted; WRITE: granted; EXECUTE: granted; folder is writable: 
18:16:54.477     1,536s       7ms  21220    LoadGameResources ... AlphaShadows: True. Forced: True
18:16:54.483     1,543s       7ms  21220    TKMResSprites.LoadGameResources
18:16:54.489     1,549s       6ms  21220    [AsyncGameResLoader Thread] Started
18:16:54.496     1,555s       5ms  21220    Resource loading state - Game
18:16:54.503     1,562s       7ms  21220    ToggleFullscreen
18:16:54.509     1,569s       7ms  21220    Form Width/Height: 1040:782
18:16:54.516     1,575s       6ms  21220    Panel Width/Height: 1024:743
18:16:54.523     1,583s       8ms   4164    [AsyncGameResLoader Thread] RT = rxTrees Stage = lsLoad
18:16:54.530     1,590s       7ms   4164    [AsyncGameResLoader Thread] Start Load RXX 'Trees.rxx'
18:16:54.537     1,596s       6ms   4164    Load Sprites started
18:16:54.545     1,605s       9ms   4164    Trees - 1216
                                      Loading campaign images.rxx for KSN
18:16:54.561     1,621s      16ms  15636    Custom - 1
18:16:54.572     1,632s      11ms  21220    Saving dev settings to file 'kmr_dev.xml'
18:16:54.610     1,670s      38ms  21220    Saving dev settings to file 'kmr_dev.xml'
18:16:54.623     1,683s      13ms  21220    Game Load Done in 1715
                                      Loading campaign images.rxx for KSO
18:16:54.659     1,718s      35ms  15636    Custom - 1
18:16:54.678     1,737s      19ms   4164    Load Sprites Done
                                      Loading campaign images.rxx for KSU
18:16:54.717     1,776s      39ms  15636    Custom - 1
                                      Loading campaign images.rxx for OFL
18:16:54.767     1,827s      51ms  15636    Custom - 1
18:16:54.774     1,834s       6ms   4164    [AsyncGameResLoader Thread] DONE Load RXX 'Trees.rxa'
18:16:54.789     1,849s      15ms  21220    [AsyncGameResLoader MainTh] [UpdateStateIdle] GenTextures RT = rxTrees Stage = lsGenMain
18:16:54.800     1,860s      11ms  21220    [AsyncGameResLoader MainTh] [UpdateStateIdle] DONE
18:16:54.808     1,868s       8ms   4164    [AsyncGameResLoader Thread] RT = rxTrees Stage = lsOverload
18:16:54.813     1,873s       5ms   4164    [AsyncGameResLoader Thread] OverloadFromFolder RT = rxTrees
                                      Loading campaign images.rxx for OER
18:16:54.827     1,887s      14ms  15636    Custom - 1
18:16:54.833     1,893s       6ms   4164    [AsyncGameResLoader Thread] DONE OverloadFromFolder RT = rxTrees
18:16:54.840     1,900s       6ms  21220    [AsyncGameResLoader MainTh] [UpdateStateIdle] GenTextures RT = rxTrees Stage = lsGenOverload
18:16:54.846     1,906s       6ms  21220    [AsyncGameResLoader MainTh] [UpdateStateIdle] DONE
18:16:54.853     1,913s       7ms   4164    [AsyncGameResLoader Thread] RT = rxHouses Stage = lsLoad
18:16:54.859     1,919s       6ms   4164    [AsyncGameResLoader Thread] Start Load RXX 'Houses.rxx'
18:16:54.866     1,926s       7ms   4164    Load Sprites started
                                      Loading campaign images.rxx for TBK
18:16:54.878     1,938s      12ms   4164    Houses - 2709
18:16:54.886     1,946s       7ms  15636    Custom - 1
                                      Loading campaign images.rxx for TPR
18:16:54.937     1,997s      51ms  15636    Custom - 1
                                      Loading campaign images.rxx for TSK
18:16:54.978     2,038s      40ms  15636    Custom - 1
                                      Loading campaign images.rxx for TUA
18:16:55.014     2,074s      36ms  15636    Custom - 1
18:16:55.062     2,121s      47ms   4164    Load Sprites Done
                                      Loading campaign images.rxx for TMR
18:16:55.175     2,234s     113ms  15636    Custom - 1
18:16:55.223     2,283s      49ms   4164    [AsyncGameResLoader Thread] DONE Load RXX 'Houses.rxa'
18:16:55.237     2,297s      14ms  21220    [AsyncGameResLoader MainTh] [UpdateStateIdle] GenTextures RT = rxHouses Stage = lsGenMain
18:16:55.254     2,314s      17ms  21220    [AsyncGameResLoader MainTh] [UpdateStateIdle] DONE
18:16:55.261     2,321s       7ms   4164    [AsyncGameResLoader Thread] RT = rxHouses Stage = lsOverload
18:16:55.269     2,328s       7ms   4164    [AsyncGameResLoader Thread] OverloadFromFolder RT = rxHouses
18:16:55.377     2,437s     109ms   4164    [AsyncGameResLoader Thread] DONE OverloadFromFolder RT = rxHouses
18:16:55.385     2,444s       7ms  21220    [AsyncGameResLoader MainTh] [UpdateStateIdle] GenTextures RT = rxHouses Stage = lsGenOverload
18:16:55.391     2,450s       6ms  21220    [AsyncGameResLoader MainTh] [UpdateStateIdle] DONE
18:16:55.398     2,458s       8ms   4164    [AsyncGameResLoader Thread] RT = rxUnits Stage = lsLoad
18:16:55.405     2,464s       6ms   4164    [AsyncGameResLoader Thread] Start Load RXX 'Units.rxx'
18:16:55.411     2,470s       6ms   4164    Load Sprites started
18:16:55.418     2,478s       8ms   4164    Units - 14845
18:16:56.294     3,353s     875ms   4164    Load Sprites Done
18:16:57.467     4,527s    1174ms   4164    [AsyncGameResLoader Thread] DONE Load RXX 'Units.rxa'
18:16:57.483     4,543s      16ms  21220    [AsyncGameResLoader MainTh] [UpdateStateIdle] GenTextures RT = rxUnits Stage = lsGenMain
18:16:57.560     4,619s      76ms  21220    [AsyncGameResLoader MainTh] [UpdateStateIdle] DONE
18:16:57.568     4,628s       9ms   4164    [AsyncGameResLoader Thread] RT = rxUnits Stage = lsOverload
18:16:57.575     4,634s       6ms   4164    [AsyncGameResLoader Thread] OverloadFromFolder RT = rxUnits
18:16:57.920     4,980s     346ms   4164    [AsyncGameResLoader Thread] DONE OverloadFromFolder RT = rxUnits
18:16:57.938     4,997s      17ms  21220    [AsyncGameResLoader MainTh] [UpdateStateIdle] GenTextures RT = rxUnits Stage = lsGenOverload
18:16:57.944     5,004s       7ms  21220    [AsyncGameResLoader Thread] Stopped
18:16:57.950     5,010s       6ms  21220    [AsyncGameResLoader MainTh] [UpdateStateIdle] DONE
18:17:02.366     9,426s    4416ms  21220    LoadGameResources ... AlphaShadows: True. Forced: False
18:17:02.372     9,432s       6ms  21220    Resource loading state - Game
18:17:02.398     9,458s      26ms  21220    Saving dev settings to file 'kmr_dev.xml'
18:17:02.456     9,516s      57ms  21220    <== Game creation is done ==>
18:17:02.464     9,524s       8ms  21220    GameStart
18:17:02.471     9,531s       7ms  21220    Loading DAT file: E:\programowanie\projekty delphi\kam_expansion\Maps\4.Wzmocnienie\4.Wzmocnienie.dat
18:17:02.478     9,537s       6ms  21220    Loading map file: E:\programowanie\projekty delphi\kam_expansion\Maps\4.Wzmocnienie\4.Wzmocnienie.map
18:17:02.483     9,543s       6ms  21220    Map file loaded
18:17:02.501     9,561s      18ms  21220    Script: Script compile hints: 
[Hint] Variable 'RESOURCESTOGATHER' never used in 'E:\programowanie\projekty delphi\kam_expansion\Maps\4.Wzmocnienie\4.Wzmocnienie.script' at [14:2]
18:17:02.507     9,567s       6ms  21220    Gameplay recording initialized ... done
18:17:02.514     9,574s       7ms  21220    Game options: PT = 0; SpeedPT = 1; SpeedAfterPT = 1; Seed = 0; Difficulty = mdNone
18:17:02.520     9,580s       6ms  21220    Gameplay initialized ... done
18:17:02.525     9,585s       5ms  21220    After game start
18:17:02.531     9,591s       6ms  21220    Set game seed: 1901519672
18:17:02.539     9,598s       6ms  21220    Saving game at tick 0 to 'E:\programowanie\projekty delphi\kam_expansion\Saves\basesave\basesave.bas'
18:17:02.545     9,605s       7ms  21220    After game start ... done
18:17:34.905    41,965s   32359ms  21220    Gameplay ended - grCancel /
18:17:40.283    47,343s    5378ms  21220    LoadGameResources ... AlphaShadows: True. Forced: False
18:17:40.295    47,355s      12ms  21220    Resource loading state - Game
18:17:40.316    47,375s      20ms  21220    Saving dev settings to file 'kmr_dev.xml'
18:17:40.373    47,432s      57ms  21220    <== Game creation is done ==>
18:17:40.379    47,439s       7ms  21220    GameStart
18:17:40.386    47,445s       6ms  21220    Loading DAT file: E:\programowanie\projekty delphi\kam_expansion\Maps\1.Basics\1.Basics.dat
18:17:40.392    47,451s       6ms  21220    Loading map file: E:\programowanie\projekty delphi\kam_expansion\Maps\1.Basics\1.Basics.map
18:17:40.397    47,457s       6ms  21220    Map file loaded
18:17:40.409    47,469s      12ms  21220    Gameplay recording initialized ... done
18:17:40.415    47,475s       6ms  21220    Game options: PT = 0; SpeedPT = 1; SpeedAfterPT = 1; Seed = 0; Difficulty = mdNone
18:17:40.422    47,482s       7ms  21220    Gameplay initialized ... done
18:17:40.428    47,488s       6ms  21220    After game start
18:17:40.434    47,494s       6ms  21220    Set game seed: 2033732926
18:17:40.440    47,500s       6ms  21220    Saving game at tick 0 to 'E:\programowanie\projekty delphi\kam_expansion\Saves\basesave\basesave.bas'
18:17:40.448    47,508s       8ms  21220    After game start ... done
18:17:47.237    54,297s    6789ms  21220    Gameplay ended - grCancel /
18:27:42.602   649,662s  595365ms  21220    Saving dev settings to file 'kmr_dev.xml'
18:27:42.611   649,671s       9ms  21220    Stopping game application...
18:27:42.618   649,677s       6ms  21220    Start saving 'Server settings' to 'C:\Users\szyby\OneDrive\Dokumenty\My Games\Knights and Merchants Remake\KaM Remake Server Settings.ini'
00ee8298 KaM_Expansion.exe KM_Settings        106 TKMSettings.SaveToDefaultFile
00ee836b KaM_Expansion.exe KM_Settings        113 TKMSettings.SaveToDefaultFile
00ee7fa4 KaM_Expansion.exe KM_Settings         65 TKMSettings.Destroy
01025b6e KaM_Expansion.exe KM_ServerSettings  117 TKMServerSettings.Destroy
0094a764 KaM_Expansion.exe System              23 TObject.Free
00c18fbc KaM_Expansion.exe KromUtils          281 FreeThenNil
010f22df KaM_Expansion.exe KM_GameApp         330 TKMGameApp.Destroy
0094a764 KaM_Expansion.exe System              23 TObject.Free
00c18fbc KaM_Expansion.exe KromUtils          281 FreeThenNil
010fcf0d KaM_Expansion.exe KM_Main            376 TKMMain.Stop
010fcfec KaM_Expansion.exe KM_Main            405 TKMMain.Stop
01368295 KaM_Expansion.exe KM_FormMain       2212 TFormMain.FormClose
00bc2df7 KaM_Expansion.exe Vcl.Forms              TCustomForm.DoClose
00bc87e5 KaM_Expansion.exe Vcl.Forms              TCustomForm.Close
00bc7424 KaM_Expansion.exe Vcl.Forms              TCustomForm.WMClose
00b12cfa KaM_Expansion.exe Vcl.Controls           TControl.WndProc
00b17ec1 KaM_Expansion.exe Vcl.Controls           TWinControl.WndProc
00bc3a38 KaM_Expansion.exe Vcl.Forms              TCustomForm.WndProc
00bc3a53 KaM_Expansion.exe Vcl.Forms              TCustomForm.WndProc
01367d81 KaM_Expansion.exe KM_FormMain       2051 TFormMain.WndProc

18:27:42.640   649,699s      22ms  21220    'Server settings' was successfully saved to 'C:\Users\szyby\OneDrive\Dokumenty\My Games\Knights and Merchants Remake\KaM Remake Server Settings.ini'
18:27:42.855   649,915s     216ms  21220    Start saving 'GameApp settings' to 'C:\Users\szyby\OneDrive\Dokumenty\My Games\Knights and Merchants Remake\KaM Remake Settings KingDyronMod.xml'
00ee8298 KaM_Expansion.exe KM_Settings         106 TKMSettings.SaveToDefaultFile
00ee836b KaM_Expansion.exe KM_Settings         113 TKMSettings.SaveToDefaultFile
00ee7fa4 KaM_Expansion.exe KM_Settings          65 TKMSettings.Destroy
00ee86fe KaM_Expansion.exe KM_SettingsXML       44 TKMSettingsXML.Destroy
00ee8a2a KaM_Expansion.exe KM_GameAppSettings   57 TKMGameAppSettings.Destroy
0094a764 KaM_Expansion.exe System               23 TObject.Free
00c18fbc KaM_Expansion.exe KromUtils           281 FreeThenNil
010fcf17 KaM_Expansion.exe KM_Main             378 TKMMain.Stop
010fcfec KaM_Expansion.exe KM_Main             405 TKMMain.Stop
01368295 KaM_Expansion.exe KM_FormMain        2212 TFormMain.FormClose
00bc2df7 KaM_Expansion.exe Vcl.Forms               TCustomForm.DoClose
00bc87e5 KaM_Expansion.exe Vcl.Forms               TCustomForm.Close
00bc7424 KaM_Expansion.exe Vcl.Forms               TCustomForm.WMClose
00b12cfa KaM_Expansion.exe Vcl.Controls            TControl.WndProc
00b17ec1 KaM_Expansion.exe Vcl.Controls            TWinControl.WndProc
00bc3a38 KaM_Expansion.exe Vcl.Forms               TCustomForm.WndProc
00bc3a53 KaM_Expansion.exe Vcl.Forms               TCustomForm.WndProc
01367d81 KaM_Expansion.exe KM_FormMain        2051 TFormMain.WndProc
00b173cc KaM_Expansion.exe Vcl.Controls            TWinControl.MainWndProc
00b173e7 KaM_Expansion.exe Vcl.Controls            TWinControl.MainWndProc

18:27:42.871   649,930s      15ms  21220    'GameApp settings' was successfully saved to 'C:\Users\szyby\OneDrive\Dokumenty\My Games\Knights and Merchants Remake\KaM Remake Settings KingDyronMod.xml'
