   Timestamp    Elapsed     Delta  Thread    Description
========================
    Date: 2025.01.05
========================
20:21:56.353     0,001s       1ms  17344    Log is up and running. Game version: KaM Expansion: Co-op & World Update
20:21:56.360     0,008s       5ms  17344    Game Load started
20:21:56.368     0,017s       9ms  17344    Start loading 'GameApp settings' from 'C:\Users\szyby\OneDrive\Dokumenty\My Games\Knights and Merchants Remake\KaM Remake Settings KingDyronMod.xml'
20:21:56.374     0,023s       6ms  17344    'GameApp settings' was successfully loaded from 'C:\Users\szyby\OneDrive\Dokumenty\My Games\Knights and Merchants Remake\KaM Remake Settings KingDyronMod.xml'
20:21:56.385     0,034s       5ms  17344    Start saving 'GameApp settings' to 'C:\Users\szyby\OneDrive\Dokumenty\My Games\Knights and Merchants Remake\KaM Remake Settings KingDyronMod.xml'
00948298 KaM_Expansion.exe KM_Settings        106 TKMSettings.SaveToDefaultFile
0094836b KaM_Expansion.exe KM_Settings        113 TKMSettings.SaveToDefaultFile
00947f69 KaM_Expansion.exe KM_Settings         59 TKMSettings.Create
009486a6 KaM_Expansion.exe KM_SettingsXML      38 TKMSettingsXML.Create
009489e7 KaM_Expansion.exe KM_GameAppSettings  51 TKMGameAppSettings.Create
00b5c71c KaM_Expansion.exe KM_Main            258 TKMMain.Start
00b5c98b KaM_Expansion.exe KM_Main            305 TKMMain.Start
00dddb2b KaM_Expansion.exe KaM_Expansion      480 initialization
00dddb5a KaM_Expansion.exe KaM_Expansion      483 initialization
76c97ba7 KERNEL32.DLL                             BaseThreadInitThunk

20:21:56.429     0,078s      44ms  17344    'GameApp settings' was successfully saved to 'C:\Users\szyby\OneDrive\Dokumenty\My Games\Knights and Merchants Remake\KaM Remake Settings KingDyronMod.xml'
20:21:56.445     0,094s      16ms  17344    Start loading 'Server settings' from 'C:\Users\szyby\OneDrive\Dokumenty\My Games\Knights and Merchants Remake\KaM Remake Server Settings.ini'
20:21:56.452     0,101s       7ms  17344    'Server settings' was successfully loaded from 'C:\Users\szyby\OneDrive\Dokumenty\My Games\Knights and Merchants Remake\KaM Remake Server Settings.ini'
20:21:56.459     0,108s       7ms  17344    Start saving 'Server settings' to 'C:\Users\szyby\OneDrive\Dokumenty\My Games\Knights and Merchants Remake\KaM Remake Server Settings.ini'
00948298 KaM_Expansion.exe KM_Settings       106 TKMSettings.SaveToDefaultFile
0094836b KaM_Expansion.exe KM_Settings       113 TKMSettings.SaveToDefaultFile
00947f69 KaM_Expansion.exe KM_Settings        59 TKMSettings.Create
00a85b28 KaM_Expansion.exe KM_ServerSettings 109 TKMServerSettings.Create
00b51c27 KaM_Expansion.exe KM_GameApp        213 TKMGameApp.Create
00b51f52 KaM_Expansion.exe KM_GameApp        298 TKMGameApp.Create
00b5d992 KaM_Expansion.exe KM_Main           635 TKMMain.ReinitRender
00b5db9e KaM_Expansion.exe KM_Main           689 TKMMain.ReinitRender
00b5c832 KaM_Expansion.exe KM_Main           281 TKMMain.Start
00b5c98b KaM_Expansion.exe KM_Main           305 TKMMain.Start
00dddb2b KaM_Expansion.exe KaM_Expansion     480 initialization
00dddb5a KaM_Expansion.exe KaM_Expansion     483 initialization
76c97ba7 KERNEL32.DLL                            BaseThreadInitThunk

20:21:56.473     0,122s      14ms  17344    'Server settings' was successfully saved to 'C:\Users\szyby\OneDrive\Dokumenty\My Games\Knights and Merchants Remake\KaM Remake Server Settings.ini'
20:21:56.480     0,129s       7ms  17344    Init Render started
20:21:56.617     0,266s     137ms  17344    GL_MAX_TEXTURE_SIZE = 32768
20:21:56.625     0,274s       7ms  17344    GL_MAX_VIEWPORT_DIM = 32768
                                      OpenGL Vendor: NVIDIA Corporation
                                      OpenGL Renderer: NVIDIA GeForce RTX 3060 Ti/PCIe/SSE2
                                      OpenGL Version: 4.6.0 NVIDIA 560.94
20:21:56.652     0,301s      27ms  17344    Init Render Done
20:21:56.658     0,307s       6ms  17344    Resource loading state - None
20:21:56.665     0,314s       7ms  17344    Reading palettes ... done
20:21:56.674     0,323s       8ms  17344    Reading GUI.rx
20:21:56.682     0,331s       8ms  17344    Load Sprites started
20:21:56.689     0,338s       7ms  17344    GUI - 971
20:21:56.706     0,355s      17ms  17344    Load Sprites Done
20:21:56.744     0,393s      38ms  17344    Reading GUIMain.rx
20:21:56.751     0,400s       7ms  17344    Load Sprites started
20:21:56.757     0,406s       6ms  17344    GUIMain - 105
20:21:56.808     0,457s      50ms  17344    Load Sprites Done
20:21:56.870     0,519s      62ms  17344    Reading Tileset.rx
20:21:56.878     0,527s       8ms  17344    Load Sprites started
20:21:56.886     0,535s       8ms  17344    Tileset - 5449
20:21:56.902     0,551s      16ms  17344    Load Sprites Done
20:21:56.912     0,561s      10ms  17344    GenerateTerrainTransitions started. Legacy = False
20:21:56.924     0,573s      12ms  17344    TexId = 5451 GenTilesCnt = 2100
20:21:56.934     0,583s      10ms  17344    TexId = 6051; TexId - fGenTexIdStartI = 600; uniqueTex = 600; totalTex = 1350
20:21:56.941     0,590s       7ms  17344    GeneratedMasks cnt = 20
20:21:56.950     0,599s       9ms  17344    GenerateTerrainTransitions Done
20:21:56.957     0,606s       7ms  17344    GenerateTerrainTransitions started. Legacy = True
20:21:56.966     0,615s       9ms  17344    Legacy: TexId = 4999 GenTilesCntTemp = 2030
20:21:56.972     0,621s       6ms  17344    TexId = 5463; TexId - fGenTexIdStartILegacy = 464; uniqueTex = 464; totalTex = 1044
20:21:56.980     0,629s       7ms  17344    GeneratedMasks cnt = 16
20:21:56.987     0,636s       7ms  17344    GenerateTerrainTransitions Done
20:21:57.104     0,753s     117ms  17344    Load font started
20:21:57.142     0,791s      38ms  17344    Font load took 38ms
20:21:57.149     0,798s       7ms  17344    Read fonts is done
20:21:57.167     0,816s      18ms  17344    ReadGFX is done
20:21:57.175     0,824s       8ms  17344    Resource loading state - Menu
20:21:57.182     0,831s       7ms   7964    OpenAL init started
20:21:57.321     0,970s     139ms  17344    Music init done, 24 tracks found
                                      Loading campaign images.rxx for HKS
20:21:57.350     0,999s      29ms  16964    Custom - 1
20:21:57.359     1,008s       9ms  17344    Main menu init done
20:21:57.366     1,015s       7ms   7964    Pre-LoadSFX init ... done
20:21:57.372     1,021s       6ms   7964    ALC_MONO_SOURCES 255
20:21:57.380     1,029s       8ms   7964    ALC_STEREO_SOURCES 1
20:21:57.387     1,036s       7ms   7964    OpenAL init done
20:21:57.393     1,042s       6ms  17344    Check game folder 'E:\programowanie\projekty delphi\kam_expansion\' generic permissions: READ: granted; WRITE: granted; EXECUTE: granted; folder is writable: 
20:21:57.399     1,048s       6ms  17344    LoadGameResources ... AlphaShadows: True. Forced: True
20:21:57.406     1,055s       7ms  17344    TKMResSprites.LoadGameResources
20:21:57.413     1,062s       7ms  17344    [AsyncGameResLoader Thread] Started
20:21:57.419     1,068s       6ms  17344    Resource loading state - Game
20:21:57.427     1,076s       8ms  17344    ToggleFullscreen
20:21:57.433     1,082s       6ms  17344    Form Width/Height: 1040:805
20:21:57.439     1,088s       6ms  17344    Panel Width/Height: 1024:766
20:21:57.446     1,095s       7ms  14728    [AsyncGameResLoader Thread] RT = rxTrees Stage = lsLoad
20:21:57.453     1,102s       7ms  14728    [AsyncGameResLoader Thread] Start Load RXX 'Trees.rxx'
20:21:57.459     1,108s       6ms  14728    Load Sprites started
20:21:57.467     1,116s       8ms  14728    Trees - 1227
20:21:57.475     1,124s       8ms  17344    Saving dev settings to file 'kmr_dev.xml'
                                      Loading campaign images.rxx for KSN
20:21:57.491     1,140s      16ms  16964    Custom - 1
20:21:57.503     1,152s      12ms  17344    Saving dev settings to file 'kmr_dev.xml'
20:21:57.510     1,159s       7ms  17344    Game Load Done in 1173
                                      Loading campaign images.rxx for KSO
20:21:57.554     1,203s      43ms  16964    Custom - 1
20:21:57.598     1,247s      44ms  14728    Load Sprites Done
                                      Loading campaign images.rxx for KSU
20:21:57.621     1,270s      23ms  16964    Custom - 1
                                      Loading campaign images.rxx for OFL
20:21:57.679     1,328s      58ms  16964    Custom - 1
20:21:57.707     1,356s      28ms  14728    [AsyncGameResLoader Thread] DONE Load RXX 'Trees.rxa'
20:21:57.714     1,363s       7ms  17344    [AsyncGameResLoader MainTh] [UpdateStateIdle] GenTextures RT = rxTrees Stage = lsGenMain
                                      Loading campaign images.rxx for OER
20:21:57.732     1,381s      18ms  16964    Custom - 1
20:21:57.738     1,387s       6ms  17344    [AsyncGameResLoader MainTh] [UpdateStateIdle] DONE
20:21:57.746     1,395s       8ms  14728    [AsyncGameResLoader Thread] RT = rxTrees Stage = lsOverload
20:21:57.752     1,401s       6ms  14728    [AsyncGameResLoader Thread] OverloadFromFolder RT = rxTrees
20:21:57.759     1,408s       7ms  14728    [AsyncGameResLoader Thread] DONE OverloadFromFolder RT = rxTrees
                                      Loading campaign images.rxx for TBK
20:21:57.772     1,421s      13ms  16964    Custom - 1
20:21:57.780     1,429s       8ms  17344    [AsyncGameResLoader MainTh] [UpdateStateIdle] GenTextures RT = rxTrees Stage = lsGenOverload
20:21:57.786     1,435s       6ms  17344    [AsyncGameResLoader MainTh] [UpdateStateIdle] DONE
20:21:57.792     1,441s       6ms  14728    [AsyncGameResLoader Thread] RT = rxHouses Stage = lsLoad
20:21:57.800     1,449s       8ms  14728    [AsyncGameResLoader Thread] Start Load RXX 'Houses.rxx'
20:21:57.807     1,456s       7ms  14728    Load Sprites started
20:21:57.818     1,467s      11ms  14728    Houses - 2710
                                      Loading campaign images.rxx for TPR
20:21:57.833     1,482s      15ms  16964    Custom - 1
                                      Loading campaign images.rxx for TSK
20:21:57.880     1,529s      47ms  16964    Custom - 1
                                      Loading campaign images.rxx for TUA
20:21:57.916     1,565s      36ms  14728    Load Sprites Done
20:21:57.922     1,571s       6ms  16964    Custom - 1
20:21:58.052     1,701s     130ms  14728    [AsyncGameResLoader Thread] DONE Load RXX 'Houses.rxa'
20:21:58.074     1,723s      22ms  17344    [AsyncGameResLoader MainTh] [UpdateStateIdle] GenTextures RT = rxHouses Stage = lsGenMain
                                      Loading campaign images.rxx for TMR
20:21:58.096     1,745s      22ms  17344    [AsyncGameResLoader MainTh] [UpdateStateIdle] DONE
20:21:58.103     1,752s       7ms  14728    [AsyncGameResLoader Thread] RT = rxHouses Stage = lsOverload
20:21:58.109     1,758s       6ms  14728    [AsyncGameResLoader Thread] OverloadFromFolder RT = rxHouses
20:21:58.117     1,765s       7ms  16964    Custom - 1
20:21:58.123     1,772s       7ms  14728    [AsyncGameResLoader Thread] DONE OverloadFromFolder RT = rxHouses
20:21:58.142     1,791s      19ms  17344    [AsyncGameResLoader MainTh] [UpdateStateIdle] GenTextures RT = rxHouses Stage = lsGenOverload
20:21:58.148     1,797s       6ms  17344    [AsyncGameResLoader MainTh] [UpdateStateIdle] DONE
20:21:58.156     1,805s       7ms  14728    [AsyncGameResLoader Thread] RT = rxUnits Stage = lsLoad
20:21:58.162     1,811s       6ms  14728    [AsyncGameResLoader Thread] Start Load RXX 'Units.rxx'
20:21:58.169     1,818s       6ms  14728    Load Sprites started
20:21:58.174     1,823s       5ms  14728    Units - 15213
20:21:58.656     2,304s     481ms  14728    Load Sprites Done
20:21:59.278     2,927s     623ms  17344    Stopping game application...
20:21:59.285     2,934s       7ms  17344    Start saving 'Server settings' to 'C:\Users\szyby\OneDrive\Dokumenty\My Games\Knights and Merchants Remake\KaM Remake Server Settings.ini'
00948298 KaM_Expansion.exe KM_Settings           106 TKMSettings.SaveToDefaultFile
0094836b KaM_Expansion.exe KM_Settings           113 TKMSettings.SaveToDefaultFile
00947fa4 KaM_Expansion.exe KM_Settings            65 TKMSettings.Destroy
00a85b6e KaM_Expansion.exe KM_ServerSettings     117 TKMServerSettings.Destroy
003aa764 KaM_Expansion.exe System                 23 TObject.Free
00678fbc KaM_Expansion.exe KromUtils             281 FreeThenNil
00b5217f KaM_Expansion.exe KM_GameApp            333 TKMGameApp.Destroy
003aa764 KaM_Expansion.exe System                 23 TObject.Free
00678fbc KaM_Expansion.exe KromUtils             281 FreeThenNil
00b5cdad KaM_Expansion.exe KM_Main               376 TKMMain.Stop
00b5ce8c KaM_Expansion.exe KM_Main               405 TKMMain.Stop
00a97aca KaM_Expansion.exe KM_GUIMenuMain        123 TKMMenuMain.ButtonClick
00a97aea KaM_Expansion.exe KM_GUIMenuMain        124 TKMMenuMain.ButtonClick
00d61aad KaM_Expansion.exe KM_Controls          1242 TKMControl.DoClick
00d600b0 KaM_Expansion.exe KM_Controls           690 TKMControl.MouseUp
00d580da KaM_Expansion.exe KM_ControlsBase       805 TKMButton.MouseUp
00d641a1 KaM_Expansion.exe KM_Controls          2274 TKMMasterControl.MouseUp
00b36791 KaM_Expansion.exe KM_InterfaceMainMenu  479 TKMMainMenuInterface.MouseUp
00b52d4e KaM_Expansion.exe KM_GameApp            562 TKMGameApp.MouseUp
00dc152c KaM_Expansion.exe KM_FormMain           697 TFormMain.RenderAreaMouseUp

20:21:59.306     2,955s      21ms  17344    'Server settings' was successfully saved to 'C:\Users\szyby\OneDrive\Dokumenty\My Games\Knights and Merchants Remake\KaM Remake Server Settings.ini'
20:21:59.401     3,050s      95ms  14728    [AsyncGameResLoader Thread] DONE Load RXX 'Units.rxa'
20:21:59.408     3,057s       7ms  17344    [AsyncGameResLoader Thread] Stopped
20:21:59.643     3,292s     235ms  17344    Start saving 'GameApp settings' to 'C:\Users\szyby\OneDrive\Dokumenty\My Games\Knights and Merchants Remake\KaM Remake Settings KingDyronMod.xml'
00948298 KaM_Expansion.exe KM_Settings           106 TKMSettings.SaveToDefaultFile
0094836b KaM_Expansion.exe KM_Settings           113 TKMSettings.SaveToDefaultFile
00947fa4 KaM_Expansion.exe KM_Settings            65 TKMSettings.Destroy
009486fe KaM_Expansion.exe KM_SettingsXML         44 TKMSettingsXML.Destroy
00948a2a KaM_Expansion.exe KM_GameAppSettings     57 TKMGameAppSettings.Destroy
003aa764 KaM_Expansion.exe System                 23 TObject.Free
00678fbc KaM_Expansion.exe KromUtils             281 FreeThenNil
00b5cdb7 KaM_Expansion.exe KM_Main               378 TKMMain.Stop
00b5ce8c KaM_Expansion.exe KM_Main               405 TKMMain.Stop
00a97aca KaM_Expansion.exe KM_GUIMenuMain        123 TKMMenuMain.ButtonClick
00a97aea KaM_Expansion.exe KM_GUIMenuMain        124 TKMMenuMain.ButtonClick
00d61aad KaM_Expansion.exe KM_Controls          1242 TKMControl.DoClick
00d600b0 KaM_Expansion.exe KM_Controls           690 TKMControl.MouseUp
00d580da KaM_Expansion.exe KM_ControlsBase       805 TKMButton.MouseUp
00d641a1 KaM_Expansion.exe KM_Controls          2274 TKMMasterControl.MouseUp
00b36791 KaM_Expansion.exe KM_InterfaceMainMenu  479 TKMMainMenuInterface.MouseUp
00b52d4e KaM_Expansion.exe KM_GameApp            562 TKMGameApp.MouseUp
00dc152c KaM_Expansion.exe KM_FormMain           697 TFormMain.RenderAreaMouseUp
00573644 KaM_Expansion.exe Vcl.Controls              TControl.MouseUp
00573684 KaM_Expansion.exe Vcl.Controls              TControl.DoMouseUp

20:21:59.662     3,311s      19ms  17344    'GameApp settings' was successfully saved to 'C:\Users\szyby\OneDrive\Dokumenty\My Games\Knights and Merchants Remake\KaM Remake Settings KingDyronMod.xml'
