   Timestamp    Elapsed     Delta  Thread    Description
========================
    Date: 2024.12.28
========================
21:55:56.223     0,001s       1ms   3756    Log is up and running. Game version: KaM Expansion: Co-op & World Update
21:55:56.229     0,007s       6ms   3756    Game Load started
21:55:56.250     0,028s      21ms   3756    Start loading 'GameApp settings' from 'C:\Users\szyby\OneDrive\Dokumenty\My Games\Knights and Merchants Remake\KaM Remake Settings KingDyronMod.xml'
21:55:56.255     0,033s       5ms   3756    'GameApp settings' was successfully loaded from 'C:\Users\szyby\OneDrive\Dokumenty\My Games\Knights and Merchants Remake\KaM Remake Settings KingDyronMod.xml'
21:55:56.270     0,048s       4ms   3756    Start saving 'GameApp settings' to 'C:\Users\szyby\OneDrive\Dokumenty\My Games\Knights and Merchants Remake\KaM Remake Settings KingDyronMod.xml'
007c3dd0 KaM_Expansion.exe KM_Settings        106 TKMSettings.SaveToDefaultFile
007c3ea3 KaM_Expansion.exe KM_Settings        113 TKMSettings.SaveToDefaultFile
007c3aa1 KaM_Expansion.exe KM_Settings         59 TKMSettings.Create
007c41de KaM_Expansion.exe KM_SettingsXML      38 TKMSettingsXML.Create
007c451f KaM_Expansion.exe KM_GameAppSettings  51 TKMGameAppSettings.Create
009dd944 KaM_Expansion.exe KM_Main            258 TKMMain.Start
009ddbc8 KaM_Expansion.exe KM_Main            305 TKMMain.Start
00c5ab2b KaM_Expansion.exe KaM_Expansion      479 initialization
00c5ab5a KaM_Expansion.exe KaM_Expansion      482 initialization
76df7ba7 KERNEL32.DLL                             BaseThreadInitThunk

21:55:56.310     0,088s      40ms   3756    'GameApp settings' was successfully saved to 'C:\Users\szyby\OneDrive\Dokumenty\My Games\Knights and Merchants Remake\KaM Remake Settings KingDyronMod.xml'
21:55:56.352     0,130s      42ms   3756    Start loading 'Server settings' from 'C:\Users\szyby\OneDrive\Dokumenty\My Games\Knights and Merchants Remake\KaM Remake Server Settings.ini'
21:55:56.359     0,137s       7ms   3756    'Server settings' was successfully loaded from 'C:\Users\szyby\OneDrive\Dokumenty\My Games\Knights and Merchants Remake\KaM Remake Server Settings.ini'
21:55:56.366     0,143s       6ms   3756    Start saving 'Server settings' to 'C:\Users\szyby\OneDrive\Dokumenty\My Games\Knights and Merchants Remake\KaM Remake Server Settings.ini'
007c3dd0 KaM_Expansion.exe KM_Settings       106 TKMSettings.SaveToDefaultFile
007c3ea3 KaM_Expansion.exe KM_Settings       113 TKMSettings.SaveToDefaultFile
007c3aa1 KaM_Expansion.exe KM_Settings        59 TKMSettings.Create
00906bbc KaM_Expansion.exe KM_ServerSettings 109 TKMServerSettings.Create
009d2cc4 KaM_Expansion.exe KM_GameApp        213 TKMGameApp.Create
009d3116 KaM_Expansion.exe KM_GameApp        295 TKMGameApp.Create
009debee KaM_Expansion.exe KM_Main           635 TKMMain.ReinitRender
009dedfa KaM_Expansion.exe KM_Main           689 TKMMain.ReinitRender
009dda5a KaM_Expansion.exe KM_Main           281 TKMMain.Start
009ddbc8 KaM_Expansion.exe KM_Main           305 TKMMain.Start
00c5ab2b KaM_Expansion.exe KaM_Expansion     479 initialization
00c5ab5a KaM_Expansion.exe KaM_Expansion     482 initialization
76df7ba7 KERNEL32.DLL                            BaseThreadInitThunk

21:55:56.378     0,156s      13ms   3756    'Server settings' was successfully saved to 'C:\Users\szyby\OneDrive\Dokumenty\My Games\Knights and Merchants Remake\KaM Remake Server Settings.ini'
21:55:56.386     0,164s       8ms   3756    Init Render started
21:55:56.792     0,570s     406ms   3756    GL_MAX_TEXTURE_SIZE = 32768
21:55:56.799     0,577s       7ms   3756    GL_MAX_VIEWPORT_DIM = 32768
                                      OpenGL Vendor: NVIDIA Corporation
                                      OpenGL Renderer: NVIDIA GeForce RTX 3060 Ti/PCIe/SSE2
                                      OpenGL Version: 4.6.0 NVIDIA 560.81
21:55:56.825     0,603s      26ms   3756    Init Render Done
21:55:56.832     0,610s       7ms   3756    Resource loading state - None
21:55:56.839     0,617s       7ms   3756    Reading palettes ... done
21:55:56.848     0,626s       9ms   3756    Reading GUI.rx
21:55:56.854     0,632s       6ms   3756    Load Sprites started
21:55:56.861     0,639s       7ms   3756    GUI - 966
21:55:56.883     0,660s      21ms   3756    Load Sprites Done
21:55:56.918     0,696s      36ms   3756    Reading GUIMain.rx
21:55:56.927     0,705s       9ms   3756    Load Sprites started
21:55:56.937     0,715s      10ms   3756    GUIMain - 105
21:55:56.993     0,771s      55ms   3756    Load Sprites Done
21:55:57.056     0,834s      63ms   3756    Reading Tileset.rx
21:55:57.064     0,842s       8ms   3756    Load Sprites started
21:55:57.071     0,849s       7ms   3756    Tileset - 5449
21:55:57.090     0,868s      19ms   3756    Load Sprites Done
21:55:57.097     0,875s       7ms   3756    GenerateTerrainTransitions started. Legacy = False
21:55:57.105     0,883s       8ms   3756    TexId = 5451 GenTilesCnt = 2100
21:55:57.111     0,889s       6ms   3756    TexId = 6051; TexId - fGenTexIdStartI = 600; uniqueTex = 600; totalTex = 1350
21:55:57.118     0,896s       7ms   3756    GeneratedMasks cnt = 20
21:55:57.123     0,901s       5ms   3756    GenerateTerrainTransitions Done
21:55:57.132     0,910s       9ms   3756    GenerateTerrainTransitions started. Legacy = True
21:55:57.138     0,916s       6ms   3756    Legacy: TexId = 4999 GenTilesCntTemp = 2030
21:55:57.144     0,922s       6ms   3756    TexId = 5463; TexId - fGenTexIdStartILegacy = 464; uniqueTex = 464; totalTex = 1044
21:55:57.152     0,930s       8ms   3756    GeneratedMasks cnt = 16
21:55:57.157     0,935s       5ms   3756    GenerateTerrainTransitions Done
21:55:57.275     1,052s     117ms   3756    Load font started
21:55:57.313     1,091s      39ms   3756    Font load took 38ms
21:55:57.320     1,098s       7ms   3756    Read fonts is done
21:55:57.337     1,114s      16ms   3756    ReadGFX is done
21:55:57.344     1,121s       7ms   3756    Resource loading state - Menu
21:55:57.369     1,146s      25ms  12348    OpenAL init started
21:55:57.521     1,299s     153ms   3756    Music init done, 24 tracks found
                                      Loading campaign images.rxx for HKS
21:55:57.645     1,423s     124ms   8220    Custom - 1
21:55:57.663     1,441s      18ms   3756    Main menu init done
21:55:57.678     1,456s      15ms  12348    Pre-LoadSFX init ... done
21:55:57.691     1,469s      13ms  12348    ALC_MONO_SOURCES 255
21:55:57.705     1,483s      14ms  12348    ALC_STEREO_SOURCES 1
21:55:57.715     1,493s      10ms  12348    OpenAL init done
21:55:57.729     1,507s      14ms   3756    Check game folder 'E:\programowanie\projekty delphi\kam_expansion\' generic permissions: READ: granted; WRITE: granted; EXECUTE: granted; folder is writable: 
21:55:57.736     1,514s       6ms   3756    LoadGameResources ... AlphaShadows: True. Forced: True
21:55:57.742     1,520s       6ms   3756    TKMResSprites.LoadGameResources
21:55:57.750     1,528s       8ms   3756    [AsyncGameResLoader Thread] Started
21:55:57.762     1,540s      12ms   3756    Resource loading state - Game
21:55:57.770     1,548s       8ms   3756    ToggleFullscreen
21:55:57.775     1,553s       5ms   3756    Form Width/Height: 1040:853
21:55:57.782     1,560s       7ms   3756    Panel Width/Height: 1024:814
21:55:57.793     1,571s       5ms   3300    [AsyncGameResLoader Thread] RT = rxTrees Stage = lsLoad
21:55:57.801     1,579s       8ms   3300    [AsyncGameResLoader Thread] Start Load RXX 'Trees.rxx'
21:55:57.811     1,589s      10ms   3300    Load Sprites started
21:55:57.819     1,596s       7ms   3300    Trees - 1216
                                      Loading campaign images.rxx for KSN
21:55:57.838     1,615s      19ms   8220    Custom - 1
21:55:57.847     1,625s      10ms   3756    Saving dev settings to file 'kmr_dev.xml'
21:55:57.908     1,686s      61ms   3756    Saving dev settings to file 'kmr_dev.xml'
                                      Loading campaign images.rxx for KSO
21:55:57.948     1,725s      39ms   8220    Custom - 1
21:55:57.954     1,731s       6ms   3756    Game Load Done in 1778
                                      Loading campaign images.rxx for KSU
21:55:58.011     1,789s      58ms   8220    Custom - 1
                                      Loading campaign images.rxx for OFL
21:55:58.059     1,837s      48ms   8220    Custom - 1
21:55:58.067     1,844s       7ms   3300    Load Sprites Done
                                      Loading campaign images.rxx for OER
21:55:58.103     1,881s      37ms   8220    Custom - 1
                                      Loading campaign images.rxx for TBK
21:55:58.143     1,921s      40ms   8220    Custom - 1
21:55:58.216     1,994s      73ms   3300    [AsyncGameResLoader Thread] DONE Load RXX 'Trees.rxa'
                                      Loading campaign images.rxx for TPR
21:55:58.239     2,017s      22ms   8220    Custom - 1
21:55:58.245     2,023s       6ms   3756    [AsyncGameResLoader MainTh] [UpdateStateIdle] GenTextures RT = rxTrees Stage = lsGenMain
21:55:58.256     2,034s      11ms   3756    [AsyncGameResLoader MainTh] [UpdateStateIdle] DONE
21:55:58.263     2,041s       7ms   3300    [AsyncGameResLoader Thread] RT = rxTrees Stage = lsOverload
21:55:58.270     2,048s       7ms   3300    [AsyncGameResLoader Thread] OverloadFromFolder RT = rxTrees
                                      Loading campaign images.rxx for TSK
21:55:58.292     2,070s      22ms   8220    Custom - 1
                                      Loading campaign images.rxx for TUA
21:55:58.325     2,103s      32ms   8220    Custom - 1
21:55:58.333     2,111s       8ms   3300    [AsyncGameResLoader Thread] DONE OverloadFromFolder RT = rxTrees
21:55:58.339     2,117s       6ms   3756    [AsyncGameResLoader MainTh] [UpdateStateIdle] GenTextures RT = rxTrees Stage = lsGenOverload
21:55:58.346     2,123s       6ms   3756    [AsyncGameResLoader MainTh] [UpdateStateIdle] DONE
21:55:58.352     2,130s       7ms   3300    [AsyncGameResLoader Thread] RT = rxHouses Stage = lsLoad
21:55:58.359     2,137s       7ms   3300    [AsyncGameResLoader Thread] Start Load RXX 'Houses.rxx'
21:55:58.365     2,142s       5ms   3300    Load Sprites started
21:55:58.371     2,149s       7ms   3300    Houses - 2709
                                      Loading campaign images.rxx for TMR
21:55:58.502     2,280s     131ms   8220    Custom - 1
21:55:58.610     2,388s     108ms   3300    Load Sprites Done
21:55:58.763     2,541s     153ms   3300    [AsyncGameResLoader Thread] DONE Load RXX 'Houses.rxa'
21:55:58.772     2,550s       9ms   3756    [AsyncGameResLoader MainTh] [UpdateStateIdle] GenTextures RT = rxHouses Stage = lsGenMain
21:55:58.793     2,571s      21ms   3756    [AsyncGameResLoader MainTh] [UpdateStateIdle] DONE
21:55:58.800     2,578s       7ms   3300    [AsyncGameResLoader Thread] RT = rxHouses Stage = lsOverload
21:55:58.814     2,592s      14ms   3300    [AsyncGameResLoader Thread] OverloadFromFolder RT = rxHouses
21:55:58.982     2,760s     168ms   3300    [AsyncGameResLoader Thread] DONE OverloadFromFolder RT = rxHouses
21:55:58.996     2,774s      14ms   3756    [AsyncGameResLoader MainTh] [UpdateStateIdle] GenTextures RT = rxHouses Stage = lsGenOverload
21:55:59.003     2,781s       7ms   3756    [AsyncGameResLoader MainTh] [UpdateStateIdle] DONE
21:55:59.009     2,787s       6ms   3300    [AsyncGameResLoader Thread] RT = rxUnits Stage = lsLoad
21:55:59.016     2,794s       7ms   3300    [AsyncGameResLoader Thread] Start Load RXX 'Units.rxx'
21:55:59.022     2,800s       6ms   3300    Load Sprites started
21:55:59.027     2,805s       5ms   3300    Units - 14845
21:56:00.590     4,368s    1563ms   3300    Load Sprites Done
                                      Loading campaign images.rxx for HKS
21:56:01.608     5,386s    1018ms  19924    Custom - 1
                                      Loading campaign images.rxx for KSN
21:56:01.707     5,485s      99ms  19924    Custom - 1
                                      Loading campaign images.rxx for KSO
21:56:01.778     5,556s      71ms  19924    Custom - 1
21:56:01.803     5,581s      25ms   3300    [AsyncGameResLoader Thread] DONE Load RXX 'Units.rxa'
21:56:01.823     5,601s      20ms   3756    [AsyncGameResLoader MainTh] [UpdateStateIdle] GenTextures RT = rxUnits Stage = lsGenMain
                                      Loading campaign images.rxx for KSU
21:56:01.849     5,627s      26ms  19924    Custom - 1
21:56:01.885     5,663s      36ms   3756    [AsyncGameResLoader MainTh] [UpdateStateIdle] DONE
21:56:01.892     5,670s       7ms   3300    [AsyncGameResLoader Thread] RT = rxUnits Stage = lsOverload
21:56:01.900     5,678s       8ms   3300    [AsyncGameResLoader Thread] OverloadFromFolder RT = rxUnits
                                      Loading campaign images.rxx for OFL
21:56:01.916     5,694s      16ms  19924    Custom - 1
                                      Loading campaign images.rxx for OER
21:56:01.980     5,758s      64ms  19924    Custom - 1
                                      Loading campaign images.rxx for TBK
21:56:02.026     5,804s      46ms  19924    Custom - 1
                                      Loading campaign images.rxx for TPR
21:56:02.087     5,865s      61ms  19924    Custom - 1
                                      Loading campaign images.rxx for TSK
21:56:02.142     5,919s      54ms  19924    Custom - 1
                                      Loading campaign images.rxx for TUA
21:56:02.220     5,997s      78ms  19924    Custom - 1
                                      Loading campaign images.rxx for TMR
21:56:02.391     6,168s     170ms  19924    Custom - 1
21:56:02.512     6,290s     122ms   3756    LoadGameResources ... AlphaShadows: True. Forced: False
21:56:02.520     6,297s       7ms   3756    TKMResSprites.LoadGameResources
21:56:03.040     6,818s     521ms   3300    [AsyncGameResLoader Thread] DONE OverloadFromFolder RT = rxUnits
21:56:03.047     6,824s       6ms   3756    [AsyncGameResLoader MainTh] [LoadGameResources] GenTextures RT = rxUnits Stage = lsGenOverload
21:56:03.096     6,874s      50ms   3756    [AsyncGameResLoader Thread] Stopped
21:56:03.103     6,881s       7ms   3756    [AsyncGameResLoader MainTh] [LoadGameResources] DONE
21:56:03.109     6,887s       6ms   3756    Resource loading state - Game
21:56:03.115     6,893s       6ms   3756    Saving dev settings to file 'kmr_dev.xml'
21:56:03.145     6,923s      29ms   3756    <== Game creation is done ==>
21:56:03.152     6,931s       7ms   3756    GameStart
21:56:03.158     6,936s       5ms   3756    Loading DAT file: E:\programowanie\projekty delphi\kam_expansion\Maps\Nowa Misja 2\Nowa Misja 2.dat
21:56:03.165     6,943s       7ms   3756    Loading map file: E:\programowanie\projekty delphi\kam_expansion\Maps\Nowa Misja 2\Nowa Misja 2.map
21:56:03.171     6,949s       6ms   3756    Map file loaded
21:56:03.330     7,108s     158ms   3756    Gameplay recording initialized ... done
21:56:03.343     7,121s      13ms   3756    Game options: PT = 0; SpeedPT = 1; SpeedAfterPT = 1; Seed = 0; Difficulty = mdNone
21:56:03.350     7,128s       7ms   3756    Gameplay initialized ... done
21:56:03.356     7,133s       5ms   3756    After game start
21:56:03.363     7,140s       7ms   3756    Set game seed: 799807602
21:56:03.369     7,147s       7ms   3756    After game start ... done
