   Timestamp    Elapsed     Delta  Thread    Description
========================
    Date: 2025.01.03
========================
19:56:15.511     0,001s       1ms  20556    Log is up and running. Game version: KaM Expansion: Co-op & World Update
19:56:15.518     0,008s       7ms  20556    Game Load started
19:56:15.529     0,019s      11ms  20556    Start loading 'GameApp settings' from 'C:\Users\szyby\OneDrive\Dokumenty\My Games\Knights and Merchants Remake\KaM Remake Settings KingDyronMod.xml'
19:56:15.537     0,027s       8ms  20556    'GameApp settings' was successfully loaded from 'C:\Users\szyby\OneDrive\Dokumenty\My Games\Knights and Merchants Remake\KaM Remake Settings KingDyronMod.xml'
19:56:15.557     0,047s       8ms  20556    Start saving 'GameApp settings' to 'C:\Users\szyby\OneDrive\Dokumenty\My Games\Knights and Merchants Remake\KaM Remake Settings KingDyronMod.xml'
00e68178 KaM_Expansion.exe KM_Settings        106 TKMSettings.SaveToDefaultFile
00e6824b KaM_Expansion.exe KM_Settings        113 TKMSettings.SaveToDefaultFile
00e67e49 KaM_Expansion.exe KM_Settings         59 TKMSettings.Create
00e68586 KaM_Expansion.exe KM_SettingsXML      38 TKMSettingsXML.Create
00e688c7 KaM_Expansion.exe KM_GameAppSettings  51 TKMGameAppSettings.Create
0107e49c KaM_Expansion.exe KM_Main            258 TKMMain.Start
0107e70b KaM_Expansion.exe KM_Main            305 TKMMain.Start
01300b2b KaM_Expansion.exe KaM_Expansion      480 initialization
01300b5a KaM_Expansion.exe KaM_Expansion      483 initialization
762b7ba7 KERNEL32.DLL                             BaseThreadInitThunk

19:56:15.604     0,095s      47ms  20556    'GameApp settings' was successfully saved to 'C:\Users\szyby\OneDrive\Dokumenty\My Games\Knights and Merchants Remake\KaM Remake Settings KingDyronMod.xml'
19:56:15.632     0,122s      27ms  20556    Start loading 'Server settings' from 'C:\Users\szyby\OneDrive\Dokumenty\My Games\Knights and Merchants Remake\KaM Remake Server Settings.ini'
19:56:15.640     0,130s       8ms  20556    'Server settings' was successfully loaded from 'C:\Users\szyby\OneDrive\Dokumenty\My Games\Knights and Merchants Remake\KaM Remake Server Settings.ini'
19:56:15.650     0,140s      10ms  20556    Start saving 'Server settings' to 'C:\Users\szyby\OneDrive\Dokumenty\My Games\Knights and Merchants Remake\KaM Remake Server Settings.ini'
00e68178 KaM_Expansion.exe KM_Settings       106 TKMSettings.SaveToDefaultFile
00e6824b KaM_Expansion.exe KM_Settings       113 TKMSettings.SaveToDefaultFile
00e67e49 KaM_Expansion.exe KM_Settings        59 TKMSettings.Create
00fa7748 KaM_Expansion.exe KM_ServerSettings 109 TKMServerSettings.Create
01073850 KaM_Expansion.exe KM_GameApp        213 TKMGameApp.Create
01073ca2 KaM_Expansion.exe KM_GameApp        295 TKMGameApp.Create
0107f712 KaM_Expansion.exe KM_Main           635 TKMMain.ReinitRender
0107f91e KaM_Expansion.exe KM_Main           689 TKMMain.ReinitRender
0107e5b2 KaM_Expansion.exe KM_Main           281 TKMMain.Start
0107e70b KaM_Expansion.exe KM_Main           305 TKMMain.Start
01300b2b KaM_Expansion.exe KaM_Expansion     480 initialization
01300b5a KaM_Expansion.exe KaM_Expansion     483 initialization
762b7ba7 KERNEL32.DLL                            BaseThreadInitThunk

19:56:15.669     0,159s      18ms  20556    'Server settings' was successfully saved to 'C:\Users\szyby\OneDrive\Dokumenty\My Games\Knights and Merchants Remake\KaM Remake Server Settings.ini'
19:56:15.677     0,167s       8ms  20556    Init Render started
19:56:15.815     0,305s     138ms  20556    GL_MAX_TEXTURE_SIZE = 32768
19:56:15.822     0,313s       8ms  20556    GL_MAX_VIEWPORT_DIM = 32768
                                      OpenGL Vendor: NVIDIA Corporation
                                      OpenGL Renderer: NVIDIA GeForce RTX 3060 Ti/PCIe/SSE2
                                      OpenGL Version: 4.6.0 NVIDIA 560.94
19:56:15.851     0,341s      28ms  20556    Init Render Done
19:56:15.860     0,350s       9ms  20556    Resource loading state - None
19:56:15.869     0,359s       9ms  20556    Reading palettes ... done
19:56:15.876     0,368s       9ms  20556    Reading GUI.rx
19:56:15.884     0,375s       7ms  20556    Load Sprites started
19:56:15.891     0,381s       6ms  20556    GUI - 966
19:56:15.913     0,403s      22ms  20556    Load Sprites Done
19:56:15.950     0,440s      37ms  20556    Reading GUIMain.rx
19:56:15.956     0,447s       7ms  20556    Load Sprites started
19:56:15.963     0,453s       6ms  20556    GUIMain - 105
19:56:16.014     0,505s      51ms  20556    Load Sprites Done
19:56:16.070     0,561s      56ms  20556    Reading Tileset.rx
19:56:16.077     0,567s       6ms  20556    Load Sprites started
19:56:16.084     0,574s       7ms  20556    Tileset - 5449
19:56:16.122     0,612s      37ms  20556    Load Sprites Done
19:56:16.128     0,619s       7ms  20556    GenerateTerrainTransitions started. Legacy = False
19:56:16.135     0,626s       7ms  20556    TexId = 5451 GenTilesCnt = 2100
19:56:16.142     0,632s       6ms  20556    TexId = 6051; TexId - fGenTexIdStartI = 600; uniqueTex = 600; totalTex = 1350
19:56:16.149     0,640s       8ms  20556    GeneratedMasks cnt = 20
19:56:16.155     0,646s       6ms  20556    GenerateTerrainTransitions Done
19:56:16.162     0,652s       6ms  20556    GenerateTerrainTransitions started. Legacy = True
19:56:16.169     0,660s       8ms  20556    Legacy: TexId = 4999 GenTilesCntTemp = 2030
19:56:16.175     0,666s       6ms  20556    TexId = 5463; TexId - fGenTexIdStartILegacy = 464; uniqueTex = 464; totalTex = 1044
19:56:16.182     0,672s       6ms  20556    GeneratedMasks cnt = 16
19:56:16.188     0,679s       7ms  20556    GenerateTerrainTransitions Done
19:56:16.297     0,787s     108ms  20556    Load font started
19:56:16.334     0,825s      38ms  20556    Font load took 37ms
19:56:16.341     0,831s       6ms  20556    Read fonts is done
19:56:16.359     0,849s      18ms  20556    ReadGFX is done
19:56:16.365     0,855s       6ms  20556    Resource loading state - Menu
19:56:16.373     0,864s       9ms  21152    OpenAL init started
19:56:17.067     1,557s     693ms  20556    Music init done, 24 tracks found
                                      Loading campaign images.rxx for HKS
19:56:17.093     1,583s      26ms  13372    Custom - 1
19:56:17.101     1,591s       8ms  21152    Pre-LoadSFX init ... done
19:56:17.107     1,597s       6ms  21152    ALC_MONO_SOURCES 255
19:56:17.113     1,603s       6ms  21152    ALC_STEREO_SOURCES 1
19:56:17.120     1,610s       7ms  20556    Main menu init done
19:56:17.126     1,616s       6ms  21152    OpenAL init done
19:56:17.148     1,638s      22ms  20556    Check game folder 'E:\programowanie\projekty delphi\kam_expansion\' generic permissions: READ: granted; WRITE: granted; EXECUTE: granted; folder is writable: 
19:56:17.155     1,645s       7ms  20556    LoadGameResources ... AlphaShadows: True. Forced: True
19:56:17.162     1,652s       7ms  20556    TKMResSprites.LoadGameResources
19:56:17.169     1,659s       7ms  20556    [AsyncGameResLoader Thread] Started
19:56:17.176     1,666s       7ms  20556    Resource loading state - Game
19:56:17.182     1,672s       6ms  20556    ToggleFullscreen
19:56:17.188     1,679s       7ms  20556    Form Width/Height: 1040:759
19:56:17.194     1,685s       6ms  20556    Panel Width/Height: 1024:720
19:56:17.203     1,693s       8ms  11832    [AsyncGameResLoader Thread] RT = rxTrees Stage = lsLoad
19:56:17.209     1,699s       6ms  11832    [AsyncGameResLoader Thread] Start Load RXX 'Trees.rxx'
19:56:17.217     1,707s       8ms  11832    Load Sprites started
19:56:17.225     1,715s       8ms  11832    Trees - 1216
                                      Loading campaign images.rxx for KSN
19:56:17.243     1,733s      18ms  13372    Custom - 1
19:56:17.250     1,740s       7ms  20556    Saving dev settings to file 'kmr_dev.xml'
19:56:17.288     1,778s      37ms  20556    Saving dev settings to file 'kmr_dev.xml'
19:56:17.295     1,785s       7ms  20556    Game Load Done in 1810
                                      Loading campaign images.rxx for KSO
19:56:17.324     1,815s      30ms  13372    Custom - 1
19:56:17.358     1,849s      33ms  11832    Load Sprites Done
                                      Loading campaign images.rxx for KSU
19:56:17.382     1,873s      24ms  13372    Custom - 1
                                      Loading campaign images.rxx for OFL
19:56:17.432     1,922s      49ms  13372    Custom - 1
19:56:17.455     1,946s      24ms  11832    [AsyncGameResLoader Thread] DONE Load RXX 'Trees.rxa'
                                      Loading campaign images.rxx for OER
19:56:17.472     1,962s      16ms  13372    Custom - 1
19:56:17.479     1,969s       7ms  20556    [AsyncGameResLoader MainTh] [UpdateStateIdle] GenTextures RT = rxTrees Stage = lsGenMain
19:56:17.491     1,981s      12ms  20556    [AsyncGameResLoader MainTh] [UpdateStateIdle] DONE
19:56:17.498     1,989s       8ms  11832    [AsyncGameResLoader Thread] RT = rxTrees Stage = lsOverload
19:56:17.504     1,995s       6ms  11832    [AsyncGameResLoader Thread] OverloadFromFolder RT = rxTrees
19:56:17.517     2,007s      12ms  11832    [AsyncGameResLoader Thread] DONE OverloadFromFolder RT = rxTrees
                                      Loading campaign images.rxx for TBK
19:56:17.530     2,020s      13ms  13372    Custom - 1
19:56:17.537     2,027s       7ms  20556    [AsyncGameResLoader MainTh] [UpdateStateIdle] GenTextures RT = rxTrees Stage = lsGenOverload
19:56:17.542     2,032s       5ms  20556    [AsyncGameResLoader MainTh] [UpdateStateIdle] DONE
19:56:17.550     2,040s       8ms  11832    [AsyncGameResLoader Thread] RT = rxHouses Stage = lsLoad
19:56:17.557     2,049s       9ms  11832    [AsyncGameResLoader Thread] Start Load RXX 'Houses.rxx'
19:56:17.565     2,056s       7ms  11832    Load Sprites started
19:56:17.572     2,062s       6ms  11832    Houses - 2709
                                      Loading campaign images.rxx for TPR
19:56:17.586     2,077s      15ms  13372    Custom - 1
                                      Loading campaign images.rxx for TSK
19:56:17.626     2,117s      40ms  13372    Custom - 1
                                      Loading campaign images.rxx for TUA
19:56:17.664     2,154s      37ms  13372    Custom - 1
19:56:17.754     2,244s      90ms  11832    Load Sprites Done
                                      Loading campaign images.rxx for TMR
19:56:17.812     2,303s      59ms  13372    Custom - 1
19:56:17.891     2,381s      78ms  11832    [AsyncGameResLoader Thread] DONE Load RXX 'Houses.rxa'
19:56:17.902     2,392s      11ms  20556    [AsyncGameResLoader MainTh] [UpdateStateIdle] GenTextures RT = rxHouses Stage = lsGenMain
19:56:17.915     2,405s      13ms  20556    [AsyncGameResLoader MainTh] [UpdateStateIdle] DONE
19:56:17.922     2,413s       8ms  11832    [AsyncGameResLoader Thread] RT = rxHouses Stage = lsOverload
19:56:17.929     2,419s       6ms  11832    [AsyncGameResLoader Thread] OverloadFromFolder RT = rxHouses
19:56:18.039     2,529s     110ms  11832    [AsyncGameResLoader Thread] DONE OverloadFromFolder RT = rxHouses
19:56:18.046     2,536s       7ms  20556    [AsyncGameResLoader MainTh] [UpdateStateIdle] GenTextures RT = rxHouses Stage = lsGenOverload
19:56:18.052     2,542s       6ms  20556    [AsyncGameResLoader MainTh] [UpdateStateIdle] DONE
19:56:18.060     2,550s       8ms  11832    [AsyncGameResLoader Thread] RT = rxUnits Stage = lsLoad
19:56:18.066     2,556s       6ms  11832    [AsyncGameResLoader Thread] Start Load RXX 'Units.rxx'
19:56:18.072     2,562s       5ms  11832    Load Sprites started
19:56:18.080     2,570s       7ms  11832    Units - 14845
19:56:18.271     2,761s     191ms  20556    Stopping game application...
19:56:18.279     2,769s       8ms  20556    Start saving 'Server settings' to 'C:\Users\szyby\OneDrive\Dokumenty\My Games\Knights and Merchants Remake\KaM Remake Server Settings.ini'
00e68178 KaM_Expansion.exe KM_Settings           106 TKMSettings.SaveToDefaultFile
00e6824b KaM_Expansion.exe KM_Settings           113 TKMSettings.SaveToDefaultFile
00e67e84 KaM_Expansion.exe KM_Settings            65 TKMSettings.Destroy
00fa778e KaM_Expansion.exe KM_ServerSettings     117 TKMServerSettings.Destroy
008ca764 KaM_Expansion.exe System                 23 TObject.Free
00b98fbc KaM_Expansion.exe KromUtils             281 FreeThenNil
01073eff KaM_Expansion.exe KM_GameApp            330 TKMGameApp.Destroy
008ca764 KaM_Expansion.exe System                 23 TObject.Free
00b98fbc KaM_Expansion.exe KromUtils             281 FreeThenNil
0107eb2d KaM_Expansion.exe KM_Main               376 TKMMain.Stop
0107ec0c KaM_Expansion.exe KM_Main               405 TKMMain.Stop
00fb96e2 KaM_Expansion.exe KM_GUIMenuMain        123 TKMMenuMain.ButtonClick
00fb9702 KaM_Expansion.exe KM_GUIMenuMain        124 TKMMenuMain.ButtonClick
01284fd1 KaM_Expansion.exe KM_Controls          1242 TKMControl.DoClick
012835d4 KaM_Expansion.exe KM_Controls           690 TKMControl.MouseUp
0127b5fe KaM_Expansion.exe KM_ControlsBase       805 TKMButton.MouseUp
012876c5 KaM_Expansion.exe KM_Controls          2274 TKMMasterControl.MouseUp
010583bd KaM_Expansion.exe KM_InterfaceMainMenu  479 TKMMainMenuInterface.MouseUp
01074ace KaM_Expansion.exe KM_GameApp            559 TKMGameApp.MouseUp
012e4a2d KaM_Expansion.exe KM_FormMain           697 TFormMain.RenderAreaMouseUp

19:56:18.295     2,785s      16ms  20556    'Server settings' was successfully saved to 'C:\Users\szyby\OneDrive\Dokumenty\My Games\Knights and Merchants Remake\KaM Remake Server Settings.ini'
19:56:18.855     3,345s     560ms  11832    Load Sprites Done
19:56:18.863     3,354s       9ms  20556    [AsyncGameResLoader Thread] Stopped
19:56:19.086     3,577s     222ms  20556    Start saving 'GameApp settings' to 'C:\Users\szyby\OneDrive\Dokumenty\My Games\Knights and Merchants Remake\KaM Remake Settings KingDyronMod.xml'
00e68178 KaM_Expansion.exe KM_Settings           106 TKMSettings.SaveToDefaultFile
00e6824b KaM_Expansion.exe KM_Settings           113 TKMSettings.SaveToDefaultFile
00e67e84 KaM_Expansion.exe KM_Settings            65 TKMSettings.Destroy
00e685de KaM_Expansion.exe KM_SettingsXML         44 TKMSettingsXML.Destroy
00e6890a KaM_Expansion.exe KM_GameAppSettings     57 TKMGameAppSettings.Destroy
008ca764 KaM_Expansion.exe System                 23 TObject.Free
00b98fbc KaM_Expansion.exe KromUtils             281 FreeThenNil
0107eb37 KaM_Expansion.exe KM_Main               378 TKMMain.Stop
0107ec0c KaM_Expansion.exe KM_Main               405 TKMMain.Stop
00fb96e2 KaM_Expansion.exe KM_GUIMenuMain        123 TKMMenuMain.ButtonClick
00fb9702 KaM_Expansion.exe KM_GUIMenuMain        124 TKMMenuMain.ButtonClick
01284fd1 KaM_Expansion.exe KM_Controls          1242 TKMControl.DoClick
012835d4 KaM_Expansion.exe KM_Controls           690 TKMControl.MouseUp
0127b5fe KaM_Expansion.exe KM_ControlsBase       805 TKMButton.MouseUp
012876c5 KaM_Expansion.exe KM_Controls          2274 TKMMasterControl.MouseUp
010583bd KaM_Expansion.exe KM_InterfaceMainMenu  479 TKMMainMenuInterface.MouseUp
01074ace KaM_Expansion.exe KM_GameApp            559 TKMGameApp.MouseUp
012e4a2d KaM_Expansion.exe KM_FormMain           697 TFormMain.RenderAreaMouseUp
00a93644 KaM_Expansion.exe Vcl.Controls              TControl.MouseUp
00a93684 KaM_Expansion.exe Vcl.Controls              TControl.DoMouseUp

19:56:19.105     3,595s      18ms  20556    'GameApp settings' was successfully saved to 'C:\Users\szyby\OneDrive\Dokumenty\My Games\Knights and Merchants Remake\KaM Remake Settings KingDyronMod.xml'
