   Timestamp    Elapsed     Delta  Thread    Description
========================
    Date: 2025.01.03
========================
19:49:28.730     0,001s       1ms  12936    Log is up and running. Game version: KaM Expansion: Co-op & World Update
19:49:28.736     0,007s       6ms  12936    Game Load started
19:49:28.747     0,018s      11ms  12936    Start loading 'GameApp settings' from 'C:\Users\szyby\OneDrive\Dokumenty\My Games\Knights and Merchants Remake\KaM Remake Settings KingDyronMod.xml'
19:49:28.752     0,023s       5ms  12936    'GameApp settings' was successfully loaded from 'C:\Users\szyby\OneDrive\Dokumenty\My Games\Knights and Merchants Remake\KaM Remake Settings KingDyronMod.xml'
19:49:28.769     0,040s       5ms  12936    Start saving 'GameApp settings' to 'C:\Users\szyby\OneDrive\Dokumenty\My Games\Knights and Merchants Remake\KaM Remake Settings KingDyronMod.xml'
00b48178 KaM_Expansion.exe KM_Settings        106 TKMSettings.SaveToDefaultFile
00b4824b KaM_Expansion.exe KM_Settings        113 TKMSettings.SaveToDefaultFile
00b47e49 KaM_Expansion.exe KM_Settings         59 TKMSettings.Create
00b48586 KaM_Expansion.exe KM_SettingsXML      38 TKMSettingsXML.Create
00b488c7 KaM_Expansion.exe KM_GameAppSettings  51 TKMGameAppSettings.Create
00d5e49c KaM_Expansion.exe KM_Main            259 TKMMain.Start
00d5e70b KaM_Expansion.exe KM_Main            306 TKMMain.Start
00fe0b2b KaM_Expansion.exe KaM_Expansion      480 initialization
00fe0b5a KaM_Expansion.exe KaM_Expansion      483 initialization
762b7ba7 KERNEL32.DLL                             BaseThreadInitThunk

19:49:28.807     0,078s      38ms  12936    'GameApp settings' was successfully saved to 'C:\Users\szyby\OneDrive\Dokumenty\My Games\Knights and Merchants Remake\KaM Remake Settings KingDyronMod.xml'
19:49:28.832     0,103s      25ms  12936    Start loading 'Server settings' from 'C:\Users\szyby\OneDrive\Dokumenty\My Games\Knights and Merchants Remake\KaM Remake Server Settings.ini'
19:49:28.839     0,109s       6ms  12936    'Server settings' was successfully loaded from 'C:\Users\szyby\OneDrive\Dokumenty\My Games\Knights and Merchants Remake\KaM Remake Server Settings.ini'
19:49:28.844     0,115s       6ms  12936    Start saving 'Server settings' to 'C:\Users\szyby\OneDrive\Dokumenty\My Games\Knights and Merchants Remake\KaM Remake Server Settings.ini'
00b48178 KaM_Expansion.exe KM_Settings       106 TKMSettings.SaveToDefaultFile
00b4824b KaM_Expansion.exe KM_Settings       113 TKMSettings.SaveToDefaultFile
00b47e49 KaM_Expansion.exe KM_Settings        59 TKMSettings.Create
00c87748 KaM_Expansion.exe KM_ServerSettings 109 TKMServerSettings.Create
00d53850 KaM_Expansion.exe KM_GameApp        213 TKMGameApp.Create
00d53ca2 KaM_Expansion.exe KM_GameApp        295 TKMGameApp.Create
00d5f714 KaM_Expansion.exe KM_Main           636 TKMMain.ReinitRender
00d5f947 KaM_Expansion.exe KM_Main           691 TKMMain.ReinitRender
00d5e5b2 KaM_Expansion.exe KM_Main           282 TKMMain.Start
00d5e70b KaM_Expansion.exe KM_Main           306 TKMMain.Start
00fe0b2b KaM_Expansion.exe KaM_Expansion     480 initialization
00fe0b5a KaM_Expansion.exe KaM_Expansion     483 initialization
762b7ba7 KERNEL32.DLL                            BaseThreadInitThunk

19:49:28.858     0,128s      13ms  12936    'Server settings' was successfully saved to 'C:\Users\szyby\OneDrive\Dokumenty\My Games\Knights and Merchants Remake\KaM Remake Server Settings.ini'
19:49:28.864     0,135s       7ms  12936    Init Render started
19:49:29.014     0,285s     150ms  12936    GL_MAX_TEXTURE_SIZE = 32768
19:49:29.021     0,292s       7ms  12936    GL_MAX_VIEWPORT_DIM = 32768
                                      OpenGL Vendor: NVIDIA Corporation
                                      OpenGL Renderer: NVIDIA GeForce RTX 3060 Ti/PCIe/SSE2
                                      OpenGL Version: 4.6.0 NVIDIA 560.94
19:49:29.047     0,318s      26ms  12936    Init Render Done
19:49:29.054     0,325s       7ms  12936    Resource loading state - None
19:49:29.060     0,331s       6ms  12936    Reading palettes ... done
19:49:29.069     0,340s       9ms  12936    Reading GUI.rx
19:49:29.076     0,347s       7ms  12936    Load Sprites started
19:49:29.082     0,353s       6ms  12936    GUI - 966
19:49:29.103     0,374s      21ms  12936    Load Sprites Done
19:49:29.137     0,408s      34ms  12936    Reading GUIMain.rx
19:49:29.144     0,415s       7ms  12936    Load Sprites started
19:49:29.151     0,422s       7ms  12936    GUIMain - 105
19:49:29.201     0,472s      50ms  12936    Load Sprites Done
19:49:29.256     0,527s      54ms  12936    Reading Tileset.rx
19:49:29.263     0,533s       6ms  12936    Load Sprites started
19:49:29.271     0,541s       8ms  12936    Tileset - 5449
19:49:29.307     0,578s      37ms  12936    Load Sprites Done
19:49:29.314     0,584s       6ms  12936    GenerateTerrainTransitions started. Legacy = False
19:49:29.320     0,590s       6ms  12936    TexId = 5451 GenTilesCnt = 2100
19:49:29.326     0,597s       7ms  12936    TexId = 6051; TexId - fGenTexIdStartI = 600; uniqueTex = 600; totalTex = 1350
19:49:29.333     0,603s       6ms  12936    GeneratedMasks cnt = 20
19:49:29.339     0,609s       6ms  12936    GenerateTerrainTransitions Done
19:49:29.344     0,615s       6ms  12936    GenerateTerrainTransitions started. Legacy = True
19:49:29.351     0,622s       7ms  12936    Legacy: TexId = 4999 GenTilesCntTemp = 2030
19:49:29.357     0,627s       5ms  12936    TexId = 5463; TexId - fGenTexIdStartILegacy = 464; uniqueTex = 464; totalTex = 1044
19:49:29.363     0,634s       6ms  12936    GeneratedMasks cnt = 16
19:49:29.369     0,640s       6ms  12936    GenerateTerrainTransitions Done
19:49:29.474     0,745s     105ms  12936    Load font started
19:49:29.511     0,782s      37ms  12936    Font load took 37ms
19:49:29.518     0,789s       7ms  12936    Read fonts is done
19:49:29.536     0,807s      18ms  12936    ReadGFX is done
19:49:29.542     0,813s       6ms  12936    Resource loading state - Menu
19:49:29.549     0,820s       7ms  14944    OpenAL init started
19:49:30.163     1,434s     614ms  12936    Music init done, 24 tracks found
                                      Loading campaign images.rxx for HKS
19:49:30.193     1,464s      30ms  21440    Custom - 1
19:49:30.199     1,470s       6ms  14944    Pre-LoadSFX init ... done
19:49:30.206     1,477s       7ms  14944    ALC_MONO_SOURCES 255
19:49:30.212     1,483s       5ms  14944    ALC_STEREO_SOURCES 1
19:49:30.219     1,490s       7ms  12936    Main menu init done
19:49:30.226     1,497s       7ms  14944    OpenAL init done
                                      Loading campaign images.rxx for KSN
19:49:30.313     1,583s      86ms  21440    Custom - 1
                                      Loading campaign images.rxx for KSO
19:49:30.371     1,642s      59ms  21440    Custom - 1
                                      Loading campaign images.rxx for KSU
19:49:30.427     1,698s      56ms  21440    Custom - 1
                                      Loading campaign images.rxx for OFL
19:49:30.474     1,745s      47ms  21440    Custom - 1
                                      Loading campaign images.rxx for OER
19:49:30.513     1,784s      39ms  21440    Custom - 1
                                      Loading campaign images.rxx for TBK
19:49:30.546     1,817s      33ms  21440    Custom - 1
                                      Loading campaign images.rxx for TPR
19:49:30.598     1,868s      51ms  21440    Custom - 1
                                      Loading campaign images.rxx for TSK
19:49:30.635     1,906s      38ms  21440    Custom - 1
                                      Loading campaign images.rxx for TUA
19:49:30.667     1,937s      31ms  21440    Custom - 1
                                      Loading campaign images.rxx for TMR
19:49:30.807     2,078s     141ms  21440    Custom - 1
19:49:31.626     2,897s     819ms  12936    Check game folder 'E:\programowanie\projekty delphi\kam_expansion\' generic permissions: READ: granted; WRITE: granted; EXECUTE: granted; folder is writable: 
19:49:31.634     2,904s       7ms  12936    LoadGameResources ... AlphaShadows: True. Forced: True
19:49:31.640     2,910s       6ms  12936    TKMResSprites.LoadGameResources
19:49:31.647     2,918s       8ms  12936    [AsyncGameResLoader Thread] Started
19:49:31.654     2,924s       6ms  12936    Resource loading state - Game
19:49:31.660     2,930s       6ms  12936    ToggleFullscreen
19:49:31.666     2,937s       7ms  12936    Form Width/Height: 1040:759
19:49:31.673     2,943s       5ms  12936    Panel Width/Height: 1024:720
19:49:31.681     2,951s       8ms  12956    [AsyncGameResLoader Thread] RT = rxTrees Stage = lsLoad
19:49:31.689     2,960s       9ms  12956    [AsyncGameResLoader Thread] Start Load RXX 'Trees.rxx'
19:49:31.696     2,966s       6ms  12956    Load Sprites started
19:49:31.703     2,974s       8ms  12936    Saving dev settings to file 'kmr_dev.xml'
19:49:31.710     2,981s       7ms  12956    Trees - 1216
19:49:31.722     2,993s      12ms  12936    Saving dev settings to file 'kmr_dev.xml'
19:49:31.733     3,003s       9ms  12936    Game Load Done in 3024
19:49:31.841     3,112s     109ms  12956    Load Sprites Done
19:49:31.941     3,212s     100ms  12956    [AsyncGameResLoader Thread] DONE Load RXX 'Trees.rxa'
19:49:31.970     3,240s      16ms  12936    [AsyncGameResLoader MainTh] [UpdateStateIdle] GenTextures RT = rxTrees Stage = lsGenMain
19:49:31.984     3,254s      14ms  12936    [AsyncGameResLoader MainTh] [UpdateStateIdle] DONE
19:49:31.991     3,261s       7ms  12956    [AsyncGameResLoader Thread] RT = rxTrees Stage = lsOverload
19:49:31.998     3,268s       7ms  12956    [AsyncGameResLoader Thread] OverloadFromFolder RT = rxTrees
19:49:32.010     3,281s      13ms  12956    [AsyncGameResLoader Thread] DONE OverloadFromFolder RT = rxTrees
19:49:32.018     3,288s       7ms  12936    [AsyncGameResLoader MainTh] [UpdateStateIdle] GenTextures RT = rxTrees Stage = lsGenOverload
19:49:32.023     3,294s       6ms  12936    [AsyncGameResLoader MainTh] [UpdateStateIdle] DONE
19:49:32.031     3,302s       8ms  12956    [AsyncGameResLoader Thread] RT = rxHouses Stage = lsLoad
19:49:32.038     3,308s       6ms  12956    [AsyncGameResLoader Thread] Start Load RXX 'Houses.rxx'
19:49:32.044     3,315s       7ms  12956    Load Sprites started
19:49:32.051     3,322s       7ms  12956    Houses - 2709
19:49:32.231     3,502s     180ms  12956    Load Sprites Done
19:49:32.369     3,640s     138ms  12956    [AsyncGameResLoader Thread] DONE Load RXX 'Houses.rxa'
19:49:32.386     3,656s      16ms  12936    [AsyncGameResLoader MainTh] [UpdateStateIdle] GenTextures RT = rxHouses Stage = lsGenMain
19:49:32.409     3,680s      24ms  12936    [AsyncGameResLoader MainTh] [UpdateStateIdle] DONE
19:49:32.418     3,688s       8ms  12956    [AsyncGameResLoader Thread] RT = rxHouses Stage = lsOverload
19:49:32.423     3,694s       6ms  12956    [AsyncGameResLoader Thread] OverloadFromFolder RT = rxHouses
19:49:32.536     3,806s     112ms  12956    [AsyncGameResLoader Thread] DONE OverloadFromFolder RT = rxHouses
19:49:32.547     3,818s      12ms  12936    [AsyncGameResLoader MainTh] [UpdateStateIdle] GenTextures RT = rxHouses Stage = lsGenOverload
19:49:32.554     3,824s       6ms  12936    [AsyncGameResLoader MainTh] [UpdateStateIdle] DONE
19:49:32.561     3,832s       8ms  12956    [AsyncGameResLoader Thread] RT = rxUnits Stage = lsLoad
19:49:32.567     3,838s       6ms  12956    [AsyncGameResLoader Thread] Start Load RXX 'Units.rxx'
19:49:32.574     3,846s       7ms  12956    Load Sprites started
19:49:32.581     3,852s       6ms  12956    Units - 14845
19:49:33.129     4,400s     548ms  12936    Stopping game application...
19:49:33.136     4,407s       7ms  12936    Start saving 'Server settings' to 'C:\Users\szyby\OneDrive\Dokumenty\My Games\Knights and Merchants Remake\KaM Remake Server Settings.ini'
00b48178 KaM_Expansion.exe KM_Settings           106 TKMSettings.SaveToDefaultFile
00b4824b KaM_Expansion.exe KM_Settings           113 TKMSettings.SaveToDefaultFile
00b47e84 KaM_Expansion.exe KM_Settings            65 TKMSettings.Destroy
00c8778e KaM_Expansion.exe KM_ServerSettings     117 TKMServerSettings.Destroy
005aa764 KaM_Expansion.exe System                 23 TObject.Free
00878fbc KaM_Expansion.exe KromUtils             281 FreeThenNil
00d53eff KaM_Expansion.exe KM_GameApp            330 TKMGameApp.Destroy
005aa764 KaM_Expansion.exe System                 23 TObject.Free
00878fbc KaM_Expansion.exe KromUtils             281 FreeThenNil
00d5eb2d KaM_Expansion.exe KM_Main               377 TKMMain.Stop
00d5ec0c KaM_Expansion.exe KM_Main               406 TKMMain.Stop
00c996e2 KaM_Expansion.exe KM_GUIMenuMain        123 TKMMenuMain.ButtonClick
00c99702 KaM_Expansion.exe KM_GUIMenuMain        124 TKMMenuMain.ButtonClick
00f64ff1 KaM_Expansion.exe KM_Controls          1242 TKMControl.DoClick
00f635f4 KaM_Expansion.exe KM_Controls           690 TKMControl.MouseUp
00f5b61e KaM_Expansion.exe KM_ControlsBase       805 TKMButton.MouseUp
00f676e5 KaM_Expansion.exe KM_Controls          2274 TKMMasterControl.MouseUp
00d383bd KaM_Expansion.exe KM_InterfaceMainMenu  479 TKMMainMenuInterface.MouseUp
00d54ace KaM_Expansion.exe KM_GameApp            559 TKMGameApp.MouseUp
00fc4a4d KaM_Expansion.exe KM_FormMain           697 TFormMain.RenderAreaMouseUp

19:49:33.153     4,424s      17ms  12936    'Server settings' was successfully saved to 'C:\Users\szyby\OneDrive\Dokumenty\My Games\Knights and Merchants Remake\KaM Remake Server Settings.ini'
19:49:33.385     4,656s     232ms  12956    Load Sprites Done
19:49:33.392     4,663s       7ms  12936    [AsyncGameResLoader Thread] Stopped
19:49:33.614     4,885s     222ms  12936    Start saving 'GameApp settings' to 'C:\Users\szyby\OneDrive\Dokumenty\My Games\Knights and Merchants Remake\KaM Remake Settings KingDyronMod.xml'
00b48178 KaM_Expansion.exe KM_Settings           106 TKMSettings.SaveToDefaultFile
00b4824b KaM_Expansion.exe KM_Settings           113 TKMSettings.SaveToDefaultFile
00b47e84 KaM_Expansion.exe KM_Settings            65 TKMSettings.Destroy
00b485de KaM_Expansion.exe KM_SettingsXML         44 TKMSettingsXML.Destroy
00b4890a KaM_Expansion.exe KM_GameAppSettings     57 TKMGameAppSettings.Destroy
005aa764 KaM_Expansion.exe System                 23 TObject.Free
00878fbc KaM_Expansion.exe KromUtils             281 FreeThenNil
00d5eb37 KaM_Expansion.exe KM_Main               379 TKMMain.Stop
00d5ec0c KaM_Expansion.exe KM_Main               406 TKMMain.Stop
00c996e2 KaM_Expansion.exe KM_GUIMenuMain        123 TKMMenuMain.ButtonClick
00c99702 KaM_Expansion.exe KM_GUIMenuMain        124 TKMMenuMain.ButtonClick
00f64ff1 KaM_Expansion.exe KM_Controls          1242 TKMControl.DoClick
00f635f4 KaM_Expansion.exe KM_Controls           690 TKMControl.MouseUp
00f5b61e KaM_Expansion.exe KM_ControlsBase       805 TKMButton.MouseUp
00f676e5 KaM_Expansion.exe KM_Controls          2274 TKMMasterControl.MouseUp
00d383bd KaM_Expansion.exe KM_InterfaceMainMenu  479 TKMMainMenuInterface.MouseUp
00d54ace KaM_Expansion.exe KM_GameApp            559 TKMGameApp.MouseUp
00fc4a4d KaM_Expansion.exe KM_FormMain           697 TFormMain.RenderAreaMouseUp
00773644 KaM_Expansion.exe Vcl.Controls              TControl.MouseUp
00773684 KaM_Expansion.exe Vcl.Controls              TControl.DoMouseUp

19:49:33.629     4,899s      14ms  12936    'GameApp settings' was successfully saved to 'C:\Users\szyby\OneDrive\Dokumenty\My Games\Knights and Merchants Remake\KaM Remake Settings KingDyronMod.xml'
